2022-04-07 18:00:42.173 INFO  [acme.Launcher@main] Starting Launcher using Java 1.8.0_221 on LAPTOP-3FUPSK0H with PID 13984 (C:\Users\34657\Desktop\Workspace-22.0\Frameworks\Acme-Framework-22.3\target\classes started by 34657 in C:\Users\34657\Desktop\Workspace-22.0\Starters\Acme-One) 
2022-04-07 18:00:42.175 DEBUG [acme.Launcher@main] Running with Spring Boot v2.4.2, Spring v5.3.3 
2022-04-07 18:00:42.179 INFO  [acme.Launcher@main] The following profiles are active: development,default 
2022-04-07 18:00:45.860 DEBUG [org.apache.jasper.servlet.JasperInitializer@main] Initializing Jasper for context [application] 
2022-04-07 18:00:51.381 DEBUG [org.apache.jasper.servlet.JspServlet@main] Scratch dir for the JSP engine is: [C:\Users\34657\AppData\Local\Temp\tomcat.8080.5270363295130777715\work\Tomcat\localhost\acme-one-2.0] 
2022-04-07 18:00:51.383 DEBUG [org.apache.jasper.servlet.JspServlet@main] IMPORTANT: Do not modify the generated servlets 
2022-04-07 18:00:51.408 INFO  [acme.Launcher@main] Started Launcher in 10.092 seconds (JVM running for 10.827) 
2022-04-07 18:00:51.415 DEBUG [acme.Launcher@main] Found classpath entry '/C:/Users/34657/Desktop/Workspace-22.0/Starters/Acme-One/target/test-classes/' 
2022-04-07 18:00:51.416 DEBUG [acme.Launcher@main] Found classpath entry '/C:/Users/34657/Desktop/Workspace-22.0/Starters/Acme-One/target/classes/' 
2022-04-07 18:00:51.416 DEBUG [acme.Launcher@main] Found classpath entry '/C:/Users/34657/Desktop/Workspace-22.0/Frameworks/Acme-Framework-22.3/target/classes/' 
2022-04-07 18:00:51.416 DEBUG [acme.Launcher@main] Found classpath entry '/C:/Users/34657/Desktop/Workspace-22.0/Frameworks/Acme-Framework-22.3/target/test-classes/' 
2022-04-07 18:00:51.416 DEBUG [acme.Launcher@main] Found classpath entry '/C:/Users/34657/.m2/repository/org/springframework/boot/spring-boot-starter-tomcat/2.4.2/spring-boot-starter-tomcat-2.4.2.jar' 
2022-04-07 18:00:51.416 DEBUG [acme.Launcher@main] Found classpath entry '/C:/Users/34657/.m2/repository/jakarta/annotation/jakarta.annotation-api/1.3.5/jakarta.annotation-api-1.3.5.jar' 
2022-04-07 18:00:51.417 DEBUG [acme.Launcher@main] Found classpath entry '/C:/Users/34657/.m2/repository/org/apache/tomcat/embed/tomcat-embed-core/9.0.41/tomcat-embed-core-9.0.41.jar' 
2022-04-07 18:00:51.417 DEBUG [acme.Launcher@main] Found classpath entry '/C:/Users/34657/.m2/repository/org/glassfish/jakarta.el/3.0.3/jakarta.el-3.0.3.jar' 
2022-04-07 18:00:51.417 DEBUG [acme.Launcher@main] Found classpath entry '/C:/Users/34657/.m2/repository/org/apache/tomcat/embed/tomcat-embed-websocket/9.0.41/tomcat-embed-websocket-9.0.41.jar' 
2022-04-07 18:00:51.417 DEBUG [acme.Launcher@main] Found classpath entry '/C:/Users/34657/.m2/repository/org/apache/tomcat/embed/tomcat-embed-jasper/9.0.41/tomcat-embed-jasper-9.0.41.jar' 
2022-04-07 18:00:51.418 DEBUG [acme.Launcher@main] Found classpath entry '/C:/Users/34657/.m2/repository/org/apache/tomcat/embed/tomcat-embed-el/9.0.41/tomcat-embed-el-9.0.41.jar' 
2022-04-07 18:00:51.418 DEBUG [acme.Launcher@main] Found classpath entry '/C:/Users/34657/.m2/repository/org/eclipse/jdt/ecj/3.18.0/ecj-3.18.0.jar' 
2022-04-07 18:00:51.418 DEBUG [acme.Launcher@main] Found classpath entry '/C:/Users/34657/.m2/repository/javax/servlet/jstl/1.2/jstl-1.2.jar' 
2022-04-07 18:00:51.418 DEBUG [acme.Launcher@main] Found classpath entry '/C:/Users/34657/.m2/repository/org/springframework/boot/spring-boot-starter-test/2.4.2/spring-boot-starter-test-2.4.2.jar' 
2022-04-07 18:00:51.418 DEBUG [acme.Launcher@main] Found classpath entry '/C:/Users/34657/.m2/repository/org/springframework/boot/spring-boot-starter/2.4.2/spring-boot-starter-2.4.2.jar' 
2022-04-07 18:00:51.418 DEBUG [acme.Launcher@main] Found classpath entry '/C:/Users/34657/.m2/repository/org/springframework/boot/spring-boot/2.4.2/spring-boot-2.4.2.jar' 
2022-04-07 18:00:51.419 DEBUG [acme.Launcher@main] Found classpath entry '/C:/Users/34657/.m2/repository/org/springframework/boot/spring-boot-autoconfigure/2.4.2/spring-boot-autoconfigure-2.4.2.jar' 
2022-04-07 18:00:51.420 DEBUG [acme.Launcher@main] Found classpath entry '/C:/Users/34657/.m2/repository/org/springframework/boot/spring-boot-starter-logging/2.4.2/spring-boot-starter-logging-2.4.2.jar' 
2022-04-07 18:00:51.420 DEBUG [acme.Launcher@main] Found classpath entry '/C:/Users/34657/.m2/repository/ch/qos/logback/logback-classic/1.2.3/logback-classic-1.2.3.jar' 
2022-04-07 18:00:51.420 DEBUG [acme.Launcher@main] Found classpath entry '/C:/Users/34657/.m2/repository/ch/qos/logback/logback-core/1.2.3/logback-core-1.2.3.jar' 
2022-04-07 18:00:51.420 DEBUG [acme.Launcher@main] Found classpath entry '/C:/Users/34657/.m2/repository/org/apache/logging/log4j/log4j-to-slf4j/2.13.3/log4j-to-slf4j-2.13.3.jar' 
2022-04-07 18:00:51.421 DEBUG [acme.Launcher@main] Found classpath entry '/C:/Users/34657/.m2/repository/org/apache/logging/log4j/log4j-api/2.13.3/log4j-api-2.13.3.jar' 
2022-04-07 18:00:51.421 DEBUG [acme.Launcher@main] Found classpath entry '/C:/Users/34657/.m2/repository/org/slf4j/jul-to-slf4j/1.7.30/jul-to-slf4j-1.7.30.jar' 
2022-04-07 18:00:51.421 DEBUG [acme.Launcher@main] Found classpath entry '/C:/Users/34657/.m2/repository/org/yaml/snakeyaml/1.27/snakeyaml-1.27.jar' 
2022-04-07 18:00:51.421 DEBUG [acme.Launcher@main] Found classpath entry '/C:/Users/34657/.m2/repository/org/springframework/boot/spring-boot-test/2.4.2/spring-boot-test-2.4.2.jar' 
2022-04-07 18:00:51.421 DEBUG [acme.Launcher@main] Found classpath entry '/C:/Users/34657/.m2/repository/org/springframework/boot/spring-boot-test-autoconfigure/2.4.2/spring-boot-test-autoconfigure-2.4.2.jar' 
2022-04-07 18:00:51.421 DEBUG [acme.Launcher@main] Found classpath entry '/C:/Users/34657/.m2/repository/com/jayway/jsonpath/json-path/2.4.0/json-path-2.4.0.jar' 
2022-04-07 18:00:51.421 DEBUG [acme.Launcher@main] Found classpath entry '/C:/Users/34657/.m2/repository/net/minidev/json-smart/2.3/json-smart-2.3.jar' 
2022-04-07 18:00:51.422 DEBUG [acme.Launcher@main] Found classpath entry '/C:/Users/34657/.m2/repository/net/minidev/accessors-smart/1.2/accessors-smart-1.2.jar' 
2022-04-07 18:00:51.422 DEBUG [acme.Launcher@main] Found classpath entry '/C:/Users/34657/.m2/repository/org/ow2/asm/asm/5.0.4/asm-5.0.4.jar' 
2022-04-07 18:00:51.423 DEBUG [acme.Launcher@main] Found classpath entry '/C:/Users/34657/.m2/repository/jakarta/xml/bind/jakarta.xml.bind-api/2.3.3/jakarta.xml.bind-api-2.3.3.jar' 
2022-04-07 18:00:51.423 DEBUG [acme.Launcher@main] Found classpath entry '/C:/Users/34657/.m2/repository/jakarta/activation/jakarta.activation-api/1.2.2/jakarta.activation-api-1.2.2.jar' 
2022-04-07 18:00:51.424 DEBUG [acme.Launcher@main] Found classpath entry '/C:/Users/34657/.m2/repository/org/assertj/assertj-core/3.18.1/assertj-core-3.18.1.jar' 
2022-04-07 18:00:51.425 DEBUG [acme.Launcher@main] Found classpath entry '/C:/Users/34657/.m2/repository/org/hamcrest/hamcrest/2.2/hamcrest-2.2.jar' 
2022-04-07 18:00:51.425 DEBUG [acme.Launcher@main] Found classpath entry '/C:/Users/34657/.m2/repository/org/junit/jupiter/junit-jupiter/5.7.0/junit-jupiter-5.7.0.jar' 
2022-04-07 18:00:51.425 DEBUG [acme.Launcher@main] Found classpath entry '/C:/Users/34657/.m2/repository/org/mockito/mockito-core/3.6.28/mockito-core-3.6.28.jar' 
2022-04-07 18:00:51.426 DEBUG [acme.Launcher@main] Found classpath entry '/C:/Users/34657/.m2/repository/net/bytebuddy/byte-buddy-agent/1.10.19/byte-buddy-agent-1.10.19.jar' 
2022-04-07 18:00:51.426 DEBUG [acme.Launcher@main] Found classpath entry '/C:/Users/34657/.m2/repository/org/objenesis/objenesis/3.1/objenesis-3.1.jar' 
2022-04-07 18:00:51.426 DEBUG [acme.Launcher@main] Found classpath entry '/C:/Users/34657/.m2/repository/org/mockito/mockito-junit-jupiter/3.6.28/mockito-junit-jupiter-3.6.28.jar' 
2022-04-07 18:00:51.426 DEBUG [acme.Launcher@main] Found classpath entry '/C:/Users/34657/.m2/repository/org/skyscreamer/jsonassert/1.5.0/jsonassert-1.5.0.jar' 
2022-04-07 18:00:51.426 DEBUG [acme.Launcher@main] Found classpath entry '/C:/Users/34657/.m2/repository/com/vaadin/external/google/android-json/0.0.20131108.vaadin1/android-json-0.0.20131108.vaadin1.jar' 
2022-04-07 18:00:51.427 DEBUG [acme.Launcher@main] Found classpath entry '/C:/Users/34657/.m2/repository/org/springframework/spring-core/5.3.3/spring-core-5.3.3.jar' 
2022-04-07 18:00:51.427 DEBUG [acme.Launcher@main] Found classpath entry '/C:/Users/34657/.m2/repository/org/springframework/spring-jcl/5.3.3/spring-jcl-5.3.3.jar' 
2022-04-07 18:00:51.427 DEBUG [acme.Launcher@main] Found classpath entry '/C:/Users/34657/.m2/repository/org/springframework/spring-test/5.3.3/spring-test-5.3.3.jar' 
2022-04-07 18:00:51.427 DEBUG [acme.Launcher@main] Found classpath entry '/C:/Users/34657/.m2/repository/org/xmlunit/xmlunit-core/2.7.0/xmlunit-core-2.7.0.jar' 
2022-04-07 18:00:51.427 DEBUG [acme.Launcher@main] Found classpath entry '/C:/Users/34657/.m2/repository/org/springframework/boot/spring-boot-starter-security/2.4.2/spring-boot-starter-security-2.4.2.jar' 
2022-04-07 18:00:51.427 DEBUG [acme.Launcher@main] Found classpath entry '/C:/Users/34657/.m2/repository/org/springframework/spring-aop/5.3.3/spring-aop-5.3.3.jar' 
2022-04-07 18:00:51.427 DEBUG [acme.Launcher@main] Found classpath entry '/C:/Users/34657/.m2/repository/org/springframework/security/spring-security-web/5.4.2/spring-security-web-5.4.2.jar' 
2022-04-07 18:00:51.428 DEBUG [acme.Launcher@main] Found classpath entry '/C:/Users/34657/.m2/repository/org/springframework/security/spring-security-core/5.4.2/spring-security-core-5.4.2.jar' 
2022-04-07 18:00:51.428 DEBUG [acme.Launcher@main] Found classpath entry '/C:/Users/34657/.m2/repository/org/springframework/spring-beans/5.3.3/spring-beans-5.3.3.jar' 
2022-04-07 18:00:51.428 DEBUG [acme.Launcher@main] Found classpath entry '/C:/Users/34657/.m2/repository/org/springframework/spring-context/5.3.3/spring-context-5.3.3.jar' 
2022-04-07 18:00:51.428 DEBUG [acme.Launcher@main] Found classpath entry '/C:/Users/34657/.m2/repository/org/springframework/spring-expression/5.3.3/spring-expression-5.3.3.jar' 
2022-04-07 18:00:51.429 DEBUG [acme.Launcher@main] Found classpath entry '/C:/Users/34657/.m2/repository/org/springframework/spring-web/5.3.3/spring-web-5.3.3.jar' 
2022-04-07 18:00:51.430 DEBUG [acme.Launcher@main] Found classpath entry '/C:/Users/34657/.m2/repository/org/springframework/security/spring-security-config/5.4.2/spring-security-config-5.4.2.jar' 
2022-04-07 18:00:51.430 DEBUG [acme.Launcher@main] Found classpath entry '/C:/Users/34657/.m2/repository/org/springframework/security/spring-security-taglibs/5.4.2/spring-security-taglibs-5.4.2.jar' 
2022-04-07 18:00:51.430 DEBUG [acme.Launcher@main] Found classpath entry '/C:/Users/34657/.m2/repository/org/springframework/security/spring-security-acl/5.4.2/spring-security-acl-5.4.2.jar' 
2022-04-07 18:00:51.430 DEBUG [acme.Launcher@main] Found classpath entry '/C:/Users/34657/.m2/repository/org/springframework/spring-jdbc/5.3.3/spring-jdbc-5.3.3.jar' 
2022-04-07 18:00:51.430 DEBUG [acme.Launcher@main] Found classpath entry '/C:/Users/34657/.m2/repository/org/springframework/spring-tx/5.3.3/spring-tx-5.3.3.jar' 
2022-04-07 18:00:51.431 DEBUG [acme.Launcher@main] Found classpath entry '/C:/Users/34657/.m2/repository/org/springframework/boot/spring-boot-starter-web/2.4.2/spring-boot-starter-web-2.4.2.jar' 
2022-04-07 18:00:51.431 DEBUG [acme.Launcher@main] Found classpath entry '/C:/Users/34657/.m2/repository/org/springframework/boot/spring-boot-starter-json/2.4.2/spring-boot-starter-json-2.4.2.jar' 
2022-04-07 18:00:51.431 DEBUG [acme.Launcher@main] Found classpath entry '/C:/Users/34657/.m2/repository/com/fasterxml/jackson/core/jackson-databind/2.11.4/jackson-databind-2.11.4.jar' 
2022-04-07 18:00:51.431 DEBUG [acme.Launcher@main] Found classpath entry '/C:/Users/34657/.m2/repository/com/fasterxml/jackson/core/jackson-annotations/2.11.4/jackson-annotations-2.11.4.jar' 
2022-04-07 18:00:51.432 DEBUG [acme.Launcher@main] Found classpath entry '/C:/Users/34657/.m2/repository/com/fasterxml/jackson/core/jackson-core/2.11.4/jackson-core-2.11.4.jar' 
2022-04-07 18:00:51.432 DEBUG [acme.Launcher@main] Found classpath entry '/C:/Users/34657/.m2/repository/com/fasterxml/jackson/datatype/jackson-datatype-jdk8/2.11.4/jackson-datatype-jdk8-2.11.4.jar' 
2022-04-07 18:00:51.432 DEBUG [acme.Launcher@main] Found classpath entry '/C:/Users/34657/.m2/repository/com/fasterxml/jackson/datatype/jackson-datatype-jsr310/2.11.4/jackson-datatype-jsr310-2.11.4.jar' 
2022-04-07 18:00:51.433 DEBUG [acme.Launcher@main] Found classpath entry '/C:/Users/34657/.m2/repository/com/fasterxml/jackson/module/jackson-module-parameter-names/2.11.4/jackson-module-parameter-names-2.11.4.jar' 
2022-04-07 18:00:51.433 DEBUG [acme.Launcher@main] Found classpath entry '/C:/Users/34657/.m2/repository/org/springframework/spring-webmvc/5.3.3/spring-webmvc-5.3.3.jar' 
2022-04-07 18:00:51.433 DEBUG [acme.Launcher@main] Found classpath entry '/C:/Users/34657/.m2/repository/org/apache/tiles/tiles-jsp/3.0.8/tiles-jsp-3.0.8.jar' 
2022-04-07 18:00:51.433 DEBUG [acme.Launcher@main] Found classpath entry '/C:/Users/34657/.m2/repository/org/apache/tiles/tiles-servlet/3.0.8/tiles-servlet-3.0.8.jar' 
2022-04-07 18:00:51.436 DEBUG [acme.Launcher@main] Found classpath entry '/C:/Users/34657/.m2/repository/org/apache/tiles/tiles-core/3.0.8/tiles-core-3.0.8.jar' 
2022-04-07 18:00:51.436 DEBUG [acme.Launcher@main] Found classpath entry '/C:/Users/34657/.m2/repository/commons-digester/commons-digester/2.0/commons-digester-2.0.jar' 
2022-04-07 18:00:51.437 DEBUG [acme.Launcher@main] Found classpath entry '/C:/Users/34657/.m2/repository/org/slf4j/jcl-over-slf4j/1.7.30/jcl-over-slf4j-1.7.30.jar' 
2022-04-07 18:00:51.437 DEBUG [acme.Launcher@main] Found classpath entry '/C:/Users/34657/.m2/repository/org/apache/tiles/tiles-request-servlet/1.0.7/tiles-request-servlet-1.0.7.jar' 
2022-04-07 18:00:51.438 DEBUG [acme.Launcher@main] Found classpath entry '/C:/Users/34657/.m2/repository/org/apache/tiles/tiles-template/3.0.8/tiles-template-3.0.8.jar' 
2022-04-07 18:00:51.438 DEBUG [acme.Launcher@main] Found classpath entry '/C:/Users/34657/.m2/repository/org/apache/tiles/tiles-api/3.0.8/tiles-api-3.0.8.jar' 
2022-04-07 18:00:51.438 DEBUG [acme.Launcher@main] Found classpath entry '/C:/Users/34657/.m2/repository/org/apache/tiles/tiles-autotag-core-runtime/1.2/tiles-autotag-core-runtime-1.2.jar' 
2022-04-07 18:00:51.439 DEBUG [acme.Launcher@main] Found classpath entry '/C:/Users/34657/.m2/repository/org/slf4j/slf4j-api/1.7.30/slf4j-api-1.7.30.jar' 
2022-04-07 18:00:51.439 DEBUG [acme.Launcher@main] Found classpath entry '/C:/Users/34657/.m2/repository/org/apache/tiles/tiles-request-jsp/1.0.7/tiles-request-jsp-1.0.7.jar' 
2022-04-07 18:00:51.439 DEBUG [acme.Launcher@main] Found classpath entry '/C:/Users/34657/.m2/repository/org/apache/tiles/tiles-request-api/1.0.7/tiles-request-api-1.0.7.jar' 
2022-04-07 18:00:51.439 DEBUG [acme.Launcher@main] Found classpath entry '/C:/Users/34657/.m2/repository/org/springframework/boot/spring-boot-starter-data-jpa/2.4.2/spring-boot-starter-data-jpa-2.4.2.jar' 
2022-04-07 18:00:51.439 DEBUG [acme.Launcher@main] Found classpath entry '/C:/Users/34657/.m2/repository/org/springframework/boot/spring-boot-starter-aop/2.4.2/spring-boot-starter-aop-2.4.2.jar' 
2022-04-07 18:00:51.440 DEBUG [acme.Launcher@main] Found classpath entry '/C:/Users/34657/.m2/repository/org/aspectj/aspectjweaver/1.9.6/aspectjweaver-1.9.6.jar' 
2022-04-07 18:00:51.440 DEBUG [acme.Launcher@main] Found classpath entry '/C:/Users/34657/.m2/repository/org/springframework/boot/spring-boot-starter-jdbc/2.4.2/spring-boot-starter-jdbc-2.4.2.jar' 
2022-04-07 18:00:51.440 DEBUG [acme.Launcher@main] Found classpath entry '/C:/Users/34657/.m2/repository/jakarta/transaction/jakarta.transaction-api/1.3.3/jakarta.transaction-api-1.3.3.jar' 
2022-04-07 18:00:51.440 DEBUG [acme.Launcher@main] Found classpath entry '/C:/Users/34657/.m2/repository/jakarta/persistence/jakarta.persistence-api/2.2.3/jakarta.persistence-api-2.2.3.jar' 
2022-04-07 18:00:51.440 DEBUG [acme.Launcher@main] Found classpath entry '/C:/Users/34657/.m2/repository/org/hibernate/hibernate-core/5.4.27.Final/hibernate-core-5.4.27.Final.jar' 
2022-04-07 18:00:51.440 DEBUG [acme.Launcher@main] Found classpath entry '/C:/Users/34657/.m2/repository/org/jboss/logging/jboss-logging/3.4.1.Final/jboss-logging-3.4.1.Final.jar' 
2022-04-07 18:00:51.440 DEBUG [acme.Launcher@main] Found classpath entry '/C:/Users/34657/.m2/repository/org/javassist/javassist/3.27.0-GA/javassist-3.27.0-GA.jar' 
2022-04-07 18:00:51.440 DEBUG [acme.Launcher@main] Found classpath entry '/C:/Users/34657/.m2/repository/antlr/antlr/2.7.7/antlr-2.7.7.jar' 
2022-04-07 18:00:51.441 DEBUG [acme.Launcher@main] Found classpath entry '/C:/Users/34657/.m2/repository/org/jboss/jandex/2.1.3.Final/jandex-2.1.3.Final.jar' 
2022-04-07 18:00:51.441 DEBUG [acme.Launcher@main] Found classpath entry '/C:/Users/34657/.m2/repository/com/fasterxml/classmate/1.5.1/classmate-1.5.1.jar' 
2022-04-07 18:00:51.441 DEBUG [acme.Launcher@main] Found classpath entry '/C:/Users/34657/.m2/repository/org/dom4j/dom4j/2.1.3/dom4j-2.1.3.jar' 
2022-04-07 18:00:51.441 DEBUG [acme.Launcher@main] Found classpath entry '/C:/Users/34657/.m2/repository/org/hibernate/common/hibernate-commons-annotations/5.1.2.Final/hibernate-commons-annotations-5.1.2.Final.jar' 
2022-04-07 18:00:51.441 DEBUG [acme.Launcher@main] Found classpath entry '/C:/Users/34657/.m2/repository/org/glassfish/jaxb/jaxb-runtime/2.3.3/jaxb-runtime-2.3.3.jar' 
2022-04-07 18:00:51.441 DEBUG [acme.Launcher@main] Found classpath entry '/C:/Users/34657/.m2/repository/org/glassfish/jaxb/txw2/2.3.3/txw2-2.3.3.jar' 
2022-04-07 18:00:51.441 DEBUG [acme.Launcher@main] Found classpath entry '/C:/Users/34657/.m2/repository/com/sun/istack/istack-commons-runtime/3.0.11/istack-commons-runtime-3.0.11.jar' 
2022-04-07 18:00:51.441 DEBUG [acme.Launcher@main] Found classpath entry '/C:/Users/34657/.m2/repository/com/sun/activation/jakarta.activation/1.2.2/jakarta.activation-1.2.2.jar' 
2022-04-07 18:00:51.441 DEBUG [acme.Launcher@main] Found classpath entry '/C:/Users/34657/.m2/repository/org/springframework/data/spring-data-jpa/2.4.3/spring-data-jpa-2.4.3.jar' 
2022-04-07 18:00:51.442 DEBUG [acme.Launcher@main] Found classpath entry '/C:/Users/34657/.m2/repository/org/springframework/data/spring-data-commons/2.4.3/spring-data-commons-2.4.3.jar' 
2022-04-07 18:00:51.442 DEBUG [acme.Launcher@main] Found classpath entry '/C:/Users/34657/.m2/repository/org/springframework/spring-orm/5.3.3/spring-orm-5.3.3.jar' 
2022-04-07 18:00:51.442 DEBUG [acme.Launcher@main] Found classpath entry '/C:/Users/34657/.m2/repository/org/springframework/spring-aspects/5.3.3/spring-aspects-5.3.3.jar' 
2022-04-07 18:00:51.442 DEBUG [acme.Launcher@main] Found classpath entry '/C:/Users/34657/.m2/repository/org/springframework/boot/spring-boot-starter-validation/2.4.2/spring-boot-starter-validation-2.4.2.jar' 
2022-04-07 18:00:51.442 DEBUG [acme.Launcher@main] Found classpath entry '/C:/Users/34657/.m2/repository/org/hibernate/validator/hibernate-validator/6.1.7.Final/hibernate-validator-6.1.7.Final.jar' 
2022-04-07 18:00:51.442 DEBUG [acme.Launcher@main] Found classpath entry '/C:/Users/34657/.m2/repository/jakarta/validation/jakarta.validation-api/2.0.2/jakarta.validation-api-2.0.2.jar' 
2022-04-07 18:00:51.443 DEBUG [acme.Launcher@main] Found classpath entry '/C:/Users/34657/.m2/repository/mysql/mysql-connector-java/8.0.22/mysql-connector-java-8.0.22.jar' 
2022-04-07 18:00:51.443 DEBUG [acme.Launcher@main] Found classpath entry '/C:/Users/34657/.m2/repository/com/zaxxer/HikariCP/3.4.5/HikariCP-3.4.5.jar' 
2022-04-07 18:00:51.443 DEBUG [acme.Launcher@main] Found classpath entry '/C:/Users/34657/.m2/repository/org/junit/jupiter/junit-jupiter-engine/5.7.0/junit-jupiter-engine-5.7.0.jar' 
2022-04-07 18:00:51.443 DEBUG [acme.Launcher@main] Found classpath entry '/C:/Users/34657/.m2/repository/org/apiguardian/apiguardian-api/1.1.0/apiguardian-api-1.1.0.jar' 
2022-04-07 18:00:51.444 DEBUG [acme.Launcher@main] Found classpath entry '/C:/Users/34657/.m2/repository/org/junit/platform/junit-platform-engine/1.7.0/junit-platform-engine-1.7.0.jar' 
2022-04-07 18:00:51.444 DEBUG [acme.Launcher@main] Found classpath entry '/C:/Users/34657/.m2/repository/org/junit/jupiter/junit-jupiter-api/5.7.0/junit-jupiter-api-5.7.0.jar' 
2022-04-07 18:00:51.444 DEBUG [acme.Launcher@main] Found classpath entry '/C:/Users/34657/.m2/repository/org/opentest4j/opentest4j/1.2.0/opentest4j-1.2.0.jar' 
2022-04-07 18:00:51.444 DEBUG [acme.Launcher@main] Found classpath entry '/C:/Users/34657/.m2/repository/org/junit/platform/junit-platform-commons/1.7.0/junit-platform-commons-1.7.0.jar' 
2022-04-07 18:00:51.444 DEBUG [acme.Launcher@main] Found classpath entry '/C:/Users/34657/.m2/repository/org/junit/jupiter/junit-jupiter-params/5.7.0/junit-jupiter-params-5.7.0.jar' 
2022-04-07 18:00:51.444 DEBUG [acme.Launcher@main] Found classpath entry '/C:/Users/34657/.m2/repository/org/junit/platform/junit-platform-launcher/1.7.0/junit-platform-launcher-1.7.0.jar' 
2022-04-07 18:00:51.444 DEBUG [acme.Launcher@main] Found classpath entry '/C:/Users/34657/.m2/repository/org/seleniumhq/selenium/selenium-java/3.141.59/selenium-java-3.141.59.jar' 
2022-04-07 18:00:51.444 DEBUG [acme.Launcher@main] Found classpath entry '/C:/Users/34657/.m2/repository/org/seleniumhq/selenium/selenium-api/3.141.59/selenium-api-3.141.59.jar' 
2022-04-07 18:00:51.445 DEBUG [acme.Launcher@main] Found classpath entry '/C:/Users/34657/.m2/repository/org/seleniumhq/selenium/selenium-chrome-driver/3.141.59/selenium-chrome-driver-3.141.59.jar' 
2022-04-07 18:00:51.445 DEBUG [acme.Launcher@main] Found classpath entry '/C:/Users/34657/.m2/repository/org/seleniumhq/selenium/selenium-edge-driver/3.141.59/selenium-edge-driver-3.141.59.jar' 
2022-04-07 18:00:51.445 DEBUG [acme.Launcher@main] Found classpath entry '/C:/Users/34657/.m2/repository/org/seleniumhq/selenium/selenium-firefox-driver/3.141.59/selenium-firefox-driver-3.141.59.jar' 
2022-04-07 18:00:51.445 DEBUG [acme.Launcher@main] Found classpath entry '/C:/Users/34657/.m2/repository/org/seleniumhq/selenium/selenium-ie-driver/3.141.59/selenium-ie-driver-3.141.59.jar' 
2022-04-07 18:00:51.446 DEBUG [acme.Launcher@main] Found classpath entry '/C:/Users/34657/.m2/repository/org/seleniumhq/selenium/selenium-opera-driver/3.141.59/selenium-opera-driver-3.141.59.jar' 
2022-04-07 18:00:51.446 DEBUG [acme.Launcher@main] Found classpath entry '/C:/Users/34657/.m2/repository/org/seleniumhq/selenium/selenium-remote-driver/3.141.59/selenium-remote-driver-3.141.59.jar' 
2022-04-07 18:00:51.446 DEBUG [acme.Launcher@main] Found classpath entry '/C:/Users/34657/.m2/repository/org/seleniumhq/selenium/selenium-safari-driver/3.141.59/selenium-safari-driver-3.141.59.jar' 
2022-04-07 18:00:51.447 DEBUG [acme.Launcher@main] Found classpath entry '/C:/Users/34657/.m2/repository/org/seleniumhq/selenium/selenium-support/3.141.59/selenium-support-3.141.59.jar' 
2022-04-07 18:00:51.447 DEBUG [acme.Launcher@main] Found classpath entry '/C:/Users/34657/.m2/repository/net/bytebuddy/byte-buddy/1.10.19/byte-buddy-1.10.19.jar' 
2022-04-07 18:00:51.447 DEBUG [acme.Launcher@main] Found classpath entry '/C:/Users/34657/.m2/repository/org/apache/commons/commons-exec/1.3/commons-exec-1.3.jar' 
2022-04-07 18:00:51.447 DEBUG [acme.Launcher@main] Found classpath entry '/C:/Users/34657/.m2/repository/com/google/guava/guava/25.0-jre/guava-25.0-jre.jar' 
2022-04-07 18:00:51.447 DEBUG [acme.Launcher@main] Found classpath entry '/C:/Users/34657/.m2/repository/com/google/code/findbugs/jsr305/1.3.9/jsr305-1.3.9.jar' 
2022-04-07 18:00:51.447 DEBUG [acme.Launcher@main] Found classpath entry '/C:/Users/34657/.m2/repository/org/checkerframework/checker-compat-qual/2.0.0/checker-compat-qual-2.0.0.jar' 
2022-04-07 18:00:51.447 DEBUG [acme.Launcher@main] Found classpath entry '/C:/Users/34657/.m2/repository/com/google/errorprone/error_prone_annotations/2.1.3/error_prone_annotations-2.1.3.jar' 
2022-04-07 18:00:51.447 DEBUG [acme.Launcher@main] Found classpath entry '/C:/Users/34657/.m2/repository/com/google/j2objc/j2objc-annotations/1.1/j2objc-annotations-1.1.jar' 
2022-04-07 18:00:51.447 DEBUG [acme.Launcher@main] Found classpath entry '/C:/Users/34657/.m2/repository/org/codehaus/mojo/animal-sniffer-annotations/1.14/animal-sniffer-annotations-1.14.jar' 
2022-04-07 18:00:51.448 DEBUG [acme.Launcher@main] Found classpath entry '/C:/Users/34657/.m2/repository/com/squareup/okhttp3/okhttp/3.14.9/okhttp-3.14.9.jar' 
2022-04-07 18:00:51.448 DEBUG [acme.Launcher@main] Found classpath entry '/C:/Users/34657/.m2/repository/com/squareup/okio/okio/1.14.0/okio-1.14.0.jar' 
2022-04-07 18:00:51.448 DEBUG [acme.Launcher@main] Found classpath entry '/C:/Users/34657/.m2/repository/org/apache/commons/commons-lang3/3.11/commons-lang3-3.11.jar' 
2022-04-07 18:00:51.448 DEBUG [acme.Launcher@main] Found classpath entry '/C:/Users/34657/.m2/repository/org/apache/commons/commons-text/1.8/commons-text-1.8.jar' 
2022-04-07 18:00:51.448 DEBUG [acme.Launcher@main] Found classpath entry '/C:/Users/34657/.m2/repository/commons-io/commons-io/2.6/commons-io-2.6.jar' 
2022-04-07 18:00:51.448 DEBUG [acme.Launcher@main] Found classpath entry '/C:/Users/34657/.m2/repository/commons-cli/commons-cli/1.4/commons-cli-1.4.jar' 
2022-04-07 18:00:51.448 DEBUG [acme.Launcher@main] Found classpath entry '/C:/Users/34657/.m2/repository/org/projectlombok/lombok/1.18.16/lombok-1.18.16.jar' 
2022-04-07 18:00:51.448 DEBUG [acme.Launcher@main] Found classpath entry '/C:/Users/34657/.m2/repository/com/opencsv/opencsv/5.4/opencsv-5.4.jar' 
2022-04-07 18:00:51.448 DEBUG [acme.Launcher@main] Found classpath entry '/C:/Users/34657/.m2/repository/commons-beanutils/commons-beanutils/1.9.4/commons-beanutils-1.9.4.jar' 
2022-04-07 18:00:51.449 DEBUG [acme.Launcher@main] Found classpath entry '/C:/Users/34657/.m2/repository/commons-logging/commons-logging/1.2/commons-logging-1.2.jar' 
2022-04-07 18:00:51.449 DEBUG [acme.Launcher@main] Found classpath entry '/C:/Users/34657/.m2/repository/commons-collections/commons-collections/3.2.2/commons-collections-3.2.2.jar' 
2022-04-07 18:00:51.449 DEBUG [acme.Launcher@main] Found classpath entry '/C:/Users/34657/.m2/repository/org/apache/commons/commons-collections4/4.4/commons-collections4-4.4.jar' 
2022-04-07 18:00:51.449 DEBUG [acme.Launcher@main] Found classpath entry '/C:/Users/34657/Desktop/Workspace-22.0/Tools/IDEs/eclipse-jee-2021-12-R/configuration/org.eclipse.osgi/418/0/.cp/lib/javaagent-shaded.jar' 
2022-04-07 18:00:51.561 DEBUG [acme.Launcher@main] Found entity class 'acme.entities.Announcement 
2022-04-07 18:00:51.561 DEBUG [acme.Launcher@main] Found entity class 'acme.entities.Chirp 
2022-04-07 18:00:51.561 DEBUG [acme.Launcher@main] Found entity class 'acme.entities.Item 
2022-04-07 18:00:51.561 DEBUG [acme.Launcher@main] Found entity class 'acme.entities.Patronage 
2022-04-07 18:00:51.561 DEBUG [acme.Launcher@main] Found entity class 'acme.entities.PatronageReport 
2022-04-07 18:00:51.562 DEBUG [acme.Launcher@main] Found entity class 'acme.entities.Quantity 
2022-04-07 18:00:51.562 DEBUG [acme.Launcher@main] Found entity class 'acme.entities.Toolkit 
2022-04-07 18:00:51.562 DEBUG [acme.Launcher@main] Found entity class 'acme.roles.Consumer 
2022-04-07 18:00:51.562 DEBUG [acme.Launcher@main] Found entity class 'acme.roles.Inventor 
2022-04-07 18:00:51.562 DEBUG [acme.Launcher@main] Found entity class 'acme.roles.Patron 
2022-04-07 18:00:51.562 DEBUG [acme.Launcher@main] Found entity class 'acme.roles.Provider 
2022-04-07 18:00:51.562 DEBUG [acme.Launcher@main] Found entity class 'acme.framework.entities.UserAccount 
2022-04-07 18:00:51.562 DEBUG [acme.Launcher@main] Found entity class 'acme.framework.roles.Administrator 
2022-04-07 18:00:51.562 DEBUG [acme.Launcher@main] Found entity class 'acme.framework.roles.Anonymous 
2022-04-07 18:00:51.563 DEBUG [acme.Launcher@main] Found entity class 'acme.framework.roles.Any 
2022-04-07 18:00:51.563 DEBUG [acme.Launcher@main] Found entity class 'acme.framework.roles.Authenticated 
2022-04-07 18:00:51.566 INFO  [acme.Launcher@main] Running application (Standalone) 
2022-04-07 18:00:54.976 DEBUG [acme.framework.controllers.AbstractController@http-nio-8080-exec-1] DISPATCHING GET /acme-one-2.0/any/chirp/list 
2022-04-07 18:00:54.976 DEBUG [acme.framework.controllers.AbstractController@http-nio-8080-exec-1] Command: list 
2022-04-07 18:00:54.976 DEBUG [acme.framework.controllers.AbstractController@http-nio-8080-exec-1] Model:   {} 
2022-04-07 18:00:54.976 DEBUG [acme.framework.controllers.AbstractController@http-nio-8080-exec-1] Locale:  en 
2022-04-07 18:00:55.072 DEBUG [org.hibernate.SQL@http-nio-8080-exec-1] select useraccoun0_.id as id1_0_, useraccoun0_.version as version2_0_, useraccoun0_.enabled as enabled1_16_, useraccoun0_.identity as identity2_16_, useraccoun0_.password as password3_16_, useraccoun0_.username as username4_16_ from user_account useraccoun0_ where useraccoun0_.username=? 
2022-04-07 18:00:55.121 TRACE [org.hibernate.type.descriptor.sql.BasicBinder@http-nio-8080-exec-1] binding parameter [1] as [VARCHAR] - [anonymous] 
2022-04-07 18:00:55.221 DEBUG [org.hibernate.SQL@http-nio-8080-exec-1] select roles0_.user_account_id as user_acc1_17_0_, roles0_.id as id1_17_0_, roles0_.id as id1_0_1_, roles0_.version as version2_0_1_, roles0_.user_account_id as user_acc1_17_1_, roles0_.company as company1_7_1_, roles0_.sector as sector2_7_1_, roles0_.company as company1_8_1_, roles0_.link as link2_8_1_, roles0_.statement as statemen3_8_1_, roles0_.company as company1_10_1_, roles0_.link as link2_10_1_, roles0_.statement as statemen3_10_1_, roles0_.company as company1_13_1_, roles0_.sector as sector2_13_1_, roles0_.clazz_ as clazz_1_ from ( select id, version, user_account_id, company, sector, null as link, null as statement, 9 as clazz_ from consumer union all select id, version, user_account_id, company, null as sector, link, statement, 10 as clazz_ from inventor union all select id, version, user_account_id, company, null as sector, link, statement, 11 as clazz_ from patron union all select id, version, user_account_id, company, sector, null as link, null as statement, 12 as clazz_ from provider union all select id, version, user_account_id, null as company, null as sector, null as link, null as statement, 14 as clazz_ from administrator union all select id, version, user_account_id, null as company, null as sector, null as link, null as statement, 15 as clazz_ from anonymous union all select id, version, user_account_id, null as company, null as sector, null as link, null as statement, 16 as clazz_ from any union all select id, version, user_account_id, null as company, null as sector, null as link, null as statement, 17 as clazz_ from authenticated ) roles0_ where roles0_.user_account_id=? 
2022-04-07 18:00:55.222 TRACE [org.hibernate.type.descriptor.sql.BasicBinder@http-nio-8080-exec-1] binding parameter [1] as [INTEGER] - [1] 
2022-04-07 18:00:55.298 DEBUG [org.hibernate.SQL@http-nio-8080-exec-1] select chirp0_.id as id1_0_, chirp0_.version as version2_0_, chirp0_.author as author1_6_, chirp0_.body as body2_6_, chirp0_.creation_moment as creation3_6_, chirp0_.email_address as email_ad4_6_, chirp0_.title as title5_6_ from chirp chirp0_ where chirp0_.creation_moment>? 
2022-04-07 18:00:55.300 TRACE [org.hibernate.type.descriptor.sql.BasicBinder@http-nio-8080-exec-1] binding parameter [1] as [TIMESTAMP] - [Mon Mar 07 18:00:55 CET 2022] 
2022-04-07 18:00:55.312 DEBUG [acme.framework.controllers.AbstractController@http-nio-8080-exec-1] SERVING GET /acme-one-2.0/any/chirp/list 
2022-04-07 18:00:55.312 DEBUG [acme.framework.controllers.AbstractController@http-nio-8080-exec-1] Result: ModelAndView [view="any/chirp/list"; model={list$size=0, command=list, principal=acme.framework.entities.Principal@79eb363e}] 
2022-04-07 18:00:55.332 DEBUG [acme.framework.components.tiles.DynamicTilesView@http-nio-8080-exec-1] View name 'any/chirp/list', model {list$size=0, command=list, principal=acme.framework.entities.Principal@79eb363e, org.springframework.validation.BindingResult.principal=org.springframework.validation.BeanPropertyBindingResult: 0 errors} 
2022-04-07 18:00:55.356 DEBUG [org.apache.tiles.definition.dao.BaseLocaleUrlDefinitionDAO@http-nio-8080-exec-1] File Resource file:/C:/Users/34657/Desktop/Workspace-22.0/Starters/Acme-One/target/classes/WEB-INF/views/master/tiles_en.xml at file:/C:/Users/34657/Desktop/Workspace-22.0/Starters/Acme-One/target/classes/WEB-INF/views/master/tiles_en.xml not found, continue 
2022-04-07 18:00:55.367 DEBUG [org.apache.jasper.servlet.JspServlet@http-nio-8080-exec-1] JspEngine --> /WEB-INF/views/master/page.jsp 
2022-04-07 18:00:55.367 DEBUG [org.apache.jasper.servlet.JspServlet@http-nio-8080-exec-1] ServletPath: /WEB-INF/views/master/page.jsp 
2022-04-07 18:00:55.368 DEBUG [org.apache.jasper.servlet.JspServlet@http-nio-8080-exec-1] PathInfo: null 
2022-04-07 18:00:55.370 DEBUG [org.apache.jasper.servlet.JspServlet@http-nio-8080-exec-1] RealPath: C:\Users\34657\Desktop\Workspace-22.0\Starters\Acme-One\target\classes\WEB-INF\views\master\page.jsp 
2022-04-07 18:00:55.371 DEBUG [org.apache.jasper.servlet.JspServlet@http-nio-8080-exec-1] RequestURI: /acme-one-2.0/WEB-INF/views/master/page.jsp 
2022-04-07 18:00:55.371 DEBUG [org.apache.jasper.servlet.JspServlet@http-nio-8080-exec-1] QueryString: null 
2022-04-07 18:01:00.227 DEBUG [acme.framework.configuration.ExtendedMessageSource@http-nio-8080-exec-1] Loading properties [C:\Users\34657\Desktop\Workspace-22.0\Starters\Acme-One\target\classes\WEB-INF\views\administrator\user-account\messages-en.i18n] with encoding 'utf-8' 
2022-04-07 18:01:00.228 DEBUG [acme.framework.configuration.ExtendedMessageSource@http-nio-8080-exec-1] Loading properties [C:\Users\34657\Desktop\Workspace-22.0\Starters\Acme-One\target\classes\WEB-INF\views\any\chirp\mesagges-en.i18n] with encoding 'utf-8' 
2022-04-07 18:01:00.228 DEBUG [acme.framework.configuration.ExtendedMessageSource@http-nio-8080-exec-1] Loading properties [C:\Users\34657\Desktop\Workspace-22.0\Starters\Acme-One\target\classes\WEB-INF\views\authenticated\consumer\messsages-en.i18n] with encoding 'utf-8' 
2022-04-07 18:01:00.229 DEBUG [acme.framework.configuration.ExtendedMessageSource@http-nio-8080-exec-1] Loading properties [C:\Users\34657\Desktop\Workspace-22.0\Starters\Acme-One\target\classes\WEB-INF\views\authenticated\provider\messsages-en.i18n] with encoding 'utf-8' 
2022-04-07 18:01:00.230 DEBUG [acme.framework.configuration.ExtendedMessageSource@http-nio-8080-exec-1] Loading properties [C:\Users\34657\Desktop\Workspace-22.0\Starters\Acme-One\target\classes\WEB-INF\views\fragments\banner-en.i18n] with encoding 'utf-8' 
2022-04-07 18:01:00.230 DEBUG [acme.framework.configuration.ExtendedMessageSource@http-nio-8080-exec-1] Loading properties [C:\Users\34657\Desktop\Workspace-22.0\Starters\Acme-One\target\classes\WEB-INF\views\fragments\company-en.i18n] with encoding 'utf-8' 
2022-04-07 18:01:00.231 DEBUG [acme.framework.configuration.ExtendedMessageSource@http-nio-8080-exec-1] Loading properties [C:\Users\34657\Desktop\Workspace-22.0\Starters\Acme-One\target\classes\WEB-INF\views\fragments\footer-en.i18n] with encoding 'utf-8' 
2022-04-07 18:01:00.231 DEBUG [acme.framework.configuration.ExtendedMessageSource@http-nio-8080-exec-1] Loading properties [C:\Users\34657\Desktop\Workspace-22.0\Starters\Acme-One\target\classes\WEB-INF\views\fragments\license-en.i18n] with encoding 'utf-8' 
2022-04-07 18:01:00.231 DEBUG [acme.framework.configuration.ExtendedMessageSource@http-nio-8080-exec-1] Loading properties [C:\Users\34657\Desktop\Workspace-22.0\Starters\Acme-One\target\classes\WEB-INF\views\fragments\menu-en.i18n] with encoding 'utf-8' 
2022-04-07 18:01:00.233 DEBUG [acme.framework.configuration.ExtendedMessageSource@http-nio-8080-exec-1] Loading properties [C:\Users\34657\Desktop\Workspace-22.0\Starters\Acme-One\target\classes\WEB-INF\views\fragments\messsages-en.i18n] with encoding 'utf-8' 
2022-04-07 18:01:00.233 DEBUG [acme.framework.configuration.ExtendedMessageSource@http-nio-8080-exec-1] Loading properties [C:\Users\34657\Desktop\Workspace-22.0\Starters\Acme-One\target\classes\WEB-INF\views\fragments\title-en.i18n] with encoding 'utf-8' 
2022-04-07 18:01:00.234 DEBUG [acme.framework.configuration.ExtendedMessageSource@http-nio-8080-exec-1] Loading properties [C:\Users\34657\Desktop\Workspace-22.0\Starters\Acme-One\target\classes\WEB-INF\views\fragments\welcome-en.i18n] with encoding 'utf-8' 
2022-04-07 18:01:00.234 DEBUG [acme.framework.configuration.ExtendedMessageSource@http-nio-8080-exec-1] Loading properties [C:\Users\34657\Desktop\Workspace-22.0\Starters\Acme-One\target\classes\WEB-INF\views\master\defaults-en.i18n] with encoding 'utf-8' 
2022-04-07 18:01:00.235 DEBUG [acme.framework.configuration.ExtendedMessageSource@http-nio-8080-exec-1] Loading properties [C:\Users\34657\Desktop\Workspace-22.0\Starters\Acme-One\target\classes\WEB-INF\views\master\master-en.i18n] with encoding 'utf-8' 
2022-04-07 18:01:00.236 DEBUG [acme.framework.configuration.ExtendedMessageSource@http-nio-8080-exec-1] Loading properties [C:\Users\34657\Desktop\Workspace-22.0\Starters\Acme-One\target\classes\WEB-INF\views\master\throwables-en.i18n] with encoding 'utf-8' 
2022-04-07 18:01:00.236 DEBUG [acme.framework.configuration.ExtendedMessageSource@http-nio-8080-exec-1] Loading properties [C:\Users\34657\Desktop\Workspace-22.0\Starters\Acme-One\target\classes\WEB-INF\views\master\validation-en.i18n] with encoding 'utf-8' 
2022-04-07 18:01:00.417 DEBUG [org.apache.jasper.servlet.JspServlet@http-nio-8080-exec-1] JspEngine --> /WEB-INF/views/any/chirp/list.jsp 
2022-04-07 18:01:00.417 DEBUG [org.apache.jasper.servlet.JspServlet@http-nio-8080-exec-1] ServletPath: /WEB-INF/views/master/page.jsp 
2022-04-07 18:01:00.418 DEBUG [org.apache.jasper.servlet.JspServlet@http-nio-8080-exec-1] PathInfo: null 
2022-04-07 18:01:00.420 DEBUG [org.apache.jasper.servlet.JspServlet@http-nio-8080-exec-1] RealPath: C:\Users\34657\Desktop\Workspace-22.0\Starters\Acme-One\target\classes\WEB-INF\views\any\chirp\list.jsp 
2022-04-07 18:01:00.420 DEBUG [org.apache.jasper.servlet.JspServlet@http-nio-8080-exec-1] RequestURI: /acme-one-2.0/WEB-INF/views/master/page.jsp 
2022-04-07 18:01:00.421 DEBUG [org.apache.jasper.servlet.JspServlet@http-nio-8080-exec-1] QueryString: null 
2022-04-07 18:01:01.662 DEBUG [org.hibernate.SQL@http-nio-8080-exec-1] select useraccoun0_.id as id1_0_, useraccoun0_.version as version2_0_, useraccoun0_.enabled as enabled1_16_, useraccoun0_.identity as identity2_16_, useraccoun0_.password as password3_16_, useraccoun0_.username as username4_16_ from user_account useraccoun0_ where useraccoun0_.username=? 
2022-04-07 18:01:01.662 TRACE [org.hibernate.type.descriptor.sql.BasicBinder@http-nio-8080-exec-1] binding parameter [1] as [VARCHAR] - [anonymous] 
2022-04-07 18:01:01.663 DEBUG [org.hibernate.SQL@http-nio-8080-exec-1] select roles0_.user_account_id as user_acc1_17_0_, roles0_.id as id1_17_0_, roles0_.id as id1_0_1_, roles0_.version as version2_0_1_, roles0_.user_account_id as user_acc1_17_1_, roles0_.company as company1_7_1_, roles0_.sector as sector2_7_1_, roles0_.company as company1_8_1_, roles0_.link as link2_8_1_, roles0_.statement as statemen3_8_1_, roles0_.company as company1_10_1_, roles0_.link as link2_10_1_, roles0_.statement as statemen3_10_1_, roles0_.company as company1_13_1_, roles0_.sector as sector2_13_1_, roles0_.clazz_ as clazz_1_ from ( select id, version, user_account_id, company, sector, null as link, null as statement, 9 as clazz_ from consumer union all select id, version, user_account_id, company, null as sector, link, statement, 10 as clazz_ from inventor union all select id, version, user_account_id, company, null as sector, link, statement, 11 as clazz_ from patron union all select id, version, user_account_id, company, sector, null as link, null as statement, 12 as clazz_ from provider union all select id, version, user_account_id, null as company, null as sector, null as link, null as statement, 14 as clazz_ from administrator union all select id, version, user_account_id, null as company, null as sector, null as link, null as statement, 15 as clazz_ from anonymous union all select id, version, user_account_id, null as company, null as sector, null as link, null as statement, 16 as clazz_ from any union all select id, version, user_account_id, null as company, null as sector, null as link, null as statement, 17 as clazz_ from authenticated ) roles0_ where roles0_.user_account_id=? 
2022-04-07 18:01:01.664 TRACE [org.hibernate.type.descriptor.sql.BasicBinder@http-nio-8080-exec-1] binding parameter [1] as [INTEGER] - [1] 
2022-04-07 18:01:06.623 DEBUG [acme.framework.components.tiles.DynamicTilesView@http-nio-8080-exec-1] View name 'fragments/welcome', model {} 
2022-04-07 18:01:06.624 DEBUG [org.apache.jasper.servlet.JspServlet@http-nio-8080-exec-1] JspEngine --> /WEB-INF/views/master/page.jsp 
2022-04-07 18:01:06.625 DEBUG [org.apache.jasper.servlet.JspServlet@http-nio-8080-exec-1] ServletPath: /WEB-INF/views/master/page.jsp 
2022-04-07 18:01:06.625 DEBUG [org.apache.jasper.servlet.JspServlet@http-nio-8080-exec-1] PathInfo: null 
2022-04-07 18:01:06.626 DEBUG [org.apache.jasper.servlet.JspServlet@http-nio-8080-exec-1] RealPath: C:\Users\34657\Desktop\Workspace-22.0\Starters\Acme-One\target\classes\WEB-INF\views\master\page.jsp 
2022-04-07 18:01:06.626 DEBUG [org.apache.jasper.servlet.JspServlet@http-nio-8080-exec-1] RequestURI: /acme-one-2.0/WEB-INF/views/master/page.jsp 
2022-04-07 18:01:06.627 DEBUG [org.apache.jasper.servlet.JspServlet@http-nio-8080-exec-1] QueryString: null 
2022-04-07 18:01:06.789 DEBUG [org.apache.jasper.servlet.JspServlet@http-nio-8080-exec-1] JspEngine --> /WEB-INF/views/fragments/welcome.jsp 
2022-04-07 18:01:06.789 DEBUG [org.apache.jasper.servlet.JspServlet@http-nio-8080-exec-1] ServletPath: /WEB-INF/views/master/page.jsp 
2022-04-07 18:01:06.790 DEBUG [org.apache.jasper.servlet.JspServlet@http-nio-8080-exec-1] PathInfo: null 
2022-04-07 18:01:06.791 DEBUG [org.apache.jasper.servlet.JspServlet@http-nio-8080-exec-1] RealPath: C:\Users\34657\Desktop\Workspace-22.0\Starters\Acme-One\target\classes\WEB-INF\views\fragments\welcome.jsp 
2022-04-07 18:01:06.792 DEBUG [org.apache.jasper.servlet.JspServlet@http-nio-8080-exec-1] RequestURI: /acme-one-2.0/WEB-INF/views/master/page.jsp 
2022-04-07 18:01:06.792 DEBUG [org.apache.jasper.servlet.JspServlet@http-nio-8080-exec-1] QueryString: null 
2022-04-07 18:01:07.076 DEBUG [org.hibernate.SQL@http-nio-8080-exec-1] select useraccoun0_.id as id1_0_, useraccoun0_.version as version2_0_, useraccoun0_.enabled as enabled1_16_, useraccoun0_.identity as identity2_16_, useraccoun0_.password as password3_16_, useraccoun0_.username as username4_16_ from user_account useraccoun0_ where useraccoun0_.username=? 
2022-04-07 18:01:07.077 TRACE [org.hibernate.type.descriptor.sql.BasicBinder@http-nio-8080-exec-1] binding parameter [1] as [VARCHAR] - [anonymous] 
2022-04-07 18:01:07.080 DEBUG [org.hibernate.SQL@http-nio-8080-exec-1] select roles0_.user_account_id as user_acc1_17_0_, roles0_.id as id1_17_0_, roles0_.id as id1_0_1_, roles0_.version as version2_0_1_, roles0_.user_account_id as user_acc1_17_1_, roles0_.company as company1_7_1_, roles0_.sector as sector2_7_1_, roles0_.company as company1_8_1_, roles0_.link as link2_8_1_, roles0_.statement as statemen3_8_1_, roles0_.company as company1_10_1_, roles0_.link as link2_10_1_, roles0_.statement as statemen3_10_1_, roles0_.company as company1_13_1_, roles0_.sector as sector2_13_1_, roles0_.clazz_ as clazz_1_ from ( select id, version, user_account_id, company, sector, null as link, null as statement, 9 as clazz_ from consumer union all select id, version, user_account_id, company, null as sector, link, statement, 10 as clazz_ from inventor union all select id, version, user_account_id, company, null as sector, link, statement, 11 as clazz_ from patron union all select id, version, user_account_id, company, sector, null as link, null as statement, 12 as clazz_ from provider union all select id, version, user_account_id, null as company, null as sector, null as link, null as statement, 14 as clazz_ from administrator union all select id, version, user_account_id, null as company, null as sector, null as link, null as statement, 15 as clazz_ from anonymous union all select id, version, user_account_id, null as company, null as sector, null as link, null as statement, 16 as clazz_ from any union all select id, version, user_account_id, null as company, null as sector, null as link, null as statement, 17 as clazz_ from authenticated ) roles0_ where roles0_.user_account_id=? 
2022-04-07 18:01:07.080 TRACE [org.hibernate.type.descriptor.sql.BasicBinder@http-nio-8080-exec-1] binding parameter [1] as [INTEGER] - [1] 
2022-04-07 18:01:10.825 DEBUG [acme.framework.components.tiles.DynamicTilesView@http-nio-8080-exec-4] View name 'fragments/welcome', model {} 
2022-04-07 18:01:10.829 DEBUG [org.apache.tiles.definition.dao.BaseLocaleUrlDefinitionDAO@http-nio-8080-exec-4] File Resource file:/C:/Users/34657/Desktop/Workspace-22.0/Starters/Acme-One/target/classes/WEB-INF/views/master/tiles_es.xml at file:/C:/Users/34657/Desktop/Workspace-22.0/Starters/Acme-One/target/classes/WEB-INF/views/master/tiles_es.xml not found, continue 
2022-04-07 18:01:10.829 DEBUG [org.apache.jasper.servlet.JspServlet@http-nio-8080-exec-4] JspEngine --> /WEB-INF/views/master/page.jsp 
2022-04-07 18:01:10.829 DEBUG [org.apache.jasper.servlet.JspServlet@http-nio-8080-exec-4] ServletPath: /WEB-INF/views/master/page.jsp 
2022-04-07 18:01:10.830 DEBUG [org.apache.jasper.servlet.JspServlet@http-nio-8080-exec-4] PathInfo: null 
2022-04-07 18:01:10.830 DEBUG [org.apache.jasper.servlet.JspServlet@http-nio-8080-exec-4] RealPath: C:\Users\34657\Desktop\Workspace-22.0\Starters\Acme-One\target\classes\WEB-INF\views\master\page.jsp 
2022-04-07 18:01:10.831 DEBUG [org.apache.jasper.servlet.JspServlet@http-nio-8080-exec-4] RequestURI: /acme-one-2.0/WEB-INF/views/master/page.jsp 
2022-04-07 18:01:10.831 DEBUG [org.apache.jasper.servlet.JspServlet@http-nio-8080-exec-4] QueryString: null 
2022-04-07 18:01:10.842 DEBUG [acme.framework.configuration.ExtendedMessageSource@http-nio-8080-exec-4] Loading properties [C:\Users\34657\Desktop\Workspace-22.0\Starters\Acme-One\target\classes\WEB-INF\views\administrator\user-account\messages-en.i18n] with encoding 'utf-8' 
2022-04-07 18:01:10.842 DEBUG [acme.framework.configuration.ExtendedMessageSource@http-nio-8080-exec-4] Loading properties [C:\Users\34657\Desktop\Workspace-22.0\Starters\Acme-One\target\classes\WEB-INF\views\any\chirp\mesagges-en.i18n] with encoding 'utf-8' 
2022-04-07 18:01:10.843 DEBUG [acme.framework.configuration.ExtendedMessageSource@http-nio-8080-exec-4] Loading properties [C:\Users\34657\Desktop\Workspace-22.0\Starters\Acme-One\target\classes\WEB-INF\views\authenticated\consumer\messsages-en.i18n] with encoding 'utf-8' 
2022-04-07 18:01:10.844 DEBUG [acme.framework.configuration.ExtendedMessageSource@http-nio-8080-exec-4] Loading properties [C:\Users\34657\Desktop\Workspace-22.0\Starters\Acme-One\target\classes\WEB-INF\views\authenticated\provider\messsages-en.i18n] with encoding 'utf-8' 
2022-04-07 18:01:10.844 DEBUG [acme.framework.configuration.ExtendedMessageSource@http-nio-8080-exec-4] Loading properties [C:\Users\34657\Desktop\Workspace-22.0\Starters\Acme-One\target\classes\WEB-INF\views\fragments\banner-en.i18n] with encoding 'utf-8' 
2022-04-07 18:01:10.845 DEBUG [acme.framework.configuration.ExtendedMessageSource@http-nio-8080-exec-4] Loading properties [C:\Users\34657\Desktop\Workspace-22.0\Starters\Acme-One\target\classes\WEB-INF\views\fragments\company-en.i18n] with encoding 'utf-8' 
2022-04-07 18:01:10.845 DEBUG [acme.framework.configuration.ExtendedMessageSource@http-nio-8080-exec-4] Loading properties [C:\Users\34657\Desktop\Workspace-22.0\Starters\Acme-One\target\classes\WEB-INF\views\fragments\footer-en.i18n] with encoding 'utf-8' 
2022-04-07 18:01:10.846 DEBUG [acme.framework.configuration.ExtendedMessageSource@http-nio-8080-exec-4] Loading properties [C:\Users\34657\Desktop\Workspace-22.0\Starters\Acme-One\target\classes\WEB-INF\views\fragments\license-en.i18n] with encoding 'utf-8' 
2022-04-07 18:01:10.846 DEBUG [acme.framework.configuration.ExtendedMessageSource@http-nio-8080-exec-4] Loading properties [C:\Users\34657\Desktop\Workspace-22.0\Starters\Acme-One\target\classes\WEB-INF\views\fragments\menu-en.i18n] with encoding 'utf-8' 
2022-04-07 18:01:10.847 DEBUG [acme.framework.configuration.ExtendedMessageSource@http-nio-8080-exec-4] Loading properties [C:\Users\34657\Desktop\Workspace-22.0\Starters\Acme-One\target\classes\WEB-INF\views\fragments\messsages-en.i18n] with encoding 'utf-8' 
2022-04-07 18:01:10.847 DEBUG [acme.framework.configuration.ExtendedMessageSource@http-nio-8080-exec-4] Loading properties [C:\Users\34657\Desktop\Workspace-22.0\Starters\Acme-One\target\classes\WEB-INF\views\fragments\title-en.i18n] with encoding 'utf-8' 
2022-04-07 18:01:10.848 DEBUG [acme.framework.configuration.ExtendedMessageSource@http-nio-8080-exec-4] Loading properties [C:\Users\34657\Desktop\Workspace-22.0\Starters\Acme-One\target\classes\WEB-INF\views\fragments\welcome-en.i18n] with encoding 'utf-8' 
2022-04-07 18:01:10.849 DEBUG [acme.framework.configuration.ExtendedMessageSource@http-nio-8080-exec-4] Loading properties [C:\Users\34657\Desktop\Workspace-22.0\Starters\Acme-One\target\classes\WEB-INF\views\master\defaults-en.i18n] with encoding 'utf-8' 
2022-04-07 18:01:10.850 DEBUG [acme.framework.configuration.ExtendedMessageSource@http-nio-8080-exec-4] Loading properties [C:\Users\34657\Desktop\Workspace-22.0\Starters\Acme-One\target\classes\WEB-INF\views\master\master-en.i18n] with encoding 'utf-8' 
2022-04-07 18:01:10.851 DEBUG [acme.framework.configuration.ExtendedMessageSource@http-nio-8080-exec-4] Loading properties [C:\Users\34657\Desktop\Workspace-22.0\Starters\Acme-One\target\classes\WEB-INF\views\master\throwables-en.i18n] with encoding 'utf-8' 
2022-04-07 18:01:10.851 DEBUG [acme.framework.configuration.ExtendedMessageSource@http-nio-8080-exec-4] Loading properties [C:\Users\34657\Desktop\Workspace-22.0\Starters\Acme-One\target\classes\WEB-INF\views\master\validation-en.i18n] with encoding 'utf-8' 
2022-04-07 18:01:10.856 DEBUG [acme.framework.configuration.ExtendedMessageSource@http-nio-8080-exec-4] Loading properties [C:\Users\34657\Desktop\Workspace-22.0\Starters\Acme-One\target\classes\WEB-INF\views\administrator\user-account\messages-es.i18n] with encoding 'utf-8' 
2022-04-07 18:01:10.857 DEBUG [acme.framework.configuration.ExtendedMessageSource@http-nio-8080-exec-4] Loading properties [C:\Users\34657\Desktop\Workspace-22.0\Starters\Acme-One\target\classes\WEB-INF\views\any\chirp\mesagges-es.i18n] with encoding 'utf-8' 
2022-04-07 18:01:10.858 DEBUG [acme.framework.configuration.ExtendedMessageSource@http-nio-8080-exec-4] Loading properties [C:\Users\34657\Desktop\Workspace-22.0\Starters\Acme-One\target\classes\WEB-INF\views\authenticated\consumer\messsages-es.i18n] with encoding 'utf-8' 
2022-04-07 18:01:10.859 DEBUG [acme.framework.configuration.ExtendedMessageSource@http-nio-8080-exec-4] Loading properties [C:\Users\34657\Desktop\Workspace-22.0\Starters\Acme-One\target\classes\WEB-INF\views\authenticated\provider\messsages-es.i18n] with encoding 'utf-8' 
2022-04-07 18:01:10.860 DEBUG [acme.framework.configuration.ExtendedMessageSource@http-nio-8080-exec-4] Loading properties [C:\Users\34657\Desktop\Workspace-22.0\Starters\Acme-One\target\classes\WEB-INF\views\fragments\banner-es.i18n] with encoding 'utf-8' 
2022-04-07 18:01:10.861 DEBUG [acme.framework.configuration.ExtendedMessageSource@http-nio-8080-exec-4] Loading properties [C:\Users\34657\Desktop\Workspace-22.0\Starters\Acme-One\target\classes\WEB-INF\views\fragments\company-es.i18n] with encoding 'utf-8' 
2022-04-07 18:01:10.862 DEBUG [acme.framework.configuration.ExtendedMessageSource@http-nio-8080-exec-4] Loading properties [C:\Users\34657\Desktop\Workspace-22.0\Starters\Acme-One\target\classes\WEB-INF\views\fragments\footer-es.i18n] with encoding 'utf-8' 
2022-04-07 18:01:10.863 DEBUG [acme.framework.configuration.ExtendedMessageSource@http-nio-8080-exec-4] Loading properties [C:\Users\34657\Desktop\Workspace-22.0\Starters\Acme-One\target\classes\WEB-INF\views\fragments\license-es.i18n] with encoding 'utf-8' 
2022-04-07 18:01:10.863 DEBUG [acme.framework.configuration.ExtendedMessageSource@http-nio-8080-exec-4] Loading properties [C:\Users\34657\Desktop\Workspace-22.0\Starters\Acme-One\target\classes\WEB-INF\views\fragments\menu-es.i18n] with encoding 'utf-8' 
2022-04-07 18:01:10.864 DEBUG [acme.framework.configuration.ExtendedMessageSource@http-nio-8080-exec-4] Loading properties [C:\Users\34657\Desktop\Workspace-22.0\Starters\Acme-One\target\classes\WEB-INF\views\fragments\messsages-es.i18n] with encoding 'utf-8' 
2022-04-07 18:01:10.866 DEBUG [acme.framework.configuration.ExtendedMessageSource@http-nio-8080-exec-4] Loading properties [C:\Users\34657\Desktop\Workspace-22.0\Starters\Acme-One\target\classes\WEB-INF\views\fragments\title-es.i18n] with encoding 'utf-8' 
2022-04-07 18:01:10.868 DEBUG [acme.framework.configuration.ExtendedMessageSource@http-nio-8080-exec-4] Loading properties [C:\Users\34657\Desktop\Workspace-22.0\Starters\Acme-One\target\classes\WEB-INF\views\fragments\welcome-es.i18n] with encoding 'utf-8' 
2022-04-07 18:01:10.870 DEBUG [acme.framework.configuration.ExtendedMessageSource@http-nio-8080-exec-4] Loading properties [C:\Users\34657\Desktop\Workspace-22.0\Starters\Acme-One\target\classes\WEB-INF\views\master\defaults-es.i18n] with encoding 'utf-8' 
2022-04-07 18:01:10.871 DEBUG [acme.framework.configuration.ExtendedMessageSource@http-nio-8080-exec-4] Loading properties [C:\Users\34657\Desktop\Workspace-22.0\Starters\Acme-One\target\classes\WEB-INF\views\master\master-es.i18n] with encoding 'utf-8' 
2022-04-07 18:01:10.872 DEBUG [acme.framework.configuration.ExtendedMessageSource@http-nio-8080-exec-4] Loading properties [C:\Users\34657\Desktop\Workspace-22.0\Starters\Acme-One\target\classes\WEB-INF\views\master\throwables-es.i18n] with encoding 'utf-8' 
2022-04-07 18:01:10.874 DEBUG [acme.framework.configuration.ExtendedMessageSource@http-nio-8080-exec-4] Loading properties [C:\Users\34657\Desktop\Workspace-22.0\Starters\Acme-One\target\classes\WEB-INF\views\master\validation-es.i18n] with encoding 'utf-8' 
2022-04-07 18:01:11.001 DEBUG [org.apache.jasper.servlet.JspServlet@http-nio-8080-exec-4] JspEngine --> /WEB-INF/views/fragments/welcome.jsp 
2022-04-07 18:01:11.001 DEBUG [org.apache.jasper.servlet.JspServlet@http-nio-8080-exec-4] ServletPath: /WEB-INF/views/master/page.jsp 
2022-04-07 18:01:11.001 DEBUG [org.apache.jasper.servlet.JspServlet@http-nio-8080-exec-4] PathInfo: null 
2022-04-07 18:01:11.002 DEBUG [org.apache.jasper.servlet.JspServlet@http-nio-8080-exec-4] RealPath: C:\Users\34657\Desktop\Workspace-22.0\Starters\Acme-One\target\classes\WEB-INF\views\fragments\welcome.jsp 
2022-04-07 18:01:11.002 DEBUG [org.apache.jasper.servlet.JspServlet@http-nio-8080-exec-4] RequestURI: /acme-one-2.0/WEB-INF/views/master/page.jsp 
2022-04-07 18:01:11.002 DEBUG [org.apache.jasper.servlet.JspServlet@http-nio-8080-exec-4] QueryString: null 
2022-04-07 18:01:11.067 DEBUG [org.hibernate.SQL@http-nio-8080-exec-4] select useraccoun0_.id as id1_0_, useraccoun0_.version as version2_0_, useraccoun0_.enabled as enabled1_16_, useraccoun0_.identity as identity2_16_, useraccoun0_.password as password3_16_, useraccoun0_.username as username4_16_ from user_account useraccoun0_ where useraccoun0_.username=? 
2022-04-07 18:01:11.067 TRACE [org.hibernate.type.descriptor.sql.BasicBinder@http-nio-8080-exec-4] binding parameter [1] as [VARCHAR] - [anonymous] 
2022-04-07 18:01:11.069 DEBUG [org.hibernate.SQL@http-nio-8080-exec-4] select roles0_.user_account_id as user_acc1_17_0_, roles0_.id as id1_17_0_, roles0_.id as id1_0_1_, roles0_.version as version2_0_1_, roles0_.user_account_id as user_acc1_17_1_, roles0_.company as company1_7_1_, roles0_.sector as sector2_7_1_, roles0_.company as company1_8_1_, roles0_.link as link2_8_1_, roles0_.statement as statemen3_8_1_, roles0_.company as company1_10_1_, roles0_.link as link2_10_1_, roles0_.statement as statemen3_10_1_, roles0_.company as company1_13_1_, roles0_.sector as sector2_13_1_, roles0_.clazz_ as clazz_1_ from ( select id, version, user_account_id, company, sector, null as link, null as statement, 9 as clazz_ from consumer union all select id, version, user_account_id, company, null as sector, link, statement, 10 as clazz_ from inventor union all select id, version, user_account_id, company, null as sector, link, statement, 11 as clazz_ from patron union all select id, version, user_account_id, company, sector, null as link, null as statement, 12 as clazz_ from provider union all select id, version, user_account_id, null as company, null as sector, null as link, null as statement, 14 as clazz_ from administrator union all select id, version, user_account_id, null as company, null as sector, null as link, null as statement, 15 as clazz_ from anonymous union all select id, version, user_account_id, null as company, null as sector, null as link, null as statement, 16 as clazz_ from any union all select id, version, user_account_id, null as company, null as sector, null as link, null as statement, 17 as clazz_ from authenticated ) roles0_ where roles0_.user_account_id=? 
2022-04-07 18:01:11.070 TRACE [org.hibernate.type.descriptor.sql.BasicBinder@http-nio-8080-exec-4] binding parameter [1] as [INTEGER] - [1] 
2022-04-07 18:01:12.585 DEBUG [acme.framework.controllers.AbstractController@http-nio-8080-exec-1] DISPATCHING GET /acme-one-2.0/any/chirp/list 
2022-04-07 18:01:12.585 DEBUG [acme.framework.controllers.AbstractController@http-nio-8080-exec-1] Command: list 
2022-04-07 18:01:12.585 DEBUG [acme.framework.controllers.AbstractController@http-nio-8080-exec-1] Model:   {} 
2022-04-07 18:01:12.585 DEBUG [acme.framework.controllers.AbstractController@http-nio-8080-exec-1] Locale:  es 
2022-04-07 18:01:12.587 DEBUG [org.hibernate.SQL@http-nio-8080-exec-1] select useraccoun0_.id as id1_0_, useraccoun0_.version as version2_0_, useraccoun0_.enabled as enabled1_16_, useraccoun0_.identity as identity2_16_, useraccoun0_.password as password3_16_, useraccoun0_.username as username4_16_ from user_account useraccoun0_ where useraccoun0_.username=? 
2022-04-07 18:01:12.588 TRACE [org.hibernate.type.descriptor.sql.BasicBinder@http-nio-8080-exec-1] binding parameter [1] as [VARCHAR] - [anonymous] 
2022-04-07 18:01:12.591 DEBUG [org.hibernate.SQL@http-nio-8080-exec-1] select roles0_.user_account_id as user_acc1_17_0_, roles0_.id as id1_17_0_, roles0_.id as id1_0_1_, roles0_.version as version2_0_1_, roles0_.user_account_id as user_acc1_17_1_, roles0_.company as company1_7_1_, roles0_.sector as sector2_7_1_, roles0_.company as company1_8_1_, roles0_.link as link2_8_1_, roles0_.statement as statemen3_8_1_, roles0_.company as company1_10_1_, roles0_.link as link2_10_1_, roles0_.statement as statemen3_10_1_, roles0_.company as company1_13_1_, roles0_.sector as sector2_13_1_, roles0_.clazz_ as clazz_1_ from ( select id, version, user_account_id, company, sector, null as link, null as statement, 9 as clazz_ from consumer union all select id, version, user_account_id, company, null as sector, link, statement, 10 as clazz_ from inventor union all select id, version, user_account_id, company, null as sector, link, statement, 11 as clazz_ from patron union all select id, version, user_account_id, company, sector, null as link, null as statement, 12 as clazz_ from provider union all select id, version, user_account_id, null as company, null as sector, null as link, null as statement, 14 as clazz_ from administrator union all select id, version, user_account_id, null as company, null as sector, null as link, null as statement, 15 as clazz_ from anonymous union all select id, version, user_account_id, null as company, null as sector, null as link, null as statement, 16 as clazz_ from any union all select id, version, user_account_id, null as company, null as sector, null as link, null as statement, 17 as clazz_ from authenticated ) roles0_ where roles0_.user_account_id=? 
2022-04-07 18:01:12.592 TRACE [org.hibernate.type.descriptor.sql.BasicBinder@http-nio-8080-exec-1] binding parameter [1] as [INTEGER] - [1] 
2022-04-07 18:01:12.594 DEBUG [org.hibernate.SQL@http-nio-8080-exec-1] select chirp0_.id as id1_0_, chirp0_.version as version2_0_, chirp0_.author as author1_6_, chirp0_.body as body2_6_, chirp0_.creation_moment as creation3_6_, chirp0_.email_address as email_ad4_6_, chirp0_.title as title5_6_ from chirp chirp0_ where chirp0_.creation_moment>? 
2022-04-07 18:01:12.594 TRACE [org.hibernate.type.descriptor.sql.BasicBinder@http-nio-8080-exec-1] binding parameter [1] as [TIMESTAMP] - [Mon Mar 07 18:01:12 CET 2022] 
2022-04-07 18:01:12.596 DEBUG [acme.framework.controllers.AbstractController@http-nio-8080-exec-1] SERVING GET /acme-one-2.0/any/chirp/list 
2022-04-07 18:01:12.596 DEBUG [acme.framework.controllers.AbstractController@http-nio-8080-exec-1] Result: ModelAndView [view="any/chirp/list"; model={list$size=0, command=list, principal=acme.framework.entities.Principal@23b8bfdd}] 
2022-04-07 18:01:12.596 DEBUG [acme.framework.components.tiles.DynamicTilesView@http-nio-8080-exec-1] View name 'any/chirp/list', model {list$size=0, command=list, principal=acme.framework.entities.Principal@23b8bfdd, org.springframework.validation.BindingResult.principal=org.springframework.validation.BeanPropertyBindingResult: 0 errors} 
2022-04-07 18:01:12.597 DEBUG [org.apache.jasper.servlet.JspServlet@http-nio-8080-exec-1] JspEngine --> /WEB-INF/views/master/page.jsp 
2022-04-07 18:01:12.597 DEBUG [org.apache.jasper.servlet.JspServlet@http-nio-8080-exec-1] ServletPath: /WEB-INF/views/master/page.jsp 
2022-04-07 18:01:12.597 DEBUG [org.apache.jasper.servlet.JspServlet@http-nio-8080-exec-1] PathInfo: null 
2022-04-07 18:01:12.598 DEBUG [org.apache.jasper.servlet.JspServlet@http-nio-8080-exec-1] RealPath: C:\Users\34657\Desktop\Workspace-22.0\Starters\Acme-One\target\classes\WEB-INF\views\master\page.jsp 
2022-04-07 18:01:12.599 DEBUG [org.apache.jasper.servlet.JspServlet@http-nio-8080-exec-1] RequestURI: /acme-one-2.0/WEB-INF/views/master/page.jsp 
2022-04-07 18:01:12.599 DEBUG [org.apache.jasper.servlet.JspServlet@http-nio-8080-exec-1] QueryString: null 
2022-04-07 18:01:12.707 DEBUG [org.apache.jasper.servlet.JspServlet@http-nio-8080-exec-1] JspEngine --> /WEB-INF/views/any/chirp/list.jsp 
2022-04-07 18:01:12.707 DEBUG [org.apache.jasper.servlet.JspServlet@http-nio-8080-exec-1] ServletPath: /WEB-INF/views/master/page.jsp 
2022-04-07 18:01:12.707 DEBUG [org.apache.jasper.servlet.JspServlet@http-nio-8080-exec-1] PathInfo: null 
2022-04-07 18:01:12.708 DEBUG [org.apache.jasper.servlet.JspServlet@http-nio-8080-exec-1] RealPath: C:\Users\34657\Desktop\Workspace-22.0\Starters\Acme-One\target\classes\WEB-INF\views\any\chirp\list.jsp 
2022-04-07 18:01:12.709 DEBUG [org.apache.jasper.servlet.JspServlet@http-nio-8080-exec-1] RequestURI: /acme-one-2.0/WEB-INF/views/master/page.jsp 
2022-04-07 18:01:12.709 DEBUG [org.apache.jasper.servlet.JspServlet@http-nio-8080-exec-1] QueryString: null 
2022-04-07 18:01:12.839 DEBUG [org.hibernate.SQL@http-nio-8080-exec-1] select useraccoun0_.id as id1_0_, useraccoun0_.version as version2_0_, useraccoun0_.enabled as enabled1_16_, useraccoun0_.identity as identity2_16_, useraccoun0_.password as password3_16_, useraccoun0_.username as username4_16_ from user_account useraccoun0_ where useraccoun0_.username=? 
2022-04-07 18:01:12.839 TRACE [org.hibernate.type.descriptor.sql.BasicBinder@http-nio-8080-exec-1] binding parameter [1] as [VARCHAR] - [anonymous] 
2022-04-07 18:01:12.840 DEBUG [org.hibernate.SQL@http-nio-8080-exec-1] select roles0_.user_account_id as user_acc1_17_0_, roles0_.id as id1_17_0_, roles0_.id as id1_0_1_, roles0_.version as version2_0_1_, roles0_.user_account_id as user_acc1_17_1_, roles0_.company as company1_7_1_, roles0_.sector as sector2_7_1_, roles0_.company as company1_8_1_, roles0_.link as link2_8_1_, roles0_.statement as statemen3_8_1_, roles0_.company as company1_10_1_, roles0_.link as link2_10_1_, roles0_.statement as statemen3_10_1_, roles0_.company as company1_13_1_, roles0_.sector as sector2_13_1_, roles0_.clazz_ as clazz_1_ from ( select id, version, user_account_id, company, sector, null as link, null as statement, 9 as clazz_ from consumer union all select id, version, user_account_id, company, null as sector, link, statement, 10 as clazz_ from inventor union all select id, version, user_account_id, company, null as sector, link, statement, 11 as clazz_ from patron union all select id, version, user_account_id, company, sector, null as link, null as statement, 12 as clazz_ from provider union all select id, version, user_account_id, null as company, null as sector, null as link, null as statement, 14 as clazz_ from administrator union all select id, version, user_account_id, null as company, null as sector, null as link, null as statement, 15 as clazz_ from anonymous union all select id, version, user_account_id, null as company, null as sector, null as link, null as statement, 16 as clazz_ from any union all select id, version, user_account_id, null as company, null as sector, null as link, null as statement, 17 as clazz_ from authenticated ) roles0_ where roles0_.user_account_id=? 
2022-04-07 18:01:12.840 TRACE [org.hibernate.type.descriptor.sql.BasicBinder@http-nio-8080-exec-1] binding parameter [1] as [INTEGER] - [1] 
2022-04-07 18:01:14.537 DEBUG [acme.framework.components.tiles.DynamicTilesView@http-nio-8080-exec-9] View name 'master/sign-in', model {username=, password=, remember=false} 
2022-04-07 18:01:14.539 DEBUG [org.apache.jasper.servlet.JspServlet@http-nio-8080-exec-9] JspEngine --> /WEB-INF/views/master/page.jsp 
2022-04-07 18:01:14.539 DEBUG [org.apache.jasper.servlet.JspServlet@http-nio-8080-exec-9] ServletPath: /WEB-INF/views/master/page.jsp 
2022-04-07 18:01:14.540 DEBUG [org.apache.jasper.servlet.JspServlet@http-nio-8080-exec-9] PathInfo: null 
2022-04-07 18:01:14.540 DEBUG [org.apache.jasper.servlet.JspServlet@http-nio-8080-exec-9] RealPath: C:\Users\34657\Desktop\Workspace-22.0\Starters\Acme-One\target\classes\WEB-INF\views\master\page.jsp 
2022-04-07 18:01:14.540 DEBUG [org.apache.jasper.servlet.JspServlet@http-nio-8080-exec-9] RequestURI: /acme-one-2.0/WEB-INF/views/master/page.jsp 
2022-04-07 18:01:14.540 DEBUG [org.apache.jasper.servlet.JspServlet@http-nio-8080-exec-9] QueryString: null 
2022-04-07 18:01:14.658 DEBUG [org.apache.jasper.servlet.JspServlet@http-nio-8080-exec-9] JspEngine --> /WEB-INF/views/master/sign-in.jsp 
2022-04-07 18:01:14.659 DEBUG [org.apache.jasper.servlet.JspServlet@http-nio-8080-exec-9] ServletPath: /WEB-INF/views/master/page.jsp 
2022-04-07 18:01:14.659 DEBUG [org.apache.jasper.servlet.JspServlet@http-nio-8080-exec-9] PathInfo: null 
2022-04-07 18:01:14.659 DEBUG [org.apache.jasper.servlet.JspServlet@http-nio-8080-exec-9] RealPath: C:\Users\34657\Desktop\Workspace-22.0\Starters\Acme-One\target\classes\WEB-INF\views\master\sign-in.jsp 
2022-04-07 18:01:14.660 DEBUG [org.apache.jasper.servlet.JspServlet@http-nio-8080-exec-9] RequestURI: /acme-one-2.0/WEB-INF/views/master/page.jsp 
2022-04-07 18:01:14.660 DEBUG [org.apache.jasper.servlet.JspServlet@http-nio-8080-exec-9] QueryString: null 
2022-04-07 18:01:16.177 DEBUG [org.hibernate.SQL@http-nio-8080-exec-9] select useraccoun0_.id as id1_0_, useraccoun0_.version as version2_0_, useraccoun0_.enabled as enabled1_16_, useraccoun0_.identity as identity2_16_, useraccoun0_.password as password3_16_, useraccoun0_.username as username4_16_ from user_account useraccoun0_ where useraccoun0_.username=? 
2022-04-07 18:01:16.177 TRACE [org.hibernate.type.descriptor.sql.BasicBinder@http-nio-8080-exec-9] binding parameter [1] as [VARCHAR] - [anonymous] 
2022-04-07 18:01:16.179 DEBUG [org.hibernate.SQL@http-nio-8080-exec-9] select roles0_.user_account_id as user_acc1_17_0_, roles0_.id as id1_17_0_, roles0_.id as id1_0_1_, roles0_.version as version2_0_1_, roles0_.user_account_id as user_acc1_17_1_, roles0_.company as company1_7_1_, roles0_.sector as sector2_7_1_, roles0_.company as company1_8_1_, roles0_.link as link2_8_1_, roles0_.statement as statemen3_8_1_, roles0_.company as company1_10_1_, roles0_.link as link2_10_1_, roles0_.statement as statemen3_10_1_, roles0_.company as company1_13_1_, roles0_.sector as sector2_13_1_, roles0_.clazz_ as clazz_1_ from ( select id, version, user_account_id, company, sector, null as link, null as statement, 9 as clazz_ from consumer union all select id, version, user_account_id, company, null as sector, link, statement, 10 as clazz_ from inventor union all select id, version, user_account_id, company, null as sector, link, statement, 11 as clazz_ from patron union all select id, version, user_account_id, company, sector, null as link, null as statement, 12 as clazz_ from provider union all select id, version, user_account_id, null as company, null as sector, null as link, null as statement, 14 as clazz_ from administrator union all select id, version, user_account_id, null as company, null as sector, null as link, null as statement, 15 as clazz_ from anonymous union all select id, version, user_account_id, null as company, null as sector, null as link, null as statement, 16 as clazz_ from any union all select id, version, user_account_id, null as company, null as sector, null as link, null as statement, 17 as clazz_ from authenticated ) roles0_ where roles0_.user_account_id=? 
2022-04-07 18:01:16.179 TRACE [org.hibernate.type.descriptor.sql.BasicBinder@http-nio-8080-exec-9] binding parameter [1] as [INTEGER] - [1] 
2022-04-07 18:01:27.411 DEBUG [org.hibernate.SQL@http-nio-8080-exec-6] select useraccoun0_.id as id1_0_, useraccoun0_.version as version2_0_, useraccoun0_.enabled as enabled1_16_, useraccoun0_.identity as identity2_16_, useraccoun0_.password as password3_16_, useraccoun0_.username as username4_16_ from user_account useraccoun0_ where useraccoun0_.username=? 
2022-04-07 18:01:27.412 TRACE [org.hibernate.type.descriptor.sql.BasicBinder@http-nio-8080-exec-6] binding parameter [1] as [VARCHAR] - [administrator] 
2022-04-07 18:01:27.416 DEBUG [org.hibernate.SQL@http-nio-8080-exec-6] select roles0_.user_account_id as user_acc1_17_0_, roles0_.id as id1_17_0_, roles0_.id as id1_0_1_, roles0_.version as version2_0_1_, roles0_.user_account_id as user_acc1_17_1_, roles0_.company as company1_7_1_, roles0_.sector as sector2_7_1_, roles0_.company as company1_8_1_, roles0_.link as link2_8_1_, roles0_.statement as statemen3_8_1_, roles0_.company as company1_10_1_, roles0_.link as link2_10_1_, roles0_.statement as statemen3_10_1_, roles0_.company as company1_13_1_, roles0_.sector as sector2_13_1_, roles0_.clazz_ as clazz_1_ from ( select id, version, user_account_id, company, sector, null as link, null as statement, 9 as clazz_ from consumer union all select id, version, user_account_id, company, null as sector, link, statement, 10 as clazz_ from inventor union all select id, version, user_account_id, company, null as sector, link, statement, 11 as clazz_ from patron union all select id, version, user_account_id, company, sector, null as link, null as statement, 12 as clazz_ from provider union all select id, version, user_account_id, null as company, null as sector, null as link, null as statement, 14 as clazz_ from administrator union all select id, version, user_account_id, null as company, null as sector, null as link, null as statement, 15 as clazz_ from anonymous union all select id, version, user_account_id, null as company, null as sector, null as link, null as statement, 16 as clazz_ from any union all select id, version, user_account_id, null as company, null as sector, null as link, null as statement, 17 as clazz_ from authenticated ) roles0_ where roles0_.user_account_id=? 
2022-04-07 18:01:27.417 TRACE [org.hibernate.type.descriptor.sql.BasicBinder@http-nio-8080-exec-6] binding parameter [1] as [INTEGER] - [2] 
2022-04-07 18:01:27.430 DEBUG [acme.framework.components.tiles.DynamicTilesView@http-nio-8080-exec-1] View name 'fragments/welcome', model {} 
2022-04-07 18:01:27.432 DEBUG [org.apache.jasper.servlet.JspServlet@http-nio-8080-exec-1] JspEngine --> /WEB-INF/views/master/page.jsp 
2022-04-07 18:01:27.432 DEBUG [org.apache.jasper.servlet.JspServlet@http-nio-8080-exec-1] ServletPath: /WEB-INF/views/master/page.jsp 
2022-04-07 18:01:27.432 DEBUG [org.apache.jasper.servlet.JspServlet@http-nio-8080-exec-1] PathInfo: null 
2022-04-07 18:01:27.433 DEBUG [org.apache.jasper.servlet.JspServlet@http-nio-8080-exec-1] RealPath: C:\Users\34657\Desktop\Workspace-22.0\Starters\Acme-One\target\classes\WEB-INF\views\master\page.jsp 
2022-04-07 18:01:27.434 DEBUG [org.apache.jasper.servlet.JspServlet@http-nio-8080-exec-1] RequestURI: /acme-one-2.0/WEB-INF/views/master/page.jsp 
2022-04-07 18:01:27.434 DEBUG [org.apache.jasper.servlet.JspServlet@http-nio-8080-exec-1] QueryString: null 
2022-04-07 18:01:27.597 DEBUG [org.apache.jasper.servlet.JspServlet@http-nio-8080-exec-1] JspEngine --> /WEB-INF/views/fragments/welcome.jsp 
2022-04-07 18:01:27.597 DEBUG [org.apache.jasper.servlet.JspServlet@http-nio-8080-exec-1] ServletPath: /WEB-INF/views/master/page.jsp 
2022-04-07 18:01:27.597 DEBUG [org.apache.jasper.servlet.JspServlet@http-nio-8080-exec-1] PathInfo: null 
2022-04-07 18:01:27.599 DEBUG [org.apache.jasper.servlet.JspServlet@http-nio-8080-exec-1] RealPath: C:\Users\34657\Desktop\Workspace-22.0\Starters\Acme-One\target\classes\WEB-INF\views\fragments\welcome.jsp 
2022-04-07 18:01:27.600 DEBUG [org.apache.jasper.servlet.JspServlet@http-nio-8080-exec-1] RequestURI: /acme-one-2.0/WEB-INF/views/master/page.jsp 
2022-04-07 18:01:27.600 DEBUG [org.apache.jasper.servlet.JspServlet@http-nio-8080-exec-1] QueryString: null 
2022-04-07 18:01:32.335 DEBUG [acme.framework.controllers.AbstractController@http-nio-8080-exec-1] DISPATCHING GET /acme-one-2.0/any/chirp/list 
2022-04-07 18:01:32.335 DEBUG [acme.framework.controllers.AbstractController@http-nio-8080-exec-1] Command: list 
2022-04-07 18:01:32.335 DEBUG [acme.framework.controllers.AbstractController@http-nio-8080-exec-1] Model:   {} 
2022-04-07 18:01:32.335 DEBUG [acme.framework.controllers.AbstractController@http-nio-8080-exec-1] Locale:  es 
2022-04-07 18:01:32.337 DEBUG [org.hibernate.SQL@http-nio-8080-exec-1] select chirp0_.id as id1_0_, chirp0_.version as version2_0_, chirp0_.author as author1_6_, chirp0_.body as body2_6_, chirp0_.creation_moment as creation3_6_, chirp0_.email_address as email_ad4_6_, chirp0_.title as title5_6_ from chirp chirp0_ where chirp0_.creation_moment>? 
2022-04-07 18:01:32.338 TRACE [org.hibernate.type.descriptor.sql.BasicBinder@http-nio-8080-exec-1] binding parameter [1] as [TIMESTAMP] - [Mon Mar 07 18:01:32 CET 2022] 
2022-04-07 18:01:32.340 DEBUG [acme.framework.controllers.AbstractController@http-nio-8080-exec-1] SERVING GET /acme-one-2.0/any/chirp/list 
2022-04-07 18:01:32.340 DEBUG [acme.framework.controllers.AbstractController@http-nio-8080-exec-1] Result: ModelAndView [view="any/chirp/list"; model={list$size=0, command=list, principal=acme.framework.entities.Principal@375e90f7}] 
2022-04-07 18:01:32.341 DEBUG [acme.framework.components.tiles.DynamicTilesView@http-nio-8080-exec-1] View name 'any/chirp/list', model {list$size=0, command=list, principal=acme.framework.entities.Principal@375e90f7, org.springframework.validation.BindingResult.principal=org.springframework.validation.BeanPropertyBindingResult: 0 errors} 
2022-04-07 18:01:32.341 DEBUG [org.apache.jasper.servlet.JspServlet@http-nio-8080-exec-1] JspEngine --> /WEB-INF/views/master/page.jsp 
2022-04-07 18:01:32.342 DEBUG [org.apache.jasper.servlet.JspServlet@http-nio-8080-exec-1] ServletPath: /WEB-INF/views/master/page.jsp 
2022-04-07 18:01:32.342 DEBUG [org.apache.jasper.servlet.JspServlet@http-nio-8080-exec-1] PathInfo: null 
2022-04-07 18:01:32.342 DEBUG [org.apache.jasper.servlet.JspServlet@http-nio-8080-exec-1] RealPath: C:\Users\34657\Desktop\Workspace-22.0\Starters\Acme-One\target\classes\WEB-INF\views\master\page.jsp 
2022-04-07 18:01:32.342 DEBUG [org.apache.jasper.servlet.JspServlet@http-nio-8080-exec-1] RequestURI: /acme-one-2.0/WEB-INF/views/master/page.jsp 
2022-04-07 18:01:32.342 DEBUG [org.apache.jasper.servlet.JspServlet@http-nio-8080-exec-1] QueryString: null 
2022-04-07 18:01:32.489 DEBUG [org.apache.jasper.servlet.JspServlet@http-nio-8080-exec-1] JspEngine --> /WEB-INF/views/any/chirp/list.jsp 
2022-04-07 18:01:32.489 DEBUG [org.apache.jasper.servlet.JspServlet@http-nio-8080-exec-1] ServletPath: /WEB-INF/views/master/page.jsp 
2022-04-07 18:01:32.490 DEBUG [org.apache.jasper.servlet.JspServlet@http-nio-8080-exec-1] PathInfo: null 
2022-04-07 18:01:32.491 DEBUG [org.apache.jasper.servlet.JspServlet@http-nio-8080-exec-1] RealPath: C:\Users\34657\Desktop\Workspace-22.0\Starters\Acme-One\target\classes\WEB-INF\views\any\chirp\list.jsp 
2022-04-07 18:01:32.491 DEBUG [org.apache.jasper.servlet.JspServlet@http-nio-8080-exec-1] RequestURI: /acme-one-2.0/WEB-INF/views/master/page.jsp 
2022-04-07 18:01:32.492 DEBUG [org.apache.jasper.servlet.JspServlet@http-nio-8080-exec-1] QueryString: null 
2022-04-07 18:03:23.523 DEBUG [acme.framework.controllers.AbstractController@http-nio-8080-exec-6] DISPATCHING GET /acme-one-2.0/any/chirp/list 
2022-04-07 18:03:23.523 DEBUG [acme.framework.controllers.AbstractController@http-nio-8080-exec-6] Command: list 
2022-04-07 18:03:23.524 DEBUG [acme.framework.controllers.AbstractController@http-nio-8080-exec-6] Model:   {} 
2022-04-07 18:03:23.524 DEBUG [acme.framework.controllers.AbstractController@http-nio-8080-exec-6] Locale:  es 
2022-04-07 18:03:23.526 DEBUG [org.hibernate.SQL@http-nio-8080-exec-6] select chirp0_.id as id1_0_, chirp0_.version as version2_0_, chirp0_.author as author1_6_, chirp0_.body as body2_6_, chirp0_.creation_moment as creation3_6_, chirp0_.email_address as email_ad4_6_, chirp0_.title as title5_6_ from chirp chirp0_ where chirp0_.creation_moment>? 
2022-04-07 18:03:23.534 TRACE [org.hibernate.type.descriptor.sql.BasicBinder@http-nio-8080-exec-6] binding parameter [1] as [TIMESTAMP] - [Mon Mar 07 18:03:23 CET 2022] 
2022-04-07 18:03:23.542 DEBUG [acme.framework.controllers.AbstractController@http-nio-8080-exec-6] SERVING GET /acme-one-2.0/any/chirp/list 
2022-04-07 18:03:23.542 DEBUG [acme.framework.controllers.AbstractController@http-nio-8080-exec-6] Result: ModelAndView [view="any/chirp/list"; model={list$size=0, command=list, principal=acme.framework.entities.Principal@375e90f7}] 
2022-04-07 18:03:23.542 DEBUG [acme.framework.components.tiles.DynamicTilesView@http-nio-8080-exec-6] View name 'any/chirp/list', model {list$size=0, command=list, principal=acme.framework.entities.Principal@375e90f7, org.springframework.validation.BindingResult.principal=org.springframework.validation.BeanPropertyBindingResult: 0 errors} 
2022-04-07 18:03:23.543 DEBUG [org.apache.jasper.servlet.JspServlet@http-nio-8080-exec-6] JspEngine --> /WEB-INF/views/master/page.jsp 
2022-04-07 18:03:23.543 DEBUG [org.apache.jasper.servlet.JspServlet@http-nio-8080-exec-6] ServletPath: /WEB-INF/views/master/page.jsp 
2022-04-07 18:03:23.544 DEBUG [org.apache.jasper.servlet.JspServlet@http-nio-8080-exec-6] PathInfo: null 
2022-04-07 18:03:23.545 DEBUG [org.apache.jasper.servlet.JspServlet@http-nio-8080-exec-6] RealPath: C:\Users\34657\Desktop\Workspace-22.0\Starters\Acme-One\target\classes\WEB-INF\views\master\page.jsp 
2022-04-07 18:03:23.545 DEBUG [org.apache.jasper.servlet.JspServlet@http-nio-8080-exec-6] RequestURI: /acme-one-2.0/WEB-INF/views/master/page.jsp 
2022-04-07 18:03:23.545 DEBUG [org.apache.jasper.servlet.JspServlet@http-nio-8080-exec-6] QueryString: null 
2022-04-07 18:03:23.684 DEBUG [org.apache.jasper.servlet.JspServlet@http-nio-8080-exec-6] JspEngine --> /WEB-INF/views/any/chirp/list.jsp 
2022-04-07 18:03:23.685 DEBUG [org.apache.jasper.servlet.JspServlet@http-nio-8080-exec-6] ServletPath: /WEB-INF/views/master/page.jsp 
2022-04-07 18:03:23.685 DEBUG [org.apache.jasper.servlet.JspServlet@http-nio-8080-exec-6] PathInfo: null 
2022-04-07 18:03:23.686 DEBUG [org.apache.jasper.servlet.JspServlet@http-nio-8080-exec-6] RealPath: C:\Users\34657\Desktop\Workspace-22.0\Starters\Acme-One\target\classes\WEB-INF\views\any\chirp\list.jsp 
2022-04-07 18:03:23.686 DEBUG [org.apache.jasper.servlet.JspServlet@http-nio-8080-exec-6] RequestURI: /acme-one-2.0/WEB-INF/views/master/page.jsp 
2022-04-07 18:03:23.687 DEBUG [org.apache.jasper.servlet.JspServlet@http-nio-8080-exec-6] QueryString: null 
2022-04-07 18:03:30.857 DEBUG [acme.framework.components.tiles.DynamicTilesView@http-nio-8080-exec-2] View name 'fragments/welcome', model {} 
2022-04-07 18:03:30.859 DEBUG [org.apache.jasper.servlet.JspServlet@http-nio-8080-exec-2] JspEngine --> /WEB-INF/views/master/page.jsp 
2022-04-07 18:03:30.859 DEBUG [org.apache.jasper.servlet.JspServlet@http-nio-8080-exec-2] ServletPath: /WEB-INF/views/master/page.jsp 
2022-04-07 18:03:30.859 DEBUG [org.apache.jasper.servlet.JspServlet@http-nio-8080-exec-2] PathInfo: null 
2022-04-07 18:03:30.860 DEBUG [org.apache.jasper.servlet.JspServlet@http-nio-8080-exec-2] RealPath: C:\Users\34657\Desktop\Workspace-22.0\Starters\Acme-One\target\classes\WEB-INF\views\master\page.jsp 
2022-04-07 18:03:30.860 DEBUG [org.apache.jasper.servlet.JspServlet@http-nio-8080-exec-2] RequestURI: /acme-one-2.0/WEB-INF/views/master/page.jsp 
2022-04-07 18:03:30.860 DEBUG [org.apache.jasper.servlet.JspServlet@http-nio-8080-exec-2] QueryString: null 
2022-04-07 18:03:30.980 DEBUG [org.apache.jasper.servlet.JspServlet@http-nio-8080-exec-2] JspEngine --> /WEB-INF/views/fragments/welcome.jsp 
2022-04-07 18:03:30.980 DEBUG [org.apache.jasper.servlet.JspServlet@http-nio-8080-exec-2] ServletPath: /WEB-INF/views/master/page.jsp 
2022-04-07 18:03:30.980 DEBUG [org.apache.jasper.servlet.JspServlet@http-nio-8080-exec-2] PathInfo: null 
2022-04-07 18:03:30.982 DEBUG [org.apache.jasper.servlet.JspServlet@http-nio-8080-exec-2] RealPath: C:\Users\34657\Desktop\Workspace-22.0\Starters\Acme-One\target\classes\WEB-INF\views\fragments\welcome.jsp 
2022-04-07 18:03:30.983 DEBUG [org.apache.jasper.servlet.JspServlet@http-nio-8080-exec-2] RequestURI: /acme-one-2.0/WEB-INF/views/master/page.jsp 
2022-04-07 18:03:30.983 DEBUG [org.apache.jasper.servlet.JspServlet@http-nio-8080-exec-2] QueryString: null 
2022-04-07 18:03:33.500 DEBUG [acme.framework.components.tiles.DynamicTilesView@http-nio-8080-exec-10] View name 'fragments/welcome', model {} 
2022-04-07 18:03:33.501 DEBUG [org.apache.jasper.servlet.JspServlet@http-nio-8080-exec-10] JspEngine --> /WEB-INF/views/master/page.jsp 
2022-04-07 18:03:33.501 DEBUG [org.apache.jasper.servlet.JspServlet@http-nio-8080-exec-10] ServletPath: /WEB-INF/views/master/page.jsp 
2022-04-07 18:03:33.501 DEBUG [org.apache.jasper.servlet.JspServlet@http-nio-8080-exec-10] PathInfo: null 
2022-04-07 18:03:33.502 DEBUG [org.apache.jasper.servlet.JspServlet@http-nio-8080-exec-10] RealPath: C:\Users\34657\Desktop\Workspace-22.0\Starters\Acme-One\target\classes\WEB-INF\views\master\page.jsp 
2022-04-07 18:03:33.502 DEBUG [org.apache.jasper.servlet.JspServlet@http-nio-8080-exec-10] RequestURI: /acme-one-2.0/WEB-INF/views/master/page.jsp 
2022-04-07 18:03:33.502 DEBUG [org.apache.jasper.servlet.JspServlet@http-nio-8080-exec-10] QueryString: null 
2022-04-07 18:03:33.640 DEBUG [org.apache.jasper.servlet.JspServlet@http-nio-8080-exec-10] JspEngine --> /WEB-INF/views/fragments/welcome.jsp 
2022-04-07 18:03:33.640 DEBUG [org.apache.jasper.servlet.JspServlet@http-nio-8080-exec-10] ServletPath: /WEB-INF/views/master/page.jsp 
2022-04-07 18:03:33.640 DEBUG [org.apache.jasper.servlet.JspServlet@http-nio-8080-exec-10] PathInfo: null 
2022-04-07 18:03:33.641 DEBUG [org.apache.jasper.servlet.JspServlet@http-nio-8080-exec-10] RealPath: C:\Users\34657\Desktop\Workspace-22.0\Starters\Acme-One\target\classes\WEB-INF\views\fragments\welcome.jsp 
2022-04-07 18:03:33.641 DEBUG [org.apache.jasper.servlet.JspServlet@http-nio-8080-exec-10] RequestURI: /acme-one-2.0/WEB-INF/views/master/page.jsp 
2022-04-07 18:03:33.641 DEBUG [org.apache.jasper.servlet.JspServlet@http-nio-8080-exec-10] QueryString: null 
2022-04-07 18:03:34.878 DEBUG [acme.framework.controllers.AbstractController@http-nio-8080-exec-2] DISPATCHING GET /acme-one-2.0/any/chirp/list 
2022-04-07 18:03:34.878 DEBUG [acme.framework.controllers.AbstractController@http-nio-8080-exec-2] Command: list 
2022-04-07 18:03:34.878 DEBUG [acme.framework.controllers.AbstractController@http-nio-8080-exec-2] Model:   {} 
2022-04-07 18:03:34.878 DEBUG [acme.framework.controllers.AbstractController@http-nio-8080-exec-2] Locale:  en 
2022-04-07 18:03:34.883 DEBUG [org.hibernate.SQL@http-nio-8080-exec-2] select chirp0_.id as id1_0_, chirp0_.version as version2_0_, chirp0_.author as author1_6_, chirp0_.body as body2_6_, chirp0_.creation_moment as creation3_6_, chirp0_.email_address as email_ad4_6_, chirp0_.title as title5_6_ from chirp chirp0_ where chirp0_.creation_moment>? 
2022-04-07 18:03:34.883 TRACE [org.hibernate.type.descriptor.sql.BasicBinder@http-nio-8080-exec-2] binding parameter [1] as [TIMESTAMP] - [Mon Mar 07 18:03:34 CET 2022] 
2022-04-07 18:03:34.887 DEBUG [acme.framework.controllers.AbstractController@http-nio-8080-exec-2] SERVING GET /acme-one-2.0/any/chirp/list 
2022-04-07 18:03:34.887 DEBUG [acme.framework.controllers.AbstractController@http-nio-8080-exec-2] Result: ModelAndView [view="any/chirp/list"; model={list$size=0, command=list, principal=acme.framework.entities.Principal@375e90f7}] 
2022-04-07 18:03:34.888 DEBUG [acme.framework.components.tiles.DynamicTilesView@http-nio-8080-exec-2] View name 'any/chirp/list', model {list$size=0, command=list, principal=acme.framework.entities.Principal@375e90f7, org.springframework.validation.BindingResult.principal=org.springframework.validation.BeanPropertyBindingResult: 0 errors} 
2022-04-07 18:03:34.889 DEBUG [org.apache.jasper.servlet.JspServlet@http-nio-8080-exec-2] JspEngine --> /WEB-INF/views/master/page.jsp 
2022-04-07 18:03:34.889 DEBUG [org.apache.jasper.servlet.JspServlet@http-nio-8080-exec-2] ServletPath: /WEB-INF/views/master/page.jsp 
2022-04-07 18:03:34.890 DEBUG [org.apache.jasper.servlet.JspServlet@http-nio-8080-exec-2] PathInfo: null 
2022-04-07 18:03:34.890 DEBUG [org.apache.jasper.servlet.JspServlet@http-nio-8080-exec-2] RealPath: C:\Users\34657\Desktop\Workspace-22.0\Starters\Acme-One\target\classes\WEB-INF\views\master\page.jsp 
2022-04-07 18:03:34.890 DEBUG [org.apache.jasper.servlet.JspServlet@http-nio-8080-exec-2] RequestURI: /acme-one-2.0/WEB-INF/views/master/page.jsp 
2022-04-07 18:03:34.890 DEBUG [org.apache.jasper.servlet.JspServlet@http-nio-8080-exec-2] QueryString: null 
2022-04-07 18:03:35.024 DEBUG [org.apache.jasper.servlet.JspServlet@http-nio-8080-exec-2] JspEngine --> /WEB-INF/views/any/chirp/list.jsp 
2022-04-07 18:03:35.024 DEBUG [org.apache.jasper.servlet.JspServlet@http-nio-8080-exec-2] ServletPath: /WEB-INF/views/master/page.jsp 
2022-04-07 18:03:35.024 DEBUG [org.apache.jasper.servlet.JspServlet@http-nio-8080-exec-2] PathInfo: null 
2022-04-07 18:03:35.025 DEBUG [org.apache.jasper.servlet.JspServlet@http-nio-8080-exec-2] RealPath: C:\Users\34657\Desktop\Workspace-22.0\Starters\Acme-One\target\classes\WEB-INF\views\any\chirp\list.jsp 
2022-04-07 18:03:35.025 DEBUG [org.apache.jasper.servlet.JspServlet@http-nio-8080-exec-2] RequestURI: /acme-one-2.0/WEB-INF/views/master/page.jsp 
2022-04-07 18:03:35.025 DEBUG [org.apache.jasper.servlet.JspServlet@http-nio-8080-exec-2] QueryString: null 
