2022-04-15 22:00:50.227 INFO  [acme.Launcher@main] Starting Launcher using Java 1.8.0_221 on LAPTOP-3FUPSK0H with PID 8960 (C:\Users\34657\Desktop\Workspace-22.0\Frameworks\Acme-Framework-22.3\target\classes started by 34657 in C:\Users\34657\Desktop\Workspace-22.0\Starters\Acme-One) 
2022-04-15 22:00:50.229 DEBUG [acme.Launcher@main] Running with Spring Boot v2.4.2, Spring v5.3.3 
2022-04-15 22:00:50.230 INFO  [acme.Launcher@main] The following profiles are active: development,default 
2022-04-15 22:00:53.666 DEBUG [org.apache.jasper.servlet.JasperInitializer@main] Initializing Jasper for context [application] 
2022-04-15 22:00:59.600 DEBUG [org.apache.jasper.servlet.JspServlet@main] Scratch dir for the JSP engine is: [C:\Users\34657\AppData\Local\Temp\tomcat.8080.8739216240634870309\work\Tomcat\localhost\acme-one-2.0] 
2022-04-15 22:00:59.601 DEBUG [org.apache.jasper.servlet.JspServlet@main] IMPORTANT: Do not modify the generated servlets 
2022-04-15 22:00:59.619 INFO  [acme.Launcher@main] Started Launcher in 10.219 seconds (JVM running for 11.112) 
2022-04-15 22:00:59.627 DEBUG [acme.Launcher@main] Found classpath entry '/C:/Users/34657/Desktop/Workspace-22.0/Starters/Acme-One/target/test-classes/' 
2022-04-15 22:00:59.628 DEBUG [acme.Launcher@main] Found classpath entry '/C:/Users/34657/Desktop/Workspace-22.0/Starters/Acme-One/target/classes/' 
2022-04-15 22:00:59.629 DEBUG [acme.Launcher@main] Found classpath entry '/C:/Users/34657/Desktop/Workspace-22.0/Frameworks/Acme-Framework-22.3/target/classes/' 
2022-04-15 22:00:59.629 DEBUG [acme.Launcher@main] Found classpath entry '/C:/Users/34657/Desktop/Workspace-22.0/Frameworks/Acme-Framework-22.3/target/test-classes/' 
2022-04-15 22:00:59.629 DEBUG [acme.Launcher@main] Found classpath entry '/C:/Users/34657/.m2/repository/org/springframework/boot/spring-boot-starter-tomcat/2.4.2/spring-boot-starter-tomcat-2.4.2.jar' 
2022-04-15 22:00:59.630 DEBUG [acme.Launcher@main] Found classpath entry '/C:/Users/34657/.m2/repository/jakarta/annotation/jakarta.annotation-api/1.3.5/jakarta.annotation-api-1.3.5.jar' 
2022-04-15 22:00:59.630 DEBUG [acme.Launcher@main] Found classpath entry '/C:/Users/34657/.m2/repository/org/apache/tomcat/embed/tomcat-embed-core/9.0.41/tomcat-embed-core-9.0.41.jar' 
2022-04-15 22:00:59.631 DEBUG [acme.Launcher@main] Found classpath entry '/C:/Users/34657/.m2/repository/org/glassfish/jakarta.el/3.0.3/jakarta.el-3.0.3.jar' 
2022-04-15 22:00:59.632 DEBUG [acme.Launcher@main] Found classpath entry '/C:/Users/34657/.m2/repository/org/apache/tomcat/embed/tomcat-embed-websocket/9.0.41/tomcat-embed-websocket-9.0.41.jar' 
2022-04-15 22:00:59.632 DEBUG [acme.Launcher@main] Found classpath entry '/C:/Users/34657/.m2/repository/org/apache/tomcat/embed/tomcat-embed-jasper/9.0.41/tomcat-embed-jasper-9.0.41.jar' 
2022-04-15 22:00:59.632 DEBUG [acme.Launcher@main] Found classpath entry '/C:/Users/34657/.m2/repository/org/apache/tomcat/embed/tomcat-embed-el/9.0.41/tomcat-embed-el-9.0.41.jar' 
2022-04-15 22:00:59.633 DEBUG [acme.Launcher@main] Found classpath entry '/C:/Users/34657/.m2/repository/org/eclipse/jdt/ecj/3.18.0/ecj-3.18.0.jar' 
2022-04-15 22:00:59.633 DEBUG [acme.Launcher@main] Found classpath entry '/C:/Users/34657/.m2/repository/javax/servlet/jstl/1.2/jstl-1.2.jar' 
2022-04-15 22:00:59.633 DEBUG [acme.Launcher@main] Found classpath entry '/C:/Users/34657/.m2/repository/org/springframework/boot/spring-boot-starter-test/2.4.2/spring-boot-starter-test-2.4.2.jar' 
2022-04-15 22:00:59.634 DEBUG [acme.Launcher@main] Found classpath entry '/C:/Users/34657/.m2/repository/org/springframework/boot/spring-boot-starter/2.4.2/spring-boot-starter-2.4.2.jar' 
2022-04-15 22:00:59.634 DEBUG [acme.Launcher@main] Found classpath entry '/C:/Users/34657/.m2/repository/org/springframework/boot/spring-boot/2.4.2/spring-boot-2.4.2.jar' 
2022-04-15 22:00:59.634 DEBUG [acme.Launcher@main] Found classpath entry '/C:/Users/34657/.m2/repository/org/springframework/boot/spring-boot-autoconfigure/2.4.2/spring-boot-autoconfigure-2.4.2.jar' 
2022-04-15 22:00:59.635 DEBUG [acme.Launcher@main] Found classpath entry '/C:/Users/34657/.m2/repository/org/springframework/boot/spring-boot-starter-logging/2.4.2/spring-boot-starter-logging-2.4.2.jar' 
2022-04-15 22:00:59.635 DEBUG [acme.Launcher@main] Found classpath entry '/C:/Users/34657/.m2/repository/ch/qos/logback/logback-classic/1.2.3/logback-classic-1.2.3.jar' 
2022-04-15 22:00:59.635 DEBUG [acme.Launcher@main] Found classpath entry '/C:/Users/34657/.m2/repository/ch/qos/logback/logback-core/1.2.3/logback-core-1.2.3.jar' 
2022-04-15 22:00:59.635 DEBUG [acme.Launcher@main] Found classpath entry '/C:/Users/34657/.m2/repository/org/apache/logging/log4j/log4j-to-slf4j/2.13.3/log4j-to-slf4j-2.13.3.jar' 
2022-04-15 22:00:59.636 DEBUG [acme.Launcher@main] Found classpath entry '/C:/Users/34657/.m2/repository/org/apache/logging/log4j/log4j-api/2.13.3/log4j-api-2.13.3.jar' 
2022-04-15 22:00:59.636 DEBUG [acme.Launcher@main] Found classpath entry '/C:/Users/34657/.m2/repository/org/slf4j/jul-to-slf4j/1.7.30/jul-to-slf4j-1.7.30.jar' 
2022-04-15 22:00:59.636 DEBUG [acme.Launcher@main] Found classpath entry '/C:/Users/34657/.m2/repository/org/yaml/snakeyaml/1.27/snakeyaml-1.27.jar' 
2022-04-15 22:00:59.636 DEBUG [acme.Launcher@main] Found classpath entry '/C:/Users/34657/.m2/repository/org/springframework/boot/spring-boot-test/2.4.2/spring-boot-test-2.4.2.jar' 
2022-04-15 22:00:59.637 DEBUG [acme.Launcher@main] Found classpath entry '/C:/Users/34657/.m2/repository/org/springframework/boot/spring-boot-test-autoconfigure/2.4.2/spring-boot-test-autoconfigure-2.4.2.jar' 
2022-04-15 22:00:59.637 DEBUG [acme.Launcher@main] Found classpath entry '/C:/Users/34657/.m2/repository/com/jayway/jsonpath/json-path/2.4.0/json-path-2.4.0.jar' 
2022-04-15 22:00:59.637 DEBUG [acme.Launcher@main] Found classpath entry '/C:/Users/34657/.m2/repository/net/minidev/json-smart/2.3/json-smart-2.3.jar' 
2022-04-15 22:00:59.637 DEBUG [acme.Launcher@main] Found classpath entry '/C:/Users/34657/.m2/repository/net/minidev/accessors-smart/1.2/accessors-smart-1.2.jar' 
2022-04-15 22:00:59.637 DEBUG [acme.Launcher@main] Found classpath entry '/C:/Users/34657/.m2/repository/org/ow2/asm/asm/5.0.4/asm-5.0.4.jar' 
2022-04-15 22:00:59.638 DEBUG [acme.Launcher@main] Found classpath entry '/C:/Users/34657/.m2/repository/jakarta/xml/bind/jakarta.xml.bind-api/2.3.3/jakarta.xml.bind-api-2.3.3.jar' 
2022-04-15 22:00:59.638 DEBUG [acme.Launcher@main] Found classpath entry '/C:/Users/34657/.m2/repository/jakarta/activation/jakarta.activation-api/1.2.2/jakarta.activation-api-1.2.2.jar' 
2022-04-15 22:00:59.638 DEBUG [acme.Launcher@main] Found classpath entry '/C:/Users/34657/.m2/repository/org/assertj/assertj-core/3.18.1/assertj-core-3.18.1.jar' 
2022-04-15 22:00:59.639 DEBUG [acme.Launcher@main] Found classpath entry '/C:/Users/34657/.m2/repository/org/hamcrest/hamcrest/2.2/hamcrest-2.2.jar' 
2022-04-15 22:00:59.639 DEBUG [acme.Launcher@main] Found classpath entry '/C:/Users/34657/.m2/repository/org/junit/jupiter/junit-jupiter/5.7.0/junit-jupiter-5.7.0.jar' 
2022-04-15 22:00:59.639 DEBUG [acme.Launcher@main] Found classpath entry '/C:/Users/34657/.m2/repository/org/mockito/mockito-core/3.6.28/mockito-core-3.6.28.jar' 
2022-04-15 22:00:59.639 DEBUG [acme.Launcher@main] Found classpath entry '/C:/Users/34657/.m2/repository/net/bytebuddy/byte-buddy-agent/1.10.19/byte-buddy-agent-1.10.19.jar' 
2022-04-15 22:00:59.639 DEBUG [acme.Launcher@main] Found classpath entry '/C:/Users/34657/.m2/repository/org/objenesis/objenesis/3.1/objenesis-3.1.jar' 
2022-04-15 22:00:59.640 DEBUG [acme.Launcher@main] Found classpath entry '/C:/Users/34657/.m2/repository/org/mockito/mockito-junit-jupiter/3.6.28/mockito-junit-jupiter-3.6.28.jar' 
2022-04-15 22:00:59.640 DEBUG [acme.Launcher@main] Found classpath entry '/C:/Users/34657/.m2/repository/org/skyscreamer/jsonassert/1.5.0/jsonassert-1.5.0.jar' 
2022-04-15 22:00:59.640 DEBUG [acme.Launcher@main] Found classpath entry '/C:/Users/34657/.m2/repository/com/vaadin/external/google/android-json/0.0.20131108.vaadin1/android-json-0.0.20131108.vaadin1.jar' 
2022-04-15 22:00:59.640 DEBUG [acme.Launcher@main] Found classpath entry '/C:/Users/34657/.m2/repository/org/springframework/spring-core/5.3.3/spring-core-5.3.3.jar' 
2022-04-15 22:00:59.641 DEBUG [acme.Launcher@main] Found classpath entry '/C:/Users/34657/.m2/repository/org/springframework/spring-jcl/5.3.3/spring-jcl-5.3.3.jar' 
2022-04-15 22:00:59.641 DEBUG [acme.Launcher@main] Found classpath entry '/C:/Users/34657/.m2/repository/org/springframework/spring-test/5.3.3/spring-test-5.3.3.jar' 
2022-04-15 22:00:59.641 DEBUG [acme.Launcher@main] Found classpath entry '/C:/Users/34657/.m2/repository/org/xmlunit/xmlunit-core/2.7.0/xmlunit-core-2.7.0.jar' 
2022-04-15 22:00:59.641 DEBUG [acme.Launcher@main] Found classpath entry '/C:/Users/34657/.m2/repository/org/springframework/boot/spring-boot-starter-security/2.4.2/spring-boot-starter-security-2.4.2.jar' 
2022-04-15 22:00:59.641 DEBUG [acme.Launcher@main] Found classpath entry '/C:/Users/34657/.m2/repository/org/springframework/spring-aop/5.3.3/spring-aop-5.3.3.jar' 
2022-04-15 22:00:59.642 DEBUG [acme.Launcher@main] Found classpath entry '/C:/Users/34657/.m2/repository/org/springframework/security/spring-security-web/5.4.2/spring-security-web-5.4.2.jar' 
2022-04-15 22:00:59.642 DEBUG [acme.Launcher@main] Found classpath entry '/C:/Users/34657/.m2/repository/org/springframework/security/spring-security-core/5.4.2/spring-security-core-5.4.2.jar' 
2022-04-15 22:00:59.642 DEBUG [acme.Launcher@main] Found classpath entry '/C:/Users/34657/.m2/repository/org/springframework/spring-beans/5.3.3/spring-beans-5.3.3.jar' 
2022-04-15 22:00:59.642 DEBUG [acme.Launcher@main] Found classpath entry '/C:/Users/34657/.m2/repository/org/springframework/spring-context/5.3.3/spring-context-5.3.3.jar' 
2022-04-15 22:00:59.642 DEBUG [acme.Launcher@main] Found classpath entry '/C:/Users/34657/.m2/repository/org/springframework/spring-expression/5.3.3/spring-expression-5.3.3.jar' 
2022-04-15 22:00:59.643 DEBUG [acme.Launcher@main] Found classpath entry '/C:/Users/34657/.m2/repository/org/springframework/spring-web/5.3.3/spring-web-5.3.3.jar' 
2022-04-15 22:00:59.643 DEBUG [acme.Launcher@main] Found classpath entry '/C:/Users/34657/.m2/repository/org/springframework/security/spring-security-config/5.4.2/spring-security-config-5.4.2.jar' 
2022-04-15 22:00:59.643 DEBUG [acme.Launcher@main] Found classpath entry '/C:/Users/34657/.m2/repository/org/springframework/security/spring-security-taglibs/5.4.2/spring-security-taglibs-5.4.2.jar' 
2022-04-15 22:00:59.643 DEBUG [acme.Launcher@main] Found classpath entry '/C:/Users/34657/.m2/repository/org/springframework/security/spring-security-acl/5.4.2/spring-security-acl-5.4.2.jar' 
2022-04-15 22:00:59.644 DEBUG [acme.Launcher@main] Found classpath entry '/C:/Users/34657/.m2/repository/org/springframework/spring-jdbc/5.3.3/spring-jdbc-5.3.3.jar' 
2022-04-15 22:00:59.644 DEBUG [acme.Launcher@main] Found classpath entry '/C:/Users/34657/.m2/repository/org/springframework/spring-tx/5.3.3/spring-tx-5.3.3.jar' 
2022-04-15 22:00:59.644 DEBUG [acme.Launcher@main] Found classpath entry '/C:/Users/34657/.m2/repository/org/springframework/boot/spring-boot-starter-web/2.4.2/spring-boot-starter-web-2.4.2.jar' 
2022-04-15 22:00:59.645 DEBUG [acme.Launcher@main] Found classpath entry '/C:/Users/34657/.m2/repository/org/springframework/boot/spring-boot-starter-json/2.4.2/spring-boot-starter-json-2.4.2.jar' 
2022-04-15 22:00:59.645 DEBUG [acme.Launcher@main] Found classpath entry '/C:/Users/34657/.m2/repository/com/fasterxml/jackson/core/jackson-databind/2.11.4/jackson-databind-2.11.4.jar' 
2022-04-15 22:00:59.645 DEBUG [acme.Launcher@main] Found classpath entry '/C:/Users/34657/.m2/repository/com/fasterxml/jackson/core/jackson-annotations/2.11.4/jackson-annotations-2.11.4.jar' 
2022-04-15 22:00:59.645 DEBUG [acme.Launcher@main] Found classpath entry '/C:/Users/34657/.m2/repository/com/fasterxml/jackson/core/jackson-core/2.11.4/jackson-core-2.11.4.jar' 
2022-04-15 22:00:59.646 DEBUG [acme.Launcher@main] Found classpath entry '/C:/Users/34657/.m2/repository/com/fasterxml/jackson/datatype/jackson-datatype-jdk8/2.11.4/jackson-datatype-jdk8-2.11.4.jar' 
2022-04-15 22:00:59.646 DEBUG [acme.Launcher@main] Found classpath entry '/C:/Users/34657/.m2/repository/com/fasterxml/jackson/datatype/jackson-datatype-jsr310/2.11.4/jackson-datatype-jsr310-2.11.4.jar' 
2022-04-15 22:00:59.646 DEBUG [acme.Launcher@main] Found classpath entry '/C:/Users/34657/.m2/repository/com/fasterxml/jackson/module/jackson-module-parameter-names/2.11.4/jackson-module-parameter-names-2.11.4.jar' 
2022-04-15 22:00:59.646 DEBUG [acme.Launcher@main] Found classpath entry '/C:/Users/34657/.m2/repository/org/springframework/spring-webmvc/5.3.3/spring-webmvc-5.3.3.jar' 
2022-04-15 22:00:59.646 DEBUG [acme.Launcher@main] Found classpath entry '/C:/Users/34657/.m2/repository/org/apache/tiles/tiles-jsp/3.0.8/tiles-jsp-3.0.8.jar' 
2022-04-15 22:00:59.647 DEBUG [acme.Launcher@main] Found classpath entry '/C:/Users/34657/.m2/repository/org/apache/tiles/tiles-servlet/3.0.8/tiles-servlet-3.0.8.jar' 
2022-04-15 22:00:59.647 DEBUG [acme.Launcher@main] Found classpath entry '/C:/Users/34657/.m2/repository/org/apache/tiles/tiles-core/3.0.8/tiles-core-3.0.8.jar' 
2022-04-15 22:00:59.647 DEBUG [acme.Launcher@main] Found classpath entry '/C:/Users/34657/.m2/repository/commons-digester/commons-digester/2.0/commons-digester-2.0.jar' 
2022-04-15 22:00:59.647 DEBUG [acme.Launcher@main] Found classpath entry '/C:/Users/34657/.m2/repository/org/slf4j/jcl-over-slf4j/1.7.30/jcl-over-slf4j-1.7.30.jar' 
2022-04-15 22:00:59.647 DEBUG [acme.Launcher@main] Found classpath entry '/C:/Users/34657/.m2/repository/org/apache/tiles/tiles-request-servlet/1.0.7/tiles-request-servlet-1.0.7.jar' 
2022-04-15 22:00:59.648 DEBUG [acme.Launcher@main] Found classpath entry '/C:/Users/34657/.m2/repository/org/apache/tiles/tiles-template/3.0.8/tiles-template-3.0.8.jar' 
2022-04-15 22:00:59.648 DEBUG [acme.Launcher@main] Found classpath entry '/C:/Users/34657/.m2/repository/org/apache/tiles/tiles-api/3.0.8/tiles-api-3.0.8.jar' 
2022-04-15 22:00:59.648 DEBUG [acme.Launcher@main] Found classpath entry '/C:/Users/34657/.m2/repository/org/apache/tiles/tiles-autotag-core-runtime/1.2/tiles-autotag-core-runtime-1.2.jar' 
2022-04-15 22:00:59.648 DEBUG [acme.Launcher@main] Found classpath entry '/C:/Users/34657/.m2/repository/org/slf4j/slf4j-api/1.7.30/slf4j-api-1.7.30.jar' 
2022-04-15 22:00:59.648 DEBUG [acme.Launcher@main] Found classpath entry '/C:/Users/34657/.m2/repository/org/apache/tiles/tiles-request-jsp/1.0.7/tiles-request-jsp-1.0.7.jar' 
2022-04-15 22:00:59.648 DEBUG [acme.Launcher@main] Found classpath entry '/C:/Users/34657/.m2/repository/org/apache/tiles/tiles-request-api/1.0.7/tiles-request-api-1.0.7.jar' 
2022-04-15 22:00:59.649 DEBUG [acme.Launcher@main] Found classpath entry '/C:/Users/34657/.m2/repository/org/springframework/boot/spring-boot-starter-data-jpa/2.4.2/spring-boot-starter-data-jpa-2.4.2.jar' 
2022-04-15 22:00:59.649 DEBUG [acme.Launcher@main] Found classpath entry '/C:/Users/34657/.m2/repository/org/springframework/boot/spring-boot-starter-aop/2.4.2/spring-boot-starter-aop-2.4.2.jar' 
2022-04-15 22:00:59.649 DEBUG [acme.Launcher@main] Found classpath entry '/C:/Users/34657/.m2/repository/org/aspectj/aspectjweaver/1.9.6/aspectjweaver-1.9.6.jar' 
2022-04-15 22:00:59.649 DEBUG [acme.Launcher@main] Found classpath entry '/C:/Users/34657/.m2/repository/org/springframework/boot/spring-boot-starter-jdbc/2.4.2/spring-boot-starter-jdbc-2.4.2.jar' 
2022-04-15 22:00:59.649 DEBUG [acme.Launcher@main] Found classpath entry '/C:/Users/34657/.m2/repository/jakarta/transaction/jakarta.transaction-api/1.3.3/jakarta.transaction-api-1.3.3.jar' 
2022-04-15 22:00:59.649 DEBUG [acme.Launcher@main] Found classpath entry '/C:/Users/34657/.m2/repository/jakarta/persistence/jakarta.persistence-api/2.2.3/jakarta.persistence-api-2.2.3.jar' 
2022-04-15 22:00:59.649 DEBUG [acme.Launcher@main] Found classpath entry '/C:/Users/34657/.m2/repository/org/hibernate/hibernate-core/5.4.27.Final/hibernate-core-5.4.27.Final.jar' 
2022-04-15 22:00:59.650 DEBUG [acme.Launcher@main] Found classpath entry '/C:/Users/34657/.m2/repository/org/jboss/logging/jboss-logging/3.4.1.Final/jboss-logging-3.4.1.Final.jar' 
2022-04-15 22:00:59.650 DEBUG [acme.Launcher@main] Found classpath entry '/C:/Users/34657/.m2/repository/org/javassist/javassist/3.27.0-GA/javassist-3.27.0-GA.jar' 
2022-04-15 22:00:59.650 DEBUG [acme.Launcher@main] Found classpath entry '/C:/Users/34657/.m2/repository/antlr/antlr/2.7.7/antlr-2.7.7.jar' 
2022-04-15 22:00:59.650 DEBUG [acme.Launcher@main] Found classpath entry '/C:/Users/34657/.m2/repository/org/jboss/jandex/2.1.3.Final/jandex-2.1.3.Final.jar' 
2022-04-15 22:00:59.651 DEBUG [acme.Launcher@main] Found classpath entry '/C:/Users/34657/.m2/repository/com/fasterxml/classmate/1.5.1/classmate-1.5.1.jar' 
2022-04-15 22:00:59.651 DEBUG [acme.Launcher@main] Found classpath entry '/C:/Users/34657/.m2/repository/org/dom4j/dom4j/2.1.3/dom4j-2.1.3.jar' 
2022-04-15 22:00:59.651 DEBUG [acme.Launcher@main] Found classpath entry '/C:/Users/34657/.m2/repository/org/hibernate/common/hibernate-commons-annotations/5.1.2.Final/hibernate-commons-annotations-5.1.2.Final.jar' 
2022-04-15 22:00:59.651 DEBUG [acme.Launcher@main] Found classpath entry '/C:/Users/34657/.m2/repository/org/glassfish/jaxb/jaxb-runtime/2.3.3/jaxb-runtime-2.3.3.jar' 
2022-04-15 22:00:59.652 DEBUG [acme.Launcher@main] Found classpath entry '/C:/Users/34657/.m2/repository/org/glassfish/jaxb/txw2/2.3.3/txw2-2.3.3.jar' 
2022-04-15 22:00:59.652 DEBUG [acme.Launcher@main] Found classpath entry '/C:/Users/34657/.m2/repository/com/sun/istack/istack-commons-runtime/3.0.11/istack-commons-runtime-3.0.11.jar' 
2022-04-15 22:00:59.652 DEBUG [acme.Launcher@main] Found classpath entry '/C:/Users/34657/.m2/repository/com/sun/activation/jakarta.activation/1.2.2/jakarta.activation-1.2.2.jar' 
2022-04-15 22:00:59.652 DEBUG [acme.Launcher@main] Found classpath entry '/C:/Users/34657/.m2/repository/org/springframework/data/spring-data-jpa/2.4.3/spring-data-jpa-2.4.3.jar' 
2022-04-15 22:00:59.653 DEBUG [acme.Launcher@main] Found classpath entry '/C:/Users/34657/.m2/repository/org/springframework/data/spring-data-commons/2.4.3/spring-data-commons-2.4.3.jar' 
2022-04-15 22:00:59.653 DEBUG [acme.Launcher@main] Found classpath entry '/C:/Users/34657/.m2/repository/org/springframework/spring-orm/5.3.3/spring-orm-5.3.3.jar' 
2022-04-15 22:00:59.653 DEBUG [acme.Launcher@main] Found classpath entry '/C:/Users/34657/.m2/repository/org/springframework/spring-aspects/5.3.3/spring-aspects-5.3.3.jar' 
2022-04-15 22:00:59.653 DEBUG [acme.Launcher@main] Found classpath entry '/C:/Users/34657/.m2/repository/org/springframework/boot/spring-boot-starter-validation/2.4.2/spring-boot-starter-validation-2.4.2.jar' 
2022-04-15 22:00:59.653 DEBUG [acme.Launcher@main] Found classpath entry '/C:/Users/34657/.m2/repository/org/hibernate/validator/hibernate-validator/6.1.7.Final/hibernate-validator-6.1.7.Final.jar' 
2022-04-15 22:00:59.654 DEBUG [acme.Launcher@main] Found classpath entry '/C:/Users/34657/.m2/repository/jakarta/validation/jakarta.validation-api/2.0.2/jakarta.validation-api-2.0.2.jar' 
2022-04-15 22:00:59.654 DEBUG [acme.Launcher@main] Found classpath entry '/C:/Users/34657/.m2/repository/mysql/mysql-connector-java/8.0.22/mysql-connector-java-8.0.22.jar' 
2022-04-15 22:00:59.654 DEBUG [acme.Launcher@main] Found classpath entry '/C:/Users/34657/.m2/repository/com/zaxxer/HikariCP/3.4.5/HikariCP-3.4.5.jar' 
2022-04-15 22:00:59.654 DEBUG [acme.Launcher@main] Found classpath entry '/C:/Users/34657/.m2/repository/org/junit/jupiter/junit-jupiter-engine/5.7.0/junit-jupiter-engine-5.7.0.jar' 
2022-04-15 22:00:59.654 DEBUG [acme.Launcher@main] Found classpath entry '/C:/Users/34657/.m2/repository/org/apiguardian/apiguardian-api/1.1.0/apiguardian-api-1.1.0.jar' 
2022-04-15 22:00:59.654 DEBUG [acme.Launcher@main] Found classpath entry '/C:/Users/34657/.m2/repository/org/junit/platform/junit-platform-engine/1.7.0/junit-platform-engine-1.7.0.jar' 
2022-04-15 22:00:59.655 DEBUG [acme.Launcher@main] Found classpath entry '/C:/Users/34657/.m2/repository/org/junit/jupiter/junit-jupiter-api/5.7.0/junit-jupiter-api-5.7.0.jar' 
2022-04-15 22:00:59.655 DEBUG [acme.Launcher@main] Found classpath entry '/C:/Users/34657/.m2/repository/org/opentest4j/opentest4j/1.2.0/opentest4j-1.2.0.jar' 
2022-04-15 22:00:59.655 DEBUG [acme.Launcher@main] Found classpath entry '/C:/Users/34657/.m2/repository/org/junit/platform/junit-platform-commons/1.7.0/junit-platform-commons-1.7.0.jar' 
2022-04-15 22:00:59.656 DEBUG [acme.Launcher@main] Found classpath entry '/C:/Users/34657/.m2/repository/org/junit/jupiter/junit-jupiter-params/5.7.0/junit-jupiter-params-5.7.0.jar' 
2022-04-15 22:00:59.656 DEBUG [acme.Launcher@main] Found classpath entry '/C:/Users/34657/.m2/repository/org/junit/platform/junit-platform-launcher/1.7.0/junit-platform-launcher-1.7.0.jar' 
2022-04-15 22:00:59.656 DEBUG [acme.Launcher@main] Found classpath entry '/C:/Users/34657/.m2/repository/org/seleniumhq/selenium/selenium-java/3.141.59/selenium-java-3.141.59.jar' 
2022-04-15 22:00:59.657 DEBUG [acme.Launcher@main] Found classpath entry '/C:/Users/34657/.m2/repository/org/seleniumhq/selenium/selenium-api/3.141.59/selenium-api-3.141.59.jar' 
2022-04-15 22:00:59.657 DEBUG [acme.Launcher@main] Found classpath entry '/C:/Users/34657/.m2/repository/org/seleniumhq/selenium/selenium-chrome-driver/3.141.59/selenium-chrome-driver-3.141.59.jar' 
2022-04-15 22:00:59.658 DEBUG [acme.Launcher@main] Found classpath entry '/C:/Users/34657/.m2/repository/org/seleniumhq/selenium/selenium-edge-driver/3.141.59/selenium-edge-driver-3.141.59.jar' 
2022-04-15 22:00:59.658 DEBUG [acme.Launcher@main] Found classpath entry '/C:/Users/34657/.m2/repository/org/seleniumhq/selenium/selenium-firefox-driver/3.141.59/selenium-firefox-driver-3.141.59.jar' 
2022-04-15 22:00:59.659 DEBUG [acme.Launcher@main] Found classpath entry '/C:/Users/34657/.m2/repository/org/seleniumhq/selenium/selenium-ie-driver/3.141.59/selenium-ie-driver-3.141.59.jar' 
2022-04-15 22:00:59.659 DEBUG [acme.Launcher@main] Found classpath entry '/C:/Users/34657/.m2/repository/org/seleniumhq/selenium/selenium-opera-driver/3.141.59/selenium-opera-driver-3.141.59.jar' 
2022-04-15 22:00:59.659 DEBUG [acme.Launcher@main] Found classpath entry '/C:/Users/34657/.m2/repository/org/seleniumhq/selenium/selenium-remote-driver/3.141.59/selenium-remote-driver-3.141.59.jar' 
2022-04-15 22:00:59.660 DEBUG [acme.Launcher@main] Found classpath entry '/C:/Users/34657/.m2/repository/org/seleniumhq/selenium/selenium-safari-driver/3.141.59/selenium-safari-driver-3.141.59.jar' 
2022-04-15 22:00:59.660 DEBUG [acme.Launcher@main] Found classpath entry '/C:/Users/34657/.m2/repository/org/seleniumhq/selenium/selenium-support/3.141.59/selenium-support-3.141.59.jar' 
2022-04-15 22:00:59.660 DEBUG [acme.Launcher@main] Found classpath entry '/C:/Users/34657/.m2/repository/net/bytebuddy/byte-buddy/1.10.19/byte-buddy-1.10.19.jar' 
2022-04-15 22:00:59.661 DEBUG [acme.Launcher@main] Found classpath entry '/C:/Users/34657/.m2/repository/org/apache/commons/commons-exec/1.3/commons-exec-1.3.jar' 
2022-04-15 22:00:59.661 DEBUG [acme.Launcher@main] Found classpath entry '/C:/Users/34657/.m2/repository/com/google/guava/guava/25.0-jre/guava-25.0-jre.jar' 
2022-04-15 22:00:59.661 DEBUG [acme.Launcher@main] Found classpath entry '/C:/Users/34657/.m2/repository/com/google/code/findbugs/jsr305/1.3.9/jsr305-1.3.9.jar' 
2022-04-15 22:00:59.661 DEBUG [acme.Launcher@main] Found classpath entry '/C:/Users/34657/.m2/repository/org/checkerframework/checker-compat-qual/2.0.0/checker-compat-qual-2.0.0.jar' 
2022-04-15 22:00:59.661 DEBUG [acme.Launcher@main] Found classpath entry '/C:/Users/34657/.m2/repository/com/google/errorprone/error_prone_annotations/2.1.3/error_prone_annotations-2.1.3.jar' 
2022-04-15 22:00:59.662 DEBUG [acme.Launcher@main] Found classpath entry '/C:/Users/34657/.m2/repository/com/google/j2objc/j2objc-annotations/1.1/j2objc-annotations-1.1.jar' 
2022-04-15 22:00:59.662 DEBUG [acme.Launcher@main] Found classpath entry '/C:/Users/34657/.m2/repository/org/codehaus/mojo/animal-sniffer-annotations/1.14/animal-sniffer-annotations-1.14.jar' 
2022-04-15 22:00:59.662 DEBUG [acme.Launcher@main] Found classpath entry '/C:/Users/34657/.m2/repository/com/squareup/okhttp3/okhttp/3.14.9/okhttp-3.14.9.jar' 
2022-04-15 22:00:59.662 DEBUG [acme.Launcher@main] Found classpath entry '/C:/Users/34657/.m2/repository/com/squareup/okio/okio/1.14.0/okio-1.14.0.jar' 
2022-04-15 22:00:59.663 DEBUG [acme.Launcher@main] Found classpath entry '/C:/Users/34657/.m2/repository/org/apache/commons/commons-lang3/3.11/commons-lang3-3.11.jar' 
2022-04-15 22:00:59.663 DEBUG [acme.Launcher@main] Found classpath entry '/C:/Users/34657/.m2/repository/org/apache/commons/commons-text/1.8/commons-text-1.8.jar' 
2022-04-15 22:00:59.663 DEBUG [acme.Launcher@main] Found classpath entry '/C:/Users/34657/.m2/repository/commons-io/commons-io/2.6/commons-io-2.6.jar' 
2022-04-15 22:00:59.663 DEBUG [acme.Launcher@main] Found classpath entry '/C:/Users/34657/.m2/repository/commons-cli/commons-cli/1.4/commons-cli-1.4.jar' 
2022-04-15 22:00:59.663 DEBUG [acme.Launcher@main] Found classpath entry '/C:/Users/34657/.m2/repository/org/projectlombok/lombok/1.18.16/lombok-1.18.16.jar' 
2022-04-15 22:00:59.664 DEBUG [acme.Launcher@main] Found classpath entry '/C:/Users/34657/.m2/repository/com/opencsv/opencsv/5.4/opencsv-5.4.jar' 
2022-04-15 22:00:59.664 DEBUG [acme.Launcher@main] Found classpath entry '/C:/Users/34657/.m2/repository/commons-beanutils/commons-beanutils/1.9.4/commons-beanutils-1.9.4.jar' 
2022-04-15 22:00:59.664 DEBUG [acme.Launcher@main] Found classpath entry '/C:/Users/34657/.m2/repository/commons-logging/commons-logging/1.2/commons-logging-1.2.jar' 
2022-04-15 22:00:59.664 DEBUG [acme.Launcher@main] Found classpath entry '/C:/Users/34657/.m2/repository/commons-collections/commons-collections/3.2.2/commons-collections-3.2.2.jar' 
2022-04-15 22:00:59.665 DEBUG [acme.Launcher@main] Found classpath entry '/C:/Users/34657/.m2/repository/org/apache/commons/commons-collections4/4.4/commons-collections4-4.4.jar' 
2022-04-15 22:00:59.665 DEBUG [acme.Launcher@main] Found classpath entry '/C:/Users/34657/Desktop/Workspace-22.0/Tools/IDEs/eclipse-jee-2021-12-R/configuration/org.eclipse.osgi/418/0/.cp/lib/javaagent-shaded.jar' 
2022-04-15 22:00:59.791 DEBUG [acme.Launcher@main] Found entity class 'acme.entities.Announcement 
2022-04-15 22:00:59.791 DEBUG [acme.Launcher@main] Found entity class 'acme.entities.Chirp 
2022-04-15 22:00:59.791 DEBUG [acme.Launcher@main] Found entity class 'acme.entities.Currency 
2022-04-15 22:00:59.791 DEBUG [acme.Launcher@main] Found entity class 'acme.entities.Item 
2022-04-15 22:00:59.791 DEBUG [acme.Launcher@main] Found entity class 'acme.entities.Patronage 
2022-04-15 22:00:59.791 DEBUG [acme.Launcher@main] Found entity class 'acme.entities.PatronageReport 
2022-04-15 22:00:59.791 DEBUG [acme.Launcher@main] Found entity class 'acme.entities.Quantity 
2022-04-15 22:00:59.792 DEBUG [acme.Launcher@main] Found entity class 'acme.entities.Spam 
2022-04-15 22:00:59.792 DEBUG [acme.Launcher@main] Found entity class 'acme.entities.Toolkit 
2022-04-15 22:00:59.792 DEBUG [acme.Launcher@main] Found entity class 'acme.roles.Consumer 
2022-04-15 22:00:59.792 DEBUG [acme.Launcher@main] Found entity class 'acme.roles.Inventor 
2022-04-15 22:00:59.792 DEBUG [acme.Launcher@main] Found entity class 'acme.roles.Patron 
2022-04-15 22:00:59.792 DEBUG [acme.Launcher@main] Found entity class 'acme.roles.Provider 
2022-04-15 22:00:59.793 DEBUG [acme.Launcher@main] Found entity class 'acme.framework.entities.UserAccount 
2022-04-15 22:00:59.793 DEBUG [acme.Launcher@main] Found entity class 'acme.framework.roles.Administrator 
2022-04-15 22:00:59.793 DEBUG [acme.Launcher@main] Found entity class 'acme.framework.roles.Anonymous 
2022-04-15 22:00:59.793 DEBUG [acme.Launcher@main] Found entity class 'acme.framework.roles.Any 
2022-04-15 22:00:59.793 DEBUG [acme.Launcher@main] Found entity class 'acme.framework.roles.Authenticated 
2022-04-15 22:00:59.799 INFO  [acme.Launcher@main] Running application (Standalone) 
2022-04-15 22:01:36.594 DEBUG [acme.framework.components.tiles.DynamicTilesView@http-nio-8080-exec-2] View name 'fragments/welcome', model {} 
2022-04-15 22:01:36.616 DEBUG [org.apache.tiles.definition.dao.BaseLocaleUrlDefinitionDAO@http-nio-8080-exec-2] File Resource file:/C:/Users/34657/Desktop/Workspace-22.0/Starters/Acme-One/target/classes/WEB-INF/views/master/tiles_en.xml at file:/C:/Users/34657/Desktop/Workspace-22.0/Starters/Acme-One/target/classes/WEB-INF/views/master/tiles_en.xml not found, continue 
2022-04-15 22:01:36.626 DEBUG [org.apache.jasper.servlet.JspServlet@http-nio-8080-exec-2] JspEngine --> /WEB-INF/views/master/page.jsp 
2022-04-15 22:01:36.627 DEBUG [org.apache.jasper.servlet.JspServlet@http-nio-8080-exec-2] ServletPath: /WEB-INF/views/master/page.jsp 
2022-04-15 22:01:36.628 DEBUG [org.apache.jasper.servlet.JspServlet@http-nio-8080-exec-2] PathInfo: null 
2022-04-15 22:01:36.630 DEBUG [org.apache.jasper.servlet.JspServlet@http-nio-8080-exec-2] RealPath: C:\Users\34657\Desktop\Workspace-22.0\Starters\Acme-One\target\classes\WEB-INF\views\master\page.jsp 
2022-04-15 22:01:36.630 DEBUG [org.apache.jasper.servlet.JspServlet@http-nio-8080-exec-2] RequestURI: /acme-one-2.0/WEB-INF/views/master/page.jsp 
2022-04-15 22:01:36.631 DEBUG [org.apache.jasper.servlet.JspServlet@http-nio-8080-exec-2] QueryString: null 
2022-04-15 22:01:41.263 DEBUG [acme.framework.configuration.ExtendedMessageSource@http-nio-8080-exec-2] Loading properties [C:\Users\34657\Desktop\Workspace-22.0\Starters\Acme-One\target\classes\WEB-INF\views\administrator\user-account\messages-en.i18n] with encoding 'utf-8' 
2022-04-15 22:01:41.264 DEBUG [acme.framework.configuration.ExtendedMessageSource@http-nio-8080-exec-2] Loading properties [C:\Users\34657\Desktop\Workspace-22.0\Starters\Acme-One\target\classes\WEB-INF\views\any\chirp\mesagges-en.i18n] with encoding 'utf-8' 
2022-04-15 22:01:41.265 DEBUG [acme.framework.configuration.ExtendedMessageSource@http-nio-8080-exec-2] Loading properties [C:\Users\34657\Desktop\Workspace-22.0\Starters\Acme-One\target\classes\WEB-INF\views\any\toolkit\mesagges-en.i18n] with encoding 'utf-8' 
2022-04-15 22:01:41.266 DEBUG [acme.framework.configuration.ExtendedMessageSource@http-nio-8080-exec-2] Loading properties [C:\Users\34657\Desktop\Workspace-22.0\Starters\Acme-One\target\classes\WEB-INF\views\authenticated\announcement\messsages-en.i18n] with encoding 'utf-8' 
2022-04-15 22:01:41.267 DEBUG [acme.framework.configuration.ExtendedMessageSource@http-nio-8080-exec-2] Loading properties [C:\Users\34657\Desktop\Workspace-22.0\Starters\Acme-One\target\classes\WEB-INF\views\authenticated\consumer\messsages-en.i18n] with encoding 'utf-8' 
2022-04-15 22:01:41.268 DEBUG [acme.framework.configuration.ExtendedMessageSource@http-nio-8080-exec-2] Loading properties [C:\Users\34657\Desktop\Workspace-22.0\Starters\Acme-One\target\classes\WEB-INF\views\authenticated\currency\messsages-en.i18n] with encoding 'utf-8' 
2022-04-15 22:01:41.269 DEBUG [acme.framework.configuration.ExtendedMessageSource@http-nio-8080-exec-2] Loading properties [C:\Users\34657\Desktop\Workspace-22.0\Starters\Acme-One\target\classes\WEB-INF\views\authenticated\provider\messsages-en.i18n] with encoding 'utf-8' 
2022-04-15 22:01:41.269 DEBUG [acme.framework.configuration.ExtendedMessageSource@http-nio-8080-exec-2] Loading properties [C:\Users\34657\Desktop\Workspace-22.0\Starters\Acme-One\target\classes\WEB-INF\views\authenticated\spam\messsages-en.i18n] with encoding 'utf-8' 
2022-04-15 22:01:41.271 DEBUG [acme.framework.configuration.ExtendedMessageSource@http-nio-8080-exec-2] Loading properties [C:\Users\34657\Desktop\Workspace-22.0\Starters\Acme-One\target\classes\WEB-INF\views\fragments\banner-en.i18n] with encoding 'utf-8' 
2022-04-15 22:01:41.272 DEBUG [acme.framework.configuration.ExtendedMessageSource@http-nio-8080-exec-2] Loading properties [C:\Users\34657\Desktop\Workspace-22.0\Starters\Acme-One\target\classes\WEB-INF\views\fragments\company-en.i18n] with encoding 'utf-8' 
2022-04-15 22:01:41.273 DEBUG [acme.framework.configuration.ExtendedMessageSource@http-nio-8080-exec-2] Loading properties [C:\Users\34657\Desktop\Workspace-22.0\Starters\Acme-One\target\classes\WEB-INF\views\fragments\footer-en.i18n] with encoding 'utf-8' 
2022-04-15 22:01:41.274 DEBUG [acme.framework.configuration.ExtendedMessageSource@http-nio-8080-exec-2] Loading properties [C:\Users\34657\Desktop\Workspace-22.0\Starters\Acme-One\target\classes\WEB-INF\views\fragments\license-en.i18n] with encoding 'utf-8' 
2022-04-15 22:01:41.275 DEBUG [acme.framework.configuration.ExtendedMessageSource@http-nio-8080-exec-2] Loading properties [C:\Users\34657\Desktop\Workspace-22.0\Starters\Acme-One\target\classes\WEB-INF\views\fragments\menu-en.i18n] with encoding 'utf-8' 
2022-04-15 22:01:41.275 DEBUG [acme.framework.configuration.ExtendedMessageSource@http-nio-8080-exec-2] Loading properties [C:\Users\34657\Desktop\Workspace-22.0\Starters\Acme-One\target\classes\WEB-INF\views\fragments\messsages-en.i18n] with encoding 'utf-8' 
2022-04-15 22:01:41.276 DEBUG [acme.framework.configuration.ExtendedMessageSource@http-nio-8080-exec-2] Loading properties [C:\Users\34657\Desktop\Workspace-22.0\Starters\Acme-One\target\classes\WEB-INF\views\fragments\title-en.i18n] with encoding 'utf-8' 
2022-04-15 22:01:41.277 DEBUG [acme.framework.configuration.ExtendedMessageSource@http-nio-8080-exec-2] Loading properties [C:\Users\34657\Desktop\Workspace-22.0\Starters\Acme-One\target\classes\WEB-INF\views\fragments\welcome-en.i18n] with encoding 'utf-8' 
2022-04-15 22:01:41.278 DEBUG [acme.framework.configuration.ExtendedMessageSource@http-nio-8080-exec-2] Loading properties [C:\Users\34657\Desktop\Workspace-22.0\Starters\Acme-One\target\classes\WEB-INF\views\inventor\item\messagges-en.i18n] with encoding 'utf-8' 
2022-04-15 22:01:41.279 DEBUG [acme.framework.configuration.ExtendedMessageSource@http-nio-8080-exec-2] Loading properties [C:\Users\34657\Desktop\Workspace-22.0\Starters\Acme-One\target\classes\WEB-INF\views\master\defaults-en.i18n] with encoding 'utf-8' 
2022-04-15 22:01:41.280 DEBUG [acme.framework.configuration.ExtendedMessageSource@http-nio-8080-exec-2] Loading properties [C:\Users\34657\Desktop\Workspace-22.0\Starters\Acme-One\target\classes\WEB-INF\views\master\master-en.i18n] with encoding 'utf-8' 
2022-04-15 22:01:41.281 DEBUG [acme.framework.configuration.ExtendedMessageSource@http-nio-8080-exec-2] Loading properties [C:\Users\34657\Desktop\Workspace-22.0\Starters\Acme-One\target\classes\WEB-INF\views\master\throwables-en.i18n] with encoding 'utf-8' 
2022-04-15 22:01:41.282 DEBUG [acme.framework.configuration.ExtendedMessageSource@http-nio-8080-exec-2] Loading properties [C:\Users\34657\Desktop\Workspace-22.0\Starters\Acme-One\target\classes\WEB-INF\views\master\validation-en.i18n] with encoding 'utf-8' 
2022-04-15 22:01:41.451 DEBUG [org.apache.jasper.servlet.JspServlet@http-nio-8080-exec-2] JspEngine --> /WEB-INF/views/fragments/welcome.jsp 
2022-04-15 22:01:41.451 DEBUG [org.apache.jasper.servlet.JspServlet@http-nio-8080-exec-2] ServletPath: /WEB-INF/views/master/page.jsp 
2022-04-15 22:01:41.452 DEBUG [org.apache.jasper.servlet.JspServlet@http-nio-8080-exec-2] PathInfo: null 
2022-04-15 22:01:41.453 DEBUG [org.apache.jasper.servlet.JspServlet@http-nio-8080-exec-2] RealPath: C:\Users\34657\Desktop\Workspace-22.0\Starters\Acme-One\target\classes\WEB-INF\views\fragments\welcome.jsp 
2022-04-15 22:01:41.454 DEBUG [org.apache.jasper.servlet.JspServlet@http-nio-8080-exec-2] RequestURI: /acme-one-2.0/WEB-INF/views/master/page.jsp 
2022-04-15 22:01:41.454 DEBUG [org.apache.jasper.servlet.JspServlet@http-nio-8080-exec-2] QueryString: null 
2022-04-15 22:01:41.752 DEBUG [org.hibernate.SQL@http-nio-8080-exec-2] select useraccoun0_.id as id1_0_, useraccoun0_.version as version2_0_, useraccoun0_.enabled as enabled1_18_, useraccoun0_.identity as identity2_18_, useraccoun0_.password as password3_18_, useraccoun0_.username as username4_18_ from user_account useraccoun0_ where useraccoun0_.username=? 
2022-04-15 22:01:41.777 TRACE [org.hibernate.type.descriptor.sql.BasicBinder@http-nio-8080-exec-2] binding parameter [1] as [VARCHAR] - [anonymous] 
2022-04-15 22:01:41.835 DEBUG [org.hibernate.SQL@http-nio-8080-exec-2] select roles0_.user_account_id as user_acc1_19_0_, roles0_.id as id1_19_0_, roles0_.id as id1_0_1_, roles0_.version as version2_0_1_, roles0_.user_account_id as user_acc1_19_1_, roles0_.company as company1_7_1_, roles0_.sector as sector2_7_1_, roles0_.company as company1_9_1_, roles0_.link as link2_9_1_, roles0_.statement as statemen3_9_1_, roles0_.company as company1_11_1_, roles0_.link as link2_11_1_, roles0_.statement as statemen3_11_1_, roles0_.company as company1_14_1_, roles0_.sector as sector2_14_1_, roles0_.clazz_ as clazz_1_ from ( select id, version, user_account_id, company, sector, null as link, null as statement, 11 as clazz_ from consumer union all select id, version, user_account_id, company, null as sector, link, statement, 12 as clazz_ from inventor union all select id, version, user_account_id, company, null as sector, link, statement, 13 as clazz_ from patron union all select id, version, user_account_id, company, sector, null as link, null as statement, 14 as clazz_ from provider union all select id, version, user_account_id, null as company, null as sector, null as link, null as statement, 16 as clazz_ from administrator union all select id, version, user_account_id, null as company, null as sector, null as link, null as statement, 17 as clazz_ from anonymous union all select id, version, user_account_id, null as company, null as sector, null as link, null as statement, 18 as clazz_ from any union all select id, version, user_account_id, null as company, null as sector, null as link, null as statement, 19 as clazz_ from authenticated ) roles0_ where roles0_.user_account_id=? 
2022-04-15 22:01:41.835 TRACE [org.hibernate.type.descriptor.sql.BasicBinder@http-nio-8080-exec-2] binding parameter [1] as [INTEGER] - [1] 
2022-04-15 22:01:45.631 DEBUG [acme.framework.controllers.AbstractController@http-nio-8080-exec-3] DISPATCHING GET /acme-one-2.0/any/toolkit/list 
2022-04-15 22:01:45.631 DEBUG [acme.framework.controllers.AbstractController@http-nio-8080-exec-3] Command: list 
2022-04-15 22:01:45.631 DEBUG [acme.framework.controllers.AbstractController@http-nio-8080-exec-3] Model:   {} 
2022-04-15 22:01:45.631 DEBUG [acme.framework.controllers.AbstractController@http-nio-8080-exec-3] Locale:  en 
2022-04-15 22:01:45.644 DEBUG [org.hibernate.SQL@http-nio-8080-exec-3] select useraccoun0_.id as id1_0_, useraccoun0_.version as version2_0_, useraccoun0_.enabled as enabled1_18_, useraccoun0_.identity as identity2_18_, useraccoun0_.password as password3_18_, useraccoun0_.username as username4_18_ from user_account useraccoun0_ where useraccoun0_.username=? 
2022-04-15 22:01:45.644 TRACE [org.hibernate.type.descriptor.sql.BasicBinder@http-nio-8080-exec-3] binding parameter [1] as [VARCHAR] - [anonymous] 
2022-04-15 22:01:45.646 DEBUG [org.hibernate.SQL@http-nio-8080-exec-3] select roles0_.user_account_id as user_acc1_19_0_, roles0_.id as id1_19_0_, roles0_.id as id1_0_1_, roles0_.version as version2_0_1_, roles0_.user_account_id as user_acc1_19_1_, roles0_.company as company1_7_1_, roles0_.sector as sector2_7_1_, roles0_.company as company1_9_1_, roles0_.link as link2_9_1_, roles0_.statement as statemen3_9_1_, roles0_.company as company1_11_1_, roles0_.link as link2_11_1_, roles0_.statement as statemen3_11_1_, roles0_.company as company1_14_1_, roles0_.sector as sector2_14_1_, roles0_.clazz_ as clazz_1_ from ( select id, version, user_account_id, company, sector, null as link, null as statement, 11 as clazz_ from consumer union all select id, version, user_account_id, company, null as sector, link, statement, 12 as clazz_ from inventor union all select id, version, user_account_id, company, null as sector, link, statement, 13 as clazz_ from patron union all select id, version, user_account_id, company, sector, null as link, null as statement, 14 as clazz_ from provider union all select id, version, user_account_id, null as company, null as sector, null as link, null as statement, 16 as clazz_ from administrator union all select id, version, user_account_id, null as company, null as sector, null as link, null as statement, 17 as clazz_ from anonymous union all select id, version, user_account_id, null as company, null as sector, null as link, null as statement, 18 as clazz_ from any union all select id, version, user_account_id, null as company, null as sector, null as link, null as statement, 19 as clazz_ from authenticated ) roles0_ where roles0_.user_account_id=? 
2022-04-15 22:01:45.647 TRACE [org.hibernate.type.descriptor.sql.BasicBinder@http-nio-8080-exec-3] binding parameter [1] as [INTEGER] - [1] 
2022-04-15 22:01:45.680 DEBUG [org.hibernate.SQL@http-nio-8080-exec-3] select toolkit0_.id as id1_0_, toolkit0_.version as version2_0_, toolkit0_.assembly_notes as assembly1_17_, toolkit0_.code as code2_17_, toolkit0_.description as descript3_17_, toolkit0_.item_id as item_id7_17_, toolkit0_.link as link4_17_, toolkit0_.publish as publish5_17_, toolkit0_.title as title6_17_ from toolkit toolkit0_ 
2022-04-15 22:01:45.706 DEBUG [acme.framework.controllers.AbstractController@http-nio-8080-exec-3] SERVING GET /acme-one-2.0/any/toolkit/list 
2022-04-15 22:01:45.706 DEBUG [acme.framework.controllers.AbstractController@http-nio-8080-exec-3] Result: ModelAndView [view="any/toolkit/list"; model={item.name[0]=null, link[0]=http://www.google.com, item.id[0]=0, description[0]=Toolkit 1, code[0]=AAA-000, version[0]=0, title[0]=1, id[0]=23, list$size=1, assemblyNotes[0]=ejemplo, command=list, principal=acme.framework.entities.Principal@63e7dfa3}] 
2022-04-15 22:01:45.714 DEBUG [acme.framework.components.tiles.DynamicTilesView@http-nio-8080-exec-3] View name 'any/toolkit/list', model {item.name[0]=null, link[0]=http://www.google.com, item.id[0]=0, description[0]=Toolkit 1, code[0]=AAA-000, version[0]=0, title[0]=1, id[0]=23, list$size=1, assemblyNotes[0]=ejemplo, command=list, principal=acme.framework.entities.Principal@63e7dfa3, org.springframework.validation.BindingResult.principal=org.springframework.validation.BeanPropertyBindingResult: 0 errors} 
2022-04-15 22:01:45.716 DEBUG [org.apache.jasper.servlet.JspServlet@http-nio-8080-exec-3] JspEngine --> /WEB-INF/views/master/page.jsp 
2022-04-15 22:01:45.716 DEBUG [org.apache.jasper.servlet.JspServlet@http-nio-8080-exec-3] ServletPath: /WEB-INF/views/master/page.jsp 
2022-04-15 22:01:45.716 DEBUG [org.apache.jasper.servlet.JspServlet@http-nio-8080-exec-3] PathInfo: null 
2022-04-15 22:01:45.718 DEBUG [org.apache.jasper.servlet.JspServlet@http-nio-8080-exec-3] RealPath: C:\Users\34657\Desktop\Workspace-22.0\Starters\Acme-One\target\classes\WEB-INF\views\master\page.jsp 
2022-04-15 22:01:45.718 DEBUG [org.apache.jasper.servlet.JspServlet@http-nio-8080-exec-3] RequestURI: /acme-one-2.0/WEB-INF/views/master/page.jsp 
2022-04-15 22:01:45.718 DEBUG [org.apache.jasper.servlet.JspServlet@http-nio-8080-exec-3] QueryString: null 
2022-04-15 22:01:45.860 DEBUG [org.apache.jasper.servlet.JspServlet@http-nio-8080-exec-3] JspEngine --> /WEB-INF/views/any/toolkit/list.jsp 
2022-04-15 22:01:45.861 DEBUG [org.apache.jasper.servlet.JspServlet@http-nio-8080-exec-3] ServletPath: /WEB-INF/views/master/page.jsp 
2022-04-15 22:01:45.861 DEBUG [org.apache.jasper.servlet.JspServlet@http-nio-8080-exec-3] PathInfo: null 
2022-04-15 22:01:45.862 DEBUG [org.apache.jasper.servlet.JspServlet@http-nio-8080-exec-3] RealPath: C:\Users\34657\Desktop\Workspace-22.0\Starters\Acme-One\target\classes\WEB-INF\views\any\toolkit\list.jsp 
2022-04-15 22:01:45.863 DEBUG [org.apache.jasper.servlet.JspServlet@http-nio-8080-exec-3] RequestURI: /acme-one-2.0/WEB-INF/views/master/page.jsp 
2022-04-15 22:01:45.863 DEBUG [org.apache.jasper.servlet.JspServlet@http-nio-8080-exec-3] QueryString: null 
2022-04-15 22:01:46.990 DEBUG [org.hibernate.SQL@http-nio-8080-exec-3] select useraccoun0_.id as id1_0_, useraccoun0_.version as version2_0_, useraccoun0_.enabled as enabled1_18_, useraccoun0_.identity as identity2_18_, useraccoun0_.password as password3_18_, useraccoun0_.username as username4_18_ from user_account useraccoun0_ where useraccoun0_.username=? 
2022-04-15 22:01:46.991 TRACE [org.hibernate.type.descriptor.sql.BasicBinder@http-nio-8080-exec-3] binding parameter [1] as [VARCHAR] - [anonymous] 
2022-04-15 22:01:46.992 DEBUG [org.hibernate.SQL@http-nio-8080-exec-3] select roles0_.user_account_id as user_acc1_19_0_, roles0_.id as id1_19_0_, roles0_.id as id1_0_1_, roles0_.version as version2_0_1_, roles0_.user_account_id as user_acc1_19_1_, roles0_.company as company1_7_1_, roles0_.sector as sector2_7_1_, roles0_.company as company1_9_1_, roles0_.link as link2_9_1_, roles0_.statement as statemen3_9_1_, roles0_.company as company1_11_1_, roles0_.link as link2_11_1_, roles0_.statement as statemen3_11_1_, roles0_.company as company1_14_1_, roles0_.sector as sector2_14_1_, roles0_.clazz_ as clazz_1_ from ( select id, version, user_account_id, company, sector, null as link, null as statement, 11 as clazz_ from consumer union all select id, version, user_account_id, company, null as sector, link, statement, 12 as clazz_ from inventor union all select id, version, user_account_id, company, null as sector, link, statement, 13 as clazz_ from patron union all select id, version, user_account_id, company, sector, null as link, null as statement, 14 as clazz_ from provider union all select id, version, user_account_id, null as company, null as sector, null as link, null as statement, 16 as clazz_ from administrator union all select id, version, user_account_id, null as company, null as sector, null as link, null as statement, 17 as clazz_ from anonymous union all select id, version, user_account_id, null as company, null as sector, null as link, null as statement, 18 as clazz_ from any union all select id, version, user_account_id, null as company, null as sector, null as link, null as statement, 19 as clazz_ from authenticated ) roles0_ where roles0_.user_account_id=? 
2022-04-15 22:01:46.993 TRACE [org.hibernate.type.descriptor.sql.BasicBinder@http-nio-8080-exec-3] binding parameter [1] as [INTEGER] - [1] 
2022-04-15 22:01:49.082 DEBUG [acme.framework.controllers.AbstractController@http-nio-8080-exec-9] DISPATCHING GET /acme-one-2.0/any/toolkit/show 
2022-04-15 22:01:49.082 DEBUG [acme.framework.controllers.AbstractController@http-nio-8080-exec-9] Command: show 
2022-04-15 22:01:49.082 DEBUG [acme.framework.controllers.AbstractController@http-nio-8080-exec-9] Model:   {id=23} 
2022-04-15 22:01:49.082 DEBUG [acme.framework.controllers.AbstractController@http-nio-8080-exec-9] Locale:  en 
2022-04-15 22:01:49.083 DEBUG [org.hibernate.SQL@http-nio-8080-exec-9] select useraccoun0_.id as id1_0_, useraccoun0_.version as version2_0_, useraccoun0_.enabled as enabled1_18_, useraccoun0_.identity as identity2_18_, useraccoun0_.password as password3_18_, useraccoun0_.username as username4_18_ from user_account useraccoun0_ where useraccoun0_.username=? 
2022-04-15 22:01:49.084 TRACE [org.hibernate.type.descriptor.sql.BasicBinder@http-nio-8080-exec-9] binding parameter [1] as [VARCHAR] - [anonymous] 
2022-04-15 22:01:49.086 DEBUG [org.hibernate.SQL@http-nio-8080-exec-9] select roles0_.user_account_id as user_acc1_19_0_, roles0_.id as id1_19_0_, roles0_.id as id1_0_1_, roles0_.version as version2_0_1_, roles0_.user_account_id as user_acc1_19_1_, roles0_.company as company1_7_1_, roles0_.sector as sector2_7_1_, roles0_.company as company1_9_1_, roles0_.link as link2_9_1_, roles0_.statement as statemen3_9_1_, roles0_.company as company1_11_1_, roles0_.link as link2_11_1_, roles0_.statement as statemen3_11_1_, roles0_.company as company1_14_1_, roles0_.sector as sector2_14_1_, roles0_.clazz_ as clazz_1_ from ( select id, version, user_account_id, company, sector, null as link, null as statement, 11 as clazz_ from consumer union all select id, version, user_account_id, company, null as sector, link, statement, 12 as clazz_ from inventor union all select id, version, user_account_id, company, null as sector, link, statement, 13 as clazz_ from patron union all select id, version, user_account_id, company, sector, null as link, null as statement, 14 as clazz_ from provider union all select id, version, user_account_id, null as company, null as sector, null as link, null as statement, 16 as clazz_ from administrator union all select id, version, user_account_id, null as company, null as sector, null as link, null as statement, 17 as clazz_ from anonymous union all select id, version, user_account_id, null as company, null as sector, null as link, null as statement, 18 as clazz_ from any union all select id, version, user_account_id, null as company, null as sector, null as link, null as statement, 19 as clazz_ from authenticated ) roles0_ where roles0_.user_account_id=? 
2022-04-15 22:01:49.087 TRACE [org.hibernate.type.descriptor.sql.BasicBinder@http-nio-8080-exec-9] binding parameter [1] as [INTEGER] - [1] 
2022-04-15 22:01:49.096 DEBUG [org.hibernate.SQL@http-nio-8080-exec-9] select toolkit0_.id as id1_0_, toolkit0_.version as version2_0_, toolkit0_.assembly_notes as assembly1_17_, toolkit0_.code as code2_17_, toolkit0_.description as descript3_17_, toolkit0_.item_id as item_id7_17_, toolkit0_.link as link4_17_, toolkit0_.publish as publish5_17_, toolkit0_.title as title6_17_ from toolkit toolkit0_ where toolkit0_.id=toolkit0_.id 
2022-04-15 22:01:49.102 DEBUG [acme.framework.controllers.AbstractController@http-nio-8080-exec-9] SERVING GET /acme-one-2.0/any/toolkit/show 
2022-04-15 22:01:49.102 DEBUG [acme.framework.controllers.AbstractController@http-nio-8080-exec-9] Result: ModelAndView [view="master/panic"; model={oops=java.lang.NullPointerException}] 
2022-04-15 22:01:49.103 DEBUG [acme.framework.components.tiles.DynamicTilesView@http-nio-8080-exec-9] View name 'master/panic', model {oops=java.lang.NullPointerException, org.springframework.validation.BindingResult.oops=org.springframework.validation.BeanPropertyBindingResult: 0 errors} 
2022-04-15 22:01:49.104 DEBUG [org.apache.jasper.servlet.JspServlet@http-nio-8080-exec-9] JspEngine --> /WEB-INF/views/master/page.jsp 
2022-04-15 22:01:49.105 DEBUG [org.apache.jasper.servlet.JspServlet@http-nio-8080-exec-9] ServletPath: /WEB-INF/views/master/page.jsp 
2022-04-15 22:01:49.105 DEBUG [org.apache.jasper.servlet.JspServlet@http-nio-8080-exec-9] PathInfo: null 
2022-04-15 22:01:49.107 DEBUG [org.apache.jasper.servlet.JspServlet@http-nio-8080-exec-9] RealPath: C:\Users\34657\Desktop\Workspace-22.0\Starters\Acme-One\target\classes\WEB-INF\views\master\page.jsp 
2022-04-15 22:01:49.107 DEBUG [org.apache.jasper.servlet.JspServlet@http-nio-8080-exec-9] RequestURI: /acme-one-2.0/WEB-INF/views/master/page.jsp 
2022-04-15 22:01:49.107 DEBUG [org.apache.jasper.servlet.JspServlet@http-nio-8080-exec-9] QueryString: id=23 
2022-04-15 22:01:49.261 DEBUG [org.apache.jasper.servlet.JspServlet@http-nio-8080-exec-9] JspEngine --> /WEB-INF/views/master/panic.jsp 
2022-04-15 22:01:49.261 DEBUG [org.apache.jasper.servlet.JspServlet@http-nio-8080-exec-9] ServletPath: /WEB-INF/views/master/page.jsp 
2022-04-15 22:01:49.261 DEBUG [org.apache.jasper.servlet.JspServlet@http-nio-8080-exec-9] PathInfo: null 
2022-04-15 22:01:49.262 DEBUG [org.apache.jasper.servlet.JspServlet@http-nio-8080-exec-9] RealPath: C:\Users\34657\Desktop\Workspace-22.0\Starters\Acme-One\target\classes\WEB-INF\views\master\panic.jsp 
2022-04-15 22:01:49.262 DEBUG [org.apache.jasper.servlet.JspServlet@http-nio-8080-exec-9] RequestURI: /acme-one-2.0/WEB-INF/views/master/page.jsp 
2022-04-15 22:01:49.263 DEBUG [org.apache.jasper.servlet.JspServlet@http-nio-8080-exec-9] QueryString: id=23 
2022-04-15 22:01:49.489 ERROR [org.apache.jsp.WEB_002dINF.views.master.panic_jsp@http-nio-8080-exec-9] HTTP GET /acme-one-2.0/WEB-INF/views/master/page.jsp HTTP/1.1 
2022-04-15 22:01:49.489 ERROR [org.apache.jsp.WEB_002dINF.views.master.panic_jsp@http-nio-8080-exec-9] Status: 500 
2022-04-15 22:01:49.492 ERROR [org.apache.jsp.WEB_002dINF.views.master.panic_jsp@http-nio-8080-exec-9] Exception: acme.features.any.toolkit.AnyToolkitShowService.unbind(AnyToolkitShowService.java:31): java.lang.NullPointerException 
2022-04-15 22:01:49.603 DEBUG [org.hibernate.SQL@http-nio-8080-exec-9] select useraccoun0_.id as id1_0_, useraccoun0_.version as version2_0_, useraccoun0_.enabled as enabled1_18_, useraccoun0_.identity as identity2_18_, useraccoun0_.password as password3_18_, useraccoun0_.username as username4_18_ from user_account useraccoun0_ where useraccoun0_.username=? 
2022-04-15 22:01:49.604 TRACE [org.hibernate.type.descriptor.sql.BasicBinder@http-nio-8080-exec-9] binding parameter [1] as [VARCHAR] - [anonymous] 
2022-04-15 22:01:49.607 DEBUG [org.hibernate.SQL@http-nio-8080-exec-9] select roles0_.user_account_id as user_acc1_19_0_, roles0_.id as id1_19_0_, roles0_.id as id1_0_1_, roles0_.version as version2_0_1_, roles0_.user_account_id as user_acc1_19_1_, roles0_.company as company1_7_1_, roles0_.sector as sector2_7_1_, roles0_.company as company1_9_1_, roles0_.link as link2_9_1_, roles0_.statement as statemen3_9_1_, roles0_.company as company1_11_1_, roles0_.link as link2_11_1_, roles0_.statement as statemen3_11_1_, roles0_.company as company1_14_1_, roles0_.sector as sector2_14_1_, roles0_.clazz_ as clazz_1_ from ( select id, version, user_account_id, company, sector, null as link, null as statement, 11 as clazz_ from consumer union all select id, version, user_account_id, company, null as sector, link, statement, 12 as clazz_ from inventor union all select id, version, user_account_id, company, null as sector, link, statement, 13 as clazz_ from patron union all select id, version, user_account_id, company, sector, null as link, null as statement, 14 as clazz_ from provider union all select id, version, user_account_id, null as company, null as sector, null as link, null as statement, 16 as clazz_ from administrator union all select id, version, user_account_id, null as company, null as sector, null as link, null as statement, 17 as clazz_ from anonymous union all select id, version, user_account_id, null as company, null as sector, null as link, null as statement, 18 as clazz_ from any union all select id, version, user_account_id, null as company, null as sector, null as link, null as statement, 19 as clazz_ from authenticated ) roles0_ where roles0_.user_account_id=? 
2022-04-15 22:01:49.607 TRACE [org.hibernate.type.descriptor.sql.BasicBinder@http-nio-8080-exec-9] binding parameter [1] as [INTEGER] - [1] 
2022-04-15 22:01:52.632 DEBUG [acme.framework.controllers.AbstractController@http-nio-8080-exec-9] DISPATCHING GET /acme-one-2.0/any/toolkit/list 
2022-04-15 22:01:52.632 DEBUG [acme.framework.controllers.AbstractController@http-nio-8080-exec-9] Command: list 
2022-04-15 22:01:52.632 DEBUG [acme.framework.controllers.AbstractController@http-nio-8080-exec-9] Model:   {} 
2022-04-15 22:01:52.632 DEBUG [acme.framework.controllers.AbstractController@http-nio-8080-exec-9] Locale:  en 
2022-04-15 22:01:52.633 DEBUG [org.hibernate.SQL@http-nio-8080-exec-9] select useraccoun0_.id as id1_0_, useraccoun0_.version as version2_0_, useraccoun0_.enabled as enabled1_18_, useraccoun0_.identity as identity2_18_, useraccoun0_.password as password3_18_, useraccoun0_.username as username4_18_ from user_account useraccoun0_ where useraccoun0_.username=? 
2022-04-15 22:01:52.634 TRACE [org.hibernate.type.descriptor.sql.BasicBinder@http-nio-8080-exec-9] binding parameter [1] as [VARCHAR] - [anonymous] 
2022-04-15 22:01:52.636 DEBUG [org.hibernate.SQL@http-nio-8080-exec-9] select roles0_.user_account_id as user_acc1_19_0_, roles0_.id as id1_19_0_, roles0_.id as id1_0_1_, roles0_.version as version2_0_1_, roles0_.user_account_id as user_acc1_19_1_, roles0_.company as company1_7_1_, roles0_.sector as sector2_7_1_, roles0_.company as company1_9_1_, roles0_.link as link2_9_1_, roles0_.statement as statemen3_9_1_, roles0_.company as company1_11_1_, roles0_.link as link2_11_1_, roles0_.statement as statemen3_11_1_, roles0_.company as company1_14_1_, roles0_.sector as sector2_14_1_, roles0_.clazz_ as clazz_1_ from ( select id, version, user_account_id, company, sector, null as link, null as statement, 11 as clazz_ from consumer union all select id, version, user_account_id, company, null as sector, link, statement, 12 as clazz_ from inventor union all select id, version, user_account_id, company, null as sector, link, statement, 13 as clazz_ from patron union all select id, version, user_account_id, company, sector, null as link, null as statement, 14 as clazz_ from provider union all select id, version, user_account_id, null as company, null as sector, null as link, null as statement, 16 as clazz_ from administrator union all select id, version, user_account_id, null as company, null as sector, null as link, null as statement, 17 as clazz_ from anonymous union all select id, version, user_account_id, null as company, null as sector, null as link, null as statement, 18 as clazz_ from any union all select id, version, user_account_id, null as company, null as sector, null as link, null as statement, 19 as clazz_ from authenticated ) roles0_ where roles0_.user_account_id=? 
2022-04-15 22:01:52.637 TRACE [org.hibernate.type.descriptor.sql.BasicBinder@http-nio-8080-exec-9] binding parameter [1] as [INTEGER] - [1] 
2022-04-15 22:01:52.639 DEBUG [org.hibernate.SQL@http-nio-8080-exec-9] select toolkit0_.id as id1_0_, toolkit0_.version as version2_0_, toolkit0_.assembly_notes as assembly1_17_, toolkit0_.code as code2_17_, toolkit0_.description as descript3_17_, toolkit0_.item_id as item_id7_17_, toolkit0_.link as link4_17_, toolkit0_.publish as publish5_17_, toolkit0_.title as title6_17_ from toolkit toolkit0_ 
2022-04-15 22:01:52.643 DEBUG [acme.framework.controllers.AbstractController@http-nio-8080-exec-9] SERVING GET /acme-one-2.0/any/toolkit/list 
2022-04-15 22:01:52.643 DEBUG [acme.framework.controllers.AbstractController@http-nio-8080-exec-9] Result: ModelAndView [view="any/toolkit/list"; model={item.name[0]=null, link[0]=http://www.google.com, item.id[0]=0, description[0]=Toolkit 1, code[0]=AAA-000, version[0]=0, title[0]=1, id[0]=23, list$size=1, assemblyNotes[0]=ejemplo, command=list, principal=acme.framework.entities.Principal@59c2b678}] 
2022-04-15 22:01:52.643 DEBUG [acme.framework.components.tiles.DynamicTilesView@http-nio-8080-exec-9] View name 'any/toolkit/list', model {item.name[0]=null, link[0]=http://www.google.com, item.id[0]=0, description[0]=Toolkit 1, code[0]=AAA-000, version[0]=0, title[0]=1, id[0]=23, list$size=1, assemblyNotes[0]=ejemplo, command=list, principal=acme.framework.entities.Principal@59c2b678, org.springframework.validation.BindingResult.principal=org.springframework.validation.BeanPropertyBindingResult: 0 errors} 
2022-04-15 22:01:52.644 DEBUG [org.apache.jasper.servlet.JspServlet@http-nio-8080-exec-9] JspEngine --> /WEB-INF/views/master/page.jsp 
2022-04-15 22:01:52.645 DEBUG [org.apache.jasper.servlet.JspServlet@http-nio-8080-exec-9] ServletPath: /WEB-INF/views/master/page.jsp 
2022-04-15 22:01:52.645 DEBUG [org.apache.jasper.servlet.JspServlet@http-nio-8080-exec-9] PathInfo: null 
2022-04-15 22:01:52.647 DEBUG [org.apache.jasper.servlet.JspServlet@http-nio-8080-exec-9] RealPath: C:\Users\34657\Desktop\Workspace-22.0\Starters\Acme-One\target\classes\WEB-INF\views\master\page.jsp 
2022-04-15 22:01:52.647 DEBUG [org.apache.jasper.servlet.JspServlet@http-nio-8080-exec-9] RequestURI: /acme-one-2.0/WEB-INF/views/master/page.jsp 
2022-04-15 22:01:52.648 DEBUG [org.apache.jasper.servlet.JspServlet@http-nio-8080-exec-9] QueryString: null 
2022-04-15 22:01:52.802 DEBUG [org.apache.jasper.servlet.JspServlet@http-nio-8080-exec-9] JspEngine --> /WEB-INF/views/any/toolkit/list.jsp 
2022-04-15 22:01:52.803 DEBUG [org.apache.jasper.servlet.JspServlet@http-nio-8080-exec-9] ServletPath: /WEB-INF/views/master/page.jsp 
2022-04-15 22:01:52.803 DEBUG [org.apache.jasper.servlet.JspServlet@http-nio-8080-exec-9] PathInfo: null 
2022-04-15 22:01:52.805 DEBUG [org.apache.jasper.servlet.JspServlet@http-nio-8080-exec-9] RealPath: C:\Users\34657\Desktop\Workspace-22.0\Starters\Acme-One\target\classes\WEB-INF\views\any\toolkit\list.jsp 
2022-04-15 22:01:52.805 DEBUG [org.apache.jasper.servlet.JspServlet@http-nio-8080-exec-9] RequestURI: /acme-one-2.0/WEB-INF/views/master/page.jsp 
2022-04-15 22:01:52.806 DEBUG [org.apache.jasper.servlet.JspServlet@http-nio-8080-exec-9] QueryString: null 
2022-04-15 22:01:52.993 DEBUG [org.hibernate.SQL@http-nio-8080-exec-9] select useraccoun0_.id as id1_0_, useraccoun0_.version as version2_0_, useraccoun0_.enabled as enabled1_18_, useraccoun0_.identity as identity2_18_, useraccoun0_.password as password3_18_, useraccoun0_.username as username4_18_ from user_account useraccoun0_ where useraccoun0_.username=? 
2022-04-15 22:01:52.993 TRACE [org.hibernate.type.descriptor.sql.BasicBinder@http-nio-8080-exec-9] binding parameter [1] as [VARCHAR] - [anonymous] 
2022-04-15 22:01:52.996 DEBUG [org.hibernate.SQL@http-nio-8080-exec-9] select roles0_.user_account_id as user_acc1_19_0_, roles0_.id as id1_19_0_, roles0_.id as id1_0_1_, roles0_.version as version2_0_1_, roles0_.user_account_id as user_acc1_19_1_, roles0_.company as company1_7_1_, roles0_.sector as sector2_7_1_, roles0_.company as company1_9_1_, roles0_.link as link2_9_1_, roles0_.statement as statemen3_9_1_, roles0_.company as company1_11_1_, roles0_.link as link2_11_1_, roles0_.statement as statemen3_11_1_, roles0_.company as company1_14_1_, roles0_.sector as sector2_14_1_, roles0_.clazz_ as clazz_1_ from ( select id, version, user_account_id, company, sector, null as link, null as statement, 11 as clazz_ from consumer union all select id, version, user_account_id, company, null as sector, link, statement, 12 as clazz_ from inventor union all select id, version, user_account_id, company, null as sector, link, statement, 13 as clazz_ from patron union all select id, version, user_account_id, company, sector, null as link, null as statement, 14 as clazz_ from provider union all select id, version, user_account_id, null as company, null as sector, null as link, null as statement, 16 as clazz_ from administrator union all select id, version, user_account_id, null as company, null as sector, null as link, null as statement, 17 as clazz_ from anonymous union all select id, version, user_account_id, null as company, null as sector, null as link, null as statement, 18 as clazz_ from any union all select id, version, user_account_id, null as company, null as sector, null as link, null as statement, 19 as clazz_ from authenticated ) roles0_ where roles0_.user_account_id=? 
2022-04-15 22:01:52.997 TRACE [org.hibernate.type.descriptor.sql.BasicBinder@http-nio-8080-exec-9] binding parameter [1] as [INTEGER] - [1] 
