2022-05-20 16:09:41.054 INFO  [acme.Launcher@main] Starting Launcher using Java 1.8.0_281 on DESKTOP-BK2D9QL with PID 15612 (C:\Users\Álvaro\Desktop\Workspace-22.0\Frameworks\Acme-Framework-22.5\target\classes started by µlvaro in C:\Users\Álvaro\Desktop\Workspace-22.0\Projects\Acme-One) 
2022-05-20 16:09:41.055 DEBUG [acme.Launcher@main] Running with Spring Boot v2.4.2, Spring v5.3.3 
2022-05-20 16:09:41.055 INFO  [acme.Launcher@main] The following profiles are active: development,default 
2022-05-20 16:09:42.858 DEBUG [org.apache.jasper.servlet.JasperInitializer@main] Initializing Jasper for context [application] 
2022-05-20 16:09:46.991 DEBUG [org.apache.jasper.servlet.JspServlet@main] Scratch dir for the JSP engine is: [C:\Users\Álvaro\AppData\Local\Temp\tomcat.8080.2801515754591128549\work\Tomcat\localhost\acme-one-3.0] 
2022-05-20 16:09:46.991 DEBUG [org.apache.jasper.servlet.JspServlet@main] IMPORTANT: Do not modify the generated servlets 
2022-05-20 16:09:46.999 INFO  [acme.Launcher@main] Started Launcher in 6.383 seconds (JVM running for 6.998) 
2022-05-20 16:09:47.003 DEBUG [acme.Launcher@main] Found classpath entry '/C:/Users/%c3%81lvaro/Desktop/Workspace-22.0/Projects/Acme-One/target/classes/' 
2022-05-20 16:09:47.004 DEBUG [acme.Launcher@main] Found classpath entry '/C:/Users/%c3%81lvaro/Desktop/Workspace-22.0/Projects/Acme-One/target/test-classes/' 
2022-05-20 16:09:47.004 DEBUG [acme.Launcher@main] Found classpath entry '/C:/Users/%c3%81lvaro/.m2/repository/org/springframework/boot/spring-boot-starter-tomcat/2.4.2/spring-boot-starter-tomcat-2.4.2.jar' 
2022-05-20 16:09:47.004 DEBUG [acme.Launcher@main] Found classpath entry '/C:/Users/%c3%81lvaro/.m2/repository/jakarta/annotation/jakarta.annotation-api/1.3.5/jakarta.annotation-api-1.3.5.jar' 
2022-05-20 16:09:47.004 DEBUG [acme.Launcher@main] Found classpath entry '/C:/Users/%c3%81lvaro/.m2/repository/org/apache/tomcat/embed/tomcat-embed-core/9.0.41/tomcat-embed-core-9.0.41.jar' 
2022-05-20 16:09:47.004 DEBUG [acme.Launcher@main] Found classpath entry '/C:/Users/%c3%81lvaro/.m2/repository/org/glassfish/jakarta.el/3.0.3/jakarta.el-3.0.3.jar' 
2022-05-20 16:09:47.004 DEBUG [acme.Launcher@main] Found classpath entry '/C:/Users/%c3%81lvaro/.m2/repository/org/apache/tomcat/embed/tomcat-embed-websocket/9.0.41/tomcat-embed-websocket-9.0.41.jar' 
2022-05-20 16:09:47.004 DEBUG [acme.Launcher@main] Found classpath entry '/C:/Users/%c3%81lvaro/.m2/repository/org/apache/tomcat/embed/tomcat-embed-jasper/9.0.41/tomcat-embed-jasper-9.0.41.jar' 
2022-05-20 16:09:47.005 DEBUG [acme.Launcher@main] Found classpath entry '/C:/Users/%c3%81lvaro/.m2/repository/org/apache/tomcat/embed/tomcat-embed-el/9.0.41/tomcat-embed-el-9.0.41.jar' 
2022-05-20 16:09:47.005 DEBUG [acme.Launcher@main] Found classpath entry '/C:/Users/%c3%81lvaro/.m2/repository/org/eclipse/jdt/ecj/3.18.0/ecj-3.18.0.jar' 
2022-05-20 16:09:47.005 DEBUG [acme.Launcher@main] Found classpath entry '/C:/Users/%c3%81lvaro/.m2/repository/javax/servlet/jstl/1.2/jstl-1.2.jar' 
2022-05-20 16:09:47.005 DEBUG [acme.Launcher@main] Found classpath entry '/C:/Users/%c3%81lvaro/.m2/repository/org/springframework/boot/spring-boot-starter-test/2.4.2/spring-boot-starter-test-2.4.2.jar' 
2022-05-20 16:09:47.005 DEBUG [acme.Launcher@main] Found classpath entry '/C:/Users/%c3%81lvaro/.m2/repository/org/springframework/boot/spring-boot-starter/2.4.2/spring-boot-starter-2.4.2.jar' 
2022-05-20 16:09:47.005 DEBUG [acme.Launcher@main] Found classpath entry '/C:/Users/%c3%81lvaro/.m2/repository/org/springframework/boot/spring-boot/2.4.2/spring-boot-2.4.2.jar' 
2022-05-20 16:09:47.005 DEBUG [acme.Launcher@main] Found classpath entry '/C:/Users/%c3%81lvaro/.m2/repository/org/springframework/boot/spring-boot-autoconfigure/2.4.2/spring-boot-autoconfigure-2.4.2.jar' 
2022-05-20 16:09:47.005 DEBUG [acme.Launcher@main] Found classpath entry '/C:/Users/%c3%81lvaro/.m2/repository/org/springframework/boot/spring-boot-starter-logging/2.4.2/spring-boot-starter-logging-2.4.2.jar' 
2022-05-20 16:09:47.006 DEBUG [acme.Launcher@main] Found classpath entry '/C:/Users/%c3%81lvaro/.m2/repository/ch/qos/logback/logback-classic/1.2.3/logback-classic-1.2.3.jar' 
2022-05-20 16:09:47.006 DEBUG [acme.Launcher@main] Found classpath entry '/C:/Users/%c3%81lvaro/.m2/repository/ch/qos/logback/logback-core/1.2.3/logback-core-1.2.3.jar' 
2022-05-20 16:09:47.006 DEBUG [acme.Launcher@main] Found classpath entry '/C:/Users/%c3%81lvaro/.m2/repository/org/apache/logging/log4j/log4j-to-slf4j/2.13.3/log4j-to-slf4j-2.13.3.jar' 
2022-05-20 16:09:47.006 DEBUG [acme.Launcher@main] Found classpath entry '/C:/Users/%c3%81lvaro/.m2/repository/org/apache/logging/log4j/log4j-api/2.13.3/log4j-api-2.13.3.jar' 
2022-05-20 16:09:47.006 DEBUG [acme.Launcher@main] Found classpath entry '/C:/Users/%c3%81lvaro/.m2/repository/org/slf4j/jul-to-slf4j/1.7.30/jul-to-slf4j-1.7.30.jar' 
2022-05-20 16:09:47.006 DEBUG [acme.Launcher@main] Found classpath entry '/C:/Users/%c3%81lvaro/.m2/repository/org/yaml/snakeyaml/1.27/snakeyaml-1.27.jar' 
2022-05-20 16:09:47.006 DEBUG [acme.Launcher@main] Found classpath entry '/C:/Users/%c3%81lvaro/.m2/repository/org/springframework/boot/spring-boot-test/2.4.2/spring-boot-test-2.4.2.jar' 
2022-05-20 16:09:47.006 DEBUG [acme.Launcher@main] Found classpath entry '/C:/Users/%c3%81lvaro/.m2/repository/org/springframework/boot/spring-boot-test-autoconfigure/2.4.2/spring-boot-test-autoconfigure-2.4.2.jar' 
2022-05-20 16:09:47.007 DEBUG [acme.Launcher@main] Found classpath entry '/C:/Users/%c3%81lvaro/.m2/repository/com/jayway/jsonpath/json-path/2.4.0/json-path-2.4.0.jar' 
2022-05-20 16:09:47.007 DEBUG [acme.Launcher@main] Found classpath entry '/C:/Users/%c3%81lvaro/.m2/repository/net/minidev/json-smart/2.3/json-smart-2.3.jar' 
2022-05-20 16:09:47.007 DEBUG [acme.Launcher@main] Found classpath entry '/C:/Users/%c3%81lvaro/.m2/repository/net/minidev/accessors-smart/1.2/accessors-smart-1.2.jar' 
2022-05-20 16:09:47.007 DEBUG [acme.Launcher@main] Found classpath entry '/C:/Users/%c3%81lvaro/.m2/repository/org/ow2/asm/asm/5.0.4/asm-5.0.4.jar' 
2022-05-20 16:09:47.007 DEBUG [acme.Launcher@main] Found classpath entry '/C:/Users/%c3%81lvaro/.m2/repository/jakarta/xml/bind/jakarta.xml.bind-api/2.3.3/jakarta.xml.bind-api-2.3.3.jar' 
2022-05-20 16:09:47.007 DEBUG [acme.Launcher@main] Found classpath entry '/C:/Users/%c3%81lvaro/.m2/repository/jakarta/activation/jakarta.activation-api/1.2.2/jakarta.activation-api-1.2.2.jar' 
2022-05-20 16:09:47.007 DEBUG [acme.Launcher@main] Found classpath entry '/C:/Users/%c3%81lvaro/.m2/repository/org/assertj/assertj-core/3.18.1/assertj-core-3.18.1.jar' 
2022-05-20 16:09:47.007 DEBUG [acme.Launcher@main] Found classpath entry '/C:/Users/%c3%81lvaro/.m2/repository/org/hamcrest/hamcrest/2.2/hamcrest-2.2.jar' 
2022-05-20 16:09:47.007 DEBUG [acme.Launcher@main] Found classpath entry '/C:/Users/%c3%81lvaro/.m2/repository/org/junit/jupiter/junit-jupiter/5.7.0/junit-jupiter-5.7.0.jar' 
2022-05-20 16:09:47.008 DEBUG [acme.Launcher@main] Found classpath entry '/C:/Users/%c3%81lvaro/.m2/repository/org/mockito/mockito-core/3.6.28/mockito-core-3.6.28.jar' 
2022-05-20 16:09:47.008 DEBUG [acme.Launcher@main] Found classpath entry '/C:/Users/%c3%81lvaro/.m2/repository/net/bytebuddy/byte-buddy-agent/1.10.19/byte-buddy-agent-1.10.19.jar' 
2022-05-20 16:09:47.008 DEBUG [acme.Launcher@main] Found classpath entry '/C:/Users/%c3%81lvaro/.m2/repository/org/objenesis/objenesis/3.1/objenesis-3.1.jar' 
2022-05-20 16:09:47.008 DEBUG [acme.Launcher@main] Found classpath entry '/C:/Users/%c3%81lvaro/.m2/repository/org/mockito/mockito-junit-jupiter/3.6.28/mockito-junit-jupiter-3.6.28.jar' 
2022-05-20 16:09:47.008 DEBUG [acme.Launcher@main] Found classpath entry '/C:/Users/%c3%81lvaro/.m2/repository/org/skyscreamer/jsonassert/1.5.0/jsonassert-1.5.0.jar' 
2022-05-20 16:09:47.008 DEBUG [acme.Launcher@main] Found classpath entry '/C:/Users/%c3%81lvaro/.m2/repository/com/vaadin/external/google/android-json/0.0.20131108.vaadin1/android-json-0.0.20131108.vaadin1.jar' 
2022-05-20 16:09:47.008 DEBUG [acme.Launcher@main] Found classpath entry '/C:/Users/%c3%81lvaro/.m2/repository/org/springframework/spring-core/5.3.3/spring-core-5.3.3.jar' 
2022-05-20 16:09:47.008 DEBUG [acme.Launcher@main] Found classpath entry '/C:/Users/%c3%81lvaro/.m2/repository/org/springframework/spring-jcl/5.3.3/spring-jcl-5.3.3.jar' 
2022-05-20 16:09:47.009 DEBUG [acme.Launcher@main] Found classpath entry '/C:/Users/%c3%81lvaro/.m2/repository/org/springframework/spring-test/5.3.3/spring-test-5.3.3.jar' 
2022-05-20 16:09:47.009 DEBUG [acme.Launcher@main] Found classpath entry '/C:/Users/%c3%81lvaro/.m2/repository/org/xmlunit/xmlunit-core/2.7.0/xmlunit-core-2.7.0.jar' 
2022-05-20 16:09:47.009 DEBUG [acme.Launcher@main] Found classpath entry '/C:/Users/%c3%81lvaro/.m2/repository/org/springframework/boot/spring-boot-starter-security/2.4.2/spring-boot-starter-security-2.4.2.jar' 
2022-05-20 16:09:47.009 DEBUG [acme.Launcher@main] Found classpath entry '/C:/Users/%c3%81lvaro/.m2/repository/org/springframework/spring-aop/5.3.3/spring-aop-5.3.3.jar' 
2022-05-20 16:09:47.009 DEBUG [acme.Launcher@main] Found classpath entry '/C:/Users/%c3%81lvaro/.m2/repository/org/springframework/security/spring-security-web/5.4.2/spring-security-web-5.4.2.jar' 
2022-05-20 16:09:47.009 DEBUG [acme.Launcher@main] Found classpath entry '/C:/Users/%c3%81lvaro/.m2/repository/org/springframework/security/spring-security-core/5.4.2/spring-security-core-5.4.2.jar' 
2022-05-20 16:09:47.009 DEBUG [acme.Launcher@main] Found classpath entry '/C:/Users/%c3%81lvaro/.m2/repository/org/springframework/spring-beans/5.3.3/spring-beans-5.3.3.jar' 
2022-05-20 16:09:47.009 DEBUG [acme.Launcher@main] Found classpath entry '/C:/Users/%c3%81lvaro/.m2/repository/org/springframework/spring-context/5.3.3/spring-context-5.3.3.jar' 
2022-05-20 16:09:47.009 DEBUG [acme.Launcher@main] Found classpath entry '/C:/Users/%c3%81lvaro/.m2/repository/org/springframework/spring-expression/5.3.3/spring-expression-5.3.3.jar' 
2022-05-20 16:09:47.010 DEBUG [acme.Launcher@main] Found classpath entry '/C:/Users/%c3%81lvaro/.m2/repository/org/springframework/spring-web/5.3.3/spring-web-5.3.3.jar' 
2022-05-20 16:09:47.010 DEBUG [acme.Launcher@main] Found classpath entry '/C:/Users/%c3%81lvaro/.m2/repository/org/springframework/security/spring-security-config/5.4.2/spring-security-config-5.4.2.jar' 
2022-05-20 16:09:47.010 DEBUG [acme.Launcher@main] Found classpath entry '/C:/Users/%c3%81lvaro/.m2/repository/org/springframework/security/spring-security-taglibs/5.4.2/spring-security-taglibs-5.4.2.jar' 
2022-05-20 16:09:47.010 DEBUG [acme.Launcher@main] Found classpath entry '/C:/Users/%c3%81lvaro/.m2/repository/org/springframework/security/spring-security-acl/5.4.2/spring-security-acl-5.4.2.jar' 
2022-05-20 16:09:47.010 DEBUG [acme.Launcher@main] Found classpath entry '/C:/Users/%c3%81lvaro/.m2/repository/org/springframework/spring-jdbc/5.3.3/spring-jdbc-5.3.3.jar' 
2022-05-20 16:09:47.010 DEBUG [acme.Launcher@main] Found classpath entry '/C:/Users/%c3%81lvaro/.m2/repository/org/springframework/spring-tx/5.3.3/spring-tx-5.3.3.jar' 
2022-05-20 16:09:47.010 DEBUG [acme.Launcher@main] Found classpath entry '/C:/Users/%c3%81lvaro/.m2/repository/org/springframework/boot/spring-boot-starter-web/2.4.2/spring-boot-starter-web-2.4.2.jar' 
2022-05-20 16:09:47.010 DEBUG [acme.Launcher@main] Found classpath entry '/C:/Users/%c3%81lvaro/.m2/repository/org/springframework/boot/spring-boot-starter-json/2.4.2/spring-boot-starter-json-2.4.2.jar' 
2022-05-20 16:09:47.011 DEBUG [acme.Launcher@main] Found classpath entry '/C:/Users/%c3%81lvaro/.m2/repository/com/fasterxml/jackson/core/jackson-databind/2.11.4/jackson-databind-2.11.4.jar' 
2022-05-20 16:09:47.011 DEBUG [acme.Launcher@main] Found classpath entry '/C:/Users/%c3%81lvaro/.m2/repository/com/fasterxml/jackson/core/jackson-annotations/2.11.4/jackson-annotations-2.11.4.jar' 
2022-05-20 16:09:47.011 DEBUG [acme.Launcher@main] Found classpath entry '/C:/Users/%c3%81lvaro/.m2/repository/com/fasterxml/jackson/core/jackson-core/2.11.4/jackson-core-2.11.4.jar' 
2022-05-20 16:09:47.011 DEBUG [acme.Launcher@main] Found classpath entry '/C:/Users/%c3%81lvaro/.m2/repository/com/fasterxml/jackson/datatype/jackson-datatype-jdk8/2.11.4/jackson-datatype-jdk8-2.11.4.jar' 
2022-05-20 16:09:47.011 DEBUG [acme.Launcher@main] Found classpath entry '/C:/Users/%c3%81lvaro/.m2/repository/com/fasterxml/jackson/datatype/jackson-datatype-jsr310/2.11.4/jackson-datatype-jsr310-2.11.4.jar' 
2022-05-20 16:09:47.011 DEBUG [acme.Launcher@main] Found classpath entry '/C:/Users/%c3%81lvaro/.m2/repository/com/fasterxml/jackson/module/jackson-module-parameter-names/2.11.4/jackson-module-parameter-names-2.11.4.jar' 
2022-05-20 16:09:47.011 DEBUG [acme.Launcher@main] Found classpath entry '/C:/Users/%c3%81lvaro/.m2/repository/org/springframework/spring-webmvc/5.3.3/spring-webmvc-5.3.3.jar' 
2022-05-20 16:09:47.011 DEBUG [acme.Launcher@main] Found classpath entry '/C:/Users/%c3%81lvaro/.m2/repository/org/apache/tiles/tiles-jsp/3.0.8/tiles-jsp-3.0.8.jar' 
2022-05-20 16:09:47.011 DEBUG [acme.Launcher@main] Found classpath entry '/C:/Users/%c3%81lvaro/.m2/repository/org/apache/tiles/tiles-servlet/3.0.8/tiles-servlet-3.0.8.jar' 
2022-05-20 16:09:47.011 DEBUG [acme.Launcher@main] Found classpath entry '/C:/Users/%c3%81lvaro/.m2/repository/org/apache/tiles/tiles-core/3.0.8/tiles-core-3.0.8.jar' 
2022-05-20 16:09:47.012 DEBUG [acme.Launcher@main] Found classpath entry '/C:/Users/%c3%81lvaro/.m2/repository/commons-digester/commons-digester/2.0/commons-digester-2.0.jar' 
2022-05-20 16:09:47.012 DEBUG [acme.Launcher@main] Found classpath entry '/C:/Users/%c3%81lvaro/.m2/repository/org/slf4j/jcl-over-slf4j/1.7.30/jcl-over-slf4j-1.7.30.jar' 
2022-05-20 16:09:47.012 DEBUG [acme.Launcher@main] Found classpath entry '/C:/Users/%c3%81lvaro/.m2/repository/org/apache/tiles/tiles-request-servlet/1.0.7/tiles-request-servlet-1.0.7.jar' 
2022-05-20 16:09:47.012 DEBUG [acme.Launcher@main] Found classpath entry '/C:/Users/%c3%81lvaro/.m2/repository/org/apache/tiles/tiles-template/3.0.8/tiles-template-3.0.8.jar' 
2022-05-20 16:09:47.012 DEBUG [acme.Launcher@main] Found classpath entry '/C:/Users/%c3%81lvaro/.m2/repository/org/apache/tiles/tiles-api/3.0.8/tiles-api-3.0.8.jar' 
2022-05-20 16:09:47.012 DEBUG [acme.Launcher@main] Found classpath entry '/C:/Users/%c3%81lvaro/.m2/repository/org/apache/tiles/tiles-autotag-core-runtime/1.2/tiles-autotag-core-runtime-1.2.jar' 
2022-05-20 16:09:47.012 DEBUG [acme.Launcher@main] Found classpath entry '/C:/Users/%c3%81lvaro/.m2/repository/org/slf4j/slf4j-api/1.7.30/slf4j-api-1.7.30.jar' 
2022-05-20 16:09:47.012 DEBUG [acme.Launcher@main] Found classpath entry '/C:/Users/%c3%81lvaro/.m2/repository/org/apache/tiles/tiles-request-jsp/1.0.7/tiles-request-jsp-1.0.7.jar' 
2022-05-20 16:09:47.012 DEBUG [acme.Launcher@main] Found classpath entry '/C:/Users/%c3%81lvaro/.m2/repository/org/apache/tiles/tiles-request-api/1.0.7/tiles-request-api-1.0.7.jar' 
2022-05-20 16:09:47.012 DEBUG [acme.Launcher@main] Found classpath entry '/C:/Users/%c3%81lvaro/.m2/repository/org/springframework/boot/spring-boot-starter-data-jpa/2.4.2/spring-boot-starter-data-jpa-2.4.2.jar' 
2022-05-20 16:09:47.013 DEBUG [acme.Launcher@main] Found classpath entry '/C:/Users/%c3%81lvaro/.m2/repository/org/springframework/boot/spring-boot-starter-aop/2.4.2/spring-boot-starter-aop-2.4.2.jar' 
2022-05-20 16:09:47.013 DEBUG [acme.Launcher@main] Found classpath entry '/C:/Users/%c3%81lvaro/.m2/repository/org/aspectj/aspectjweaver/1.9.6/aspectjweaver-1.9.6.jar' 
2022-05-20 16:09:47.013 DEBUG [acme.Launcher@main] Found classpath entry '/C:/Users/%c3%81lvaro/.m2/repository/org/springframework/boot/spring-boot-starter-jdbc/2.4.2/spring-boot-starter-jdbc-2.4.2.jar' 
2022-05-20 16:09:47.013 DEBUG [acme.Launcher@main] Found classpath entry '/C:/Users/%c3%81lvaro/.m2/repository/jakarta/transaction/jakarta.transaction-api/1.3.3/jakarta.transaction-api-1.3.3.jar' 
2022-05-20 16:09:47.013 DEBUG [acme.Launcher@main] Found classpath entry '/C:/Users/%c3%81lvaro/.m2/repository/jakarta/persistence/jakarta.persistence-api/2.2.3/jakarta.persistence-api-2.2.3.jar' 
2022-05-20 16:09:47.013 DEBUG [acme.Launcher@main] Found classpath entry '/C:/Users/%c3%81lvaro/.m2/repository/org/hibernate/hibernate-core/5.4.27.Final/hibernate-core-5.4.27.Final.jar' 
2022-05-20 16:09:47.013 DEBUG [acme.Launcher@main] Found classpath entry '/C:/Users/%c3%81lvaro/.m2/repository/org/jboss/logging/jboss-logging/3.4.1.Final/jboss-logging-3.4.1.Final.jar' 
2022-05-20 16:09:47.014 DEBUG [acme.Launcher@main] Found classpath entry '/C:/Users/%c3%81lvaro/.m2/repository/org/javassist/javassist/3.27.0-GA/javassist-3.27.0-GA.jar' 
2022-05-20 16:09:47.014 DEBUG [acme.Launcher@main] Found classpath entry '/C:/Users/%c3%81lvaro/.m2/repository/antlr/antlr/2.7.7/antlr-2.7.7.jar' 
2022-05-20 16:09:47.014 DEBUG [acme.Launcher@main] Found classpath entry '/C:/Users/%c3%81lvaro/.m2/repository/org/jboss/jandex/2.1.3.Final/jandex-2.1.3.Final.jar' 
2022-05-20 16:09:47.014 DEBUG [acme.Launcher@main] Found classpath entry '/C:/Users/%c3%81lvaro/.m2/repository/com/fasterxml/classmate/1.5.1/classmate-1.5.1.jar' 
2022-05-20 16:09:47.014 DEBUG [acme.Launcher@main] Found classpath entry '/C:/Users/%c3%81lvaro/.m2/repository/org/dom4j/dom4j/2.1.3/dom4j-2.1.3.jar' 
2022-05-20 16:09:47.014 DEBUG [acme.Launcher@main] Found classpath entry '/C:/Users/%c3%81lvaro/.m2/repository/org/hibernate/common/hibernate-commons-annotations/5.1.2.Final/hibernate-commons-annotations-5.1.2.Final.jar' 
2022-05-20 16:09:47.014 DEBUG [acme.Launcher@main] Found classpath entry '/C:/Users/%c3%81lvaro/.m2/repository/org/glassfish/jaxb/jaxb-runtime/2.3.3/jaxb-runtime-2.3.3.jar' 
2022-05-20 16:09:47.014 DEBUG [acme.Launcher@main] Found classpath entry '/C:/Users/%c3%81lvaro/.m2/repository/org/glassfish/jaxb/txw2/2.3.3/txw2-2.3.3.jar' 
2022-05-20 16:09:47.014 DEBUG [acme.Launcher@main] Found classpath entry '/C:/Users/%c3%81lvaro/.m2/repository/com/sun/istack/istack-commons-runtime/3.0.11/istack-commons-runtime-3.0.11.jar' 
2022-05-20 16:09:47.014 DEBUG [acme.Launcher@main] Found classpath entry '/C:/Users/%c3%81lvaro/.m2/repository/com/sun/activation/jakarta.activation/1.2.2/jakarta.activation-1.2.2.jar' 
2022-05-20 16:09:47.015 DEBUG [acme.Launcher@main] Found classpath entry '/C:/Users/%c3%81lvaro/.m2/repository/org/springframework/data/spring-data-jpa/2.4.3/spring-data-jpa-2.4.3.jar' 
2022-05-20 16:09:47.015 DEBUG [acme.Launcher@main] Found classpath entry '/C:/Users/%c3%81lvaro/.m2/repository/org/springframework/data/spring-data-commons/2.4.3/spring-data-commons-2.4.3.jar' 
2022-05-20 16:09:47.015 DEBUG [acme.Launcher@main] Found classpath entry '/C:/Users/%c3%81lvaro/.m2/repository/org/springframework/spring-orm/5.3.3/spring-orm-5.3.3.jar' 
2022-05-20 16:09:47.015 DEBUG [acme.Launcher@main] Found classpath entry '/C:/Users/%c3%81lvaro/.m2/repository/org/springframework/spring-aspects/5.3.3/spring-aspects-5.3.3.jar' 
2022-05-20 16:09:47.015 DEBUG [acme.Launcher@main] Found classpath entry '/C:/Users/%c3%81lvaro/.m2/repository/org/springframework/boot/spring-boot-starter-validation/2.4.2/spring-boot-starter-validation-2.4.2.jar' 
2022-05-20 16:09:47.015 DEBUG [acme.Launcher@main] Found classpath entry '/C:/Users/%c3%81lvaro/.m2/repository/org/hibernate/validator/hibernate-validator/6.1.7.Final/hibernate-validator-6.1.7.Final.jar' 
2022-05-20 16:09:47.015 DEBUG [acme.Launcher@main] Found classpath entry '/C:/Users/%c3%81lvaro/.m2/repository/jakarta/validation/jakarta.validation-api/2.0.2/jakarta.validation-api-2.0.2.jar' 
2022-05-20 16:09:47.015 DEBUG [acme.Launcher@main] Found classpath entry '/C:/Users/%c3%81lvaro/.m2/repository/mysql/mysql-connector-java/8.0.22/mysql-connector-java-8.0.22.jar' 
2022-05-20 16:09:47.015 DEBUG [acme.Launcher@main] Found classpath entry '/C:/Users/%c3%81lvaro/.m2/repository/com/zaxxer/HikariCP/3.4.5/HikariCP-3.4.5.jar' 
2022-05-20 16:09:47.016 DEBUG [acme.Launcher@main] Found classpath entry '/C:/Users/%c3%81lvaro/.m2/repository/org/junit/jupiter/junit-jupiter-engine/5.7.0/junit-jupiter-engine-5.7.0.jar' 
2022-05-20 16:09:47.016 DEBUG [acme.Launcher@main] Found classpath entry '/C:/Users/%c3%81lvaro/.m2/repository/org/apiguardian/apiguardian-api/1.1.0/apiguardian-api-1.1.0.jar' 
2022-05-20 16:09:47.016 DEBUG [acme.Launcher@main] Found classpath entry '/C:/Users/%c3%81lvaro/.m2/repository/org/junit/platform/junit-platform-engine/1.7.0/junit-platform-engine-1.7.0.jar' 
2022-05-20 16:09:47.016 DEBUG [acme.Launcher@main] Found classpath entry '/C:/Users/%c3%81lvaro/.m2/repository/org/junit/jupiter/junit-jupiter-api/5.7.0/junit-jupiter-api-5.7.0.jar' 
2022-05-20 16:09:47.016 DEBUG [acme.Launcher@main] Found classpath entry '/C:/Users/%c3%81lvaro/.m2/repository/org/opentest4j/opentest4j/1.2.0/opentest4j-1.2.0.jar' 
2022-05-20 16:09:47.016 DEBUG [acme.Launcher@main] Found classpath entry '/C:/Users/%c3%81lvaro/.m2/repository/org/junit/platform/junit-platform-commons/1.7.0/junit-platform-commons-1.7.0.jar' 
2022-05-20 16:09:47.016 DEBUG [acme.Launcher@main] Found classpath entry '/C:/Users/%c3%81lvaro/.m2/repository/org/junit/jupiter/junit-jupiter-params/5.7.0/junit-jupiter-params-5.7.0.jar' 
2022-05-20 16:09:47.016 DEBUG [acme.Launcher@main] Found classpath entry '/C:/Users/%c3%81lvaro/.m2/repository/org/junit/platform/junit-platform-launcher/1.7.0/junit-platform-launcher-1.7.0.jar' 
2022-05-20 16:09:47.016 DEBUG [acme.Launcher@main] Found classpath entry '/C:/Users/%c3%81lvaro/.m2/repository/org/seleniumhq/selenium/selenium-java/3.141.59/selenium-java-3.141.59.jar' 
2022-05-20 16:09:47.016 DEBUG [acme.Launcher@main] Found classpath entry '/C:/Users/%c3%81lvaro/.m2/repository/org/seleniumhq/selenium/selenium-api/3.141.59/selenium-api-3.141.59.jar' 
2022-05-20 16:09:47.016 DEBUG [acme.Launcher@main] Found classpath entry '/C:/Users/%c3%81lvaro/.m2/repository/org/seleniumhq/selenium/selenium-chrome-driver/3.141.59/selenium-chrome-driver-3.141.59.jar' 
2022-05-20 16:09:47.016 DEBUG [acme.Launcher@main] Found classpath entry '/C:/Users/%c3%81lvaro/.m2/repository/org/seleniumhq/selenium/selenium-edge-driver/3.141.59/selenium-edge-driver-3.141.59.jar' 
2022-05-20 16:09:47.017 DEBUG [acme.Launcher@main] Found classpath entry '/C:/Users/%c3%81lvaro/.m2/repository/org/seleniumhq/selenium/selenium-firefox-driver/3.141.59/selenium-firefox-driver-3.141.59.jar' 
2022-05-20 16:09:47.017 DEBUG [acme.Launcher@main] Found classpath entry '/C:/Users/%c3%81lvaro/.m2/repository/org/seleniumhq/selenium/selenium-ie-driver/3.141.59/selenium-ie-driver-3.141.59.jar' 
2022-05-20 16:09:47.017 DEBUG [acme.Launcher@main] Found classpath entry '/C:/Users/%c3%81lvaro/.m2/repository/org/seleniumhq/selenium/selenium-opera-driver/3.141.59/selenium-opera-driver-3.141.59.jar' 
2022-05-20 16:09:47.017 DEBUG [acme.Launcher@main] Found classpath entry '/C:/Users/%c3%81lvaro/.m2/repository/org/seleniumhq/selenium/selenium-remote-driver/3.141.59/selenium-remote-driver-3.141.59.jar' 
2022-05-20 16:09:47.017 DEBUG [acme.Launcher@main] Found classpath entry '/C:/Users/%c3%81lvaro/.m2/repository/org/seleniumhq/selenium/selenium-safari-driver/3.141.59/selenium-safari-driver-3.141.59.jar' 
2022-05-20 16:09:47.017 DEBUG [acme.Launcher@main] Found classpath entry '/C:/Users/%c3%81lvaro/.m2/repository/org/seleniumhq/selenium/selenium-support/3.141.59/selenium-support-3.141.59.jar' 
2022-05-20 16:09:47.017 DEBUG [acme.Launcher@main] Found classpath entry '/C:/Users/%c3%81lvaro/.m2/repository/net/bytebuddy/byte-buddy/1.10.19/byte-buddy-1.10.19.jar' 
2022-05-20 16:09:47.017 DEBUG [acme.Launcher@main] Found classpath entry '/C:/Users/%c3%81lvaro/.m2/repository/org/apache/commons/commons-exec/1.3/commons-exec-1.3.jar' 
2022-05-20 16:09:47.017 DEBUG [acme.Launcher@main] Found classpath entry '/C:/Users/%c3%81lvaro/.m2/repository/com/google/guava/guava/25.0-jre/guava-25.0-jre.jar' 
2022-05-20 16:09:47.018 DEBUG [acme.Launcher@main] Found classpath entry '/C:/Users/%c3%81lvaro/.m2/repository/com/google/code/findbugs/jsr305/1.3.9/jsr305-1.3.9.jar' 
2022-05-20 16:09:47.018 DEBUG [acme.Launcher@main] Found classpath entry '/C:/Users/%c3%81lvaro/.m2/repository/org/checkerframework/checker-compat-qual/2.0.0/checker-compat-qual-2.0.0.jar' 
2022-05-20 16:09:47.018 DEBUG [acme.Launcher@main] Found classpath entry '/C:/Users/%c3%81lvaro/.m2/repository/com/google/errorprone/error_prone_annotations/2.1.3/error_prone_annotations-2.1.3.jar' 
2022-05-20 16:09:47.018 DEBUG [acme.Launcher@main] Found classpath entry '/C:/Users/%c3%81lvaro/.m2/repository/com/google/j2objc/j2objc-annotations/1.1/j2objc-annotations-1.1.jar' 
2022-05-20 16:09:47.018 DEBUG [acme.Launcher@main] Found classpath entry '/C:/Users/%c3%81lvaro/.m2/repository/org/codehaus/mojo/animal-sniffer-annotations/1.14/animal-sniffer-annotations-1.14.jar' 
2022-05-20 16:09:47.018 DEBUG [acme.Launcher@main] Found classpath entry '/C:/Users/%c3%81lvaro/.m2/repository/com/squareup/okhttp3/okhttp/3.14.9/okhttp-3.14.9.jar' 
2022-05-20 16:09:47.018 DEBUG [acme.Launcher@main] Found classpath entry '/C:/Users/%c3%81lvaro/.m2/repository/com/squareup/okio/okio/1.14.0/okio-1.14.0.jar' 
2022-05-20 16:09:47.018 DEBUG [acme.Launcher@main] Found classpath entry '/C:/Users/%c3%81lvaro/.m2/repository/org/apache/commons/commons-lang3/3.11/commons-lang3-3.11.jar' 
2022-05-20 16:09:47.018 DEBUG [acme.Launcher@main] Found classpath entry '/C:/Users/%c3%81lvaro/.m2/repository/org/apache/commons/commons-text/1.8/commons-text-1.8.jar' 
2022-05-20 16:09:47.018 DEBUG [acme.Launcher@main] Found classpath entry '/C:/Users/%c3%81lvaro/.m2/repository/commons-io/commons-io/2.6/commons-io-2.6.jar' 
2022-05-20 16:09:47.018 DEBUG [acme.Launcher@main] Found classpath entry '/C:/Users/%c3%81lvaro/.m2/repository/commons-cli/commons-cli/1.4/commons-cli-1.4.jar' 
2022-05-20 16:09:47.018 DEBUG [acme.Launcher@main] Found classpath entry '/C:/Users/%c3%81lvaro/.m2/repository/org/projectlombok/lombok/1.18.16/lombok-1.18.16.jar' 
2022-05-20 16:09:47.018 DEBUG [acme.Launcher@main] Found classpath entry '/C:/Users/%c3%81lvaro/.m2/repository/com/opencsv/opencsv/5.4/opencsv-5.4.jar' 
2022-05-20 16:09:47.019 DEBUG [acme.Launcher@main] Found classpath entry '/C:/Users/%c3%81lvaro/.m2/repository/commons-beanutils/commons-beanutils/1.9.4/commons-beanutils-1.9.4.jar' 
2022-05-20 16:09:47.019 DEBUG [acme.Launcher@main] Found classpath entry '/C:/Users/%c3%81lvaro/.m2/repository/commons-logging/commons-logging/1.2/commons-logging-1.2.jar' 
2022-05-20 16:09:47.019 DEBUG [acme.Launcher@main] Found classpath entry '/C:/Users/%c3%81lvaro/.m2/repository/commons-collections/commons-collections/3.2.2/commons-collections-3.2.2.jar' 
2022-05-20 16:09:47.019 DEBUG [acme.Launcher@main] Found classpath entry '/C:/Users/%c3%81lvaro/.m2/repository/org/apache/commons/commons-collections4/4.4/commons-collections4-4.4.jar' 
2022-05-20 16:09:47.019 DEBUG [acme.Launcher@main] Found classpath entry '/C:/Users/%c3%81lvaro/Desktop/Workspace-22.0/Frameworks/Acme-Framework-22.5/target/classes/' 
2022-05-20 16:09:47.019 DEBUG [acme.Launcher@main] Found classpath entry '/C:/Users/%c3%81lvaro/Desktop/Workspace-22.0/Frameworks/Acme-Framework-22.5/target/test-classes/' 
2022-05-20 16:09:47.019 DEBUG [acme.Launcher@main] Found classpath entry '/C:/Users/%c3%81lvaro/Desktop/Workspace-22.0/Tools/IDEs/eclipse-jee-2021-12-R/configuration/org.eclipse.osgi/418/0/.cp/lib/javaagent-shaded.jar' 
2022-05-20 16:09:47.092 DEBUG [acme.Launcher@main] Found entity class 'acme.entities.Announcement 
2022-05-20 16:09:47.093 DEBUG [acme.Launcher@main] Found entity class 'acme.entities.Chirp 
2022-05-20 16:09:47.093 DEBUG [acme.Launcher@main] Found entity class 'acme.entities.Currency 
2022-05-20 16:09:47.093 DEBUG [acme.Launcher@main] Found entity class 'acme.entities.Item 
2022-05-20 16:09:47.093 DEBUG [acme.Launcher@main] Found entity class 'acme.entities.Patronage 
2022-05-20 16:09:47.093 DEBUG [acme.Launcher@main] Found entity class 'acme.entities.PatronageReport 
2022-05-20 16:09:47.093 DEBUG [acme.Launcher@main] Found entity class 'acme.entities.Quantity 
2022-05-20 16:09:47.093 DEBUG [acme.Launcher@main] Found entity class 'acme.entities.Spam 
2022-05-20 16:09:47.093 DEBUG [acme.Launcher@main] Found entity class 'acme.entities.Toolkit 
2022-05-20 16:09:47.093 DEBUG [acme.Launcher@main] Found entity class 'acme.roles.Consumer 
2022-05-20 16:09:47.093 DEBUG [acme.Launcher@main] Found entity class 'acme.roles.Inventor 
2022-05-20 16:09:47.093 DEBUG [acme.Launcher@main] Found entity class 'acme.roles.Patron 
2022-05-20 16:09:47.093 DEBUG [acme.Launcher@main] Found entity class 'acme.roles.Provider 
2022-05-20 16:09:47.093 DEBUG [acme.Launcher@main] Found entity class 'acme.framework.entities.UserAccount 
2022-05-20 16:09:47.093 DEBUG [acme.Launcher@main] Found entity class 'acme.framework.roles.Administrator 
2022-05-20 16:09:47.093 DEBUG [acme.Launcher@main] Found entity class 'acme.framework.roles.Anonymous 
2022-05-20 16:09:47.093 DEBUG [acme.Launcher@main] Found entity class 'acme.framework.roles.Any 
2022-05-20 16:09:47.093 DEBUG [acme.Launcher@main] Found entity class 'acme.framework.roles.Authenticated 
2022-05-20 16:09:47.096 INFO  [acme.Launcher@main] Running application (Standalone) 
2022-05-20 16:10:01.338 DEBUG [acme.framework.components.tiles.DynamicTilesView@http-nio-8080-exec-2] View name 'fragments/welcome', model {} 
2022-05-20 16:10:01.347 DEBUG [org.apache.tiles.definition.dao.BaseLocaleUrlDefinitionDAO@http-nio-8080-exec-2] File Resource file:/C:/Users/Álvaro/Desktop/Workspace-22.0/Projects/Acme-One/target/classes/WEB-INF/views/master/tiles_en.xml at file:/C:/Users/Álvaro/Desktop/Workspace-22.0/Projects/Acme-One/target/classes/WEB-INF/views/master/tiles_en.xml not found, continue 
2022-05-20 16:10:01.351 DEBUG [org.apache.jasper.servlet.JspServlet@http-nio-8080-exec-2] JspEngine --> /WEB-INF/views/master/page.jsp 
2022-05-20 16:10:01.351 DEBUG [org.apache.jasper.servlet.JspServlet@http-nio-8080-exec-2] ServletPath: /WEB-INF/views/master/page.jsp 
2022-05-20 16:10:01.351 DEBUG [org.apache.jasper.servlet.JspServlet@http-nio-8080-exec-2] PathInfo: null 
2022-05-20 16:10:01.352 DEBUG [org.apache.jasper.servlet.JspServlet@http-nio-8080-exec-2] RealPath: C:\Users\Álvaro\Desktop\Workspace-22.0\Projects\Acme-One\target\classes\WEB-INF\views\master\page.jsp 
2022-05-20 16:10:01.352 DEBUG [org.apache.jasper.servlet.JspServlet@http-nio-8080-exec-2] RequestURI: /acme-one-3.0/WEB-INF/views/master/page.jsp 
2022-05-20 16:10:01.352 DEBUG [org.apache.jasper.servlet.JspServlet@http-nio-8080-exec-2] QueryString: null 
2022-05-20 16:10:03.234 DEBUG [acme.framework.configuration.ExtendedMessageSource@http-nio-8080-exec-2] Loading properties [C:\Users\Álvaro\Desktop\Workspace-22.0\Projects\Acme-One\target\classes\WEB-INF\views\administrator\announcement\messsages-en.i18n] with encoding 'utf-8' 
2022-05-20 16:10:03.234 DEBUG [acme.framework.configuration.ExtendedMessageSource@http-nio-8080-exec-2] Loading properties [C:\Users\Álvaro\Desktop\Workspace-22.0\Projects\Acme-One\target\classes\WEB-INF\views\administrator\dashboard\messsages-en.i18n] with encoding 'utf-8' 
2022-05-20 16:10:03.235 DEBUG [acme.framework.configuration.ExtendedMessageSource@http-nio-8080-exec-2] Loading properties [C:\Users\Álvaro\Desktop\Workspace-22.0\Projects\Acme-One\target\classes\WEB-INF\views\administrator\system-configuration\messsages-en.i18n] with encoding 'utf-8' 
2022-05-20 16:10:03.235 DEBUG [acme.framework.configuration.ExtendedMessageSource@http-nio-8080-exec-2] Loading properties [C:\Users\Álvaro\Desktop\Workspace-22.0\Projects\Acme-One\target\classes\WEB-INF\views\administrator\user-account\messages-en.i18n] with encoding 'utf-8' 
2022-05-20 16:10:03.235 DEBUG [acme.framework.configuration.ExtendedMessageSource@http-nio-8080-exec-2] Loading properties [C:\Users\Álvaro\Desktop\Workspace-22.0\Projects\Acme-One\target\classes\WEB-INF\views\anonymous\user-account\mesagges-en.i18n] with encoding 'utf-8' 
2022-05-20 16:10:03.236 DEBUG [acme.framework.configuration.ExtendedMessageSource@http-nio-8080-exec-2] Loading properties [C:\Users\Álvaro\Desktop\Workspace-22.0\Projects\Acme-One\target\classes\WEB-INF\views\any\chirp\mesagges-en.i18n] with encoding 'utf-8' 
2022-05-20 16:10:03.236 DEBUG [acme.framework.configuration.ExtendedMessageSource@http-nio-8080-exec-2] Loading properties [C:\Users\Álvaro\Desktop\Workspace-22.0\Projects\Acme-One\target\classes\WEB-INF\views\any\item\mesagges-en.i18n] with encoding 'utf-8' 
2022-05-20 16:10:03.236 DEBUG [acme.framework.configuration.ExtendedMessageSource@http-nio-8080-exec-2] Loading properties [C:\Users\Álvaro\Desktop\Workspace-22.0\Projects\Acme-One\target\classes\WEB-INF\views\any\toolkit\mesagges-en.i18n] with encoding 'utf-8' 
2022-05-20 16:10:03.237 DEBUG [acme.framework.configuration.ExtendedMessageSource@http-nio-8080-exec-2] Loading properties [C:\Users\Álvaro\Desktop\Workspace-22.0\Projects\Acme-One\target\classes\WEB-INF\views\any\user-account\mesagges-en.i18n] with encoding 'utf-8' 
2022-05-20 16:10:03.237 DEBUG [acme.framework.configuration.ExtendedMessageSource@http-nio-8080-exec-2] Loading properties [C:\Users\Álvaro\Desktop\Workspace-22.0\Projects\Acme-One\target\classes\WEB-INF\views\authenticated\announcement\messsages-en.i18n] with encoding 'utf-8' 
2022-05-20 16:10:03.237 DEBUG [acme.framework.configuration.ExtendedMessageSource@http-nio-8080-exec-2] Loading properties [C:\Users\Álvaro\Desktop\Workspace-22.0\Projects\Acme-One\target\classes\WEB-INF\views\authenticated\consumer\messsages-en.i18n] with encoding 'utf-8' 
2022-05-20 16:10:03.238 DEBUG [acme.framework.configuration.ExtendedMessageSource@http-nio-8080-exec-2] Loading properties [C:\Users\Álvaro\Desktop\Workspace-22.0\Projects\Acme-One\target\classes\WEB-INF\views\authenticated\currency\messsages-en.i18n] with encoding 'utf-8' 
2022-05-20 16:10:03.238 DEBUG [acme.framework.configuration.ExtendedMessageSource@http-nio-8080-exec-2] Loading properties [C:\Users\Álvaro\Desktop\Workspace-22.0\Projects\Acme-One\target\classes\WEB-INF\views\authenticated\inventor\messsages-en.i18n] with encoding 'utf-8' 
2022-05-20 16:10:03.238 DEBUG [acme.framework.configuration.ExtendedMessageSource@http-nio-8080-exec-2] Loading properties [C:\Users\Álvaro\Desktop\Workspace-22.0\Projects\Acme-One\target\classes\WEB-INF\views\authenticated\patron\messsages-en.i18n] with encoding 'utf-8' 
2022-05-20 16:10:03.239 DEBUG [acme.framework.configuration.ExtendedMessageSource@http-nio-8080-exec-2] Loading properties [C:\Users\Álvaro\Desktop\Workspace-22.0\Projects\Acme-One\target\classes\WEB-INF\views\authenticated\provider\messsages-en.i18n] with encoding 'utf-8' 
2022-05-20 16:10:03.239 DEBUG [acme.framework.configuration.ExtendedMessageSource@http-nio-8080-exec-2] Loading properties [C:\Users\Álvaro\Desktop\Workspace-22.0\Projects\Acme-One\target\classes\WEB-INF\views\authenticated\spam\messsages-en.i18n] with encoding 'utf-8' 
2022-05-20 16:10:03.239 DEBUG [acme.framework.configuration.ExtendedMessageSource@http-nio-8080-exec-2] Loading properties [C:\Users\Álvaro\Desktop\Workspace-22.0\Projects\Acme-One\target\classes\WEB-INF\views\fragments\banner-en.i18n] with encoding 'utf-8' 
2022-05-20 16:10:03.240 DEBUG [acme.framework.configuration.ExtendedMessageSource@http-nio-8080-exec-2] Loading properties [C:\Users\Álvaro\Desktop\Workspace-22.0\Projects\Acme-One\target\classes\WEB-INF\views\fragments\company-en.i18n] with encoding 'utf-8' 
2022-05-20 16:10:03.240 DEBUG [acme.framework.configuration.ExtendedMessageSource@http-nio-8080-exec-2] Loading properties [C:\Users\Álvaro\Desktop\Workspace-22.0\Projects\Acme-One\target\classes\WEB-INF\views\fragments\footer-en.i18n] with encoding 'utf-8' 
2022-05-20 16:10:03.240 DEBUG [acme.framework.configuration.ExtendedMessageSource@http-nio-8080-exec-2] Loading properties [C:\Users\Álvaro\Desktop\Workspace-22.0\Projects\Acme-One\target\classes\WEB-INF\views\fragments\license-en.i18n] with encoding 'utf-8' 
2022-05-20 16:10:03.241 DEBUG [acme.framework.configuration.ExtendedMessageSource@http-nio-8080-exec-2] Loading properties [C:\Users\Álvaro\Desktop\Workspace-22.0\Projects\Acme-One\target\classes\WEB-INF\views\fragments\menu-en.i18n] with encoding 'utf-8' 
2022-05-20 16:10:03.241 DEBUG [acme.framework.configuration.ExtendedMessageSource@http-nio-8080-exec-2] Loading properties [C:\Users\Álvaro\Desktop\Workspace-22.0\Projects\Acme-One\target\classes\WEB-INF\views\fragments\messsages-en.i18n] with encoding 'utf-8' 
2022-05-20 16:10:03.241 DEBUG [acme.framework.configuration.ExtendedMessageSource@http-nio-8080-exec-2] Loading properties [C:\Users\Álvaro\Desktop\Workspace-22.0\Projects\Acme-One\target\classes\WEB-INF\views\fragments\title-en.i18n] with encoding 'utf-8' 
2022-05-20 16:10:03.242 DEBUG [acme.framework.configuration.ExtendedMessageSource@http-nio-8080-exec-2] Loading properties [C:\Users\Álvaro\Desktop\Workspace-22.0\Projects\Acme-One\target\classes\WEB-INF\views\fragments\welcome-en.i18n] with encoding 'utf-8' 
2022-05-20 16:10:03.242 DEBUG [acme.framework.configuration.ExtendedMessageSource@http-nio-8080-exec-2] Loading properties [C:\Users\Álvaro\Desktop\Workspace-22.0\Projects\Acme-One\target\classes\WEB-INF\views\inventor\item\messagges-en.i18n] with encoding 'utf-8' 
2022-05-20 16:10:03.242 DEBUG [acme.framework.configuration.ExtendedMessageSource@http-nio-8080-exec-2] Loading properties [C:\Users\Álvaro\Desktop\Workspace-22.0\Projects\Acme-One\target\classes\WEB-INF\views\inventor\patronage\messsages-en.i18n] with encoding 'utf-8' 
2022-05-20 16:10:03.243 DEBUG [acme.framework.configuration.ExtendedMessageSource@http-nio-8080-exec-2] Loading properties [C:\Users\Álvaro\Desktop\Workspace-22.0\Projects\Acme-One\target\classes\WEB-INF\views\inventor\patronage-report\messsages-en.i18n] with encoding 'utf-8' 
2022-05-20 16:10:03.243 DEBUG [acme.framework.configuration.ExtendedMessageSource@http-nio-8080-exec-2] Loading properties [C:\Users\Álvaro\Desktop\Workspace-22.0\Projects\Acme-One\target\classes\WEB-INF\views\inventor\toolkit\messsages-en.i18n] with encoding 'utf-8' 
2022-05-20 16:10:03.243 DEBUG [acme.framework.configuration.ExtendedMessageSource@http-nio-8080-exec-2] Loading properties [C:\Users\Álvaro\Desktop\Workspace-22.0\Projects\Acme-One\target\classes\WEB-INF\views\master\defaults-en.i18n] with encoding 'utf-8' 
2022-05-20 16:10:03.243 DEBUG [acme.framework.configuration.ExtendedMessageSource@http-nio-8080-exec-2] Loading properties [C:\Users\Álvaro\Desktop\Workspace-22.0\Projects\Acme-One\target\classes\WEB-INF\views\master\master-en.i18n] with encoding 'utf-8' 
2022-05-20 16:10:03.244 DEBUG [acme.framework.configuration.ExtendedMessageSource@http-nio-8080-exec-2] Loading properties [C:\Users\Álvaro\Desktop\Workspace-22.0\Projects\Acme-One\target\classes\WEB-INF\views\master\throwables-en.i18n] with encoding 'utf-8' 
2022-05-20 16:10:03.244 DEBUG [acme.framework.configuration.ExtendedMessageSource@http-nio-8080-exec-2] Loading properties [C:\Users\Álvaro\Desktop\Workspace-22.0\Projects\Acme-One\target\classes\WEB-INF\views\master\validation-en.i18n] with encoding 'utf-8' 
2022-05-20 16:10:03.244 DEBUG [acme.framework.configuration.ExtendedMessageSource@http-nio-8080-exec-2] Loading properties [C:\Users\Álvaro\Desktop\Workspace-22.0\Projects\Acme-One\target\classes\WEB-INF\views\patron\dashboard\messsages-en.i18n] with encoding 'utf-8' 
2022-05-20 16:10:03.245 DEBUG [acme.framework.configuration.ExtendedMessageSource@http-nio-8080-exec-2] Loading properties [C:\Users\Álvaro\Desktop\Workspace-22.0\Projects\Acme-One\target\classes\WEB-INF\views\patron\inventor\messsages-en.i18n] with encoding 'utf-8' 
2022-05-20 16:10:03.245 DEBUG [acme.framework.configuration.ExtendedMessageSource@http-nio-8080-exec-2] Loading properties [C:\Users\Álvaro\Desktop\Workspace-22.0\Projects\Acme-One\target\classes\WEB-INF\views\patron\patronage\messsages-en.i18n] with encoding 'utf-8' 
2022-05-20 16:10:03.245 DEBUG [acme.framework.configuration.ExtendedMessageSource@http-nio-8080-exec-2] Loading properties [C:\Users\Álvaro\Desktop\Workspace-22.0\Projects\Acme-One\target\classes\WEB-INF\views\patron\patronage-report\messsages-en.i18n] with encoding 'utf-8' 
2022-05-20 16:10:03.409 DEBUG [org.apache.jasper.servlet.JspServlet@http-nio-8080-exec-2] JspEngine --> /WEB-INF/views/fragments/welcome.jsp 
2022-05-20 16:10:03.409 DEBUG [org.apache.jasper.servlet.JspServlet@http-nio-8080-exec-2] ServletPath: /WEB-INF/views/master/page.jsp 
2022-05-20 16:10:03.410 DEBUG [org.apache.jasper.servlet.JspServlet@http-nio-8080-exec-2] PathInfo: null 
2022-05-20 16:10:03.410 DEBUG [org.apache.jasper.servlet.JspServlet@http-nio-8080-exec-2] RealPath: C:\Users\Álvaro\Desktop\Workspace-22.0\Projects\Acme-One\target\classes\WEB-INF\views\fragments\welcome.jsp 
2022-05-20 16:10:03.411 DEBUG [org.apache.jasper.servlet.JspServlet@http-nio-8080-exec-2] RequestURI: /acme-one-3.0/WEB-INF/views/master/page.jsp 
2022-05-20 16:10:03.411 DEBUG [org.apache.jasper.servlet.JspServlet@http-nio-8080-exec-2] QueryString: null 
2022-05-20 16:10:03.576 DEBUG [org.hibernate.SQL@http-nio-8080-exec-2] select useraccoun0_.id as id1_0_, useraccoun0_.version as version2_0_, useraccoun0_.enabled as enabled1_18_, useraccoun0_.identity as identity2_18_, useraccoun0_.password as password3_18_, useraccoun0_.username as username4_18_ from user_account useraccoun0_ where useraccoun0_.username=? 
2022-05-20 16:10:03.590 TRACE [org.hibernate.type.descriptor.sql.BasicBinder@http-nio-8080-exec-2] binding parameter [1] as [VARCHAR] - [anonymous] 
2022-05-20 16:10:03.623 DEBUG [org.hibernate.SQL@http-nio-8080-exec-2] select roles0_.user_account_id as user_acc1_19_0_, roles0_.id as id1_19_0_, roles0_.id as id1_0_1_, roles0_.version as version2_0_1_, roles0_.user_account_id as user_acc1_19_1_, roles0_.company as company1_7_1_, roles0_.sector as sector2_7_1_, roles0_.company as company1_9_1_, roles0_.link as link2_9_1_, roles0_.statement as statemen3_9_1_, roles0_.company as company1_11_1_, roles0_.link as link2_11_1_, roles0_.statement as statemen3_11_1_, roles0_.company as company1_14_1_, roles0_.sector as sector2_14_1_, roles0_.clazz_ as clazz_1_ from ( select id, version, user_account_id, company, sector, null as link, null as statement, 11 as clazz_ from consumer union all select id, version, user_account_id, company, null as sector, link, statement, 12 as clazz_ from inventor union all select id, version, user_account_id, company, null as sector, link, statement, 13 as clazz_ from patron union all select id, version, user_account_id, company, sector, null as link, null as statement, 14 as clazz_ from provider union all select id, version, user_account_id, null as company, null as sector, null as link, null as statement, 16 as clazz_ from administrator union all select id, version, user_account_id, null as company, null as sector, null as link, null as statement, 17 as clazz_ from anonymous union all select id, version, user_account_id, null as company, null as sector, null as link, null as statement, 18 as clazz_ from any union all select id, version, user_account_id, null as company, null as sector, null as link, null as statement, 19 as clazz_ from authenticated ) roles0_ where roles0_.user_account_id=? 
2022-05-20 16:10:03.624 TRACE [org.hibernate.type.descriptor.sql.BasicBinder@http-nio-8080-exec-2] binding parameter [1] as [INTEGER] - [1] 
2022-05-20 16:10:05.420 DEBUG [acme.framework.components.tiles.DynamicTilesView@http-nio-8080-exec-7] View name 'master/sign-in', model {username=, password=, remember=false} 
2022-05-20 16:10:05.420 DEBUG [org.apache.jasper.servlet.JspServlet@http-nio-8080-exec-7] JspEngine --> /WEB-INF/views/master/page.jsp 
2022-05-20 16:10:05.421 DEBUG [org.apache.jasper.servlet.JspServlet@http-nio-8080-exec-7] ServletPath: /WEB-INF/views/master/page.jsp 
2022-05-20 16:10:05.421 DEBUG [org.apache.jasper.servlet.JspServlet@http-nio-8080-exec-7] PathInfo: null 
2022-05-20 16:10:05.421 DEBUG [org.apache.jasper.servlet.JspServlet@http-nio-8080-exec-7] RealPath: C:\Users\Álvaro\Desktop\Workspace-22.0\Projects\Acme-One\target\classes\WEB-INF\views\master\page.jsp 
2022-05-20 16:10:05.422 DEBUG [org.apache.jasper.servlet.JspServlet@http-nio-8080-exec-7] RequestURI: /acme-one-3.0/WEB-INF/views/master/page.jsp 
2022-05-20 16:10:05.422 DEBUG [org.apache.jasper.servlet.JspServlet@http-nio-8080-exec-7] QueryString: null 
2022-05-20 16:10:05.544 DEBUG [org.apache.jasper.servlet.JspServlet@http-nio-8080-exec-7] JspEngine --> /WEB-INF/views/master/sign-in.jsp 
2022-05-20 16:10:05.544 DEBUG [org.apache.jasper.servlet.JspServlet@http-nio-8080-exec-7] ServletPath: /WEB-INF/views/master/page.jsp 
2022-05-20 16:10:05.545 DEBUG [org.apache.jasper.servlet.JspServlet@http-nio-8080-exec-7] PathInfo: null 
2022-05-20 16:10:05.545 DEBUG [org.apache.jasper.servlet.JspServlet@http-nio-8080-exec-7] RealPath: C:\Users\Álvaro\Desktop\Workspace-22.0\Projects\Acme-One\target\classes\WEB-INF\views\master\sign-in.jsp 
2022-05-20 16:10:05.545 DEBUG [org.apache.jasper.servlet.JspServlet@http-nio-8080-exec-7] RequestURI: /acme-one-3.0/WEB-INF/views/master/page.jsp 
2022-05-20 16:10:05.545 DEBUG [org.apache.jasper.servlet.JspServlet@http-nio-8080-exec-7] QueryString: null 
2022-05-20 16:10:06.412 DEBUG [org.hibernate.SQL@http-nio-8080-exec-7] select useraccoun0_.id as id1_0_, useraccoun0_.version as version2_0_, useraccoun0_.enabled as enabled1_18_, useraccoun0_.identity as identity2_18_, useraccoun0_.password as password3_18_, useraccoun0_.username as username4_18_ from user_account useraccoun0_ where useraccoun0_.username=? 
2022-05-20 16:10:06.413 TRACE [org.hibernate.type.descriptor.sql.BasicBinder@http-nio-8080-exec-7] binding parameter [1] as [VARCHAR] - [anonymous] 
2022-05-20 16:10:06.413 DEBUG [org.hibernate.SQL@http-nio-8080-exec-7] select roles0_.user_account_id as user_acc1_19_0_, roles0_.id as id1_19_0_, roles0_.id as id1_0_1_, roles0_.version as version2_0_1_, roles0_.user_account_id as user_acc1_19_1_, roles0_.company as company1_7_1_, roles0_.sector as sector2_7_1_, roles0_.company as company1_9_1_, roles0_.link as link2_9_1_, roles0_.statement as statemen3_9_1_, roles0_.company as company1_11_1_, roles0_.link as link2_11_1_, roles0_.statement as statemen3_11_1_, roles0_.company as company1_14_1_, roles0_.sector as sector2_14_1_, roles0_.clazz_ as clazz_1_ from ( select id, version, user_account_id, company, sector, null as link, null as statement, 11 as clazz_ from consumer union all select id, version, user_account_id, company, null as sector, link, statement, 12 as clazz_ from inventor union all select id, version, user_account_id, company, null as sector, link, statement, 13 as clazz_ from patron union all select id, version, user_account_id, company, sector, null as link, null as statement, 14 as clazz_ from provider union all select id, version, user_account_id, null as company, null as sector, null as link, null as statement, 16 as clazz_ from administrator union all select id, version, user_account_id, null as company, null as sector, null as link, null as statement, 17 as clazz_ from anonymous union all select id, version, user_account_id, null as company, null as sector, null as link, null as statement, 18 as clazz_ from any union all select id, version, user_account_id, null as company, null as sector, null as link, null as statement, 19 as clazz_ from authenticated ) roles0_ where roles0_.user_account_id=? 
2022-05-20 16:10:06.414 TRACE [org.hibernate.type.descriptor.sql.BasicBinder@http-nio-8080-exec-7] binding parameter [1] as [INTEGER] - [1] 
2022-05-20 16:10:09.142 DEBUG [org.hibernate.SQL@http-nio-8080-exec-5] select useraccoun0_.id as id1_0_, useraccoun0_.version as version2_0_, useraccoun0_.enabled as enabled1_18_, useraccoun0_.identity as identity2_18_, useraccoun0_.password as password3_18_, useraccoun0_.username as username4_18_ from user_account useraccoun0_ where useraccoun0_.username=? 
2022-05-20 16:10:09.142 TRACE [org.hibernate.type.descriptor.sql.BasicBinder@http-nio-8080-exec-5] binding parameter [1] as [VARCHAR] - [inventor1] 
2022-05-20 16:10:09.143 DEBUG [org.hibernate.SQL@http-nio-8080-exec-5] select roles0_.user_account_id as user_acc1_19_0_, roles0_.id as id1_19_0_, roles0_.id as id1_0_1_, roles0_.version as version2_0_1_, roles0_.user_account_id as user_acc1_19_1_, roles0_.company as company1_7_1_, roles0_.sector as sector2_7_1_, roles0_.company as company1_9_1_, roles0_.link as link2_9_1_, roles0_.statement as statemen3_9_1_, roles0_.company as company1_11_1_, roles0_.link as link2_11_1_, roles0_.statement as statemen3_11_1_, roles0_.company as company1_14_1_, roles0_.sector as sector2_14_1_, roles0_.clazz_ as clazz_1_ from ( select id, version, user_account_id, company, sector, null as link, null as statement, 11 as clazz_ from consumer union all select id, version, user_account_id, company, null as sector, link, statement, 12 as clazz_ from inventor union all select id, version, user_account_id, company, null as sector, link, statement, 13 as clazz_ from patron union all select id, version, user_account_id, company, sector, null as link, null as statement, 14 as clazz_ from provider union all select id, version, user_account_id, null as company, null as sector, null as link, null as statement, 16 as clazz_ from administrator union all select id, version, user_account_id, null as company, null as sector, null as link, null as statement, 17 as clazz_ from anonymous union all select id, version, user_account_id, null as company, null as sector, null as link, null as statement, 18 as clazz_ from any union all select id, version, user_account_id, null as company, null as sector, null as link, null as statement, 19 as clazz_ from authenticated ) roles0_ where roles0_.user_account_id=? 
2022-05-20 16:10:09.144 TRACE [org.hibernate.type.descriptor.sql.BasicBinder@http-nio-8080-exec-5] binding parameter [1] as [INTEGER] - [14] 
2022-05-20 16:10:09.152 DEBUG [acme.framework.components.tiles.DynamicTilesView@http-nio-8080-exec-2] View name 'fragments/welcome', model {} 
2022-05-20 16:10:09.153 DEBUG [org.apache.jasper.servlet.JspServlet@http-nio-8080-exec-2] JspEngine --> /WEB-INF/views/master/page.jsp 
2022-05-20 16:10:09.153 DEBUG [org.apache.jasper.servlet.JspServlet@http-nio-8080-exec-2] ServletPath: /WEB-INF/views/master/page.jsp 
2022-05-20 16:10:09.153 DEBUG [org.apache.jasper.servlet.JspServlet@http-nio-8080-exec-2] PathInfo: null 
2022-05-20 16:10:09.154 DEBUG [org.apache.jasper.servlet.JspServlet@http-nio-8080-exec-2] RealPath: C:\Users\Álvaro\Desktop\Workspace-22.0\Projects\Acme-One\target\classes\WEB-INF\views\master\page.jsp 
2022-05-20 16:10:09.155 DEBUG [org.apache.jasper.servlet.JspServlet@http-nio-8080-exec-2] RequestURI: /acme-one-3.0/WEB-INF/views/master/page.jsp 
2022-05-20 16:10:09.155 DEBUG [org.apache.jasper.servlet.JspServlet@http-nio-8080-exec-2] QueryString: null 
2022-05-20 16:10:09.315 DEBUG [org.apache.jasper.servlet.JspServlet@http-nio-8080-exec-2] JspEngine --> /WEB-INF/views/fragments/welcome.jsp 
2022-05-20 16:10:09.315 DEBUG [org.apache.jasper.servlet.JspServlet@http-nio-8080-exec-2] ServletPath: /WEB-INF/views/master/page.jsp 
2022-05-20 16:10:09.315 DEBUG [org.apache.jasper.servlet.JspServlet@http-nio-8080-exec-2] PathInfo: null 
2022-05-20 16:10:09.316 DEBUG [org.apache.jasper.servlet.JspServlet@http-nio-8080-exec-2] RealPath: C:\Users\Álvaro\Desktop\Workspace-22.0\Projects\Acme-One\target\classes\WEB-INF\views\fragments\welcome.jsp 
2022-05-20 16:10:09.316 DEBUG [org.apache.jasper.servlet.JspServlet@http-nio-8080-exec-2] RequestURI: /acme-one-3.0/WEB-INF/views/master/page.jsp 
2022-05-20 16:10:09.316 DEBUG [org.apache.jasper.servlet.JspServlet@http-nio-8080-exec-2] QueryString: null 
2022-05-20 16:10:10.858 DEBUG [acme.framework.controllers.AbstractController@http-nio-8080-exec-6] DISPATCHING GET /acme-one-3.0/inventor/toolkit/list 
2022-05-20 16:10:10.858 DEBUG [acme.framework.controllers.AbstractController@http-nio-8080-exec-6] Command: list 
2022-05-20 16:10:10.858 DEBUG [acme.framework.controllers.AbstractController@http-nio-8080-exec-6] Model:   {} 
2022-05-20 16:10:10.858 DEBUG [acme.framework.controllers.AbstractController@http-nio-8080-exec-6] Locale:  en 
2022-05-20 16:10:10.868 DEBUG [org.hibernate.SQL@http-nio-8080-exec-6] select toolkit0_.id as id1_0_, toolkit0_.version as version2_0_, toolkit0_.assembly_notes as assembly1_17_, toolkit0_.code as code2_17_, toolkit0_.description as descript3_17_, toolkit0_.inventor_id as inventor7_17_, toolkit0_.link as link4_17_, toolkit0_.publish as publish5_17_, toolkit0_.title as title6_17_ from toolkit toolkit0_ where toolkit0_.id=? 
2022-05-20 16:10:10.868 TRACE [org.hibernate.type.descriptor.sql.BasicBinder@http-nio-8080-exec-6] binding parameter [1] as [INTEGER] - [20] 
2022-05-20 16:10:10.872 DEBUG [acme.framework.controllers.AbstractController@http-nio-8080-exec-6] SERVING GET /acme-one-3.0/inventor/toolkit/list 
2022-05-20 16:10:10.872 DEBUG [acme.framework.controllers.AbstractController@http-nio-8080-exec-6] Result: ModelAndView [view="inventor/toolkit/list"; model={list$size=0, command=list, principal=acme.framework.entities.Principal@23240bca}] 
2022-05-20 16:10:10.874 DEBUG [acme.framework.components.tiles.DynamicTilesView@http-nio-8080-exec-6] View name 'inventor/toolkit/list', model {list$size=0, command=list, principal=acme.framework.entities.Principal@23240bca, org.springframework.validation.BindingResult.principal=org.springframework.validation.BeanPropertyBindingResult: 0 errors} 
2022-05-20 16:10:10.874 DEBUG [org.apache.jasper.servlet.JspServlet@http-nio-8080-exec-6] JspEngine --> /WEB-INF/views/master/page.jsp 
2022-05-20 16:10:10.874 DEBUG [org.apache.jasper.servlet.JspServlet@http-nio-8080-exec-6] ServletPath: /WEB-INF/views/master/page.jsp 
2022-05-20 16:10:10.875 DEBUG [org.apache.jasper.servlet.JspServlet@http-nio-8080-exec-6] PathInfo: null 
2022-05-20 16:10:10.875 DEBUG [org.apache.jasper.servlet.JspServlet@http-nio-8080-exec-6] RealPath: C:\Users\Álvaro\Desktop\Workspace-22.0\Projects\Acme-One\target\classes\WEB-INF\views\master\page.jsp 
2022-05-20 16:10:10.875 DEBUG [org.apache.jasper.servlet.JspServlet@http-nio-8080-exec-6] RequestURI: /acme-one-3.0/WEB-INF/views/master/page.jsp 
2022-05-20 16:10:10.875 DEBUG [org.apache.jasper.servlet.JspServlet@http-nio-8080-exec-6] QueryString: null 
2022-05-20 16:10:11.030 DEBUG [org.apache.jasper.servlet.JspServlet@http-nio-8080-exec-6] JspEngine --> /WEB-INF/views/inventor/toolkit/list.jsp 
2022-05-20 16:10:11.030 DEBUG [org.apache.jasper.servlet.JspServlet@http-nio-8080-exec-6] ServletPath: /WEB-INF/views/master/page.jsp 
2022-05-20 16:10:11.030 DEBUG [org.apache.jasper.servlet.JspServlet@http-nio-8080-exec-6] PathInfo: null 
2022-05-20 16:10:11.031 DEBUG [org.apache.jasper.servlet.JspServlet@http-nio-8080-exec-6] RealPath: C:\Users\Álvaro\Desktop\Workspace-22.0\Projects\Acme-One\target\classes\WEB-INF\views\inventor\toolkit\list.jsp 
2022-05-20 16:10:11.031 DEBUG [org.apache.jasper.servlet.JspServlet@http-nio-8080-exec-6] RequestURI: /acme-one-3.0/WEB-INF/views/master/page.jsp 
2022-05-20 16:10:11.032 DEBUG [org.apache.jasper.servlet.JspServlet@http-nio-8080-exec-6] QueryString: null 
2022-05-20 16:10:14.053 DEBUG [acme.framework.controllers.AbstractController@http-nio-8080-exec-2] DISPATCHING GET /acme-one-3.0/inventor/toolkit/list 
2022-05-20 16:10:14.053 DEBUG [acme.framework.controllers.AbstractController@http-nio-8080-exec-2] Command: list 
2022-05-20 16:10:14.053 DEBUG [acme.framework.controllers.AbstractController@http-nio-8080-exec-2] Model:   {} 
2022-05-20 16:10:14.053 DEBUG [acme.framework.controllers.AbstractController@http-nio-8080-exec-2] Locale:  en 
2022-05-20 16:10:14.054 DEBUG [org.hibernate.SQL@http-nio-8080-exec-2] select toolkit0_.id as id1_0_, toolkit0_.version as version2_0_, toolkit0_.assembly_notes as assembly1_17_, toolkit0_.code as code2_17_, toolkit0_.description as descript3_17_, toolkit0_.inventor_id as inventor7_17_, toolkit0_.link as link4_17_, toolkit0_.publish as publish5_17_, toolkit0_.title as title6_17_ from toolkit toolkit0_ where toolkit0_.id=? 
2022-05-20 16:10:14.054 TRACE [org.hibernate.type.descriptor.sql.BasicBinder@http-nio-8080-exec-2] binding parameter [1] as [INTEGER] - [20] 
2022-05-20 16:10:14.055 DEBUG [acme.framework.controllers.AbstractController@http-nio-8080-exec-2] SERVING GET /acme-one-3.0/inventor/toolkit/list 
2022-05-20 16:10:14.055 DEBUG [acme.framework.controllers.AbstractController@http-nio-8080-exec-2] Result: ModelAndView [view="inventor/toolkit/list"; model={list$size=0, command=list, principal=acme.framework.entities.Principal@23240bca}] 
2022-05-20 16:10:14.055 DEBUG [acme.framework.components.tiles.DynamicTilesView@http-nio-8080-exec-2] View name 'inventor/toolkit/list', model {list$size=0, command=list, principal=acme.framework.entities.Principal@23240bca, org.springframework.validation.BindingResult.principal=org.springframework.validation.BeanPropertyBindingResult: 0 errors} 
2022-05-20 16:10:14.056 DEBUG [org.apache.jasper.servlet.JspServlet@http-nio-8080-exec-2] JspEngine --> /WEB-INF/views/master/page.jsp 
2022-05-20 16:10:14.056 DEBUG [org.apache.jasper.servlet.JspServlet@http-nio-8080-exec-2] ServletPath: /WEB-INF/views/master/page.jsp 
2022-05-20 16:10:14.056 DEBUG [org.apache.jasper.servlet.JspServlet@http-nio-8080-exec-2] PathInfo: null 
2022-05-20 16:10:14.057 DEBUG [org.apache.jasper.servlet.JspServlet@http-nio-8080-exec-2] RealPath: C:\Users\Álvaro\Desktop\Workspace-22.0\Projects\Acme-One\target\classes\WEB-INF\views\master\page.jsp 
2022-05-20 16:10:14.057 DEBUG [org.apache.jasper.servlet.JspServlet@http-nio-8080-exec-2] RequestURI: /acme-one-3.0/WEB-INF/views/master/page.jsp 
2022-05-20 16:10:14.057 DEBUG [org.apache.jasper.servlet.JspServlet@http-nio-8080-exec-2] QueryString: null 
2022-05-20 16:10:14.219 DEBUG [org.apache.jasper.servlet.JspServlet@http-nio-8080-exec-2] JspEngine --> /WEB-INF/views/inventor/toolkit/list.jsp 
2022-05-20 16:10:14.220 DEBUG [org.apache.jasper.servlet.JspServlet@http-nio-8080-exec-2] ServletPath: /WEB-INF/views/master/page.jsp 
2022-05-20 16:10:14.220 DEBUG [org.apache.jasper.servlet.JspServlet@http-nio-8080-exec-2] PathInfo: null 
2022-05-20 16:10:14.220 DEBUG [org.apache.jasper.servlet.JspServlet@http-nio-8080-exec-2] RealPath: C:\Users\Álvaro\Desktop\Workspace-22.0\Projects\Acme-One\target\classes\WEB-INF\views\inventor\toolkit\list.jsp 
2022-05-20 16:10:14.220 DEBUG [org.apache.jasper.servlet.JspServlet@http-nio-8080-exec-2] RequestURI: /acme-one-3.0/WEB-INF/views/master/page.jsp 
2022-05-20 16:10:14.221 DEBUG [org.apache.jasper.servlet.JspServlet@http-nio-8080-exec-2] QueryString: null 
2022-05-20 16:10:18.765 DEBUG [acme.framework.controllers.AbstractController@http-nio-8080-exec-9] DISPATCHING GET /acme-one-3.0/inventor/item/list-my-components 
2022-05-20 16:10:18.765 DEBUG [acme.framework.controllers.AbstractController@http-nio-8080-exec-9] Command: list-my-components 
2022-05-20 16:10:18.765 DEBUG [acme.framework.controllers.AbstractController@http-nio-8080-exec-9] Model:   {} 
2022-05-20 16:10:18.765 DEBUG [acme.framework.controllers.AbstractController@http-nio-8080-exec-9] Locale:  en 
2022-05-20 16:10:18.769 DEBUG [org.hibernate.SQL@http-nio-8080-exec-9] select item0_.id as id1_0_, item0_.version as version2_0_, item0_.code as code1_10_, item0_.description as descript2_10_, item0_.inventor_id as invento10_10_, item0_.link as link3_10_, item0_.name as name4_10_, item0_.published as publishe5_10_, item0_.retail_price_amount as retail_p6_10_, item0_.retail_price_currency as retail_p7_10_, item0_.technology as technolo8_10_, item0_.type as type9_10_ from item item0_ where item0_.inventor_id=? and item0_.type=1 
2022-05-20 16:10:18.769 TRACE [org.hibernate.type.descriptor.sql.BasicBinder@http-nio-8080-exec-9] binding parameter [1] as [INTEGER] - [20] 
2022-05-20 16:10:18.775 DEBUG [org.hibernate.SQL@http-nio-8080-exec-9] select inventor0_.id as id1_0_0_, inventor0_.version as version2_0_0_, inventor0_.user_account_id as user_acc1_19_0_, inventor0_.company as company1_9_0_, inventor0_.link as link2_9_0_, inventor0_.statement as statemen3_9_0_, useraccoun1_.id as id1_0_1_, useraccoun1_.version as version2_0_1_, useraccoun1_.enabled as enabled1_18_1_, useraccoun1_.identity as identity2_18_1_, useraccoun1_.password as password3_18_1_, useraccoun1_.username as username4_18_1_ from inventor inventor0_ inner join user_account useraccoun1_ on inventor0_.user_account_id=useraccoun1_.id where inventor0_.id=? 
2022-05-20 16:10:18.775 TRACE [org.hibernate.type.descriptor.sql.BasicBinder@http-nio-8080-exec-9] binding parameter [1] as [INTEGER] - [20] 
2022-05-20 16:10:18.790 DEBUG [acme.framework.controllers.AbstractController@http-nio-8080-exec-9] SERVING GET /acme-one-3.0/inventor/item/list-my-components 
2022-05-20 16:10:18.791 DEBUG [acme.framework.controllers.AbstractController@http-nio-8080-exec-9] Result: ModelAndView [view="inventor/item/list"; model={published[0]=true, type[0]=COMPONENT, version[0]=0, id[0]=24, list$size=1, name[0]=Televition Xiaomi, retailPrice[0]=<<EUR 350.00>>, command=list-my-components, principal=acme.framework.entities.Principal@23240bca}] 
2022-05-20 16:10:18.791 DEBUG [acme.framework.components.tiles.DynamicTilesView@http-nio-8080-exec-9] View name 'inventor/item/list', model {published[0]=true, type[0]=COMPONENT, version[0]=0, id[0]=24, list$size=1, name[0]=Televition Xiaomi, retailPrice[0]=<<EUR 350.00>>, command=list-my-components, principal=acme.framework.entities.Principal@23240bca, org.springframework.validation.BindingResult.retailPrice[0]=org.springframework.validation.BeanPropertyBindingResult: 0 errors, org.springframework.validation.BindingResult.principal=org.springframework.validation.BeanPropertyBindingResult: 0 errors} 
2022-05-20 16:10:18.792 DEBUG [org.apache.jasper.servlet.JspServlet@http-nio-8080-exec-9] JspEngine --> /WEB-INF/views/master/page.jsp 
2022-05-20 16:10:18.792 DEBUG [org.apache.jasper.servlet.JspServlet@http-nio-8080-exec-9] ServletPath: /WEB-INF/views/master/page.jsp 
2022-05-20 16:10:18.792 DEBUG [org.apache.jasper.servlet.JspServlet@http-nio-8080-exec-9] PathInfo: null 
2022-05-20 16:10:18.793 DEBUG [org.apache.jasper.servlet.JspServlet@http-nio-8080-exec-9] RealPath: C:\Users\Álvaro\Desktop\Workspace-22.0\Projects\Acme-One\target\classes\WEB-INF\views\master\page.jsp 
2022-05-20 16:10:18.793 DEBUG [org.apache.jasper.servlet.JspServlet@http-nio-8080-exec-9] RequestURI: /acme-one-3.0/WEB-INF/views/master/page.jsp 
2022-05-20 16:10:18.793 DEBUG [org.apache.jasper.servlet.JspServlet@http-nio-8080-exec-9] QueryString: null 
2022-05-20 16:10:18.939 DEBUG [org.apache.jasper.servlet.JspServlet@http-nio-8080-exec-9] JspEngine --> /WEB-INF/views/inventor/item/list.jsp 
2022-05-20 16:10:18.940 DEBUG [org.apache.jasper.servlet.JspServlet@http-nio-8080-exec-9] ServletPath: /WEB-INF/views/master/page.jsp 
2022-05-20 16:10:18.940 DEBUG [org.apache.jasper.servlet.JspServlet@http-nio-8080-exec-9] PathInfo: null 
2022-05-20 16:10:18.940 DEBUG [org.apache.jasper.servlet.JspServlet@http-nio-8080-exec-9] RealPath: C:\Users\Álvaro\Desktop\Workspace-22.0\Projects\Acme-One\target\classes\WEB-INF\views\inventor\item\list.jsp 
2022-05-20 16:10:18.941 DEBUG [org.apache.jasper.servlet.JspServlet@http-nio-8080-exec-9] RequestURI: /acme-one-3.0/WEB-INF/views/master/page.jsp 
2022-05-20 16:10:18.941 DEBUG [org.apache.jasper.servlet.JspServlet@http-nio-8080-exec-9] QueryString: null 
2022-05-20 16:10:37.467 DEBUG [acme.framework.controllers.AbstractController@http-nio-8080-exec-9] DISPATCHING GET /acme-one-3.0/inventor/toolkit/list 
2022-05-20 16:10:37.467 DEBUG [acme.framework.controllers.AbstractController@http-nio-8080-exec-9] Command: list 
2022-05-20 16:10:37.467 DEBUG [acme.framework.controllers.AbstractController@http-nio-8080-exec-9] Model:   {} 
2022-05-20 16:10:37.467 DEBUG [acme.framework.controllers.AbstractController@http-nio-8080-exec-9] Locale:  en 
2022-05-20 16:10:37.468 DEBUG [org.hibernate.SQL@http-nio-8080-exec-9] select toolkit0_.id as id1_0_, toolkit0_.version as version2_0_, toolkit0_.assembly_notes as assembly1_17_, toolkit0_.code as code2_17_, toolkit0_.description as descript3_17_, toolkit0_.inventor_id as inventor7_17_, toolkit0_.link as link4_17_, toolkit0_.publish as publish5_17_, toolkit0_.title as title6_17_ from toolkit toolkit0_ where toolkit0_.id=? 
2022-05-20 16:10:37.468 TRACE [org.hibernate.type.descriptor.sql.BasicBinder@http-nio-8080-exec-9] binding parameter [1] as [INTEGER] - [20] 
2022-05-20 16:10:37.474 DEBUG [acme.framework.controllers.AbstractController@http-nio-8080-exec-9] SERVING GET /acme-one-3.0/inventor/toolkit/list 
2022-05-20 16:10:37.474 DEBUG [acme.framework.controllers.AbstractController@http-nio-8080-exec-9] Result: ModelAndView [view="inventor/toolkit/list"; model={list$size=0, command=list, principal=acme.framework.entities.Principal@23240bca}] 
2022-05-20 16:10:37.475 DEBUG [acme.framework.components.tiles.DynamicTilesView@http-nio-8080-exec-9] View name 'inventor/toolkit/list', model {list$size=0, command=list, principal=acme.framework.entities.Principal@23240bca, org.springframework.validation.BindingResult.principal=org.springframework.validation.BeanPropertyBindingResult: 0 errors} 
2022-05-20 16:10:37.475 DEBUG [org.apache.jasper.servlet.JspServlet@http-nio-8080-exec-9] JspEngine --> /WEB-INF/views/master/page.jsp 
2022-05-20 16:10:37.475 DEBUG [org.apache.jasper.servlet.JspServlet@http-nio-8080-exec-9] ServletPath: /WEB-INF/views/master/page.jsp 
2022-05-20 16:10:37.475 DEBUG [org.apache.jasper.servlet.JspServlet@http-nio-8080-exec-9] PathInfo: null 
2022-05-20 16:10:37.476 DEBUG [org.apache.jasper.servlet.JspServlet@http-nio-8080-exec-9] RealPath: C:\Users\Álvaro\Desktop\Workspace-22.0\Projects\Acme-One\target\classes\WEB-INF\views\master\page.jsp 
2022-05-20 16:10:37.476 DEBUG [org.apache.jasper.servlet.JspServlet@http-nio-8080-exec-9] RequestURI: /acme-one-3.0/WEB-INF/views/master/page.jsp 
2022-05-20 16:10:37.476 DEBUG [org.apache.jasper.servlet.JspServlet@http-nio-8080-exec-9] QueryString: null 
2022-05-20 16:10:37.629 DEBUG [org.apache.jasper.servlet.JspServlet@http-nio-8080-exec-9] JspEngine --> /WEB-INF/views/inventor/toolkit/list.jsp 
2022-05-20 16:10:37.629 DEBUG [org.apache.jasper.servlet.JspServlet@http-nio-8080-exec-9] ServletPath: /WEB-INF/views/master/page.jsp 
2022-05-20 16:10:37.629 DEBUG [org.apache.jasper.servlet.JspServlet@http-nio-8080-exec-9] PathInfo: null 
2022-05-20 16:10:37.630 DEBUG [org.apache.jasper.servlet.JspServlet@http-nio-8080-exec-9] RealPath: C:\Users\Álvaro\Desktop\Workspace-22.0\Projects\Acme-One\target\classes\WEB-INF\views\inventor\toolkit\list.jsp 
2022-05-20 16:10:37.630 DEBUG [org.apache.jasper.servlet.JspServlet@http-nio-8080-exec-9] RequestURI: /acme-one-3.0/WEB-INF/views/master/page.jsp 
2022-05-20 16:10:37.630 DEBUG [org.apache.jasper.servlet.JspServlet@http-nio-8080-exec-9] QueryString: null 
2022-05-20 16:10:39.848 DEBUG [acme.framework.controllers.AbstractController@http-nio-8080-exec-3] DISPATCHING GET /acme-one-3.0/inventor/toolkit/create 
2022-05-20 16:10:39.848 DEBUG [acme.framework.controllers.AbstractController@http-nio-8080-exec-3] Command: create 
2022-05-20 16:10:39.848 DEBUG [acme.framework.controllers.AbstractController@http-nio-8080-exec-3] Model:   {} 
2022-05-20 16:10:39.848 DEBUG [acme.framework.controllers.AbstractController@http-nio-8080-exec-3] Locale:  en 
2022-05-20 16:10:39.851 DEBUG [org.hibernate.SQL@http-nio-8080-exec-3] select inventor0_.id as id1_0_, inventor0_.version as version2_0_, inventor0_.user_account_id as user_acc1_19_, inventor0_.company as company1_9_, inventor0_.link as link2_9_, inventor0_.statement as statemen3_9_ from inventor inventor0_ where inventor0_.id=? 
2022-05-20 16:10:39.851 TRACE [org.hibernate.type.descriptor.sql.BasicBinder@http-nio-8080-exec-3] binding parameter [1] as [INTEGER] - [20] 
2022-05-20 16:10:39.852 DEBUG [org.hibernate.SQL@http-nio-8080-exec-3] select useraccoun0_.id as id1_0_0_, useraccoun0_.version as version2_0_0_, useraccoun0_.enabled as enabled1_18_0_, useraccoun0_.identity as identity2_18_0_, useraccoun0_.password as password3_18_0_, useraccoun0_.username as username4_18_0_ from user_account useraccoun0_ where useraccoun0_.id=? 
2022-05-20 16:10:39.852 TRACE [org.hibernate.type.descriptor.sql.BasicBinder@http-nio-8080-exec-3] binding parameter [1] as [INTEGER] - [14] 
2022-05-20 16:10:39.863 DEBUG [acme.framework.controllers.AbstractController@http-nio-8080-exec-3] SERVING GET /acme-one-3.0/inventor/toolkit/create 
2022-05-20 16:10:39.863 DEBUG [acme.framework.controllers.AbstractController@http-nio-8080-exec-3] Result: ModelAndView [view="inventor/toolkit/form"; model={assemblyNotes=null, code=null, publish=false, link=null, description=null, id=0, title=null, version=0, command=create, principal=acme.framework.entities.Principal@23240bca}] 
2022-05-20 16:10:39.864 DEBUG [acme.framework.components.tiles.DynamicTilesView@http-nio-8080-exec-3] View name 'inventor/toolkit/form', model {assemblyNotes=null, code=null, publish=false, link=null, description=null, id=0, title=null, version=0, command=create, principal=acme.framework.entities.Principal@23240bca, org.springframework.validation.BindingResult.principal=org.springframework.validation.BeanPropertyBindingResult: 0 errors} 
2022-05-20 16:10:39.864 DEBUG [org.apache.jasper.servlet.JspServlet@http-nio-8080-exec-3] JspEngine --> /WEB-INF/views/master/page.jsp 
2022-05-20 16:10:39.864 DEBUG [org.apache.jasper.servlet.JspServlet@http-nio-8080-exec-3] ServletPath: /WEB-INF/views/master/page.jsp 
2022-05-20 16:10:39.864 DEBUG [org.apache.jasper.servlet.JspServlet@http-nio-8080-exec-3] PathInfo: null 
2022-05-20 16:10:39.865 DEBUG [org.apache.jasper.servlet.JspServlet@http-nio-8080-exec-3] RealPath: C:\Users\Álvaro\Desktop\Workspace-22.0\Projects\Acme-One\target\classes\WEB-INF\views\master\page.jsp 
2022-05-20 16:10:39.865 DEBUG [org.apache.jasper.servlet.JspServlet@http-nio-8080-exec-3] RequestURI: /acme-one-3.0/WEB-INF/views/master/page.jsp 
2022-05-20 16:10:39.865 DEBUG [org.apache.jasper.servlet.JspServlet@http-nio-8080-exec-3] QueryString: null 
2022-05-20 16:10:40.006 DEBUG [org.apache.jasper.servlet.JspServlet@http-nio-8080-exec-3] JspEngine --> /WEB-INF/views/inventor/toolkit/form.jsp 
2022-05-20 16:10:40.006 DEBUG [org.apache.jasper.servlet.JspServlet@http-nio-8080-exec-3] ServletPath: /WEB-INF/views/master/page.jsp 
2022-05-20 16:10:40.007 DEBUG [org.apache.jasper.servlet.JspServlet@http-nio-8080-exec-3] PathInfo: null 
2022-05-20 16:10:40.007 DEBUG [org.apache.jasper.servlet.JspServlet@http-nio-8080-exec-3] RealPath: C:\Users\Álvaro\Desktop\Workspace-22.0\Projects\Acme-One\target\classes\WEB-INF\views\inventor\toolkit\form.jsp 
2022-05-20 16:10:40.007 DEBUG [org.apache.jasper.servlet.JspServlet@http-nio-8080-exec-3] RequestURI: /acme-one-3.0/WEB-INF/views/master/page.jsp 
2022-05-20 16:10:40.007 DEBUG [org.apache.jasper.servlet.JspServlet@http-nio-8080-exec-3] QueryString: null 
2022-05-20 16:10:51.986 DEBUG [acme.framework.controllers.AbstractController@http-nio-8080-exec-10] DISPATCHING POST /acme-one-3.0/inventor/toolkit/create 
2022-05-20 16:10:51.986 DEBUG [acme.framework.controllers.AbstractController@http-nio-8080-exec-10] Command: create 
2022-05-20 16:10:51.986 DEBUG [acme.framework.controllers.AbstractController@http-nio-8080-exec-10] Model:   {id=0, version=0, _csrf=8f64e78a-870a-44a2-8f0c-33bb3c0b95ac, code=QQQ-333, title=ASDFAS, description=ASDFA, assemblyNotes=ASDF, publish=false, link=} 
2022-05-20 16:10:51.986 DEBUG [acme.framework.controllers.AbstractController@http-nio-8080-exec-10] Locale:  en 
2022-05-20 16:10:51.987 DEBUG [org.hibernate.SQL@http-nio-8080-exec-10] select inventor0_.id as id1_0_, inventor0_.version as version2_0_, inventor0_.user_account_id as user_acc1_19_, inventor0_.company as company1_9_, inventor0_.link as link2_9_, inventor0_.statement as statemen3_9_ from inventor inventor0_ where inventor0_.id=? 
2022-05-20 16:10:51.987 TRACE [org.hibernate.type.descriptor.sql.BasicBinder@http-nio-8080-exec-10] binding parameter [1] as [INTEGER] - [20] 
2022-05-20 16:10:51.987 DEBUG [org.hibernate.SQL@http-nio-8080-exec-10] select useraccoun0_.id as id1_0_0_, useraccoun0_.version as version2_0_0_, useraccoun0_.enabled as enabled1_18_0_, useraccoun0_.identity as identity2_18_0_, useraccoun0_.password as password3_18_0_, useraccoun0_.username as username4_18_0_ from user_account useraccoun0_ where useraccoun0_.id=? 
2022-05-20 16:10:51.988 TRACE [org.hibernate.type.descriptor.sql.BasicBinder@http-nio-8080-exec-10] binding parameter [1] as [INTEGER] - [14] 
2022-05-20 16:10:52.044 DEBUG [org.hibernate.SQL@http-nio-8080-exec-10] select next_val as id_val from hibernate_sequence for update 
2022-05-20 16:10:52.044 DEBUG [org.hibernate.SQL@http-nio-8080-exec-10] update hibernate_sequence set next_val= ? where next_val=? 
2022-05-20 16:10:52.056 DEBUG [org.hibernate.SQL@http-nio-8080-exec-10] insert into toolkit (version, assembly_notes, code, description, inventor_id, link, publish, title, id) values (?, ?, ?, ?, ?, ?, ?, ?, ?) 
2022-05-20 16:10:52.057 TRACE [org.hibernate.type.descriptor.sql.BasicBinder@http-nio-8080-exec-10] binding parameter [1] as [INTEGER] - [0] 
2022-05-20 16:10:52.057 TRACE [org.hibernate.type.descriptor.sql.BasicBinder@http-nio-8080-exec-10] binding parameter [2] as [VARCHAR] - [ASDF] 
2022-05-20 16:10:52.057 TRACE [org.hibernate.type.descriptor.sql.BasicBinder@http-nio-8080-exec-10] binding parameter [3] as [VARCHAR] - [QQQ-333] 
2022-05-20 16:10:52.057 TRACE [org.hibernate.type.descriptor.sql.BasicBinder@http-nio-8080-exec-10] binding parameter [4] as [VARCHAR] - [ASDFA] 
2022-05-20 16:10:52.057 TRACE [org.hibernate.type.descriptor.sql.BasicBinder@http-nio-8080-exec-10] binding parameter [5] as [INTEGER] - [20] 
2022-05-20 16:10:52.057 TRACE [org.hibernate.type.descriptor.sql.BasicBinder@http-nio-8080-exec-10] binding parameter [6] as [VARCHAR] - [] 
2022-05-20 16:10:52.058 TRACE [org.hibernate.type.descriptor.sql.BasicBinder@http-nio-8080-exec-10] binding parameter [7] as [BOOLEAN] - [false] 
2022-05-20 16:10:52.058 TRACE [org.hibernate.type.descriptor.sql.BasicBinder@http-nio-8080-exec-10] binding parameter [8] as [VARCHAR] - [ASDFAS] 
2022-05-20 16:10:52.058 TRACE [org.hibernate.type.descriptor.sql.BasicBinder@http-nio-8080-exec-10] binding parameter [9] as [INTEGER] - [60] 
2022-05-20 16:10:52.060 DEBUG [acme.framework.controllers.AbstractController@http-nio-8080-exec-10] SERVING POST /acme-one-3.0/inventor/toolkit/create 
2022-05-20 16:10:52.060 DEBUG [acme.framework.controllers.AbstractController@http-nio-8080-exec-10] Result: ModelAndView [view="redirect:/master/referrer"; model={command=create, principal=acme.framework.entities.Principal@23240bca}] 
2022-05-20 16:10:52.063 DEBUG [acme.framework.components.tiles.DynamicTilesView@http-nio-8080-exec-7] View name 'master/referrer', model {} 
2022-05-20 16:10:52.063 DEBUG [org.apache.jasper.servlet.JspServlet@http-nio-8080-exec-7] JspEngine --> /WEB-INF/views/master/page.jsp 
2022-05-20 16:10:52.063 DEBUG [org.apache.jasper.servlet.JspServlet@http-nio-8080-exec-7] ServletPath: /WEB-INF/views/master/page.jsp 
2022-05-20 16:10:52.063 DEBUG [org.apache.jasper.servlet.JspServlet@http-nio-8080-exec-7] PathInfo: null 
2022-05-20 16:10:52.064 DEBUG [org.apache.jasper.servlet.JspServlet@http-nio-8080-exec-7] RealPath: C:\Users\Álvaro\Desktop\Workspace-22.0\Projects\Acme-One\target\classes\WEB-INF\views\master\page.jsp 
2022-05-20 16:10:52.064 DEBUG [org.apache.jasper.servlet.JspServlet@http-nio-8080-exec-7] RequestURI: /acme-one-3.0/WEB-INF/views/master/page.jsp 
2022-05-20 16:10:52.064 DEBUG [org.apache.jasper.servlet.JspServlet@http-nio-8080-exec-7] QueryString: command=create 
2022-05-20 16:10:52.218 DEBUG [org.apache.jasper.servlet.JspServlet@http-nio-8080-exec-7] JspEngine --> /WEB-INF/views/master/referrer.jsp 
2022-05-20 16:10:52.218 DEBUG [org.apache.jasper.servlet.JspServlet@http-nio-8080-exec-7] ServletPath: /WEB-INF/views/master/page.jsp 
2022-05-20 16:10:52.219 DEBUG [org.apache.jasper.servlet.JspServlet@http-nio-8080-exec-7] PathInfo: null 
2022-05-20 16:10:52.219 DEBUG [org.apache.jasper.servlet.JspServlet@http-nio-8080-exec-7] RealPath: C:\Users\Álvaro\Desktop\Workspace-22.0\Projects\Acme-One\target\classes\WEB-INF\views\master\referrer.jsp 
2022-05-20 16:10:52.219 DEBUG [org.apache.jasper.servlet.JspServlet@http-nio-8080-exec-7] RequestURI: /acme-one-3.0/WEB-INF/views/master/page.jsp 
2022-05-20 16:10:52.220 DEBUG [org.apache.jasper.servlet.JspServlet@http-nio-8080-exec-7] QueryString: command=create 
2022-05-20 16:10:52.373 DEBUG [acme.framework.controllers.AbstractController@http-nio-8080-exec-6] DISPATCHING GET /acme-one-3.0/inventor/toolkit/list 
2022-05-20 16:10:52.374 DEBUG [acme.framework.controllers.AbstractController@http-nio-8080-exec-6] Command: list 
2022-05-20 16:10:52.374 DEBUG [acme.framework.controllers.AbstractController@http-nio-8080-exec-6] Model:   {} 
2022-05-20 16:10:52.374 DEBUG [acme.framework.controllers.AbstractController@http-nio-8080-exec-6] Locale:  en 
2022-05-20 16:10:52.374 DEBUG [org.hibernate.SQL@http-nio-8080-exec-6] select toolkit0_.id as id1_0_, toolkit0_.version as version2_0_, toolkit0_.assembly_notes as assembly1_17_, toolkit0_.code as code2_17_, toolkit0_.description as descript3_17_, toolkit0_.inventor_id as inventor7_17_, toolkit0_.link as link4_17_, toolkit0_.publish as publish5_17_, toolkit0_.title as title6_17_ from toolkit toolkit0_ where toolkit0_.id=? 
2022-05-20 16:10:52.374 TRACE [org.hibernate.type.descriptor.sql.BasicBinder@http-nio-8080-exec-6] binding parameter [1] as [INTEGER] - [20] 
2022-05-20 16:10:52.376 DEBUG [acme.framework.controllers.AbstractController@http-nio-8080-exec-6] SERVING GET /acme-one-3.0/inventor/toolkit/list 
2022-05-20 16:10:52.376 DEBUG [acme.framework.controllers.AbstractController@http-nio-8080-exec-6] Result: ModelAndView [view="inventor/toolkit/list"; model={list$size=0, command=list, principal=acme.framework.entities.Principal@23240bca}] 
2022-05-20 16:10:52.376 DEBUG [acme.framework.components.tiles.DynamicTilesView@http-nio-8080-exec-6] View name 'inventor/toolkit/list', model {list$size=0, command=list, principal=acme.framework.entities.Principal@23240bca, org.springframework.validation.BindingResult.principal=org.springframework.validation.BeanPropertyBindingResult: 0 errors} 
2022-05-20 16:10:52.376 DEBUG [org.apache.jasper.servlet.JspServlet@http-nio-8080-exec-6] JspEngine --> /WEB-INF/views/master/page.jsp 
2022-05-20 16:10:52.377 DEBUG [org.apache.jasper.servlet.JspServlet@http-nio-8080-exec-6] ServletPath: /WEB-INF/views/master/page.jsp 
2022-05-20 16:10:52.377 DEBUG [org.apache.jasper.servlet.JspServlet@http-nio-8080-exec-6] PathInfo: null 
2022-05-20 16:10:52.377 DEBUG [org.apache.jasper.servlet.JspServlet@http-nio-8080-exec-6] RealPath: C:\Users\Álvaro\Desktop\Workspace-22.0\Projects\Acme-One\target\classes\WEB-INF\views\master\page.jsp 
2022-05-20 16:10:52.378 DEBUG [org.apache.jasper.servlet.JspServlet@http-nio-8080-exec-6] RequestURI: /acme-one-3.0/WEB-INF/views/master/page.jsp 
2022-05-20 16:10:52.378 DEBUG [org.apache.jasper.servlet.JspServlet@http-nio-8080-exec-6] QueryString: null 
2022-05-20 16:10:52.530 DEBUG [org.apache.jasper.servlet.JspServlet@http-nio-8080-exec-6] JspEngine --> /WEB-INF/views/inventor/toolkit/list.jsp 
2022-05-20 16:10:52.531 DEBUG [org.apache.jasper.servlet.JspServlet@http-nio-8080-exec-6] ServletPath: /WEB-INF/views/master/page.jsp 
2022-05-20 16:10:52.531 DEBUG [org.apache.jasper.servlet.JspServlet@http-nio-8080-exec-6] PathInfo: null 
2022-05-20 16:10:52.532 DEBUG [org.apache.jasper.servlet.JspServlet@http-nio-8080-exec-6] RealPath: C:\Users\Álvaro\Desktop\Workspace-22.0\Projects\Acme-One\target\classes\WEB-INF\views\inventor\toolkit\list.jsp 
2022-05-20 16:10:52.532 DEBUG [org.apache.jasper.servlet.JspServlet@http-nio-8080-exec-6] RequestURI: /acme-one-3.0/WEB-INF/views/master/page.jsp 
2022-05-20 16:10:52.532 DEBUG [org.apache.jasper.servlet.JspServlet@http-nio-8080-exec-6] QueryString: null 
2022-05-20 16:10:55.378 DEBUG [acme.framework.controllers.AbstractController@http-nio-8080-exec-3] DISPATCHING GET /acme-one-3.0/inventor/toolkit/list 
2022-05-20 16:10:55.378 DEBUG [acme.framework.controllers.AbstractController@http-nio-8080-exec-3] Command: list 
2022-05-20 16:10:55.378 DEBUG [acme.framework.controllers.AbstractController@http-nio-8080-exec-3] Model:   {} 
2022-05-20 16:10:55.378 DEBUG [acme.framework.controllers.AbstractController@http-nio-8080-exec-3] Locale:  en 
2022-05-20 16:10:55.379 DEBUG [org.hibernate.SQL@http-nio-8080-exec-3] select toolkit0_.id as id1_0_, toolkit0_.version as version2_0_, toolkit0_.assembly_notes as assembly1_17_, toolkit0_.code as code2_17_, toolkit0_.description as descript3_17_, toolkit0_.inventor_id as inventor7_17_, toolkit0_.link as link4_17_, toolkit0_.publish as publish5_17_, toolkit0_.title as title6_17_ from toolkit toolkit0_ where toolkit0_.id=? 
2022-05-20 16:10:55.379 TRACE [org.hibernate.type.descriptor.sql.BasicBinder@http-nio-8080-exec-3] binding parameter [1] as [INTEGER] - [20] 
2022-05-20 16:10:55.381 DEBUG [acme.framework.controllers.AbstractController@http-nio-8080-exec-3] SERVING GET /acme-one-3.0/inventor/toolkit/list 
2022-05-20 16:10:55.381 DEBUG [acme.framework.controllers.AbstractController@http-nio-8080-exec-3] Result: ModelAndView [view="inventor/toolkit/list"; model={list$size=0, command=list, principal=acme.framework.entities.Principal@23240bca}] 
2022-05-20 16:10:55.381 DEBUG [acme.framework.components.tiles.DynamicTilesView@http-nio-8080-exec-3] View name 'inventor/toolkit/list', model {list$size=0, command=list, principal=acme.framework.entities.Principal@23240bca, org.springframework.validation.BindingResult.principal=org.springframework.validation.BeanPropertyBindingResult: 0 errors} 
2022-05-20 16:10:55.381 DEBUG [org.apache.jasper.servlet.JspServlet@http-nio-8080-exec-3] JspEngine --> /WEB-INF/views/master/page.jsp 
2022-05-20 16:10:55.381 DEBUG [org.apache.jasper.servlet.JspServlet@http-nio-8080-exec-3] ServletPath: /WEB-INF/views/master/page.jsp 
2022-05-20 16:10:55.382 DEBUG [org.apache.jasper.servlet.JspServlet@http-nio-8080-exec-3] PathInfo: null 
2022-05-20 16:10:55.382 DEBUG [org.apache.jasper.servlet.JspServlet@http-nio-8080-exec-3] RealPath: C:\Users\Álvaro\Desktop\Workspace-22.0\Projects\Acme-One\target\classes\WEB-INF\views\master\page.jsp 
2022-05-20 16:10:55.382 DEBUG [org.apache.jasper.servlet.JspServlet@http-nio-8080-exec-3] RequestURI: /acme-one-3.0/WEB-INF/views/master/page.jsp 
2022-05-20 16:10:55.382 DEBUG [org.apache.jasper.servlet.JspServlet@http-nio-8080-exec-3] QueryString: null 
2022-05-20 16:10:55.519 DEBUG [org.apache.jasper.servlet.JspServlet@http-nio-8080-exec-3] JspEngine --> /WEB-INF/views/inventor/toolkit/list.jsp 
2022-05-20 16:10:55.519 DEBUG [org.apache.jasper.servlet.JspServlet@http-nio-8080-exec-3] ServletPath: /WEB-INF/views/master/page.jsp 
2022-05-20 16:10:55.519 DEBUG [org.apache.jasper.servlet.JspServlet@http-nio-8080-exec-3] PathInfo: null 
2022-05-20 16:10:55.520 DEBUG [org.apache.jasper.servlet.JspServlet@http-nio-8080-exec-3] RealPath: C:\Users\Álvaro\Desktop\Workspace-22.0\Projects\Acme-One\target\classes\WEB-INF\views\inventor\toolkit\list.jsp 
2022-05-20 16:10:55.520 DEBUG [org.apache.jasper.servlet.JspServlet@http-nio-8080-exec-3] RequestURI: /acme-one-3.0/WEB-INF/views/master/page.jsp 
2022-05-20 16:10:55.520 DEBUG [org.apache.jasper.servlet.JspServlet@http-nio-8080-exec-3] QueryString: null 
