2022-05-06 22:11:47.411 INFO  [acme.Launcher@main] Starting Launcher using Java 1.8.0_221 on LAPTOP-3FUPSK0H with PID 18828 (C:\Users\34657\Desktop\Workspace-22.0\Frameworks\Acme-Framework-22.5\target\classes started by 34657 in C:\Users\34657\Desktop\Workspace-22.0\Starters\Acme-One) 
2022-05-06 22:11:47.413 DEBUG [acme.Launcher@main] Running with Spring Boot v2.4.2, Spring v5.3.3 
2022-05-06 22:11:47.415 INFO  [acme.Launcher@main] The following profiles are active: development,default 
2022-05-06 22:11:51.254 DEBUG [org.apache.jasper.servlet.JasperInitializer@main] Initializing Jasper for context [application] 
2022-05-06 22:11:57.502 DEBUG [org.apache.jasper.servlet.JspServlet@main] Scratch dir for the JSP engine is: [C:\Users\34657\AppData\Local\Temp\tomcat.8080.7540009287065658319\work\Tomcat\localhost\acme-one-3.0] 
2022-05-06 22:11:57.502 DEBUG [org.apache.jasper.servlet.JspServlet@main] IMPORTANT: Do not modify the generated servlets 
2022-05-06 22:11:57.520 INFO  [acme.Launcher@main] Started Launcher in 10.964 seconds (JVM running for 12.027) 
2022-05-06 22:11:57.528 DEBUG [acme.Launcher@main] Found classpath entry '/C:/Users/34657/Desktop/Workspace-22.0/Starters/Acme-One/target/test-classes/' 
2022-05-06 22:11:57.529 DEBUG [acme.Launcher@main] Found classpath entry '/C:/Users/34657/Desktop/Workspace-22.0/Starters/Acme-One/target/classes/' 
2022-05-06 22:11:57.529 DEBUG [acme.Launcher@main] Found classpath entry '/C:/Users/34657/Desktop/Workspace-22.0/Frameworks/Acme-Framework-22.5/target/classes/' 
2022-05-06 22:11:57.529 DEBUG [acme.Launcher@main] Found classpath entry '/C:/Users/34657/Desktop/Workspace-22.0/Frameworks/Acme-Framework-22.5/target/test-classes/' 
2022-05-06 22:11:57.530 DEBUG [acme.Launcher@main] Found classpath entry '/C:/Users/34657/.m2/repository/org/springframework/boot/spring-boot-starter-tomcat/2.4.2/spring-boot-starter-tomcat-2.4.2.jar' 
2022-05-06 22:11:57.530 DEBUG [acme.Launcher@main] Found classpath entry '/C:/Users/34657/.m2/repository/jakarta/annotation/jakarta.annotation-api/1.3.5/jakarta.annotation-api-1.3.5.jar' 
2022-05-06 22:11:57.530 DEBUG [acme.Launcher@main] Found classpath entry '/C:/Users/34657/.m2/repository/org/apache/tomcat/embed/tomcat-embed-core/9.0.41/tomcat-embed-core-9.0.41.jar' 
2022-05-06 22:11:57.531 DEBUG [acme.Launcher@main] Found classpath entry '/C:/Users/34657/.m2/repository/org/glassfish/jakarta.el/3.0.3/jakarta.el-3.0.3.jar' 
2022-05-06 22:11:57.531 DEBUG [acme.Launcher@main] Found classpath entry '/C:/Users/34657/.m2/repository/org/apache/tomcat/embed/tomcat-embed-websocket/9.0.41/tomcat-embed-websocket-9.0.41.jar' 
2022-05-06 22:11:57.531 DEBUG [acme.Launcher@main] Found classpath entry '/C:/Users/34657/.m2/repository/org/apache/tomcat/embed/tomcat-embed-jasper/9.0.41/tomcat-embed-jasper-9.0.41.jar' 
2022-05-06 22:11:57.532 DEBUG [acme.Launcher@main] Found classpath entry '/C:/Users/34657/.m2/repository/org/apache/tomcat/embed/tomcat-embed-el/9.0.41/tomcat-embed-el-9.0.41.jar' 
2022-05-06 22:11:57.532 DEBUG [acme.Launcher@main] Found classpath entry '/C:/Users/34657/.m2/repository/org/eclipse/jdt/ecj/3.18.0/ecj-3.18.0.jar' 
2022-05-06 22:11:57.533 DEBUG [acme.Launcher@main] Found classpath entry '/C:/Users/34657/.m2/repository/javax/servlet/jstl/1.2/jstl-1.2.jar' 
2022-05-06 22:11:57.533 DEBUG [acme.Launcher@main] Found classpath entry '/C:/Users/34657/.m2/repository/org/springframework/boot/spring-boot-starter-test/2.4.2/spring-boot-starter-test-2.4.2.jar' 
2022-05-06 22:11:57.533 DEBUG [acme.Launcher@main] Found classpath entry '/C:/Users/34657/.m2/repository/org/springframework/boot/spring-boot-starter/2.4.2/spring-boot-starter-2.4.2.jar' 
2022-05-06 22:11:57.533 DEBUG [acme.Launcher@main] Found classpath entry '/C:/Users/34657/.m2/repository/org/springframework/boot/spring-boot/2.4.2/spring-boot-2.4.2.jar' 
2022-05-06 22:11:57.533 DEBUG [acme.Launcher@main] Found classpath entry '/C:/Users/34657/.m2/repository/org/springframework/boot/spring-boot-autoconfigure/2.4.2/spring-boot-autoconfigure-2.4.2.jar' 
2022-05-06 22:11:57.534 DEBUG [acme.Launcher@main] Found classpath entry '/C:/Users/34657/.m2/repository/org/springframework/boot/spring-boot-starter-logging/2.4.2/spring-boot-starter-logging-2.4.2.jar' 
2022-05-06 22:11:57.534 DEBUG [acme.Launcher@main] Found classpath entry '/C:/Users/34657/.m2/repository/ch/qos/logback/logback-classic/1.2.3/logback-classic-1.2.3.jar' 
2022-05-06 22:11:57.534 DEBUG [acme.Launcher@main] Found classpath entry '/C:/Users/34657/.m2/repository/ch/qos/logback/logback-core/1.2.3/logback-core-1.2.3.jar' 
2022-05-06 22:11:57.534 DEBUG [acme.Launcher@main] Found classpath entry '/C:/Users/34657/.m2/repository/org/apache/logging/log4j/log4j-to-slf4j/2.13.3/log4j-to-slf4j-2.13.3.jar' 
2022-05-06 22:11:57.534 DEBUG [acme.Launcher@main] Found classpath entry '/C:/Users/34657/.m2/repository/org/apache/logging/log4j/log4j-api/2.13.3/log4j-api-2.13.3.jar' 
2022-05-06 22:11:57.534 DEBUG [acme.Launcher@main] Found classpath entry '/C:/Users/34657/.m2/repository/org/slf4j/jul-to-slf4j/1.7.30/jul-to-slf4j-1.7.30.jar' 
2022-05-06 22:11:57.534 DEBUG [acme.Launcher@main] Found classpath entry '/C:/Users/34657/.m2/repository/org/yaml/snakeyaml/1.27/snakeyaml-1.27.jar' 
2022-05-06 22:11:57.534 DEBUG [acme.Launcher@main] Found classpath entry '/C:/Users/34657/.m2/repository/org/springframework/boot/spring-boot-test/2.4.2/spring-boot-test-2.4.2.jar' 
2022-05-06 22:11:57.534 DEBUG [acme.Launcher@main] Found classpath entry '/C:/Users/34657/.m2/repository/org/springframework/boot/spring-boot-test-autoconfigure/2.4.2/spring-boot-test-autoconfigure-2.4.2.jar' 
2022-05-06 22:11:57.535 DEBUG [acme.Launcher@main] Found classpath entry '/C:/Users/34657/.m2/repository/com/jayway/jsonpath/json-path/2.4.0/json-path-2.4.0.jar' 
2022-05-06 22:11:57.535 DEBUG [acme.Launcher@main] Found classpath entry '/C:/Users/34657/.m2/repository/net/minidev/json-smart/2.3/json-smart-2.3.jar' 
2022-05-06 22:11:57.535 DEBUG [acme.Launcher@main] Found classpath entry '/C:/Users/34657/.m2/repository/net/minidev/accessors-smart/1.2/accessors-smart-1.2.jar' 
2022-05-06 22:11:57.535 DEBUG [acme.Launcher@main] Found classpath entry '/C:/Users/34657/.m2/repository/org/ow2/asm/asm/5.0.4/asm-5.0.4.jar' 
2022-05-06 22:11:57.535 DEBUG [acme.Launcher@main] Found classpath entry '/C:/Users/34657/.m2/repository/jakarta/xml/bind/jakarta.xml.bind-api/2.3.3/jakarta.xml.bind-api-2.3.3.jar' 
2022-05-06 22:11:57.535 DEBUG [acme.Launcher@main] Found classpath entry '/C:/Users/34657/.m2/repository/jakarta/activation/jakarta.activation-api/1.2.2/jakarta.activation-api-1.2.2.jar' 
2022-05-06 22:11:57.535 DEBUG [acme.Launcher@main] Found classpath entry '/C:/Users/34657/.m2/repository/org/assertj/assertj-core/3.18.1/assertj-core-3.18.1.jar' 
2022-05-06 22:11:57.535 DEBUG [acme.Launcher@main] Found classpath entry '/C:/Users/34657/.m2/repository/org/hamcrest/hamcrest/2.2/hamcrest-2.2.jar' 
2022-05-06 22:11:57.536 DEBUG [acme.Launcher@main] Found classpath entry '/C:/Users/34657/.m2/repository/org/junit/jupiter/junit-jupiter/5.7.0/junit-jupiter-5.7.0.jar' 
2022-05-06 22:11:57.536 DEBUG [acme.Launcher@main] Found classpath entry '/C:/Users/34657/.m2/repository/org/mockito/mockito-core/3.6.28/mockito-core-3.6.28.jar' 
2022-05-06 22:11:57.536 DEBUG [acme.Launcher@main] Found classpath entry '/C:/Users/34657/.m2/repository/net/bytebuddy/byte-buddy-agent/1.10.19/byte-buddy-agent-1.10.19.jar' 
2022-05-06 22:11:57.536 DEBUG [acme.Launcher@main] Found classpath entry '/C:/Users/34657/.m2/repository/org/objenesis/objenesis/3.1/objenesis-3.1.jar' 
2022-05-06 22:11:57.536 DEBUG [acme.Launcher@main] Found classpath entry '/C:/Users/34657/.m2/repository/org/mockito/mockito-junit-jupiter/3.6.28/mockito-junit-jupiter-3.6.28.jar' 
2022-05-06 22:11:57.536 DEBUG [acme.Launcher@main] Found classpath entry '/C:/Users/34657/.m2/repository/org/skyscreamer/jsonassert/1.5.0/jsonassert-1.5.0.jar' 
2022-05-06 22:11:57.536 DEBUG [acme.Launcher@main] Found classpath entry '/C:/Users/34657/.m2/repository/com/vaadin/external/google/android-json/0.0.20131108.vaadin1/android-json-0.0.20131108.vaadin1.jar' 
2022-05-06 22:11:57.536 DEBUG [acme.Launcher@main] Found classpath entry '/C:/Users/34657/.m2/repository/org/springframework/spring-core/5.3.3/spring-core-5.3.3.jar' 
2022-05-06 22:11:57.536 DEBUG [acme.Launcher@main] Found classpath entry '/C:/Users/34657/.m2/repository/org/springframework/spring-jcl/5.3.3/spring-jcl-5.3.3.jar' 
2022-05-06 22:11:57.537 DEBUG [acme.Launcher@main] Found classpath entry '/C:/Users/34657/.m2/repository/org/springframework/spring-test/5.3.3/spring-test-5.3.3.jar' 
2022-05-06 22:11:57.537 DEBUG [acme.Launcher@main] Found classpath entry '/C:/Users/34657/.m2/repository/org/xmlunit/xmlunit-core/2.7.0/xmlunit-core-2.7.0.jar' 
2022-05-06 22:11:57.537 DEBUG [acme.Launcher@main] Found classpath entry '/C:/Users/34657/.m2/repository/org/springframework/boot/spring-boot-starter-security/2.4.2/spring-boot-starter-security-2.4.2.jar' 
2022-05-06 22:11:57.537 DEBUG [acme.Launcher@main] Found classpath entry '/C:/Users/34657/.m2/repository/org/springframework/spring-aop/5.3.3/spring-aop-5.3.3.jar' 
2022-05-06 22:11:57.537 DEBUG [acme.Launcher@main] Found classpath entry '/C:/Users/34657/.m2/repository/org/springframework/security/spring-security-web/5.4.2/spring-security-web-5.4.2.jar' 
2022-05-06 22:11:57.537 DEBUG [acme.Launcher@main] Found classpath entry '/C:/Users/34657/.m2/repository/org/springframework/security/spring-security-core/5.4.2/spring-security-core-5.4.2.jar' 
2022-05-06 22:11:57.537 DEBUG [acme.Launcher@main] Found classpath entry '/C:/Users/34657/.m2/repository/org/springframework/spring-beans/5.3.3/spring-beans-5.3.3.jar' 
2022-05-06 22:11:57.537 DEBUG [acme.Launcher@main] Found classpath entry '/C:/Users/34657/.m2/repository/org/springframework/spring-context/5.3.3/spring-context-5.3.3.jar' 
2022-05-06 22:11:57.537 DEBUG [acme.Launcher@main] Found classpath entry '/C:/Users/34657/.m2/repository/org/springframework/spring-expression/5.3.3/spring-expression-5.3.3.jar' 
2022-05-06 22:11:57.538 DEBUG [acme.Launcher@main] Found classpath entry '/C:/Users/34657/.m2/repository/org/springframework/spring-web/5.3.3/spring-web-5.3.3.jar' 
2022-05-06 22:11:57.538 DEBUG [acme.Launcher@main] Found classpath entry '/C:/Users/34657/.m2/repository/org/springframework/security/spring-security-config/5.4.2/spring-security-config-5.4.2.jar' 
2022-05-06 22:11:57.538 DEBUG [acme.Launcher@main] Found classpath entry '/C:/Users/34657/.m2/repository/org/springframework/security/spring-security-taglibs/5.4.2/spring-security-taglibs-5.4.2.jar' 
2022-05-06 22:11:57.538 DEBUG [acme.Launcher@main] Found classpath entry '/C:/Users/34657/.m2/repository/org/springframework/security/spring-security-acl/5.4.2/spring-security-acl-5.4.2.jar' 
2022-05-06 22:11:57.538 DEBUG [acme.Launcher@main] Found classpath entry '/C:/Users/34657/.m2/repository/org/springframework/spring-jdbc/5.3.3/spring-jdbc-5.3.3.jar' 
2022-05-06 22:11:57.538 DEBUG [acme.Launcher@main] Found classpath entry '/C:/Users/34657/.m2/repository/org/springframework/spring-tx/5.3.3/spring-tx-5.3.3.jar' 
2022-05-06 22:11:57.538 DEBUG [acme.Launcher@main] Found classpath entry '/C:/Users/34657/.m2/repository/org/springframework/boot/spring-boot-starter-web/2.4.2/spring-boot-starter-web-2.4.2.jar' 
2022-05-06 22:11:57.538 DEBUG [acme.Launcher@main] Found classpath entry '/C:/Users/34657/.m2/repository/org/springframework/boot/spring-boot-starter-json/2.4.2/spring-boot-starter-json-2.4.2.jar' 
2022-05-06 22:11:57.539 DEBUG [acme.Launcher@main] Found classpath entry '/C:/Users/34657/.m2/repository/com/fasterxml/jackson/core/jackson-databind/2.11.4/jackson-databind-2.11.4.jar' 
2022-05-06 22:11:57.539 DEBUG [acme.Launcher@main] Found classpath entry '/C:/Users/34657/.m2/repository/com/fasterxml/jackson/core/jackson-annotations/2.11.4/jackson-annotations-2.11.4.jar' 
2022-05-06 22:11:57.539 DEBUG [acme.Launcher@main] Found classpath entry '/C:/Users/34657/.m2/repository/com/fasterxml/jackson/core/jackson-core/2.11.4/jackson-core-2.11.4.jar' 
2022-05-06 22:11:57.539 DEBUG [acme.Launcher@main] Found classpath entry '/C:/Users/34657/.m2/repository/com/fasterxml/jackson/datatype/jackson-datatype-jdk8/2.11.4/jackson-datatype-jdk8-2.11.4.jar' 
2022-05-06 22:11:57.539 DEBUG [acme.Launcher@main] Found classpath entry '/C:/Users/34657/.m2/repository/com/fasterxml/jackson/datatype/jackson-datatype-jsr310/2.11.4/jackson-datatype-jsr310-2.11.4.jar' 
2022-05-06 22:11:57.539 DEBUG [acme.Launcher@main] Found classpath entry '/C:/Users/34657/.m2/repository/com/fasterxml/jackson/module/jackson-module-parameter-names/2.11.4/jackson-module-parameter-names-2.11.4.jar' 
2022-05-06 22:11:57.539 DEBUG [acme.Launcher@main] Found classpath entry '/C:/Users/34657/.m2/repository/org/springframework/spring-webmvc/5.3.3/spring-webmvc-5.3.3.jar' 
2022-05-06 22:11:57.540 DEBUG [acme.Launcher@main] Found classpath entry '/C:/Users/34657/.m2/repository/org/apache/tiles/tiles-jsp/3.0.8/tiles-jsp-3.0.8.jar' 
2022-05-06 22:11:57.540 DEBUG [acme.Launcher@main] Found classpath entry '/C:/Users/34657/.m2/repository/org/apache/tiles/tiles-servlet/3.0.8/tiles-servlet-3.0.8.jar' 
2022-05-06 22:11:57.540 DEBUG [acme.Launcher@main] Found classpath entry '/C:/Users/34657/.m2/repository/org/apache/tiles/tiles-core/3.0.8/tiles-core-3.0.8.jar' 
2022-05-06 22:11:57.540 DEBUG [acme.Launcher@main] Found classpath entry '/C:/Users/34657/.m2/repository/commons-digester/commons-digester/2.0/commons-digester-2.0.jar' 
2022-05-06 22:11:57.540 DEBUG [acme.Launcher@main] Found classpath entry '/C:/Users/34657/.m2/repository/org/slf4j/jcl-over-slf4j/1.7.30/jcl-over-slf4j-1.7.30.jar' 
2022-05-06 22:11:57.540 DEBUG [acme.Launcher@main] Found classpath entry '/C:/Users/34657/.m2/repository/org/apache/tiles/tiles-request-servlet/1.0.7/tiles-request-servlet-1.0.7.jar' 
2022-05-06 22:11:57.540 DEBUG [acme.Launcher@main] Found classpath entry '/C:/Users/34657/.m2/repository/org/apache/tiles/tiles-template/3.0.8/tiles-template-3.0.8.jar' 
2022-05-06 22:11:57.541 DEBUG [acme.Launcher@main] Found classpath entry '/C:/Users/34657/.m2/repository/org/apache/tiles/tiles-api/3.0.8/tiles-api-3.0.8.jar' 
2022-05-06 22:11:57.541 DEBUG [acme.Launcher@main] Found classpath entry '/C:/Users/34657/.m2/repository/org/apache/tiles/tiles-autotag-core-runtime/1.2/tiles-autotag-core-runtime-1.2.jar' 
2022-05-06 22:11:57.541 DEBUG [acme.Launcher@main] Found classpath entry '/C:/Users/34657/.m2/repository/org/slf4j/slf4j-api/1.7.30/slf4j-api-1.7.30.jar' 
2022-05-06 22:11:57.541 DEBUG [acme.Launcher@main] Found classpath entry '/C:/Users/34657/.m2/repository/org/apache/tiles/tiles-request-jsp/1.0.7/tiles-request-jsp-1.0.7.jar' 
2022-05-06 22:11:57.541 DEBUG [acme.Launcher@main] Found classpath entry '/C:/Users/34657/.m2/repository/org/apache/tiles/tiles-request-api/1.0.7/tiles-request-api-1.0.7.jar' 
2022-05-06 22:11:57.541 DEBUG [acme.Launcher@main] Found classpath entry '/C:/Users/34657/.m2/repository/org/springframework/boot/spring-boot-starter-data-jpa/2.4.2/spring-boot-starter-data-jpa-2.4.2.jar' 
2022-05-06 22:11:57.541 DEBUG [acme.Launcher@main] Found classpath entry '/C:/Users/34657/.m2/repository/org/springframework/boot/spring-boot-starter-aop/2.4.2/spring-boot-starter-aop-2.4.2.jar' 
2022-05-06 22:11:57.541 DEBUG [acme.Launcher@main] Found classpath entry '/C:/Users/34657/.m2/repository/org/aspectj/aspectjweaver/1.9.6/aspectjweaver-1.9.6.jar' 
2022-05-06 22:11:57.541 DEBUG [acme.Launcher@main] Found classpath entry '/C:/Users/34657/.m2/repository/org/springframework/boot/spring-boot-starter-jdbc/2.4.2/spring-boot-starter-jdbc-2.4.2.jar' 
2022-05-06 22:11:57.542 DEBUG [acme.Launcher@main] Found classpath entry '/C:/Users/34657/.m2/repository/jakarta/transaction/jakarta.transaction-api/1.3.3/jakarta.transaction-api-1.3.3.jar' 
2022-05-06 22:11:57.542 DEBUG [acme.Launcher@main] Found classpath entry '/C:/Users/34657/.m2/repository/jakarta/persistence/jakarta.persistence-api/2.2.3/jakarta.persistence-api-2.2.3.jar' 
2022-05-06 22:11:57.542 DEBUG [acme.Launcher@main] Found classpath entry '/C:/Users/34657/.m2/repository/org/hibernate/hibernate-core/5.4.27.Final/hibernate-core-5.4.27.Final.jar' 
2022-05-06 22:11:57.542 DEBUG [acme.Launcher@main] Found classpath entry '/C:/Users/34657/.m2/repository/org/jboss/logging/jboss-logging/3.4.1.Final/jboss-logging-3.4.1.Final.jar' 
2022-05-06 22:11:57.542 DEBUG [acme.Launcher@main] Found classpath entry '/C:/Users/34657/.m2/repository/org/javassist/javassist/3.27.0-GA/javassist-3.27.0-GA.jar' 
2022-05-06 22:11:57.542 DEBUG [acme.Launcher@main] Found classpath entry '/C:/Users/34657/.m2/repository/antlr/antlr/2.7.7/antlr-2.7.7.jar' 
2022-05-06 22:11:57.542 DEBUG [acme.Launcher@main] Found classpath entry '/C:/Users/34657/.m2/repository/org/jboss/jandex/2.1.3.Final/jandex-2.1.3.Final.jar' 
2022-05-06 22:11:57.543 DEBUG [acme.Launcher@main] Found classpath entry '/C:/Users/34657/.m2/repository/com/fasterxml/classmate/1.5.1/classmate-1.5.1.jar' 
2022-05-06 22:11:57.543 DEBUG [acme.Launcher@main] Found classpath entry '/C:/Users/34657/.m2/repository/org/dom4j/dom4j/2.1.3/dom4j-2.1.3.jar' 
2022-05-06 22:11:57.543 DEBUG [acme.Launcher@main] Found classpath entry '/C:/Users/34657/.m2/repository/org/hibernate/common/hibernate-commons-annotations/5.1.2.Final/hibernate-commons-annotations-5.1.2.Final.jar' 
2022-05-06 22:11:57.543 DEBUG [acme.Launcher@main] Found classpath entry '/C:/Users/34657/.m2/repository/org/glassfish/jaxb/jaxb-runtime/2.3.3/jaxb-runtime-2.3.3.jar' 
2022-05-06 22:11:57.543 DEBUG [acme.Launcher@main] Found classpath entry '/C:/Users/34657/.m2/repository/org/glassfish/jaxb/txw2/2.3.3/txw2-2.3.3.jar' 
2022-05-06 22:11:57.543 DEBUG [acme.Launcher@main] Found classpath entry '/C:/Users/34657/.m2/repository/com/sun/istack/istack-commons-runtime/3.0.11/istack-commons-runtime-3.0.11.jar' 
2022-05-06 22:11:57.544 DEBUG [acme.Launcher@main] Found classpath entry '/C:/Users/34657/.m2/repository/com/sun/activation/jakarta.activation/1.2.2/jakarta.activation-1.2.2.jar' 
2022-05-06 22:11:57.544 DEBUG [acme.Launcher@main] Found classpath entry '/C:/Users/34657/.m2/repository/org/springframework/data/spring-data-jpa/2.4.3/spring-data-jpa-2.4.3.jar' 
2022-05-06 22:11:57.544 DEBUG [acme.Launcher@main] Found classpath entry '/C:/Users/34657/.m2/repository/org/springframework/data/spring-data-commons/2.4.3/spring-data-commons-2.4.3.jar' 
2022-05-06 22:11:57.544 DEBUG [acme.Launcher@main] Found classpath entry '/C:/Users/34657/.m2/repository/org/springframework/spring-orm/5.3.3/spring-orm-5.3.3.jar' 
2022-05-06 22:11:57.544 DEBUG [acme.Launcher@main] Found classpath entry '/C:/Users/34657/.m2/repository/org/springframework/spring-aspects/5.3.3/spring-aspects-5.3.3.jar' 
2022-05-06 22:11:57.544 DEBUG [acme.Launcher@main] Found classpath entry '/C:/Users/34657/.m2/repository/org/springframework/boot/spring-boot-starter-validation/2.4.2/spring-boot-starter-validation-2.4.2.jar' 
2022-05-06 22:11:57.544 DEBUG [acme.Launcher@main] Found classpath entry '/C:/Users/34657/.m2/repository/org/hibernate/validator/hibernate-validator/6.1.7.Final/hibernate-validator-6.1.7.Final.jar' 
2022-05-06 22:11:57.544 DEBUG [acme.Launcher@main] Found classpath entry '/C:/Users/34657/.m2/repository/jakarta/validation/jakarta.validation-api/2.0.2/jakarta.validation-api-2.0.2.jar' 
2022-05-06 22:11:57.545 DEBUG [acme.Launcher@main] Found classpath entry '/C:/Users/34657/.m2/repository/mysql/mysql-connector-java/8.0.22/mysql-connector-java-8.0.22.jar' 
2022-05-06 22:11:57.545 DEBUG [acme.Launcher@main] Found classpath entry '/C:/Users/34657/.m2/repository/com/zaxxer/HikariCP/3.4.5/HikariCP-3.4.5.jar' 
2022-05-06 22:11:57.545 DEBUG [acme.Launcher@main] Found classpath entry '/C:/Users/34657/.m2/repository/org/junit/jupiter/junit-jupiter-engine/5.7.0/junit-jupiter-engine-5.7.0.jar' 
2022-05-06 22:11:57.545 DEBUG [acme.Launcher@main] Found classpath entry '/C:/Users/34657/.m2/repository/org/apiguardian/apiguardian-api/1.1.0/apiguardian-api-1.1.0.jar' 
2022-05-06 22:11:57.545 DEBUG [acme.Launcher@main] Found classpath entry '/C:/Users/34657/.m2/repository/org/junit/platform/junit-platform-engine/1.7.0/junit-platform-engine-1.7.0.jar' 
2022-05-06 22:11:57.545 DEBUG [acme.Launcher@main] Found classpath entry '/C:/Users/34657/.m2/repository/org/junit/jupiter/junit-jupiter-api/5.7.0/junit-jupiter-api-5.7.0.jar' 
2022-05-06 22:11:57.546 DEBUG [acme.Launcher@main] Found classpath entry '/C:/Users/34657/.m2/repository/org/opentest4j/opentest4j/1.2.0/opentest4j-1.2.0.jar' 
2022-05-06 22:11:57.546 DEBUG [acme.Launcher@main] Found classpath entry '/C:/Users/34657/.m2/repository/org/junit/platform/junit-platform-commons/1.7.0/junit-platform-commons-1.7.0.jar' 
2022-05-06 22:11:57.546 DEBUG [acme.Launcher@main] Found classpath entry '/C:/Users/34657/.m2/repository/org/junit/jupiter/junit-jupiter-params/5.7.0/junit-jupiter-params-5.7.0.jar' 
2022-05-06 22:11:57.546 DEBUG [acme.Launcher@main] Found classpath entry '/C:/Users/34657/.m2/repository/org/junit/platform/junit-platform-launcher/1.7.0/junit-platform-launcher-1.7.0.jar' 
2022-05-06 22:11:57.546 DEBUG [acme.Launcher@main] Found classpath entry '/C:/Users/34657/.m2/repository/org/seleniumhq/selenium/selenium-java/3.141.59/selenium-java-3.141.59.jar' 
2022-05-06 22:11:57.546 DEBUG [acme.Launcher@main] Found classpath entry '/C:/Users/34657/.m2/repository/org/seleniumhq/selenium/selenium-api/3.141.59/selenium-api-3.141.59.jar' 
2022-05-06 22:11:57.546 DEBUG [acme.Launcher@main] Found classpath entry '/C:/Users/34657/.m2/repository/org/seleniumhq/selenium/selenium-chrome-driver/3.141.59/selenium-chrome-driver-3.141.59.jar' 
2022-05-06 22:11:57.547 DEBUG [acme.Launcher@main] Found classpath entry '/C:/Users/34657/.m2/repository/org/seleniumhq/selenium/selenium-edge-driver/3.141.59/selenium-edge-driver-3.141.59.jar' 
2022-05-06 22:11:57.547 DEBUG [acme.Launcher@main] Found classpath entry '/C:/Users/34657/.m2/repository/org/seleniumhq/selenium/selenium-firefox-driver/3.141.59/selenium-firefox-driver-3.141.59.jar' 
2022-05-06 22:11:57.547 DEBUG [acme.Launcher@main] Found classpath entry '/C:/Users/34657/.m2/repository/org/seleniumhq/selenium/selenium-ie-driver/3.141.59/selenium-ie-driver-3.141.59.jar' 
2022-05-06 22:11:57.547 DEBUG [acme.Launcher@main] Found classpath entry '/C:/Users/34657/.m2/repository/org/seleniumhq/selenium/selenium-opera-driver/3.141.59/selenium-opera-driver-3.141.59.jar' 
2022-05-06 22:11:57.547 DEBUG [acme.Launcher@main] Found classpath entry '/C:/Users/34657/.m2/repository/org/seleniumhq/selenium/selenium-remote-driver/3.141.59/selenium-remote-driver-3.141.59.jar' 
2022-05-06 22:11:57.547 DEBUG [acme.Launcher@main] Found classpath entry '/C:/Users/34657/.m2/repository/org/seleniumhq/selenium/selenium-safari-driver/3.141.59/selenium-safari-driver-3.141.59.jar' 
2022-05-06 22:11:57.548 DEBUG [acme.Launcher@main] Found classpath entry '/C:/Users/34657/.m2/repository/org/seleniumhq/selenium/selenium-support/3.141.59/selenium-support-3.141.59.jar' 
2022-05-06 22:11:57.548 DEBUG [acme.Launcher@main] Found classpath entry '/C:/Users/34657/.m2/repository/net/bytebuddy/byte-buddy/1.10.19/byte-buddy-1.10.19.jar' 
2022-05-06 22:11:57.548 DEBUG [acme.Launcher@main] Found classpath entry '/C:/Users/34657/.m2/repository/org/apache/commons/commons-exec/1.3/commons-exec-1.3.jar' 
2022-05-06 22:11:57.548 DEBUG [acme.Launcher@main] Found classpath entry '/C:/Users/34657/.m2/repository/com/google/guava/guava/25.0-jre/guava-25.0-jre.jar' 
2022-05-06 22:11:57.548 DEBUG [acme.Launcher@main] Found classpath entry '/C:/Users/34657/.m2/repository/com/google/code/findbugs/jsr305/1.3.9/jsr305-1.3.9.jar' 
2022-05-06 22:11:57.548 DEBUG [acme.Launcher@main] Found classpath entry '/C:/Users/34657/.m2/repository/org/checkerframework/checker-compat-qual/2.0.0/checker-compat-qual-2.0.0.jar' 
2022-05-06 22:11:57.549 DEBUG [acme.Launcher@main] Found classpath entry '/C:/Users/34657/.m2/repository/com/google/errorprone/error_prone_annotations/2.1.3/error_prone_annotations-2.1.3.jar' 
2022-05-06 22:11:57.549 DEBUG [acme.Launcher@main] Found classpath entry '/C:/Users/34657/.m2/repository/com/google/j2objc/j2objc-annotations/1.1/j2objc-annotations-1.1.jar' 
2022-05-06 22:11:57.549 DEBUG [acme.Launcher@main] Found classpath entry '/C:/Users/34657/.m2/repository/org/codehaus/mojo/animal-sniffer-annotations/1.14/animal-sniffer-annotations-1.14.jar' 
2022-05-06 22:11:57.549 DEBUG [acme.Launcher@main] Found classpath entry '/C:/Users/34657/.m2/repository/com/squareup/okhttp3/okhttp/3.14.9/okhttp-3.14.9.jar' 
2022-05-06 22:11:57.549 DEBUG [acme.Launcher@main] Found classpath entry '/C:/Users/34657/.m2/repository/com/squareup/okio/okio/1.14.0/okio-1.14.0.jar' 
2022-05-06 22:11:57.549 DEBUG [acme.Launcher@main] Found classpath entry '/C:/Users/34657/.m2/repository/org/apache/commons/commons-lang3/3.11/commons-lang3-3.11.jar' 
2022-05-06 22:11:57.550 DEBUG [acme.Launcher@main] Found classpath entry '/C:/Users/34657/.m2/repository/org/apache/commons/commons-text/1.8/commons-text-1.8.jar' 
2022-05-06 22:11:57.550 DEBUG [acme.Launcher@main] Found classpath entry '/C:/Users/34657/.m2/repository/commons-io/commons-io/2.6/commons-io-2.6.jar' 
2022-05-06 22:11:57.550 DEBUG [acme.Launcher@main] Found classpath entry '/C:/Users/34657/.m2/repository/commons-cli/commons-cli/1.4/commons-cli-1.4.jar' 
2022-05-06 22:11:57.550 DEBUG [acme.Launcher@main] Found classpath entry '/C:/Users/34657/.m2/repository/org/projectlombok/lombok/1.18.16/lombok-1.18.16.jar' 
2022-05-06 22:11:57.550 DEBUG [acme.Launcher@main] Found classpath entry '/C:/Users/34657/.m2/repository/com/opencsv/opencsv/5.4/opencsv-5.4.jar' 
2022-05-06 22:11:57.550 DEBUG [acme.Launcher@main] Found classpath entry '/C:/Users/34657/.m2/repository/commons-beanutils/commons-beanutils/1.9.4/commons-beanutils-1.9.4.jar' 
2022-05-06 22:11:57.550 DEBUG [acme.Launcher@main] Found classpath entry '/C:/Users/34657/.m2/repository/commons-logging/commons-logging/1.2/commons-logging-1.2.jar' 
2022-05-06 22:11:57.551 DEBUG [acme.Launcher@main] Found classpath entry '/C:/Users/34657/.m2/repository/commons-collections/commons-collections/3.2.2/commons-collections-3.2.2.jar' 
2022-05-06 22:11:57.551 DEBUG [acme.Launcher@main] Found classpath entry '/C:/Users/34657/.m2/repository/org/apache/commons/commons-collections4/4.4/commons-collections4-4.4.jar' 
2022-05-06 22:11:57.551 DEBUG [acme.Launcher@main] Found classpath entry '/C:/Users/34657/Desktop/Workspace-22.0/Tools/IDEs/eclipse-jee-2021-12-R/configuration/org.eclipse.osgi/418/0/.cp/lib/javaagent-shaded.jar' 
2022-05-06 22:11:57.717 DEBUG [acme.Launcher@main] Found entity class 'acme.entities.Announcement 
2022-05-06 22:11:57.717 DEBUG [acme.Launcher@main] Found entity class 'acme.entities.Chirp 
2022-05-06 22:11:57.717 DEBUG [acme.Launcher@main] Found entity class 'acme.entities.Currency 
2022-05-06 22:11:57.717 DEBUG [acme.Launcher@main] Found entity class 'acme.entities.Item 
2022-05-06 22:11:57.717 DEBUG [acme.Launcher@main] Found entity class 'acme.entities.Patronage 
2022-05-06 22:11:57.717 DEBUG [acme.Launcher@main] Found entity class 'acme.entities.PatronageReport 
2022-05-06 22:11:57.718 DEBUG [acme.Launcher@main] Found entity class 'acme.entities.Quantity 
2022-05-06 22:11:57.718 DEBUG [acme.Launcher@main] Found entity class 'acme.entities.Spam 
2022-05-06 22:11:57.718 DEBUG [acme.Launcher@main] Found entity class 'acme.entities.Toolkit 
2022-05-06 22:11:57.718 DEBUG [acme.Launcher@main] Found entity class 'acme.roles.Consumer 
2022-05-06 22:11:57.718 DEBUG [acme.Launcher@main] Found entity class 'acme.roles.Inventor 
2022-05-06 22:11:57.718 DEBUG [acme.Launcher@main] Found entity class 'acme.roles.Patron 
2022-05-06 22:11:57.718 DEBUG [acme.Launcher@main] Found entity class 'acme.roles.Provider 
2022-05-06 22:11:57.718 DEBUG [acme.Launcher@main] Found entity class 'acme.framework.entities.UserAccount 
2022-05-06 22:11:57.718 DEBUG [acme.Launcher@main] Found entity class 'acme.framework.roles.Administrator 
2022-05-06 22:11:57.719 DEBUG [acme.Launcher@main] Found entity class 'acme.framework.roles.Anonymous 
2022-05-06 22:11:57.719 DEBUG [acme.Launcher@main] Found entity class 'acme.framework.roles.Any 
2022-05-06 22:11:57.719 DEBUG [acme.Launcher@main] Found entity class 'acme.framework.roles.Authenticated 
2022-05-06 22:11:57.724 INFO  [acme.Launcher@main] Running application (Standalone) 
2022-05-06 22:12:11.770 DEBUG [acme.framework.components.tiles.DynamicTilesView@http-nio-8080-exec-3] View name 'fragments/welcome', model {} 
2022-05-06 22:12:11.787 DEBUG [org.apache.tiles.definition.dao.BaseLocaleUrlDefinitionDAO@http-nio-8080-exec-3] File Resource file:/C:/Users/34657/Desktop/Workspace-22.0/Starters/Acme-One/target/classes/WEB-INF/views/master/tiles_es.xml at file:/C:/Users/34657/Desktop/Workspace-22.0/Starters/Acme-One/target/classes/WEB-INF/views/master/tiles_es.xml not found, continue 
2022-05-06 22:12:11.797 DEBUG [org.apache.jasper.servlet.JspServlet@http-nio-8080-exec-3] JspEngine --> /WEB-INF/views/master/page.jsp 
2022-05-06 22:12:11.798 DEBUG [org.apache.jasper.servlet.JspServlet@http-nio-8080-exec-3] ServletPath: /WEB-INF/views/master/page.jsp 
2022-05-06 22:12:11.798 DEBUG [org.apache.jasper.servlet.JspServlet@http-nio-8080-exec-3] PathInfo: null 
2022-05-06 22:12:11.800 DEBUG [org.apache.jasper.servlet.JspServlet@http-nio-8080-exec-3] RealPath: C:\Users\34657\Desktop\Workspace-22.0\Starters\Acme-One\target\classes\WEB-INF\views\master\page.jsp 
2022-05-06 22:12:11.801 DEBUG [org.apache.jasper.servlet.JspServlet@http-nio-8080-exec-3] RequestURI: /acme-one-3.0/WEB-INF/views/master/page.jsp 
2022-05-06 22:12:11.801 DEBUG [org.apache.jasper.servlet.JspServlet@http-nio-8080-exec-3] QueryString: null 
2022-05-06 22:12:17.686 DEBUG [acme.framework.configuration.ExtendedMessageSource@http-nio-8080-exec-3] Loading properties [C:\Users\34657\Desktop\Workspace-22.0\Starters\Acme-One\target\classes\WEB-INF\views\administrator\dashboard\messsages-en.i18n] with encoding 'utf-8' 
2022-05-06 22:12:17.687 DEBUG [acme.framework.configuration.ExtendedMessageSource@http-nio-8080-exec-3] Loading properties [C:\Users\34657\Desktop\Workspace-22.0\Starters\Acme-One\target\classes\WEB-INF\views\administrator\system-configuration\messsages-en.i18n] with encoding 'utf-8' 
2022-05-06 22:12:17.688 DEBUG [acme.framework.configuration.ExtendedMessageSource@http-nio-8080-exec-3] Loading properties [C:\Users\34657\Desktop\Workspace-22.0\Starters\Acme-One\target\classes\WEB-INF\views\administrator\user-account\messages-en.i18n] with encoding 'utf-8' 
2022-05-06 22:12:17.689 DEBUG [acme.framework.configuration.ExtendedMessageSource@http-nio-8080-exec-3] Loading properties [C:\Users\34657\Desktop\Workspace-22.0\Starters\Acme-One\target\classes\WEB-INF\views\anonymous\user-account\mesagges-en.i18n] with encoding 'utf-8' 
2022-05-06 22:12:17.690 DEBUG [acme.framework.configuration.ExtendedMessageSource@http-nio-8080-exec-3] Loading properties [C:\Users\34657\Desktop\Workspace-22.0\Starters\Acme-One\target\classes\WEB-INF\views\any\chirp\mesagges-en.i18n] with encoding 'utf-8' 
2022-05-06 22:12:17.691 DEBUG [acme.framework.configuration.ExtendedMessageSource@http-nio-8080-exec-3] Loading properties [C:\Users\34657\Desktop\Workspace-22.0\Starters\Acme-One\target\classes\WEB-INF\views\any\item\mesagges-en.i18n] with encoding 'utf-8' 
2022-05-06 22:12:17.692 DEBUG [acme.framework.configuration.ExtendedMessageSource@http-nio-8080-exec-3] Loading properties [C:\Users\34657\Desktop\Workspace-22.0\Starters\Acme-One\target\classes\WEB-INF\views\any\toolkit\mesagges-en.i18n] with encoding 'utf-8' 
2022-05-06 22:12:17.692 DEBUG [acme.framework.configuration.ExtendedMessageSource@http-nio-8080-exec-3] Loading properties [C:\Users\34657\Desktop\Workspace-22.0\Starters\Acme-One\target\classes\WEB-INF\views\any\user-account\mesagges-en.i18n] with encoding 'utf-8' 
2022-05-06 22:12:17.693 DEBUG [acme.framework.configuration.ExtendedMessageSource@http-nio-8080-exec-3] Loading properties [C:\Users\34657\Desktop\Workspace-22.0\Starters\Acme-One\target\classes\WEB-INF\views\authenticated\announcement\messsages-en.i18n] with encoding 'utf-8' 
2022-05-06 22:12:17.694 DEBUG [acme.framework.configuration.ExtendedMessageSource@http-nio-8080-exec-3] Loading properties [C:\Users\34657\Desktop\Workspace-22.0\Starters\Acme-One\target\classes\WEB-INF\views\authenticated\consumer\messsages-en.i18n] with encoding 'utf-8' 
2022-05-06 22:12:17.694 DEBUG [acme.framework.configuration.ExtendedMessageSource@http-nio-8080-exec-3] Loading properties [C:\Users\34657\Desktop\Workspace-22.0\Starters\Acme-One\target\classes\WEB-INF\views\authenticated\currency\messsages-en.i18n] with encoding 'utf-8' 
2022-05-06 22:12:17.695 DEBUG [acme.framework.configuration.ExtendedMessageSource@http-nio-8080-exec-3] Loading properties [C:\Users\34657\Desktop\Workspace-22.0\Starters\Acme-One\target\classes\WEB-INF\views\authenticated\provider\messsages-en.i18n] with encoding 'utf-8' 
2022-05-06 22:12:17.697 DEBUG [acme.framework.configuration.ExtendedMessageSource@http-nio-8080-exec-3] Loading properties [C:\Users\34657\Desktop\Workspace-22.0\Starters\Acme-One\target\classes\WEB-INF\views\authenticated\spam\messsages-en.i18n] with encoding 'utf-8' 
2022-05-06 22:12:17.698 DEBUG [acme.framework.configuration.ExtendedMessageSource@http-nio-8080-exec-3] Loading properties [C:\Users\34657\Desktop\Workspace-22.0\Starters\Acme-One\target\classes\WEB-INF\views\fragments\banner-en.i18n] with encoding 'utf-8' 
2022-05-06 22:12:17.699 DEBUG [acme.framework.configuration.ExtendedMessageSource@http-nio-8080-exec-3] Loading properties [C:\Users\34657\Desktop\Workspace-22.0\Starters\Acme-One\target\classes\WEB-INF\views\fragments\company-en.i18n] with encoding 'utf-8' 
2022-05-06 22:12:17.701 DEBUG [acme.framework.configuration.ExtendedMessageSource@http-nio-8080-exec-3] Loading properties [C:\Users\34657\Desktop\Workspace-22.0\Starters\Acme-One\target\classes\WEB-INF\views\fragments\footer-en.i18n] with encoding 'utf-8' 
2022-05-06 22:12:17.702 DEBUG [acme.framework.configuration.ExtendedMessageSource@http-nio-8080-exec-3] Loading properties [C:\Users\34657\Desktop\Workspace-22.0\Starters\Acme-One\target\classes\WEB-INF\views\fragments\license-en.i18n] with encoding 'utf-8' 
2022-05-06 22:12:17.703 DEBUG [acme.framework.configuration.ExtendedMessageSource@http-nio-8080-exec-3] Loading properties [C:\Users\34657\Desktop\Workspace-22.0\Starters\Acme-One\target\classes\WEB-INF\views\fragments\menu-en.i18n] with encoding 'utf-8' 
2022-05-06 22:12:17.704 DEBUG [acme.framework.configuration.ExtendedMessageSource@http-nio-8080-exec-3] Loading properties [C:\Users\34657\Desktop\Workspace-22.0\Starters\Acme-One\target\classes\WEB-INF\views\fragments\messsages-en.i18n] with encoding 'utf-8' 
2022-05-06 22:12:17.705 DEBUG [acme.framework.configuration.ExtendedMessageSource@http-nio-8080-exec-3] Loading properties [C:\Users\34657\Desktop\Workspace-22.0\Starters\Acme-One\target\classes\WEB-INF\views\fragments\title-en.i18n] with encoding 'utf-8' 
2022-05-06 22:12:17.706 DEBUG [acme.framework.configuration.ExtendedMessageSource@http-nio-8080-exec-3] Loading properties [C:\Users\34657\Desktop\Workspace-22.0\Starters\Acme-One\target\classes\WEB-INF\views\fragments\welcome-en.i18n] with encoding 'utf-8' 
2022-05-06 22:12:17.707 DEBUG [acme.framework.configuration.ExtendedMessageSource@http-nio-8080-exec-3] Loading properties [C:\Users\34657\Desktop\Workspace-22.0\Starters\Acme-One\target\classes\WEB-INF\views\inventor\item\messagges-en.i18n] with encoding 'utf-8' 
2022-05-06 22:12:17.708 DEBUG [acme.framework.configuration.ExtendedMessageSource@http-nio-8080-exec-3] Loading properties [C:\Users\34657\Desktop\Workspace-22.0\Starters\Acme-One\target\classes\WEB-INF\views\inventor\patronage\messsages-en.i18n] with encoding 'utf-8' 
2022-05-06 22:12:17.709 DEBUG [acme.framework.configuration.ExtendedMessageSource@http-nio-8080-exec-3] Loading properties [C:\Users\34657\Desktop\Workspace-22.0\Starters\Acme-One\target\classes\WEB-INF\views\inventor\patronage-report\messsages-en.i18n] with encoding 'utf-8' 
2022-05-06 22:12:17.710 DEBUG [acme.framework.configuration.ExtendedMessageSource@http-nio-8080-exec-3] Loading properties [C:\Users\34657\Desktop\Workspace-22.0\Starters\Acme-One\target\classes\WEB-INF\views\inventor\toolkit\messsages-en.i18n] with encoding 'utf-8' 
2022-05-06 22:12:17.711 DEBUG [acme.framework.configuration.ExtendedMessageSource@http-nio-8080-exec-3] Loading properties [C:\Users\34657\Desktop\Workspace-22.0\Starters\Acme-One\target\classes\WEB-INF\views\master\defaults-en.i18n] with encoding 'utf-8' 
2022-05-06 22:12:17.712 DEBUG [acme.framework.configuration.ExtendedMessageSource@http-nio-8080-exec-3] Loading properties [C:\Users\34657\Desktop\Workspace-22.0\Starters\Acme-One\target\classes\WEB-INF\views\master\master-en.i18n] with encoding 'utf-8' 
2022-05-06 22:12:17.714 DEBUG [acme.framework.configuration.ExtendedMessageSource@http-nio-8080-exec-3] Loading properties [C:\Users\34657\Desktop\Workspace-22.0\Starters\Acme-One\target\classes\WEB-INF\views\master\throwables-en.i18n] with encoding 'utf-8' 
2022-05-06 22:12:17.715 DEBUG [acme.framework.configuration.ExtendedMessageSource@http-nio-8080-exec-3] Loading properties [C:\Users\34657\Desktop\Workspace-22.0\Starters\Acme-One\target\classes\WEB-INF\views\master\validation-en.i18n] with encoding 'utf-8' 
2022-05-06 22:12:17.717 DEBUG [acme.framework.configuration.ExtendedMessageSource@http-nio-8080-exec-3] Loading properties [C:\Users\34657\Desktop\Workspace-22.0\Starters\Acme-One\target\classes\WEB-INF\views\patron\dashboard\messsages-en.i18n] with encoding 'utf-8' 
2022-05-06 22:12:17.718 DEBUG [acme.framework.configuration.ExtendedMessageSource@http-nio-8080-exec-3] Loading properties [C:\Users\34657\Desktop\Workspace-22.0\Starters\Acme-One\target\classes\WEB-INF\views\patron\inventor\messsages-en.i18n] with encoding 'utf-8' 
2022-05-06 22:12:17.719 DEBUG [acme.framework.configuration.ExtendedMessageSource@http-nio-8080-exec-3] Loading properties [C:\Users\34657\Desktop\Workspace-22.0\Starters\Acme-One\target\classes\WEB-INF\views\patron\patronage\messsages-en.i18n] with encoding 'utf-8' 
2022-05-06 22:12:17.720 DEBUG [acme.framework.configuration.ExtendedMessageSource@http-nio-8080-exec-3] Loading properties [C:\Users\34657\Desktop\Workspace-22.0\Starters\Acme-One\target\classes\WEB-INF\views\patron\patronage-report\messsages-en.i18n] with encoding 'utf-8' 
2022-05-06 22:12:17.737 DEBUG [acme.framework.configuration.ExtendedMessageSource@http-nio-8080-exec-3] Loading properties [C:\Users\34657\Desktop\Workspace-22.0\Starters\Acme-One\target\classes\WEB-INF\views\administrator\dashboard\messsages-es.i18n] with encoding 'utf-8' 
2022-05-06 22:12:17.738 DEBUG [acme.framework.configuration.ExtendedMessageSource@http-nio-8080-exec-3] Loading properties [C:\Users\34657\Desktop\Workspace-22.0\Starters\Acme-One\target\classes\WEB-INF\views\administrator\system-configuration\messsages-es.i18n] with encoding 'utf-8' 
2022-05-06 22:12:17.740 DEBUG [acme.framework.configuration.ExtendedMessageSource@http-nio-8080-exec-3] Loading properties [C:\Users\34657\Desktop\Workspace-22.0\Starters\Acme-One\target\classes\WEB-INF\views\administrator\user-account\messages-es.i18n] with encoding 'utf-8' 
2022-05-06 22:12:17.741 DEBUG [acme.framework.configuration.ExtendedMessageSource@http-nio-8080-exec-3] Loading properties [C:\Users\34657\Desktop\Workspace-22.0\Starters\Acme-One\target\classes\WEB-INF\views\anonymous\user-account\mesagges-es.i18n] with encoding 'utf-8' 
2022-05-06 22:12:17.742 DEBUG [acme.framework.configuration.ExtendedMessageSource@http-nio-8080-exec-3] Loading properties [C:\Users\34657\Desktop\Workspace-22.0\Starters\Acme-One\target\classes\WEB-INF\views\any\chirp\mesagges-es.i18n] with encoding 'utf-8' 
2022-05-06 22:12:17.743 DEBUG [acme.framework.configuration.ExtendedMessageSource@http-nio-8080-exec-3] Loading properties [C:\Users\34657\Desktop\Workspace-22.0\Starters\Acme-One\target\classes\WEB-INF\views\any\item\mesagges-es.i18n] with encoding 'utf-8' 
2022-05-06 22:12:17.744 DEBUG [acme.framework.configuration.ExtendedMessageSource@http-nio-8080-exec-3] Loading properties [C:\Users\34657\Desktop\Workspace-22.0\Starters\Acme-One\target\classes\WEB-INF\views\any\toolkit\mesagges-es.i18n] with encoding 'utf-8' 
2022-05-06 22:12:17.750 DEBUG [acme.framework.configuration.ExtendedMessageSource@http-nio-8080-exec-3] Loading properties [C:\Users\34657\Desktop\Workspace-22.0\Starters\Acme-One\target\classes\WEB-INF\views\any\user-account\mesagges-es.i18n] with encoding 'utf-8' 
2022-05-06 22:12:17.752 DEBUG [acme.framework.configuration.ExtendedMessageSource@http-nio-8080-exec-3] Loading properties [C:\Users\34657\Desktop\Workspace-22.0\Starters\Acme-One\target\classes\WEB-INF\views\authenticated\announcement\messsages-es.i18n] with encoding 'utf-8' 
2022-05-06 22:12:17.754 DEBUG [acme.framework.configuration.ExtendedMessageSource@http-nio-8080-exec-3] Loading properties [C:\Users\34657\Desktop\Workspace-22.0\Starters\Acme-One\target\classes\WEB-INF\views\authenticated\consumer\messsages-es.i18n] with encoding 'utf-8' 
2022-05-06 22:12:17.755 DEBUG [acme.framework.configuration.ExtendedMessageSource@http-nio-8080-exec-3] Loading properties [C:\Users\34657\Desktop\Workspace-22.0\Starters\Acme-One\target\classes\WEB-INF\views\authenticated\currency\messsages-es.i18n] with encoding 'utf-8' 
2022-05-06 22:12:17.757 DEBUG [acme.framework.configuration.ExtendedMessageSource@http-nio-8080-exec-3] Loading properties [C:\Users\34657\Desktop\Workspace-22.0\Starters\Acme-One\target\classes\WEB-INF\views\authenticated\provider\messsages-es.i18n] with encoding 'utf-8' 
2022-05-06 22:12:17.758 DEBUG [acme.framework.configuration.ExtendedMessageSource@http-nio-8080-exec-3] Loading properties [C:\Users\34657\Desktop\Workspace-22.0\Starters\Acme-One\target\classes\WEB-INF\views\authenticated\spam\messsages-es.i18n] with encoding 'utf-8' 
2022-05-06 22:12:17.761 DEBUG [acme.framework.configuration.ExtendedMessageSource@http-nio-8080-exec-3] Loading properties [C:\Users\34657\Desktop\Workspace-22.0\Starters\Acme-One\target\classes\WEB-INF\views\fragments\banner-es.i18n] with encoding 'utf-8' 
2022-05-06 22:12:17.763 DEBUG [acme.framework.configuration.ExtendedMessageSource@http-nio-8080-exec-3] Loading properties [C:\Users\34657\Desktop\Workspace-22.0\Starters\Acme-One\target\classes\WEB-INF\views\fragments\company-es.i18n] with encoding 'utf-8' 
2022-05-06 22:12:17.765 DEBUG [acme.framework.configuration.ExtendedMessageSource@http-nio-8080-exec-3] Loading properties [C:\Users\34657\Desktop\Workspace-22.0\Starters\Acme-One\target\classes\WEB-INF\views\fragments\footer-es.i18n] with encoding 'utf-8' 
2022-05-06 22:12:17.768 DEBUG [acme.framework.configuration.ExtendedMessageSource@http-nio-8080-exec-3] Loading properties [C:\Users\34657\Desktop\Workspace-22.0\Starters\Acme-One\target\classes\WEB-INF\views\fragments\license-es.i18n] with encoding 'utf-8' 
2022-05-06 22:12:17.769 DEBUG [acme.framework.configuration.ExtendedMessageSource@http-nio-8080-exec-3] Loading properties [C:\Users\34657\Desktop\Workspace-22.0\Starters\Acme-One\target\classes\WEB-INF\views\fragments\menu-es.i18n] with encoding 'utf-8' 
2022-05-06 22:12:17.771 DEBUG [acme.framework.configuration.ExtendedMessageSource@http-nio-8080-exec-3] Loading properties [C:\Users\34657\Desktop\Workspace-22.0\Starters\Acme-One\target\classes\WEB-INF\views\fragments\messsages-es.i18n] with encoding 'utf-8' 
2022-05-06 22:12:17.772 DEBUG [acme.framework.configuration.ExtendedMessageSource@http-nio-8080-exec-3] Loading properties [C:\Users\34657\Desktop\Workspace-22.0\Starters\Acme-One\target\classes\WEB-INF\views\fragments\title-es.i18n] with encoding 'utf-8' 
2022-05-06 22:12:17.772 DEBUG [acme.framework.configuration.ExtendedMessageSource@http-nio-8080-exec-3] Loading properties [C:\Users\34657\Desktop\Workspace-22.0\Starters\Acme-One\target\classes\WEB-INF\views\fragments\welcome-es.i18n] with encoding 'utf-8' 
2022-05-06 22:12:17.781 DEBUG [acme.framework.configuration.ExtendedMessageSource@http-nio-8080-exec-3] Loading properties [C:\Users\34657\Desktop\Workspace-22.0\Starters\Acme-One\target\classes\WEB-INF\views\inventor\item\messagges-es.i18n] with encoding 'utf-8' 
2022-05-06 22:12:17.782 DEBUG [acme.framework.configuration.ExtendedMessageSource@http-nio-8080-exec-3] Loading properties [C:\Users\34657\Desktop\Workspace-22.0\Starters\Acme-One\target\classes\WEB-INF\views\inventor\patronage\messsages-es.i18n] with encoding 'utf-8' 
2022-05-06 22:12:17.783 DEBUG [acme.framework.configuration.ExtendedMessageSource@http-nio-8080-exec-3] Loading properties [C:\Users\34657\Desktop\Workspace-22.0\Starters\Acme-One\target\classes\WEB-INF\views\inventor\patronage-report\messsages-es.i18n] with encoding 'utf-8' 
2022-05-06 22:12:17.784 DEBUG [acme.framework.configuration.ExtendedMessageSource@http-nio-8080-exec-3] Loading properties [C:\Users\34657\Desktop\Workspace-22.0\Starters\Acme-One\target\classes\WEB-INF\views\inventor\toolkit\messsages-es.i18n] with encoding 'utf-8' 
2022-05-06 22:12:17.785 DEBUG [acme.framework.configuration.ExtendedMessageSource@http-nio-8080-exec-3] Loading properties [C:\Users\34657\Desktop\Workspace-22.0\Starters\Acme-One\target\classes\WEB-INF\views\master\defaults-es.i18n] with encoding 'utf-8' 
2022-05-06 22:12:17.786 DEBUG [acme.framework.configuration.ExtendedMessageSource@http-nio-8080-exec-3] Loading properties [C:\Users\34657\Desktop\Workspace-22.0\Starters\Acme-One\target\classes\WEB-INF\views\master\master-es.i18n] with encoding 'utf-8' 
2022-05-06 22:12:17.787 DEBUG [acme.framework.configuration.ExtendedMessageSource@http-nio-8080-exec-3] Loading properties [C:\Users\34657\Desktop\Workspace-22.0\Starters\Acme-One\target\classes\WEB-INF\views\master\throwables-es.i18n] with encoding 'utf-8' 
2022-05-06 22:12:17.788 DEBUG [acme.framework.configuration.ExtendedMessageSource@http-nio-8080-exec-3] Loading properties [C:\Users\34657\Desktop\Workspace-22.0\Starters\Acme-One\target\classes\WEB-INF\views\master\validation-es.i18n] with encoding 'utf-8' 
2022-05-06 22:12:17.789 DEBUG [acme.framework.configuration.ExtendedMessageSource@http-nio-8080-exec-3] Loading properties [C:\Users\34657\Desktop\Workspace-22.0\Starters\Acme-One\target\classes\WEB-INF\views\patron\dashboard\messsages-es.i18n] with encoding 'utf-8' 
2022-05-06 22:12:17.790 DEBUG [acme.framework.configuration.ExtendedMessageSource@http-nio-8080-exec-3] Loading properties [C:\Users\34657\Desktop\Workspace-22.0\Starters\Acme-One\target\classes\WEB-INF\views\patron\inventor\messsages-es.i18n] with encoding 'utf-8' 
2022-05-06 22:12:17.791 DEBUG [acme.framework.configuration.ExtendedMessageSource@http-nio-8080-exec-3] Loading properties [C:\Users\34657\Desktop\Workspace-22.0\Starters\Acme-One\target\classes\WEB-INF\views\patron\patronage\messsages-es.i18n] with encoding 'utf-8' 
2022-05-06 22:12:17.792 DEBUG [acme.framework.configuration.ExtendedMessageSource@http-nio-8080-exec-3] Loading properties [C:\Users\34657\Desktop\Workspace-22.0\Starters\Acme-One\target\classes\WEB-INF\views\patron\patronage-report\messsages-es.i18n] with encoding 'utf-8' 
2022-05-06 22:12:18.201 DEBUG [org.apache.jasper.servlet.JspServlet@http-nio-8080-exec-3] JspEngine --> /WEB-INF/views/fragments/welcome.jsp 
2022-05-06 22:12:18.202 DEBUG [org.apache.jasper.servlet.JspServlet@http-nio-8080-exec-3] ServletPath: /WEB-INF/views/master/page.jsp 
2022-05-06 22:12:18.202 DEBUG [org.apache.jasper.servlet.JspServlet@http-nio-8080-exec-3] PathInfo: null 
2022-05-06 22:12:18.203 DEBUG [org.apache.jasper.servlet.JspServlet@http-nio-8080-exec-3] RealPath: C:\Users\34657\Desktop\Workspace-22.0\Starters\Acme-One\target\classes\WEB-INF\views\fragments\welcome.jsp 
2022-05-06 22:12:18.204 DEBUG [org.apache.jasper.servlet.JspServlet@http-nio-8080-exec-3] RequestURI: /acme-one-3.0/WEB-INF/views/master/page.jsp 
2022-05-06 22:12:18.204 DEBUG [org.apache.jasper.servlet.JspServlet@http-nio-8080-exec-3] QueryString: null 
2022-05-06 22:12:18.731 DEBUG [org.hibernate.SQL@http-nio-8080-exec-3] select useraccoun0_.id as id1_0_, useraccoun0_.version as version2_0_, useraccoun0_.enabled as enabled1_18_, useraccoun0_.identity as identity2_18_, useraccoun0_.password as password3_18_, useraccoun0_.username as username4_18_ from user_account useraccoun0_ where useraccoun0_.username=? 
2022-05-06 22:12:18.754 TRACE [org.hibernate.type.descriptor.sql.BasicBinder@http-nio-8080-exec-3] binding parameter [1] as [VARCHAR] - [anonymous] 
2022-05-06 22:12:18.819 DEBUG [org.hibernate.SQL@http-nio-8080-exec-3] select roles0_.user_account_id as user_acc1_19_0_, roles0_.id as id1_19_0_, roles0_.id as id1_0_1_, roles0_.version as version2_0_1_, roles0_.user_account_id as user_acc1_19_1_, roles0_.company as company1_7_1_, roles0_.sector as sector2_7_1_, roles0_.company as company1_9_1_, roles0_.link as link2_9_1_, roles0_.statement as statemen3_9_1_, roles0_.company as company1_11_1_, roles0_.link as link2_11_1_, roles0_.statement as statemen3_11_1_, roles0_.company as company1_14_1_, roles0_.sector as sector2_14_1_, roles0_.clazz_ as clazz_1_ from ( select id, version, user_account_id, company, sector, null as link, null as statement, 11 as clazz_ from consumer union all select id, version, user_account_id, company, null as sector, link, statement, 12 as clazz_ from inventor union all select id, version, user_account_id, company, null as sector, link, statement, 13 as clazz_ from patron union all select id, version, user_account_id, company, sector, null as link, null as statement, 14 as clazz_ from provider union all select id, version, user_account_id, null as company, null as sector, null as link, null as statement, 16 as clazz_ from administrator union all select id, version, user_account_id, null as company, null as sector, null as link, null as statement, 17 as clazz_ from anonymous union all select id, version, user_account_id, null as company, null as sector, null as link, null as statement, 18 as clazz_ from any union all select id, version, user_account_id, null as company, null as sector, null as link, null as statement, 19 as clazz_ from authenticated ) roles0_ where roles0_.user_account_id=? 
2022-05-06 22:12:18.820 TRACE [org.hibernate.type.descriptor.sql.BasicBinder@http-nio-8080-exec-3] binding parameter [1] as [INTEGER] - [1] 
2022-05-06 22:12:55.705 DEBUG [acme.framework.components.tiles.DynamicTilesView@http-nio-8080-exec-7] View name 'master/sign-in', model {username=, password=, remember=false} 
2022-05-06 22:12:55.706 DEBUG [org.apache.jasper.servlet.JspServlet@http-nio-8080-exec-7] JspEngine --> /WEB-INF/views/master/page.jsp 
2022-05-06 22:12:55.706 DEBUG [org.apache.jasper.servlet.JspServlet@http-nio-8080-exec-7] ServletPath: /WEB-INF/views/master/page.jsp 
2022-05-06 22:12:55.707 DEBUG [org.apache.jasper.servlet.JspServlet@http-nio-8080-exec-7] PathInfo: null 
2022-05-06 22:12:55.709 DEBUG [org.apache.jasper.servlet.JspServlet@http-nio-8080-exec-7] RealPath: C:\Users\34657\Desktop\Workspace-22.0\Starters\Acme-One\target\classes\WEB-INF\views\master\page.jsp 
2022-05-06 22:12:55.710 DEBUG [org.apache.jasper.servlet.JspServlet@http-nio-8080-exec-7] RequestURI: /acme-one-3.0/WEB-INF/views/master/page.jsp 
2022-05-06 22:12:55.710 DEBUG [org.apache.jasper.servlet.JspServlet@http-nio-8080-exec-7] QueryString: null 
2022-05-06 22:12:56.012 DEBUG [org.apache.jasper.servlet.JspServlet@http-nio-8080-exec-7] JspEngine --> /WEB-INF/views/master/sign-in.jsp 
2022-05-06 22:12:56.012 DEBUG [org.apache.jasper.servlet.JspServlet@http-nio-8080-exec-7] ServletPath: /WEB-INF/views/master/page.jsp 
2022-05-06 22:12:56.013 DEBUG [org.apache.jasper.servlet.JspServlet@http-nio-8080-exec-7] PathInfo: null 
2022-05-06 22:12:56.013 DEBUG [org.apache.jasper.servlet.JspServlet@http-nio-8080-exec-7] RealPath: C:\Users\34657\Desktop\Workspace-22.0\Starters\Acme-One\target\classes\WEB-INF\views\master\sign-in.jsp 
2022-05-06 22:12:56.014 DEBUG [org.apache.jasper.servlet.JspServlet@http-nio-8080-exec-7] RequestURI: /acme-one-3.0/WEB-INF/views/master/page.jsp 
2022-05-06 22:12:56.014 DEBUG [org.apache.jasper.servlet.JspServlet@http-nio-8080-exec-7] QueryString: null 
2022-05-06 22:12:57.824 DEBUG [org.hibernate.SQL@http-nio-8080-exec-7] select useraccoun0_.id as id1_0_, useraccoun0_.version as version2_0_, useraccoun0_.enabled as enabled1_18_, useraccoun0_.identity as identity2_18_, useraccoun0_.password as password3_18_, useraccoun0_.username as username4_18_ from user_account useraccoun0_ where useraccoun0_.username=? 
2022-05-06 22:12:57.825 TRACE [org.hibernate.type.descriptor.sql.BasicBinder@http-nio-8080-exec-7] binding parameter [1] as [VARCHAR] - [anonymous] 
2022-05-06 22:12:57.827 DEBUG [org.hibernate.SQL@http-nio-8080-exec-7] select roles0_.user_account_id as user_acc1_19_0_, roles0_.id as id1_19_0_, roles0_.id as id1_0_1_, roles0_.version as version2_0_1_, roles0_.user_account_id as user_acc1_19_1_, roles0_.company as company1_7_1_, roles0_.sector as sector2_7_1_, roles0_.company as company1_9_1_, roles0_.link as link2_9_1_, roles0_.statement as statemen3_9_1_, roles0_.company as company1_11_1_, roles0_.link as link2_11_1_, roles0_.statement as statemen3_11_1_, roles0_.company as company1_14_1_, roles0_.sector as sector2_14_1_, roles0_.clazz_ as clazz_1_ from ( select id, version, user_account_id, company, sector, null as link, null as statement, 11 as clazz_ from consumer union all select id, version, user_account_id, company, null as sector, link, statement, 12 as clazz_ from inventor union all select id, version, user_account_id, company, null as sector, link, statement, 13 as clazz_ from patron union all select id, version, user_account_id, company, sector, null as link, null as statement, 14 as clazz_ from provider union all select id, version, user_account_id, null as company, null as sector, null as link, null as statement, 16 as clazz_ from administrator union all select id, version, user_account_id, null as company, null as sector, null as link, null as statement, 17 as clazz_ from anonymous union all select id, version, user_account_id, null as company, null as sector, null as link, null as statement, 18 as clazz_ from any union all select id, version, user_account_id, null as company, null as sector, null as link, null as statement, 19 as clazz_ from authenticated ) roles0_ where roles0_.user_account_id=? 
2022-05-06 22:12:57.827 TRACE [org.hibernate.type.descriptor.sql.BasicBinder@http-nio-8080-exec-7] binding parameter [1] as [INTEGER] - [1] 
2022-05-06 22:13:06.923 DEBUG [org.hibernate.SQL@http-nio-8080-exec-5] select useraccoun0_.id as id1_0_, useraccoun0_.version as version2_0_, useraccoun0_.enabled as enabled1_18_, useraccoun0_.identity as identity2_18_, useraccoun0_.password as password3_18_, useraccoun0_.username as username4_18_ from user_account useraccoun0_ where useraccoun0_.username=? 
2022-05-06 22:13:06.924 TRACE [org.hibernate.type.descriptor.sql.BasicBinder@http-nio-8080-exec-5] binding parameter [1] as [VARCHAR] - [inventor1] 
2022-05-06 22:13:06.926 DEBUG [org.hibernate.SQL@http-nio-8080-exec-5] select roles0_.user_account_id as user_acc1_19_0_, roles0_.id as id1_19_0_, roles0_.id as id1_0_1_, roles0_.version as version2_0_1_, roles0_.user_account_id as user_acc1_19_1_, roles0_.company as company1_7_1_, roles0_.sector as sector2_7_1_, roles0_.company as company1_9_1_, roles0_.link as link2_9_1_, roles0_.statement as statemen3_9_1_, roles0_.company as company1_11_1_, roles0_.link as link2_11_1_, roles0_.statement as statemen3_11_1_, roles0_.company as company1_14_1_, roles0_.sector as sector2_14_1_, roles0_.clazz_ as clazz_1_ from ( select id, version, user_account_id, company, sector, null as link, null as statement, 11 as clazz_ from consumer union all select id, version, user_account_id, company, null as sector, link, statement, 12 as clazz_ from inventor union all select id, version, user_account_id, company, null as sector, link, statement, 13 as clazz_ from patron union all select id, version, user_account_id, company, sector, null as link, null as statement, 14 as clazz_ from provider union all select id, version, user_account_id, null as company, null as sector, null as link, null as statement, 16 as clazz_ from administrator union all select id, version, user_account_id, null as company, null as sector, null as link, null as statement, 17 as clazz_ from anonymous union all select id, version, user_account_id, null as company, null as sector, null as link, null as statement, 18 as clazz_ from any union all select id, version, user_account_id, null as company, null as sector, null as link, null as statement, 19 as clazz_ from authenticated ) roles0_ where roles0_.user_account_id=? 
2022-05-06 22:13:06.926 TRACE [org.hibernate.type.descriptor.sql.BasicBinder@http-nio-8080-exec-5] binding parameter [1] as [INTEGER] - [14] 
2022-05-06 22:13:06.943 DEBUG [acme.framework.components.tiles.DynamicTilesView@http-nio-8080-exec-6] View name 'fragments/welcome', model {} 
2022-05-06 22:13:06.943 DEBUG [org.apache.jasper.servlet.JspServlet@http-nio-8080-exec-6] JspEngine --> /WEB-INF/views/master/page.jsp 
2022-05-06 22:13:06.944 DEBUG [org.apache.jasper.servlet.JspServlet@http-nio-8080-exec-6] ServletPath: /WEB-INF/views/master/page.jsp 
2022-05-06 22:13:06.944 DEBUG [org.apache.jasper.servlet.JspServlet@http-nio-8080-exec-6] PathInfo: null 
2022-05-06 22:13:06.945 DEBUG [org.apache.jasper.servlet.JspServlet@http-nio-8080-exec-6] RealPath: C:\Users\34657\Desktop\Workspace-22.0\Starters\Acme-One\target\classes\WEB-INF\views\master\page.jsp 
2022-05-06 22:13:06.945 DEBUG [org.apache.jasper.servlet.JspServlet@http-nio-8080-exec-6] RequestURI: /acme-one-3.0/WEB-INF/views/master/page.jsp 
2022-05-06 22:13:06.946 DEBUG [org.apache.jasper.servlet.JspServlet@http-nio-8080-exec-6] QueryString: null 
2022-05-06 22:13:07.181 DEBUG [org.apache.jasper.servlet.JspServlet@http-nio-8080-exec-6] JspEngine --> /WEB-INF/views/fragments/welcome.jsp 
2022-05-06 22:13:07.181 DEBUG [org.apache.jasper.servlet.JspServlet@http-nio-8080-exec-6] ServletPath: /WEB-INF/views/master/page.jsp 
2022-05-06 22:13:07.181 DEBUG [org.apache.jasper.servlet.JspServlet@http-nio-8080-exec-6] PathInfo: null 
2022-05-06 22:13:07.183 DEBUG [org.apache.jasper.servlet.JspServlet@http-nio-8080-exec-6] RealPath: C:\Users\34657\Desktop\Workspace-22.0\Starters\Acme-One\target\classes\WEB-INF\views\fragments\welcome.jsp 
2022-05-06 22:13:07.183 DEBUG [org.apache.jasper.servlet.JspServlet@http-nio-8080-exec-6] RequestURI: /acme-one-3.0/WEB-INF/views/master/page.jsp 
2022-05-06 22:13:07.183 DEBUG [org.apache.jasper.servlet.JspServlet@http-nio-8080-exec-6] QueryString: null 
2022-05-06 22:13:09.214 DEBUG [acme.framework.controllers.AbstractController@http-nio-8080-exec-7] DISPATCHING GET /acme-one-3.0/inventor/patronage/list 
2022-05-06 22:13:09.214 DEBUG [acme.framework.controllers.AbstractController@http-nio-8080-exec-7] Command: list 
2022-05-06 22:13:09.214 DEBUG [acme.framework.controllers.AbstractController@http-nio-8080-exec-7] Model:   {} 
2022-05-06 22:13:09.214 DEBUG [acme.framework.controllers.AbstractController@http-nio-8080-exec-7] Locale:  es 
2022-05-06 22:13:09.236 DEBUG [org.hibernate.SQL@http-nio-8080-exec-7] select patronage0_.id as id1_0_, patronage0_.version as version2_0_, patronage0_.budget_amount as budget_a1_12_, patronage0_.budget_currency as budget_c2_12_, patronage0_.code as code3_12_, patronage0_.finishing_date as finishin4_12_, patronage0_.inventor_id as invento10_12_, patronage0_.legal_stuff as legal_st5_12_, patronage0_.link as link6_12_, patronage0_.patron_id as patron_11_12_, patronage0_.starting_date as starting7_12_, patronage0_.status as status8_12_, patronage0_.time_lapse as time_lap9_12_ from patronage patronage0_ where patronage0_.inventor_id=? 
2022-05-06 22:13:09.237 TRACE [org.hibernate.type.descriptor.sql.BasicBinder@http-nio-8080-exec-7] binding parameter [1] as [INTEGER] - [23] 
2022-05-06 22:13:09.244 DEBUG [org.hibernate.SQL@http-nio-8080-exec-7] select inventor0_.id as id1_0_0_, inventor0_.version as version2_0_0_, inventor0_.user_account_id as user_acc1_19_0_, inventor0_.company as company1_9_0_, inventor0_.link as link2_9_0_, inventor0_.statement as statemen3_9_0_, useraccoun1_.id as id1_0_1_, useraccoun1_.version as version2_0_1_, useraccoun1_.enabled as enabled1_18_1_, useraccoun1_.identity as identity2_18_1_, useraccoun1_.password as password3_18_1_, useraccoun1_.username as username4_18_1_ from inventor inventor0_ inner join user_account useraccoun1_ on inventor0_.user_account_id=useraccoun1_.id where inventor0_.id=? 
2022-05-06 22:13:09.244 TRACE [org.hibernate.type.descriptor.sql.BasicBinder@http-nio-8080-exec-7] binding parameter [1] as [INTEGER] - [23] 
2022-05-06 22:13:09.247 DEBUG [org.hibernate.SQL@http-nio-8080-exec-7] select patron0_.id as id1_0_0_, patron0_.version as version2_0_0_, patron0_.user_account_id as user_acc1_19_0_, patron0_.company as company1_11_0_, patron0_.link as link2_11_0_, patron0_.statement as statemen3_11_0_, useraccoun1_.id as id1_0_1_, useraccoun1_.version as version2_0_1_, useraccoun1_.enabled as enabled1_18_1_, useraccoun1_.identity as identity2_18_1_, useraccoun1_.password as password3_18_1_, useraccoun1_.username as username4_18_1_ from patron patron0_ inner join user_account useraccoun1_ on patron0_.user_account_id=useraccoun1_.id where patron0_.id=? 
2022-05-06 22:13:09.247 TRACE [org.hibernate.type.descriptor.sql.BasicBinder@http-nio-8080-exec-7] binding parameter [1] as [INTEGER] - [16] 
2022-05-06 22:13:09.250 DEBUG [org.hibernate.SQL@http-nio-8080-exec-7] select patron0_.id as id1_0_0_, patron0_.version as version2_0_0_, patron0_.user_account_id as user_acc1_19_0_, patron0_.company as company1_11_0_, patron0_.link as link2_11_0_, patron0_.statement as statemen3_11_0_, useraccoun1_.id as id1_0_1_, useraccoun1_.version as version2_0_1_, useraccoun1_.enabled as enabled1_18_1_, useraccoun1_.identity as identity2_18_1_, useraccoun1_.password as password3_18_1_, useraccoun1_.username as username4_18_1_ from patron patron0_ inner join user_account useraccoun1_ on patron0_.user_account_id=useraccoun1_.id where patron0_.id=? 
2022-05-06 22:13:09.250 TRACE [org.hibernate.type.descriptor.sql.BasicBinder@http-nio-8080-exec-7] binding parameter [1] as [INTEGER] - [17] 
2022-05-06 22:13:09.283 DEBUG [acme.framework.controllers.AbstractController@http-nio-8080-exec-7] SERVING GET /acme-one-3.0/inventor/patronage/list 
2022-05-06 22:13:09.284 DEBUG [acme.framework.controllers.AbstractController@http-nio-8080-exec-7] Result: ModelAndView [view="inventor/patronage/list"; model={link[1]=https://www.plum.com, timeLapse[0]=null, link[0]=https://www.starjam.com, version[1]=0, startingDate[0]=2022-03-14 13:00:00.0, startingDate[1]=2021-06-06 17:45:00.0, status[0]=ACCEPTED, list$size=2, timeLapse[1]=null, status[1]=PROPOSED, budget[0]=<<EUR 450.00>>, legalStuff[1]=Totally illegal, legalStuff[0]=Absolutely legal, budget[1]=<<EUR 150.00>>, finishingDate[0]=2022-03-24 13:00:00.0, finishingDate[1]=2021-06-16 17:45:00.0, code[0]=KIL-788-A, version[0]=0, code[1]=HJJ-712-P, id[1]=25, id[0]=24, command=list, principal=acme.framework.entities.Principal@22331af2}] 
2022-05-06 22:13:09.290 DEBUG [acme.framework.components.tiles.DynamicTilesView@http-nio-8080-exec-7] View name 'inventor/patronage/list', model {link[1]=https://www.plum.com, timeLapse[0]=null, link[0]=https://www.starjam.com, version[1]=0, startingDate[0]=2022-03-14 13:00:00.0, startingDate[1]=2021-06-06 17:45:00.0, status[0]=ACCEPTED, list$size=2, timeLapse[1]=null, status[1]=PROPOSED, budget[0]=<<EUR 450.00>>, legalStuff[1]=Totally illegal, legalStuff[0]=Absolutely legal, budget[1]=<<EUR 150.00>>, finishingDate[0]=2022-03-24 13:00:00.0, finishingDate[1]=2021-06-16 17:45:00.0, code[0]=KIL-788-A, version[0]=0, code[1]=HJJ-712-P, id[1]=25, id[0]=24, command=list, principal=acme.framework.entities.Principal@22331af2, org.springframework.validation.BindingResult.budget[0]=org.springframework.validation.BeanPropertyBindingResult: 0 errors, org.springframework.validation.BindingResult.budget[1]=org.springframework.validation.BeanPropertyBindingResult: 0 errors, org.springframework.validation.BindingResult.principal=org.springframework.validation.BeanPropertyBindingResult: 0 errors} 
2022-05-06 22:13:09.292 DEBUG [org.apache.jasper.servlet.JspServlet@http-nio-8080-exec-7] JspEngine --> /WEB-INF/views/master/page.jsp 
2022-05-06 22:13:09.292 DEBUG [org.apache.jasper.servlet.JspServlet@http-nio-8080-exec-7] ServletPath: /WEB-INF/views/master/page.jsp 
2022-05-06 22:13:09.292 DEBUG [org.apache.jasper.servlet.JspServlet@http-nio-8080-exec-7] PathInfo: null 
2022-05-06 22:13:09.293 DEBUG [org.apache.jasper.servlet.JspServlet@http-nio-8080-exec-7] RealPath: C:\Users\34657\Desktop\Workspace-22.0\Starters\Acme-One\target\classes\WEB-INF\views\master\page.jsp 
2022-05-06 22:13:09.293 DEBUG [org.apache.jasper.servlet.JspServlet@http-nio-8080-exec-7] RequestURI: /acme-one-3.0/WEB-INF/views/master/page.jsp 
2022-05-06 22:13:09.294 DEBUG [org.apache.jasper.servlet.JspServlet@http-nio-8080-exec-7] QueryString: null 
2022-05-06 22:13:09.511 DEBUG [org.apache.jasper.servlet.JspServlet@http-nio-8080-exec-7] JspEngine --> /WEB-INF/views/inventor/patronage/list.jsp 
2022-05-06 22:13:09.511 DEBUG [org.apache.jasper.servlet.JspServlet@http-nio-8080-exec-7] ServletPath: /WEB-INF/views/master/page.jsp 
2022-05-06 22:13:09.511 DEBUG [org.apache.jasper.servlet.JspServlet@http-nio-8080-exec-7] PathInfo: null 
2022-05-06 22:13:09.513 DEBUG [org.apache.jasper.servlet.JspServlet@http-nio-8080-exec-7] RealPath: C:\Users\34657\Desktop\Workspace-22.0\Starters\Acme-One\target\classes\WEB-INF\views\inventor\patronage\list.jsp 
2022-05-06 22:13:09.513 DEBUG [org.apache.jasper.servlet.JspServlet@http-nio-8080-exec-7] RequestURI: /acme-one-3.0/WEB-INF/views/master/page.jsp 
2022-05-06 22:13:09.513 DEBUG [org.apache.jasper.servlet.JspServlet@http-nio-8080-exec-7] QueryString: null 
2022-05-06 22:13:11.315 DEBUG [acme.framework.controllers.AbstractController@http-nio-8080-exec-1] DISPATCHING GET /acme-one-3.0/inventor/patronage/show 
2022-05-06 22:13:11.316 DEBUG [acme.framework.controllers.AbstractController@http-nio-8080-exec-1] Command: show 
2022-05-06 22:13:11.316 DEBUG [acme.framework.controllers.AbstractController@http-nio-8080-exec-1] Model:   {id=25} 
2022-05-06 22:13:11.316 DEBUG [acme.framework.controllers.AbstractController@http-nio-8080-exec-1] Locale:  es 
2022-05-06 22:13:11.332 DEBUG [org.hibernate.SQL@http-nio-8080-exec-1] select patronage0_.id as id1_0_, patronage0_.version as version2_0_, patronage0_.budget_amount as budget_a1_12_, patronage0_.budget_currency as budget_c2_12_, patronage0_.code as code3_12_, patronage0_.finishing_date as finishin4_12_, patronage0_.inventor_id as invento10_12_, patronage0_.legal_stuff as legal_st5_12_, patronage0_.link as link6_12_, patronage0_.patron_id as patron_11_12_, patronage0_.starting_date as starting7_12_, patronage0_.status as status8_12_, patronage0_.time_lapse as time_lap9_12_ from patronage patronage0_ where patronage0_.id=? 
2022-05-06 22:13:11.333 TRACE [org.hibernate.type.descriptor.sql.BasicBinder@http-nio-8080-exec-1] binding parameter [1] as [INTEGER] - [25] 
2022-05-06 22:13:11.334 DEBUG [org.hibernate.SQL@http-nio-8080-exec-1] select inventor0_.id as id1_0_0_, inventor0_.version as version2_0_0_, inventor0_.user_account_id as user_acc1_19_0_, inventor0_.company as company1_9_0_, inventor0_.link as link2_9_0_, inventor0_.statement as statemen3_9_0_, useraccoun1_.id as id1_0_1_, useraccoun1_.version as version2_0_1_, useraccoun1_.enabled as enabled1_18_1_, useraccoun1_.identity as identity2_18_1_, useraccoun1_.password as password3_18_1_, useraccoun1_.username as username4_18_1_ from inventor inventor0_ inner join user_account useraccoun1_ on inventor0_.user_account_id=useraccoun1_.id where inventor0_.id=? 
2022-05-06 22:13:11.334 TRACE [org.hibernate.type.descriptor.sql.BasicBinder@http-nio-8080-exec-1] binding parameter [1] as [INTEGER] - [23] 
2022-05-06 22:13:11.336 DEBUG [org.hibernate.SQL@http-nio-8080-exec-1] select patron0_.id as id1_0_0_, patron0_.version as version2_0_0_, patron0_.user_account_id as user_acc1_19_0_, patron0_.company as company1_11_0_, patron0_.link as link2_11_0_, patron0_.statement as statemen3_11_0_, useraccoun1_.id as id1_0_1_, useraccoun1_.version as version2_0_1_, useraccoun1_.enabled as enabled1_18_1_, useraccoun1_.identity as identity2_18_1_, useraccoun1_.password as password3_18_1_, useraccoun1_.username as username4_18_1_ from patron patron0_ inner join user_account useraccoun1_ on patron0_.user_account_id=useraccoun1_.id where patron0_.id=? 
2022-05-06 22:13:11.336 TRACE [org.hibernate.type.descriptor.sql.BasicBinder@http-nio-8080-exec-1] binding parameter [1] as [INTEGER] - [17] 
2022-05-06 22:13:11.354 DEBUG [org.hibernate.SQL@http-nio-8080-exec-1] select patronage0_.id as id1_0_, patronage0_.version as version2_0_, patronage0_.budget_amount as budget_a1_12_, patronage0_.budget_currency as budget_c2_12_, patronage0_.code as code3_12_, patronage0_.finishing_date as finishin4_12_, patronage0_.inventor_id as invento10_12_, patronage0_.legal_stuff as legal_st5_12_, patronage0_.link as link6_12_, patronage0_.patron_id as patron_11_12_, patronage0_.starting_date as starting7_12_, patronage0_.status as status8_12_, patronage0_.time_lapse as time_lap9_12_ from patronage patronage0_ where patronage0_.id=? 
2022-05-06 22:13:11.355 TRACE [org.hibernate.type.descriptor.sql.BasicBinder@http-nio-8080-exec-1] binding parameter [1] as [INTEGER] - [25] 
2022-05-06 22:13:11.382 DEBUG [acme.framework.controllers.AbstractController@http-nio-8080-exec-1] SERVING GET /acme-one-3.0/inventor/patronage/show 
2022-05-06 22:13:11.382 DEBUG [acme.framework.controllers.AbstractController@http-nio-8080-exec-1] Result: ModelAndView [view="inventor/patronage/form"; model={finishingDate=2021-06-16 17:45:00.0, code=HJJ-712-P, patron.name=null, link=https://www.plum.com, version=0, patron.statement=2, patron.link=http://www.twitter.com, timeLapse=null, id=25, patron.company=Acme-One, startingDate=2021-06-06 17:45:00.0, status=PROPOSED, legalStuff=Totally illegal, budget=<<EUR 150.00>>, command=show, principal=acme.framework.entities.Principal@22331af2}] 
2022-05-06 22:13:11.382 DEBUG [acme.framework.components.tiles.DynamicTilesView@http-nio-8080-exec-1] View name 'inventor/patronage/form', model {finishingDate=2021-06-16 17:45:00.0, code=HJJ-712-P, patron.name=null, link=https://www.plum.com, version=0, patron.statement=2, patron.link=http://www.twitter.com, timeLapse=null, id=25, patron.company=Acme-One, startingDate=2021-06-06 17:45:00.0, status=PROPOSED, legalStuff=Totally illegal, budget=<<EUR 150.00>>, command=show, principal=acme.framework.entities.Principal@22331af2, org.springframework.validation.BindingResult.budget=org.springframework.validation.BeanPropertyBindingResult: 0 errors, org.springframework.validation.BindingResult.principal=org.springframework.validation.BeanPropertyBindingResult: 0 errors} 
2022-05-06 22:13:11.383 DEBUG [org.apache.jasper.servlet.JspServlet@http-nio-8080-exec-1] JspEngine --> /WEB-INF/views/master/page.jsp 
2022-05-06 22:13:11.384 DEBUG [org.apache.jasper.servlet.JspServlet@http-nio-8080-exec-1] ServletPath: /WEB-INF/views/master/page.jsp 
2022-05-06 22:13:11.384 DEBUG [org.apache.jasper.servlet.JspServlet@http-nio-8080-exec-1] PathInfo: null 
2022-05-06 22:13:11.385 DEBUG [org.apache.jasper.servlet.JspServlet@http-nio-8080-exec-1] RealPath: C:\Users\34657\Desktop\Workspace-22.0\Starters\Acme-One\target\classes\WEB-INF\views\master\page.jsp 
2022-05-06 22:13:11.385 DEBUG [org.apache.jasper.servlet.JspServlet@http-nio-8080-exec-1] RequestURI: /acme-one-3.0/WEB-INF/views/master/page.jsp 
2022-05-06 22:13:11.385 DEBUG [org.apache.jasper.servlet.JspServlet@http-nio-8080-exec-1] QueryString: id=25 
2022-05-06 22:13:11.633 DEBUG [org.apache.jasper.servlet.JspServlet@http-nio-8080-exec-1] JspEngine --> /WEB-INF/views/inventor/patronage/form.jsp 
2022-05-06 22:13:11.633 DEBUG [org.apache.jasper.servlet.JspServlet@http-nio-8080-exec-1] ServletPath: /WEB-INF/views/master/page.jsp 
2022-05-06 22:13:11.633 DEBUG [org.apache.jasper.servlet.JspServlet@http-nio-8080-exec-1] PathInfo: null 
2022-05-06 22:13:11.634 DEBUG [org.apache.jasper.servlet.JspServlet@http-nio-8080-exec-1] RealPath: C:\Users\34657\Desktop\Workspace-22.0\Starters\Acme-One\target\classes\WEB-INF\views\inventor\patronage\form.jsp 
2022-05-06 22:13:11.635 DEBUG [org.apache.jasper.servlet.JspServlet@http-nio-8080-exec-1] RequestURI: /acme-one-3.0/WEB-INF/views/master/page.jsp 
2022-05-06 22:13:11.635 DEBUG [org.apache.jasper.servlet.JspServlet@http-nio-8080-exec-1] QueryString: id=25 
2022-05-06 23:52:38.534 WARN  [com.zaxxer.hikari.pool.HikariPool@HikariPool-1 housekeeper] HikariPool-1 - Thread starvation or clock leap detected (housekeeper delta=1h31m45s498ms814s100ns). 
