2022-04-20 22:26:14.237 INFO  [acme.Launcher@main] Starting Launcher using Java 1.8.0_281 on PORTATIL_ANITA with PID 11440 (C:\Users\Anita\Desktop\Javier\Workspace-22.0\Frameworks\Acme-Framework-22.3\target\classes started by Anita in C:\Users\Anita\Desktop\Javier\Workspace-22.0\Projects\Acme-One) 
2022-04-20 22:26:14.238 DEBUG [acme.Launcher@main] Running with Spring Boot v2.4.2, Spring v5.3.3 
2022-04-20 22:26:14.239 INFO  [acme.Launcher@main] The following profiles are active: development,default 
2022-04-20 22:26:16.353 DEBUG [org.apache.jasper.servlet.JasperInitializer@main] Initializing Jasper for context [application] 
2022-04-20 22:26:20.867 DEBUG [org.apache.jasper.servlet.JspServlet@main] Scratch dir for the JSP engine is: [C:\Users\Anita\AppData\Local\Temp\tomcat.8080.3861570030367915129\work\Tomcat\localhost\acme-one-2.0] 
2022-04-20 22:26:20.867 DEBUG [org.apache.jasper.servlet.JspServlet@main] IMPORTANT: Do not modify the generated servlets 
2022-04-20 22:26:20.878 INFO  [acme.Launcher@main] Started Launcher in 7.301 seconds (JVM running for 7.907) 
2022-04-20 22:26:20.885 DEBUG [acme.Launcher@main] Found classpath entry '/C:/Users/Anita/Desktop/Javier/Workspace-22.0/Projects/Acme-One/target/test-classes/' 
2022-04-20 22:26:20.885 DEBUG [acme.Launcher@main] Found classpath entry '/C:/Users/Anita/Desktop/Javier/Workspace-22.0/Projects/Acme-One/target/classes/' 
2022-04-20 22:26:20.885 DEBUG [acme.Launcher@main] Found classpath entry '/C:/Users/Anita/Desktop/Javier/Workspace-22.0/Frameworks/Acme-Framework-22.3/target/classes/' 
2022-04-20 22:26:20.885 DEBUG [acme.Launcher@main] Found classpath entry '/C:/Users/Anita/Desktop/Javier/Workspace-22.0/Frameworks/Acme-Framework-22.3/target/test-classes/' 
2022-04-20 22:26:20.885 DEBUG [acme.Launcher@main] Found classpath entry '/C:/Users/Anita/.m2/repository/org/springframework/boot/spring-boot-starter-tomcat/2.4.2/spring-boot-starter-tomcat-2.4.2.jar' 
2022-04-20 22:26:20.886 DEBUG [acme.Launcher@main] Found classpath entry '/C:/Users/Anita/.m2/repository/jakarta/annotation/jakarta.annotation-api/1.3.5/jakarta.annotation-api-1.3.5.jar' 
2022-04-20 22:26:20.886 DEBUG [acme.Launcher@main] Found classpath entry '/C:/Users/Anita/.m2/repository/org/apache/tomcat/embed/tomcat-embed-core/9.0.41/tomcat-embed-core-9.0.41.jar' 
2022-04-20 22:26:20.886 DEBUG [acme.Launcher@main] Found classpath entry '/C:/Users/Anita/.m2/repository/org/glassfish/jakarta.el/3.0.3/jakarta.el-3.0.3.jar' 
2022-04-20 22:26:20.886 DEBUG [acme.Launcher@main] Found classpath entry '/C:/Users/Anita/.m2/repository/org/apache/tomcat/embed/tomcat-embed-websocket/9.0.41/tomcat-embed-websocket-9.0.41.jar' 
2022-04-20 22:26:20.886 DEBUG [acme.Launcher@main] Found classpath entry '/C:/Users/Anita/.m2/repository/org/apache/tomcat/embed/tomcat-embed-jasper/9.0.41/tomcat-embed-jasper-9.0.41.jar' 
2022-04-20 22:26:20.887 DEBUG [acme.Launcher@main] Found classpath entry '/C:/Users/Anita/.m2/repository/org/apache/tomcat/embed/tomcat-embed-el/9.0.41/tomcat-embed-el-9.0.41.jar' 
2022-04-20 22:26:20.887 DEBUG [acme.Launcher@main] Found classpath entry '/C:/Users/Anita/.m2/repository/org/eclipse/jdt/ecj/3.18.0/ecj-3.18.0.jar' 
2022-04-20 22:26:20.887 DEBUG [acme.Launcher@main] Found classpath entry '/C:/Users/Anita/.m2/repository/javax/servlet/jstl/1.2/jstl-1.2.jar' 
2022-04-20 22:26:20.887 DEBUG [acme.Launcher@main] Found classpath entry '/C:/Users/Anita/.m2/repository/org/springframework/boot/spring-boot-starter-test/2.4.2/spring-boot-starter-test-2.4.2.jar' 
2022-04-20 22:26:20.887 DEBUG [acme.Launcher@main] Found classpath entry '/C:/Users/Anita/.m2/repository/org/springframework/boot/spring-boot-starter/2.4.2/spring-boot-starter-2.4.2.jar' 
2022-04-20 22:26:20.888 DEBUG [acme.Launcher@main] Found classpath entry '/C:/Users/Anita/.m2/repository/org/springframework/boot/spring-boot/2.4.2/spring-boot-2.4.2.jar' 
2022-04-20 22:26:20.888 DEBUG [acme.Launcher@main] Found classpath entry '/C:/Users/Anita/.m2/repository/org/springframework/boot/spring-boot-autoconfigure/2.4.2/spring-boot-autoconfigure-2.4.2.jar' 
2022-04-20 22:26:20.888 DEBUG [acme.Launcher@main] Found classpath entry '/C:/Users/Anita/.m2/repository/org/springframework/boot/spring-boot-starter-logging/2.4.2/spring-boot-starter-logging-2.4.2.jar' 
2022-04-20 22:26:20.888 DEBUG [acme.Launcher@main] Found classpath entry '/C:/Users/Anita/.m2/repository/ch/qos/logback/logback-classic/1.2.3/logback-classic-1.2.3.jar' 
2022-04-20 22:26:20.888 DEBUG [acme.Launcher@main] Found classpath entry '/C:/Users/Anita/.m2/repository/ch/qos/logback/logback-core/1.2.3/logback-core-1.2.3.jar' 
2022-04-20 22:26:20.889 DEBUG [acme.Launcher@main] Found classpath entry '/C:/Users/Anita/.m2/repository/org/apache/logging/log4j/log4j-to-slf4j/2.13.3/log4j-to-slf4j-2.13.3.jar' 
2022-04-20 22:26:20.889 DEBUG [acme.Launcher@main] Found classpath entry '/C:/Users/Anita/.m2/repository/org/apache/logging/log4j/log4j-api/2.13.3/log4j-api-2.13.3.jar' 
2022-04-20 22:26:20.889 DEBUG [acme.Launcher@main] Found classpath entry '/C:/Users/Anita/.m2/repository/org/slf4j/jul-to-slf4j/1.7.30/jul-to-slf4j-1.7.30.jar' 
2022-04-20 22:26:20.889 DEBUG [acme.Launcher@main] Found classpath entry '/C:/Users/Anita/.m2/repository/org/yaml/snakeyaml/1.27/snakeyaml-1.27.jar' 
2022-04-20 22:26:20.889 DEBUG [acme.Launcher@main] Found classpath entry '/C:/Users/Anita/.m2/repository/org/springframework/boot/spring-boot-test/2.4.2/spring-boot-test-2.4.2.jar' 
2022-04-20 22:26:20.890 DEBUG [acme.Launcher@main] Found classpath entry '/C:/Users/Anita/.m2/repository/org/springframework/boot/spring-boot-test-autoconfigure/2.4.2/spring-boot-test-autoconfigure-2.4.2.jar' 
2022-04-20 22:26:20.890 DEBUG [acme.Launcher@main] Found classpath entry '/C:/Users/Anita/.m2/repository/com/jayway/jsonpath/json-path/2.4.0/json-path-2.4.0.jar' 
2022-04-20 22:26:20.890 DEBUG [acme.Launcher@main] Found classpath entry '/C:/Users/Anita/.m2/repository/net/minidev/json-smart/2.3/json-smart-2.3.jar' 
2022-04-20 22:26:20.890 DEBUG [acme.Launcher@main] Found classpath entry '/C:/Users/Anita/.m2/repository/net/minidev/accessors-smart/1.2/accessors-smart-1.2.jar' 
2022-04-20 22:26:20.890 DEBUG [acme.Launcher@main] Found classpath entry '/C:/Users/Anita/.m2/repository/org/ow2/asm/asm/5.0.4/asm-5.0.4.jar' 
2022-04-20 22:26:20.891 DEBUG [acme.Launcher@main] Found classpath entry '/C:/Users/Anita/.m2/repository/jakarta/xml/bind/jakarta.xml.bind-api/2.3.3/jakarta.xml.bind-api-2.3.3.jar' 
2022-04-20 22:26:20.891 DEBUG [acme.Launcher@main] Found classpath entry '/C:/Users/Anita/.m2/repository/jakarta/activation/jakarta.activation-api/1.2.2/jakarta.activation-api-1.2.2.jar' 
2022-04-20 22:26:20.891 DEBUG [acme.Launcher@main] Found classpath entry '/C:/Users/Anita/.m2/repository/org/assertj/assertj-core/3.18.1/assertj-core-3.18.1.jar' 
2022-04-20 22:26:20.891 DEBUG [acme.Launcher@main] Found classpath entry '/C:/Users/Anita/.m2/repository/org/hamcrest/hamcrest/2.2/hamcrest-2.2.jar' 
2022-04-20 22:26:20.892 DEBUG [acme.Launcher@main] Found classpath entry '/C:/Users/Anita/.m2/repository/org/junit/jupiter/junit-jupiter/5.7.0/junit-jupiter-5.7.0.jar' 
2022-04-20 22:26:20.892 DEBUG [acme.Launcher@main] Found classpath entry '/C:/Users/Anita/.m2/repository/org/mockito/mockito-core/3.6.28/mockito-core-3.6.28.jar' 
2022-04-20 22:26:20.892 DEBUG [acme.Launcher@main] Found classpath entry '/C:/Users/Anita/.m2/repository/net/bytebuddy/byte-buddy-agent/1.10.19/byte-buddy-agent-1.10.19.jar' 
2022-04-20 22:26:20.892 DEBUG [acme.Launcher@main] Found classpath entry '/C:/Users/Anita/.m2/repository/org/objenesis/objenesis/3.1/objenesis-3.1.jar' 
2022-04-20 22:26:20.892 DEBUG [acme.Launcher@main] Found classpath entry '/C:/Users/Anita/.m2/repository/org/mockito/mockito-junit-jupiter/3.6.28/mockito-junit-jupiter-3.6.28.jar' 
2022-04-20 22:26:20.892 DEBUG [acme.Launcher@main] Found classpath entry '/C:/Users/Anita/.m2/repository/org/skyscreamer/jsonassert/1.5.0/jsonassert-1.5.0.jar' 
2022-04-20 22:26:20.893 DEBUG [acme.Launcher@main] Found classpath entry '/C:/Users/Anita/.m2/repository/com/vaadin/external/google/android-json/0.0.20131108.vaadin1/android-json-0.0.20131108.vaadin1.jar' 
2022-04-20 22:26:20.893 DEBUG [acme.Launcher@main] Found classpath entry '/C:/Users/Anita/.m2/repository/org/springframework/spring-core/5.3.3/spring-core-5.3.3.jar' 
2022-04-20 22:26:20.893 DEBUG [acme.Launcher@main] Found classpath entry '/C:/Users/Anita/.m2/repository/org/springframework/spring-jcl/5.3.3/spring-jcl-5.3.3.jar' 
2022-04-20 22:26:20.893 DEBUG [acme.Launcher@main] Found classpath entry '/C:/Users/Anita/.m2/repository/org/springframework/spring-test/5.3.3/spring-test-5.3.3.jar' 
2022-04-20 22:26:20.893 DEBUG [acme.Launcher@main] Found classpath entry '/C:/Users/Anita/.m2/repository/org/xmlunit/xmlunit-core/2.7.0/xmlunit-core-2.7.0.jar' 
2022-04-20 22:26:20.894 DEBUG [acme.Launcher@main] Found classpath entry '/C:/Users/Anita/.m2/repository/org/springframework/boot/spring-boot-starter-security/2.4.2/spring-boot-starter-security-2.4.2.jar' 
2022-04-20 22:26:20.894 DEBUG [acme.Launcher@main] Found classpath entry '/C:/Users/Anita/.m2/repository/org/springframework/spring-aop/5.3.3/spring-aop-5.3.3.jar' 
2022-04-20 22:26:20.894 DEBUG [acme.Launcher@main] Found classpath entry '/C:/Users/Anita/.m2/repository/org/springframework/security/spring-security-web/5.4.2/spring-security-web-5.4.2.jar' 
2022-04-20 22:26:20.894 DEBUG [acme.Launcher@main] Found classpath entry '/C:/Users/Anita/.m2/repository/org/springframework/security/spring-security-core/5.4.2/spring-security-core-5.4.2.jar' 
2022-04-20 22:26:20.894 DEBUG [acme.Launcher@main] Found classpath entry '/C:/Users/Anita/.m2/repository/org/springframework/spring-beans/5.3.3/spring-beans-5.3.3.jar' 
2022-04-20 22:26:20.894 DEBUG [acme.Launcher@main] Found classpath entry '/C:/Users/Anita/.m2/repository/org/springframework/spring-context/5.3.3/spring-context-5.3.3.jar' 
2022-04-20 22:26:20.894 DEBUG [acme.Launcher@main] Found classpath entry '/C:/Users/Anita/.m2/repository/org/springframework/spring-expression/5.3.3/spring-expression-5.3.3.jar' 
2022-04-20 22:26:20.895 DEBUG [acme.Launcher@main] Found classpath entry '/C:/Users/Anita/.m2/repository/org/springframework/spring-web/5.3.3/spring-web-5.3.3.jar' 
2022-04-20 22:26:20.895 DEBUG [acme.Launcher@main] Found classpath entry '/C:/Users/Anita/.m2/repository/org/springframework/security/spring-security-config/5.4.2/spring-security-config-5.4.2.jar' 
2022-04-20 22:26:20.895 DEBUG [acme.Launcher@main] Found classpath entry '/C:/Users/Anita/.m2/repository/org/springframework/security/spring-security-taglibs/5.4.2/spring-security-taglibs-5.4.2.jar' 
2022-04-20 22:26:20.895 DEBUG [acme.Launcher@main] Found classpath entry '/C:/Users/Anita/.m2/repository/org/springframework/security/spring-security-acl/5.4.2/spring-security-acl-5.4.2.jar' 
2022-04-20 22:26:20.895 DEBUG [acme.Launcher@main] Found classpath entry '/C:/Users/Anita/.m2/repository/org/springframework/spring-jdbc/5.3.3/spring-jdbc-5.3.3.jar' 
2022-04-20 22:26:20.895 DEBUG [acme.Launcher@main] Found classpath entry '/C:/Users/Anita/.m2/repository/org/springframework/spring-tx/5.3.3/spring-tx-5.3.3.jar' 
2022-04-20 22:26:20.896 DEBUG [acme.Launcher@main] Found classpath entry '/C:/Users/Anita/.m2/repository/org/springframework/boot/spring-boot-starter-web/2.4.2/spring-boot-starter-web-2.4.2.jar' 
2022-04-20 22:26:20.896 DEBUG [acme.Launcher@main] Found classpath entry '/C:/Users/Anita/.m2/repository/org/springframework/boot/spring-boot-starter-json/2.4.2/spring-boot-starter-json-2.4.2.jar' 
2022-04-20 22:26:20.896 DEBUG [acme.Launcher@main] Found classpath entry '/C:/Users/Anita/.m2/repository/com/fasterxml/jackson/core/jackson-databind/2.11.4/jackson-databind-2.11.4.jar' 
2022-04-20 22:26:20.896 DEBUG [acme.Launcher@main] Found classpath entry '/C:/Users/Anita/.m2/repository/com/fasterxml/jackson/core/jackson-annotations/2.11.4/jackson-annotations-2.11.4.jar' 
2022-04-20 22:26:20.896 DEBUG [acme.Launcher@main] Found classpath entry '/C:/Users/Anita/.m2/repository/com/fasterxml/jackson/core/jackson-core/2.11.4/jackson-core-2.11.4.jar' 
2022-04-20 22:26:20.896 DEBUG [acme.Launcher@main] Found classpath entry '/C:/Users/Anita/.m2/repository/com/fasterxml/jackson/datatype/jackson-datatype-jdk8/2.11.4/jackson-datatype-jdk8-2.11.4.jar' 
2022-04-20 22:26:20.896 DEBUG [acme.Launcher@main] Found classpath entry '/C:/Users/Anita/.m2/repository/com/fasterxml/jackson/datatype/jackson-datatype-jsr310/2.11.4/jackson-datatype-jsr310-2.11.4.jar' 
2022-04-20 22:26:20.896 DEBUG [acme.Launcher@main] Found classpath entry '/C:/Users/Anita/.m2/repository/com/fasterxml/jackson/module/jackson-module-parameter-names/2.11.4/jackson-module-parameter-names-2.11.4.jar' 
2022-04-20 22:26:20.896 DEBUG [acme.Launcher@main] Found classpath entry '/C:/Users/Anita/.m2/repository/org/springframework/spring-webmvc/5.3.3/spring-webmvc-5.3.3.jar' 
2022-04-20 22:26:20.897 DEBUG [acme.Launcher@main] Found classpath entry '/C:/Users/Anita/.m2/repository/org/apache/tiles/tiles-jsp/3.0.8/tiles-jsp-3.0.8.jar' 
2022-04-20 22:26:20.897 DEBUG [acme.Launcher@main] Found classpath entry '/C:/Users/Anita/.m2/repository/org/apache/tiles/tiles-servlet/3.0.8/tiles-servlet-3.0.8.jar' 
2022-04-20 22:26:20.897 DEBUG [acme.Launcher@main] Found classpath entry '/C:/Users/Anita/.m2/repository/org/apache/tiles/tiles-core/3.0.8/tiles-core-3.0.8.jar' 
2022-04-20 22:26:20.897 DEBUG [acme.Launcher@main] Found classpath entry '/C:/Users/Anita/.m2/repository/commons-digester/commons-digester/2.0/commons-digester-2.0.jar' 
2022-04-20 22:26:20.897 DEBUG [acme.Launcher@main] Found classpath entry '/C:/Users/Anita/.m2/repository/org/slf4j/jcl-over-slf4j/1.7.30/jcl-over-slf4j-1.7.30.jar' 
2022-04-20 22:26:20.897 DEBUG [acme.Launcher@main] Found classpath entry '/C:/Users/Anita/.m2/repository/org/apache/tiles/tiles-request-servlet/1.0.7/tiles-request-servlet-1.0.7.jar' 
2022-04-20 22:26:20.897 DEBUG [acme.Launcher@main] Found classpath entry '/C:/Users/Anita/.m2/repository/org/apache/tiles/tiles-template/3.0.8/tiles-template-3.0.8.jar' 
2022-04-20 22:26:20.897 DEBUG [acme.Launcher@main] Found classpath entry '/C:/Users/Anita/.m2/repository/org/apache/tiles/tiles-api/3.0.8/tiles-api-3.0.8.jar' 
2022-04-20 22:26:20.898 DEBUG [acme.Launcher@main] Found classpath entry '/C:/Users/Anita/.m2/repository/org/apache/tiles/tiles-autotag-core-runtime/1.2/tiles-autotag-core-runtime-1.2.jar' 
2022-04-20 22:26:20.898 DEBUG [acme.Launcher@main] Found classpath entry '/C:/Users/Anita/.m2/repository/org/slf4j/slf4j-api/1.7.30/slf4j-api-1.7.30.jar' 
2022-04-20 22:26:20.898 DEBUG [acme.Launcher@main] Found classpath entry '/C:/Users/Anita/.m2/repository/org/apache/tiles/tiles-request-jsp/1.0.7/tiles-request-jsp-1.0.7.jar' 
2022-04-20 22:26:20.898 DEBUG [acme.Launcher@main] Found classpath entry '/C:/Users/Anita/.m2/repository/org/apache/tiles/tiles-request-api/1.0.7/tiles-request-api-1.0.7.jar' 
2022-04-20 22:26:20.898 DEBUG [acme.Launcher@main] Found classpath entry '/C:/Users/Anita/.m2/repository/org/springframework/boot/spring-boot-starter-data-jpa/2.4.2/spring-boot-starter-data-jpa-2.4.2.jar' 
2022-04-20 22:26:20.898 DEBUG [acme.Launcher@main] Found classpath entry '/C:/Users/Anita/.m2/repository/org/springframework/boot/spring-boot-starter-aop/2.4.2/spring-boot-starter-aop-2.4.2.jar' 
2022-04-20 22:26:20.898 DEBUG [acme.Launcher@main] Found classpath entry '/C:/Users/Anita/.m2/repository/org/aspectj/aspectjweaver/1.9.6/aspectjweaver-1.9.6.jar' 
2022-04-20 22:26:20.898 DEBUG [acme.Launcher@main] Found classpath entry '/C:/Users/Anita/.m2/repository/org/springframework/boot/spring-boot-starter-jdbc/2.4.2/spring-boot-starter-jdbc-2.4.2.jar' 
2022-04-20 22:26:20.898 DEBUG [acme.Launcher@main] Found classpath entry '/C:/Users/Anita/.m2/repository/jakarta/transaction/jakarta.transaction-api/1.3.3/jakarta.transaction-api-1.3.3.jar' 
2022-04-20 22:26:20.899 DEBUG [acme.Launcher@main] Found classpath entry '/C:/Users/Anita/.m2/repository/jakarta/persistence/jakarta.persistence-api/2.2.3/jakarta.persistence-api-2.2.3.jar' 
2022-04-20 22:26:20.899 DEBUG [acme.Launcher@main] Found classpath entry '/C:/Users/Anita/.m2/repository/org/hibernate/hibernate-core/5.4.27.Final/hibernate-core-5.4.27.Final.jar' 
2022-04-20 22:26:20.899 DEBUG [acme.Launcher@main] Found classpath entry '/C:/Users/Anita/.m2/repository/org/jboss/logging/jboss-logging/3.4.1.Final/jboss-logging-3.4.1.Final.jar' 
2022-04-20 22:26:20.899 DEBUG [acme.Launcher@main] Found classpath entry '/C:/Users/Anita/.m2/repository/org/javassist/javassist/3.27.0-GA/javassist-3.27.0-GA.jar' 
2022-04-20 22:26:20.899 DEBUG [acme.Launcher@main] Found classpath entry '/C:/Users/Anita/.m2/repository/antlr/antlr/2.7.7/antlr-2.7.7.jar' 
2022-04-20 22:26:20.899 DEBUG [acme.Launcher@main] Found classpath entry '/C:/Users/Anita/.m2/repository/org/jboss/jandex/2.1.3.Final/jandex-2.1.3.Final.jar' 
2022-04-20 22:26:20.899 DEBUG [acme.Launcher@main] Found classpath entry '/C:/Users/Anita/.m2/repository/com/fasterxml/classmate/1.5.1/classmate-1.5.1.jar' 
2022-04-20 22:26:20.899 DEBUG [acme.Launcher@main] Found classpath entry '/C:/Users/Anita/.m2/repository/org/dom4j/dom4j/2.1.3/dom4j-2.1.3.jar' 
2022-04-20 22:26:20.899 DEBUG [acme.Launcher@main] Found classpath entry '/C:/Users/Anita/.m2/repository/org/hibernate/common/hibernate-commons-annotations/5.1.2.Final/hibernate-commons-annotations-5.1.2.Final.jar' 
2022-04-20 22:26:20.900 DEBUG [acme.Launcher@main] Found classpath entry '/C:/Users/Anita/.m2/repository/org/glassfish/jaxb/jaxb-runtime/2.3.3/jaxb-runtime-2.3.3.jar' 
2022-04-20 22:26:20.900 DEBUG [acme.Launcher@main] Found classpath entry '/C:/Users/Anita/.m2/repository/org/glassfish/jaxb/txw2/2.3.3/txw2-2.3.3.jar' 
2022-04-20 22:26:20.900 DEBUG [acme.Launcher@main] Found classpath entry '/C:/Users/Anita/.m2/repository/com/sun/istack/istack-commons-runtime/3.0.11/istack-commons-runtime-3.0.11.jar' 
2022-04-20 22:26:20.900 DEBUG [acme.Launcher@main] Found classpath entry '/C:/Users/Anita/.m2/repository/com/sun/activation/jakarta.activation/1.2.2/jakarta.activation-1.2.2.jar' 
2022-04-20 22:26:20.900 DEBUG [acme.Launcher@main] Found classpath entry '/C:/Users/Anita/.m2/repository/org/springframework/data/spring-data-jpa/2.4.3/spring-data-jpa-2.4.3.jar' 
2022-04-20 22:26:20.900 DEBUG [acme.Launcher@main] Found classpath entry '/C:/Users/Anita/.m2/repository/org/springframework/data/spring-data-commons/2.4.3/spring-data-commons-2.4.3.jar' 
2022-04-20 22:26:20.900 DEBUG [acme.Launcher@main] Found classpath entry '/C:/Users/Anita/.m2/repository/org/springframework/spring-orm/5.3.3/spring-orm-5.3.3.jar' 
2022-04-20 22:26:20.900 DEBUG [acme.Launcher@main] Found classpath entry '/C:/Users/Anita/.m2/repository/org/springframework/spring-aspects/5.3.3/spring-aspects-5.3.3.jar' 
2022-04-20 22:26:20.901 DEBUG [acme.Launcher@main] Found classpath entry '/C:/Users/Anita/.m2/repository/org/springframework/boot/spring-boot-starter-validation/2.4.2/spring-boot-starter-validation-2.4.2.jar' 
2022-04-20 22:26:20.901 DEBUG [acme.Launcher@main] Found classpath entry '/C:/Users/Anita/.m2/repository/org/hibernate/validator/hibernate-validator/6.1.7.Final/hibernate-validator-6.1.7.Final.jar' 
2022-04-20 22:26:20.901 DEBUG [acme.Launcher@main] Found classpath entry '/C:/Users/Anita/.m2/repository/jakarta/validation/jakarta.validation-api/2.0.2/jakarta.validation-api-2.0.2.jar' 
2022-04-20 22:26:20.901 DEBUG [acme.Launcher@main] Found classpath entry '/C:/Users/Anita/.m2/repository/mysql/mysql-connector-java/8.0.22/mysql-connector-java-8.0.22.jar' 
2022-04-20 22:26:20.901 DEBUG [acme.Launcher@main] Found classpath entry '/C:/Users/Anita/.m2/repository/com/zaxxer/HikariCP/3.4.5/HikariCP-3.4.5.jar' 
2022-04-20 22:26:20.901 DEBUG [acme.Launcher@main] Found classpath entry '/C:/Users/Anita/.m2/repository/org/junit/jupiter/junit-jupiter-engine/5.7.0/junit-jupiter-engine-5.7.0.jar' 
2022-04-20 22:26:20.901 DEBUG [acme.Launcher@main] Found classpath entry '/C:/Users/Anita/.m2/repository/org/apiguardian/apiguardian-api/1.1.0/apiguardian-api-1.1.0.jar' 
2022-04-20 22:26:20.901 DEBUG [acme.Launcher@main] Found classpath entry '/C:/Users/Anita/.m2/repository/org/junit/platform/junit-platform-engine/1.7.0/junit-platform-engine-1.7.0.jar' 
2022-04-20 22:26:20.901 DEBUG [acme.Launcher@main] Found classpath entry '/C:/Users/Anita/.m2/repository/org/junit/jupiter/junit-jupiter-api/5.7.0/junit-jupiter-api-5.7.0.jar' 
2022-04-20 22:26:20.902 DEBUG [acme.Launcher@main] Found classpath entry '/C:/Users/Anita/.m2/repository/org/opentest4j/opentest4j/1.2.0/opentest4j-1.2.0.jar' 
2022-04-20 22:26:20.902 DEBUG [acme.Launcher@main] Found classpath entry '/C:/Users/Anita/.m2/repository/org/junit/platform/junit-platform-commons/1.7.0/junit-platform-commons-1.7.0.jar' 
2022-04-20 22:26:20.902 DEBUG [acme.Launcher@main] Found classpath entry '/C:/Users/Anita/.m2/repository/org/junit/jupiter/junit-jupiter-params/5.7.0/junit-jupiter-params-5.7.0.jar' 
2022-04-20 22:26:20.902 DEBUG [acme.Launcher@main] Found classpath entry '/C:/Users/Anita/.m2/repository/org/junit/platform/junit-platform-launcher/1.7.0/junit-platform-launcher-1.7.0.jar' 
2022-04-20 22:26:20.902 DEBUG [acme.Launcher@main] Found classpath entry '/C:/Users/Anita/.m2/repository/org/seleniumhq/selenium/selenium-java/3.141.59/selenium-java-3.141.59.jar' 
2022-04-20 22:26:20.902 DEBUG [acme.Launcher@main] Found classpath entry '/C:/Users/Anita/.m2/repository/org/seleniumhq/selenium/selenium-api/3.141.59/selenium-api-3.141.59.jar' 
2022-04-20 22:26:20.902 DEBUG [acme.Launcher@main] Found classpath entry '/C:/Users/Anita/.m2/repository/org/seleniumhq/selenium/selenium-chrome-driver/3.141.59/selenium-chrome-driver-3.141.59.jar' 
2022-04-20 22:26:20.902 DEBUG [acme.Launcher@main] Found classpath entry '/C:/Users/Anita/.m2/repository/org/seleniumhq/selenium/selenium-edge-driver/3.141.59/selenium-edge-driver-3.141.59.jar' 
2022-04-20 22:26:20.902 DEBUG [acme.Launcher@main] Found classpath entry '/C:/Users/Anita/.m2/repository/org/seleniumhq/selenium/selenium-firefox-driver/3.141.59/selenium-firefox-driver-3.141.59.jar' 
2022-04-20 22:26:20.903 DEBUG [acme.Launcher@main] Found classpath entry '/C:/Users/Anita/.m2/repository/org/seleniumhq/selenium/selenium-ie-driver/3.141.59/selenium-ie-driver-3.141.59.jar' 
2022-04-20 22:26:20.903 DEBUG [acme.Launcher@main] Found classpath entry '/C:/Users/Anita/.m2/repository/org/seleniumhq/selenium/selenium-opera-driver/3.141.59/selenium-opera-driver-3.141.59.jar' 
2022-04-20 22:26:20.903 DEBUG [acme.Launcher@main] Found classpath entry '/C:/Users/Anita/.m2/repository/org/seleniumhq/selenium/selenium-remote-driver/3.141.59/selenium-remote-driver-3.141.59.jar' 
2022-04-20 22:26:20.903 DEBUG [acme.Launcher@main] Found classpath entry '/C:/Users/Anita/.m2/repository/org/seleniumhq/selenium/selenium-safari-driver/3.141.59/selenium-safari-driver-3.141.59.jar' 
2022-04-20 22:26:20.903 DEBUG [acme.Launcher@main] Found classpath entry '/C:/Users/Anita/.m2/repository/org/seleniumhq/selenium/selenium-support/3.141.59/selenium-support-3.141.59.jar' 
2022-04-20 22:26:20.903 DEBUG [acme.Launcher@main] Found classpath entry '/C:/Users/Anita/.m2/repository/net/bytebuddy/byte-buddy/1.10.19/byte-buddy-1.10.19.jar' 
2022-04-20 22:26:20.903 DEBUG [acme.Launcher@main] Found classpath entry '/C:/Users/Anita/.m2/repository/org/apache/commons/commons-exec/1.3/commons-exec-1.3.jar' 
2022-04-20 22:26:20.903 DEBUG [acme.Launcher@main] Found classpath entry '/C:/Users/Anita/.m2/repository/com/google/guava/guava/25.0-jre/guava-25.0-jre.jar' 
2022-04-20 22:26:20.903 DEBUG [acme.Launcher@main] Found classpath entry '/C:/Users/Anita/.m2/repository/com/google/code/findbugs/jsr305/1.3.9/jsr305-1.3.9.jar' 
2022-04-20 22:26:20.903 DEBUG [acme.Launcher@main] Found classpath entry '/C:/Users/Anita/.m2/repository/org/checkerframework/checker-compat-qual/2.0.0/checker-compat-qual-2.0.0.jar' 
2022-04-20 22:26:20.903 DEBUG [acme.Launcher@main] Found classpath entry '/C:/Users/Anita/.m2/repository/com/google/errorprone/error_prone_annotations/2.1.3/error_prone_annotations-2.1.3.jar' 
2022-04-20 22:26:20.904 DEBUG [acme.Launcher@main] Found classpath entry '/C:/Users/Anita/.m2/repository/com/google/j2objc/j2objc-annotations/1.1/j2objc-annotations-1.1.jar' 
2022-04-20 22:26:20.904 DEBUG [acme.Launcher@main] Found classpath entry '/C:/Users/Anita/.m2/repository/org/codehaus/mojo/animal-sniffer-annotations/1.14/animal-sniffer-annotations-1.14.jar' 
2022-04-20 22:26:20.904 DEBUG [acme.Launcher@main] Found classpath entry '/C:/Users/Anita/.m2/repository/com/squareup/okhttp3/okhttp/3.14.9/okhttp-3.14.9.jar' 
2022-04-20 22:26:20.904 DEBUG [acme.Launcher@main] Found classpath entry '/C:/Users/Anita/.m2/repository/com/squareup/okio/okio/1.14.0/okio-1.14.0.jar' 
2022-04-20 22:26:20.904 DEBUG [acme.Launcher@main] Found classpath entry '/C:/Users/Anita/.m2/repository/org/apache/commons/commons-lang3/3.11/commons-lang3-3.11.jar' 
2022-04-20 22:26:20.904 DEBUG [acme.Launcher@main] Found classpath entry '/C:/Users/Anita/.m2/repository/org/apache/commons/commons-text/1.8/commons-text-1.8.jar' 
2022-04-20 22:26:20.904 DEBUG [acme.Launcher@main] Found classpath entry '/C:/Users/Anita/.m2/repository/commons-io/commons-io/2.6/commons-io-2.6.jar' 
2022-04-20 22:26:20.904 DEBUG [acme.Launcher@main] Found classpath entry '/C:/Users/Anita/.m2/repository/commons-cli/commons-cli/1.4/commons-cli-1.4.jar' 
2022-04-20 22:26:20.904 DEBUG [acme.Launcher@main] Found classpath entry '/C:/Users/Anita/.m2/repository/org/projectlombok/lombok/1.18.16/lombok-1.18.16.jar' 
2022-04-20 22:26:20.904 DEBUG [acme.Launcher@main] Found classpath entry '/C:/Users/Anita/.m2/repository/com/opencsv/opencsv/5.4/opencsv-5.4.jar' 
2022-04-20 22:26:20.904 DEBUG [acme.Launcher@main] Found classpath entry '/C:/Users/Anita/.m2/repository/commons-beanutils/commons-beanutils/1.9.4/commons-beanutils-1.9.4.jar' 
2022-04-20 22:26:20.904 DEBUG [acme.Launcher@main] Found classpath entry '/C:/Users/Anita/.m2/repository/commons-logging/commons-logging/1.2/commons-logging-1.2.jar' 
2022-04-20 22:26:20.904 DEBUG [acme.Launcher@main] Found classpath entry '/C:/Users/Anita/.m2/repository/commons-collections/commons-collections/3.2.2/commons-collections-3.2.2.jar' 
2022-04-20 22:26:20.905 DEBUG [acme.Launcher@main] Found classpath entry '/C:/Users/Anita/.m2/repository/org/apache/commons/commons-collections4/4.4/commons-collections4-4.4.jar' 
2022-04-20 22:26:20.957 DEBUG [acme.Launcher@main] Found entity class 'acme.entities.Announcement 
2022-04-20 22:26:20.957 DEBUG [acme.Launcher@main] Found entity class 'acme.entities.Chirp 
2022-04-20 22:26:20.957 DEBUG [acme.Launcher@main] Found entity class 'acme.entities.Item 
2022-04-20 22:26:20.957 DEBUG [acme.Launcher@main] Found entity class 'acme.entities.Patronage 
2022-04-20 22:26:20.957 DEBUG [acme.Launcher@main] Found entity class 'acme.entities.PatronageReport 
2022-04-20 22:26:20.957 DEBUG [acme.Launcher@main] Found entity class 'acme.entities.Quantity 
2022-04-20 22:26:20.957 DEBUG [acme.Launcher@main] Found entity class 'acme.entities.Toolkit 
2022-04-20 22:26:20.957 DEBUG [acme.Launcher@main] Found entity class 'acme.roles.Consumer 
2022-04-20 22:26:20.957 DEBUG [acme.Launcher@main] Found entity class 'acme.roles.Inventor 
2022-04-20 22:26:20.957 DEBUG [acme.Launcher@main] Found entity class 'acme.roles.Patron 
2022-04-20 22:26:20.957 DEBUG [acme.Launcher@main] Found entity class 'acme.roles.Provider 
2022-04-20 22:26:20.957 DEBUG [acme.Launcher@main] Found entity class 'acme.framework.entities.UserAccount 
2022-04-20 22:26:20.958 DEBUG [acme.Launcher@main] Found entity class 'acme.framework.roles.Administrator 
2022-04-20 22:26:20.958 DEBUG [acme.Launcher@main] Found entity class 'acme.framework.roles.Anonymous 
2022-04-20 22:26:20.958 DEBUG [acme.Launcher@main] Found entity class 'acme.framework.roles.Any 
2022-04-20 22:26:20.958 DEBUG [acme.Launcher@main] Found entity class 'acme.framework.roles.Authenticated 
2022-04-20 22:26:20.962 INFO  [acme.Launcher@main] Running application (Standalone) 
2022-04-20 22:26:41.169 DEBUG [acme.framework.components.tiles.DynamicTilesView@http-nio-8080-exec-1] View name 'fragments/welcome', model {} 
2022-04-20 22:26:41.186 DEBUG [org.apache.tiles.definition.dao.BaseLocaleUrlDefinitionDAO@http-nio-8080-exec-1] File Resource file:/C:/Users/Anita/Desktop/Javier/Workspace-22.0/Projects/Acme-One/target/classes/WEB-INF/views/master/tiles_es.xml at file:/C:/Users/Anita/Desktop/Javier/Workspace-22.0/Projects/Acme-One/target/classes/WEB-INF/views/master/tiles_es.xml not found, continue 
2022-04-20 22:26:41.195 DEBUG [org.apache.jasper.servlet.JspServlet@http-nio-8080-exec-1] JspEngine --> /WEB-INF/views/master/page.jsp 
2022-04-20 22:26:41.195 DEBUG [org.apache.jasper.servlet.JspServlet@http-nio-8080-exec-1] ServletPath: /WEB-INF/views/master/page.jsp 
2022-04-20 22:26:41.196 DEBUG [org.apache.jasper.servlet.JspServlet@http-nio-8080-exec-1] PathInfo: null 
2022-04-20 22:26:41.198 DEBUG [org.apache.jasper.servlet.JspServlet@http-nio-8080-exec-1] RealPath: C:\Users\Anita\Desktop\Javier\Workspace-22.0\Projects\Acme-One\target\classes\WEB-INF\views\master\page.jsp 
2022-04-20 22:26:41.199 DEBUG [org.apache.jasper.servlet.JspServlet@http-nio-8080-exec-1] RequestURI: /acme-one-2.0/WEB-INF/views/master/page.jsp 
2022-04-20 22:26:41.200 DEBUG [org.apache.jasper.servlet.JspServlet@http-nio-8080-exec-1] QueryString: null 
2022-04-20 22:26:44.827 DEBUG [acme.framework.configuration.ExtendedMessageSource@http-nio-8080-exec-1] Loading properties [C:\Users\Anita\Desktop\Javier\Workspace-22.0\Projects\Acme-One\target\classes\WEB-INF\views\administrator\user-account\messages-en.i18n] with encoding 'utf-8' 
2022-04-20 22:26:44.829 DEBUG [acme.framework.configuration.ExtendedMessageSource@http-nio-8080-exec-1] Loading properties [C:\Users\Anita\Desktop\Javier\Workspace-22.0\Projects\Acme-One\target\classes\WEB-INF\views\authenticated\consumer\messsages-en.i18n] with encoding 'utf-8' 
2022-04-20 22:26:44.829 DEBUG [acme.framework.configuration.ExtendedMessageSource@http-nio-8080-exec-1] Loading properties [C:\Users\Anita\Desktop\Javier\Workspace-22.0\Projects\Acme-One\target\classes\WEB-INF\views\authenticated\provider\messsages-en.i18n] with encoding 'utf-8' 
2022-04-20 22:26:44.830 DEBUG [acme.framework.configuration.ExtendedMessageSource@http-nio-8080-exec-1] Loading properties [C:\Users\Anita\Desktop\Javier\Workspace-22.0\Projects\Acme-One\target\classes\WEB-INF\views\fragments\banner-en.i18n] with encoding 'utf-8' 
2022-04-20 22:26:44.830 DEBUG [acme.framework.configuration.ExtendedMessageSource@http-nio-8080-exec-1] Loading properties [C:\Users\Anita\Desktop\Javier\Workspace-22.0\Projects\Acme-One\target\classes\WEB-INF\views\fragments\company-en.i18n] with encoding 'utf-8' 
2022-04-20 22:26:44.831 DEBUG [acme.framework.configuration.ExtendedMessageSource@http-nio-8080-exec-1] Loading properties [C:\Users\Anita\Desktop\Javier\Workspace-22.0\Projects\Acme-One\target\classes\WEB-INF\views\fragments\footer-en.i18n] with encoding 'utf-8' 
2022-04-20 22:26:44.832 DEBUG [acme.framework.configuration.ExtendedMessageSource@http-nio-8080-exec-1] Loading properties [C:\Users\Anita\Desktop\Javier\Workspace-22.0\Projects\Acme-One\target\classes\WEB-INF\views\fragments\license-en.i18n] with encoding 'utf-8' 
2022-04-20 22:26:44.833 DEBUG [acme.framework.configuration.ExtendedMessageSource@http-nio-8080-exec-1] Loading properties [C:\Users\Anita\Desktop\Javier\Workspace-22.0\Projects\Acme-One\target\classes\WEB-INF\views\fragments\menu-en.i18n] with encoding 'utf-8' 
2022-04-20 22:26:44.834 DEBUG [acme.framework.configuration.ExtendedMessageSource@http-nio-8080-exec-1] Loading properties [C:\Users\Anita\Desktop\Javier\Workspace-22.0\Projects\Acme-One\target\classes\WEB-INF\views\fragments\messsages-en.i18n] with encoding 'utf-8' 
2022-04-20 22:26:44.835 DEBUG [acme.framework.configuration.ExtendedMessageSource@http-nio-8080-exec-1] Loading properties [C:\Users\Anita\Desktop\Javier\Workspace-22.0\Projects\Acme-One\target\classes\WEB-INF\views\fragments\title-en.i18n] with encoding 'utf-8' 
2022-04-20 22:26:44.835 DEBUG [acme.framework.configuration.ExtendedMessageSource@http-nio-8080-exec-1] Loading properties [C:\Users\Anita\Desktop\Javier\Workspace-22.0\Projects\Acme-One\target\classes\WEB-INF\views\fragments\welcome-en.i18n] with encoding 'utf-8' 
2022-04-20 22:26:44.836 DEBUG [acme.framework.configuration.ExtendedMessageSource@http-nio-8080-exec-1] Loading properties [C:\Users\Anita\Desktop\Javier\Workspace-22.0\Projects\Acme-One\target\classes\WEB-INF\views\inventor\item\messsages-en.i18n] with encoding 'utf-8' 
2022-04-20 22:26:44.837 DEBUG [acme.framework.configuration.ExtendedMessageSource@http-nio-8080-exec-1] Loading properties [C:\Users\Anita\Desktop\Javier\Workspace-22.0\Projects\Acme-One\target\classes\WEB-INF\views\inventor\patronage\messsages-en.i18n] with encoding 'utf-8' 
2022-04-20 22:26:44.838 DEBUG [acme.framework.configuration.ExtendedMessageSource@http-nio-8080-exec-1] Loading properties [C:\Users\Anita\Desktop\Javier\Workspace-22.0\Projects\Acme-One\target\classes\WEB-INF\views\inventor\patronage-report\messsages-en.i18n] with encoding 'utf-8' 
2022-04-20 22:26:44.839 DEBUG [acme.framework.configuration.ExtendedMessageSource@http-nio-8080-exec-1] Loading properties [C:\Users\Anita\Desktop\Javier\Workspace-22.0\Projects\Acme-One\target\classes\WEB-INF\views\inventor\toolkit\messsages-en.i18n] with encoding 'utf-8' 
2022-04-20 22:26:44.839 DEBUG [acme.framework.configuration.ExtendedMessageSource@http-nio-8080-exec-1] Loading properties [C:\Users\Anita\Desktop\Javier\Workspace-22.0\Projects\Acme-One\target\classes\WEB-INF\views\master\defaults-en.i18n] with encoding 'utf-8' 
2022-04-20 22:26:44.840 DEBUG [acme.framework.configuration.ExtendedMessageSource@http-nio-8080-exec-1] Loading properties [C:\Users\Anita\Desktop\Javier\Workspace-22.0\Projects\Acme-One\target\classes\WEB-INF\views\master\master-en.i18n] with encoding 'utf-8' 
2022-04-20 22:26:44.841 DEBUG [acme.framework.configuration.ExtendedMessageSource@http-nio-8080-exec-1] Loading properties [C:\Users\Anita\Desktop\Javier\Workspace-22.0\Projects\Acme-One\target\classes\WEB-INF\views\master\throwables-en.i18n] with encoding 'utf-8' 
2022-04-20 22:26:44.841 DEBUG [acme.framework.configuration.ExtendedMessageSource@http-nio-8080-exec-1] Loading properties [C:\Users\Anita\Desktop\Javier\Workspace-22.0\Projects\Acme-One\target\classes\WEB-INF\views\master\validation-en.i18n] with encoding 'utf-8' 
2022-04-20 22:26:44.842 DEBUG [acme.framework.configuration.ExtendedMessageSource@http-nio-8080-exec-1] Loading properties [C:\Users\Anita\Desktop\Javier\Workspace-22.0\Projects\Acme-One\target\classes\WEB-INF\views\patron\inventor\messsages-en.i18n] with encoding 'utf-8' 
2022-04-20 22:26:44.843 DEBUG [acme.framework.configuration.ExtendedMessageSource@http-nio-8080-exec-1] Loading properties [C:\Users\Anita\Desktop\Javier\Workspace-22.0\Projects\Acme-One\target\classes\WEB-INF\views\patron\patronage\messsages-en.i18n] with encoding 'utf-8' 
2022-04-20 22:26:44.844 DEBUG [acme.framework.configuration.ExtendedMessageSource@http-nio-8080-exec-1] Loading properties [C:\Users\Anita\Desktop\Javier\Workspace-22.0\Projects\Acme-One\target\classes\WEB-INF\views\patron\patronage-report\messsages-en.i18n] with encoding 'utf-8' 
2022-04-20 22:26:44.852 DEBUG [acme.framework.configuration.ExtendedMessageSource@http-nio-8080-exec-1] Loading properties [C:\Users\Anita\Desktop\Javier\Workspace-22.0\Projects\Acme-One\target\classes\WEB-INF\views\administrator\user-account\messages-es.i18n] with encoding 'utf-8' 
2022-04-20 22:26:44.853 DEBUG [acme.framework.configuration.ExtendedMessageSource@http-nio-8080-exec-1] Loading properties [C:\Users\Anita\Desktop\Javier\Workspace-22.0\Projects\Acme-One\target\classes\WEB-INF\views\authenticated\consumer\messsages-es.i18n] with encoding 'utf-8' 
2022-04-20 22:26:44.853 DEBUG [acme.framework.configuration.ExtendedMessageSource@http-nio-8080-exec-1] Loading properties [C:\Users\Anita\Desktop\Javier\Workspace-22.0\Projects\Acme-One\target\classes\WEB-INF\views\authenticated\provider\messsages-es.i18n] with encoding 'utf-8' 
2022-04-20 22:26:44.853 DEBUG [acme.framework.configuration.ExtendedMessageSource@http-nio-8080-exec-1] Loading properties [C:\Users\Anita\Desktop\Javier\Workspace-22.0\Projects\Acme-One\target\classes\WEB-INF\views\fragments\banner-es.i18n] with encoding 'utf-8' 
2022-04-20 22:26:44.854 DEBUG [acme.framework.configuration.ExtendedMessageSource@http-nio-8080-exec-1] Loading properties [C:\Users\Anita\Desktop\Javier\Workspace-22.0\Projects\Acme-One\target\classes\WEB-INF\views\fragments\company-es.i18n] with encoding 'utf-8' 
2022-04-20 22:26:44.854 DEBUG [acme.framework.configuration.ExtendedMessageSource@http-nio-8080-exec-1] Loading properties [C:\Users\Anita\Desktop\Javier\Workspace-22.0\Projects\Acme-One\target\classes\WEB-INF\views\fragments\footer-es.i18n] with encoding 'utf-8' 
2022-04-20 22:26:44.855 DEBUG [acme.framework.configuration.ExtendedMessageSource@http-nio-8080-exec-1] Loading properties [C:\Users\Anita\Desktop\Javier\Workspace-22.0\Projects\Acme-One\target\classes\WEB-INF\views\fragments\license-es.i18n] with encoding 'utf-8' 
2022-04-20 22:26:44.855 DEBUG [acme.framework.configuration.ExtendedMessageSource@http-nio-8080-exec-1] Loading properties [C:\Users\Anita\Desktop\Javier\Workspace-22.0\Projects\Acme-One\target\classes\WEB-INF\views\fragments\menu-es.i18n] with encoding 'utf-8' 
2022-04-20 22:26:44.856 DEBUG [acme.framework.configuration.ExtendedMessageSource@http-nio-8080-exec-1] Loading properties [C:\Users\Anita\Desktop\Javier\Workspace-22.0\Projects\Acme-One\target\classes\WEB-INF\views\fragments\messsages-es.i18n] with encoding 'utf-8' 
2022-04-20 22:26:44.857 DEBUG [acme.framework.configuration.ExtendedMessageSource@http-nio-8080-exec-1] Loading properties [C:\Users\Anita\Desktop\Javier\Workspace-22.0\Projects\Acme-One\target\classes\WEB-INF\views\fragments\title-es.i18n] with encoding 'utf-8' 
2022-04-20 22:26:44.857 DEBUG [acme.framework.configuration.ExtendedMessageSource@http-nio-8080-exec-1] Loading properties [C:\Users\Anita\Desktop\Javier\Workspace-22.0\Projects\Acme-One\target\classes\WEB-INF\views\fragments\welcome-es.i18n] with encoding 'utf-8' 
2022-04-20 22:26:44.858 DEBUG [acme.framework.configuration.ExtendedMessageSource@http-nio-8080-exec-1] Loading properties [C:\Users\Anita\Desktop\Javier\Workspace-22.0\Projects\Acme-One\target\classes\WEB-INF\views\inventor\item\messsages-es.i18n] with encoding 'utf-8' 
2022-04-20 22:26:44.858 DEBUG [acme.framework.configuration.ExtendedMessageSource@http-nio-8080-exec-1] Loading properties [C:\Users\Anita\Desktop\Javier\Workspace-22.0\Projects\Acme-One\target\classes\WEB-INF\views\inventor\patronage\messsages-es.i18n] with encoding 'utf-8' 
2022-04-20 22:26:44.859 DEBUG [acme.framework.configuration.ExtendedMessageSource@http-nio-8080-exec-1] Loading properties [C:\Users\Anita\Desktop\Javier\Workspace-22.0\Projects\Acme-One\target\classes\WEB-INF\views\inventor\patronage-report\messsages-es.i18n] with encoding 'utf-8' 
2022-04-20 22:26:44.859 DEBUG [acme.framework.configuration.ExtendedMessageSource@http-nio-8080-exec-1] Loading properties [C:\Users\Anita\Desktop\Javier\Workspace-22.0\Projects\Acme-One\target\classes\WEB-INF\views\inventor\toolkit\messsages-es.i18n] with encoding 'utf-8' 
2022-04-20 22:26:44.860 DEBUG [acme.framework.configuration.ExtendedMessageSource@http-nio-8080-exec-1] Loading properties [C:\Users\Anita\Desktop\Javier\Workspace-22.0\Projects\Acme-One\target\classes\WEB-INF\views\master\defaults-es.i18n] with encoding 'utf-8' 
2022-04-20 22:26:44.861 DEBUG [acme.framework.configuration.ExtendedMessageSource@http-nio-8080-exec-1] Loading properties [C:\Users\Anita\Desktop\Javier\Workspace-22.0\Projects\Acme-One\target\classes\WEB-INF\views\master\master-es.i18n] with encoding 'utf-8' 
2022-04-20 22:26:44.861 DEBUG [acme.framework.configuration.ExtendedMessageSource@http-nio-8080-exec-1] Loading properties [C:\Users\Anita\Desktop\Javier\Workspace-22.0\Projects\Acme-One\target\classes\WEB-INF\views\master\throwables-es.i18n] with encoding 'utf-8' 
2022-04-20 22:26:44.862 DEBUG [acme.framework.configuration.ExtendedMessageSource@http-nio-8080-exec-1] Loading properties [C:\Users\Anita\Desktop\Javier\Workspace-22.0\Projects\Acme-One\target\classes\WEB-INF\views\master\validation-es.i18n] with encoding 'utf-8' 
2022-04-20 22:26:44.862 DEBUG [acme.framework.configuration.ExtendedMessageSource@http-nio-8080-exec-1] Loading properties [C:\Users\Anita\Desktop\Javier\Workspace-22.0\Projects\Acme-One\target\classes\WEB-INF\views\patron\inventor\messsages-es.i18n] with encoding 'utf-8' 
2022-04-20 22:26:44.863 DEBUG [acme.framework.configuration.ExtendedMessageSource@http-nio-8080-exec-1] Loading properties [C:\Users\Anita\Desktop\Javier\Workspace-22.0\Projects\Acme-One\target\classes\WEB-INF\views\patron\patronage\messsages-es.i18n] with encoding 'utf-8' 
2022-04-20 22:26:44.864 DEBUG [acme.framework.configuration.ExtendedMessageSource@http-nio-8080-exec-1] Loading properties [C:\Users\Anita\Desktop\Javier\Workspace-22.0\Projects\Acme-One\target\classes\WEB-INF\views\patron\patronage-report\messsages-es.i18n] with encoding 'utf-8' 
2022-04-20 22:26:44.987 DEBUG [org.apache.jasper.servlet.JspServlet@http-nio-8080-exec-1] JspEngine --> /WEB-INF/views/fragments/welcome.jsp 
2022-04-20 22:26:44.988 DEBUG [org.apache.jasper.servlet.JspServlet@http-nio-8080-exec-1] ServletPath: /WEB-INF/views/master/page.jsp 
2022-04-20 22:26:44.988 DEBUG [org.apache.jasper.servlet.JspServlet@http-nio-8080-exec-1] PathInfo: null 
2022-04-20 22:26:44.990 DEBUG [org.apache.jasper.servlet.JspServlet@http-nio-8080-exec-1] RealPath: C:\Users\Anita\Desktop\Javier\Workspace-22.0\Projects\Acme-One\target\classes\WEB-INF\views\fragments\welcome.jsp 
2022-04-20 22:26:44.990 DEBUG [org.apache.jasper.servlet.JspServlet@http-nio-8080-exec-1] RequestURI: /acme-one-2.0/WEB-INF/views/master/page.jsp 
2022-04-20 22:26:44.990 DEBUG [org.apache.jasper.servlet.JspServlet@http-nio-8080-exec-1] QueryString: null 
2022-04-20 22:26:45.276 DEBUG [org.hibernate.SQL@http-nio-8080-exec-1] select useraccoun0_.id as id1_0_, useraccoun0_.version as version2_0_, useraccoun0_.enabled as enabled1_16_, useraccoun0_.identity as identity2_16_, useraccoun0_.password as password3_16_, useraccoun0_.username as username4_16_ from user_account useraccoun0_ where useraccoun0_.username=? 
2022-04-20 22:26:45.296 TRACE [org.hibernate.type.descriptor.sql.BasicBinder@http-nio-8080-exec-1] binding parameter [1] as [VARCHAR] - [anonymous] 
2022-04-20 22:26:45.344 DEBUG [org.hibernate.SQL@http-nio-8080-exec-1] select roles0_.user_account_id as user_acc1_17_0_, roles0_.id as id1_17_0_, roles0_.id as id1_0_1_, roles0_.version as version2_0_1_, roles0_.user_account_id as user_acc1_17_1_, roles0_.company as company1_7_1_, roles0_.sector as sector2_7_1_, roles0_.company as company1_8_1_, roles0_.link as link2_8_1_, roles0_.statement as statemen3_8_1_, roles0_.company as company1_10_1_, roles0_.link as link2_10_1_, roles0_.statement as statemen3_10_1_, roles0_.company as company1_13_1_, roles0_.sector as sector2_13_1_, roles0_.clazz_ as clazz_1_ from ( select id, version, user_account_id, company, sector, null as link, null as statement, 9 as clazz_ from consumer union all select id, version, user_account_id, company, null as sector, link, statement, 10 as clazz_ from inventor union all select id, version, user_account_id, company, null as sector, link, statement, 11 as clazz_ from patron union all select id, version, user_account_id, company, sector, null as link, null as statement, 12 as clazz_ from provider union all select id, version, user_account_id, null as company, null as sector, null as link, null as statement, 14 as clazz_ from administrator union all select id, version, user_account_id, null as company, null as sector, null as link, null as statement, 15 as clazz_ from anonymous union all select id, version, user_account_id, null as company, null as sector, null as link, null as statement, 16 as clazz_ from any union all select id, version, user_account_id, null as company, null as sector, null as link, null as statement, 17 as clazz_ from authenticated ) roles0_ where roles0_.user_account_id=? 
2022-04-20 22:26:45.344 TRACE [org.hibernate.type.descriptor.sql.BasicBinder@http-nio-8080-exec-1] binding parameter [1] as [INTEGER] - [1] 
2022-04-20 22:26:47.675 DEBUG [acme.framework.components.tiles.DynamicTilesView@http-nio-8080-exec-5] View name 'master/sign-in', model {username=, password=, remember=false} 
2022-04-20 22:26:47.677 DEBUG [org.apache.jasper.servlet.JspServlet@http-nio-8080-exec-5] JspEngine --> /WEB-INF/views/master/page.jsp 
2022-04-20 22:26:47.678 DEBUG [org.apache.jasper.servlet.JspServlet@http-nio-8080-exec-5] ServletPath: /WEB-INF/views/master/page.jsp 
2022-04-20 22:26:47.678 DEBUG [org.apache.jasper.servlet.JspServlet@http-nio-8080-exec-5] PathInfo: null 
2022-04-20 22:26:47.681 DEBUG [org.apache.jasper.servlet.JspServlet@http-nio-8080-exec-5] RealPath: C:\Users\Anita\Desktop\Javier\Workspace-22.0\Projects\Acme-One\target\classes\WEB-INF\views\master\page.jsp 
2022-04-20 22:26:47.682 DEBUG [org.apache.jasper.servlet.JspServlet@http-nio-8080-exec-5] RequestURI: /acme-one-2.0/WEB-INF/views/master/page.jsp 
2022-04-20 22:26:47.683 DEBUG [org.apache.jasper.servlet.JspServlet@http-nio-8080-exec-5] QueryString: null 
2022-04-20 22:26:47.768 DEBUG [org.apache.jasper.servlet.JspServlet@http-nio-8080-exec-5] JspEngine --> /WEB-INF/views/master/sign-in.jsp 
2022-04-20 22:26:47.768 DEBUG [org.apache.jasper.servlet.JspServlet@http-nio-8080-exec-5] ServletPath: /WEB-INF/views/master/page.jsp 
2022-04-20 22:26:47.768 DEBUG [org.apache.jasper.servlet.JspServlet@http-nio-8080-exec-5] PathInfo: null 
2022-04-20 22:26:47.769 DEBUG [org.apache.jasper.servlet.JspServlet@http-nio-8080-exec-5] RealPath: C:\Users\Anita\Desktop\Javier\Workspace-22.0\Projects\Acme-One\target\classes\WEB-INF\views\master\sign-in.jsp 
2022-04-20 22:26:47.769 DEBUG [org.apache.jasper.servlet.JspServlet@http-nio-8080-exec-5] RequestURI: /acme-one-2.0/WEB-INF/views/master/page.jsp 
2022-04-20 22:26:47.770 DEBUG [org.apache.jasper.servlet.JspServlet@http-nio-8080-exec-5] QueryString: null 
2022-04-20 22:26:49.303 DEBUG [org.hibernate.SQL@http-nio-8080-exec-5] select useraccoun0_.id as id1_0_, useraccoun0_.version as version2_0_, useraccoun0_.enabled as enabled1_16_, useraccoun0_.identity as identity2_16_, useraccoun0_.password as password3_16_, useraccoun0_.username as username4_16_ from user_account useraccoun0_ where useraccoun0_.username=? 
2022-04-20 22:26:49.304 TRACE [org.hibernate.type.descriptor.sql.BasicBinder@http-nio-8080-exec-5] binding parameter [1] as [VARCHAR] - [anonymous] 
2022-04-20 22:26:49.307 DEBUG [org.hibernate.SQL@http-nio-8080-exec-5] select roles0_.user_account_id as user_acc1_17_0_, roles0_.id as id1_17_0_, roles0_.id as id1_0_1_, roles0_.version as version2_0_1_, roles0_.user_account_id as user_acc1_17_1_, roles0_.company as company1_7_1_, roles0_.sector as sector2_7_1_, roles0_.company as company1_8_1_, roles0_.link as link2_8_1_, roles0_.statement as statemen3_8_1_, roles0_.company as company1_10_1_, roles0_.link as link2_10_1_, roles0_.statement as statemen3_10_1_, roles0_.company as company1_13_1_, roles0_.sector as sector2_13_1_, roles0_.clazz_ as clazz_1_ from ( select id, version, user_account_id, company, sector, null as link, null as statement, 9 as clazz_ from consumer union all select id, version, user_account_id, company, null as sector, link, statement, 10 as clazz_ from inventor union all select id, version, user_account_id, company, null as sector, link, statement, 11 as clazz_ from patron union all select id, version, user_account_id, company, sector, null as link, null as statement, 12 as clazz_ from provider union all select id, version, user_account_id, null as company, null as sector, null as link, null as statement, 14 as clazz_ from administrator union all select id, version, user_account_id, null as company, null as sector, null as link, null as statement, 15 as clazz_ from anonymous union all select id, version, user_account_id, null as company, null as sector, null as link, null as statement, 16 as clazz_ from any union all select id, version, user_account_id, null as company, null as sector, null as link, null as statement, 17 as clazz_ from authenticated ) roles0_ where roles0_.user_account_id=? 
2022-04-20 22:26:49.307 TRACE [org.hibernate.type.descriptor.sql.BasicBinder@http-nio-8080-exec-5] binding parameter [1] as [INTEGER] - [1] 
2022-04-20 22:26:54.647 DEBUG [org.hibernate.SQL@http-nio-8080-exec-10] select useraccoun0_.id as id1_0_, useraccoun0_.version as version2_0_, useraccoun0_.enabled as enabled1_16_, useraccoun0_.identity as identity2_16_, useraccoun0_.password as password3_16_, useraccoun0_.username as username4_16_ from user_account useraccoun0_ where useraccoun0_.username=? 
2022-04-20 22:26:54.648 TRACE [org.hibernate.type.descriptor.sql.BasicBinder@http-nio-8080-exec-10] binding parameter [1] as [VARCHAR] - [inventor1] 
2022-04-20 22:26:54.653 DEBUG [org.hibernate.SQL@http-nio-8080-exec-10] select roles0_.user_account_id as user_acc1_17_0_, roles0_.id as id1_17_0_, roles0_.id as id1_0_1_, roles0_.version as version2_0_1_, roles0_.user_account_id as user_acc1_17_1_, roles0_.company as company1_7_1_, roles0_.sector as sector2_7_1_, roles0_.company as company1_8_1_, roles0_.link as link2_8_1_, roles0_.statement as statemen3_8_1_, roles0_.company as company1_10_1_, roles0_.link as link2_10_1_, roles0_.statement as statemen3_10_1_, roles0_.company as company1_13_1_, roles0_.sector as sector2_13_1_, roles0_.clazz_ as clazz_1_ from ( select id, version, user_account_id, company, sector, null as link, null as statement, 9 as clazz_ from consumer union all select id, version, user_account_id, company, null as sector, link, statement, 10 as clazz_ from inventor union all select id, version, user_account_id, company, null as sector, link, statement, 11 as clazz_ from patron union all select id, version, user_account_id, company, sector, null as link, null as statement, 12 as clazz_ from provider union all select id, version, user_account_id, null as company, null as sector, null as link, null as statement, 14 as clazz_ from administrator union all select id, version, user_account_id, null as company, null as sector, null as link, null as statement, 15 as clazz_ from anonymous union all select id, version, user_account_id, null as company, null as sector, null as link, null as statement, 16 as clazz_ from any union all select id, version, user_account_id, null as company, null as sector, null as link, null as statement, 17 as clazz_ from authenticated ) roles0_ where roles0_.user_account_id=? 
2022-04-20 22:26:54.654 TRACE [org.hibernate.type.descriptor.sql.BasicBinder@http-nio-8080-exec-10] binding parameter [1] as [INTEGER] - [9] 
2022-04-20 22:26:54.692 DEBUG [acme.framework.components.tiles.DynamicTilesView@http-nio-8080-exec-3] View name 'fragments/welcome', model {} 
2022-04-20 22:26:54.693 DEBUG [org.apache.jasper.servlet.JspServlet@http-nio-8080-exec-3] JspEngine --> /WEB-INF/views/master/page.jsp 
2022-04-20 22:26:54.694 DEBUG [org.apache.jasper.servlet.JspServlet@http-nio-8080-exec-3] ServletPath: /WEB-INF/views/master/page.jsp 
2022-04-20 22:26:54.694 DEBUG [org.apache.jasper.servlet.JspServlet@http-nio-8080-exec-3] PathInfo: null 
2022-04-20 22:26:54.696 DEBUG [org.apache.jasper.servlet.JspServlet@http-nio-8080-exec-3] RealPath: C:\Users\Anita\Desktop\Javier\Workspace-22.0\Projects\Acme-One\target\classes\WEB-INF\views\master\page.jsp 
2022-04-20 22:26:54.697 DEBUG [org.apache.jasper.servlet.JspServlet@http-nio-8080-exec-3] RequestURI: /acme-one-2.0/WEB-INF/views/master/page.jsp 
2022-04-20 22:26:54.698 DEBUG [org.apache.jasper.servlet.JspServlet@http-nio-8080-exec-3] QueryString: null 
2022-04-20 22:26:54.772 DEBUG [org.apache.jasper.servlet.JspServlet@http-nio-8080-exec-3] JspEngine --> /WEB-INF/views/fragments/welcome.jsp 
2022-04-20 22:26:54.772 DEBUG [org.apache.jasper.servlet.JspServlet@http-nio-8080-exec-3] ServletPath: /WEB-INF/views/master/page.jsp 
2022-04-20 22:26:54.773 DEBUG [org.apache.jasper.servlet.JspServlet@http-nio-8080-exec-3] PathInfo: null 
2022-04-20 22:26:54.774 DEBUG [org.apache.jasper.servlet.JspServlet@http-nio-8080-exec-3] RealPath: C:\Users\Anita\Desktop\Javier\Workspace-22.0\Projects\Acme-One\target\classes\WEB-INF\views\fragments\welcome.jsp 
2022-04-20 22:26:54.774 DEBUG [org.apache.jasper.servlet.JspServlet@http-nio-8080-exec-3] RequestURI: /acme-one-2.0/WEB-INF/views/master/page.jsp 
2022-04-20 22:26:54.774 DEBUG [org.apache.jasper.servlet.JspServlet@http-nio-8080-exec-3] QueryString: null 
2022-04-20 22:26:58.403 DEBUG [acme.framework.controllers.AbstractController@http-nio-8080-exec-5] DISPATCHING GET /acme-one-2.0/inventor/toolkit/list 
2022-04-20 22:26:58.404 DEBUG [acme.framework.controllers.AbstractController@http-nio-8080-exec-5] Command: list 
2022-04-20 22:26:58.404 DEBUG [acme.framework.controllers.AbstractController@http-nio-8080-exec-5] Model:   {} 
2022-04-20 22:26:58.404 DEBUG [acme.framework.controllers.AbstractController@http-nio-8080-exec-5] Locale:  es 
2022-04-20 22:26:58.430 DEBUG [org.hibernate.SQL@http-nio-8080-exec-5] select toolkit0_.id as id1_0_, toolkit0_.version as version2_0_, toolkit0_.assembly_notes as assembly1_15_, toolkit0_.code as code2_15_, toolkit0_.description as descript3_15_, toolkit0_.inventor_id as inventor7_15_, toolkit0_.link as link4_15_, toolkit0_.publish as publish5_15_, toolkit0_.title as title6_15_ from toolkit toolkit0_ cross join inventor inventor1_ where toolkit0_.inventor_id=inventor1_.id and inventor1_.user_account_id=? 
2022-04-20 22:26:58.431 TRACE [org.hibernate.type.descriptor.sql.BasicBinder@http-nio-8080-exec-5] binding parameter [1] as [INTEGER] - [9] 
2022-04-20 22:26:58.433 DEBUG [org.hibernate.SQL@http-nio-8080-exec-5] select inventor0_.id as id1_0_0_, inventor0_.version as version2_0_0_, inventor0_.user_account_id as user_acc1_17_0_, inventor0_.company as company1_8_0_, inventor0_.link as link2_8_0_, inventor0_.statement as statemen3_8_0_, useraccoun1_.id as id1_0_1_, useraccoun1_.version as version2_0_1_, useraccoun1_.enabled as enabled1_16_1_, useraccoun1_.identity as identity2_16_1_, useraccoun1_.password as password3_16_1_, useraccoun1_.username as username4_16_1_ from inventor inventor0_ inner join user_account useraccoun1_ on inventor0_.user_account_id=useraccoun1_.id where inventor0_.id=? 
2022-04-20 22:26:58.433 TRACE [org.hibernate.type.descriptor.sql.BasicBinder@http-nio-8080-exec-5] binding parameter [1] as [INTEGER] - [18] 
2022-04-20 22:26:58.462 DEBUG [acme.framework.controllers.AbstractController@http-nio-8080-exec-5] SERVING GET /acme-one-2.0/inventor/toolkit/list 
2022-04-20 22:26:58.462 DEBUG [acme.framework.controllers.AbstractController@http-nio-8080-exec-5] Result: ModelAndView [view="inventor/toolkit/list"; model={code[0]=AAA-000, version[0]=0, title[0]=1, id[0]=28, list$size=1, command=list, principal=acme.framework.entities.Principal@193c199c}] 
2022-04-20 22:26:58.469 DEBUG [acme.framework.components.tiles.DynamicTilesView@http-nio-8080-exec-5] View name 'inventor/toolkit/list', model {code[0]=AAA-000, version[0]=0, title[0]=1, id[0]=28, list$size=1, command=list, principal=acme.framework.entities.Principal@193c199c, org.springframework.validation.BindingResult.principal=org.springframework.validation.BeanPropertyBindingResult: 0 errors} 
2022-04-20 22:26:58.470 DEBUG [org.apache.jasper.servlet.JspServlet@http-nio-8080-exec-5] JspEngine --> /WEB-INF/views/master/page.jsp 
2022-04-20 22:26:58.470 DEBUG [org.apache.jasper.servlet.JspServlet@http-nio-8080-exec-5] ServletPath: /WEB-INF/views/master/page.jsp 
2022-04-20 22:26:58.471 DEBUG [org.apache.jasper.servlet.JspServlet@http-nio-8080-exec-5] PathInfo: null 
2022-04-20 22:26:58.471 DEBUG [org.apache.jasper.servlet.JspServlet@http-nio-8080-exec-5] RealPath: C:\Users\Anita\Desktop\Javier\Workspace-22.0\Projects\Acme-One\target\classes\WEB-INF\views\master\page.jsp 
2022-04-20 22:26:58.472 DEBUG [org.apache.jasper.servlet.JspServlet@http-nio-8080-exec-5] RequestURI: /acme-one-2.0/WEB-INF/views/master/page.jsp 
2022-04-20 22:26:58.472 DEBUG [org.apache.jasper.servlet.JspServlet@http-nio-8080-exec-5] QueryString: null 
2022-04-20 22:26:58.537 DEBUG [org.apache.jasper.servlet.JspServlet@http-nio-8080-exec-5] JspEngine --> /WEB-INF/views/inventor/toolkit/list.jsp 
2022-04-20 22:26:58.537 DEBUG [org.apache.jasper.servlet.JspServlet@http-nio-8080-exec-5] ServletPath: /WEB-INF/views/master/page.jsp 
2022-04-20 22:26:58.538 DEBUG [org.apache.jasper.servlet.JspServlet@http-nio-8080-exec-5] PathInfo: null 
2022-04-20 22:26:58.540 DEBUG [org.apache.jasper.servlet.JspServlet@http-nio-8080-exec-5] RealPath: C:\Users\Anita\Desktop\Javier\Workspace-22.0\Projects\Acme-One\target\classes\WEB-INF\views\inventor\toolkit\list.jsp 
2022-04-20 22:26:58.540 DEBUG [org.apache.jasper.servlet.JspServlet@http-nio-8080-exec-5] RequestURI: /acme-one-2.0/WEB-INF/views/master/page.jsp 
2022-04-20 22:26:58.540 DEBUG [org.apache.jasper.servlet.JspServlet@http-nio-8080-exec-5] QueryString: null 
2022-04-20 22:27:00.491 DEBUG [acme.framework.controllers.AbstractController@http-nio-8080-exec-8] DISPATCHING GET /acme-one-2.0/inventor/toolkit/show 
2022-04-20 22:27:00.491 DEBUG [acme.framework.controllers.AbstractController@http-nio-8080-exec-8] Command: show 
2022-04-20 22:27:00.491 DEBUG [acme.framework.controllers.AbstractController@http-nio-8080-exec-8] Model:   {id=28} 
2022-04-20 22:27:00.492 DEBUG [acme.framework.controllers.AbstractController@http-nio-8080-exec-8] Locale:  es 
2022-04-20 22:27:00.504 DEBUG [org.hibernate.SQL@http-nio-8080-exec-8] select toolkit0_.id as id1_0_, toolkit0_.version as version2_0_, toolkit0_.assembly_notes as assembly1_15_, toolkit0_.code as code2_15_, toolkit0_.description as descript3_15_, toolkit0_.inventor_id as inventor7_15_, toolkit0_.link as link4_15_, toolkit0_.publish as publish5_15_, toolkit0_.title as title6_15_ from toolkit toolkit0_ where toolkit0_.id=? 
2022-04-20 22:27:00.505 TRACE [org.hibernate.type.descriptor.sql.BasicBinder@http-nio-8080-exec-8] binding parameter [1] as [INTEGER] - [28] 
2022-04-20 22:27:00.507 DEBUG [org.hibernate.SQL@http-nio-8080-exec-8] select inventor0_.id as id1_0_0_, inventor0_.version as version2_0_0_, inventor0_.user_account_id as user_acc1_17_0_, inventor0_.company as company1_8_0_, inventor0_.link as link2_8_0_, inventor0_.statement as statemen3_8_0_, useraccoun1_.id as id1_0_1_, useraccoun1_.version as version2_0_1_, useraccoun1_.enabled as enabled1_16_1_, useraccoun1_.identity as identity2_16_1_, useraccoun1_.password as password3_16_1_, useraccoun1_.username as username4_16_1_ from inventor inventor0_ inner join user_account useraccoun1_ on inventor0_.user_account_id=useraccoun1_.id where inventor0_.id=? 
2022-04-20 22:27:00.507 TRACE [org.hibernate.type.descriptor.sql.BasicBinder@http-nio-8080-exec-8] binding parameter [1] as [INTEGER] - [18] 
2022-04-20 22:27:00.514 DEBUG [org.hibernate.SQL@http-nio-8080-exec-8] select item1_.id as id1_0_, item1_.version as version2_0_, item1_.code as code1_9_, item1_.description as descript2_9_, item1_.inventor_id as inventor9_9_, item1_.link as link3_9_, item1_.name as name4_9_, item1_.quantity_id as quantit10_9_, item1_.retail_price_amount as retail_p5_9_, item1_.retail_price_currency as retail_p6_9_, item1_.technology as technolo7_9_, item1_.toolkit_id as toolkit11_9_, item1_.type as type8_9_ from quantity quantity0_ inner join item item1_ on quantity0_.item_id=item1_.id where quantity0_.toolkit_id=? 
2022-04-20 22:27:00.515 TRACE [org.hibernate.type.descriptor.sql.BasicBinder@http-nio-8080-exec-8] binding parameter [1] as [INTEGER] - [28] 
2022-04-20 22:27:00.520 DEBUG [acme.framework.controllers.AbstractController@http-nio-8080-exec-8] SERVING GET /acme-one-2.0/inventor/toolkit/show 
2022-04-20 22:27:00.520 DEBUG [acme.framework.controllers.AbstractController@http-nio-8080-exec-8] Result: ModelAndView [view="inventor/toolkit/form"; model={assemblyNotes=ejemplo, code=AAA-000, link=http://www.google.com, description=Toolkit 1, currency=, id=28, title=1, retailPrice=0.0, version=0, command=show, principal=acme.framework.entities.Principal@193c199c}] 
2022-04-20 22:27:00.521 DEBUG [acme.framework.components.tiles.DynamicTilesView@http-nio-8080-exec-8] View name 'inventor/toolkit/form', model {assemblyNotes=ejemplo, code=AAA-000, link=http://www.google.com, description=Toolkit 1, currency=, id=28, title=1, retailPrice=0.0, version=0, command=show, principal=acme.framework.entities.Principal@193c199c, org.springframework.validation.BindingResult.principal=org.springframework.validation.BeanPropertyBindingResult: 0 errors} 
2022-04-20 22:27:00.522 DEBUG [org.apache.jasper.servlet.JspServlet@http-nio-8080-exec-8] JspEngine --> /WEB-INF/views/master/page.jsp 
2022-04-20 22:27:00.523 DEBUG [org.apache.jasper.servlet.JspServlet@http-nio-8080-exec-8] ServletPath: /WEB-INF/views/master/page.jsp 
2022-04-20 22:27:00.523 DEBUG [org.apache.jasper.servlet.JspServlet@http-nio-8080-exec-8] PathInfo: null 
2022-04-20 22:27:00.525 DEBUG [org.apache.jasper.servlet.JspServlet@http-nio-8080-exec-8] RealPath: C:\Users\Anita\Desktop\Javier\Workspace-22.0\Projects\Acme-One\target\classes\WEB-INF\views\master\page.jsp 
2022-04-20 22:27:00.526 DEBUG [org.apache.jasper.servlet.JspServlet@http-nio-8080-exec-8] RequestURI: /acme-one-2.0/WEB-INF/views/master/page.jsp 
2022-04-20 22:27:00.526 DEBUG [org.apache.jasper.servlet.JspServlet@http-nio-8080-exec-8] QueryString: id=28 
2022-04-20 22:27:00.607 DEBUG [org.apache.jasper.servlet.JspServlet@http-nio-8080-exec-8] JspEngine --> /WEB-INF/views/inventor/toolkit/form.jsp 
2022-04-20 22:27:00.607 DEBUG [org.apache.jasper.servlet.JspServlet@http-nio-8080-exec-8] ServletPath: /WEB-INF/views/master/page.jsp 
2022-04-20 22:27:00.607 DEBUG [org.apache.jasper.servlet.JspServlet@http-nio-8080-exec-8] PathInfo: null 
2022-04-20 22:27:00.608 DEBUG [org.apache.jasper.servlet.JspServlet@http-nio-8080-exec-8] RealPath: C:\Users\Anita\Desktop\Javier\Workspace-22.0\Projects\Acme-One\target\classes\WEB-INF\views\inventor\toolkit\form.jsp 
2022-04-20 22:27:00.609 DEBUG [org.apache.jasper.servlet.JspServlet@http-nio-8080-exec-8] RequestURI: /acme-one-2.0/WEB-INF/views/master/page.jsp 
2022-04-20 22:27:00.609 DEBUG [org.apache.jasper.servlet.JspServlet@http-nio-8080-exec-8] QueryString: id=28 
2022-04-20 22:27:04.495 DEBUG [acme.framework.controllers.AbstractController@http-nio-8080-exec-5] DISPATCHING GET /acme-one-2.0/inventor/toolkit/list 
2022-04-20 22:27:04.496 DEBUG [acme.framework.controllers.AbstractController@http-nio-8080-exec-5] Command: list 
2022-04-20 22:27:04.496 DEBUG [acme.framework.controllers.AbstractController@http-nio-8080-exec-5] Model:   {} 
2022-04-20 22:27:04.496 DEBUG [acme.framework.controllers.AbstractController@http-nio-8080-exec-5] Locale:  es 
2022-04-20 22:27:04.499 DEBUG [org.hibernate.SQL@http-nio-8080-exec-5] select toolkit0_.id as id1_0_, toolkit0_.version as version2_0_, toolkit0_.assembly_notes as assembly1_15_, toolkit0_.code as code2_15_, toolkit0_.description as descript3_15_, toolkit0_.inventor_id as inventor7_15_, toolkit0_.link as link4_15_, toolkit0_.publish as publish5_15_, toolkit0_.title as title6_15_ from toolkit toolkit0_ cross join inventor inventor1_ where toolkit0_.inventor_id=inventor1_.id and inventor1_.user_account_id=? 
2022-04-20 22:27:04.500 TRACE [org.hibernate.type.descriptor.sql.BasicBinder@http-nio-8080-exec-5] binding parameter [1] as [INTEGER] - [9] 
2022-04-20 22:27:04.503 DEBUG [org.hibernate.SQL@http-nio-8080-exec-5] select inventor0_.id as id1_0_0_, inventor0_.version as version2_0_0_, inventor0_.user_account_id as user_acc1_17_0_, inventor0_.company as company1_8_0_, inventor0_.link as link2_8_0_, inventor0_.statement as statemen3_8_0_, useraccoun1_.id as id1_0_1_, useraccoun1_.version as version2_0_1_, useraccoun1_.enabled as enabled1_16_1_, useraccoun1_.identity as identity2_16_1_, useraccoun1_.password as password3_16_1_, useraccoun1_.username as username4_16_1_ from inventor inventor0_ inner join user_account useraccoun1_ on inventor0_.user_account_id=useraccoun1_.id where inventor0_.id=? 
2022-04-20 22:27:04.504 TRACE [org.hibernate.type.descriptor.sql.BasicBinder@http-nio-8080-exec-5] binding parameter [1] as [INTEGER] - [18] 
2022-04-20 22:27:04.512 DEBUG [acme.framework.controllers.AbstractController@http-nio-8080-exec-5] SERVING GET /acme-one-2.0/inventor/toolkit/list 
2022-04-20 22:27:04.512 DEBUG [acme.framework.controllers.AbstractController@http-nio-8080-exec-5] Result: ModelAndView [view="inventor/toolkit/list"; model={code[0]=AAA-000, version[0]=0, title[0]=1, id[0]=28, list$size=1, command=list, principal=acme.framework.entities.Principal@193c199c}] 
2022-04-20 22:27:04.512 DEBUG [acme.framework.components.tiles.DynamicTilesView@http-nio-8080-exec-5] View name 'inventor/toolkit/list', model {code[0]=AAA-000, version[0]=0, title[0]=1, id[0]=28, list$size=1, command=list, principal=acme.framework.entities.Principal@193c199c, org.springframework.validation.BindingResult.principal=org.springframework.validation.BeanPropertyBindingResult: 0 errors} 
2022-04-20 22:27:04.515 DEBUG [org.apache.jasper.servlet.JspServlet@http-nio-8080-exec-5] JspEngine --> /WEB-INF/views/master/page.jsp 
2022-04-20 22:27:04.516 DEBUG [org.apache.jasper.servlet.JspServlet@http-nio-8080-exec-5] ServletPath: /WEB-INF/views/master/page.jsp 
2022-04-20 22:27:04.516 DEBUG [org.apache.jasper.servlet.JspServlet@http-nio-8080-exec-5] PathInfo: null 
2022-04-20 22:27:04.518 DEBUG [org.apache.jasper.servlet.JspServlet@http-nio-8080-exec-5] RealPath: C:\Users\Anita\Desktop\Javier\Workspace-22.0\Projects\Acme-One\target\classes\WEB-INF\views\master\page.jsp 
2022-04-20 22:27:04.518 DEBUG [org.apache.jasper.servlet.JspServlet@http-nio-8080-exec-5] RequestURI: /acme-one-2.0/WEB-INF/views/master/page.jsp 
2022-04-20 22:27:04.518 DEBUG [org.apache.jasper.servlet.JspServlet@http-nio-8080-exec-5] QueryString: null 
2022-04-20 22:27:04.597 DEBUG [org.apache.jasper.servlet.JspServlet@http-nio-8080-exec-5] JspEngine --> /WEB-INF/views/inventor/toolkit/list.jsp 
2022-04-20 22:27:04.597 DEBUG [org.apache.jasper.servlet.JspServlet@http-nio-8080-exec-5] ServletPath: /WEB-INF/views/master/page.jsp 
2022-04-20 22:27:04.597 DEBUG [org.apache.jasper.servlet.JspServlet@http-nio-8080-exec-5] PathInfo: null 
2022-04-20 22:27:04.600 DEBUG [org.apache.jasper.servlet.JspServlet@http-nio-8080-exec-5] RealPath: C:\Users\Anita\Desktop\Javier\Workspace-22.0\Projects\Acme-One\target\classes\WEB-INF\views\inventor\toolkit\list.jsp 
2022-04-20 22:27:04.600 DEBUG [org.apache.jasper.servlet.JspServlet@http-nio-8080-exec-5] RequestURI: /acme-one-2.0/WEB-INF/views/master/page.jsp 
2022-04-20 22:27:04.600 DEBUG [org.apache.jasper.servlet.JspServlet@http-nio-8080-exec-5] QueryString: null 
2022-04-20 22:27:11.370 DEBUG [acme.framework.controllers.AbstractController@http-nio-8080-exec-5] DISPATCHING GET /acme-one-2.0/inventor/item/list 
2022-04-20 22:27:11.371 DEBUG [acme.framework.controllers.AbstractController@http-nio-8080-exec-5] Command: list 
2022-04-20 22:27:11.371 DEBUG [acme.framework.controllers.AbstractController@http-nio-8080-exec-5] Model:   {} 
2022-04-20 22:27:11.371 DEBUG [acme.framework.controllers.AbstractController@http-nio-8080-exec-5] Locale:  es 
2022-04-20 22:27:11.386 DEBUG [acme.framework.controllers.AbstractController@http-nio-8080-exec-5] SERVING GET /acme-one-2.0/inventor/item/list 
2022-04-20 22:27:11.386 DEBUG [acme.framework.controllers.AbstractController@http-nio-8080-exec-5] Result: ModelAndView [view="master/panic"; model={oops=java.lang.AssertionError: Attribute 'toolkitId' is missing in your model}] 
2022-04-20 22:27:11.387 DEBUG [acme.framework.components.tiles.DynamicTilesView@http-nio-8080-exec-5] View name 'master/panic', model {oops=java.lang.AssertionError: Attribute 'toolkitId' is missing in your model, org.springframework.validation.BindingResult.oops=org.springframework.validation.BeanPropertyBindingResult: 0 errors} 
2022-04-20 22:27:11.388 DEBUG [org.apache.jasper.servlet.JspServlet@http-nio-8080-exec-5] JspEngine --> /WEB-INF/views/master/page.jsp 
2022-04-20 22:27:11.389 DEBUG [org.apache.jasper.servlet.JspServlet@http-nio-8080-exec-5] ServletPath: /WEB-INF/views/master/page.jsp 
2022-04-20 22:27:11.389 DEBUG [org.apache.jasper.servlet.JspServlet@http-nio-8080-exec-5] PathInfo: null 
2022-04-20 22:27:11.390 DEBUG [org.apache.jasper.servlet.JspServlet@http-nio-8080-exec-5] RealPath: C:\Users\Anita\Desktop\Javier\Workspace-22.0\Projects\Acme-One\target\classes\WEB-INF\views\master\page.jsp 
2022-04-20 22:27:11.390 DEBUG [org.apache.jasper.servlet.JspServlet@http-nio-8080-exec-5] RequestURI: /acme-one-2.0/WEB-INF/views/master/page.jsp 
2022-04-20 22:27:11.391 DEBUG [org.apache.jasper.servlet.JspServlet@http-nio-8080-exec-5] QueryString: null 
2022-04-20 22:27:11.450 DEBUG [org.apache.jasper.servlet.JspServlet@http-nio-8080-exec-5] JspEngine --> /WEB-INF/views/master/panic.jsp 
2022-04-20 22:27:11.451 DEBUG [org.apache.jasper.servlet.JspServlet@http-nio-8080-exec-5] ServletPath: /WEB-INF/views/master/page.jsp 
2022-04-20 22:27:11.451 DEBUG [org.apache.jasper.servlet.JspServlet@http-nio-8080-exec-5] PathInfo: null 
2022-04-20 22:27:11.451 DEBUG [org.apache.jasper.servlet.JspServlet@http-nio-8080-exec-5] RealPath: C:\Users\Anita\Desktop\Javier\Workspace-22.0\Projects\Acme-One\target\classes\WEB-INF\views\master\panic.jsp 
2022-04-20 22:27:11.451 DEBUG [org.apache.jasper.servlet.JspServlet@http-nio-8080-exec-5] RequestURI: /acme-one-2.0/WEB-INF/views/master/page.jsp 
2022-04-20 22:27:11.452 DEBUG [org.apache.jasper.servlet.JspServlet@http-nio-8080-exec-5] QueryString: null 
2022-04-20 22:27:11.609 ERROR [org.apache.jsp.WEB_002dINF.views.master.panic_jsp@http-nio-8080-exec-5] HTTP GET /acme-one-2.0/WEB-INF/views/master/page.jsp HTTP/1.1 
2022-04-20 22:27:11.609 ERROR [org.apache.jsp.WEB_002dINF.views.master.panic_jsp@http-nio-8080-exec-5] Status: 500 
2022-04-20 22:27:11.611 ERROR [org.apache.jsp.WEB_002dINF.views.master.panic_jsp@http-nio-8080-exec-5] Exception: acme.framework.components.models.Model.getInteger(Model.java:176): Attribute 'toolkitId' is missing in your model 
2022-04-20 22:27:16.078 DEBUG [acme.framework.controllers.AbstractController@http-nio-8080-exec-5] DISPATCHING GET /acme-one-2.0/inventor/toolkit/list 
2022-04-20 22:27:16.079 DEBUG [acme.framework.controllers.AbstractController@http-nio-8080-exec-5] Command: list 
2022-04-20 22:27:16.079 DEBUG [acme.framework.controllers.AbstractController@http-nio-8080-exec-5] Model:   {} 
2022-04-20 22:27:16.079 DEBUG [acme.framework.controllers.AbstractController@http-nio-8080-exec-5] Locale:  es 
2022-04-20 22:27:16.082 DEBUG [org.hibernate.SQL@http-nio-8080-exec-5] select toolkit0_.id as id1_0_, toolkit0_.version as version2_0_, toolkit0_.assembly_notes as assembly1_15_, toolkit0_.code as code2_15_, toolkit0_.description as descript3_15_, toolkit0_.inventor_id as inventor7_15_, toolkit0_.link as link4_15_, toolkit0_.publish as publish5_15_, toolkit0_.title as title6_15_ from toolkit toolkit0_ cross join inventor inventor1_ where toolkit0_.inventor_id=inventor1_.id and inventor1_.user_account_id=? 
2022-04-20 22:27:16.083 TRACE [org.hibernate.type.descriptor.sql.BasicBinder@http-nio-8080-exec-5] binding parameter [1] as [INTEGER] - [9] 
2022-04-20 22:27:16.086 DEBUG [org.hibernate.SQL@http-nio-8080-exec-5] select inventor0_.id as id1_0_0_, inventor0_.version as version2_0_0_, inventor0_.user_account_id as user_acc1_17_0_, inventor0_.company as company1_8_0_, inventor0_.link as link2_8_0_, inventor0_.statement as statemen3_8_0_, useraccoun1_.id as id1_0_1_, useraccoun1_.version as version2_0_1_, useraccoun1_.enabled as enabled1_16_1_, useraccoun1_.identity as identity2_16_1_, useraccoun1_.password as password3_16_1_, useraccoun1_.username as username4_16_1_ from inventor inventor0_ inner join user_account useraccoun1_ on inventor0_.user_account_id=useraccoun1_.id where inventor0_.id=? 
2022-04-20 22:27:16.087 TRACE [org.hibernate.type.descriptor.sql.BasicBinder@http-nio-8080-exec-5] binding parameter [1] as [INTEGER] - [18] 
2022-04-20 22:27:16.096 DEBUG [acme.framework.controllers.AbstractController@http-nio-8080-exec-5] SERVING GET /acme-one-2.0/inventor/toolkit/list 
2022-04-20 22:27:16.096 DEBUG [acme.framework.controllers.AbstractController@http-nio-8080-exec-5] Result: ModelAndView [view="inventor/toolkit/list"; model={code[0]=AAA-000, version[0]=0, title[0]=1, id[0]=28, list$size=1, command=list, principal=acme.framework.entities.Principal@193c199c}] 
2022-04-20 22:27:16.096 DEBUG [acme.framework.components.tiles.DynamicTilesView@http-nio-8080-exec-5] View name 'inventor/toolkit/list', model {code[0]=AAA-000, version[0]=0, title[0]=1, id[0]=28, list$size=1, command=list, principal=acme.framework.entities.Principal@193c199c, org.springframework.validation.BindingResult.principal=org.springframework.validation.BeanPropertyBindingResult: 0 errors} 
2022-04-20 22:27:16.098 DEBUG [org.apache.jasper.servlet.JspServlet@http-nio-8080-exec-5] JspEngine --> /WEB-INF/views/master/page.jsp 
2022-04-20 22:27:16.099 DEBUG [org.apache.jasper.servlet.JspServlet@http-nio-8080-exec-5] ServletPath: /WEB-INF/views/master/page.jsp 
2022-04-20 22:27:16.100 DEBUG [org.apache.jasper.servlet.JspServlet@http-nio-8080-exec-5] PathInfo: null 
2022-04-20 22:27:16.102 DEBUG [org.apache.jasper.servlet.JspServlet@http-nio-8080-exec-5] RealPath: C:\Users\Anita\Desktop\Javier\Workspace-22.0\Projects\Acme-One\target\classes\WEB-INF\views\master\page.jsp 
2022-04-20 22:27:16.102 DEBUG [org.apache.jasper.servlet.JspServlet@http-nio-8080-exec-5] RequestURI: /acme-one-2.0/WEB-INF/views/master/page.jsp 
2022-04-20 22:27:16.103 DEBUG [org.apache.jasper.servlet.JspServlet@http-nio-8080-exec-5] QueryString: null 
2022-04-20 22:27:16.177 DEBUG [org.apache.jasper.servlet.JspServlet@http-nio-8080-exec-5] JspEngine --> /WEB-INF/views/inventor/toolkit/list.jsp 
2022-04-20 22:27:16.178 DEBUG [org.apache.jasper.servlet.JspServlet@http-nio-8080-exec-5] ServletPath: /WEB-INF/views/master/page.jsp 
2022-04-20 22:27:16.178 DEBUG [org.apache.jasper.servlet.JspServlet@http-nio-8080-exec-5] PathInfo: null 
2022-04-20 22:27:16.179 DEBUG [org.apache.jasper.servlet.JspServlet@http-nio-8080-exec-5] RealPath: C:\Users\Anita\Desktop\Javier\Workspace-22.0\Projects\Acme-One\target\classes\WEB-INF\views\inventor\toolkit\list.jsp 
2022-04-20 22:27:16.179 DEBUG [org.apache.jasper.servlet.JspServlet@http-nio-8080-exec-5] RequestURI: /acme-one-2.0/WEB-INF/views/master/page.jsp 
2022-04-20 22:27:16.180 DEBUG [org.apache.jasper.servlet.JspServlet@http-nio-8080-exec-5] QueryString: null 
2022-04-20 22:27:23.490 DEBUG [acme.framework.controllers.AbstractController@http-nio-8080-exec-9] DISPATCHING GET /acme-one-2.0/inventor/toolkit/show 
2022-04-20 22:27:23.491 DEBUG [acme.framework.controllers.AbstractController@http-nio-8080-exec-9] Command: show 
2022-04-20 22:27:23.491 DEBUG [acme.framework.controllers.AbstractController@http-nio-8080-exec-9] Model:   {id=28} 
2022-04-20 22:27:23.492 DEBUG [acme.framework.controllers.AbstractController@http-nio-8080-exec-9] Locale:  es 
2022-04-20 22:27:23.494 DEBUG [org.hibernate.SQL@http-nio-8080-exec-9] select toolkit0_.id as id1_0_, toolkit0_.version as version2_0_, toolkit0_.assembly_notes as assembly1_15_, toolkit0_.code as code2_15_, toolkit0_.description as descript3_15_, toolkit0_.inventor_id as inventor7_15_, toolkit0_.link as link4_15_, toolkit0_.publish as publish5_15_, toolkit0_.title as title6_15_ from toolkit toolkit0_ where toolkit0_.id=? 
2022-04-20 22:27:23.495 TRACE [org.hibernate.type.descriptor.sql.BasicBinder@http-nio-8080-exec-9] binding parameter [1] as [INTEGER] - [28] 
2022-04-20 22:27:23.497 DEBUG [org.hibernate.SQL@http-nio-8080-exec-9] select inventor0_.id as id1_0_0_, inventor0_.version as version2_0_0_, inventor0_.user_account_id as user_acc1_17_0_, inventor0_.company as company1_8_0_, inventor0_.link as link2_8_0_, inventor0_.statement as statemen3_8_0_, useraccoun1_.id as id1_0_1_, useraccoun1_.version as version2_0_1_, useraccoun1_.enabled as enabled1_16_1_, useraccoun1_.identity as identity2_16_1_, useraccoun1_.password as password3_16_1_, useraccoun1_.username as username4_16_1_ from inventor inventor0_ inner join user_account useraccoun1_ on inventor0_.user_account_id=useraccoun1_.id where inventor0_.id=? 
2022-04-20 22:27:23.498 TRACE [org.hibernate.type.descriptor.sql.BasicBinder@http-nio-8080-exec-9] binding parameter [1] as [INTEGER] - [18] 
2022-04-20 22:27:23.504 DEBUG [org.hibernate.SQL@http-nio-8080-exec-9] select item1_.id as id1_0_, item1_.version as version2_0_, item1_.code as code1_9_, item1_.description as descript2_9_, item1_.inventor_id as inventor9_9_, item1_.link as link3_9_, item1_.name as name4_9_, item1_.quantity_id as quantit10_9_, item1_.retail_price_amount as retail_p5_9_, item1_.retail_price_currency as retail_p6_9_, item1_.technology as technolo7_9_, item1_.toolkit_id as toolkit11_9_, item1_.type as type8_9_ from quantity quantity0_ inner join item item1_ on quantity0_.item_id=item1_.id where quantity0_.toolkit_id=? 
2022-04-20 22:27:23.504 TRACE [org.hibernate.type.descriptor.sql.BasicBinder@http-nio-8080-exec-9] binding parameter [1] as [INTEGER] - [28] 
2022-04-20 22:27:23.508 DEBUG [acme.framework.controllers.AbstractController@http-nio-8080-exec-9] SERVING GET /acme-one-2.0/inventor/toolkit/show 
2022-04-20 22:27:23.509 DEBUG [acme.framework.controllers.AbstractController@http-nio-8080-exec-9] Result: ModelAndView [view="inventor/toolkit/form"; model={assemblyNotes=ejemplo, code=AAA-000, link=http://www.google.com, description=Toolkit 1, currency=, id=28, title=1, retailPrice=0.0, version=0, command=show, principal=acme.framework.entities.Principal@193c199c}] 
2022-04-20 22:27:23.509 DEBUG [acme.framework.components.tiles.DynamicTilesView@http-nio-8080-exec-9] View name 'inventor/toolkit/form', model {assemblyNotes=ejemplo, code=AAA-000, link=http://www.google.com, description=Toolkit 1, currency=, id=28, title=1, retailPrice=0.0, version=0, command=show, principal=acme.framework.entities.Principal@193c199c, org.springframework.validation.BindingResult.principal=org.springframework.validation.BeanPropertyBindingResult: 0 errors} 
2022-04-20 22:27:23.510 DEBUG [org.apache.jasper.servlet.JspServlet@http-nio-8080-exec-9] JspEngine --> /WEB-INF/views/master/page.jsp 
2022-04-20 22:27:23.511 DEBUG [org.apache.jasper.servlet.JspServlet@http-nio-8080-exec-9] ServletPath: /WEB-INF/views/master/page.jsp 
2022-04-20 22:27:23.511 DEBUG [org.apache.jasper.servlet.JspServlet@http-nio-8080-exec-9] PathInfo: null 
2022-04-20 22:27:23.512 DEBUG [org.apache.jasper.servlet.JspServlet@http-nio-8080-exec-9] RealPath: C:\Users\Anita\Desktop\Javier\Workspace-22.0\Projects\Acme-One\target\classes\WEB-INF\views\master\page.jsp 
2022-04-20 22:27:23.513 DEBUG [org.apache.jasper.servlet.JspServlet@http-nio-8080-exec-9] RequestURI: /acme-one-2.0/WEB-INF/views/master/page.jsp 
2022-04-20 22:27:23.513 DEBUG [org.apache.jasper.servlet.JspServlet@http-nio-8080-exec-9] QueryString: id=28 
2022-04-20 22:27:23.568 DEBUG [org.apache.jasper.servlet.JspServlet@http-nio-8080-exec-9] JspEngine --> /WEB-INF/views/inventor/toolkit/form.jsp 
2022-04-20 22:27:23.568 DEBUG [org.apache.jasper.servlet.JspServlet@http-nio-8080-exec-9] ServletPath: /WEB-INF/views/master/page.jsp 
2022-04-20 22:27:23.568 DEBUG [org.apache.jasper.servlet.JspServlet@http-nio-8080-exec-9] PathInfo: null 
2022-04-20 22:27:23.568 DEBUG [org.apache.jasper.servlet.JspServlet@http-nio-8080-exec-9] RealPath: C:\Users\Anita\Desktop\Javier\Workspace-22.0\Projects\Acme-One\target\classes\WEB-INF\views\inventor\toolkit\form.jsp 
2022-04-20 22:27:23.569 DEBUG [org.apache.jasper.servlet.JspServlet@http-nio-8080-exec-9] RequestURI: /acme-one-2.0/WEB-INF/views/master/page.jsp 
2022-04-20 22:27:23.569 DEBUG [org.apache.jasper.servlet.JspServlet@http-nio-8080-exec-9] QueryString: id=28 
2022-04-20 22:27:26.543 DEBUG [acme.framework.controllers.AbstractController@http-nio-8080-exec-6] DISPATCHING GET /acme-one-2.0/inventor/item/list 
2022-04-20 22:27:26.543 DEBUG [acme.framework.controllers.AbstractController@http-nio-8080-exec-6] Command: list 
2022-04-20 22:27:26.543 DEBUG [acme.framework.controllers.AbstractController@http-nio-8080-exec-6] Model:   {masterId=28} 
2022-04-20 22:27:26.543 DEBUG [acme.framework.controllers.AbstractController@http-nio-8080-exec-6] Locale:  es 
2022-04-20 22:27:26.549 DEBUG [acme.framework.controllers.AbstractController@http-nio-8080-exec-6] SERVING GET /acme-one-2.0/inventor/item/list 
2022-04-20 22:27:26.550 DEBUG [acme.framework.controllers.AbstractController@http-nio-8080-exec-6] Result: ModelAndView [view="master/panic"; model={oops=java.lang.AssertionError: Attribute 'toolkitId' is missing in your model}] 
2022-04-20 22:27:26.550 DEBUG [acme.framework.components.tiles.DynamicTilesView@http-nio-8080-exec-6] View name 'master/panic', model {oops=java.lang.AssertionError: Attribute 'toolkitId' is missing in your model, org.springframework.validation.BindingResult.oops=org.springframework.validation.BeanPropertyBindingResult: 0 errors} 
2022-04-20 22:27:26.552 DEBUG [org.apache.jasper.servlet.JspServlet@http-nio-8080-exec-6] JspEngine --> /WEB-INF/views/master/page.jsp 
2022-04-20 22:27:26.553 DEBUG [org.apache.jasper.servlet.JspServlet@http-nio-8080-exec-6] ServletPath: /WEB-INF/views/master/page.jsp 
2022-04-20 22:27:26.554 DEBUG [org.apache.jasper.servlet.JspServlet@http-nio-8080-exec-6] PathInfo: null 
2022-04-20 22:27:26.554 DEBUG [org.apache.jasper.servlet.JspServlet@http-nio-8080-exec-6] RealPath: C:\Users\Anita\Desktop\Javier\Workspace-22.0\Projects\Acme-One\target\classes\WEB-INF\views\master\page.jsp 
2022-04-20 22:27:26.554 DEBUG [org.apache.jasper.servlet.JspServlet@http-nio-8080-exec-6] RequestURI: /acme-one-2.0/WEB-INF/views/master/page.jsp 
2022-04-20 22:27:26.555 DEBUG [org.apache.jasper.servlet.JspServlet@http-nio-8080-exec-6] QueryString: masterId=28 
2022-04-20 22:27:26.611 DEBUG [org.apache.jasper.servlet.JspServlet@http-nio-8080-exec-6] JspEngine --> /WEB-INF/views/master/panic.jsp 
2022-04-20 22:27:26.611 DEBUG [org.apache.jasper.servlet.JspServlet@http-nio-8080-exec-6] ServletPath: /WEB-INF/views/master/page.jsp 
2022-04-20 22:27:26.611 DEBUG [org.apache.jasper.servlet.JspServlet@http-nio-8080-exec-6] PathInfo: null 
2022-04-20 22:27:26.612 DEBUG [org.apache.jasper.servlet.JspServlet@http-nio-8080-exec-6] RealPath: C:\Users\Anita\Desktop\Javier\Workspace-22.0\Projects\Acme-One\target\classes\WEB-INF\views\master\panic.jsp 
2022-04-20 22:27:26.612 DEBUG [org.apache.jasper.servlet.JspServlet@http-nio-8080-exec-6] RequestURI: /acme-one-2.0/WEB-INF/views/master/page.jsp 
2022-04-20 22:27:26.612 DEBUG [org.apache.jasper.servlet.JspServlet@http-nio-8080-exec-6] QueryString: masterId=28 
2022-04-20 22:27:26.613 ERROR [org.apache.jsp.WEB_002dINF.views.master.panic_jsp@http-nio-8080-exec-6] HTTP GET /acme-one-2.0/WEB-INF/views/master/page.jsp HTTP/1.1 
2022-04-20 22:27:26.613 ERROR [org.apache.jsp.WEB_002dINF.views.master.panic_jsp@http-nio-8080-exec-6] Status: 500 
2022-04-20 22:27:26.613 ERROR [org.apache.jsp.WEB_002dINF.views.master.panic_jsp@http-nio-8080-exec-6] Exception: acme.framework.components.models.Model.getInteger(Model.java:176): Attribute 'toolkitId' is missing in your model 
2022-04-20 22:27:28.561 DEBUG [acme.framework.controllers.AbstractController@http-nio-8080-exec-5] DISPATCHING GET /acme-one-2.0/inventor/toolkit/show 
2022-04-20 22:27:28.561 DEBUG [acme.framework.controllers.AbstractController@http-nio-8080-exec-5] Command: show 
2022-04-20 22:27:28.562 DEBUG [acme.framework.controllers.AbstractController@http-nio-8080-exec-5] Model:   {id=28} 
2022-04-20 22:27:28.562 DEBUG [acme.framework.controllers.AbstractController@http-nio-8080-exec-5] Locale:  es 
2022-04-20 22:27:28.565 DEBUG [org.hibernate.SQL@http-nio-8080-exec-5] select toolkit0_.id as id1_0_, toolkit0_.version as version2_0_, toolkit0_.assembly_notes as assembly1_15_, toolkit0_.code as code2_15_, toolkit0_.description as descript3_15_, toolkit0_.inventor_id as inventor7_15_, toolkit0_.link as link4_15_, toolkit0_.publish as publish5_15_, toolkit0_.title as title6_15_ from toolkit toolkit0_ where toolkit0_.id=? 
2022-04-20 22:27:28.565 TRACE [org.hibernate.type.descriptor.sql.BasicBinder@http-nio-8080-exec-5] binding parameter [1] as [INTEGER] - [28] 
2022-04-20 22:27:28.568 DEBUG [org.hibernate.SQL@http-nio-8080-exec-5] select inventor0_.id as id1_0_0_, inventor0_.version as version2_0_0_, inventor0_.user_account_id as user_acc1_17_0_, inventor0_.company as company1_8_0_, inventor0_.link as link2_8_0_, inventor0_.statement as statemen3_8_0_, useraccoun1_.id as id1_0_1_, useraccoun1_.version as version2_0_1_, useraccoun1_.enabled as enabled1_16_1_, useraccoun1_.identity as identity2_16_1_, useraccoun1_.password as password3_16_1_, useraccoun1_.username as username4_16_1_ from inventor inventor0_ inner join user_account useraccoun1_ on inventor0_.user_account_id=useraccoun1_.id where inventor0_.id=? 
2022-04-20 22:27:28.569 TRACE [org.hibernate.type.descriptor.sql.BasicBinder@http-nio-8080-exec-5] binding parameter [1] as [INTEGER] - [18] 
2022-04-20 22:27:28.575 DEBUG [org.hibernate.SQL@http-nio-8080-exec-5] select item1_.id as id1_0_, item1_.version as version2_0_, item1_.code as code1_9_, item1_.description as descript2_9_, item1_.inventor_id as inventor9_9_, item1_.link as link3_9_, item1_.name as name4_9_, item1_.quantity_id as quantit10_9_, item1_.retail_price_amount as retail_p5_9_, item1_.retail_price_currency as retail_p6_9_, item1_.technology as technolo7_9_, item1_.toolkit_id as toolkit11_9_, item1_.type as type8_9_ from quantity quantity0_ inner join item item1_ on quantity0_.item_id=item1_.id where quantity0_.toolkit_id=? 
2022-04-20 22:27:28.576 TRACE [org.hibernate.type.descriptor.sql.BasicBinder@http-nio-8080-exec-5] binding parameter [1] as [INTEGER] - [28] 
2022-04-20 22:27:28.582 DEBUG [acme.framework.controllers.AbstractController@http-nio-8080-exec-5] SERVING GET /acme-one-2.0/inventor/toolkit/show 
2022-04-20 22:27:28.583 DEBUG [acme.framework.controllers.AbstractController@http-nio-8080-exec-5] Result: ModelAndView [view="inventor/toolkit/form"; model={assemblyNotes=ejemplo, code=AAA-000, link=http://www.google.com, description=Toolkit 1, currency=, id=28, title=1, retailPrice=0.0, version=0, command=show, principal=acme.framework.entities.Principal@193c199c}] 
2022-04-20 22:27:28.584 DEBUG [acme.framework.components.tiles.DynamicTilesView@http-nio-8080-exec-5] View name 'inventor/toolkit/form', model {assemblyNotes=ejemplo, code=AAA-000, link=http://www.google.com, description=Toolkit 1, currency=, id=28, title=1, retailPrice=0.0, version=0, command=show, principal=acme.framework.entities.Principal@193c199c, org.springframework.validation.BindingResult.principal=org.springframework.validation.BeanPropertyBindingResult: 0 errors} 
2022-04-20 22:27:28.586 DEBUG [org.apache.jasper.servlet.JspServlet@http-nio-8080-exec-5] JspEngine --> /WEB-INF/views/master/page.jsp 
2022-04-20 22:27:28.587 DEBUG [org.apache.jasper.servlet.JspServlet@http-nio-8080-exec-5] ServletPath: /WEB-INF/views/master/page.jsp 
2022-04-20 22:27:28.588 DEBUG [org.apache.jasper.servlet.JspServlet@http-nio-8080-exec-5] PathInfo: null 
2022-04-20 22:27:28.589 DEBUG [org.apache.jasper.servlet.JspServlet@http-nio-8080-exec-5] RealPath: C:\Users\Anita\Desktop\Javier\Workspace-22.0\Projects\Acme-One\target\classes\WEB-INF\views\master\page.jsp 
2022-04-20 22:27:28.589 DEBUG [org.apache.jasper.servlet.JspServlet@http-nio-8080-exec-5] RequestURI: /acme-one-2.0/WEB-INF/views/master/page.jsp 
2022-04-20 22:27:28.590 DEBUG [org.apache.jasper.servlet.JspServlet@http-nio-8080-exec-5] QueryString: id=28 
2022-04-20 22:27:28.653 DEBUG [org.apache.jasper.servlet.JspServlet@http-nio-8080-exec-5] JspEngine --> /WEB-INF/views/inventor/toolkit/form.jsp 
2022-04-20 22:27:28.653 DEBUG [org.apache.jasper.servlet.JspServlet@http-nio-8080-exec-5] ServletPath: /WEB-INF/views/master/page.jsp 
2022-04-20 22:27:28.654 DEBUG [org.apache.jasper.servlet.JspServlet@http-nio-8080-exec-5] PathInfo: null 
2022-04-20 22:27:28.654 DEBUG [org.apache.jasper.servlet.JspServlet@http-nio-8080-exec-5] RealPath: C:\Users\Anita\Desktop\Javier\Workspace-22.0\Projects\Acme-One\target\classes\WEB-INF\views\inventor\toolkit\form.jsp 
2022-04-20 22:27:28.655 DEBUG [org.apache.jasper.servlet.JspServlet@http-nio-8080-exec-5] RequestURI: /acme-one-2.0/WEB-INF/views/master/page.jsp 
2022-04-20 22:27:28.655 DEBUG [org.apache.jasper.servlet.JspServlet@http-nio-8080-exec-5] QueryString: id=28 
2022-04-20 22:27:55.833 DEBUG [acme.framework.controllers.AbstractController@http-nio-8080-exec-10] DISPATCHING GET /acme-one-2.0/inventor/toolkit/list 
2022-04-20 22:27:55.833 DEBUG [acme.framework.controllers.AbstractController@http-nio-8080-exec-10] Command: list 
2022-04-20 22:27:55.833 DEBUG [acme.framework.controllers.AbstractController@http-nio-8080-exec-10] Model:   {} 
2022-04-20 22:27:55.834 DEBUG [acme.framework.controllers.AbstractController@http-nio-8080-exec-10] Locale:  es 
2022-04-20 22:27:55.836 DEBUG [org.hibernate.SQL@http-nio-8080-exec-10] select toolkit0_.id as id1_0_, toolkit0_.version as version2_0_, toolkit0_.assembly_notes as assembly1_15_, toolkit0_.code as code2_15_, toolkit0_.description as descript3_15_, toolkit0_.inventor_id as inventor7_15_, toolkit0_.link as link4_15_, toolkit0_.publish as publish5_15_, toolkit0_.title as title6_15_ from toolkit toolkit0_ cross join inventor inventor1_ where toolkit0_.inventor_id=inventor1_.id and inventor1_.user_account_id=? 
2022-04-20 22:27:55.837 TRACE [org.hibernate.type.descriptor.sql.BasicBinder@http-nio-8080-exec-10] binding parameter [1] as [INTEGER] - [9] 
2022-04-20 22:27:55.839 DEBUG [org.hibernate.SQL@http-nio-8080-exec-10] select inventor0_.id as id1_0_0_, inventor0_.version as version2_0_0_, inventor0_.user_account_id as user_acc1_17_0_, inventor0_.company as company1_8_0_, inventor0_.link as link2_8_0_, inventor0_.statement as statemen3_8_0_, useraccoun1_.id as id1_0_1_, useraccoun1_.version as version2_0_1_, useraccoun1_.enabled as enabled1_16_1_, useraccoun1_.identity as identity2_16_1_, useraccoun1_.password as password3_16_1_, useraccoun1_.username as username4_16_1_ from inventor inventor0_ inner join user_account useraccoun1_ on inventor0_.user_account_id=useraccoun1_.id where inventor0_.id=? 
2022-04-20 22:27:55.840 TRACE [org.hibernate.type.descriptor.sql.BasicBinder@http-nio-8080-exec-10] binding parameter [1] as [INTEGER] - [18] 
2022-04-20 22:27:55.853 DEBUG [acme.framework.controllers.AbstractController@http-nio-8080-exec-10] SERVING GET /acme-one-2.0/inventor/toolkit/list 
2022-04-20 22:27:55.854 DEBUG [acme.framework.controllers.AbstractController@http-nio-8080-exec-10] Result: ModelAndView [view="inventor/toolkit/list"; model={code[0]=AAA-000, version[0]=0, title[0]=1, id[0]=28, list$size=1, command=list, principal=acme.framework.entities.Principal@193c199c}] 
2022-04-20 22:27:55.854 DEBUG [acme.framework.components.tiles.DynamicTilesView@http-nio-8080-exec-10] View name 'inventor/toolkit/list', model {code[0]=AAA-000, version[0]=0, title[0]=1, id[0]=28, list$size=1, command=list, principal=acme.framework.entities.Principal@193c199c, org.springframework.validation.BindingResult.principal=org.springframework.validation.BeanPropertyBindingResult: 0 errors} 
2022-04-20 22:27:55.856 DEBUG [org.apache.jasper.servlet.JspServlet@http-nio-8080-exec-10] JspEngine --> /WEB-INF/views/master/page.jsp 
2022-04-20 22:27:55.856 DEBUG [org.apache.jasper.servlet.JspServlet@http-nio-8080-exec-10] ServletPath: /WEB-INF/views/master/page.jsp 
2022-04-20 22:27:55.857 DEBUG [org.apache.jasper.servlet.JspServlet@http-nio-8080-exec-10] PathInfo: null 
2022-04-20 22:27:55.859 DEBUG [org.apache.jasper.servlet.JspServlet@http-nio-8080-exec-10] RealPath: C:\Users\Anita\Desktop\Javier\Workspace-22.0\Projects\Acme-One\target\classes\WEB-INF\views\master\page.jsp 
2022-04-20 22:27:55.860 DEBUG [org.apache.jasper.servlet.JspServlet@http-nio-8080-exec-10] RequestURI: /acme-one-2.0/WEB-INF/views/master/page.jsp 
2022-04-20 22:27:55.860 DEBUG [org.apache.jasper.servlet.JspServlet@http-nio-8080-exec-10] QueryString: null 
2022-04-20 22:27:55.925 DEBUG [org.apache.jasper.servlet.JspServlet@http-nio-8080-exec-10] JspEngine --> /WEB-INF/views/inventor/toolkit/list.jsp 
2022-04-20 22:27:55.926 DEBUG [org.apache.jasper.servlet.JspServlet@http-nio-8080-exec-10] ServletPath: /WEB-INF/views/master/page.jsp 
2022-04-20 22:27:55.926 DEBUG [org.apache.jasper.servlet.JspServlet@http-nio-8080-exec-10] PathInfo: null 
2022-04-20 22:27:55.927 DEBUG [org.apache.jasper.servlet.JspServlet@http-nio-8080-exec-10] RealPath: C:\Users\Anita\Desktop\Javier\Workspace-22.0\Projects\Acme-One\target\classes\WEB-INF\views\inventor\toolkit\list.jsp 
2022-04-20 22:27:55.927 DEBUG [org.apache.jasper.servlet.JspServlet@http-nio-8080-exec-10] RequestURI: /acme-one-2.0/WEB-INF/views/master/page.jsp 
2022-04-20 22:27:55.928 DEBUG [org.apache.jasper.servlet.JspServlet@http-nio-8080-exec-10] QueryString: null 
