2022-04-08 00:18:03.061 INFO  [acme.Launcher@main] Starting Launcher using Java 1.8.0_281 on PORTATIL_ANITA with PID 2064 (C:\Users\Anita\Desktop\Javier\Workspace-22.0\Frameworks\Acme-Framework-22.3\target\classes started by Anita in C:\Users\Anita\Desktop\Javier\Workspace-22.0\Projects\Acme-One) 
2022-04-08 00:18:03.062 DEBUG [acme.Launcher@main] Running with Spring Boot v2.4.2, Spring v5.3.3 
2022-04-08 00:18:03.063 INFO  [acme.Launcher@main] The following profiles are active: development,default 
2022-04-08 00:18:04.991 DEBUG [org.apache.jasper.servlet.JasperInitializer@main] Initializing Jasper for context [application] 
2022-04-08 00:18:09.424 DEBUG [org.apache.jasper.servlet.JspServlet@main] Scratch dir for the JSP engine is: [C:\Users\Anita\AppData\Local\Temp\tomcat.8080.3944147875542135285\work\Tomcat\localhost\acme-one-2.0] 
2022-04-08 00:18:09.424 DEBUG [org.apache.jasper.servlet.JspServlet@main] IMPORTANT: Do not modify the generated servlets 
2022-04-08 00:18:09.433 INFO  [acme.Launcher@main] Started Launcher in 6.889 seconds (JVM running for 7.445) 
2022-04-08 00:18:09.437 DEBUG [acme.Launcher@main] Found classpath entry '/C:/Users/Anita/Desktop/Javier/Workspace-22.0/Projects/Acme-One/target/classes/' 
2022-04-08 00:18:09.438 DEBUG [acme.Launcher@main] Found classpath entry '/C:/Users/Anita/Desktop/Javier/Workspace-22.0/Projects/Acme-One/target/test-classes/' 
2022-04-08 00:18:09.438 DEBUG [acme.Launcher@main] Found classpath entry '/C:/Users/Anita/.m2/repository/org/springframework/boot/spring-boot-starter-tomcat/2.4.2/spring-boot-starter-tomcat-2.4.2.jar' 
2022-04-08 00:18:09.438 DEBUG [acme.Launcher@main] Found classpath entry '/C:/Users/Anita/.m2/repository/jakarta/annotation/jakarta.annotation-api/1.3.5/jakarta.annotation-api-1.3.5.jar' 
2022-04-08 00:18:09.438 DEBUG [acme.Launcher@main] Found classpath entry '/C:/Users/Anita/.m2/repository/org/apache/tomcat/embed/tomcat-embed-core/9.0.41/tomcat-embed-core-9.0.41.jar' 
2022-04-08 00:18:09.438 DEBUG [acme.Launcher@main] Found classpath entry '/C:/Users/Anita/.m2/repository/org/glassfish/jakarta.el/3.0.3/jakarta.el-3.0.3.jar' 
2022-04-08 00:18:09.439 DEBUG [acme.Launcher@main] Found classpath entry '/C:/Users/Anita/.m2/repository/org/apache/tomcat/embed/tomcat-embed-websocket/9.0.41/tomcat-embed-websocket-9.0.41.jar' 
2022-04-08 00:18:09.439 DEBUG [acme.Launcher@main] Found classpath entry '/C:/Users/Anita/.m2/repository/org/apache/tomcat/embed/tomcat-embed-jasper/9.0.41/tomcat-embed-jasper-9.0.41.jar' 
2022-04-08 00:18:09.439 DEBUG [acme.Launcher@main] Found classpath entry '/C:/Users/Anita/.m2/repository/org/apache/tomcat/embed/tomcat-embed-el/9.0.41/tomcat-embed-el-9.0.41.jar' 
2022-04-08 00:18:09.439 DEBUG [acme.Launcher@main] Found classpath entry '/C:/Users/Anita/.m2/repository/org/eclipse/jdt/ecj/3.18.0/ecj-3.18.0.jar' 
2022-04-08 00:18:09.439 DEBUG [acme.Launcher@main] Found classpath entry '/C:/Users/Anita/.m2/repository/javax/servlet/jstl/1.2/jstl-1.2.jar' 
2022-04-08 00:18:09.439 DEBUG [acme.Launcher@main] Found classpath entry '/C:/Users/Anita/.m2/repository/org/springframework/boot/spring-boot-starter-test/2.4.2/spring-boot-starter-test-2.4.2.jar' 
2022-04-08 00:18:09.439 DEBUG [acme.Launcher@main] Found classpath entry '/C:/Users/Anita/.m2/repository/org/springframework/boot/spring-boot-starter/2.4.2/spring-boot-starter-2.4.2.jar' 
2022-04-08 00:18:09.440 DEBUG [acme.Launcher@main] Found classpath entry '/C:/Users/Anita/.m2/repository/org/springframework/boot/spring-boot/2.4.2/spring-boot-2.4.2.jar' 
2022-04-08 00:18:09.440 DEBUG [acme.Launcher@main] Found classpath entry '/C:/Users/Anita/.m2/repository/org/springframework/boot/spring-boot-autoconfigure/2.4.2/spring-boot-autoconfigure-2.4.2.jar' 
2022-04-08 00:18:09.440 DEBUG [acme.Launcher@main] Found classpath entry '/C:/Users/Anita/.m2/repository/org/springframework/boot/spring-boot-starter-logging/2.4.2/spring-boot-starter-logging-2.4.2.jar' 
2022-04-08 00:18:09.440 DEBUG [acme.Launcher@main] Found classpath entry '/C:/Users/Anita/.m2/repository/ch/qos/logback/logback-classic/1.2.3/logback-classic-1.2.3.jar' 
2022-04-08 00:18:09.440 DEBUG [acme.Launcher@main] Found classpath entry '/C:/Users/Anita/.m2/repository/ch/qos/logback/logback-core/1.2.3/logback-core-1.2.3.jar' 
2022-04-08 00:18:09.441 DEBUG [acme.Launcher@main] Found classpath entry '/C:/Users/Anita/.m2/repository/org/apache/logging/log4j/log4j-to-slf4j/2.13.3/log4j-to-slf4j-2.13.3.jar' 
2022-04-08 00:18:09.441 DEBUG [acme.Launcher@main] Found classpath entry '/C:/Users/Anita/.m2/repository/org/apache/logging/log4j/log4j-api/2.13.3/log4j-api-2.13.3.jar' 
2022-04-08 00:18:09.441 DEBUG [acme.Launcher@main] Found classpath entry '/C:/Users/Anita/.m2/repository/org/slf4j/jul-to-slf4j/1.7.30/jul-to-slf4j-1.7.30.jar' 
2022-04-08 00:18:09.441 DEBUG [acme.Launcher@main] Found classpath entry '/C:/Users/Anita/.m2/repository/org/yaml/snakeyaml/1.27/snakeyaml-1.27.jar' 
2022-04-08 00:18:09.441 DEBUG [acme.Launcher@main] Found classpath entry '/C:/Users/Anita/.m2/repository/org/springframework/boot/spring-boot-test/2.4.2/spring-boot-test-2.4.2.jar' 
2022-04-08 00:18:09.441 DEBUG [acme.Launcher@main] Found classpath entry '/C:/Users/Anita/.m2/repository/org/springframework/boot/spring-boot-test-autoconfigure/2.4.2/spring-boot-test-autoconfigure-2.4.2.jar' 
2022-04-08 00:18:09.442 DEBUG [acme.Launcher@main] Found classpath entry '/C:/Users/Anita/.m2/repository/com/jayway/jsonpath/json-path/2.4.0/json-path-2.4.0.jar' 
2022-04-08 00:18:09.442 DEBUG [acme.Launcher@main] Found classpath entry '/C:/Users/Anita/.m2/repository/net/minidev/json-smart/2.3/json-smart-2.3.jar' 
2022-04-08 00:18:09.442 DEBUG [acme.Launcher@main] Found classpath entry '/C:/Users/Anita/.m2/repository/net/minidev/accessors-smart/1.2/accessors-smart-1.2.jar' 
2022-04-08 00:18:09.442 DEBUG [acme.Launcher@main] Found classpath entry '/C:/Users/Anita/.m2/repository/org/ow2/asm/asm/5.0.4/asm-5.0.4.jar' 
2022-04-08 00:18:09.442 DEBUG [acme.Launcher@main] Found classpath entry '/C:/Users/Anita/.m2/repository/jakarta/xml/bind/jakarta.xml.bind-api/2.3.3/jakarta.xml.bind-api-2.3.3.jar' 
2022-04-08 00:18:09.442 DEBUG [acme.Launcher@main] Found classpath entry '/C:/Users/Anita/.m2/repository/jakarta/activation/jakarta.activation-api/1.2.2/jakarta.activation-api-1.2.2.jar' 
2022-04-08 00:18:09.442 DEBUG [acme.Launcher@main] Found classpath entry '/C:/Users/Anita/.m2/repository/org/assertj/assertj-core/3.18.1/assertj-core-3.18.1.jar' 
2022-04-08 00:18:09.443 DEBUG [acme.Launcher@main] Found classpath entry '/C:/Users/Anita/.m2/repository/org/hamcrest/hamcrest/2.2/hamcrest-2.2.jar' 
2022-04-08 00:18:09.443 DEBUG [acme.Launcher@main] Found classpath entry '/C:/Users/Anita/.m2/repository/org/junit/jupiter/junit-jupiter/5.7.0/junit-jupiter-5.7.0.jar' 
2022-04-08 00:18:09.443 DEBUG [acme.Launcher@main] Found classpath entry '/C:/Users/Anita/.m2/repository/org/mockito/mockito-core/3.6.28/mockito-core-3.6.28.jar' 
2022-04-08 00:18:09.443 DEBUG [acme.Launcher@main] Found classpath entry '/C:/Users/Anita/.m2/repository/net/bytebuddy/byte-buddy-agent/1.10.19/byte-buddy-agent-1.10.19.jar' 
2022-04-08 00:18:09.443 DEBUG [acme.Launcher@main] Found classpath entry '/C:/Users/Anita/.m2/repository/org/objenesis/objenesis/3.1/objenesis-3.1.jar' 
2022-04-08 00:18:09.444 DEBUG [acme.Launcher@main] Found classpath entry '/C:/Users/Anita/.m2/repository/org/mockito/mockito-junit-jupiter/3.6.28/mockito-junit-jupiter-3.6.28.jar' 
2022-04-08 00:18:09.444 DEBUG [acme.Launcher@main] Found classpath entry '/C:/Users/Anita/.m2/repository/org/skyscreamer/jsonassert/1.5.0/jsonassert-1.5.0.jar' 
2022-04-08 00:18:09.444 DEBUG [acme.Launcher@main] Found classpath entry '/C:/Users/Anita/.m2/repository/com/vaadin/external/google/android-json/0.0.20131108.vaadin1/android-json-0.0.20131108.vaadin1.jar' 
2022-04-08 00:18:09.444 DEBUG [acme.Launcher@main] Found classpath entry '/C:/Users/Anita/.m2/repository/org/springframework/spring-core/5.3.3/spring-core-5.3.3.jar' 
2022-04-08 00:18:09.444 DEBUG [acme.Launcher@main] Found classpath entry '/C:/Users/Anita/.m2/repository/org/springframework/spring-jcl/5.3.3/spring-jcl-5.3.3.jar' 
2022-04-08 00:18:09.445 DEBUG [acme.Launcher@main] Found classpath entry '/C:/Users/Anita/.m2/repository/org/springframework/spring-test/5.3.3/spring-test-5.3.3.jar' 
2022-04-08 00:18:09.445 DEBUG [acme.Launcher@main] Found classpath entry '/C:/Users/Anita/.m2/repository/org/xmlunit/xmlunit-core/2.7.0/xmlunit-core-2.7.0.jar' 
2022-04-08 00:18:09.445 DEBUG [acme.Launcher@main] Found classpath entry '/C:/Users/Anita/.m2/repository/org/springframework/boot/spring-boot-starter-security/2.4.2/spring-boot-starter-security-2.4.2.jar' 
2022-04-08 00:18:09.445 DEBUG [acme.Launcher@main] Found classpath entry '/C:/Users/Anita/.m2/repository/org/springframework/spring-aop/5.3.3/spring-aop-5.3.3.jar' 
2022-04-08 00:18:09.445 DEBUG [acme.Launcher@main] Found classpath entry '/C:/Users/Anita/.m2/repository/org/springframework/security/spring-security-web/5.4.2/spring-security-web-5.4.2.jar' 
2022-04-08 00:18:09.446 DEBUG [acme.Launcher@main] Found classpath entry '/C:/Users/Anita/.m2/repository/org/springframework/security/spring-security-core/5.4.2/spring-security-core-5.4.2.jar' 
2022-04-08 00:18:09.446 DEBUG [acme.Launcher@main] Found classpath entry '/C:/Users/Anita/.m2/repository/org/springframework/spring-beans/5.3.3/spring-beans-5.3.3.jar' 
2022-04-08 00:18:09.446 DEBUG [acme.Launcher@main] Found classpath entry '/C:/Users/Anita/.m2/repository/org/springframework/spring-context/5.3.3/spring-context-5.3.3.jar' 
2022-04-08 00:18:09.446 DEBUG [acme.Launcher@main] Found classpath entry '/C:/Users/Anita/.m2/repository/org/springframework/spring-expression/5.3.3/spring-expression-5.3.3.jar' 
2022-04-08 00:18:09.446 DEBUG [acme.Launcher@main] Found classpath entry '/C:/Users/Anita/.m2/repository/org/springframework/spring-web/5.3.3/spring-web-5.3.3.jar' 
2022-04-08 00:18:09.447 DEBUG [acme.Launcher@main] Found classpath entry '/C:/Users/Anita/.m2/repository/org/springframework/security/spring-security-config/5.4.2/spring-security-config-5.4.2.jar' 
2022-04-08 00:18:09.447 DEBUG [acme.Launcher@main] Found classpath entry '/C:/Users/Anita/.m2/repository/org/springframework/security/spring-security-taglibs/5.4.2/spring-security-taglibs-5.4.2.jar' 
2022-04-08 00:18:09.447 DEBUG [acme.Launcher@main] Found classpath entry '/C:/Users/Anita/.m2/repository/org/springframework/security/spring-security-acl/5.4.2/spring-security-acl-5.4.2.jar' 
2022-04-08 00:18:09.447 DEBUG [acme.Launcher@main] Found classpath entry '/C:/Users/Anita/.m2/repository/org/springframework/spring-jdbc/5.3.3/spring-jdbc-5.3.3.jar' 
2022-04-08 00:18:09.447 DEBUG [acme.Launcher@main] Found classpath entry '/C:/Users/Anita/.m2/repository/org/springframework/spring-tx/5.3.3/spring-tx-5.3.3.jar' 
2022-04-08 00:18:09.448 DEBUG [acme.Launcher@main] Found classpath entry '/C:/Users/Anita/.m2/repository/org/springframework/boot/spring-boot-starter-web/2.4.2/spring-boot-starter-web-2.4.2.jar' 
2022-04-08 00:18:09.448 DEBUG [acme.Launcher@main] Found classpath entry '/C:/Users/Anita/.m2/repository/org/springframework/boot/spring-boot-starter-json/2.4.2/spring-boot-starter-json-2.4.2.jar' 
2022-04-08 00:18:09.448 DEBUG [acme.Launcher@main] Found classpath entry '/C:/Users/Anita/.m2/repository/com/fasterxml/jackson/core/jackson-databind/2.11.4/jackson-databind-2.11.4.jar' 
2022-04-08 00:18:09.448 DEBUG [acme.Launcher@main] Found classpath entry '/C:/Users/Anita/.m2/repository/com/fasterxml/jackson/core/jackson-annotations/2.11.4/jackson-annotations-2.11.4.jar' 
2022-04-08 00:18:09.448 DEBUG [acme.Launcher@main] Found classpath entry '/C:/Users/Anita/.m2/repository/com/fasterxml/jackson/core/jackson-core/2.11.4/jackson-core-2.11.4.jar' 
2022-04-08 00:18:09.448 DEBUG [acme.Launcher@main] Found classpath entry '/C:/Users/Anita/.m2/repository/com/fasterxml/jackson/datatype/jackson-datatype-jdk8/2.11.4/jackson-datatype-jdk8-2.11.4.jar' 
2022-04-08 00:18:09.448 DEBUG [acme.Launcher@main] Found classpath entry '/C:/Users/Anita/.m2/repository/com/fasterxml/jackson/datatype/jackson-datatype-jsr310/2.11.4/jackson-datatype-jsr310-2.11.4.jar' 
2022-04-08 00:18:09.448 DEBUG [acme.Launcher@main] Found classpath entry '/C:/Users/Anita/.m2/repository/com/fasterxml/jackson/module/jackson-module-parameter-names/2.11.4/jackson-module-parameter-names-2.11.4.jar' 
2022-04-08 00:18:09.449 DEBUG [acme.Launcher@main] Found classpath entry '/C:/Users/Anita/.m2/repository/org/springframework/spring-webmvc/5.3.3/spring-webmvc-5.3.3.jar' 
2022-04-08 00:18:09.449 DEBUG [acme.Launcher@main] Found classpath entry '/C:/Users/Anita/.m2/repository/org/apache/tiles/tiles-jsp/3.0.8/tiles-jsp-3.0.8.jar' 
2022-04-08 00:18:09.449 DEBUG [acme.Launcher@main] Found classpath entry '/C:/Users/Anita/.m2/repository/org/apache/tiles/tiles-servlet/3.0.8/tiles-servlet-3.0.8.jar' 
2022-04-08 00:18:09.449 DEBUG [acme.Launcher@main] Found classpath entry '/C:/Users/Anita/.m2/repository/org/apache/tiles/tiles-core/3.0.8/tiles-core-3.0.8.jar' 
2022-04-08 00:18:09.449 DEBUG [acme.Launcher@main] Found classpath entry '/C:/Users/Anita/.m2/repository/commons-digester/commons-digester/2.0/commons-digester-2.0.jar' 
2022-04-08 00:18:09.449 DEBUG [acme.Launcher@main] Found classpath entry '/C:/Users/Anita/.m2/repository/org/slf4j/jcl-over-slf4j/1.7.30/jcl-over-slf4j-1.7.30.jar' 
2022-04-08 00:18:09.449 DEBUG [acme.Launcher@main] Found classpath entry '/C:/Users/Anita/.m2/repository/org/apache/tiles/tiles-request-servlet/1.0.7/tiles-request-servlet-1.0.7.jar' 
2022-04-08 00:18:09.449 DEBUG [acme.Launcher@main] Found classpath entry '/C:/Users/Anita/.m2/repository/org/apache/tiles/tiles-template/3.0.8/tiles-template-3.0.8.jar' 
2022-04-08 00:18:09.449 DEBUG [acme.Launcher@main] Found classpath entry '/C:/Users/Anita/.m2/repository/org/apache/tiles/tiles-api/3.0.8/tiles-api-3.0.8.jar' 
2022-04-08 00:18:09.450 DEBUG [acme.Launcher@main] Found classpath entry '/C:/Users/Anita/.m2/repository/org/apache/tiles/tiles-autotag-core-runtime/1.2/tiles-autotag-core-runtime-1.2.jar' 
2022-04-08 00:18:09.450 DEBUG [acme.Launcher@main] Found classpath entry '/C:/Users/Anita/.m2/repository/org/slf4j/slf4j-api/1.7.30/slf4j-api-1.7.30.jar' 
2022-04-08 00:18:09.450 DEBUG [acme.Launcher@main] Found classpath entry '/C:/Users/Anita/.m2/repository/org/apache/tiles/tiles-request-jsp/1.0.7/tiles-request-jsp-1.0.7.jar' 
2022-04-08 00:18:09.450 DEBUG [acme.Launcher@main] Found classpath entry '/C:/Users/Anita/.m2/repository/org/apache/tiles/tiles-request-api/1.0.7/tiles-request-api-1.0.7.jar' 
2022-04-08 00:18:09.450 DEBUG [acme.Launcher@main] Found classpath entry '/C:/Users/Anita/.m2/repository/org/springframework/boot/spring-boot-starter-data-jpa/2.4.2/spring-boot-starter-data-jpa-2.4.2.jar' 
2022-04-08 00:18:09.450 DEBUG [acme.Launcher@main] Found classpath entry '/C:/Users/Anita/.m2/repository/org/springframework/boot/spring-boot-starter-aop/2.4.2/spring-boot-starter-aop-2.4.2.jar' 
2022-04-08 00:18:09.450 DEBUG [acme.Launcher@main] Found classpath entry '/C:/Users/Anita/.m2/repository/org/aspectj/aspectjweaver/1.9.6/aspectjweaver-1.9.6.jar' 
2022-04-08 00:18:09.450 DEBUG [acme.Launcher@main] Found classpath entry '/C:/Users/Anita/.m2/repository/org/springframework/boot/spring-boot-starter-jdbc/2.4.2/spring-boot-starter-jdbc-2.4.2.jar' 
2022-04-08 00:18:09.451 DEBUG [acme.Launcher@main] Found classpath entry '/C:/Users/Anita/.m2/repository/jakarta/transaction/jakarta.transaction-api/1.3.3/jakarta.transaction-api-1.3.3.jar' 
2022-04-08 00:18:09.451 DEBUG [acme.Launcher@main] Found classpath entry '/C:/Users/Anita/.m2/repository/jakarta/persistence/jakarta.persistence-api/2.2.3/jakarta.persistence-api-2.2.3.jar' 
2022-04-08 00:18:09.451 DEBUG [acme.Launcher@main] Found classpath entry '/C:/Users/Anita/.m2/repository/org/hibernate/hibernate-core/5.4.27.Final/hibernate-core-5.4.27.Final.jar' 
2022-04-08 00:18:09.451 DEBUG [acme.Launcher@main] Found classpath entry '/C:/Users/Anita/.m2/repository/org/jboss/logging/jboss-logging/3.4.1.Final/jboss-logging-3.4.1.Final.jar' 
2022-04-08 00:18:09.451 DEBUG [acme.Launcher@main] Found classpath entry '/C:/Users/Anita/.m2/repository/org/javassist/javassist/3.27.0-GA/javassist-3.27.0-GA.jar' 
2022-04-08 00:18:09.451 DEBUG [acme.Launcher@main] Found classpath entry '/C:/Users/Anita/.m2/repository/antlr/antlr/2.7.7/antlr-2.7.7.jar' 
2022-04-08 00:18:09.451 DEBUG [acme.Launcher@main] Found classpath entry '/C:/Users/Anita/.m2/repository/org/jboss/jandex/2.1.3.Final/jandex-2.1.3.Final.jar' 
2022-04-08 00:18:09.452 DEBUG [acme.Launcher@main] Found classpath entry '/C:/Users/Anita/.m2/repository/com/fasterxml/classmate/1.5.1/classmate-1.5.1.jar' 
2022-04-08 00:18:09.452 DEBUG [acme.Launcher@main] Found classpath entry '/C:/Users/Anita/.m2/repository/org/dom4j/dom4j/2.1.3/dom4j-2.1.3.jar' 
2022-04-08 00:18:09.452 DEBUG [acme.Launcher@main] Found classpath entry '/C:/Users/Anita/.m2/repository/org/hibernate/common/hibernate-commons-annotations/5.1.2.Final/hibernate-commons-annotations-5.1.2.Final.jar' 
2022-04-08 00:18:09.452 DEBUG [acme.Launcher@main] Found classpath entry '/C:/Users/Anita/.m2/repository/org/glassfish/jaxb/jaxb-runtime/2.3.3/jaxb-runtime-2.3.3.jar' 
2022-04-08 00:18:09.452 DEBUG [acme.Launcher@main] Found classpath entry '/C:/Users/Anita/.m2/repository/org/glassfish/jaxb/txw2/2.3.3/txw2-2.3.3.jar' 
2022-04-08 00:18:09.452 DEBUG [acme.Launcher@main] Found classpath entry '/C:/Users/Anita/.m2/repository/com/sun/istack/istack-commons-runtime/3.0.11/istack-commons-runtime-3.0.11.jar' 
2022-04-08 00:18:09.452 DEBUG [acme.Launcher@main] Found classpath entry '/C:/Users/Anita/.m2/repository/com/sun/activation/jakarta.activation/1.2.2/jakarta.activation-1.2.2.jar' 
2022-04-08 00:18:09.452 DEBUG [acme.Launcher@main] Found classpath entry '/C:/Users/Anita/.m2/repository/org/springframework/data/spring-data-jpa/2.4.3/spring-data-jpa-2.4.3.jar' 
2022-04-08 00:18:09.453 DEBUG [acme.Launcher@main] Found classpath entry '/C:/Users/Anita/.m2/repository/org/springframework/data/spring-data-commons/2.4.3/spring-data-commons-2.4.3.jar' 
2022-04-08 00:18:09.453 DEBUG [acme.Launcher@main] Found classpath entry '/C:/Users/Anita/.m2/repository/org/springframework/spring-orm/5.3.3/spring-orm-5.3.3.jar' 
2022-04-08 00:18:09.453 DEBUG [acme.Launcher@main] Found classpath entry '/C:/Users/Anita/.m2/repository/org/springframework/spring-aspects/5.3.3/spring-aspects-5.3.3.jar' 
2022-04-08 00:18:09.453 DEBUG [acme.Launcher@main] Found classpath entry '/C:/Users/Anita/.m2/repository/org/springframework/boot/spring-boot-starter-validation/2.4.2/spring-boot-starter-validation-2.4.2.jar' 
2022-04-08 00:18:09.453 DEBUG [acme.Launcher@main] Found classpath entry '/C:/Users/Anita/.m2/repository/org/hibernate/validator/hibernate-validator/6.1.7.Final/hibernate-validator-6.1.7.Final.jar' 
2022-04-08 00:18:09.453 DEBUG [acme.Launcher@main] Found classpath entry '/C:/Users/Anita/.m2/repository/jakarta/validation/jakarta.validation-api/2.0.2/jakarta.validation-api-2.0.2.jar' 
2022-04-08 00:18:09.453 DEBUG [acme.Launcher@main] Found classpath entry '/C:/Users/Anita/.m2/repository/mysql/mysql-connector-java/8.0.22/mysql-connector-java-8.0.22.jar' 
2022-04-08 00:18:09.453 DEBUG [acme.Launcher@main] Found classpath entry '/C:/Users/Anita/.m2/repository/com/zaxxer/HikariCP/3.4.5/HikariCP-3.4.5.jar' 
2022-04-08 00:18:09.454 DEBUG [acme.Launcher@main] Found classpath entry '/C:/Users/Anita/.m2/repository/org/junit/jupiter/junit-jupiter-engine/5.7.0/junit-jupiter-engine-5.7.0.jar' 
2022-04-08 00:18:09.454 DEBUG [acme.Launcher@main] Found classpath entry '/C:/Users/Anita/.m2/repository/org/apiguardian/apiguardian-api/1.1.0/apiguardian-api-1.1.0.jar' 
2022-04-08 00:18:09.454 DEBUG [acme.Launcher@main] Found classpath entry '/C:/Users/Anita/.m2/repository/org/junit/platform/junit-platform-engine/1.7.0/junit-platform-engine-1.7.0.jar' 
2022-04-08 00:18:09.454 DEBUG [acme.Launcher@main] Found classpath entry '/C:/Users/Anita/.m2/repository/org/junit/jupiter/junit-jupiter-api/5.7.0/junit-jupiter-api-5.7.0.jar' 
2022-04-08 00:18:09.454 DEBUG [acme.Launcher@main] Found classpath entry '/C:/Users/Anita/.m2/repository/org/opentest4j/opentest4j/1.2.0/opentest4j-1.2.0.jar' 
2022-04-08 00:18:09.454 DEBUG [acme.Launcher@main] Found classpath entry '/C:/Users/Anita/.m2/repository/org/junit/platform/junit-platform-commons/1.7.0/junit-platform-commons-1.7.0.jar' 
2022-04-08 00:18:09.454 DEBUG [acme.Launcher@main] Found classpath entry '/C:/Users/Anita/.m2/repository/org/junit/jupiter/junit-jupiter-params/5.7.0/junit-jupiter-params-5.7.0.jar' 
2022-04-08 00:18:09.455 DEBUG [acme.Launcher@main] Found classpath entry '/C:/Users/Anita/.m2/repository/org/junit/platform/junit-platform-launcher/1.7.0/junit-platform-launcher-1.7.0.jar' 
2022-04-08 00:18:09.455 DEBUG [acme.Launcher@main] Found classpath entry '/C:/Users/Anita/.m2/repository/org/seleniumhq/selenium/selenium-java/3.141.59/selenium-java-3.141.59.jar' 
2022-04-08 00:18:09.455 DEBUG [acme.Launcher@main] Found classpath entry '/C:/Users/Anita/.m2/repository/org/seleniumhq/selenium/selenium-api/3.141.59/selenium-api-3.141.59.jar' 
2022-04-08 00:18:09.455 DEBUG [acme.Launcher@main] Found classpath entry '/C:/Users/Anita/.m2/repository/org/seleniumhq/selenium/selenium-chrome-driver/3.141.59/selenium-chrome-driver-3.141.59.jar' 
2022-04-08 00:18:09.455 DEBUG [acme.Launcher@main] Found classpath entry '/C:/Users/Anita/.m2/repository/org/seleniumhq/selenium/selenium-edge-driver/3.141.59/selenium-edge-driver-3.141.59.jar' 
2022-04-08 00:18:09.455 DEBUG [acme.Launcher@main] Found classpath entry '/C:/Users/Anita/.m2/repository/org/seleniumhq/selenium/selenium-firefox-driver/3.141.59/selenium-firefox-driver-3.141.59.jar' 
2022-04-08 00:18:09.455 DEBUG [acme.Launcher@main] Found classpath entry '/C:/Users/Anita/.m2/repository/org/seleniumhq/selenium/selenium-ie-driver/3.141.59/selenium-ie-driver-3.141.59.jar' 
2022-04-08 00:18:09.455 DEBUG [acme.Launcher@main] Found classpath entry '/C:/Users/Anita/.m2/repository/org/seleniumhq/selenium/selenium-opera-driver/3.141.59/selenium-opera-driver-3.141.59.jar' 
2022-04-08 00:18:09.456 DEBUG [acme.Launcher@main] Found classpath entry '/C:/Users/Anita/.m2/repository/org/seleniumhq/selenium/selenium-remote-driver/3.141.59/selenium-remote-driver-3.141.59.jar' 
2022-04-08 00:18:09.456 DEBUG [acme.Launcher@main] Found classpath entry '/C:/Users/Anita/.m2/repository/org/seleniumhq/selenium/selenium-safari-driver/3.141.59/selenium-safari-driver-3.141.59.jar' 
2022-04-08 00:18:09.456 DEBUG [acme.Launcher@main] Found classpath entry '/C:/Users/Anita/.m2/repository/org/seleniumhq/selenium/selenium-support/3.141.59/selenium-support-3.141.59.jar' 
2022-04-08 00:18:09.456 DEBUG [acme.Launcher@main] Found classpath entry '/C:/Users/Anita/.m2/repository/net/bytebuddy/byte-buddy/1.10.19/byte-buddy-1.10.19.jar' 
2022-04-08 00:18:09.456 DEBUG [acme.Launcher@main] Found classpath entry '/C:/Users/Anita/.m2/repository/org/apache/commons/commons-exec/1.3/commons-exec-1.3.jar' 
2022-04-08 00:18:09.457 DEBUG [acme.Launcher@main] Found classpath entry '/C:/Users/Anita/.m2/repository/com/google/guava/guava/25.0-jre/guava-25.0-jre.jar' 
2022-04-08 00:18:09.457 DEBUG [acme.Launcher@main] Found classpath entry '/C:/Users/Anita/.m2/repository/com/google/code/findbugs/jsr305/1.3.9/jsr305-1.3.9.jar' 
2022-04-08 00:18:09.457 DEBUG [acme.Launcher@main] Found classpath entry '/C:/Users/Anita/.m2/repository/org/checkerframework/checker-compat-qual/2.0.0/checker-compat-qual-2.0.0.jar' 
2022-04-08 00:18:09.457 DEBUG [acme.Launcher@main] Found classpath entry '/C:/Users/Anita/.m2/repository/com/google/errorprone/error_prone_annotations/2.1.3/error_prone_annotations-2.1.3.jar' 
2022-04-08 00:18:09.457 DEBUG [acme.Launcher@main] Found classpath entry '/C:/Users/Anita/.m2/repository/com/google/j2objc/j2objc-annotations/1.1/j2objc-annotations-1.1.jar' 
2022-04-08 00:18:09.457 DEBUG [acme.Launcher@main] Found classpath entry '/C:/Users/Anita/.m2/repository/org/codehaus/mojo/animal-sniffer-annotations/1.14/animal-sniffer-annotations-1.14.jar' 
2022-04-08 00:18:09.457 DEBUG [acme.Launcher@main] Found classpath entry '/C:/Users/Anita/.m2/repository/com/squareup/okhttp3/okhttp/3.14.9/okhttp-3.14.9.jar' 
2022-04-08 00:18:09.457 DEBUG [acme.Launcher@main] Found classpath entry '/C:/Users/Anita/.m2/repository/com/squareup/okio/okio/1.14.0/okio-1.14.0.jar' 
2022-04-08 00:18:09.457 DEBUG [acme.Launcher@main] Found classpath entry '/C:/Users/Anita/.m2/repository/org/apache/commons/commons-lang3/3.11/commons-lang3-3.11.jar' 
2022-04-08 00:18:09.458 DEBUG [acme.Launcher@main] Found classpath entry '/C:/Users/Anita/.m2/repository/org/apache/commons/commons-text/1.8/commons-text-1.8.jar' 
2022-04-08 00:18:09.458 DEBUG [acme.Launcher@main] Found classpath entry '/C:/Users/Anita/.m2/repository/commons-io/commons-io/2.6/commons-io-2.6.jar' 
2022-04-08 00:18:09.458 DEBUG [acme.Launcher@main] Found classpath entry '/C:/Users/Anita/.m2/repository/commons-cli/commons-cli/1.4/commons-cli-1.4.jar' 
2022-04-08 00:18:09.458 DEBUG [acme.Launcher@main] Found classpath entry '/C:/Users/Anita/.m2/repository/org/projectlombok/lombok/1.18.16/lombok-1.18.16.jar' 
2022-04-08 00:18:09.458 DEBUG [acme.Launcher@main] Found classpath entry '/C:/Users/Anita/.m2/repository/com/opencsv/opencsv/5.4/opencsv-5.4.jar' 
2022-04-08 00:18:09.458 DEBUG [acme.Launcher@main] Found classpath entry '/C:/Users/Anita/.m2/repository/commons-beanutils/commons-beanutils/1.9.4/commons-beanutils-1.9.4.jar' 
2022-04-08 00:18:09.458 DEBUG [acme.Launcher@main] Found classpath entry '/C:/Users/Anita/.m2/repository/commons-logging/commons-logging/1.2/commons-logging-1.2.jar' 
2022-04-08 00:18:09.458 DEBUG [acme.Launcher@main] Found classpath entry '/C:/Users/Anita/.m2/repository/commons-collections/commons-collections/3.2.2/commons-collections-3.2.2.jar' 
2022-04-08 00:18:09.459 DEBUG [acme.Launcher@main] Found classpath entry '/C:/Users/Anita/.m2/repository/org/apache/commons/commons-collections4/4.4/commons-collections4-4.4.jar' 
2022-04-08 00:18:09.459 DEBUG [acme.Launcher@main] Found classpath entry '/C:/Users/Anita/Desktop/Javier/Workspace-22.0/Frameworks/Acme-Framework-22.3/target/classes/' 
2022-04-08 00:18:09.459 DEBUG [acme.Launcher@main] Found classpath entry '/C:/Users/Anita/Desktop/Javier/Workspace-22.0/Frameworks/Acme-Framework-22.3/target/test-classes/' 
2022-04-08 00:18:09.516 DEBUG [acme.Launcher@main] Found entity class 'acme.entities.Announcement 
2022-04-08 00:18:09.516 DEBUG [acme.Launcher@main] Found entity class 'acme.entities.Chirp 
2022-04-08 00:18:09.516 DEBUG [acme.Launcher@main] Found entity class 'acme.entities.Item 
2022-04-08 00:18:09.516 DEBUG [acme.Launcher@main] Found entity class 'acme.entities.Patronage 
2022-04-08 00:18:09.516 DEBUG [acme.Launcher@main] Found entity class 'acme.entities.PatronageReport 
2022-04-08 00:18:09.517 DEBUG [acme.Launcher@main] Found entity class 'acme.entities.Quantity 
2022-04-08 00:18:09.517 DEBUG [acme.Launcher@main] Found entity class 'acme.entities.Toolkit 
2022-04-08 00:18:09.517 DEBUG [acme.Launcher@main] Found entity class 'acme.roles.Consumer 
2022-04-08 00:18:09.517 DEBUG [acme.Launcher@main] Found entity class 'acme.roles.Inventor 
2022-04-08 00:18:09.517 DEBUG [acme.Launcher@main] Found entity class 'acme.roles.Patron 
2022-04-08 00:18:09.517 DEBUG [acme.Launcher@main] Found entity class 'acme.roles.Provider 
2022-04-08 00:18:09.517 DEBUG [acme.Launcher@main] Found entity class 'acme.framework.entities.UserAccount 
2022-04-08 00:18:09.517 DEBUG [acme.Launcher@main] Found entity class 'acme.framework.roles.Administrator 
2022-04-08 00:18:09.517 DEBUG [acme.Launcher@main] Found entity class 'acme.framework.roles.Anonymous 
2022-04-08 00:18:09.517 DEBUG [acme.Launcher@main] Found entity class 'acme.framework.roles.Any 
2022-04-08 00:18:09.517 DEBUG [acme.Launcher@main] Found entity class 'acme.framework.roles.Authenticated 
2022-04-08 00:18:09.520 INFO  [acme.Launcher@main] Running application (Standalone) 
2022-04-08 00:18:48.536 DEBUG [acme.framework.components.tiles.DynamicTilesView@http-nio-8080-exec-2] View name 'master/sign-in', model {username=, password=, remember=false} 
2022-04-08 00:18:48.556 DEBUG [org.apache.tiles.definition.dao.BaseLocaleUrlDefinitionDAO@http-nio-8080-exec-2] File Resource file:/C:/Users/Anita/Desktop/Javier/Workspace-22.0/Projects/Acme-One/target/classes/WEB-INF/views/master/tiles_en.xml at file:/C:/Users/Anita/Desktop/Javier/Workspace-22.0/Projects/Acme-One/target/classes/WEB-INF/views/master/tiles_en.xml not found, continue 
2022-04-08 00:18:48.564 DEBUG [org.apache.jasper.servlet.JspServlet@http-nio-8080-exec-2] JspEngine --> /WEB-INF/views/master/page.jsp 
2022-04-08 00:18:48.564 DEBUG [org.apache.jasper.servlet.JspServlet@http-nio-8080-exec-2] ServletPath: /WEB-INF/views/master/page.jsp 
2022-04-08 00:18:48.565 DEBUG [org.apache.jasper.servlet.JspServlet@http-nio-8080-exec-2] PathInfo: null 
2022-04-08 00:18:48.567 DEBUG [org.apache.jasper.servlet.JspServlet@http-nio-8080-exec-2] RealPath: C:\Users\Anita\Desktop\Javier\Workspace-22.0\Projects\Acme-One\target\classes\WEB-INF\views\master\page.jsp 
2022-04-08 00:18:48.568 DEBUG [org.apache.jasper.servlet.JspServlet@http-nio-8080-exec-2] RequestURI: /acme-one-2.0/WEB-INF/views/master/page.jsp 
2022-04-08 00:18:48.569 DEBUG [org.apache.jasper.servlet.JspServlet@http-nio-8080-exec-2] QueryString: error 
2022-04-08 00:18:51.873 DEBUG [acme.framework.configuration.ExtendedMessageSource@http-nio-8080-exec-2] Loading properties [C:\Users\Anita\Desktop\Javier\Workspace-22.0\Projects\Acme-One\target\classes\WEB-INF\views\administrator\user-account\messages-en.i18n] with encoding 'utf-8' 
2022-04-08 00:18:51.875 DEBUG [acme.framework.configuration.ExtendedMessageSource@http-nio-8080-exec-2] Loading properties [C:\Users\Anita\Desktop\Javier\Workspace-22.0\Projects\Acme-One\target\classes\WEB-INF\views\authenticated\consumer\messsages-en.i18n] with encoding 'utf-8' 
2022-04-08 00:18:51.875 DEBUG [acme.framework.configuration.ExtendedMessageSource@http-nio-8080-exec-2] Loading properties [C:\Users\Anita\Desktop\Javier\Workspace-22.0\Projects\Acme-One\target\classes\WEB-INF\views\authenticated\patron\patronages\messsages-en.i18n] with encoding 'utf-8' 
2022-04-08 00:18:51.876 DEBUG [acme.framework.configuration.ExtendedMessageSource@http-nio-8080-exec-2] Loading properties [C:\Users\Anita\Desktop\Javier\Workspace-22.0\Projects\Acme-One\target\classes\WEB-INF\views\authenticated\provider\messsages-en.i18n] with encoding 'utf-8' 
2022-04-08 00:18:51.877 DEBUG [acme.framework.configuration.ExtendedMessageSource@http-nio-8080-exec-2] Loading properties [C:\Users\Anita\Desktop\Javier\Workspace-22.0\Projects\Acme-One\target\classes\WEB-INF\views\fragments\banner-en.i18n] with encoding 'utf-8' 
2022-04-08 00:18:51.878 DEBUG [acme.framework.configuration.ExtendedMessageSource@http-nio-8080-exec-2] Loading properties [C:\Users\Anita\Desktop\Javier\Workspace-22.0\Projects\Acme-One\target\classes\WEB-INF\views\fragments\company-en.i18n] with encoding 'utf-8' 
2022-04-08 00:18:51.879 DEBUG [acme.framework.configuration.ExtendedMessageSource@http-nio-8080-exec-2] Loading properties [C:\Users\Anita\Desktop\Javier\Workspace-22.0\Projects\Acme-One\target\classes\WEB-INF\views\fragments\footer-en.i18n] with encoding 'utf-8' 
2022-04-08 00:18:51.879 DEBUG [acme.framework.configuration.ExtendedMessageSource@http-nio-8080-exec-2] Loading properties [C:\Users\Anita\Desktop\Javier\Workspace-22.0\Projects\Acme-One\target\classes\WEB-INF\views\fragments\license-en.i18n] with encoding 'utf-8' 
2022-04-08 00:18:51.880 DEBUG [acme.framework.configuration.ExtendedMessageSource@http-nio-8080-exec-2] Loading properties [C:\Users\Anita\Desktop\Javier\Workspace-22.0\Projects\Acme-One\target\classes\WEB-INF\views\fragments\menu-en.i18n] with encoding 'utf-8' 
2022-04-08 00:18:51.881 DEBUG [acme.framework.configuration.ExtendedMessageSource@http-nio-8080-exec-2] Loading properties [C:\Users\Anita\Desktop\Javier\Workspace-22.0\Projects\Acme-One\target\classes\WEB-INF\views\fragments\messsages-en.i18n] with encoding 'utf-8' 
2022-04-08 00:18:51.883 DEBUG [acme.framework.configuration.ExtendedMessageSource@http-nio-8080-exec-2] Loading properties [C:\Users\Anita\Desktop\Javier\Workspace-22.0\Projects\Acme-One\target\classes\WEB-INF\views\fragments\title-en.i18n] with encoding 'utf-8' 
2022-04-08 00:18:51.884 DEBUG [acme.framework.configuration.ExtendedMessageSource@http-nio-8080-exec-2] Loading properties [C:\Users\Anita\Desktop\Javier\Workspace-22.0\Projects\Acme-One\target\classes\WEB-INF\views\fragments\welcome-en.i18n] with encoding 'utf-8' 
2022-04-08 00:18:51.885 DEBUG [acme.framework.configuration.ExtendedMessageSource@http-nio-8080-exec-2] Loading properties [C:\Users\Anita\Desktop\Javier\Workspace-22.0\Projects\Acme-One\target\classes\WEB-INF\views\master\defaults-en.i18n] with encoding 'utf-8' 
2022-04-08 00:18:51.887 DEBUG [acme.framework.configuration.ExtendedMessageSource@http-nio-8080-exec-2] Loading properties [C:\Users\Anita\Desktop\Javier\Workspace-22.0\Projects\Acme-One\target\classes\WEB-INF\views\master\master-en.i18n] with encoding 'utf-8' 
2022-04-08 00:18:51.888 DEBUG [acme.framework.configuration.ExtendedMessageSource@http-nio-8080-exec-2] Loading properties [C:\Users\Anita\Desktop\Javier\Workspace-22.0\Projects\Acme-One\target\classes\WEB-INF\views\master\throwables-en.i18n] with encoding 'utf-8' 
2022-04-08 00:18:51.888 DEBUG [acme.framework.configuration.ExtendedMessageSource@http-nio-8080-exec-2] Loading properties [C:\Users\Anita\Desktop\Javier\Workspace-22.0\Projects\Acme-One\target\classes\WEB-INF\views\master\validation-en.i18n] with encoding 'utf-8' 
2022-04-08 00:18:52.026 DEBUG [org.apache.jasper.servlet.JspServlet@http-nio-8080-exec-2] JspEngine --> /WEB-INF/views/master/sign-in.jsp 
2022-04-08 00:18:52.026 DEBUG [org.apache.jasper.servlet.JspServlet@http-nio-8080-exec-2] ServletPath: /WEB-INF/views/master/page.jsp 
2022-04-08 00:18:52.026 DEBUG [org.apache.jasper.servlet.JspServlet@http-nio-8080-exec-2] PathInfo: null 
2022-04-08 00:18:52.027 DEBUG [org.apache.jasper.servlet.JspServlet@http-nio-8080-exec-2] RealPath: C:\Users\Anita\Desktop\Javier\Workspace-22.0\Projects\Acme-One\target\classes\WEB-INF\views\master\sign-in.jsp 
2022-04-08 00:18:52.028 DEBUG [org.apache.jasper.servlet.JspServlet@http-nio-8080-exec-2] RequestURI: /acme-one-2.0/WEB-INF/views/master/page.jsp 
2022-04-08 00:18:52.028 DEBUG [org.apache.jasper.servlet.JspServlet@http-nio-8080-exec-2] QueryString: error 
2022-04-08 00:18:53.414 DEBUG [org.hibernate.SQL@http-nio-8080-exec-2] select useraccoun0_.id as id1_0_, useraccoun0_.version as version2_0_, useraccoun0_.enabled as enabled1_16_, useraccoun0_.identity as identity2_16_, useraccoun0_.password as password3_16_, useraccoun0_.username as username4_16_ from user_account useraccoun0_ where useraccoun0_.username=? 
2022-04-08 00:18:53.431 TRACE [org.hibernate.type.descriptor.sql.BasicBinder@http-nio-8080-exec-2] binding parameter [1] as [VARCHAR] - [anonymous] 
2022-04-08 00:18:53.468 DEBUG [org.hibernate.SQL@http-nio-8080-exec-2] select roles0_.user_account_id as user_acc1_17_0_, roles0_.id as id1_17_0_, roles0_.id as id1_0_1_, roles0_.version as version2_0_1_, roles0_.user_account_id as user_acc1_17_1_, roles0_.company as company1_7_1_, roles0_.sector as sector2_7_1_, roles0_.company as company1_8_1_, roles0_.link as link2_8_1_, roles0_.statement as statemen3_8_1_, roles0_.company as company1_10_1_, roles0_.link as link2_10_1_, roles0_.statement as statemen3_10_1_, roles0_.company as company1_13_1_, roles0_.sector as sector2_13_1_, roles0_.clazz_ as clazz_1_ from ( select id, version, user_account_id, company, sector, null as link, null as statement, 9 as clazz_ from consumer union all select id, version, user_account_id, company, null as sector, link, statement, 10 as clazz_ from inventor union all select id, version, user_account_id, company, null as sector, link, statement, 11 as clazz_ from patron union all select id, version, user_account_id, company, sector, null as link, null as statement, 12 as clazz_ from provider union all select id, version, user_account_id, null as company, null as sector, null as link, null as statement, 14 as clazz_ from administrator union all select id, version, user_account_id, null as company, null as sector, null as link, null as statement, 15 as clazz_ from anonymous union all select id, version, user_account_id, null as company, null as sector, null as link, null as statement, 16 as clazz_ from any union all select id, version, user_account_id, null as company, null as sector, null as link, null as statement, 17 as clazz_ from authenticated ) roles0_ where roles0_.user_account_id=? 
2022-04-08 00:18:53.468 TRACE [org.hibernate.type.descriptor.sql.BasicBinder@http-nio-8080-exec-2] binding parameter [1] as [INTEGER] - [2] 
2022-04-08 00:18:58.128 DEBUG [acme.framework.components.tiles.DynamicTilesView@http-nio-8080-exec-6] View name 'fragments/welcome', model {} 
2022-04-08 00:18:58.130 DEBUG [org.apache.jasper.servlet.JspServlet@http-nio-8080-exec-6] JspEngine --> /WEB-INF/views/master/page.jsp 
2022-04-08 00:18:58.130 DEBUG [org.apache.jasper.servlet.JspServlet@http-nio-8080-exec-6] ServletPath: /WEB-INF/views/master/page.jsp 
2022-04-08 00:18:58.131 DEBUG [org.apache.jasper.servlet.JspServlet@http-nio-8080-exec-6] PathInfo: null 
2022-04-08 00:18:58.137 DEBUG [org.apache.jasper.servlet.JspServlet@http-nio-8080-exec-6] RealPath: C:\Users\Anita\Desktop\Javier\Workspace-22.0\Projects\Acme-One\target\classes\WEB-INF\views\master\page.jsp 
2022-04-08 00:18:58.138 DEBUG [org.apache.jasper.servlet.JspServlet@http-nio-8080-exec-6] RequestURI: /acme-one-2.0/WEB-INF/views/master/page.jsp 
2022-04-08 00:18:58.139 DEBUG [org.apache.jasper.servlet.JspServlet@http-nio-8080-exec-6] QueryString: null 
2022-04-08 00:18:58.216 DEBUG [org.apache.jasper.servlet.JspServlet@http-nio-8080-exec-6] JspEngine --> /WEB-INF/views/fragments/welcome.jsp 
2022-04-08 00:18:58.216 DEBUG [org.apache.jasper.servlet.JspServlet@http-nio-8080-exec-6] ServletPath: /WEB-INF/views/master/page.jsp 
2022-04-08 00:18:58.217 DEBUG [org.apache.jasper.servlet.JspServlet@http-nio-8080-exec-6] PathInfo: null 
2022-04-08 00:18:58.218 DEBUG [org.apache.jasper.servlet.JspServlet@http-nio-8080-exec-6] RealPath: C:\Users\Anita\Desktop\Javier\Workspace-22.0\Projects\Acme-One\target\classes\WEB-INF\views\fragments\welcome.jsp 
2022-04-08 00:18:58.218 DEBUG [org.apache.jasper.servlet.JspServlet@http-nio-8080-exec-6] RequestURI: /acme-one-2.0/WEB-INF/views/master/page.jsp 
2022-04-08 00:18:58.219 DEBUG [org.apache.jasper.servlet.JspServlet@http-nio-8080-exec-6] QueryString: null 
2022-04-08 00:18:58.431 DEBUG [org.hibernate.SQL@http-nio-8080-exec-6] select useraccoun0_.id as id1_0_, useraccoun0_.version as version2_0_, useraccoun0_.enabled as enabled1_16_, useraccoun0_.identity as identity2_16_, useraccoun0_.password as password3_16_, useraccoun0_.username as username4_16_ from user_account useraccoun0_ where useraccoun0_.username=? 
2022-04-08 00:18:58.432 TRACE [org.hibernate.type.descriptor.sql.BasicBinder@http-nio-8080-exec-6] binding parameter [1] as [VARCHAR] - [anonymous] 
2022-04-08 00:18:58.435 DEBUG [org.hibernate.SQL@http-nio-8080-exec-6] select roles0_.user_account_id as user_acc1_17_0_, roles0_.id as id1_17_0_, roles0_.id as id1_0_1_, roles0_.version as version2_0_1_, roles0_.user_account_id as user_acc1_17_1_, roles0_.company as company1_7_1_, roles0_.sector as sector2_7_1_, roles0_.company as company1_8_1_, roles0_.link as link2_8_1_, roles0_.statement as statemen3_8_1_, roles0_.company as company1_10_1_, roles0_.link as link2_10_1_, roles0_.statement as statemen3_10_1_, roles0_.company as company1_13_1_, roles0_.sector as sector2_13_1_, roles0_.clazz_ as clazz_1_ from ( select id, version, user_account_id, company, sector, null as link, null as statement, 9 as clazz_ from consumer union all select id, version, user_account_id, company, null as sector, link, statement, 10 as clazz_ from inventor union all select id, version, user_account_id, company, null as sector, link, statement, 11 as clazz_ from patron union all select id, version, user_account_id, company, sector, null as link, null as statement, 12 as clazz_ from provider union all select id, version, user_account_id, null as company, null as sector, null as link, null as statement, 14 as clazz_ from administrator union all select id, version, user_account_id, null as company, null as sector, null as link, null as statement, 15 as clazz_ from anonymous union all select id, version, user_account_id, null as company, null as sector, null as link, null as statement, 16 as clazz_ from any union all select id, version, user_account_id, null as company, null as sector, null as link, null as statement, 17 as clazz_ from authenticated ) roles0_ where roles0_.user_account_id=? 
2022-04-08 00:18:58.435 TRACE [org.hibernate.type.descriptor.sql.BasicBinder@http-nio-8080-exec-6] binding parameter [1] as [INTEGER] - [2] 
2022-04-08 00:19:02.656 DEBUG [acme.framework.components.tiles.DynamicTilesView@http-nio-8080-exec-3] View name 'master/sign-in', model {username=, password=, remember=false} 
2022-04-08 00:19:02.658 DEBUG [org.apache.jasper.servlet.JspServlet@http-nio-8080-exec-3] JspEngine --> /WEB-INF/views/master/page.jsp 
2022-04-08 00:19:02.659 DEBUG [org.apache.jasper.servlet.JspServlet@http-nio-8080-exec-3] ServletPath: /WEB-INF/views/master/page.jsp 
2022-04-08 00:19:02.660 DEBUG [org.apache.jasper.servlet.JspServlet@http-nio-8080-exec-3] PathInfo: null 
2022-04-08 00:19:02.661 DEBUG [org.apache.jasper.servlet.JspServlet@http-nio-8080-exec-3] RealPath: C:\Users\Anita\Desktop\Javier\Workspace-22.0\Projects\Acme-One\target\classes\WEB-INF\views\master\page.jsp 
2022-04-08 00:19:02.661 DEBUG [org.apache.jasper.servlet.JspServlet@http-nio-8080-exec-3] RequestURI: /acme-one-2.0/WEB-INF/views/master/page.jsp 
2022-04-08 00:19:02.662 DEBUG [org.apache.jasper.servlet.JspServlet@http-nio-8080-exec-3] QueryString: null 
2022-04-08 00:19:02.730 DEBUG [org.apache.jasper.servlet.JspServlet@http-nio-8080-exec-3] JspEngine --> /WEB-INF/views/master/sign-in.jsp 
2022-04-08 00:19:02.730 DEBUG [org.apache.jasper.servlet.JspServlet@http-nio-8080-exec-3] ServletPath: /WEB-INF/views/master/page.jsp 
2022-04-08 00:19:02.730 DEBUG [org.apache.jasper.servlet.JspServlet@http-nio-8080-exec-3] PathInfo: null 
2022-04-08 00:19:02.731 DEBUG [org.apache.jasper.servlet.JspServlet@http-nio-8080-exec-3] RealPath: C:\Users\Anita\Desktop\Javier\Workspace-22.0\Projects\Acme-One\target\classes\WEB-INF\views\master\sign-in.jsp 
2022-04-08 00:19:02.731 DEBUG [org.apache.jasper.servlet.JspServlet@http-nio-8080-exec-3] RequestURI: /acme-one-2.0/WEB-INF/views/master/page.jsp 
2022-04-08 00:19:02.732 DEBUG [org.apache.jasper.servlet.JspServlet@http-nio-8080-exec-3] QueryString: null 
2022-04-08 00:19:02.812 DEBUG [org.hibernate.SQL@http-nio-8080-exec-3] select useraccoun0_.id as id1_0_, useraccoun0_.version as version2_0_, useraccoun0_.enabled as enabled1_16_, useraccoun0_.identity as identity2_16_, useraccoun0_.password as password3_16_, useraccoun0_.username as username4_16_ from user_account useraccoun0_ where useraccoun0_.username=? 
2022-04-08 00:19:02.813 TRACE [org.hibernate.type.descriptor.sql.BasicBinder@http-nio-8080-exec-3] binding parameter [1] as [VARCHAR] - [anonymous] 
2022-04-08 00:19:02.815 DEBUG [org.hibernate.SQL@http-nio-8080-exec-3] select roles0_.user_account_id as user_acc1_17_0_, roles0_.id as id1_17_0_, roles0_.id as id1_0_1_, roles0_.version as version2_0_1_, roles0_.user_account_id as user_acc1_17_1_, roles0_.company as company1_7_1_, roles0_.sector as sector2_7_1_, roles0_.company as company1_8_1_, roles0_.link as link2_8_1_, roles0_.statement as statemen3_8_1_, roles0_.company as company1_10_1_, roles0_.link as link2_10_1_, roles0_.statement as statemen3_10_1_, roles0_.company as company1_13_1_, roles0_.sector as sector2_13_1_, roles0_.clazz_ as clazz_1_ from ( select id, version, user_account_id, company, sector, null as link, null as statement, 9 as clazz_ from consumer union all select id, version, user_account_id, company, null as sector, link, statement, 10 as clazz_ from inventor union all select id, version, user_account_id, company, null as sector, link, statement, 11 as clazz_ from patron union all select id, version, user_account_id, company, sector, null as link, null as statement, 12 as clazz_ from provider union all select id, version, user_account_id, null as company, null as sector, null as link, null as statement, 14 as clazz_ from administrator union all select id, version, user_account_id, null as company, null as sector, null as link, null as statement, 15 as clazz_ from anonymous union all select id, version, user_account_id, null as company, null as sector, null as link, null as statement, 16 as clazz_ from any union all select id, version, user_account_id, null as company, null as sector, null as link, null as statement, 17 as clazz_ from authenticated ) roles0_ where roles0_.user_account_id=? 
2022-04-08 00:19:02.816 TRACE [org.hibernate.type.descriptor.sql.BasicBinder@http-nio-8080-exec-3] binding parameter [1] as [INTEGER] - [2] 
2022-04-08 00:19:11.977 DEBUG [org.hibernate.SQL@http-nio-8080-exec-2] select useraccoun0_.id as id1_0_, useraccoun0_.version as version2_0_, useraccoun0_.enabled as enabled1_16_, useraccoun0_.identity as identity2_16_, useraccoun0_.password as password3_16_, useraccoun0_.username as username4_16_ from user_account useraccoun0_ where useraccoun0_.username=? 
2022-04-08 00:19:11.979 TRACE [org.hibernate.type.descriptor.sql.BasicBinder@http-nio-8080-exec-2] binding parameter [1] as [VARCHAR] - [admin] 
2022-04-08 00:19:12.009 DEBUG [acme.framework.configuration.ExtendedMessageSource@http-nio-8080-exec-2] Loading properties [C:\Users\Anita\Desktop\Javier\Workspace-22.0\Projects\Acme-One\target\classes\WEB-INF\views\administrator\user-account\messages-en.i18n] with encoding 'utf-8' 
2022-04-08 00:19:12.010 DEBUG [acme.framework.configuration.ExtendedMessageSource@http-nio-8080-exec-2] Loading properties [C:\Users\Anita\Desktop\Javier\Workspace-22.0\Projects\Acme-One\target\classes\WEB-INF\views\authenticated\consumer\messsages-en.i18n] with encoding 'utf-8' 
2022-04-08 00:19:12.011 DEBUG [acme.framework.configuration.ExtendedMessageSource@http-nio-8080-exec-2] Loading properties [C:\Users\Anita\Desktop\Javier\Workspace-22.0\Projects\Acme-One\target\classes\WEB-INF\views\authenticated\patron\patronages\messsages-en.i18n] with encoding 'utf-8' 
2022-04-08 00:19:12.013 DEBUG [acme.framework.configuration.ExtendedMessageSource@http-nio-8080-exec-2] Loading properties [C:\Users\Anita\Desktop\Javier\Workspace-22.0\Projects\Acme-One\target\classes\WEB-INF\views\authenticated\provider\messsages-en.i18n] with encoding 'utf-8' 
2022-04-08 00:19:12.014 DEBUG [acme.framework.configuration.ExtendedMessageSource@http-nio-8080-exec-2] Loading properties [C:\Users\Anita\Desktop\Javier\Workspace-22.0\Projects\Acme-One\target\classes\WEB-INF\views\fragments\banner-en.i18n] with encoding 'utf-8' 
2022-04-08 00:19:12.016 DEBUG [acme.framework.configuration.ExtendedMessageSource@http-nio-8080-exec-2] Loading properties [C:\Users\Anita\Desktop\Javier\Workspace-22.0\Projects\Acme-One\target\classes\WEB-INF\views\fragments\company-en.i18n] with encoding 'utf-8' 
2022-04-08 00:19:12.019 DEBUG [acme.framework.configuration.ExtendedMessageSource@http-nio-8080-exec-2] Loading properties [C:\Users\Anita\Desktop\Javier\Workspace-22.0\Projects\Acme-One\target\classes\WEB-INF\views\fragments\footer-en.i18n] with encoding 'utf-8' 
2022-04-08 00:19:12.020 DEBUG [acme.framework.configuration.ExtendedMessageSource@http-nio-8080-exec-2] Loading properties [C:\Users\Anita\Desktop\Javier\Workspace-22.0\Projects\Acme-One\target\classes\WEB-INF\views\fragments\license-en.i18n] with encoding 'utf-8' 
2022-04-08 00:19:12.021 DEBUG [acme.framework.configuration.ExtendedMessageSource@http-nio-8080-exec-2] Loading properties [C:\Users\Anita\Desktop\Javier\Workspace-22.0\Projects\Acme-One\target\classes\WEB-INF\views\fragments\menu-en.i18n] with encoding 'utf-8' 
2022-04-08 00:19:12.022 DEBUG [acme.framework.configuration.ExtendedMessageSource@http-nio-8080-exec-2] Loading properties [C:\Users\Anita\Desktop\Javier\Workspace-22.0\Projects\Acme-One\target\classes\WEB-INF\views\fragments\messsages-en.i18n] with encoding 'utf-8' 
2022-04-08 00:19:12.024 DEBUG [acme.framework.configuration.ExtendedMessageSource@http-nio-8080-exec-2] Loading properties [C:\Users\Anita\Desktop\Javier\Workspace-22.0\Projects\Acme-One\target\classes\WEB-INF\views\fragments\title-en.i18n] with encoding 'utf-8' 
2022-04-08 00:19:12.025 DEBUG [acme.framework.configuration.ExtendedMessageSource@http-nio-8080-exec-2] Loading properties [C:\Users\Anita\Desktop\Javier\Workspace-22.0\Projects\Acme-One\target\classes\WEB-INF\views\fragments\welcome-en.i18n] with encoding 'utf-8' 
2022-04-08 00:19:12.026 DEBUG [acme.framework.configuration.ExtendedMessageSource@http-nio-8080-exec-2] Loading properties [C:\Users\Anita\Desktop\Javier\Workspace-22.0\Projects\Acme-One\target\classes\WEB-INF\views\master\defaults-en.i18n] with encoding 'utf-8' 
2022-04-08 00:19:12.028 DEBUG [acme.framework.configuration.ExtendedMessageSource@http-nio-8080-exec-2] Loading properties [C:\Users\Anita\Desktop\Javier\Workspace-22.0\Projects\Acme-One\target\classes\WEB-INF\views\master\master-en.i18n] with encoding 'utf-8' 
2022-04-08 00:19:12.029 DEBUG [acme.framework.configuration.ExtendedMessageSource@http-nio-8080-exec-2] Loading properties [C:\Users\Anita\Desktop\Javier\Workspace-22.0\Projects\Acme-One\target\classes\WEB-INF\views\master\throwables-en.i18n] with encoding 'utf-8' 
2022-04-08 00:19:12.030 DEBUG [acme.framework.configuration.ExtendedMessageSource@http-nio-8080-exec-2] Loading properties [C:\Users\Anita\Desktop\Javier\Workspace-22.0\Projects\Acme-One\target\classes\WEB-INF\views\master\validation-en.i18n] with encoding 'utf-8' 
2022-04-08 00:19:12.040 DEBUG [acme.framework.configuration.ExtendedMessageSource@http-nio-8080-exec-2] Loading properties [C:\Users\Anita\Desktop\Javier\Workspace-22.0\Projects\Acme-One\target\classes\WEB-INF\views\administrator\user-account\messages-es.i18n] with encoding 'utf-8' 
2022-04-08 00:19:12.041 DEBUG [acme.framework.configuration.ExtendedMessageSource@http-nio-8080-exec-2] Loading properties [C:\Users\Anita\Desktop\Javier\Workspace-22.0\Projects\Acme-One\target\classes\WEB-INF\views\authenticated\consumer\messsages-es.i18n] with encoding 'utf-8' 
2022-04-08 00:19:12.042 DEBUG [acme.framework.configuration.ExtendedMessageSource@http-nio-8080-exec-2] Loading properties [C:\Users\Anita\Desktop\Javier\Workspace-22.0\Projects\Acme-One\target\classes\WEB-INF\views\authenticated\patron\patronages\messsages-es.i18n] with encoding 'utf-8' 
2022-04-08 00:19:12.043 DEBUG [acme.framework.configuration.ExtendedMessageSource@http-nio-8080-exec-2] Loading properties [C:\Users\Anita\Desktop\Javier\Workspace-22.0\Projects\Acme-One\target\classes\WEB-INF\views\authenticated\provider\messsages-es.i18n] with encoding 'utf-8' 
2022-04-08 00:19:12.043 DEBUG [acme.framework.configuration.ExtendedMessageSource@http-nio-8080-exec-2] Loading properties [C:\Users\Anita\Desktop\Javier\Workspace-22.0\Projects\Acme-One\target\classes\WEB-INF\views\fragments\banner-es.i18n] with encoding 'utf-8' 
2022-04-08 00:19:12.044 DEBUG [acme.framework.configuration.ExtendedMessageSource@http-nio-8080-exec-2] Loading properties [C:\Users\Anita\Desktop\Javier\Workspace-22.0\Projects\Acme-One\target\classes\WEB-INF\views\fragments\company-es.i18n] with encoding 'utf-8' 
2022-04-08 00:19:12.045 DEBUG [acme.framework.configuration.ExtendedMessageSource@http-nio-8080-exec-2] Loading properties [C:\Users\Anita\Desktop\Javier\Workspace-22.0\Projects\Acme-One\target\classes\WEB-INF\views\fragments\footer-es.i18n] with encoding 'utf-8' 
2022-04-08 00:19:12.046 DEBUG [acme.framework.configuration.ExtendedMessageSource@http-nio-8080-exec-2] Loading properties [C:\Users\Anita\Desktop\Javier\Workspace-22.0\Projects\Acme-One\target\classes\WEB-INF\views\fragments\license-es.i18n] with encoding 'utf-8' 
2022-04-08 00:19:12.046 DEBUG [acme.framework.configuration.ExtendedMessageSource@http-nio-8080-exec-2] Loading properties [C:\Users\Anita\Desktop\Javier\Workspace-22.0\Projects\Acme-One\target\classes\WEB-INF\views\fragments\menu-es.i18n] with encoding 'utf-8' 
2022-04-08 00:19:12.047 DEBUG [acme.framework.configuration.ExtendedMessageSource@http-nio-8080-exec-2] Loading properties [C:\Users\Anita\Desktop\Javier\Workspace-22.0\Projects\Acme-One\target\classes\WEB-INF\views\fragments\messsages-es.i18n] with encoding 'utf-8' 
2022-04-08 00:19:12.049 DEBUG [acme.framework.configuration.ExtendedMessageSource@http-nio-8080-exec-2] Loading properties [C:\Users\Anita\Desktop\Javier\Workspace-22.0\Projects\Acme-One\target\classes\WEB-INF\views\fragments\title-es.i18n] with encoding 'utf-8' 
2022-04-08 00:19:12.051 DEBUG [acme.framework.configuration.ExtendedMessageSource@http-nio-8080-exec-2] Loading properties [C:\Users\Anita\Desktop\Javier\Workspace-22.0\Projects\Acme-One\target\classes\WEB-INF\views\fragments\welcome-es.i18n] with encoding 'utf-8' 
2022-04-08 00:19:12.052 DEBUG [acme.framework.configuration.ExtendedMessageSource@http-nio-8080-exec-2] Loading properties [C:\Users\Anita\Desktop\Javier\Workspace-22.0\Projects\Acme-One\target\classes\WEB-INF\views\master\defaults-es.i18n] with encoding 'utf-8' 
2022-04-08 00:19:12.053 DEBUG [acme.framework.configuration.ExtendedMessageSource@http-nio-8080-exec-2] Loading properties [C:\Users\Anita\Desktop\Javier\Workspace-22.0\Projects\Acme-One\target\classes\WEB-INF\views\master\master-es.i18n] with encoding 'utf-8' 
2022-04-08 00:19:12.055 DEBUG [acme.framework.configuration.ExtendedMessageSource@http-nio-8080-exec-2] Loading properties [C:\Users\Anita\Desktop\Javier\Workspace-22.0\Projects\Acme-One\target\classes\WEB-INF\views\master\throwables-es.i18n] with encoding 'utf-8' 
2022-04-08 00:19:12.056 DEBUG [acme.framework.configuration.ExtendedMessageSource@http-nio-8080-exec-2] Loading properties [C:\Users\Anita\Desktop\Javier\Workspace-22.0\Projects\Acme-One\target\classes\WEB-INF\views\master\validation-es.i18n] with encoding 'utf-8' 
2022-04-08 00:19:12.069 DEBUG [acme.framework.components.tiles.DynamicTilesView@http-nio-8080-exec-3] View name 'master/sign-in', model {username=, password=, remember=false} 
2022-04-08 00:19:12.070 DEBUG [org.apache.jasper.servlet.JspServlet@http-nio-8080-exec-3] JspEngine --> /WEB-INF/views/master/page.jsp 
2022-04-08 00:19:12.071 DEBUG [org.apache.jasper.servlet.JspServlet@http-nio-8080-exec-3] ServletPath: /WEB-INF/views/master/page.jsp 
2022-04-08 00:19:12.071 DEBUG [org.apache.jasper.servlet.JspServlet@http-nio-8080-exec-3] PathInfo: null 
2022-04-08 00:19:12.073 DEBUG [org.apache.jasper.servlet.JspServlet@http-nio-8080-exec-3] RealPath: C:\Users\Anita\Desktop\Javier\Workspace-22.0\Projects\Acme-One\target\classes\WEB-INF\views\master\page.jsp 
2022-04-08 00:19:12.073 DEBUG [org.apache.jasper.servlet.JspServlet@http-nio-8080-exec-3] RequestURI: /acme-one-2.0/WEB-INF/views/master/page.jsp 
2022-04-08 00:19:12.073 DEBUG [org.apache.jasper.servlet.JspServlet@http-nio-8080-exec-3] QueryString: error 
2022-04-08 00:19:12.149 DEBUG [org.apache.jasper.servlet.JspServlet@http-nio-8080-exec-3] JspEngine --> /WEB-INF/views/master/sign-in.jsp 
2022-04-08 00:19:12.149 DEBUG [org.apache.jasper.servlet.JspServlet@http-nio-8080-exec-3] ServletPath: /WEB-INF/views/master/page.jsp 
2022-04-08 00:19:12.150 DEBUG [org.apache.jasper.servlet.JspServlet@http-nio-8080-exec-3] PathInfo: null 
2022-04-08 00:19:12.151 DEBUG [org.apache.jasper.servlet.JspServlet@http-nio-8080-exec-3] RealPath: C:\Users\Anita\Desktop\Javier\Workspace-22.0\Projects\Acme-One\target\classes\WEB-INF\views\master\sign-in.jsp 
2022-04-08 00:19:12.151 DEBUG [org.apache.jasper.servlet.JspServlet@http-nio-8080-exec-3] RequestURI: /acme-one-2.0/WEB-INF/views/master/page.jsp 
2022-04-08 00:19:12.152 DEBUG [org.apache.jasper.servlet.JspServlet@http-nio-8080-exec-3] QueryString: error 
2022-04-08 00:19:12.210 DEBUG [org.hibernate.SQL@http-nio-8080-exec-3] select useraccoun0_.id as id1_0_, useraccoun0_.version as version2_0_, useraccoun0_.enabled as enabled1_16_, useraccoun0_.identity as identity2_16_, useraccoun0_.password as password3_16_, useraccoun0_.username as username4_16_ from user_account useraccoun0_ where useraccoun0_.username=? 
2022-04-08 00:19:12.210 TRACE [org.hibernate.type.descriptor.sql.BasicBinder@http-nio-8080-exec-3] binding parameter [1] as [VARCHAR] - [anonymous] 
2022-04-08 00:19:12.212 DEBUG [org.hibernate.SQL@http-nio-8080-exec-3] select roles0_.user_account_id as user_acc1_17_0_, roles0_.id as id1_17_0_, roles0_.id as id1_0_1_, roles0_.version as version2_0_1_, roles0_.user_account_id as user_acc1_17_1_, roles0_.company as company1_7_1_, roles0_.sector as sector2_7_1_, roles0_.company as company1_8_1_, roles0_.link as link2_8_1_, roles0_.statement as statemen3_8_1_, roles0_.company as company1_10_1_, roles0_.link as link2_10_1_, roles0_.statement as statemen3_10_1_, roles0_.company as company1_13_1_, roles0_.sector as sector2_13_1_, roles0_.clazz_ as clazz_1_ from ( select id, version, user_account_id, company, sector, null as link, null as statement, 9 as clazz_ from consumer union all select id, version, user_account_id, company, null as sector, link, statement, 10 as clazz_ from inventor union all select id, version, user_account_id, company, null as sector, link, statement, 11 as clazz_ from patron union all select id, version, user_account_id, company, sector, null as link, null as statement, 12 as clazz_ from provider union all select id, version, user_account_id, null as company, null as sector, null as link, null as statement, 14 as clazz_ from administrator union all select id, version, user_account_id, null as company, null as sector, null as link, null as statement, 15 as clazz_ from anonymous union all select id, version, user_account_id, null as company, null as sector, null as link, null as statement, 16 as clazz_ from any union all select id, version, user_account_id, null as company, null as sector, null as link, null as statement, 17 as clazz_ from authenticated ) roles0_ where roles0_.user_account_id=? 
2022-04-08 00:19:12.213 TRACE [org.hibernate.type.descriptor.sql.BasicBinder@http-nio-8080-exec-3] binding parameter [1] as [INTEGER] - [2] 
2022-04-08 00:22:27.984 DEBUG [acme.framework.components.tiles.DynamicTilesView@http-nio-8080-exec-5] View name 'master/sign-in', model {username=, password=, remember=false} 
2022-04-08 00:22:27.987 DEBUG [org.apache.jasper.servlet.JspServlet@http-nio-8080-exec-5] JspEngine --> /WEB-INF/views/master/page.jsp 
2022-04-08 00:22:27.988 DEBUG [org.apache.jasper.servlet.JspServlet@http-nio-8080-exec-5] ServletPath: /WEB-INF/views/master/page.jsp 
2022-04-08 00:22:27.989 DEBUG [org.apache.jasper.servlet.JspServlet@http-nio-8080-exec-5] PathInfo: null 
2022-04-08 00:22:27.994 DEBUG [org.apache.jasper.servlet.JspServlet@http-nio-8080-exec-5] RealPath: C:\Users\Anita\Desktop\Javier\Workspace-22.0\Projects\Acme-One\target\classes\WEB-INF\views\master\page.jsp 
2022-04-08 00:22:27.995 DEBUG [org.apache.jasper.servlet.JspServlet@http-nio-8080-exec-5] RequestURI: /acme-one-2.0/WEB-INF/views/master/page.jsp 
2022-04-08 00:22:27.995 DEBUG [org.apache.jasper.servlet.JspServlet@http-nio-8080-exec-5] QueryString: null 
2022-04-08 00:22:28.060 DEBUG [org.apache.jasper.servlet.JspServlet@http-nio-8080-exec-5] JspEngine --> /WEB-INF/views/master/sign-in.jsp 
2022-04-08 00:22:28.061 DEBUG [org.apache.jasper.servlet.JspServlet@http-nio-8080-exec-5] ServletPath: /WEB-INF/views/master/page.jsp 
2022-04-08 00:22:28.061 DEBUG [org.apache.jasper.servlet.JspServlet@http-nio-8080-exec-5] PathInfo: null 
2022-04-08 00:22:28.062 DEBUG [org.apache.jasper.servlet.JspServlet@http-nio-8080-exec-5] RealPath: C:\Users\Anita\Desktop\Javier\Workspace-22.0\Projects\Acme-One\target\classes\WEB-INF\views\master\sign-in.jsp 
2022-04-08 00:22:28.062 DEBUG [org.apache.jasper.servlet.JspServlet@http-nio-8080-exec-5] RequestURI: /acme-one-2.0/WEB-INF/views/master/page.jsp 
2022-04-08 00:22:28.062 DEBUG [org.apache.jasper.servlet.JspServlet@http-nio-8080-exec-5] QueryString: null 
2022-04-08 00:22:28.130 DEBUG [org.hibernate.SQL@http-nio-8080-exec-5] select useraccoun0_.id as id1_0_, useraccoun0_.version as version2_0_, useraccoun0_.enabled as enabled1_16_, useraccoun0_.identity as identity2_16_, useraccoun0_.password as password3_16_, useraccoun0_.username as username4_16_ from user_account useraccoun0_ where useraccoun0_.username=? 
2022-04-08 00:22:28.131 TRACE [org.hibernate.type.descriptor.sql.BasicBinder@http-nio-8080-exec-5] binding parameter [1] as [VARCHAR] - [anonymous] 
2022-04-08 00:22:28.134 DEBUG [org.hibernate.SQL@http-nio-8080-exec-5] select roles0_.user_account_id as user_acc1_17_0_, roles0_.id as id1_17_0_, roles0_.id as id1_0_1_, roles0_.version as version2_0_1_, roles0_.user_account_id as user_acc1_17_1_, roles0_.company as company1_7_1_, roles0_.sector as sector2_7_1_, roles0_.company as company1_8_1_, roles0_.link as link2_8_1_, roles0_.statement as statemen3_8_1_, roles0_.company as company1_10_1_, roles0_.link as link2_10_1_, roles0_.statement as statemen3_10_1_, roles0_.company as company1_13_1_, roles0_.sector as sector2_13_1_, roles0_.clazz_ as clazz_1_ from ( select id, version, user_account_id, company, sector, null as link, null as statement, 9 as clazz_ from consumer union all select id, version, user_account_id, company, null as sector, link, statement, 10 as clazz_ from inventor union all select id, version, user_account_id, company, null as sector, link, statement, 11 as clazz_ from patron union all select id, version, user_account_id, company, sector, null as link, null as statement, 12 as clazz_ from provider union all select id, version, user_account_id, null as company, null as sector, null as link, null as statement, 14 as clazz_ from administrator union all select id, version, user_account_id, null as company, null as sector, null as link, null as statement, 15 as clazz_ from anonymous union all select id, version, user_account_id, null as company, null as sector, null as link, null as statement, 16 as clazz_ from any union all select id, version, user_account_id, null as company, null as sector, null as link, null as statement, 17 as clazz_ from authenticated ) roles0_ where roles0_.user_account_id=? 
2022-04-08 00:22:28.134 TRACE [org.hibernate.type.descriptor.sql.BasicBinder@http-nio-8080-exec-5] binding parameter [1] as [INTEGER] - [2] 
2022-04-08 00:22:36.281 DEBUG [acme.framework.components.tiles.DynamicTilesView@http-nio-8080-exec-5] View name 'fragments/welcome', model {} 
2022-04-08 00:22:36.282 DEBUG [org.apache.jasper.servlet.JspServlet@http-nio-8080-exec-5] JspEngine --> /WEB-INF/views/master/page.jsp 
2022-04-08 00:22:36.283 DEBUG [org.apache.jasper.servlet.JspServlet@http-nio-8080-exec-5] ServletPath: /WEB-INF/views/master/page.jsp 
2022-04-08 00:22:36.284 DEBUG [org.apache.jasper.servlet.JspServlet@http-nio-8080-exec-5] PathInfo: null 
2022-04-08 00:22:36.285 DEBUG [org.apache.jasper.servlet.JspServlet@http-nio-8080-exec-5] RealPath: C:\Users\Anita\Desktop\Javier\Workspace-22.0\Projects\Acme-One\target\classes\WEB-INF\views\master\page.jsp 
2022-04-08 00:22:36.285 DEBUG [org.apache.jasper.servlet.JspServlet@http-nio-8080-exec-5] RequestURI: /acme-one-2.0/WEB-INF/views/master/page.jsp 
2022-04-08 00:22:36.285 DEBUG [org.apache.jasper.servlet.JspServlet@http-nio-8080-exec-5] QueryString: null 
2022-04-08 00:22:36.360 DEBUG [org.apache.jasper.servlet.JspServlet@http-nio-8080-exec-5] JspEngine --> /WEB-INF/views/fragments/welcome.jsp 
2022-04-08 00:22:36.360 DEBUG [org.apache.jasper.servlet.JspServlet@http-nio-8080-exec-5] ServletPath: /WEB-INF/views/master/page.jsp 
2022-04-08 00:22:36.361 DEBUG [org.apache.jasper.servlet.JspServlet@http-nio-8080-exec-5] PathInfo: null 
2022-04-08 00:22:36.362 DEBUG [org.apache.jasper.servlet.JspServlet@http-nio-8080-exec-5] RealPath: C:\Users\Anita\Desktop\Javier\Workspace-22.0\Projects\Acme-One\target\classes\WEB-INF\views\fragments\welcome.jsp 
2022-04-08 00:22:36.362 DEBUG [org.apache.jasper.servlet.JspServlet@http-nio-8080-exec-5] RequestURI: /acme-one-2.0/WEB-INF/views/master/page.jsp 
2022-04-08 00:22:36.362 DEBUG [org.apache.jasper.servlet.JspServlet@http-nio-8080-exec-5] QueryString: null 
2022-04-08 00:22:36.404 DEBUG [org.hibernate.SQL@http-nio-8080-exec-5] select useraccoun0_.id as id1_0_, useraccoun0_.version as version2_0_, useraccoun0_.enabled as enabled1_16_, useraccoun0_.identity as identity2_16_, useraccoun0_.password as password3_16_, useraccoun0_.username as username4_16_ from user_account useraccoun0_ where useraccoun0_.username=? 
2022-04-08 00:22:36.404 TRACE [org.hibernate.type.descriptor.sql.BasicBinder@http-nio-8080-exec-5] binding parameter [1] as [VARCHAR] - [anonymous] 
2022-04-08 00:22:36.406 DEBUG [org.hibernate.SQL@http-nio-8080-exec-5] select roles0_.user_account_id as user_acc1_17_0_, roles0_.id as id1_17_0_, roles0_.id as id1_0_1_, roles0_.version as version2_0_1_, roles0_.user_account_id as user_acc1_17_1_, roles0_.company as company1_7_1_, roles0_.sector as sector2_7_1_, roles0_.company as company1_8_1_, roles0_.link as link2_8_1_, roles0_.statement as statemen3_8_1_, roles0_.company as company1_10_1_, roles0_.link as link2_10_1_, roles0_.statement as statemen3_10_1_, roles0_.company as company1_13_1_, roles0_.sector as sector2_13_1_, roles0_.clazz_ as clazz_1_ from ( select id, version, user_account_id, company, sector, null as link, null as statement, 9 as clazz_ from consumer union all select id, version, user_account_id, company, null as sector, link, statement, 10 as clazz_ from inventor union all select id, version, user_account_id, company, null as sector, link, statement, 11 as clazz_ from patron union all select id, version, user_account_id, company, sector, null as link, null as statement, 12 as clazz_ from provider union all select id, version, user_account_id, null as company, null as sector, null as link, null as statement, 14 as clazz_ from administrator union all select id, version, user_account_id, null as company, null as sector, null as link, null as statement, 15 as clazz_ from anonymous union all select id, version, user_account_id, null as company, null as sector, null as link, null as statement, 16 as clazz_ from any union all select id, version, user_account_id, null as company, null as sector, null as link, null as statement, 17 as clazz_ from authenticated ) roles0_ where roles0_.user_account_id=? 
2022-04-08 00:22:36.407 TRACE [org.hibernate.type.descriptor.sql.BasicBinder@http-nio-8080-exec-5] binding parameter [1] as [INTEGER] - [2] 
2022-04-08 00:22:39.315 DEBUG [acme.framework.components.tiles.DynamicTilesView@http-nio-8080-exec-9] View name 'master/sign-in', model {username=, password=, remember=false} 
2022-04-08 00:22:39.317 DEBUG [org.apache.jasper.servlet.JspServlet@http-nio-8080-exec-9] JspEngine --> /WEB-INF/views/master/page.jsp 
2022-04-08 00:22:39.318 DEBUG [org.apache.jasper.servlet.JspServlet@http-nio-8080-exec-9] ServletPath: /WEB-INF/views/master/page.jsp 
2022-04-08 00:22:39.318 DEBUG [org.apache.jasper.servlet.JspServlet@http-nio-8080-exec-9] PathInfo: null 
2022-04-08 00:22:39.319 DEBUG [org.apache.jasper.servlet.JspServlet@http-nio-8080-exec-9] RealPath: C:\Users\Anita\Desktop\Javier\Workspace-22.0\Projects\Acme-One\target\classes\WEB-INF\views\master\page.jsp 
2022-04-08 00:22:39.320 DEBUG [org.apache.jasper.servlet.JspServlet@http-nio-8080-exec-9] RequestURI: /acme-one-2.0/WEB-INF/views/master/page.jsp 
2022-04-08 00:22:39.320 DEBUG [org.apache.jasper.servlet.JspServlet@http-nio-8080-exec-9] QueryString: null 
2022-04-08 00:22:39.376 DEBUG [org.apache.jasper.servlet.JspServlet@http-nio-8080-exec-9] JspEngine --> /WEB-INF/views/master/sign-in.jsp 
2022-04-08 00:22:39.377 DEBUG [org.apache.jasper.servlet.JspServlet@http-nio-8080-exec-9] ServletPath: /WEB-INF/views/master/page.jsp 
2022-04-08 00:22:39.377 DEBUG [org.apache.jasper.servlet.JspServlet@http-nio-8080-exec-9] PathInfo: null 
2022-04-08 00:22:39.377 DEBUG [org.apache.jasper.servlet.JspServlet@http-nio-8080-exec-9] RealPath: C:\Users\Anita\Desktop\Javier\Workspace-22.0\Projects\Acme-One\target\classes\WEB-INF\views\master\sign-in.jsp 
2022-04-08 00:22:39.378 DEBUG [org.apache.jasper.servlet.JspServlet@http-nio-8080-exec-9] RequestURI: /acme-one-2.0/WEB-INF/views/master/page.jsp 
2022-04-08 00:22:39.378 DEBUG [org.apache.jasper.servlet.JspServlet@http-nio-8080-exec-9] QueryString: null 
2022-04-08 00:22:39.435 DEBUG [org.hibernate.SQL@http-nio-8080-exec-9] select useraccoun0_.id as id1_0_, useraccoun0_.version as version2_0_, useraccoun0_.enabled as enabled1_16_, useraccoun0_.identity as identity2_16_, useraccoun0_.password as password3_16_, useraccoun0_.username as username4_16_ from user_account useraccoun0_ where useraccoun0_.username=? 
2022-04-08 00:22:39.436 TRACE [org.hibernate.type.descriptor.sql.BasicBinder@http-nio-8080-exec-9] binding parameter [1] as [VARCHAR] - [anonymous] 
2022-04-08 00:22:39.437 DEBUG [org.hibernate.SQL@http-nio-8080-exec-9] select roles0_.user_account_id as user_acc1_17_0_, roles0_.id as id1_17_0_, roles0_.id as id1_0_1_, roles0_.version as version2_0_1_, roles0_.user_account_id as user_acc1_17_1_, roles0_.company as company1_7_1_, roles0_.sector as sector2_7_1_, roles0_.company as company1_8_1_, roles0_.link as link2_8_1_, roles0_.statement as statemen3_8_1_, roles0_.company as company1_10_1_, roles0_.link as link2_10_1_, roles0_.statement as statemen3_10_1_, roles0_.company as company1_13_1_, roles0_.sector as sector2_13_1_, roles0_.clazz_ as clazz_1_ from ( select id, version, user_account_id, company, sector, null as link, null as statement, 9 as clazz_ from consumer union all select id, version, user_account_id, company, null as sector, link, statement, 10 as clazz_ from inventor union all select id, version, user_account_id, company, null as sector, link, statement, 11 as clazz_ from patron union all select id, version, user_account_id, company, sector, null as link, null as statement, 12 as clazz_ from provider union all select id, version, user_account_id, null as company, null as sector, null as link, null as statement, 14 as clazz_ from administrator union all select id, version, user_account_id, null as company, null as sector, null as link, null as statement, 15 as clazz_ from anonymous union all select id, version, user_account_id, null as company, null as sector, null as link, null as statement, 16 as clazz_ from any union all select id, version, user_account_id, null as company, null as sector, null as link, null as statement, 17 as clazz_ from authenticated ) roles0_ where roles0_.user_account_id=? 
2022-04-08 00:22:39.439 TRACE [org.hibernate.type.descriptor.sql.BasicBinder@http-nio-8080-exec-9] binding parameter [1] as [INTEGER] - [2] 
2022-04-08 00:22:45.431 DEBUG [org.hibernate.SQL@http-nio-8080-exec-7] select useraccoun0_.id as id1_0_, useraccoun0_.version as version2_0_, useraccoun0_.enabled as enabled1_16_, useraccoun0_.identity as identity2_16_, useraccoun0_.password as password3_16_, useraccoun0_.username as username4_16_ from user_account useraccoun0_ where useraccoun0_.username=? 
2022-04-08 00:22:45.433 TRACE [org.hibernate.type.descriptor.sql.BasicBinder@http-nio-8080-exec-7] binding parameter [1] as [VARCHAR] - [4] 
2022-04-08 00:22:45.449 DEBUG [acme.framework.components.tiles.DynamicTilesView@http-nio-8080-exec-3] View name 'master/sign-in', model {username=, password=, remember=false} 
2022-04-08 00:22:45.451 DEBUG [org.apache.jasper.servlet.JspServlet@http-nio-8080-exec-3] JspEngine --> /WEB-INF/views/master/page.jsp 
2022-04-08 00:22:45.451 DEBUG [org.apache.jasper.servlet.JspServlet@http-nio-8080-exec-3] ServletPath: /WEB-INF/views/master/page.jsp 
2022-04-08 00:22:45.452 DEBUG [org.apache.jasper.servlet.JspServlet@http-nio-8080-exec-3] PathInfo: null 
2022-04-08 00:22:45.453 DEBUG [org.apache.jasper.servlet.JspServlet@http-nio-8080-exec-3] RealPath: C:\Users\Anita\Desktop\Javier\Workspace-22.0\Projects\Acme-One\target\classes\WEB-INF\views\master\page.jsp 
2022-04-08 00:22:45.453 DEBUG [org.apache.jasper.servlet.JspServlet@http-nio-8080-exec-3] RequestURI: /acme-one-2.0/WEB-INF/views/master/page.jsp 
2022-04-08 00:22:45.454 DEBUG [org.apache.jasper.servlet.JspServlet@http-nio-8080-exec-3] QueryString: error 
2022-04-08 00:22:45.524 DEBUG [org.apache.jasper.servlet.JspServlet@http-nio-8080-exec-3] JspEngine --> /WEB-INF/views/master/sign-in.jsp 
2022-04-08 00:22:45.525 DEBUG [org.apache.jasper.servlet.JspServlet@http-nio-8080-exec-3] ServletPath: /WEB-INF/views/master/page.jsp 
2022-04-08 00:22:45.525 DEBUG [org.apache.jasper.servlet.JspServlet@http-nio-8080-exec-3] PathInfo: null 
2022-04-08 00:22:45.526 DEBUG [org.apache.jasper.servlet.JspServlet@http-nio-8080-exec-3] RealPath: C:\Users\Anita\Desktop\Javier\Workspace-22.0\Projects\Acme-One\target\classes\WEB-INF\views\master\sign-in.jsp 
2022-04-08 00:22:45.526 DEBUG [org.apache.jasper.servlet.JspServlet@http-nio-8080-exec-3] RequestURI: /acme-one-2.0/WEB-INF/views/master/page.jsp 
2022-04-08 00:22:45.526 DEBUG [org.apache.jasper.servlet.JspServlet@http-nio-8080-exec-3] QueryString: error 
2022-04-08 00:22:45.623 DEBUG [org.hibernate.SQL@http-nio-8080-exec-3] select useraccoun0_.id as id1_0_, useraccoun0_.version as version2_0_, useraccoun0_.enabled as enabled1_16_, useraccoun0_.identity as identity2_16_, useraccoun0_.password as password3_16_, useraccoun0_.username as username4_16_ from user_account useraccoun0_ where useraccoun0_.username=? 
2022-04-08 00:22:45.624 TRACE [org.hibernate.type.descriptor.sql.BasicBinder@http-nio-8080-exec-3] binding parameter [1] as [VARCHAR] - [anonymous] 
2022-04-08 00:22:45.626 DEBUG [org.hibernate.SQL@http-nio-8080-exec-3] select roles0_.user_account_id as user_acc1_17_0_, roles0_.id as id1_17_0_, roles0_.id as id1_0_1_, roles0_.version as version2_0_1_, roles0_.user_account_id as user_acc1_17_1_, roles0_.company as company1_7_1_, roles0_.sector as sector2_7_1_, roles0_.company as company1_8_1_, roles0_.link as link2_8_1_, roles0_.statement as statemen3_8_1_, roles0_.company as company1_10_1_, roles0_.link as link2_10_1_, roles0_.statement as statemen3_10_1_, roles0_.company as company1_13_1_, roles0_.sector as sector2_13_1_, roles0_.clazz_ as clazz_1_ from ( select id, version, user_account_id, company, sector, null as link, null as statement, 9 as clazz_ from consumer union all select id, version, user_account_id, company, null as sector, link, statement, 10 as clazz_ from inventor union all select id, version, user_account_id, company, null as sector, link, statement, 11 as clazz_ from patron union all select id, version, user_account_id, company, sector, null as link, null as statement, 12 as clazz_ from provider union all select id, version, user_account_id, null as company, null as sector, null as link, null as statement, 14 as clazz_ from administrator union all select id, version, user_account_id, null as company, null as sector, null as link, null as statement, 15 as clazz_ from anonymous union all select id, version, user_account_id, null as company, null as sector, null as link, null as statement, 16 as clazz_ from any union all select id, version, user_account_id, null as company, null as sector, null as link, null as statement, 17 as clazz_ from authenticated ) roles0_ where roles0_.user_account_id=? 
2022-04-08 00:22:45.627 TRACE [org.hibernate.type.descriptor.sql.BasicBinder@http-nio-8080-exec-3] binding parameter [1] as [INTEGER] - [2] 
