2022-05-20 16:27:25.157 INFO  [acme.Launcher@main] Starting Launcher using Java 1.8.0_281 on DESKTOP-BK2D9QL with PID 7000 (C:\Users\Álvaro\Desktop\Workspace-22.0\Frameworks\Acme-Framework-22.5\target\classes started by µlvaro in C:\Users\Álvaro\Desktop\Workspace-22.0\Projects\Acme-One) 
2022-05-20 16:27:25.158 DEBUG [acme.Launcher@main] Running with Spring Boot v2.4.2, Spring v5.3.3 
2022-05-20 16:27:25.158 INFO  [acme.Launcher@main] The following profiles are active: development,default 
2022-05-20 16:27:26.977 DEBUG [org.apache.jasper.servlet.JasperInitializer@main] Initializing Jasper for context [application] 
2022-05-20 16:27:30.996 DEBUG [org.apache.jasper.servlet.JspServlet@main] Scratch dir for the JSP engine is: [C:\Users\Álvaro\AppData\Local\Temp\tomcat.8080.2004418719702093331\work\Tomcat\localhost\acme-one-3.0] 
2022-05-20 16:27:30.996 DEBUG [org.apache.jasper.servlet.JspServlet@main] IMPORTANT: Do not modify the generated servlets 
2022-05-20 16:27:31.003 INFO  [acme.Launcher@main] Started Launcher in 6.291 seconds (JVM running for 6.903) 
2022-05-20 16:27:31.007 DEBUG [acme.Launcher@main] Found classpath entry '/C:/Users/%c3%81lvaro/Desktop/Workspace-22.0/Projects/Acme-One/target/classes/' 
2022-05-20 16:27:31.007 DEBUG [acme.Launcher@main] Found classpath entry '/C:/Users/%c3%81lvaro/Desktop/Workspace-22.0/Projects/Acme-One/target/test-classes/' 
2022-05-20 16:27:31.007 DEBUG [acme.Launcher@main] Found classpath entry '/C:/Users/%c3%81lvaro/.m2/repository/org/springframework/boot/spring-boot-starter-tomcat/2.4.2/spring-boot-starter-tomcat-2.4.2.jar' 
2022-05-20 16:27:31.007 DEBUG [acme.Launcher@main] Found classpath entry '/C:/Users/%c3%81lvaro/.m2/repository/jakarta/annotation/jakarta.annotation-api/1.3.5/jakarta.annotation-api-1.3.5.jar' 
2022-05-20 16:27:31.007 DEBUG [acme.Launcher@main] Found classpath entry '/C:/Users/%c3%81lvaro/.m2/repository/org/apache/tomcat/embed/tomcat-embed-core/9.0.41/tomcat-embed-core-9.0.41.jar' 
2022-05-20 16:27:31.007 DEBUG [acme.Launcher@main] Found classpath entry '/C:/Users/%c3%81lvaro/.m2/repository/org/glassfish/jakarta.el/3.0.3/jakarta.el-3.0.3.jar' 
2022-05-20 16:27:31.008 DEBUG [acme.Launcher@main] Found classpath entry '/C:/Users/%c3%81lvaro/.m2/repository/org/apache/tomcat/embed/tomcat-embed-websocket/9.0.41/tomcat-embed-websocket-9.0.41.jar' 
2022-05-20 16:27:31.008 DEBUG [acme.Launcher@main] Found classpath entry '/C:/Users/%c3%81lvaro/.m2/repository/org/apache/tomcat/embed/tomcat-embed-jasper/9.0.41/tomcat-embed-jasper-9.0.41.jar' 
2022-05-20 16:27:31.008 DEBUG [acme.Launcher@main] Found classpath entry '/C:/Users/%c3%81lvaro/.m2/repository/org/apache/tomcat/embed/tomcat-embed-el/9.0.41/tomcat-embed-el-9.0.41.jar' 
2022-05-20 16:27:31.008 DEBUG [acme.Launcher@main] Found classpath entry '/C:/Users/%c3%81lvaro/.m2/repository/org/eclipse/jdt/ecj/3.18.0/ecj-3.18.0.jar' 
2022-05-20 16:27:31.008 DEBUG [acme.Launcher@main] Found classpath entry '/C:/Users/%c3%81lvaro/.m2/repository/javax/servlet/jstl/1.2/jstl-1.2.jar' 
2022-05-20 16:27:31.008 DEBUG [acme.Launcher@main] Found classpath entry '/C:/Users/%c3%81lvaro/.m2/repository/org/springframework/boot/spring-boot-starter-test/2.4.2/spring-boot-starter-test-2.4.2.jar' 
2022-05-20 16:27:31.008 DEBUG [acme.Launcher@main] Found classpath entry '/C:/Users/%c3%81lvaro/.m2/repository/org/springframework/boot/spring-boot-starter/2.4.2/spring-boot-starter-2.4.2.jar' 
2022-05-20 16:27:31.008 DEBUG [acme.Launcher@main] Found classpath entry '/C:/Users/%c3%81lvaro/.m2/repository/org/springframework/boot/spring-boot/2.4.2/spring-boot-2.4.2.jar' 
2022-05-20 16:27:31.009 DEBUG [acme.Launcher@main] Found classpath entry '/C:/Users/%c3%81lvaro/.m2/repository/org/springframework/boot/spring-boot-autoconfigure/2.4.2/spring-boot-autoconfigure-2.4.2.jar' 
2022-05-20 16:27:31.009 DEBUG [acme.Launcher@main] Found classpath entry '/C:/Users/%c3%81lvaro/.m2/repository/org/springframework/boot/spring-boot-starter-logging/2.4.2/spring-boot-starter-logging-2.4.2.jar' 
2022-05-20 16:27:31.009 DEBUG [acme.Launcher@main] Found classpath entry '/C:/Users/%c3%81lvaro/.m2/repository/ch/qos/logback/logback-classic/1.2.3/logback-classic-1.2.3.jar' 
2022-05-20 16:27:31.009 DEBUG [acme.Launcher@main] Found classpath entry '/C:/Users/%c3%81lvaro/.m2/repository/ch/qos/logback/logback-core/1.2.3/logback-core-1.2.3.jar' 
2022-05-20 16:27:31.009 DEBUG [acme.Launcher@main] Found classpath entry '/C:/Users/%c3%81lvaro/.m2/repository/org/apache/logging/log4j/log4j-to-slf4j/2.13.3/log4j-to-slf4j-2.13.3.jar' 
2022-05-20 16:27:31.009 DEBUG [acme.Launcher@main] Found classpath entry '/C:/Users/%c3%81lvaro/.m2/repository/org/apache/logging/log4j/log4j-api/2.13.3/log4j-api-2.13.3.jar' 
2022-05-20 16:27:31.009 DEBUG [acme.Launcher@main] Found classpath entry '/C:/Users/%c3%81lvaro/.m2/repository/org/slf4j/jul-to-slf4j/1.7.30/jul-to-slf4j-1.7.30.jar' 
2022-05-20 16:27:31.009 DEBUG [acme.Launcher@main] Found classpath entry '/C:/Users/%c3%81lvaro/.m2/repository/org/yaml/snakeyaml/1.27/snakeyaml-1.27.jar' 
2022-05-20 16:27:31.009 DEBUG [acme.Launcher@main] Found classpath entry '/C:/Users/%c3%81lvaro/.m2/repository/org/springframework/boot/spring-boot-test/2.4.2/spring-boot-test-2.4.2.jar' 
2022-05-20 16:27:31.009 DEBUG [acme.Launcher@main] Found classpath entry '/C:/Users/%c3%81lvaro/.m2/repository/org/springframework/boot/spring-boot-test-autoconfigure/2.4.2/spring-boot-test-autoconfigure-2.4.2.jar' 
2022-05-20 16:27:31.009 DEBUG [acme.Launcher@main] Found classpath entry '/C:/Users/%c3%81lvaro/.m2/repository/com/jayway/jsonpath/json-path/2.4.0/json-path-2.4.0.jar' 
2022-05-20 16:27:31.009 DEBUG [acme.Launcher@main] Found classpath entry '/C:/Users/%c3%81lvaro/.m2/repository/net/minidev/json-smart/2.3/json-smart-2.3.jar' 
2022-05-20 16:27:31.010 DEBUG [acme.Launcher@main] Found classpath entry '/C:/Users/%c3%81lvaro/.m2/repository/net/minidev/accessors-smart/1.2/accessors-smart-1.2.jar' 
2022-05-20 16:27:31.010 DEBUG [acme.Launcher@main] Found classpath entry '/C:/Users/%c3%81lvaro/.m2/repository/org/ow2/asm/asm/5.0.4/asm-5.0.4.jar' 
2022-05-20 16:27:31.010 DEBUG [acme.Launcher@main] Found classpath entry '/C:/Users/%c3%81lvaro/.m2/repository/jakarta/xml/bind/jakarta.xml.bind-api/2.3.3/jakarta.xml.bind-api-2.3.3.jar' 
2022-05-20 16:27:31.010 DEBUG [acme.Launcher@main] Found classpath entry '/C:/Users/%c3%81lvaro/.m2/repository/jakarta/activation/jakarta.activation-api/1.2.2/jakarta.activation-api-1.2.2.jar' 
2022-05-20 16:27:31.010 DEBUG [acme.Launcher@main] Found classpath entry '/C:/Users/%c3%81lvaro/.m2/repository/org/assertj/assertj-core/3.18.1/assertj-core-3.18.1.jar' 
2022-05-20 16:27:31.010 DEBUG [acme.Launcher@main] Found classpath entry '/C:/Users/%c3%81lvaro/.m2/repository/org/hamcrest/hamcrest/2.2/hamcrest-2.2.jar' 
2022-05-20 16:27:31.010 DEBUG [acme.Launcher@main] Found classpath entry '/C:/Users/%c3%81lvaro/.m2/repository/org/junit/jupiter/junit-jupiter/5.7.0/junit-jupiter-5.7.0.jar' 
2022-05-20 16:27:31.010 DEBUG [acme.Launcher@main] Found classpath entry '/C:/Users/%c3%81lvaro/.m2/repository/org/mockito/mockito-core/3.6.28/mockito-core-3.6.28.jar' 
2022-05-20 16:27:31.010 DEBUG [acme.Launcher@main] Found classpath entry '/C:/Users/%c3%81lvaro/.m2/repository/net/bytebuddy/byte-buddy-agent/1.10.19/byte-buddy-agent-1.10.19.jar' 
2022-05-20 16:27:31.010 DEBUG [acme.Launcher@main] Found classpath entry '/C:/Users/%c3%81lvaro/.m2/repository/org/objenesis/objenesis/3.1/objenesis-3.1.jar' 
2022-05-20 16:27:31.010 DEBUG [acme.Launcher@main] Found classpath entry '/C:/Users/%c3%81lvaro/.m2/repository/org/mockito/mockito-junit-jupiter/3.6.28/mockito-junit-jupiter-3.6.28.jar' 
2022-05-20 16:27:31.011 DEBUG [acme.Launcher@main] Found classpath entry '/C:/Users/%c3%81lvaro/.m2/repository/org/skyscreamer/jsonassert/1.5.0/jsonassert-1.5.0.jar' 
2022-05-20 16:27:31.011 DEBUG [acme.Launcher@main] Found classpath entry '/C:/Users/%c3%81lvaro/.m2/repository/com/vaadin/external/google/android-json/0.0.20131108.vaadin1/android-json-0.0.20131108.vaadin1.jar' 
2022-05-20 16:27:31.011 DEBUG [acme.Launcher@main] Found classpath entry '/C:/Users/%c3%81lvaro/.m2/repository/org/springframework/spring-core/5.3.3/spring-core-5.3.3.jar' 
2022-05-20 16:27:31.011 DEBUG [acme.Launcher@main] Found classpath entry '/C:/Users/%c3%81lvaro/.m2/repository/org/springframework/spring-jcl/5.3.3/spring-jcl-5.3.3.jar' 
2022-05-20 16:27:31.011 DEBUG [acme.Launcher@main] Found classpath entry '/C:/Users/%c3%81lvaro/.m2/repository/org/springframework/spring-test/5.3.3/spring-test-5.3.3.jar' 
2022-05-20 16:27:31.011 DEBUG [acme.Launcher@main] Found classpath entry '/C:/Users/%c3%81lvaro/.m2/repository/org/xmlunit/xmlunit-core/2.7.0/xmlunit-core-2.7.0.jar' 
2022-05-20 16:27:31.011 DEBUG [acme.Launcher@main] Found classpath entry '/C:/Users/%c3%81lvaro/.m2/repository/org/springframework/boot/spring-boot-starter-security/2.4.2/spring-boot-starter-security-2.4.2.jar' 
2022-05-20 16:27:31.011 DEBUG [acme.Launcher@main] Found classpath entry '/C:/Users/%c3%81lvaro/.m2/repository/org/springframework/spring-aop/5.3.3/spring-aop-5.3.3.jar' 
2022-05-20 16:27:31.011 DEBUG [acme.Launcher@main] Found classpath entry '/C:/Users/%c3%81lvaro/.m2/repository/org/springframework/security/spring-security-web/5.4.2/spring-security-web-5.4.2.jar' 
2022-05-20 16:27:31.011 DEBUG [acme.Launcher@main] Found classpath entry '/C:/Users/%c3%81lvaro/.m2/repository/org/springframework/security/spring-security-core/5.4.2/spring-security-core-5.4.2.jar' 
2022-05-20 16:27:31.011 DEBUG [acme.Launcher@main] Found classpath entry '/C:/Users/%c3%81lvaro/.m2/repository/org/springframework/spring-beans/5.3.3/spring-beans-5.3.3.jar' 
2022-05-20 16:27:31.012 DEBUG [acme.Launcher@main] Found classpath entry '/C:/Users/%c3%81lvaro/.m2/repository/org/springframework/spring-context/5.3.3/spring-context-5.3.3.jar' 
2022-05-20 16:27:31.012 DEBUG [acme.Launcher@main] Found classpath entry '/C:/Users/%c3%81lvaro/.m2/repository/org/springframework/spring-expression/5.3.3/spring-expression-5.3.3.jar' 
2022-05-20 16:27:31.012 DEBUG [acme.Launcher@main] Found classpath entry '/C:/Users/%c3%81lvaro/.m2/repository/org/springframework/spring-web/5.3.3/spring-web-5.3.3.jar' 
2022-05-20 16:27:31.012 DEBUG [acme.Launcher@main] Found classpath entry '/C:/Users/%c3%81lvaro/.m2/repository/org/springframework/security/spring-security-config/5.4.2/spring-security-config-5.4.2.jar' 
2022-05-20 16:27:31.012 DEBUG [acme.Launcher@main] Found classpath entry '/C:/Users/%c3%81lvaro/.m2/repository/org/springframework/security/spring-security-taglibs/5.4.2/spring-security-taglibs-5.4.2.jar' 
2022-05-20 16:27:31.012 DEBUG [acme.Launcher@main] Found classpath entry '/C:/Users/%c3%81lvaro/.m2/repository/org/springframework/security/spring-security-acl/5.4.2/spring-security-acl-5.4.2.jar' 
2022-05-20 16:27:31.012 DEBUG [acme.Launcher@main] Found classpath entry '/C:/Users/%c3%81lvaro/.m2/repository/org/springframework/spring-jdbc/5.3.3/spring-jdbc-5.3.3.jar' 
2022-05-20 16:27:31.012 DEBUG [acme.Launcher@main] Found classpath entry '/C:/Users/%c3%81lvaro/.m2/repository/org/springframework/spring-tx/5.3.3/spring-tx-5.3.3.jar' 
2022-05-20 16:27:31.012 DEBUG [acme.Launcher@main] Found classpath entry '/C:/Users/%c3%81lvaro/.m2/repository/org/springframework/boot/spring-boot-starter-web/2.4.2/spring-boot-starter-web-2.4.2.jar' 
2022-05-20 16:27:31.012 DEBUG [acme.Launcher@main] Found classpath entry '/C:/Users/%c3%81lvaro/.m2/repository/org/springframework/boot/spring-boot-starter-json/2.4.2/spring-boot-starter-json-2.4.2.jar' 
2022-05-20 16:27:31.012 DEBUG [acme.Launcher@main] Found classpath entry '/C:/Users/%c3%81lvaro/.m2/repository/com/fasterxml/jackson/core/jackson-databind/2.11.4/jackson-databind-2.11.4.jar' 
2022-05-20 16:27:31.012 DEBUG [acme.Launcher@main] Found classpath entry '/C:/Users/%c3%81lvaro/.m2/repository/com/fasterxml/jackson/core/jackson-annotations/2.11.4/jackson-annotations-2.11.4.jar' 
2022-05-20 16:27:31.012 DEBUG [acme.Launcher@main] Found classpath entry '/C:/Users/%c3%81lvaro/.m2/repository/com/fasterxml/jackson/core/jackson-core/2.11.4/jackson-core-2.11.4.jar' 
2022-05-20 16:27:31.013 DEBUG [acme.Launcher@main] Found classpath entry '/C:/Users/%c3%81lvaro/.m2/repository/com/fasterxml/jackson/datatype/jackson-datatype-jdk8/2.11.4/jackson-datatype-jdk8-2.11.4.jar' 
2022-05-20 16:27:31.013 DEBUG [acme.Launcher@main] Found classpath entry '/C:/Users/%c3%81lvaro/.m2/repository/com/fasterxml/jackson/datatype/jackson-datatype-jsr310/2.11.4/jackson-datatype-jsr310-2.11.4.jar' 
2022-05-20 16:27:31.013 DEBUG [acme.Launcher@main] Found classpath entry '/C:/Users/%c3%81lvaro/.m2/repository/com/fasterxml/jackson/module/jackson-module-parameter-names/2.11.4/jackson-module-parameter-names-2.11.4.jar' 
2022-05-20 16:27:31.013 DEBUG [acme.Launcher@main] Found classpath entry '/C:/Users/%c3%81lvaro/.m2/repository/org/springframework/spring-webmvc/5.3.3/spring-webmvc-5.3.3.jar' 
2022-05-20 16:27:31.013 DEBUG [acme.Launcher@main] Found classpath entry '/C:/Users/%c3%81lvaro/.m2/repository/org/apache/tiles/tiles-jsp/3.0.8/tiles-jsp-3.0.8.jar' 
2022-05-20 16:27:31.013 DEBUG [acme.Launcher@main] Found classpath entry '/C:/Users/%c3%81lvaro/.m2/repository/org/apache/tiles/tiles-servlet/3.0.8/tiles-servlet-3.0.8.jar' 
2022-05-20 16:27:31.013 DEBUG [acme.Launcher@main] Found classpath entry '/C:/Users/%c3%81lvaro/.m2/repository/org/apache/tiles/tiles-core/3.0.8/tiles-core-3.0.8.jar' 
2022-05-20 16:27:31.013 DEBUG [acme.Launcher@main] Found classpath entry '/C:/Users/%c3%81lvaro/.m2/repository/commons-digester/commons-digester/2.0/commons-digester-2.0.jar' 
2022-05-20 16:27:31.013 DEBUG [acme.Launcher@main] Found classpath entry '/C:/Users/%c3%81lvaro/.m2/repository/org/slf4j/jcl-over-slf4j/1.7.30/jcl-over-slf4j-1.7.30.jar' 
2022-05-20 16:27:31.013 DEBUG [acme.Launcher@main] Found classpath entry '/C:/Users/%c3%81lvaro/.m2/repository/org/apache/tiles/tiles-request-servlet/1.0.7/tiles-request-servlet-1.0.7.jar' 
2022-05-20 16:27:31.013 DEBUG [acme.Launcher@main] Found classpath entry '/C:/Users/%c3%81lvaro/.m2/repository/org/apache/tiles/tiles-template/3.0.8/tiles-template-3.0.8.jar' 
2022-05-20 16:27:31.013 DEBUG [acme.Launcher@main] Found classpath entry '/C:/Users/%c3%81lvaro/.m2/repository/org/apache/tiles/tiles-api/3.0.8/tiles-api-3.0.8.jar' 
2022-05-20 16:27:31.013 DEBUG [acme.Launcher@main] Found classpath entry '/C:/Users/%c3%81lvaro/.m2/repository/org/apache/tiles/tiles-autotag-core-runtime/1.2/tiles-autotag-core-runtime-1.2.jar' 
2022-05-20 16:27:31.013 DEBUG [acme.Launcher@main] Found classpath entry '/C:/Users/%c3%81lvaro/.m2/repository/org/slf4j/slf4j-api/1.7.30/slf4j-api-1.7.30.jar' 
2022-05-20 16:27:31.013 DEBUG [acme.Launcher@main] Found classpath entry '/C:/Users/%c3%81lvaro/.m2/repository/org/apache/tiles/tiles-request-jsp/1.0.7/tiles-request-jsp-1.0.7.jar' 
2022-05-20 16:27:31.013 DEBUG [acme.Launcher@main] Found classpath entry '/C:/Users/%c3%81lvaro/.m2/repository/org/apache/tiles/tiles-request-api/1.0.7/tiles-request-api-1.0.7.jar' 
2022-05-20 16:27:31.013 DEBUG [acme.Launcher@main] Found classpath entry '/C:/Users/%c3%81lvaro/.m2/repository/org/springframework/boot/spring-boot-starter-data-jpa/2.4.2/spring-boot-starter-data-jpa-2.4.2.jar' 
2022-05-20 16:27:31.014 DEBUG [acme.Launcher@main] Found classpath entry '/C:/Users/%c3%81lvaro/.m2/repository/org/springframework/boot/spring-boot-starter-aop/2.4.2/spring-boot-starter-aop-2.4.2.jar' 
2022-05-20 16:27:31.014 DEBUG [acme.Launcher@main] Found classpath entry '/C:/Users/%c3%81lvaro/.m2/repository/org/aspectj/aspectjweaver/1.9.6/aspectjweaver-1.9.6.jar' 
2022-05-20 16:27:31.014 DEBUG [acme.Launcher@main] Found classpath entry '/C:/Users/%c3%81lvaro/.m2/repository/org/springframework/boot/spring-boot-starter-jdbc/2.4.2/spring-boot-starter-jdbc-2.4.2.jar' 
2022-05-20 16:27:31.014 DEBUG [acme.Launcher@main] Found classpath entry '/C:/Users/%c3%81lvaro/.m2/repository/jakarta/transaction/jakarta.transaction-api/1.3.3/jakarta.transaction-api-1.3.3.jar' 
2022-05-20 16:27:31.014 DEBUG [acme.Launcher@main] Found classpath entry '/C:/Users/%c3%81lvaro/.m2/repository/jakarta/persistence/jakarta.persistence-api/2.2.3/jakarta.persistence-api-2.2.3.jar' 
2022-05-20 16:27:31.014 DEBUG [acme.Launcher@main] Found classpath entry '/C:/Users/%c3%81lvaro/.m2/repository/org/hibernate/hibernate-core/5.4.27.Final/hibernate-core-5.4.27.Final.jar' 
2022-05-20 16:27:31.014 DEBUG [acme.Launcher@main] Found classpath entry '/C:/Users/%c3%81lvaro/.m2/repository/org/jboss/logging/jboss-logging/3.4.1.Final/jboss-logging-3.4.1.Final.jar' 
2022-05-20 16:27:31.014 DEBUG [acme.Launcher@main] Found classpath entry '/C:/Users/%c3%81lvaro/.m2/repository/org/javassist/javassist/3.27.0-GA/javassist-3.27.0-GA.jar' 
2022-05-20 16:27:31.014 DEBUG [acme.Launcher@main] Found classpath entry '/C:/Users/%c3%81lvaro/.m2/repository/antlr/antlr/2.7.7/antlr-2.7.7.jar' 
2022-05-20 16:27:31.014 DEBUG [acme.Launcher@main] Found classpath entry '/C:/Users/%c3%81lvaro/.m2/repository/org/jboss/jandex/2.1.3.Final/jandex-2.1.3.Final.jar' 
2022-05-20 16:27:31.015 DEBUG [acme.Launcher@main] Found classpath entry '/C:/Users/%c3%81lvaro/.m2/repository/com/fasterxml/classmate/1.5.1/classmate-1.5.1.jar' 
2022-05-20 16:27:31.015 DEBUG [acme.Launcher@main] Found classpath entry '/C:/Users/%c3%81lvaro/.m2/repository/org/dom4j/dom4j/2.1.3/dom4j-2.1.3.jar' 
2022-05-20 16:27:31.015 DEBUG [acme.Launcher@main] Found classpath entry '/C:/Users/%c3%81lvaro/.m2/repository/org/hibernate/common/hibernate-commons-annotations/5.1.2.Final/hibernate-commons-annotations-5.1.2.Final.jar' 
2022-05-20 16:27:31.015 DEBUG [acme.Launcher@main] Found classpath entry '/C:/Users/%c3%81lvaro/.m2/repository/org/glassfish/jaxb/jaxb-runtime/2.3.3/jaxb-runtime-2.3.3.jar' 
2022-05-20 16:27:31.015 DEBUG [acme.Launcher@main] Found classpath entry '/C:/Users/%c3%81lvaro/.m2/repository/org/glassfish/jaxb/txw2/2.3.3/txw2-2.3.3.jar' 
2022-05-20 16:27:31.015 DEBUG [acme.Launcher@main] Found classpath entry '/C:/Users/%c3%81lvaro/.m2/repository/com/sun/istack/istack-commons-runtime/3.0.11/istack-commons-runtime-3.0.11.jar' 
2022-05-20 16:27:31.015 DEBUG [acme.Launcher@main] Found classpath entry '/C:/Users/%c3%81lvaro/.m2/repository/com/sun/activation/jakarta.activation/1.2.2/jakarta.activation-1.2.2.jar' 
2022-05-20 16:27:31.015 DEBUG [acme.Launcher@main] Found classpath entry '/C:/Users/%c3%81lvaro/.m2/repository/org/springframework/data/spring-data-jpa/2.4.3/spring-data-jpa-2.4.3.jar' 
2022-05-20 16:27:31.015 DEBUG [acme.Launcher@main] Found classpath entry '/C:/Users/%c3%81lvaro/.m2/repository/org/springframework/data/spring-data-commons/2.4.3/spring-data-commons-2.4.3.jar' 
2022-05-20 16:27:31.015 DEBUG [acme.Launcher@main] Found classpath entry '/C:/Users/%c3%81lvaro/.m2/repository/org/springframework/spring-orm/5.3.3/spring-orm-5.3.3.jar' 
2022-05-20 16:27:31.015 DEBUG [acme.Launcher@main] Found classpath entry '/C:/Users/%c3%81lvaro/.m2/repository/org/springframework/spring-aspects/5.3.3/spring-aspects-5.3.3.jar' 
2022-05-20 16:27:31.015 DEBUG [acme.Launcher@main] Found classpath entry '/C:/Users/%c3%81lvaro/.m2/repository/org/springframework/boot/spring-boot-starter-validation/2.4.2/spring-boot-starter-validation-2.4.2.jar' 
2022-05-20 16:27:31.015 DEBUG [acme.Launcher@main] Found classpath entry '/C:/Users/%c3%81lvaro/.m2/repository/org/hibernate/validator/hibernate-validator/6.1.7.Final/hibernate-validator-6.1.7.Final.jar' 
2022-05-20 16:27:31.015 DEBUG [acme.Launcher@main] Found classpath entry '/C:/Users/%c3%81lvaro/.m2/repository/jakarta/validation/jakarta.validation-api/2.0.2/jakarta.validation-api-2.0.2.jar' 
2022-05-20 16:27:31.015 DEBUG [acme.Launcher@main] Found classpath entry '/C:/Users/%c3%81lvaro/.m2/repository/mysql/mysql-connector-java/8.0.22/mysql-connector-java-8.0.22.jar' 
2022-05-20 16:27:31.015 DEBUG [acme.Launcher@main] Found classpath entry '/C:/Users/%c3%81lvaro/.m2/repository/com/zaxxer/HikariCP/3.4.5/HikariCP-3.4.5.jar' 
2022-05-20 16:27:31.015 DEBUG [acme.Launcher@main] Found classpath entry '/C:/Users/%c3%81lvaro/.m2/repository/org/junit/jupiter/junit-jupiter-engine/5.7.0/junit-jupiter-engine-5.7.0.jar' 
2022-05-20 16:27:31.015 DEBUG [acme.Launcher@main] Found classpath entry '/C:/Users/%c3%81lvaro/.m2/repository/org/apiguardian/apiguardian-api/1.1.0/apiguardian-api-1.1.0.jar' 
2022-05-20 16:27:31.016 DEBUG [acme.Launcher@main] Found classpath entry '/C:/Users/%c3%81lvaro/.m2/repository/org/junit/platform/junit-platform-engine/1.7.0/junit-platform-engine-1.7.0.jar' 
2022-05-20 16:27:31.016 DEBUG [acme.Launcher@main] Found classpath entry '/C:/Users/%c3%81lvaro/.m2/repository/org/junit/jupiter/junit-jupiter-api/5.7.0/junit-jupiter-api-5.7.0.jar' 
2022-05-20 16:27:31.016 DEBUG [acme.Launcher@main] Found classpath entry '/C:/Users/%c3%81lvaro/.m2/repository/org/opentest4j/opentest4j/1.2.0/opentest4j-1.2.0.jar' 
2022-05-20 16:27:31.016 DEBUG [acme.Launcher@main] Found classpath entry '/C:/Users/%c3%81lvaro/.m2/repository/org/junit/platform/junit-platform-commons/1.7.0/junit-platform-commons-1.7.0.jar' 
2022-05-20 16:27:31.016 DEBUG [acme.Launcher@main] Found classpath entry '/C:/Users/%c3%81lvaro/.m2/repository/org/junit/jupiter/junit-jupiter-params/5.7.0/junit-jupiter-params-5.7.0.jar' 
2022-05-20 16:27:31.016 DEBUG [acme.Launcher@main] Found classpath entry '/C:/Users/%c3%81lvaro/.m2/repository/org/junit/platform/junit-platform-launcher/1.7.0/junit-platform-launcher-1.7.0.jar' 
2022-05-20 16:27:31.016 DEBUG [acme.Launcher@main] Found classpath entry '/C:/Users/%c3%81lvaro/.m2/repository/org/seleniumhq/selenium/selenium-java/3.141.59/selenium-java-3.141.59.jar' 
2022-05-20 16:27:31.016 DEBUG [acme.Launcher@main] Found classpath entry '/C:/Users/%c3%81lvaro/.m2/repository/org/seleniumhq/selenium/selenium-api/3.141.59/selenium-api-3.141.59.jar' 
2022-05-20 16:27:31.016 DEBUG [acme.Launcher@main] Found classpath entry '/C:/Users/%c3%81lvaro/.m2/repository/org/seleniumhq/selenium/selenium-chrome-driver/3.141.59/selenium-chrome-driver-3.141.59.jar' 
2022-05-20 16:27:31.016 DEBUG [acme.Launcher@main] Found classpath entry '/C:/Users/%c3%81lvaro/.m2/repository/org/seleniumhq/selenium/selenium-edge-driver/3.141.59/selenium-edge-driver-3.141.59.jar' 
2022-05-20 16:27:31.016 DEBUG [acme.Launcher@main] Found classpath entry '/C:/Users/%c3%81lvaro/.m2/repository/org/seleniumhq/selenium/selenium-firefox-driver/3.141.59/selenium-firefox-driver-3.141.59.jar' 
2022-05-20 16:27:31.016 DEBUG [acme.Launcher@main] Found classpath entry '/C:/Users/%c3%81lvaro/.m2/repository/org/seleniumhq/selenium/selenium-ie-driver/3.141.59/selenium-ie-driver-3.141.59.jar' 
2022-05-20 16:27:31.016 DEBUG [acme.Launcher@main] Found classpath entry '/C:/Users/%c3%81lvaro/.m2/repository/org/seleniumhq/selenium/selenium-opera-driver/3.141.59/selenium-opera-driver-3.141.59.jar' 
2022-05-20 16:27:31.016 DEBUG [acme.Launcher@main] Found classpath entry '/C:/Users/%c3%81lvaro/.m2/repository/org/seleniumhq/selenium/selenium-remote-driver/3.141.59/selenium-remote-driver-3.141.59.jar' 
2022-05-20 16:27:31.017 DEBUG [acme.Launcher@main] Found classpath entry '/C:/Users/%c3%81lvaro/.m2/repository/org/seleniumhq/selenium/selenium-safari-driver/3.141.59/selenium-safari-driver-3.141.59.jar' 
2022-05-20 16:27:31.017 DEBUG [acme.Launcher@main] Found classpath entry '/C:/Users/%c3%81lvaro/.m2/repository/org/seleniumhq/selenium/selenium-support/3.141.59/selenium-support-3.141.59.jar' 
2022-05-20 16:27:31.017 DEBUG [acme.Launcher@main] Found classpath entry '/C:/Users/%c3%81lvaro/.m2/repository/net/bytebuddy/byte-buddy/1.10.19/byte-buddy-1.10.19.jar' 
2022-05-20 16:27:31.017 DEBUG [acme.Launcher@main] Found classpath entry '/C:/Users/%c3%81lvaro/.m2/repository/org/apache/commons/commons-exec/1.3/commons-exec-1.3.jar' 
2022-05-20 16:27:31.017 DEBUG [acme.Launcher@main] Found classpath entry '/C:/Users/%c3%81lvaro/.m2/repository/com/google/guava/guava/25.0-jre/guava-25.0-jre.jar' 
2022-05-20 16:27:31.017 DEBUG [acme.Launcher@main] Found classpath entry '/C:/Users/%c3%81lvaro/.m2/repository/com/google/code/findbugs/jsr305/1.3.9/jsr305-1.3.9.jar' 
2022-05-20 16:27:31.017 DEBUG [acme.Launcher@main] Found classpath entry '/C:/Users/%c3%81lvaro/.m2/repository/org/checkerframework/checker-compat-qual/2.0.0/checker-compat-qual-2.0.0.jar' 
2022-05-20 16:27:31.017 DEBUG [acme.Launcher@main] Found classpath entry '/C:/Users/%c3%81lvaro/.m2/repository/com/google/errorprone/error_prone_annotations/2.1.3/error_prone_annotations-2.1.3.jar' 
2022-05-20 16:27:31.017 DEBUG [acme.Launcher@main] Found classpath entry '/C:/Users/%c3%81lvaro/.m2/repository/com/google/j2objc/j2objc-annotations/1.1/j2objc-annotations-1.1.jar' 
2022-05-20 16:27:31.017 DEBUG [acme.Launcher@main] Found classpath entry '/C:/Users/%c3%81lvaro/.m2/repository/org/codehaus/mojo/animal-sniffer-annotations/1.14/animal-sniffer-annotations-1.14.jar' 
2022-05-20 16:27:31.018 DEBUG [acme.Launcher@main] Found classpath entry '/C:/Users/%c3%81lvaro/.m2/repository/com/squareup/okhttp3/okhttp/3.14.9/okhttp-3.14.9.jar' 
2022-05-20 16:27:31.018 DEBUG [acme.Launcher@main] Found classpath entry '/C:/Users/%c3%81lvaro/.m2/repository/com/squareup/okio/okio/1.14.0/okio-1.14.0.jar' 
2022-05-20 16:27:31.018 DEBUG [acme.Launcher@main] Found classpath entry '/C:/Users/%c3%81lvaro/.m2/repository/org/apache/commons/commons-lang3/3.11/commons-lang3-3.11.jar' 
2022-05-20 16:27:31.018 DEBUG [acme.Launcher@main] Found classpath entry '/C:/Users/%c3%81lvaro/.m2/repository/org/apache/commons/commons-text/1.8/commons-text-1.8.jar' 
2022-05-20 16:27:31.018 DEBUG [acme.Launcher@main] Found classpath entry '/C:/Users/%c3%81lvaro/.m2/repository/commons-io/commons-io/2.6/commons-io-2.6.jar' 
2022-05-20 16:27:31.018 DEBUG [acme.Launcher@main] Found classpath entry '/C:/Users/%c3%81lvaro/.m2/repository/commons-cli/commons-cli/1.4/commons-cli-1.4.jar' 
2022-05-20 16:27:31.018 DEBUG [acme.Launcher@main] Found classpath entry '/C:/Users/%c3%81lvaro/.m2/repository/org/projectlombok/lombok/1.18.16/lombok-1.18.16.jar' 
2022-05-20 16:27:31.018 DEBUG [acme.Launcher@main] Found classpath entry '/C:/Users/%c3%81lvaro/.m2/repository/com/opencsv/opencsv/5.4/opencsv-5.4.jar' 
2022-05-20 16:27:31.018 DEBUG [acme.Launcher@main] Found classpath entry '/C:/Users/%c3%81lvaro/.m2/repository/commons-beanutils/commons-beanutils/1.9.4/commons-beanutils-1.9.4.jar' 
2022-05-20 16:27:31.018 DEBUG [acme.Launcher@main] Found classpath entry '/C:/Users/%c3%81lvaro/.m2/repository/commons-logging/commons-logging/1.2/commons-logging-1.2.jar' 
2022-05-20 16:27:31.018 DEBUG [acme.Launcher@main] Found classpath entry '/C:/Users/%c3%81lvaro/.m2/repository/commons-collections/commons-collections/3.2.2/commons-collections-3.2.2.jar' 
2022-05-20 16:27:31.018 DEBUG [acme.Launcher@main] Found classpath entry '/C:/Users/%c3%81lvaro/.m2/repository/org/apache/commons/commons-collections4/4.4/commons-collections4-4.4.jar' 
2022-05-20 16:27:31.018 DEBUG [acme.Launcher@main] Found classpath entry '/C:/Users/%c3%81lvaro/Desktop/Workspace-22.0/Frameworks/Acme-Framework-22.5/target/classes/' 
2022-05-20 16:27:31.018 DEBUG [acme.Launcher@main] Found classpath entry '/C:/Users/%c3%81lvaro/Desktop/Workspace-22.0/Frameworks/Acme-Framework-22.5/target/test-classes/' 
2022-05-20 16:27:31.018 DEBUG [acme.Launcher@main] Found classpath entry '/C:/Users/%c3%81lvaro/Desktop/Workspace-22.0/Tools/IDEs/eclipse-jee-2021-12-R/configuration/org.eclipse.osgi/418/0/.cp/lib/javaagent-shaded.jar' 
2022-05-20 16:27:31.074 DEBUG [acme.Launcher@main] Found entity class 'acme.entities.Announcement 
2022-05-20 16:27:31.074 DEBUG [acme.Launcher@main] Found entity class 'acme.entities.Chirp 
2022-05-20 16:27:31.074 DEBUG [acme.Launcher@main] Found entity class 'acme.entities.Currency 
2022-05-20 16:27:31.074 DEBUG [acme.Launcher@main] Found entity class 'acme.entities.Item 
2022-05-20 16:27:31.075 DEBUG [acme.Launcher@main] Found entity class 'acme.entities.Patronage 
2022-05-20 16:27:31.075 DEBUG [acme.Launcher@main] Found entity class 'acme.entities.PatronageReport 
2022-05-20 16:27:31.075 DEBUG [acme.Launcher@main] Found entity class 'acme.entities.Quantity 
2022-05-20 16:27:31.075 DEBUG [acme.Launcher@main] Found entity class 'acme.entities.Spam 
2022-05-20 16:27:31.075 DEBUG [acme.Launcher@main] Found entity class 'acme.entities.Toolkit 
2022-05-20 16:27:31.075 DEBUG [acme.Launcher@main] Found entity class 'acme.roles.Consumer 
2022-05-20 16:27:31.075 DEBUG [acme.Launcher@main] Found entity class 'acme.roles.Inventor 
2022-05-20 16:27:31.075 DEBUG [acme.Launcher@main] Found entity class 'acme.roles.Patron 
2022-05-20 16:27:31.075 DEBUG [acme.Launcher@main] Found entity class 'acme.roles.Provider 
2022-05-20 16:27:31.075 DEBUG [acme.Launcher@main] Found entity class 'acme.framework.entities.UserAccount 
2022-05-20 16:27:31.075 DEBUG [acme.Launcher@main] Found entity class 'acme.framework.roles.Administrator 
2022-05-20 16:27:31.075 DEBUG [acme.Launcher@main] Found entity class 'acme.framework.roles.Anonymous 
2022-05-20 16:27:31.075 DEBUG [acme.Launcher@main] Found entity class 'acme.framework.roles.Any 
2022-05-20 16:27:31.075 DEBUG [acme.Launcher@main] Found entity class 'acme.framework.roles.Authenticated 
2022-05-20 16:27:31.076 INFO  [acme.Launcher@main] Running application (Standalone) 
2022-05-20 16:27:36.929 DEBUG [acme.framework.components.tiles.DynamicTilesView@http-nio-8080-exec-2] View name 'fragments/welcome', model {} 
2022-05-20 16:27:36.938 DEBUG [org.apache.tiles.definition.dao.BaseLocaleUrlDefinitionDAO@http-nio-8080-exec-2] File Resource file:/C:/Users/Álvaro/Desktop/Workspace-22.0/Projects/Acme-One/target/classes/WEB-INF/views/master/tiles_en.xml at file:/C:/Users/Álvaro/Desktop/Workspace-22.0/Projects/Acme-One/target/classes/WEB-INF/views/master/tiles_en.xml not found, continue 
2022-05-20 16:27:36.942 DEBUG [org.apache.jasper.servlet.JspServlet@http-nio-8080-exec-2] JspEngine --> /WEB-INF/views/master/page.jsp 
2022-05-20 16:27:36.942 DEBUG [org.apache.jasper.servlet.JspServlet@http-nio-8080-exec-2] ServletPath: /WEB-INF/views/master/page.jsp 
2022-05-20 16:27:36.942 DEBUG [org.apache.jasper.servlet.JspServlet@http-nio-8080-exec-2] PathInfo: null 
2022-05-20 16:27:36.943 DEBUG [org.apache.jasper.servlet.JspServlet@http-nio-8080-exec-2] RealPath: C:\Users\Álvaro\Desktop\Workspace-22.0\Projects\Acme-One\target\classes\WEB-INF\views\master\page.jsp 
2022-05-20 16:27:36.943 DEBUG [org.apache.jasper.servlet.JspServlet@http-nio-8080-exec-2] RequestURI: /acme-one-3.0/WEB-INF/views/master/page.jsp 
2022-05-20 16:27:36.943 DEBUG [org.apache.jasper.servlet.JspServlet@http-nio-8080-exec-2] QueryString: null 
2022-05-20 16:27:38.879 DEBUG [acme.framework.configuration.ExtendedMessageSource@http-nio-8080-exec-2] Loading properties [C:\Users\Álvaro\Desktop\Workspace-22.0\Projects\Acme-One\target\classes\WEB-INF\views\administrator\announcement\messsages-en.i18n] with encoding 'utf-8' 
2022-05-20 16:27:38.879 DEBUG [acme.framework.configuration.ExtendedMessageSource@http-nio-8080-exec-2] Loading properties [C:\Users\Álvaro\Desktop\Workspace-22.0\Projects\Acme-One\target\classes\WEB-INF\views\administrator\dashboard\messsages-en.i18n] with encoding 'utf-8' 
2022-05-20 16:27:38.880 DEBUG [acme.framework.configuration.ExtendedMessageSource@http-nio-8080-exec-2] Loading properties [C:\Users\Álvaro\Desktop\Workspace-22.0\Projects\Acme-One\target\classes\WEB-INF\views\administrator\system-configuration\messsages-en.i18n] with encoding 'utf-8' 
2022-05-20 16:27:38.880 DEBUG [acme.framework.configuration.ExtendedMessageSource@http-nio-8080-exec-2] Loading properties [C:\Users\Álvaro\Desktop\Workspace-22.0\Projects\Acme-One\target\classes\WEB-INF\views\administrator\user-account\messages-en.i18n] with encoding 'utf-8' 
2022-05-20 16:27:38.880 DEBUG [acme.framework.configuration.ExtendedMessageSource@http-nio-8080-exec-2] Loading properties [C:\Users\Álvaro\Desktop\Workspace-22.0\Projects\Acme-One\target\classes\WEB-INF\views\anonymous\user-account\mesagges-en.i18n] with encoding 'utf-8' 
2022-05-20 16:27:38.881 DEBUG [acme.framework.configuration.ExtendedMessageSource@http-nio-8080-exec-2] Loading properties [C:\Users\Álvaro\Desktop\Workspace-22.0\Projects\Acme-One\target\classes\WEB-INF\views\any\chirp\mesagges-en.i18n] with encoding 'utf-8' 
2022-05-20 16:27:38.881 DEBUG [acme.framework.configuration.ExtendedMessageSource@http-nio-8080-exec-2] Loading properties [C:\Users\Álvaro\Desktop\Workspace-22.0\Projects\Acme-One\target\classes\WEB-INF\views\any\item\mesagges-en.i18n] with encoding 'utf-8' 
2022-05-20 16:27:38.881 DEBUG [acme.framework.configuration.ExtendedMessageSource@http-nio-8080-exec-2] Loading properties [C:\Users\Álvaro\Desktop\Workspace-22.0\Projects\Acme-One\target\classes\WEB-INF\views\any\toolkit\mesagges-en.i18n] with encoding 'utf-8' 
2022-05-20 16:27:38.881 DEBUG [acme.framework.configuration.ExtendedMessageSource@http-nio-8080-exec-2] Loading properties [C:\Users\Álvaro\Desktop\Workspace-22.0\Projects\Acme-One\target\classes\WEB-INF\views\any\user-account\mesagges-en.i18n] with encoding 'utf-8' 
2022-05-20 16:27:38.882 DEBUG [acme.framework.configuration.ExtendedMessageSource@http-nio-8080-exec-2] Loading properties [C:\Users\Álvaro\Desktop\Workspace-22.0\Projects\Acme-One\target\classes\WEB-INF\views\authenticated\announcement\messsages-en.i18n] with encoding 'utf-8' 
2022-05-20 16:27:38.882 DEBUG [acme.framework.configuration.ExtendedMessageSource@http-nio-8080-exec-2] Loading properties [C:\Users\Álvaro\Desktop\Workspace-22.0\Projects\Acme-One\target\classes\WEB-INF\views\authenticated\consumer\messsages-en.i18n] with encoding 'utf-8' 
2022-05-20 16:27:38.882 DEBUG [acme.framework.configuration.ExtendedMessageSource@http-nio-8080-exec-2] Loading properties [C:\Users\Álvaro\Desktop\Workspace-22.0\Projects\Acme-One\target\classes\WEB-INF\views\authenticated\currency\messsages-en.i18n] with encoding 'utf-8' 
2022-05-20 16:27:38.883 DEBUG [acme.framework.configuration.ExtendedMessageSource@http-nio-8080-exec-2] Loading properties [C:\Users\Álvaro\Desktop\Workspace-22.0\Projects\Acme-One\target\classes\WEB-INF\views\authenticated\inventor\messsages-en.i18n] with encoding 'utf-8' 
2022-05-20 16:27:38.883 DEBUG [acme.framework.configuration.ExtendedMessageSource@http-nio-8080-exec-2] Loading properties [C:\Users\Álvaro\Desktop\Workspace-22.0\Projects\Acme-One\target\classes\WEB-INF\views\authenticated\patron\messsages-en.i18n] with encoding 'utf-8' 
2022-05-20 16:27:38.883 DEBUG [acme.framework.configuration.ExtendedMessageSource@http-nio-8080-exec-2] Loading properties [C:\Users\Álvaro\Desktop\Workspace-22.0\Projects\Acme-One\target\classes\WEB-INF\views\authenticated\provider\messsages-en.i18n] with encoding 'utf-8' 
2022-05-20 16:27:38.884 DEBUG [acme.framework.configuration.ExtendedMessageSource@http-nio-8080-exec-2] Loading properties [C:\Users\Álvaro\Desktop\Workspace-22.0\Projects\Acme-One\target\classes\WEB-INF\views\authenticated\spam\messsages-en.i18n] with encoding 'utf-8' 
2022-05-20 16:27:38.884 DEBUG [acme.framework.configuration.ExtendedMessageSource@http-nio-8080-exec-2] Loading properties [C:\Users\Álvaro\Desktop\Workspace-22.0\Projects\Acme-One\target\classes\WEB-INF\views\fragments\banner-en.i18n] with encoding 'utf-8' 
2022-05-20 16:27:38.884 DEBUG [acme.framework.configuration.ExtendedMessageSource@http-nio-8080-exec-2] Loading properties [C:\Users\Álvaro\Desktop\Workspace-22.0\Projects\Acme-One\target\classes\WEB-INF\views\fragments\company-en.i18n] with encoding 'utf-8' 
2022-05-20 16:27:38.884 DEBUG [acme.framework.configuration.ExtendedMessageSource@http-nio-8080-exec-2] Loading properties [C:\Users\Álvaro\Desktop\Workspace-22.0\Projects\Acme-One\target\classes\WEB-INF\views\fragments\footer-en.i18n] with encoding 'utf-8' 
2022-05-20 16:27:38.885 DEBUG [acme.framework.configuration.ExtendedMessageSource@http-nio-8080-exec-2] Loading properties [C:\Users\Álvaro\Desktop\Workspace-22.0\Projects\Acme-One\target\classes\WEB-INF\views\fragments\license-en.i18n] with encoding 'utf-8' 
2022-05-20 16:27:38.885 DEBUG [acme.framework.configuration.ExtendedMessageSource@http-nio-8080-exec-2] Loading properties [C:\Users\Álvaro\Desktop\Workspace-22.0\Projects\Acme-One\target\classes\WEB-INF\views\fragments\menu-en.i18n] with encoding 'utf-8' 
2022-05-20 16:27:38.885 DEBUG [acme.framework.configuration.ExtendedMessageSource@http-nio-8080-exec-2] Loading properties [C:\Users\Álvaro\Desktop\Workspace-22.0\Projects\Acme-One\target\classes\WEB-INF\views\fragments\messsages-en.i18n] with encoding 'utf-8' 
2022-05-20 16:27:38.886 DEBUG [acme.framework.configuration.ExtendedMessageSource@http-nio-8080-exec-2] Loading properties [C:\Users\Álvaro\Desktop\Workspace-22.0\Projects\Acme-One\target\classes\WEB-INF\views\fragments\title-en.i18n] with encoding 'utf-8' 
2022-05-20 16:27:38.886 DEBUG [acme.framework.configuration.ExtendedMessageSource@http-nio-8080-exec-2] Loading properties [C:\Users\Álvaro\Desktop\Workspace-22.0\Projects\Acme-One\target\classes\WEB-INF\views\fragments\welcome-en.i18n] with encoding 'utf-8' 
2022-05-20 16:27:38.886 DEBUG [acme.framework.configuration.ExtendedMessageSource@http-nio-8080-exec-2] Loading properties [C:\Users\Álvaro\Desktop\Workspace-22.0\Projects\Acme-One\target\classes\WEB-INF\views\inventor\item\messagges-en.i18n] with encoding 'utf-8' 
2022-05-20 16:27:38.887 DEBUG [acme.framework.configuration.ExtendedMessageSource@http-nio-8080-exec-2] Loading properties [C:\Users\Álvaro\Desktop\Workspace-22.0\Projects\Acme-One\target\classes\WEB-INF\views\inventor\patronage\messsages-en.i18n] with encoding 'utf-8' 
2022-05-20 16:27:38.887 DEBUG [acme.framework.configuration.ExtendedMessageSource@http-nio-8080-exec-2] Loading properties [C:\Users\Álvaro\Desktop\Workspace-22.0\Projects\Acme-One\target\classes\WEB-INF\views\inventor\patronage-report\messsages-en.i18n] with encoding 'utf-8' 
2022-05-20 16:27:38.887 DEBUG [acme.framework.configuration.ExtendedMessageSource@http-nio-8080-exec-2] Loading properties [C:\Users\Álvaro\Desktop\Workspace-22.0\Projects\Acme-One\target\classes\WEB-INF\views\inventor\toolkit\messsages-en.i18n] with encoding 'utf-8' 
2022-05-20 16:27:38.887 DEBUG [acme.framework.configuration.ExtendedMessageSource@http-nio-8080-exec-2] Loading properties [C:\Users\Álvaro\Desktop\Workspace-22.0\Projects\Acme-One\target\classes\WEB-INF\views\master\defaults-en.i18n] with encoding 'utf-8' 
2022-05-20 16:27:38.888 DEBUG [acme.framework.configuration.ExtendedMessageSource@http-nio-8080-exec-2] Loading properties [C:\Users\Álvaro\Desktop\Workspace-22.0\Projects\Acme-One\target\classes\WEB-INF\views\master\master-en.i18n] with encoding 'utf-8' 
2022-05-20 16:27:38.888 DEBUG [acme.framework.configuration.ExtendedMessageSource@http-nio-8080-exec-2] Loading properties [C:\Users\Álvaro\Desktop\Workspace-22.0\Projects\Acme-One\target\classes\WEB-INF\views\master\throwables-en.i18n] with encoding 'utf-8' 
2022-05-20 16:27:38.888 DEBUG [acme.framework.configuration.ExtendedMessageSource@http-nio-8080-exec-2] Loading properties [C:\Users\Álvaro\Desktop\Workspace-22.0\Projects\Acme-One\target\classes\WEB-INF\views\master\validation-en.i18n] with encoding 'utf-8' 
2022-05-20 16:27:38.888 DEBUG [acme.framework.configuration.ExtendedMessageSource@http-nio-8080-exec-2] Loading properties [C:\Users\Álvaro\Desktop\Workspace-22.0\Projects\Acme-One\target\classes\WEB-INF\views\patron\dashboard\messsages-en.i18n] with encoding 'utf-8' 
2022-05-20 16:27:38.889 DEBUG [acme.framework.configuration.ExtendedMessageSource@http-nio-8080-exec-2] Loading properties [C:\Users\Álvaro\Desktop\Workspace-22.0\Projects\Acme-One\target\classes\WEB-INF\views\patron\inventor\messsages-en.i18n] with encoding 'utf-8' 
2022-05-20 16:27:38.889 DEBUG [acme.framework.configuration.ExtendedMessageSource@http-nio-8080-exec-2] Loading properties [C:\Users\Álvaro\Desktop\Workspace-22.0\Projects\Acme-One\target\classes\WEB-INF\views\patron\patronage\messsages-en.i18n] with encoding 'utf-8' 
2022-05-20 16:27:38.889 DEBUG [acme.framework.configuration.ExtendedMessageSource@http-nio-8080-exec-2] Loading properties [C:\Users\Álvaro\Desktop\Workspace-22.0\Projects\Acme-One\target\classes\WEB-INF\views\patron\patronage-report\messsages-en.i18n] with encoding 'utf-8' 
2022-05-20 16:27:39.035 DEBUG [org.apache.jasper.servlet.JspServlet@http-nio-8080-exec-2] JspEngine --> /WEB-INF/views/fragments/welcome.jsp 
2022-05-20 16:27:39.036 DEBUG [org.apache.jasper.servlet.JspServlet@http-nio-8080-exec-2] ServletPath: /WEB-INF/views/master/page.jsp 
2022-05-20 16:27:39.036 DEBUG [org.apache.jasper.servlet.JspServlet@http-nio-8080-exec-2] PathInfo: null 
2022-05-20 16:27:39.037 DEBUG [org.apache.jasper.servlet.JspServlet@http-nio-8080-exec-2] RealPath: C:\Users\Álvaro\Desktop\Workspace-22.0\Projects\Acme-One\target\classes\WEB-INF\views\fragments\welcome.jsp 
2022-05-20 16:27:39.037 DEBUG [org.apache.jasper.servlet.JspServlet@http-nio-8080-exec-2] RequestURI: /acme-one-3.0/WEB-INF/views/master/page.jsp 
2022-05-20 16:27:39.037 DEBUG [org.apache.jasper.servlet.JspServlet@http-nio-8080-exec-2] QueryString: null 
2022-05-20 16:27:39.201 DEBUG [org.hibernate.SQL@http-nio-8080-exec-2] select useraccoun0_.id as id1_0_, useraccoun0_.version as version2_0_, useraccoun0_.enabled as enabled1_18_, useraccoun0_.identity as identity2_18_, useraccoun0_.password as password3_18_, useraccoun0_.username as username4_18_ from user_account useraccoun0_ where useraccoun0_.username=? 
2022-05-20 16:27:39.214 TRACE [org.hibernate.type.descriptor.sql.BasicBinder@http-nio-8080-exec-2] binding parameter [1] as [VARCHAR] - [anonymous] 
2022-05-20 16:27:39.246 DEBUG [org.hibernate.SQL@http-nio-8080-exec-2] select roles0_.user_account_id as user_acc1_19_0_, roles0_.id as id1_19_0_, roles0_.id as id1_0_1_, roles0_.version as version2_0_1_, roles0_.user_account_id as user_acc1_19_1_, roles0_.company as company1_7_1_, roles0_.sector as sector2_7_1_, roles0_.company as company1_9_1_, roles0_.link as link2_9_1_, roles0_.statement as statemen3_9_1_, roles0_.company as company1_11_1_, roles0_.link as link2_11_1_, roles0_.statement as statemen3_11_1_, roles0_.company as company1_14_1_, roles0_.sector as sector2_14_1_, roles0_.clazz_ as clazz_1_ from ( select id, version, user_account_id, company, sector, null as link, null as statement, 11 as clazz_ from consumer union all select id, version, user_account_id, company, null as sector, link, statement, 12 as clazz_ from inventor union all select id, version, user_account_id, company, null as sector, link, statement, 13 as clazz_ from patron union all select id, version, user_account_id, company, sector, null as link, null as statement, 14 as clazz_ from provider union all select id, version, user_account_id, null as company, null as sector, null as link, null as statement, 16 as clazz_ from administrator union all select id, version, user_account_id, null as company, null as sector, null as link, null as statement, 17 as clazz_ from anonymous union all select id, version, user_account_id, null as company, null as sector, null as link, null as statement, 18 as clazz_ from any union all select id, version, user_account_id, null as company, null as sector, null as link, null as statement, 19 as clazz_ from authenticated ) roles0_ where roles0_.user_account_id=? 
2022-05-20 16:27:39.246 TRACE [org.hibernate.type.descriptor.sql.BasicBinder@http-nio-8080-exec-2] binding parameter [1] as [INTEGER] - [4] 
2022-05-20 16:27:40.734 DEBUG [acme.framework.components.tiles.DynamicTilesView@http-nio-8080-exec-8] View name 'master/sign-in', model {username=, password=, remember=false} 
2022-05-20 16:27:40.735 DEBUG [org.apache.jasper.servlet.JspServlet@http-nio-8080-exec-8] JspEngine --> /WEB-INF/views/master/page.jsp 
2022-05-20 16:27:40.735 DEBUG [org.apache.jasper.servlet.JspServlet@http-nio-8080-exec-8] ServletPath: /WEB-INF/views/master/page.jsp 
2022-05-20 16:27:40.735 DEBUG [org.apache.jasper.servlet.JspServlet@http-nio-8080-exec-8] PathInfo: null 
2022-05-20 16:27:40.736 DEBUG [org.apache.jasper.servlet.JspServlet@http-nio-8080-exec-8] RealPath: C:\Users\Álvaro\Desktop\Workspace-22.0\Projects\Acme-One\target\classes\WEB-INF\views\master\page.jsp 
2022-05-20 16:27:40.736 DEBUG [org.apache.jasper.servlet.JspServlet@http-nio-8080-exec-8] RequestURI: /acme-one-3.0/WEB-INF/views/master/page.jsp 
2022-05-20 16:27:40.736 DEBUG [org.apache.jasper.servlet.JspServlet@http-nio-8080-exec-8] QueryString: null 
2022-05-20 16:27:40.856 DEBUG [org.apache.jasper.servlet.JspServlet@http-nio-8080-exec-8] JspEngine --> /WEB-INF/views/master/sign-in.jsp 
2022-05-20 16:27:40.856 DEBUG [org.apache.jasper.servlet.JspServlet@http-nio-8080-exec-8] ServletPath: /WEB-INF/views/master/page.jsp 
2022-05-20 16:27:40.856 DEBUG [org.apache.jasper.servlet.JspServlet@http-nio-8080-exec-8] PathInfo: null 
2022-05-20 16:27:40.857 DEBUG [org.apache.jasper.servlet.JspServlet@http-nio-8080-exec-8] RealPath: C:\Users\Álvaro\Desktop\Workspace-22.0\Projects\Acme-One\target\classes\WEB-INF\views\master\sign-in.jsp 
2022-05-20 16:27:40.857 DEBUG [org.apache.jasper.servlet.JspServlet@http-nio-8080-exec-8] RequestURI: /acme-one-3.0/WEB-INF/views/master/page.jsp 
2022-05-20 16:27:40.857 DEBUG [org.apache.jasper.servlet.JspServlet@http-nio-8080-exec-8] QueryString: null 
2022-05-20 16:27:41.708 DEBUG [org.hibernate.SQL@http-nio-8080-exec-8] select useraccoun0_.id as id1_0_, useraccoun0_.version as version2_0_, useraccoun0_.enabled as enabled1_18_, useraccoun0_.identity as identity2_18_, useraccoun0_.password as password3_18_, useraccoun0_.username as username4_18_ from user_account useraccoun0_ where useraccoun0_.username=? 
2022-05-20 16:27:41.708 TRACE [org.hibernate.type.descriptor.sql.BasicBinder@http-nio-8080-exec-8] binding parameter [1] as [VARCHAR] - [anonymous] 
2022-05-20 16:27:41.709 DEBUG [org.hibernate.SQL@http-nio-8080-exec-8] select roles0_.user_account_id as user_acc1_19_0_, roles0_.id as id1_19_0_, roles0_.id as id1_0_1_, roles0_.version as version2_0_1_, roles0_.user_account_id as user_acc1_19_1_, roles0_.company as company1_7_1_, roles0_.sector as sector2_7_1_, roles0_.company as company1_9_1_, roles0_.link as link2_9_1_, roles0_.statement as statemen3_9_1_, roles0_.company as company1_11_1_, roles0_.link as link2_11_1_, roles0_.statement as statemen3_11_1_, roles0_.company as company1_14_1_, roles0_.sector as sector2_14_1_, roles0_.clazz_ as clazz_1_ from ( select id, version, user_account_id, company, sector, null as link, null as statement, 11 as clazz_ from consumer union all select id, version, user_account_id, company, null as sector, link, statement, 12 as clazz_ from inventor union all select id, version, user_account_id, company, null as sector, link, statement, 13 as clazz_ from patron union all select id, version, user_account_id, company, sector, null as link, null as statement, 14 as clazz_ from provider union all select id, version, user_account_id, null as company, null as sector, null as link, null as statement, 16 as clazz_ from administrator union all select id, version, user_account_id, null as company, null as sector, null as link, null as statement, 17 as clazz_ from anonymous union all select id, version, user_account_id, null as company, null as sector, null as link, null as statement, 18 as clazz_ from any union all select id, version, user_account_id, null as company, null as sector, null as link, null as statement, 19 as clazz_ from authenticated ) roles0_ where roles0_.user_account_id=? 
2022-05-20 16:27:41.709 TRACE [org.hibernate.type.descriptor.sql.BasicBinder@http-nio-8080-exec-8] binding parameter [1] as [INTEGER] - [4] 
2022-05-20 16:27:43.861 DEBUG [org.hibernate.SQL@http-nio-8080-exec-9] select useraccoun0_.id as id1_0_, useraccoun0_.version as version2_0_, useraccoun0_.enabled as enabled1_18_, useraccoun0_.identity as identity2_18_, useraccoun0_.password as password3_18_, useraccoun0_.username as username4_18_ from user_account useraccoun0_ where useraccoun0_.username=? 
2022-05-20 16:27:43.861 TRACE [org.hibernate.type.descriptor.sql.BasicBinder@http-nio-8080-exec-9] binding parameter [1] as [VARCHAR] - [inventor1] 
2022-05-20 16:27:43.862 DEBUG [org.hibernate.SQL@http-nio-8080-exec-9] select roles0_.user_account_id as user_acc1_19_0_, roles0_.id as id1_19_0_, roles0_.id as id1_0_1_, roles0_.version as version2_0_1_, roles0_.user_account_id as user_acc1_19_1_, roles0_.company as company1_7_1_, roles0_.sector as sector2_7_1_, roles0_.company as company1_9_1_, roles0_.link as link2_9_1_, roles0_.statement as statemen3_9_1_, roles0_.company as company1_11_1_, roles0_.link as link2_11_1_, roles0_.statement as statemen3_11_1_, roles0_.company as company1_14_1_, roles0_.sector as sector2_14_1_, roles0_.clazz_ as clazz_1_ from ( select id, version, user_account_id, company, sector, null as link, null as statement, 11 as clazz_ from consumer union all select id, version, user_account_id, company, null as sector, link, statement, 12 as clazz_ from inventor union all select id, version, user_account_id, company, null as sector, link, statement, 13 as clazz_ from patron union all select id, version, user_account_id, company, sector, null as link, null as statement, 14 as clazz_ from provider union all select id, version, user_account_id, null as company, null as sector, null as link, null as statement, 16 as clazz_ from administrator union all select id, version, user_account_id, null as company, null as sector, null as link, null as statement, 17 as clazz_ from anonymous union all select id, version, user_account_id, null as company, null as sector, null as link, null as statement, 18 as clazz_ from any union all select id, version, user_account_id, null as company, null as sector, null as link, null as statement, 19 as clazz_ from authenticated ) roles0_ where roles0_.user_account_id=? 
2022-05-20 16:27:43.863 TRACE [org.hibernate.type.descriptor.sql.BasicBinder@http-nio-8080-exec-9] binding parameter [1] as [INTEGER] - [17] 
2022-05-20 16:27:43.871 DEBUG [acme.framework.components.tiles.DynamicTilesView@http-nio-8080-exec-6] View name 'fragments/welcome', model {} 
2022-05-20 16:27:43.872 DEBUG [org.apache.jasper.servlet.JspServlet@http-nio-8080-exec-6] JspEngine --> /WEB-INF/views/master/page.jsp 
2022-05-20 16:27:43.872 DEBUG [org.apache.jasper.servlet.JspServlet@http-nio-8080-exec-6] ServletPath: /WEB-INF/views/master/page.jsp 
2022-05-20 16:27:43.872 DEBUG [org.apache.jasper.servlet.JspServlet@http-nio-8080-exec-6] PathInfo: null 
2022-05-20 16:27:43.873 DEBUG [org.apache.jasper.servlet.JspServlet@http-nio-8080-exec-6] RealPath: C:\Users\Álvaro\Desktop\Workspace-22.0\Projects\Acme-One\target\classes\WEB-INF\views\master\page.jsp 
2022-05-20 16:27:43.873 DEBUG [org.apache.jasper.servlet.JspServlet@http-nio-8080-exec-6] RequestURI: /acme-one-3.0/WEB-INF/views/master/page.jsp 
2022-05-20 16:27:43.873 DEBUG [org.apache.jasper.servlet.JspServlet@http-nio-8080-exec-6] QueryString: null 
2022-05-20 16:27:44.033 DEBUG [org.apache.jasper.servlet.JspServlet@http-nio-8080-exec-6] JspEngine --> /WEB-INF/views/fragments/welcome.jsp 
2022-05-20 16:27:44.034 DEBUG [org.apache.jasper.servlet.JspServlet@http-nio-8080-exec-6] ServletPath: /WEB-INF/views/master/page.jsp 
2022-05-20 16:27:44.034 DEBUG [org.apache.jasper.servlet.JspServlet@http-nio-8080-exec-6] PathInfo: null 
2022-05-20 16:27:44.035 DEBUG [org.apache.jasper.servlet.JspServlet@http-nio-8080-exec-6] RealPath: C:\Users\Álvaro\Desktop\Workspace-22.0\Projects\Acme-One\target\classes\WEB-INF\views\fragments\welcome.jsp 
2022-05-20 16:27:44.035 DEBUG [org.apache.jasper.servlet.JspServlet@http-nio-8080-exec-6] RequestURI: /acme-one-3.0/WEB-INF/views/master/page.jsp 
2022-05-20 16:27:44.035 DEBUG [org.apache.jasper.servlet.JspServlet@http-nio-8080-exec-6] QueryString: null 
2022-05-20 16:27:45.818 DEBUG [acme.framework.controllers.AbstractController@http-nio-8080-exec-3] DISPATCHING GET /acme-one-3.0/inventor/toolkit/list 
2022-05-20 16:27:45.818 DEBUG [acme.framework.controllers.AbstractController@http-nio-8080-exec-3] Command: list 
2022-05-20 16:27:45.818 DEBUG [acme.framework.controllers.AbstractController@http-nio-8080-exec-3] Model:   {} 
2022-05-20 16:27:45.818 DEBUG [acme.framework.controllers.AbstractController@http-nio-8080-exec-3] Locale:  en 
2022-05-20 16:27:45.827 DEBUG [org.hibernate.SQL@http-nio-8080-exec-3] select toolkit0_.id as id1_0_, toolkit0_.version as version2_0_, toolkit0_.assembly_notes as assembly1_17_, toolkit0_.code as code2_17_, toolkit0_.description as descript3_17_, toolkit0_.inventor_id as inventor7_17_, toolkit0_.link as link4_17_, toolkit0_.publish as publish5_17_, toolkit0_.title as title6_17_ from toolkit toolkit0_ where toolkit0_.inventor_id=? 
2022-05-20 16:27:45.828 TRACE [org.hibernate.type.descriptor.sql.BasicBinder@http-nio-8080-exec-3] binding parameter [1] as [INTEGER] - [27] 
2022-05-20 16:27:45.828 DEBUG [org.hibernate.SQL@http-nio-8080-exec-3] select inventor0_.id as id1_0_0_, inventor0_.version as version2_0_0_, inventor0_.user_account_id as user_acc1_19_0_, inventor0_.company as company1_9_0_, inventor0_.link as link2_9_0_, inventor0_.statement as statemen3_9_0_, useraccoun1_.id as id1_0_1_, useraccoun1_.version as version2_0_1_, useraccoun1_.enabled as enabled1_18_1_, useraccoun1_.identity as identity2_18_1_, useraccoun1_.password as password3_18_1_, useraccoun1_.username as username4_18_1_ from inventor inventor0_ inner join user_account useraccoun1_ on inventor0_.user_account_id=useraccoun1_.id where inventor0_.id=? 
2022-05-20 16:27:45.828 TRACE [org.hibernate.type.descriptor.sql.BasicBinder@http-nio-8080-exec-3] binding parameter [1] as [INTEGER] - [27] 
2022-05-20 16:27:45.845 DEBUG [acme.framework.controllers.AbstractController@http-nio-8080-exec-3] SERVING GET /acme-one-3.0/inventor/toolkit/list 
2022-05-20 16:27:45.846 DEBUG [acme.framework.controllers.AbstractController@http-nio-8080-exec-3] Result: ModelAndView [view="inventor/toolkit/list"; model={link[0]=http://www.google.com, publish[0]=false, description[0]=Toolkit 1, code[0]=AAA-000, version[0]=1, title[0]=ASDFASDF, id[0]=50, list$size=1, assemblyNotes[0]=ejemplo, command=list, principal=acme.framework.entities.Principal@54f4b376}] 
2022-05-20 16:27:45.848 DEBUG [acme.framework.components.tiles.DynamicTilesView@http-nio-8080-exec-3] View name 'inventor/toolkit/list', model {link[0]=http://www.google.com, publish[0]=false, description[0]=Toolkit 1, code[0]=AAA-000, version[0]=1, title[0]=ASDFASDF, id[0]=50, list$size=1, assemblyNotes[0]=ejemplo, command=list, principal=acme.framework.entities.Principal@54f4b376, org.springframework.validation.BindingResult.principal=org.springframework.validation.BeanPropertyBindingResult: 0 errors} 
2022-05-20 16:27:45.849 DEBUG [org.apache.jasper.servlet.JspServlet@http-nio-8080-exec-3] JspEngine --> /WEB-INF/views/master/page.jsp 
2022-05-20 16:27:45.849 DEBUG [org.apache.jasper.servlet.JspServlet@http-nio-8080-exec-3] ServletPath: /WEB-INF/views/master/page.jsp 
2022-05-20 16:27:45.849 DEBUG [org.apache.jasper.servlet.JspServlet@http-nio-8080-exec-3] PathInfo: null 
2022-05-20 16:27:45.849 DEBUG [org.apache.jasper.servlet.JspServlet@http-nio-8080-exec-3] RealPath: C:\Users\Álvaro\Desktop\Workspace-22.0\Projects\Acme-One\target\classes\WEB-INF\views\master\page.jsp 
2022-05-20 16:27:45.849 DEBUG [org.apache.jasper.servlet.JspServlet@http-nio-8080-exec-3] RequestURI: /acme-one-3.0/WEB-INF/views/master/page.jsp 
2022-05-20 16:27:45.849 DEBUG [org.apache.jasper.servlet.JspServlet@http-nio-8080-exec-3] QueryString: null 
2022-05-20 16:27:45.996 DEBUG [org.apache.jasper.servlet.JspServlet@http-nio-8080-exec-3] JspEngine --> /WEB-INF/views/inventor/toolkit/list.jsp 
2022-05-20 16:27:45.997 DEBUG [org.apache.jasper.servlet.JspServlet@http-nio-8080-exec-3] ServletPath: /WEB-INF/views/master/page.jsp 
2022-05-20 16:27:45.997 DEBUG [org.apache.jasper.servlet.JspServlet@http-nio-8080-exec-3] PathInfo: null 
2022-05-20 16:27:45.998 DEBUG [org.apache.jasper.servlet.JspServlet@http-nio-8080-exec-3] RealPath: C:\Users\Álvaro\Desktop\Workspace-22.0\Projects\Acme-One\target\classes\WEB-INF\views\inventor\toolkit\list.jsp 
2022-05-20 16:27:45.998 DEBUG [org.apache.jasper.servlet.JspServlet@http-nio-8080-exec-3] RequestURI: /acme-one-3.0/WEB-INF/views/master/page.jsp 
2022-05-20 16:27:45.998 DEBUG [org.apache.jasper.servlet.JspServlet@http-nio-8080-exec-3] QueryString: null 
2022-05-20 16:27:47.193 DEBUG [acme.framework.controllers.AbstractController@http-nio-8080-exec-9] DISPATCHING GET /acme-one-3.0/inventor/toolkit/show 
2022-05-20 16:27:47.193 DEBUG [acme.framework.controllers.AbstractController@http-nio-8080-exec-9] Command: show 
2022-05-20 16:27:47.193 DEBUG [acme.framework.controllers.AbstractController@http-nio-8080-exec-9] Model:   {id=50} 
2022-05-20 16:27:47.193 DEBUG [acme.framework.controllers.AbstractController@http-nio-8080-exec-9] Locale:  en 
2022-05-20 16:27:47.197 DEBUG [org.hibernate.SQL@http-nio-8080-exec-9] select toolkit0_.id as id1_0_, toolkit0_.version as version2_0_, toolkit0_.assembly_notes as assembly1_17_, toolkit0_.code as code2_17_, toolkit0_.description as descript3_17_, toolkit0_.inventor_id as inventor7_17_, toolkit0_.link as link4_17_, toolkit0_.publish as publish5_17_, toolkit0_.title as title6_17_ from toolkit toolkit0_ where toolkit0_.id=? 
2022-05-20 16:27:47.197 TRACE [org.hibernate.type.descriptor.sql.BasicBinder@http-nio-8080-exec-9] binding parameter [1] as [INTEGER] - [50] 
2022-05-20 16:27:47.197 DEBUG [org.hibernate.SQL@http-nio-8080-exec-9] select inventor0_.id as id1_0_0_, inventor0_.version as version2_0_0_, inventor0_.user_account_id as user_acc1_19_0_, inventor0_.company as company1_9_0_, inventor0_.link as link2_9_0_, inventor0_.statement as statemen3_9_0_, useraccoun1_.id as id1_0_1_, useraccoun1_.version as version2_0_1_, useraccoun1_.enabled as enabled1_18_1_, useraccoun1_.identity as identity2_18_1_, useraccoun1_.password as password3_18_1_, useraccoun1_.username as username4_18_1_ from inventor inventor0_ inner join user_account useraccoun1_ on inventor0_.user_account_id=useraccoun1_.id where inventor0_.id=? 
2022-05-20 16:27:47.198 TRACE [org.hibernate.type.descriptor.sql.BasicBinder@http-nio-8080-exec-9] binding parameter [1] as [INTEGER] - [27] 
2022-05-20 16:27:47.200 DEBUG [acme.framework.controllers.AbstractController@http-nio-8080-exec-9] SERVING GET /acme-one-3.0/inventor/toolkit/show 
2022-05-20 16:27:47.200 DEBUG [acme.framework.controllers.AbstractController@http-nio-8080-exec-9] Result: ModelAndView [view="inventor/toolkit/form"; model={assemblyNotes=ejemplo, code=AAA-000, publish=false, link=http://www.google.com, description=Toolkit 1, id=50, title=ASDFASDF, version=1, command=show, principal=acme.framework.entities.Principal@54f4b376}] 
2022-05-20 16:27:47.200 DEBUG [acme.framework.components.tiles.DynamicTilesView@http-nio-8080-exec-9] View name 'inventor/toolkit/form', model {assemblyNotes=ejemplo, code=AAA-000, publish=false, link=http://www.google.com, description=Toolkit 1, id=50, title=ASDFASDF, version=1, command=show, principal=acme.framework.entities.Principal@54f4b376, org.springframework.validation.BindingResult.principal=org.springframework.validation.BeanPropertyBindingResult: 0 errors} 
2022-05-20 16:27:47.200 DEBUG [org.apache.jasper.servlet.JspServlet@http-nio-8080-exec-9] JspEngine --> /WEB-INF/views/master/page.jsp 
2022-05-20 16:27:47.201 DEBUG [org.apache.jasper.servlet.JspServlet@http-nio-8080-exec-9] ServletPath: /WEB-INF/views/master/page.jsp 
2022-05-20 16:27:47.201 DEBUG [org.apache.jasper.servlet.JspServlet@http-nio-8080-exec-9] PathInfo: null 
2022-05-20 16:27:47.201 DEBUG [org.apache.jasper.servlet.JspServlet@http-nio-8080-exec-9] RealPath: C:\Users\Álvaro\Desktop\Workspace-22.0\Projects\Acme-One\target\classes\WEB-INF\views\master\page.jsp 
2022-05-20 16:27:47.201 DEBUG [org.apache.jasper.servlet.JspServlet@http-nio-8080-exec-9] RequestURI: /acme-one-3.0/WEB-INF/views/master/page.jsp 
2022-05-20 16:27:47.202 DEBUG [org.apache.jasper.servlet.JspServlet@http-nio-8080-exec-9] QueryString: id=50 
2022-05-20 16:27:47.354 DEBUG [org.apache.jasper.servlet.JspServlet@http-nio-8080-exec-9] JspEngine --> /WEB-INF/views/inventor/toolkit/form.jsp 
2022-05-20 16:27:47.354 DEBUG [org.apache.jasper.servlet.JspServlet@http-nio-8080-exec-9] ServletPath: /WEB-INF/views/master/page.jsp 
2022-05-20 16:27:47.354 DEBUG [org.apache.jasper.servlet.JspServlet@http-nio-8080-exec-9] PathInfo: null 
2022-05-20 16:27:47.355 DEBUG [org.apache.jasper.servlet.JspServlet@http-nio-8080-exec-9] RealPath: C:\Users\Álvaro\Desktop\Workspace-22.0\Projects\Acme-One\target\classes\WEB-INF\views\inventor\toolkit\form.jsp 
2022-05-20 16:27:47.355 DEBUG [org.apache.jasper.servlet.JspServlet@http-nio-8080-exec-9] RequestURI: /acme-one-3.0/WEB-INF/views/master/page.jsp 
2022-05-20 16:27:47.355 DEBUG [org.apache.jasper.servlet.JspServlet@http-nio-8080-exec-9] QueryString: id=50 
2022-05-20 16:27:53.323 DEBUG [acme.framework.controllers.AbstractController@http-nio-8080-exec-3] DISPATCHING GET /acme-one-3.0/inventor/toolkit/list 
2022-05-20 16:27:53.323 DEBUG [acme.framework.controllers.AbstractController@http-nio-8080-exec-3] Command: list 
2022-05-20 16:27:53.323 DEBUG [acme.framework.controllers.AbstractController@http-nio-8080-exec-3] Model:   {} 
2022-05-20 16:27:53.323 DEBUG [acme.framework.controllers.AbstractController@http-nio-8080-exec-3] Locale:  en 
2022-05-20 16:27:53.324 DEBUG [org.hibernate.SQL@http-nio-8080-exec-3] select toolkit0_.id as id1_0_, toolkit0_.version as version2_0_, toolkit0_.assembly_notes as assembly1_17_, toolkit0_.code as code2_17_, toolkit0_.description as descript3_17_, toolkit0_.inventor_id as inventor7_17_, toolkit0_.link as link4_17_, toolkit0_.publish as publish5_17_, toolkit0_.title as title6_17_ from toolkit toolkit0_ where toolkit0_.inventor_id=? 
2022-05-20 16:27:53.324 TRACE [org.hibernate.type.descriptor.sql.BasicBinder@http-nio-8080-exec-3] binding parameter [1] as [INTEGER] - [27] 
2022-05-20 16:27:53.325 DEBUG [org.hibernate.SQL@http-nio-8080-exec-3] select inventor0_.id as id1_0_0_, inventor0_.version as version2_0_0_, inventor0_.user_account_id as user_acc1_19_0_, inventor0_.company as company1_9_0_, inventor0_.link as link2_9_0_, inventor0_.statement as statemen3_9_0_, useraccoun1_.id as id1_0_1_, useraccoun1_.version as version2_0_1_, useraccoun1_.enabled as enabled1_18_1_, useraccoun1_.identity as identity2_18_1_, useraccoun1_.password as password3_18_1_, useraccoun1_.username as username4_18_1_ from inventor inventor0_ inner join user_account useraccoun1_ on inventor0_.user_account_id=useraccoun1_.id where inventor0_.id=? 
2022-05-20 16:27:53.325 TRACE [org.hibernate.type.descriptor.sql.BasicBinder@http-nio-8080-exec-3] binding parameter [1] as [INTEGER] - [27] 
2022-05-20 16:27:53.327 DEBUG [acme.framework.controllers.AbstractController@http-nio-8080-exec-3] SERVING GET /acme-one-3.0/inventor/toolkit/list 
2022-05-20 16:27:53.327 DEBUG [acme.framework.controllers.AbstractController@http-nio-8080-exec-3] Result: ModelAndView [view="inventor/toolkit/list"; model={link[0]=http://www.google.com, publish[0]=false, description[0]=Toolkit 1, code[0]=AAA-000, version[0]=1, title[0]=ASDFASDF, id[0]=50, list$size=1, assemblyNotes[0]=ejemplo, command=list, principal=acme.framework.entities.Principal@54f4b376}] 
2022-05-20 16:27:53.327 DEBUG [acme.framework.components.tiles.DynamicTilesView@http-nio-8080-exec-3] View name 'inventor/toolkit/list', model {link[0]=http://www.google.com, publish[0]=false, description[0]=Toolkit 1, code[0]=AAA-000, version[0]=1, title[0]=ASDFASDF, id[0]=50, list$size=1, assemblyNotes[0]=ejemplo, command=list, principal=acme.framework.entities.Principal@54f4b376, org.springframework.validation.BindingResult.principal=org.springframework.validation.BeanPropertyBindingResult: 0 errors} 
2022-05-20 16:27:53.327 DEBUG [org.apache.jasper.servlet.JspServlet@http-nio-8080-exec-3] JspEngine --> /WEB-INF/views/master/page.jsp 
2022-05-20 16:27:53.327 DEBUG [org.apache.jasper.servlet.JspServlet@http-nio-8080-exec-3] ServletPath: /WEB-INF/views/master/page.jsp 
2022-05-20 16:27:53.328 DEBUG [org.apache.jasper.servlet.JspServlet@http-nio-8080-exec-3] PathInfo: null 
2022-05-20 16:27:53.328 DEBUG [org.apache.jasper.servlet.JspServlet@http-nio-8080-exec-3] RealPath: C:\Users\Álvaro\Desktop\Workspace-22.0\Projects\Acme-One\target\classes\WEB-INF\views\master\page.jsp 
2022-05-20 16:27:53.329 DEBUG [org.apache.jasper.servlet.JspServlet@http-nio-8080-exec-3] RequestURI: /acme-one-3.0/WEB-INF/views/master/page.jsp 
2022-05-20 16:27:53.329 DEBUG [org.apache.jasper.servlet.JspServlet@http-nio-8080-exec-3] QueryString: null 
2022-05-20 16:27:53.483 DEBUG [org.apache.jasper.servlet.JspServlet@http-nio-8080-exec-3] JspEngine --> /WEB-INF/views/inventor/toolkit/list.jsp 
2022-05-20 16:27:53.483 DEBUG [org.apache.jasper.servlet.JspServlet@http-nio-8080-exec-3] ServletPath: /WEB-INF/views/master/page.jsp 
2022-05-20 16:27:53.483 DEBUG [org.apache.jasper.servlet.JspServlet@http-nio-8080-exec-3] PathInfo: null 
2022-05-20 16:27:53.484 DEBUG [org.apache.jasper.servlet.JspServlet@http-nio-8080-exec-3] RealPath: C:\Users\Álvaro\Desktop\Workspace-22.0\Projects\Acme-One\target\classes\WEB-INF\views\inventor\toolkit\list.jsp 
2022-05-20 16:27:53.484 DEBUG [org.apache.jasper.servlet.JspServlet@http-nio-8080-exec-3] RequestURI: /acme-one-3.0/WEB-INF/views/master/page.jsp 
2022-05-20 16:27:53.484 DEBUG [org.apache.jasper.servlet.JspServlet@http-nio-8080-exec-3] QueryString: null 
2022-05-20 16:27:54.456 DEBUG [acme.framework.controllers.AbstractController@http-nio-8080-exec-7] DISPATCHING GET /acme-one-3.0/inventor/toolkit/show 
2022-05-20 16:27:54.456 DEBUG [acme.framework.controllers.AbstractController@http-nio-8080-exec-7] Command: show 
2022-05-20 16:27:54.456 DEBUG [acme.framework.controllers.AbstractController@http-nio-8080-exec-7] Model:   {id=50} 
2022-05-20 16:27:54.456 DEBUG [acme.framework.controllers.AbstractController@http-nio-8080-exec-7] Locale:  en 
2022-05-20 16:27:54.457 DEBUG [org.hibernate.SQL@http-nio-8080-exec-7] select toolkit0_.id as id1_0_, toolkit0_.version as version2_0_, toolkit0_.assembly_notes as assembly1_17_, toolkit0_.code as code2_17_, toolkit0_.description as descript3_17_, toolkit0_.inventor_id as inventor7_17_, toolkit0_.link as link4_17_, toolkit0_.publish as publish5_17_, toolkit0_.title as title6_17_ from toolkit toolkit0_ where toolkit0_.id=? 
2022-05-20 16:27:54.457 TRACE [org.hibernate.type.descriptor.sql.BasicBinder@http-nio-8080-exec-7] binding parameter [1] as [INTEGER] - [50] 
2022-05-20 16:27:54.458 DEBUG [org.hibernate.SQL@http-nio-8080-exec-7] select inventor0_.id as id1_0_0_, inventor0_.version as version2_0_0_, inventor0_.user_account_id as user_acc1_19_0_, inventor0_.company as company1_9_0_, inventor0_.link as link2_9_0_, inventor0_.statement as statemen3_9_0_, useraccoun1_.id as id1_0_1_, useraccoun1_.version as version2_0_1_, useraccoun1_.enabled as enabled1_18_1_, useraccoun1_.identity as identity2_18_1_, useraccoun1_.password as password3_18_1_, useraccoun1_.username as username4_18_1_ from inventor inventor0_ inner join user_account useraccoun1_ on inventor0_.user_account_id=useraccoun1_.id where inventor0_.id=? 
2022-05-20 16:27:54.458 TRACE [org.hibernate.type.descriptor.sql.BasicBinder@http-nio-8080-exec-7] binding parameter [1] as [INTEGER] - [27] 
2022-05-20 16:27:54.465 DEBUG [acme.framework.controllers.AbstractController@http-nio-8080-exec-7] SERVING GET /acme-one-3.0/inventor/toolkit/show 
2022-05-20 16:27:54.465 DEBUG [acme.framework.controllers.AbstractController@http-nio-8080-exec-7] Result: ModelAndView [view="inventor/toolkit/form"; model={assemblyNotes=ejemplo, code=AAA-000, publish=false, link=http://www.google.com, description=Toolkit 1, id=50, title=ASDFASDF, version=1, command=show, principal=acme.framework.entities.Principal@54f4b376}] 
2022-05-20 16:27:54.465 DEBUG [acme.framework.components.tiles.DynamicTilesView@http-nio-8080-exec-7] View name 'inventor/toolkit/form', model {assemblyNotes=ejemplo, code=AAA-000, publish=false, link=http://www.google.com, description=Toolkit 1, id=50, title=ASDFASDF, version=1, command=show, principal=acme.framework.entities.Principal@54f4b376, org.springframework.validation.BindingResult.principal=org.springframework.validation.BeanPropertyBindingResult: 0 errors} 
2022-05-20 16:27:54.466 DEBUG [org.apache.jasper.servlet.JspServlet@http-nio-8080-exec-7] JspEngine --> /WEB-INF/views/master/page.jsp 
2022-05-20 16:27:54.466 DEBUG [org.apache.jasper.servlet.JspServlet@http-nio-8080-exec-7] ServletPath: /WEB-INF/views/master/page.jsp 
2022-05-20 16:27:54.466 DEBUG [org.apache.jasper.servlet.JspServlet@http-nio-8080-exec-7] PathInfo: null 
2022-05-20 16:27:54.466 DEBUG [org.apache.jasper.servlet.JspServlet@http-nio-8080-exec-7] RealPath: C:\Users\Álvaro\Desktop\Workspace-22.0\Projects\Acme-One\target\classes\WEB-INF\views\master\page.jsp 
2022-05-20 16:27:54.466 DEBUG [org.apache.jasper.servlet.JspServlet@http-nio-8080-exec-7] RequestURI: /acme-one-3.0/WEB-INF/views/master/page.jsp 
2022-05-20 16:27:54.467 DEBUG [org.apache.jasper.servlet.JspServlet@http-nio-8080-exec-7] QueryString: id=50 
2022-05-20 16:27:54.610 DEBUG [org.apache.jasper.servlet.JspServlet@http-nio-8080-exec-7] JspEngine --> /WEB-INF/views/inventor/toolkit/form.jsp 
2022-05-20 16:27:54.610 DEBUG [org.apache.jasper.servlet.JspServlet@http-nio-8080-exec-7] ServletPath: /WEB-INF/views/master/page.jsp 
2022-05-20 16:27:54.610 DEBUG [org.apache.jasper.servlet.JspServlet@http-nio-8080-exec-7] PathInfo: null 
2022-05-20 16:27:54.611 DEBUG [org.apache.jasper.servlet.JspServlet@http-nio-8080-exec-7] RealPath: C:\Users\Álvaro\Desktop\Workspace-22.0\Projects\Acme-One\target\classes\WEB-INF\views\inventor\toolkit\form.jsp 
2022-05-20 16:27:54.611 DEBUG [org.apache.jasper.servlet.JspServlet@http-nio-8080-exec-7] RequestURI: /acme-one-3.0/WEB-INF/views/master/page.jsp 
2022-05-20 16:27:54.611 DEBUG [org.apache.jasper.servlet.JspServlet@http-nio-8080-exec-7] QueryString: id=50 
