2022-05-16 16:22:19.129 INFO  [acme.Launcher@main] Starting Launcher using Java 1.8.0_281 on LAPTOP-I3TOCOSF with PID 9300 (C:\Users\alvar\Desktop\Universidad\DP 2\Workspace-22.0\Frameworks\Acme-Framework-22.5\target\classes started by alvar in C:\Users\alvar\Desktop\Universidad\DP 2\Workspace-22.0\Projects\Acme-One) 
2022-05-16 16:22:19.131 DEBUG [acme.Launcher@main] Running with Spring Boot v2.4.2, Spring v5.3.3 
2022-05-16 16:22:19.133 INFO  [acme.Launcher@main] The following profiles are active: development,default 
2022-05-16 16:22:25.679 DEBUG [org.apache.jasper.servlet.JasperInitializer@main] Initializing Jasper for context [application] 
2022-05-16 16:22:37.479 DEBUG [org.apache.jasper.servlet.JspServlet@main] Scratch dir for the JSP engine is: [C:\Users\alvar\AppData\Local\Temp\tomcat.8080.1044325373172669685\work\Tomcat\localhost\acme-one-3.0] 
2022-05-16 16:22:37.479 DEBUG [org.apache.jasper.servlet.JspServlet@main] IMPORTANT: Do not modify the generated servlets 
2022-05-16 16:22:37.509 INFO  [acme.Launcher@main] Started Launcher in 19.893 seconds (JVM running for 21.714) 
2022-05-16 16:22:37.525 DEBUG [acme.Launcher@main] Found classpath entry '/C:/Users/alvar/Desktop/Universidad/DP%202/Workspace-22.0/Projects/Acme-One/target/classes/' 
2022-05-16 16:22:37.525 DEBUG [acme.Launcher@main] Found classpath entry '/C:/Users/alvar/Desktop/Universidad/DP%202/Workspace-22.0/Projects/Acme-One/target/test-classes/' 
2022-05-16 16:22:37.526 DEBUG [acme.Launcher@main] Found classpath entry '/C:/Users/alvar/.m2/repository/org/springframework/boot/spring-boot-starter-tomcat/2.4.2/spring-boot-starter-tomcat-2.4.2.jar' 
2022-05-16 16:22:37.526 DEBUG [acme.Launcher@main] Found classpath entry '/C:/Users/alvar/.m2/repository/jakarta/annotation/jakarta.annotation-api/1.3.5/jakarta.annotation-api-1.3.5.jar' 
2022-05-16 16:22:37.526 DEBUG [acme.Launcher@main] Found classpath entry '/C:/Users/alvar/.m2/repository/org/apache/tomcat/embed/tomcat-embed-core/9.0.41/tomcat-embed-core-9.0.41.jar' 
2022-05-16 16:22:37.527 DEBUG [acme.Launcher@main] Found classpath entry '/C:/Users/alvar/.m2/repository/org/glassfish/jakarta.el/3.0.3/jakarta.el-3.0.3.jar' 
2022-05-16 16:22:37.527 DEBUG [acme.Launcher@main] Found classpath entry '/C:/Users/alvar/.m2/repository/org/apache/tomcat/embed/tomcat-embed-websocket/9.0.41/tomcat-embed-websocket-9.0.41.jar' 
2022-05-16 16:22:37.527 DEBUG [acme.Launcher@main] Found classpath entry '/C:/Users/alvar/.m2/repository/org/apache/tomcat/embed/tomcat-embed-jasper/9.0.41/tomcat-embed-jasper-9.0.41.jar' 
2022-05-16 16:22:37.528 DEBUG [acme.Launcher@main] Found classpath entry '/C:/Users/alvar/.m2/repository/org/apache/tomcat/embed/tomcat-embed-el/9.0.41/tomcat-embed-el-9.0.41.jar' 
2022-05-16 16:22:37.528 DEBUG [acme.Launcher@main] Found classpath entry '/C:/Users/alvar/.m2/repository/org/eclipse/jdt/ecj/3.18.0/ecj-3.18.0.jar' 
2022-05-16 16:22:37.529 DEBUG [acme.Launcher@main] Found classpath entry '/C:/Users/alvar/.m2/repository/javax/servlet/jstl/1.2/jstl-1.2.jar' 
2022-05-16 16:22:37.529 DEBUG [acme.Launcher@main] Found classpath entry '/C:/Users/alvar/.m2/repository/org/springframework/boot/spring-boot-starter-test/2.4.2/spring-boot-starter-test-2.4.2.jar' 
2022-05-16 16:22:37.530 DEBUG [acme.Launcher@main] Found classpath entry '/C:/Users/alvar/.m2/repository/org/springframework/boot/spring-boot-starter/2.4.2/spring-boot-starter-2.4.2.jar' 
2022-05-16 16:22:37.530 DEBUG [acme.Launcher@main] Found classpath entry '/C:/Users/alvar/.m2/repository/org/springframework/boot/spring-boot/2.4.2/spring-boot-2.4.2.jar' 
2022-05-16 16:22:37.530 DEBUG [acme.Launcher@main] Found classpath entry '/C:/Users/alvar/.m2/repository/org/springframework/boot/spring-boot-autoconfigure/2.4.2/spring-boot-autoconfigure-2.4.2.jar' 
2022-05-16 16:22:37.531 DEBUG [acme.Launcher@main] Found classpath entry '/C:/Users/alvar/.m2/repository/org/springframework/boot/spring-boot-starter-logging/2.4.2/spring-boot-starter-logging-2.4.2.jar' 
2022-05-16 16:22:37.531 DEBUG [acme.Launcher@main] Found classpath entry '/C:/Users/alvar/.m2/repository/ch/qos/logback/logback-classic/1.2.3/logback-classic-1.2.3.jar' 
2022-05-16 16:22:37.531 DEBUG [acme.Launcher@main] Found classpath entry '/C:/Users/alvar/.m2/repository/ch/qos/logback/logback-core/1.2.3/logback-core-1.2.3.jar' 
2022-05-16 16:22:37.532 DEBUG [acme.Launcher@main] Found classpath entry '/C:/Users/alvar/.m2/repository/org/apache/logging/log4j/log4j-to-slf4j/2.13.3/log4j-to-slf4j-2.13.3.jar' 
2022-05-16 16:22:37.532 DEBUG [acme.Launcher@main] Found classpath entry '/C:/Users/alvar/.m2/repository/org/apache/logging/log4j/log4j-api/2.13.3/log4j-api-2.13.3.jar' 
2022-05-16 16:22:37.532 DEBUG [acme.Launcher@main] Found classpath entry '/C:/Users/alvar/.m2/repository/org/slf4j/jul-to-slf4j/1.7.30/jul-to-slf4j-1.7.30.jar' 
2022-05-16 16:22:37.532 DEBUG [acme.Launcher@main] Found classpath entry '/C:/Users/alvar/.m2/repository/org/yaml/snakeyaml/1.27/snakeyaml-1.27.jar' 
2022-05-16 16:22:37.533 DEBUG [acme.Launcher@main] Found classpath entry '/C:/Users/alvar/.m2/repository/org/springframework/boot/spring-boot-test/2.4.2/spring-boot-test-2.4.2.jar' 
2022-05-16 16:22:37.533 DEBUG [acme.Launcher@main] Found classpath entry '/C:/Users/alvar/.m2/repository/org/springframework/boot/spring-boot-test-autoconfigure/2.4.2/spring-boot-test-autoconfigure-2.4.2.jar' 
2022-05-16 16:22:37.533 DEBUG [acme.Launcher@main] Found classpath entry '/C:/Users/alvar/.m2/repository/com/jayway/jsonpath/json-path/2.4.0/json-path-2.4.0.jar' 
2022-05-16 16:22:37.534 DEBUG [acme.Launcher@main] Found classpath entry '/C:/Users/alvar/.m2/repository/net/minidev/json-smart/2.3/json-smart-2.3.jar' 
2022-05-16 16:22:37.534 DEBUG [acme.Launcher@main] Found classpath entry '/C:/Users/alvar/.m2/repository/net/minidev/accessors-smart/1.2/accessors-smart-1.2.jar' 
2022-05-16 16:22:37.535 DEBUG [acme.Launcher@main] Found classpath entry '/C:/Users/alvar/.m2/repository/org/ow2/asm/asm/5.0.4/asm-5.0.4.jar' 
2022-05-16 16:22:37.535 DEBUG [acme.Launcher@main] Found classpath entry '/C:/Users/alvar/.m2/repository/jakarta/xml/bind/jakarta.xml.bind-api/2.3.3/jakarta.xml.bind-api-2.3.3.jar' 
2022-05-16 16:22:37.535 DEBUG [acme.Launcher@main] Found classpath entry '/C:/Users/alvar/.m2/repository/jakarta/activation/jakarta.activation-api/1.2.2/jakarta.activation-api-1.2.2.jar' 
2022-05-16 16:22:37.536 DEBUG [acme.Launcher@main] Found classpath entry '/C:/Users/alvar/.m2/repository/org/assertj/assertj-core/3.18.1/assertj-core-3.18.1.jar' 
2022-05-16 16:22:37.536 DEBUG [acme.Launcher@main] Found classpath entry '/C:/Users/alvar/.m2/repository/org/hamcrest/hamcrest/2.2/hamcrest-2.2.jar' 
2022-05-16 16:22:37.536 DEBUG [acme.Launcher@main] Found classpath entry '/C:/Users/alvar/.m2/repository/org/junit/jupiter/junit-jupiter/5.7.0/junit-jupiter-5.7.0.jar' 
2022-05-16 16:22:37.537 DEBUG [acme.Launcher@main] Found classpath entry '/C:/Users/alvar/.m2/repository/org/mockito/mockito-core/3.6.28/mockito-core-3.6.28.jar' 
2022-05-16 16:22:37.537 DEBUG [acme.Launcher@main] Found classpath entry '/C:/Users/alvar/.m2/repository/net/bytebuddy/byte-buddy-agent/1.10.19/byte-buddy-agent-1.10.19.jar' 
2022-05-16 16:22:37.537 DEBUG [acme.Launcher@main] Found classpath entry '/C:/Users/alvar/.m2/repository/org/objenesis/objenesis/3.1/objenesis-3.1.jar' 
2022-05-16 16:22:37.538 DEBUG [acme.Launcher@main] Found classpath entry '/C:/Users/alvar/.m2/repository/org/mockito/mockito-junit-jupiter/3.6.28/mockito-junit-jupiter-3.6.28.jar' 
2022-05-16 16:22:37.538 DEBUG [acme.Launcher@main] Found classpath entry '/C:/Users/alvar/.m2/repository/org/skyscreamer/jsonassert/1.5.0/jsonassert-1.5.0.jar' 
2022-05-16 16:22:37.540 DEBUG [acme.Launcher@main] Found classpath entry '/C:/Users/alvar/.m2/repository/com/vaadin/external/google/android-json/0.0.20131108.vaadin1/android-json-0.0.20131108.vaadin1.jar' 
2022-05-16 16:22:37.546 DEBUG [acme.Launcher@main] Found classpath entry '/C:/Users/alvar/.m2/repository/org/springframework/spring-core/5.3.3/spring-core-5.3.3.jar' 
2022-05-16 16:22:37.546 DEBUG [acme.Launcher@main] Found classpath entry '/C:/Users/alvar/.m2/repository/org/springframework/spring-jcl/5.3.3/spring-jcl-5.3.3.jar' 
2022-05-16 16:22:37.547 DEBUG [acme.Launcher@main] Found classpath entry '/C:/Users/alvar/.m2/repository/org/springframework/spring-test/5.3.3/spring-test-5.3.3.jar' 
2022-05-16 16:22:37.547 DEBUG [acme.Launcher@main] Found classpath entry '/C:/Users/alvar/.m2/repository/org/xmlunit/xmlunit-core/2.7.0/xmlunit-core-2.7.0.jar' 
2022-05-16 16:22:37.548 DEBUG [acme.Launcher@main] Found classpath entry '/C:/Users/alvar/.m2/repository/org/springframework/boot/spring-boot-starter-security/2.4.2/spring-boot-starter-security-2.4.2.jar' 
2022-05-16 16:22:37.549 DEBUG [acme.Launcher@main] Found classpath entry '/C:/Users/alvar/.m2/repository/org/springframework/spring-aop/5.3.3/spring-aop-5.3.3.jar' 
2022-05-16 16:22:37.550 DEBUG [acme.Launcher@main] Found classpath entry '/C:/Users/alvar/.m2/repository/org/springframework/security/spring-security-web/5.4.2/spring-security-web-5.4.2.jar' 
2022-05-16 16:22:37.551 DEBUG [acme.Launcher@main] Found classpath entry '/C:/Users/alvar/.m2/repository/org/springframework/security/spring-security-core/5.4.2/spring-security-core-5.4.2.jar' 
2022-05-16 16:22:37.551 DEBUG [acme.Launcher@main] Found classpath entry '/C:/Users/alvar/.m2/repository/org/springframework/spring-beans/5.3.3/spring-beans-5.3.3.jar' 
2022-05-16 16:22:37.551 DEBUG [acme.Launcher@main] Found classpath entry '/C:/Users/alvar/.m2/repository/org/springframework/spring-context/5.3.3/spring-context-5.3.3.jar' 
2022-05-16 16:22:37.552 DEBUG [acme.Launcher@main] Found classpath entry '/C:/Users/alvar/.m2/repository/org/springframework/spring-expression/5.3.3/spring-expression-5.3.3.jar' 
2022-05-16 16:22:37.553 DEBUG [acme.Launcher@main] Found classpath entry '/C:/Users/alvar/.m2/repository/org/springframework/spring-web/5.3.3/spring-web-5.3.3.jar' 
2022-05-16 16:22:37.554 DEBUG [acme.Launcher@main] Found classpath entry '/C:/Users/alvar/.m2/repository/org/springframework/security/spring-security-config/5.4.2/spring-security-config-5.4.2.jar' 
2022-05-16 16:22:37.554 DEBUG [acme.Launcher@main] Found classpath entry '/C:/Users/alvar/.m2/repository/org/springframework/security/spring-security-taglibs/5.4.2/spring-security-taglibs-5.4.2.jar' 
2022-05-16 16:22:37.554 DEBUG [acme.Launcher@main] Found classpath entry '/C:/Users/alvar/.m2/repository/org/springframework/security/spring-security-acl/5.4.2/spring-security-acl-5.4.2.jar' 
2022-05-16 16:22:37.555 DEBUG [acme.Launcher@main] Found classpath entry '/C:/Users/alvar/.m2/repository/org/springframework/spring-jdbc/5.3.3/spring-jdbc-5.3.3.jar' 
2022-05-16 16:22:37.555 DEBUG [acme.Launcher@main] Found classpath entry '/C:/Users/alvar/.m2/repository/org/springframework/spring-tx/5.3.3/spring-tx-5.3.3.jar' 
2022-05-16 16:22:37.557 DEBUG [acme.Launcher@main] Found classpath entry '/C:/Users/alvar/.m2/repository/org/springframework/boot/spring-boot-starter-web/2.4.2/spring-boot-starter-web-2.4.2.jar' 
2022-05-16 16:22:37.558 DEBUG [acme.Launcher@main] Found classpath entry '/C:/Users/alvar/.m2/repository/org/springframework/boot/spring-boot-starter-json/2.4.2/spring-boot-starter-json-2.4.2.jar' 
2022-05-16 16:22:37.558 DEBUG [acme.Launcher@main] Found classpath entry '/C:/Users/alvar/.m2/repository/com/fasterxml/jackson/core/jackson-databind/2.11.4/jackson-databind-2.11.4.jar' 
2022-05-16 16:22:37.559 DEBUG [acme.Launcher@main] Found classpath entry '/C:/Users/alvar/.m2/repository/com/fasterxml/jackson/core/jackson-annotations/2.11.4/jackson-annotations-2.11.4.jar' 
2022-05-16 16:22:37.559 DEBUG [acme.Launcher@main] Found classpath entry '/C:/Users/alvar/.m2/repository/com/fasterxml/jackson/core/jackson-core/2.11.4/jackson-core-2.11.4.jar' 
2022-05-16 16:22:37.559 DEBUG [acme.Launcher@main] Found classpath entry '/C:/Users/alvar/.m2/repository/com/fasterxml/jackson/datatype/jackson-datatype-jdk8/2.11.4/jackson-datatype-jdk8-2.11.4.jar' 
2022-05-16 16:22:37.560 DEBUG [acme.Launcher@main] Found classpath entry '/C:/Users/alvar/.m2/repository/com/fasterxml/jackson/datatype/jackson-datatype-jsr310/2.11.4/jackson-datatype-jsr310-2.11.4.jar' 
2022-05-16 16:22:37.560 DEBUG [acme.Launcher@main] Found classpath entry '/C:/Users/alvar/.m2/repository/com/fasterxml/jackson/module/jackson-module-parameter-names/2.11.4/jackson-module-parameter-names-2.11.4.jar' 
2022-05-16 16:22:37.561 DEBUG [acme.Launcher@main] Found classpath entry '/C:/Users/alvar/.m2/repository/org/springframework/spring-webmvc/5.3.3/spring-webmvc-5.3.3.jar' 
2022-05-16 16:22:37.561 DEBUG [acme.Launcher@main] Found classpath entry '/C:/Users/alvar/.m2/repository/org/apache/tiles/tiles-jsp/3.0.8/tiles-jsp-3.0.8.jar' 
2022-05-16 16:22:37.562 DEBUG [acme.Launcher@main] Found classpath entry '/C:/Users/alvar/.m2/repository/org/apache/tiles/tiles-servlet/3.0.8/tiles-servlet-3.0.8.jar' 
2022-05-16 16:22:37.562 DEBUG [acme.Launcher@main] Found classpath entry '/C:/Users/alvar/.m2/repository/org/apache/tiles/tiles-core/3.0.8/tiles-core-3.0.8.jar' 
2022-05-16 16:22:37.563 DEBUG [acme.Launcher@main] Found classpath entry '/C:/Users/alvar/.m2/repository/commons-digester/commons-digester/2.0/commons-digester-2.0.jar' 
2022-05-16 16:22:37.563 DEBUG [acme.Launcher@main] Found classpath entry '/C:/Users/alvar/.m2/repository/org/slf4j/jcl-over-slf4j/1.7.30/jcl-over-slf4j-1.7.30.jar' 
2022-05-16 16:22:37.564 DEBUG [acme.Launcher@main] Found classpath entry '/C:/Users/alvar/.m2/repository/org/apache/tiles/tiles-request-servlet/1.0.7/tiles-request-servlet-1.0.7.jar' 
2022-05-16 16:22:37.564 DEBUG [acme.Launcher@main] Found classpath entry '/C:/Users/alvar/.m2/repository/org/apache/tiles/tiles-template/3.0.8/tiles-template-3.0.8.jar' 
2022-05-16 16:22:37.564 DEBUG [acme.Launcher@main] Found classpath entry '/C:/Users/alvar/.m2/repository/org/apache/tiles/tiles-api/3.0.8/tiles-api-3.0.8.jar' 
2022-05-16 16:22:37.565 DEBUG [acme.Launcher@main] Found classpath entry '/C:/Users/alvar/.m2/repository/org/apache/tiles/tiles-autotag-core-runtime/1.2/tiles-autotag-core-runtime-1.2.jar' 
2022-05-16 16:22:37.566 DEBUG [acme.Launcher@main] Found classpath entry '/C:/Users/alvar/.m2/repository/org/slf4j/slf4j-api/1.7.30/slf4j-api-1.7.30.jar' 
2022-05-16 16:22:37.566 DEBUG [acme.Launcher@main] Found classpath entry '/C:/Users/alvar/.m2/repository/org/apache/tiles/tiles-request-jsp/1.0.7/tiles-request-jsp-1.0.7.jar' 
2022-05-16 16:22:37.567 DEBUG [acme.Launcher@main] Found classpath entry '/C:/Users/alvar/.m2/repository/org/apache/tiles/tiles-request-api/1.0.7/tiles-request-api-1.0.7.jar' 
2022-05-16 16:22:37.567 DEBUG [acme.Launcher@main] Found classpath entry '/C:/Users/alvar/.m2/repository/org/springframework/boot/spring-boot-starter-data-jpa/2.4.2/spring-boot-starter-data-jpa-2.4.2.jar' 
2022-05-16 16:22:37.567 DEBUG [acme.Launcher@main] Found classpath entry '/C:/Users/alvar/.m2/repository/org/springframework/boot/spring-boot-starter-aop/2.4.2/spring-boot-starter-aop-2.4.2.jar' 
2022-05-16 16:22:37.568 DEBUG [acme.Launcher@main] Found classpath entry '/C:/Users/alvar/.m2/repository/org/aspectj/aspectjweaver/1.9.6/aspectjweaver-1.9.6.jar' 
2022-05-16 16:22:37.568 DEBUG [acme.Launcher@main] Found classpath entry '/C:/Users/alvar/.m2/repository/org/springframework/boot/spring-boot-starter-jdbc/2.4.2/spring-boot-starter-jdbc-2.4.2.jar' 
2022-05-16 16:22:37.568 DEBUG [acme.Launcher@main] Found classpath entry '/C:/Users/alvar/.m2/repository/jakarta/transaction/jakarta.transaction-api/1.3.3/jakarta.transaction-api-1.3.3.jar' 
2022-05-16 16:22:37.569 DEBUG [acme.Launcher@main] Found classpath entry '/C:/Users/alvar/.m2/repository/jakarta/persistence/jakarta.persistence-api/2.2.3/jakarta.persistence-api-2.2.3.jar' 
2022-05-16 16:22:37.569 DEBUG [acme.Launcher@main] Found classpath entry '/C:/Users/alvar/.m2/repository/org/hibernate/hibernate-core/5.4.27.Final/hibernate-core-5.4.27.Final.jar' 
2022-05-16 16:22:37.570 DEBUG [acme.Launcher@main] Found classpath entry '/C:/Users/alvar/.m2/repository/org/jboss/logging/jboss-logging/3.4.1.Final/jboss-logging-3.4.1.Final.jar' 
2022-05-16 16:22:37.570 DEBUG [acme.Launcher@main] Found classpath entry '/C:/Users/alvar/.m2/repository/org/javassist/javassist/3.27.0-GA/javassist-3.27.0-GA.jar' 
2022-05-16 16:22:37.571 DEBUG [acme.Launcher@main] Found classpath entry '/C:/Users/alvar/.m2/repository/antlr/antlr/2.7.7/antlr-2.7.7.jar' 
2022-05-16 16:22:37.571 DEBUG [acme.Launcher@main] Found classpath entry '/C:/Users/alvar/.m2/repository/org/jboss/jandex/2.1.3.Final/jandex-2.1.3.Final.jar' 
2022-05-16 16:22:37.572 DEBUG [acme.Launcher@main] Found classpath entry '/C:/Users/alvar/.m2/repository/com/fasterxml/classmate/1.5.1/classmate-1.5.1.jar' 
2022-05-16 16:22:37.572 DEBUG [acme.Launcher@main] Found classpath entry '/C:/Users/alvar/.m2/repository/org/dom4j/dom4j/2.1.3/dom4j-2.1.3.jar' 
2022-05-16 16:22:37.572 DEBUG [acme.Launcher@main] Found classpath entry '/C:/Users/alvar/.m2/repository/org/hibernate/common/hibernate-commons-annotations/5.1.2.Final/hibernate-commons-annotations-5.1.2.Final.jar' 
2022-05-16 16:22:37.572 DEBUG [acme.Launcher@main] Found classpath entry '/C:/Users/alvar/.m2/repository/org/glassfish/jaxb/jaxb-runtime/2.3.3/jaxb-runtime-2.3.3.jar' 
2022-05-16 16:22:37.573 DEBUG [acme.Launcher@main] Found classpath entry '/C:/Users/alvar/.m2/repository/org/glassfish/jaxb/txw2/2.3.3/txw2-2.3.3.jar' 
2022-05-16 16:22:37.573 DEBUG [acme.Launcher@main] Found classpath entry '/C:/Users/alvar/.m2/repository/com/sun/istack/istack-commons-runtime/3.0.11/istack-commons-runtime-3.0.11.jar' 
2022-05-16 16:22:37.574 DEBUG [acme.Launcher@main] Found classpath entry '/C:/Users/alvar/.m2/repository/com/sun/activation/jakarta.activation/1.2.2/jakarta.activation-1.2.2.jar' 
2022-05-16 16:22:37.574 DEBUG [acme.Launcher@main] Found classpath entry '/C:/Users/alvar/.m2/repository/org/springframework/data/spring-data-jpa/2.4.3/spring-data-jpa-2.4.3.jar' 
2022-05-16 16:22:37.574 DEBUG [acme.Launcher@main] Found classpath entry '/C:/Users/alvar/.m2/repository/org/springframework/data/spring-data-commons/2.4.3/spring-data-commons-2.4.3.jar' 
2022-05-16 16:22:37.574 DEBUG [acme.Launcher@main] Found classpath entry '/C:/Users/alvar/.m2/repository/org/springframework/spring-orm/5.3.3/spring-orm-5.3.3.jar' 
2022-05-16 16:22:37.575 DEBUG [acme.Launcher@main] Found classpath entry '/C:/Users/alvar/.m2/repository/org/springframework/spring-aspects/5.3.3/spring-aspects-5.3.3.jar' 
2022-05-16 16:22:37.575 DEBUG [acme.Launcher@main] Found classpath entry '/C:/Users/alvar/.m2/repository/org/springframework/boot/spring-boot-starter-validation/2.4.2/spring-boot-starter-validation-2.4.2.jar' 
2022-05-16 16:22:37.576 DEBUG [acme.Launcher@main] Found classpath entry '/C:/Users/alvar/.m2/repository/org/hibernate/validator/hibernate-validator/6.1.7.Final/hibernate-validator-6.1.7.Final.jar' 
2022-05-16 16:22:37.578 DEBUG [acme.Launcher@main] Found classpath entry '/C:/Users/alvar/.m2/repository/jakarta/validation/jakarta.validation-api/2.0.2/jakarta.validation-api-2.0.2.jar' 
2022-05-16 16:22:37.578 DEBUG [acme.Launcher@main] Found classpath entry '/C:/Users/alvar/.m2/repository/mysql/mysql-connector-java/8.0.22/mysql-connector-java-8.0.22.jar' 
2022-05-16 16:22:37.579 DEBUG [acme.Launcher@main] Found classpath entry '/C:/Users/alvar/.m2/repository/com/zaxxer/HikariCP/3.4.5/HikariCP-3.4.5.jar' 
2022-05-16 16:22:37.579 DEBUG [acme.Launcher@main] Found classpath entry '/C:/Users/alvar/.m2/repository/org/junit/jupiter/junit-jupiter-engine/5.7.0/junit-jupiter-engine-5.7.0.jar' 
2022-05-16 16:22:37.579 DEBUG [acme.Launcher@main] Found classpath entry '/C:/Users/alvar/.m2/repository/org/apiguardian/apiguardian-api/1.1.0/apiguardian-api-1.1.0.jar' 
2022-05-16 16:22:37.580 DEBUG [acme.Launcher@main] Found classpath entry '/C:/Users/alvar/.m2/repository/org/junit/platform/junit-platform-engine/1.7.0/junit-platform-engine-1.7.0.jar' 
2022-05-16 16:22:37.580 DEBUG [acme.Launcher@main] Found classpath entry '/C:/Users/alvar/.m2/repository/org/junit/jupiter/junit-jupiter-api/5.7.0/junit-jupiter-api-5.7.0.jar' 
2022-05-16 16:22:37.581 DEBUG [acme.Launcher@main] Found classpath entry '/C:/Users/alvar/.m2/repository/org/opentest4j/opentest4j/1.2.0/opentest4j-1.2.0.jar' 
2022-05-16 16:22:37.581 DEBUG [acme.Launcher@main] Found classpath entry '/C:/Users/alvar/.m2/repository/org/junit/platform/junit-platform-commons/1.7.0/junit-platform-commons-1.7.0.jar' 
2022-05-16 16:22:37.581 DEBUG [acme.Launcher@main] Found classpath entry '/C:/Users/alvar/.m2/repository/org/junit/jupiter/junit-jupiter-params/5.7.0/junit-jupiter-params-5.7.0.jar' 
2022-05-16 16:22:37.582 DEBUG [acme.Launcher@main] Found classpath entry '/C:/Users/alvar/.m2/repository/org/junit/platform/junit-platform-launcher/1.7.0/junit-platform-launcher-1.7.0.jar' 
2022-05-16 16:22:37.582 DEBUG [acme.Launcher@main] Found classpath entry '/C:/Users/alvar/.m2/repository/org/seleniumhq/selenium/selenium-java/3.141.59/selenium-java-3.141.59.jar' 
2022-05-16 16:22:37.582 DEBUG [acme.Launcher@main] Found classpath entry '/C:/Users/alvar/.m2/repository/org/seleniumhq/selenium/selenium-api/3.141.59/selenium-api-3.141.59.jar' 
2022-05-16 16:22:37.583 DEBUG [acme.Launcher@main] Found classpath entry '/C:/Users/alvar/.m2/repository/org/seleniumhq/selenium/selenium-chrome-driver/3.141.59/selenium-chrome-driver-3.141.59.jar' 
2022-05-16 16:22:37.583 DEBUG [acme.Launcher@main] Found classpath entry '/C:/Users/alvar/.m2/repository/org/seleniumhq/selenium/selenium-edge-driver/3.141.59/selenium-edge-driver-3.141.59.jar' 
2022-05-16 16:22:37.583 DEBUG [acme.Launcher@main] Found classpath entry '/C:/Users/alvar/.m2/repository/org/seleniumhq/selenium/selenium-firefox-driver/3.141.59/selenium-firefox-driver-3.141.59.jar' 
2022-05-16 16:22:37.583 DEBUG [acme.Launcher@main] Found classpath entry '/C:/Users/alvar/.m2/repository/org/seleniumhq/selenium/selenium-ie-driver/3.141.59/selenium-ie-driver-3.141.59.jar' 
2022-05-16 16:22:37.584 DEBUG [acme.Launcher@main] Found classpath entry '/C:/Users/alvar/.m2/repository/org/seleniumhq/selenium/selenium-opera-driver/3.141.59/selenium-opera-driver-3.141.59.jar' 
2022-05-16 16:22:37.584 DEBUG [acme.Launcher@main] Found classpath entry '/C:/Users/alvar/.m2/repository/org/seleniumhq/selenium/selenium-remote-driver/3.141.59/selenium-remote-driver-3.141.59.jar' 
2022-05-16 16:22:37.587 DEBUG [acme.Launcher@main] Found classpath entry '/C:/Users/alvar/.m2/repository/org/seleniumhq/selenium/selenium-safari-driver/3.141.59/selenium-safari-driver-3.141.59.jar' 
2022-05-16 16:22:37.588 DEBUG [acme.Launcher@main] Found classpath entry '/C:/Users/alvar/.m2/repository/org/seleniumhq/selenium/selenium-support/3.141.59/selenium-support-3.141.59.jar' 
2022-05-16 16:22:37.588 DEBUG [acme.Launcher@main] Found classpath entry '/C:/Users/alvar/.m2/repository/net/bytebuddy/byte-buddy/1.10.19/byte-buddy-1.10.19.jar' 
2022-05-16 16:22:37.588 DEBUG [acme.Launcher@main] Found classpath entry '/C:/Users/alvar/.m2/repository/org/apache/commons/commons-exec/1.3/commons-exec-1.3.jar' 
2022-05-16 16:22:37.588 DEBUG [acme.Launcher@main] Found classpath entry '/C:/Users/alvar/.m2/repository/com/google/guava/guava/25.0-jre/guava-25.0-jre.jar' 
2022-05-16 16:22:37.589 DEBUG [acme.Launcher@main] Found classpath entry '/C:/Users/alvar/.m2/repository/com/google/code/findbugs/jsr305/1.3.9/jsr305-1.3.9.jar' 
2022-05-16 16:22:37.589 DEBUG [acme.Launcher@main] Found classpath entry '/C:/Users/alvar/.m2/repository/org/checkerframework/checker-compat-qual/2.0.0/checker-compat-qual-2.0.0.jar' 
2022-05-16 16:22:37.589 DEBUG [acme.Launcher@main] Found classpath entry '/C:/Users/alvar/.m2/repository/com/google/errorprone/error_prone_annotations/2.1.3/error_prone_annotations-2.1.3.jar' 
2022-05-16 16:22:37.590 DEBUG [acme.Launcher@main] Found classpath entry '/C:/Users/alvar/.m2/repository/com/google/j2objc/j2objc-annotations/1.1/j2objc-annotations-1.1.jar' 
2022-05-16 16:22:37.590 DEBUG [acme.Launcher@main] Found classpath entry '/C:/Users/alvar/.m2/repository/org/codehaus/mojo/animal-sniffer-annotations/1.14/animal-sniffer-annotations-1.14.jar' 
2022-05-16 16:22:37.590 DEBUG [acme.Launcher@main] Found classpath entry '/C:/Users/alvar/.m2/repository/com/squareup/okhttp3/okhttp/3.14.9/okhttp-3.14.9.jar' 
2022-05-16 16:22:37.591 DEBUG [acme.Launcher@main] Found classpath entry '/C:/Users/alvar/.m2/repository/com/squareup/okio/okio/1.14.0/okio-1.14.0.jar' 
2022-05-16 16:22:37.592 DEBUG [acme.Launcher@main] Found classpath entry '/C:/Users/alvar/.m2/repository/org/apache/commons/commons-lang3/3.11/commons-lang3-3.11.jar' 
2022-05-16 16:22:37.592 DEBUG [acme.Launcher@main] Found classpath entry '/C:/Users/alvar/.m2/repository/org/apache/commons/commons-text/1.8/commons-text-1.8.jar' 
2022-05-16 16:22:37.592 DEBUG [acme.Launcher@main] Found classpath entry '/C:/Users/alvar/.m2/repository/commons-io/commons-io/2.6/commons-io-2.6.jar' 
2022-05-16 16:22:37.592 DEBUG [acme.Launcher@main] Found classpath entry '/C:/Users/alvar/.m2/repository/commons-cli/commons-cli/1.4/commons-cli-1.4.jar' 
2022-05-16 16:22:37.593 DEBUG [acme.Launcher@main] Found classpath entry '/C:/Users/alvar/.m2/repository/org/projectlombok/lombok/1.18.16/lombok-1.18.16.jar' 
2022-05-16 16:22:37.593 DEBUG [acme.Launcher@main] Found classpath entry '/C:/Users/alvar/.m2/repository/com/opencsv/opencsv/5.4/opencsv-5.4.jar' 
2022-05-16 16:22:37.594 DEBUG [acme.Launcher@main] Found classpath entry '/C:/Users/alvar/.m2/repository/commons-beanutils/commons-beanutils/1.9.4/commons-beanutils-1.9.4.jar' 
2022-05-16 16:22:37.594 DEBUG [acme.Launcher@main] Found classpath entry '/C:/Users/alvar/.m2/repository/commons-logging/commons-logging/1.2/commons-logging-1.2.jar' 
2022-05-16 16:22:37.594 DEBUG [acme.Launcher@main] Found classpath entry '/C:/Users/alvar/.m2/repository/commons-collections/commons-collections/3.2.2/commons-collections-3.2.2.jar' 
2022-05-16 16:22:37.594 DEBUG [acme.Launcher@main] Found classpath entry '/C:/Users/alvar/.m2/repository/org/apache/commons/commons-collections4/4.4/commons-collections4-4.4.jar' 
2022-05-16 16:22:37.595 DEBUG [acme.Launcher@main] Found classpath entry '/C:/Users/alvar/Desktop/Universidad/DP%202/Workspace-22.0/Frameworks/Acme-Framework-22.5/target/classes/' 
2022-05-16 16:22:37.595 DEBUG [acme.Launcher@main] Found classpath entry '/C:/Users/alvar/Desktop/Universidad/DP%202/Workspace-22.0/Frameworks/Acme-Framework-22.5/target/test-classes/' 
2022-05-16 16:22:37.595 DEBUG [acme.Launcher@main] Found classpath entry '/C:/Users/alvar/Desktop/Universidad/DP%202/Workspace-22.0/Tools/IDEs/eclipse-jee-2021-12-R/configuration/org.eclipse.osgi/418/0/.cp/lib/javaagent-shaded.jar' 
2022-05-16 16:22:37.792 DEBUG [acme.Launcher@main] Found entity class 'acme.entities.Announcement 
2022-05-16 16:22:37.792 DEBUG [acme.Launcher@main] Found entity class 'acme.entities.Chirp 
2022-05-16 16:22:37.792 DEBUG [acme.Launcher@main] Found entity class 'acme.entities.Currency 
2022-05-16 16:22:37.793 DEBUG [acme.Launcher@main] Found entity class 'acme.entities.Item 
2022-05-16 16:22:37.793 DEBUG [acme.Launcher@main] Found entity class 'acme.entities.Patronage 
2022-05-16 16:22:37.793 DEBUG [acme.Launcher@main] Found entity class 'acme.entities.PatronageReport 
2022-05-16 16:22:37.793 DEBUG [acme.Launcher@main] Found entity class 'acme.entities.Quantity 
2022-05-16 16:22:37.794 DEBUG [acme.Launcher@main] Found entity class 'acme.entities.Spam 
2022-05-16 16:22:37.794 DEBUG [acme.Launcher@main] Found entity class 'acme.entities.Toolkit 
2022-05-16 16:22:37.794 DEBUG [acme.Launcher@main] Found entity class 'acme.roles.Consumer 
2022-05-16 16:22:37.794 DEBUG [acme.Launcher@main] Found entity class 'acme.roles.Inventor 
2022-05-16 16:22:37.795 DEBUG [acme.Launcher@main] Found entity class 'acme.roles.Patron 
2022-05-16 16:22:37.795 DEBUG [acme.Launcher@main] Found entity class 'acme.roles.Provider 
2022-05-16 16:22:37.795 DEBUG [acme.Launcher@main] Found entity class 'acme.framework.entities.UserAccount 
2022-05-16 16:22:37.795 DEBUG [acme.Launcher@main] Found entity class 'acme.framework.roles.Administrator 
2022-05-16 16:22:37.796 DEBUG [acme.Launcher@main] Found entity class 'acme.framework.roles.Anonymous 
2022-05-16 16:22:37.796 DEBUG [acme.Launcher@main] Found entity class 'acme.framework.roles.Any 
2022-05-16 16:22:37.796 DEBUG [acme.Launcher@main] Found entity class 'acme.framework.roles.Authenticated 
2022-05-16 16:22:37.803 INFO  [acme.Launcher@main] Running application (Standalone) 
2022-05-16 16:22:41.441 DEBUG [acme.framework.components.tiles.DynamicTilesView@http-nio-8080-exec-1] View name 'fragments/welcome', model {} 
2022-05-16 16:22:41.467 DEBUG [org.apache.tiles.definition.dao.BaseLocaleUrlDefinitionDAO@http-nio-8080-exec-1] File Resource file:/C:/Users/alvar/Desktop/Universidad/DP%202/Workspace-22.0/Projects/Acme-One/target/classes/WEB-INF/views/master/tiles_en.xml at file:/C:/Users/alvar/Desktop/Universidad/DP%202/Workspace-22.0/Projects/Acme-One/target/classes/WEB-INF/views/master/tiles_en.xml not found, continue 
2022-05-16 16:22:41.479 DEBUG [org.apache.jasper.servlet.JspServlet@http-nio-8080-exec-1] JspEngine --> /WEB-INF/views/master/page.jsp 
2022-05-16 16:22:41.480 DEBUG [org.apache.jasper.servlet.JspServlet@http-nio-8080-exec-1] ServletPath: /WEB-INF/views/master/page.jsp 
2022-05-16 16:22:41.481 DEBUG [org.apache.jasper.servlet.JspServlet@http-nio-8080-exec-1] PathInfo: null 
2022-05-16 16:22:41.483 DEBUG [org.apache.jasper.servlet.JspServlet@http-nio-8080-exec-1] RealPath: C:\Users\alvar\Desktop\Universidad\DP 2\Workspace-22.0\Projects\Acme-One\target\classes\WEB-INF\views\master\page.jsp 
2022-05-16 16:22:41.484 DEBUG [org.apache.jasper.servlet.JspServlet@http-nio-8080-exec-1] RequestURI: /acme-one-3.0/WEB-INF/views/master/page.jsp 
2022-05-16 16:22:41.485 DEBUG [org.apache.jasper.servlet.JspServlet@http-nio-8080-exec-1] QueryString: null 
2022-05-16 16:22:48.754 DEBUG [acme.framework.configuration.ExtendedMessageSource@http-nio-8080-exec-1] Loading properties [C:\Users\alvar\Desktop\Universidad\DP 2\Workspace-22.0\Projects\Acme-One\target\classes\WEB-INF\views\administrator\announcement\messsages-en.i18n] with encoding 'utf-8' 
2022-05-16 16:22:48.754 DEBUG [acme.framework.configuration.ExtendedMessageSource@http-nio-8080-exec-1] Loading properties [C:\Users\alvar\Desktop\Universidad\DP 2\Workspace-22.0\Projects\Acme-One\target\classes\WEB-INF\views\administrator\dashboard\messsages-en.i18n] with encoding 'utf-8' 
2022-05-16 16:22:48.754 DEBUG [acme.framework.configuration.ExtendedMessageSource@http-nio-8080-exec-1] Loading properties [C:\Users\alvar\Desktop\Universidad\DP 2\Workspace-22.0\Projects\Acme-One\target\classes\WEB-INF\views\administrator\system-configuration\messsages-en.i18n] with encoding 'utf-8' 
2022-05-16 16:22:48.754 DEBUG [acme.framework.configuration.ExtendedMessageSource@http-nio-8080-exec-1] Loading properties [C:\Users\alvar\Desktop\Universidad\DP 2\Workspace-22.0\Projects\Acme-One\target\classes\WEB-INF\views\administrator\user-account\messages-en.i18n] with encoding 'utf-8' 
2022-05-16 16:22:48.754 DEBUG [acme.framework.configuration.ExtendedMessageSource@http-nio-8080-exec-1] Loading properties [C:\Users\alvar\Desktop\Universidad\DP 2\Workspace-22.0\Projects\Acme-One\target\classes\WEB-INF\views\anonymous\user-account\mesagges-en.i18n] with encoding 'utf-8' 
2022-05-16 16:22:48.754 DEBUG [acme.framework.configuration.ExtendedMessageSource@http-nio-8080-exec-1] Loading properties [C:\Users\alvar\Desktop\Universidad\DP 2\Workspace-22.0\Projects\Acme-One\target\classes\WEB-INF\views\any\chirp\mesagges-en.i18n] with encoding 'utf-8' 
2022-05-16 16:22:48.754 DEBUG [acme.framework.configuration.ExtendedMessageSource@http-nio-8080-exec-1] Loading properties [C:\Users\alvar\Desktop\Universidad\DP 2\Workspace-22.0\Projects\Acme-One\target\classes\WEB-INF\views\any\item\mesagges-en.i18n] with encoding 'utf-8' 
2022-05-16 16:22:48.754 DEBUG [acme.framework.configuration.ExtendedMessageSource@http-nio-8080-exec-1] Loading properties [C:\Users\alvar\Desktop\Universidad\DP 2\Workspace-22.0\Projects\Acme-One\target\classes\WEB-INF\views\any\toolkit\mesagges-en.i18n] with encoding 'utf-8' 
2022-05-16 16:22:48.754 DEBUG [acme.framework.configuration.ExtendedMessageSource@http-nio-8080-exec-1] Loading properties [C:\Users\alvar\Desktop\Universidad\DP 2\Workspace-22.0\Projects\Acme-One\target\classes\WEB-INF\views\any\user-account\mesagges-en.i18n] with encoding 'utf-8' 
2022-05-16 16:22:48.768 DEBUG [acme.framework.configuration.ExtendedMessageSource@http-nio-8080-exec-1] Loading properties [C:\Users\alvar\Desktop\Universidad\DP 2\Workspace-22.0\Projects\Acme-One\target\classes\WEB-INF\views\authenticated\announcement\messsages-en.i18n] with encoding 'utf-8' 
2022-05-16 16:22:48.770 DEBUG [acme.framework.configuration.ExtendedMessageSource@http-nio-8080-exec-1] Loading properties [C:\Users\alvar\Desktop\Universidad\DP 2\Workspace-22.0\Projects\Acme-One\target\classes\WEB-INF\views\authenticated\consumer\messsages-en.i18n] with encoding 'utf-8' 
2022-05-16 16:22:48.771 DEBUG [acme.framework.configuration.ExtendedMessageSource@http-nio-8080-exec-1] Loading properties [C:\Users\alvar\Desktop\Universidad\DP 2\Workspace-22.0\Projects\Acme-One\target\classes\WEB-INF\views\authenticated\currency\messsages-en.i18n] with encoding 'utf-8' 
2022-05-16 16:22:48.771 DEBUG [acme.framework.configuration.ExtendedMessageSource@http-nio-8080-exec-1] Loading properties [C:\Users\alvar\Desktop\Universidad\DP 2\Workspace-22.0\Projects\Acme-One\target\classes\WEB-INF\views\authenticated\inventor\messsages-en.i18n] with encoding 'utf-8' 
2022-05-16 16:22:48.771 DEBUG [acme.framework.configuration.ExtendedMessageSource@http-nio-8080-exec-1] Loading properties [C:\Users\alvar\Desktop\Universidad\DP 2\Workspace-22.0\Projects\Acme-One\target\classes\WEB-INF\views\authenticated\patron\messsages-en.i18n] with encoding 'utf-8' 
2022-05-16 16:22:48.774 DEBUG [acme.framework.configuration.ExtendedMessageSource@http-nio-8080-exec-1] Loading properties [C:\Users\alvar\Desktop\Universidad\DP 2\Workspace-22.0\Projects\Acme-One\target\classes\WEB-INF\views\authenticated\provider\messsages-en.i18n] with encoding 'utf-8' 
2022-05-16 16:22:48.774 DEBUG [acme.framework.configuration.ExtendedMessageSource@http-nio-8080-exec-1] Loading properties [C:\Users\alvar\Desktop\Universidad\DP 2\Workspace-22.0\Projects\Acme-One\target\classes\WEB-INF\views\authenticated\spam\messsages-en.i18n] with encoding 'utf-8' 
2022-05-16 16:22:48.774 DEBUG [acme.framework.configuration.ExtendedMessageSource@http-nio-8080-exec-1] Loading properties [C:\Users\alvar\Desktop\Universidad\DP 2\Workspace-22.0\Projects\Acme-One\target\classes\WEB-INF\views\fragments\banner-en.i18n] with encoding 'utf-8' 
2022-05-16 16:22:48.774 DEBUG [acme.framework.configuration.ExtendedMessageSource@http-nio-8080-exec-1] Loading properties [C:\Users\alvar\Desktop\Universidad\DP 2\Workspace-22.0\Projects\Acme-One\target\classes\WEB-INF\views\fragments\company-en.i18n] with encoding 'utf-8' 
2022-05-16 16:22:48.774 DEBUG [acme.framework.configuration.ExtendedMessageSource@http-nio-8080-exec-1] Loading properties [C:\Users\alvar\Desktop\Universidad\DP 2\Workspace-22.0\Projects\Acme-One\target\classes\WEB-INF\views\fragments\footer-en.i18n] with encoding 'utf-8' 
2022-05-16 16:22:48.774 DEBUG [acme.framework.configuration.ExtendedMessageSource@http-nio-8080-exec-1] Loading properties [C:\Users\alvar\Desktop\Universidad\DP 2\Workspace-22.0\Projects\Acme-One\target\classes\WEB-INF\views\fragments\license-en.i18n] with encoding 'utf-8' 
2022-05-16 16:22:48.774 DEBUG [acme.framework.configuration.ExtendedMessageSource@http-nio-8080-exec-1] Loading properties [C:\Users\alvar\Desktop\Universidad\DP 2\Workspace-22.0\Projects\Acme-One\target\classes\WEB-INF\views\fragments\menu-en.i18n] with encoding 'utf-8' 
2022-05-16 16:22:48.774 DEBUG [acme.framework.configuration.ExtendedMessageSource@http-nio-8080-exec-1] Loading properties [C:\Users\alvar\Desktop\Universidad\DP 2\Workspace-22.0\Projects\Acme-One\target\classes\WEB-INF\views\fragments\messsages-en.i18n] with encoding 'utf-8' 
2022-05-16 16:22:48.774 DEBUG [acme.framework.configuration.ExtendedMessageSource@http-nio-8080-exec-1] Loading properties [C:\Users\alvar\Desktop\Universidad\DP 2\Workspace-22.0\Projects\Acme-One\target\classes\WEB-INF\views\fragments\title-en.i18n] with encoding 'utf-8' 
2022-05-16 16:22:48.783 DEBUG [acme.framework.configuration.ExtendedMessageSource@http-nio-8080-exec-1] Loading properties [C:\Users\alvar\Desktop\Universidad\DP 2\Workspace-22.0\Projects\Acme-One\target\classes\WEB-INF\views\fragments\welcome-en.i18n] with encoding 'utf-8' 
2022-05-16 16:22:48.784 DEBUG [acme.framework.configuration.ExtendedMessageSource@http-nio-8080-exec-1] Loading properties [C:\Users\alvar\Desktop\Universidad\DP 2\Workspace-22.0\Projects\Acme-One\target\classes\WEB-INF\views\inventor\item\messagges-en.i18n] with encoding 'utf-8' 
2022-05-16 16:22:48.786 DEBUG [acme.framework.configuration.ExtendedMessageSource@http-nio-8080-exec-1] Loading properties [C:\Users\alvar\Desktop\Universidad\DP 2\Workspace-22.0\Projects\Acme-One\target\classes\WEB-INF\views\inventor\patronage\messsages-en.i18n] with encoding 'utf-8' 
2022-05-16 16:22:48.787 DEBUG [acme.framework.configuration.ExtendedMessageSource@http-nio-8080-exec-1] Loading properties [C:\Users\alvar\Desktop\Universidad\DP 2\Workspace-22.0\Projects\Acme-One\target\classes\WEB-INF\views\inventor\patronage-report\messsages-en.i18n] with encoding 'utf-8' 
2022-05-16 16:22:48.787 DEBUG [acme.framework.configuration.ExtendedMessageSource@http-nio-8080-exec-1] Loading properties [C:\Users\alvar\Desktop\Universidad\DP 2\Workspace-22.0\Projects\Acme-One\target\classes\WEB-INF\views\inventor\toolkit\messsages-en.i18n] with encoding 'utf-8' 
2022-05-16 16:22:48.787 DEBUG [acme.framework.configuration.ExtendedMessageSource@http-nio-8080-exec-1] Loading properties [C:\Users\alvar\Desktop\Universidad\DP 2\Workspace-22.0\Projects\Acme-One\target\classes\WEB-INF\views\master\defaults-en.i18n] with encoding 'utf-8' 
2022-05-16 16:22:48.787 DEBUG [acme.framework.configuration.ExtendedMessageSource@http-nio-8080-exec-1] Loading properties [C:\Users\alvar\Desktop\Universidad\DP 2\Workspace-22.0\Projects\Acme-One\target\classes\WEB-INF\views\master\master-en.i18n] with encoding 'utf-8' 
2022-05-16 16:22:48.787 DEBUG [acme.framework.configuration.ExtendedMessageSource@http-nio-8080-exec-1] Loading properties [C:\Users\alvar\Desktop\Universidad\DP 2\Workspace-22.0\Projects\Acme-One\target\classes\WEB-INF\views\master\throwables-en.i18n] with encoding 'utf-8' 
2022-05-16 16:22:48.787 DEBUG [acme.framework.configuration.ExtendedMessageSource@http-nio-8080-exec-1] Loading properties [C:\Users\alvar\Desktop\Universidad\DP 2\Workspace-22.0\Projects\Acme-One\target\classes\WEB-INF\views\master\validation-en.i18n] with encoding 'utf-8' 
2022-05-16 16:22:48.787 DEBUG [acme.framework.configuration.ExtendedMessageSource@http-nio-8080-exec-1] Loading properties [C:\Users\alvar\Desktop\Universidad\DP 2\Workspace-22.0\Projects\Acme-One\target\classes\WEB-INF\views\patron\dashboard\messsages-en.i18n] with encoding 'utf-8' 
2022-05-16 16:22:48.787 DEBUG [acme.framework.configuration.ExtendedMessageSource@http-nio-8080-exec-1] Loading properties [C:\Users\alvar\Desktop\Universidad\DP 2\Workspace-22.0\Projects\Acme-One\target\classes\WEB-INF\views\patron\inventor\messsages-en.i18n] with encoding 'utf-8' 
2022-05-16 16:22:48.787 DEBUG [acme.framework.configuration.ExtendedMessageSource@http-nio-8080-exec-1] Loading properties [C:\Users\alvar\Desktop\Universidad\DP 2\Workspace-22.0\Projects\Acme-One\target\classes\WEB-INF\views\patron\patronage\messsages-en.i18n] with encoding 'utf-8' 
2022-05-16 16:22:48.787 DEBUG [acme.framework.configuration.ExtendedMessageSource@http-nio-8080-exec-1] Loading properties [C:\Users\alvar\Desktop\Universidad\DP 2\Workspace-22.0\Projects\Acme-One\target\classes\WEB-INF\views\patron\patronage-report\messsages-en.i18n] with encoding 'utf-8' 
2022-05-16 16:22:49.334 DEBUG [org.apache.jasper.servlet.JspServlet@http-nio-8080-exec-1] JspEngine --> /WEB-INF/views/fragments/welcome.jsp 
2022-05-16 16:22:49.335 DEBUG [org.apache.jasper.servlet.JspServlet@http-nio-8080-exec-1] ServletPath: /WEB-INF/views/master/page.jsp 
2022-05-16 16:22:49.336 DEBUG [org.apache.jasper.servlet.JspServlet@http-nio-8080-exec-1] PathInfo: null 
2022-05-16 16:22:49.337 DEBUG [org.apache.jasper.servlet.JspServlet@http-nio-8080-exec-1] RealPath: C:\Users\alvar\Desktop\Universidad\DP 2\Workspace-22.0\Projects\Acme-One\target\classes\WEB-INF\views\fragments\welcome.jsp 
2022-05-16 16:22:49.337 DEBUG [org.apache.jasper.servlet.JspServlet@http-nio-8080-exec-1] RequestURI: /acme-one-3.0/WEB-INF/views/master/page.jsp 
2022-05-16 16:22:49.337 DEBUG [org.apache.jasper.servlet.JspServlet@http-nio-8080-exec-1] QueryString: null 
2022-05-16 16:22:49.954 DEBUG [org.hibernate.SQL@http-nio-8080-exec-1] select useraccoun0_.id as id1_0_, useraccoun0_.version as version2_0_, useraccoun0_.enabled as enabled1_18_, useraccoun0_.identity as identity2_18_, useraccoun0_.password as password3_18_, useraccoun0_.username as username4_18_ from user_account useraccoun0_ where useraccoun0_.username=? 
2022-05-16 16:22:50.004 TRACE [org.hibernate.type.descriptor.sql.BasicBinder@http-nio-8080-exec-1] binding parameter [1] as [VARCHAR] - [anonymous] 
2022-05-16 16:22:50.118 DEBUG [org.hibernate.SQL@http-nio-8080-exec-1] select roles0_.user_account_id as user_acc1_19_0_, roles0_.id as id1_19_0_, roles0_.id as id1_0_1_, roles0_.version as version2_0_1_, roles0_.user_account_id as user_acc1_19_1_, roles0_.company as company1_7_1_, roles0_.sector as sector2_7_1_, roles0_.company as company1_9_1_, roles0_.link as link2_9_1_, roles0_.statement as statemen3_9_1_, roles0_.company as company1_11_1_, roles0_.link as link2_11_1_, roles0_.statement as statemen3_11_1_, roles0_.company as company1_14_1_, roles0_.sector as sector2_14_1_, roles0_.clazz_ as clazz_1_ from ( select id, version, user_account_id, company, sector, null as link, null as statement, 11 as clazz_ from consumer union all select id, version, user_account_id, company, null as sector, link, statement, 12 as clazz_ from inventor union all select id, version, user_account_id, company, null as sector, link, statement, 13 as clazz_ from patron union all select id, version, user_account_id, company, sector, null as link, null as statement, 14 as clazz_ from provider union all select id, version, user_account_id, null as company, null as sector, null as link, null as statement, 16 as clazz_ from administrator union all select id, version, user_account_id, null as company, null as sector, null as link, null as statement, 17 as clazz_ from anonymous union all select id, version, user_account_id, null as company, null as sector, null as link, null as statement, 18 as clazz_ from any union all select id, version, user_account_id, null as company, null as sector, null as link, null as statement, 19 as clazz_ from authenticated ) roles0_ where roles0_.user_account_id=? 
2022-05-16 16:22:50.120 TRACE [org.hibernate.type.descriptor.sql.BasicBinder@http-nio-8080-exec-1] binding parameter [1] as [INTEGER] - [3] 
2022-05-16 16:22:52.377 DEBUG [acme.framework.components.tiles.DynamicTilesView@http-nio-8080-exec-1] View name 'master/sign-in', model {username=, password=, remember=false} 
2022-05-16 16:22:52.381 DEBUG [org.apache.jasper.servlet.JspServlet@http-nio-8080-exec-1] JspEngine --> /WEB-INF/views/master/page.jsp 
2022-05-16 16:22:52.382 DEBUG [org.apache.jasper.servlet.JspServlet@http-nio-8080-exec-1] ServletPath: /WEB-INF/views/master/page.jsp 
2022-05-16 16:22:52.382 DEBUG [org.apache.jasper.servlet.JspServlet@http-nio-8080-exec-1] PathInfo: null 
2022-05-16 16:22:52.386 DEBUG [org.apache.jasper.servlet.JspServlet@http-nio-8080-exec-1] RealPath: C:\Users\alvar\Desktop\Universidad\DP 2\Workspace-22.0\Projects\Acme-One\target\classes\WEB-INF\views\master\page.jsp 
2022-05-16 16:22:52.387 DEBUG [org.apache.jasper.servlet.JspServlet@http-nio-8080-exec-1] RequestURI: /acme-one-3.0/WEB-INF/views/master/page.jsp 
2022-05-16 16:22:52.388 DEBUG [org.apache.jasper.servlet.JspServlet@http-nio-8080-exec-1] QueryString: null 
2022-05-16 16:22:52.910 DEBUG [org.apache.jasper.servlet.JspServlet@http-nio-8080-exec-1] JspEngine --> /WEB-INF/views/master/sign-in.jsp 
2022-05-16 16:22:52.910 DEBUG [org.apache.jasper.servlet.JspServlet@http-nio-8080-exec-1] ServletPath: /WEB-INF/views/master/page.jsp 
2022-05-16 16:22:52.911 DEBUG [org.apache.jasper.servlet.JspServlet@http-nio-8080-exec-1] PathInfo: null 
2022-05-16 16:22:52.912 DEBUG [org.apache.jasper.servlet.JspServlet@http-nio-8080-exec-1] RealPath: C:\Users\alvar\Desktop\Universidad\DP 2\Workspace-22.0\Projects\Acme-One\target\classes\WEB-INF\views\master\sign-in.jsp 
2022-05-16 16:22:52.913 DEBUG [org.apache.jasper.servlet.JspServlet@http-nio-8080-exec-1] RequestURI: /acme-one-3.0/WEB-INF/views/master/page.jsp 
2022-05-16 16:22:52.913 DEBUG [org.apache.jasper.servlet.JspServlet@http-nio-8080-exec-1] QueryString: null 
2022-05-16 16:22:56.154 DEBUG [org.hibernate.SQL@http-nio-8080-exec-1] select useraccoun0_.id as id1_0_, useraccoun0_.version as version2_0_, useraccoun0_.enabled as enabled1_18_, useraccoun0_.identity as identity2_18_, useraccoun0_.password as password3_18_, useraccoun0_.username as username4_18_ from user_account useraccoun0_ where useraccoun0_.username=? 
2022-05-16 16:22:56.166 TRACE [org.hibernate.type.descriptor.sql.BasicBinder@http-nio-8080-exec-1] binding parameter [1] as [VARCHAR] - [anonymous] 
2022-05-16 16:22:56.169 DEBUG [org.hibernate.SQL@http-nio-8080-exec-1] select roles0_.user_account_id as user_acc1_19_0_, roles0_.id as id1_19_0_, roles0_.id as id1_0_1_, roles0_.version as version2_0_1_, roles0_.user_account_id as user_acc1_19_1_, roles0_.company as company1_7_1_, roles0_.sector as sector2_7_1_, roles0_.company as company1_9_1_, roles0_.link as link2_9_1_, roles0_.statement as statemen3_9_1_, roles0_.company as company1_11_1_, roles0_.link as link2_11_1_, roles0_.statement as statemen3_11_1_, roles0_.company as company1_14_1_, roles0_.sector as sector2_14_1_, roles0_.clazz_ as clazz_1_ from ( select id, version, user_account_id, company, sector, null as link, null as statement, 11 as clazz_ from consumer union all select id, version, user_account_id, company, null as sector, link, statement, 12 as clazz_ from inventor union all select id, version, user_account_id, company, null as sector, link, statement, 13 as clazz_ from patron union all select id, version, user_account_id, company, sector, null as link, null as statement, 14 as clazz_ from provider union all select id, version, user_account_id, null as company, null as sector, null as link, null as statement, 16 as clazz_ from administrator union all select id, version, user_account_id, null as company, null as sector, null as link, null as statement, 17 as clazz_ from anonymous union all select id, version, user_account_id, null as company, null as sector, null as link, null as statement, 18 as clazz_ from any union all select id, version, user_account_id, null as company, null as sector, null as link, null as statement, 19 as clazz_ from authenticated ) roles0_ where roles0_.user_account_id=? 
2022-05-16 16:22:56.169 TRACE [org.hibernate.type.descriptor.sql.BasicBinder@http-nio-8080-exec-1] binding parameter [1] as [INTEGER] - [3] 
2022-05-16 16:23:01.454 DEBUG [org.hibernate.SQL@http-nio-8080-exec-1] select useraccoun0_.id as id1_0_, useraccoun0_.version as version2_0_, useraccoun0_.enabled as enabled1_18_, useraccoun0_.identity as identity2_18_, useraccoun0_.password as password3_18_, useraccoun0_.username as username4_18_ from user_account useraccoun0_ where useraccoun0_.username=? 
2022-05-16 16:23:01.455 TRACE [org.hibernate.type.descriptor.sql.BasicBinder@http-nio-8080-exec-1] binding parameter [1] as [VARCHAR] - [inventor2] 
2022-05-16 16:23:01.458 DEBUG [org.hibernate.SQL@http-nio-8080-exec-1] select roles0_.user_account_id as user_acc1_19_0_, roles0_.id as id1_19_0_, roles0_.id as id1_0_1_, roles0_.version as version2_0_1_, roles0_.user_account_id as user_acc1_19_1_, roles0_.company as company1_7_1_, roles0_.sector as sector2_7_1_, roles0_.company as company1_9_1_, roles0_.link as link2_9_1_, roles0_.statement as statemen3_9_1_, roles0_.company as company1_11_1_, roles0_.link as link2_11_1_, roles0_.statement as statemen3_11_1_, roles0_.company as company1_14_1_, roles0_.sector as sector2_14_1_, roles0_.clazz_ as clazz_1_ from ( select id, version, user_account_id, company, sector, null as link, null as statement, 11 as clazz_ from consumer union all select id, version, user_account_id, company, null as sector, link, statement, 12 as clazz_ from inventor union all select id, version, user_account_id, company, null as sector, link, statement, 13 as clazz_ from patron union all select id, version, user_account_id, company, sector, null as link, null as statement, 14 as clazz_ from provider union all select id, version, user_account_id, null as company, null as sector, null as link, null as statement, 16 as clazz_ from administrator union all select id, version, user_account_id, null as company, null as sector, null as link, null as statement, 17 as clazz_ from anonymous union all select id, version, user_account_id, null as company, null as sector, null as link, null as statement, 18 as clazz_ from any union all select id, version, user_account_id, null as company, null as sector, null as link, null as statement, 19 as clazz_ from authenticated ) roles0_ where roles0_.user_account_id=? 
2022-05-16 16:23:01.458 TRACE [org.hibernate.type.descriptor.sql.BasicBinder@http-nio-8080-exec-1] binding parameter [1] as [INTEGER] - [5] 
2022-05-16 16:23:01.497 DEBUG [acme.framework.components.tiles.DynamicTilesView@http-nio-8080-exec-3] View name 'fragments/welcome', model {} 
2022-05-16 16:23:01.498 DEBUG [org.apache.jasper.servlet.JspServlet@http-nio-8080-exec-3] JspEngine --> /WEB-INF/views/master/page.jsp 
2022-05-16 16:23:01.499 DEBUG [org.apache.jasper.servlet.JspServlet@http-nio-8080-exec-3] ServletPath: /WEB-INF/views/master/page.jsp 
2022-05-16 16:23:01.500 DEBUG [org.apache.jasper.servlet.JspServlet@http-nio-8080-exec-3] PathInfo: null 
2022-05-16 16:23:01.504 DEBUG [org.apache.jasper.servlet.JspServlet@http-nio-8080-exec-3] RealPath: C:\Users\alvar\Desktop\Universidad\DP 2\Workspace-22.0\Projects\Acme-One\target\classes\WEB-INF\views\master\page.jsp 
2022-05-16 16:23:01.504 DEBUG [org.apache.jasper.servlet.JspServlet@http-nio-8080-exec-3] RequestURI: /acme-one-3.0/WEB-INF/views/master/page.jsp 
2022-05-16 16:23:01.504 DEBUG [org.apache.jasper.servlet.JspServlet@http-nio-8080-exec-3] QueryString: null 
2022-05-16 16:23:02.127 DEBUG [org.apache.jasper.servlet.JspServlet@http-nio-8080-exec-3] JspEngine --> /WEB-INF/views/fragments/welcome.jsp 
2022-05-16 16:23:02.128 DEBUG [org.apache.jasper.servlet.JspServlet@http-nio-8080-exec-3] ServletPath: /WEB-INF/views/master/page.jsp 
2022-05-16 16:23:02.128 DEBUG [org.apache.jasper.servlet.JspServlet@http-nio-8080-exec-3] PathInfo: null 
2022-05-16 16:23:02.132 DEBUG [org.apache.jasper.servlet.JspServlet@http-nio-8080-exec-3] RealPath: C:\Users\alvar\Desktop\Universidad\DP 2\Workspace-22.0\Projects\Acme-One\target\classes\WEB-INF\views\fragments\welcome.jsp 
2022-05-16 16:23:02.134 DEBUG [org.apache.jasper.servlet.JspServlet@http-nio-8080-exec-3] RequestURI: /acme-one-3.0/WEB-INF/views/master/page.jsp 
2022-05-16 16:23:02.135 DEBUG [org.apache.jasper.servlet.JspServlet@http-nio-8080-exec-3] QueryString: null 
2022-05-16 16:23:05.342 DEBUG [acme.framework.controllers.AbstractController@http-nio-8080-exec-3] DISPATCHING GET /acme-one-3.0/inventor/item/list-my-tools 
2022-05-16 16:23:05.342 DEBUG [acme.framework.controllers.AbstractController@http-nio-8080-exec-3] Command: list-my-tools 
2022-05-16 16:23:05.342 DEBUG [acme.framework.controllers.AbstractController@http-nio-8080-exec-3] Model:   {} 
2022-05-16 16:23:05.343 DEBUG [acme.framework.controllers.AbstractController@http-nio-8080-exec-3] Locale:  en 
2022-05-16 16:23:05.379 DEBUG [org.hibernate.SQL@http-nio-8080-exec-3] select item0_.id as id1_0_, item0_.version as version2_0_, item0_.code as code1_10_, item0_.description as descript2_10_, item0_.inventor_id as invento10_10_, item0_.link as link3_10_, item0_.name as name4_10_, item0_.published as publishe5_10_, item0_.retail_price_amount as retail_p6_10_, item0_.retail_price_currency as retail_p7_10_, item0_.technology as technolo8_10_, item0_.type as type9_10_ from item item0_ where item0_.inventor_id=? and item0_.type=0 
2022-05-16 16:23:05.380 TRACE [org.hibernate.type.descriptor.sql.BasicBinder@http-nio-8080-exec-3] binding parameter [1] as [INTEGER] - [20] 
2022-05-16 16:23:05.385 DEBUG [org.hibernate.SQL@http-nio-8080-exec-3] select inventor0_.id as id1_0_0_, inventor0_.version as version2_0_0_, inventor0_.user_account_id as user_acc1_19_0_, inventor0_.company as company1_9_0_, inventor0_.link as link2_9_0_, inventor0_.statement as statemen3_9_0_, useraccoun1_.id as id1_0_1_, useraccoun1_.version as version2_0_1_, useraccoun1_.enabled as enabled1_18_1_, useraccoun1_.identity as identity2_18_1_, useraccoun1_.password as password3_18_1_, useraccoun1_.username as username4_18_1_ from inventor inventor0_ inner join user_account useraccoun1_ on inventor0_.user_account_id=useraccoun1_.id where inventor0_.id=? 
2022-05-16 16:23:05.386 TRACE [org.hibernate.type.descriptor.sql.BasicBinder@http-nio-8080-exec-3] binding parameter [1] as [INTEGER] - [20] 
2022-05-16 16:23:05.442 DEBUG [acme.framework.controllers.AbstractController@http-nio-8080-exec-3] SERVING GET /acme-one-3.0/inventor/item/list-my-tools 
2022-05-16 16:23:05.444 DEBUG [acme.framework.controllers.AbstractController@http-nio-8080-exec-3] Result: ModelAndView [view="inventor/item/list"; model={published[0]=false, type[0]=TOOL, version[0]=0, id[0]=39, list$size=1, name[0]=Discord, retailPrice[0]=<<GBP 5.00>>, command=list-my-tools, principal=acme.framework.entities.Principal@5a8c799b}] 
2022-05-16 16:23:05.454 DEBUG [acme.framework.components.tiles.DynamicTilesView@http-nio-8080-exec-3] View name 'inventor/item/list', model {published[0]=false, type[0]=TOOL, version[0]=0, id[0]=39, list$size=1, name[0]=Discord, retailPrice[0]=<<GBP 5.00>>, command=list-my-tools, principal=acme.framework.entities.Principal@5a8c799b, org.springframework.validation.BindingResult.retailPrice[0]=org.springframework.validation.BeanPropertyBindingResult: 0 errors, org.springframework.validation.BindingResult.principal=org.springframework.validation.BeanPropertyBindingResult: 0 errors} 
2022-05-16 16:23:05.456 DEBUG [org.apache.jasper.servlet.JspServlet@http-nio-8080-exec-3] JspEngine --> /WEB-INF/views/master/page.jsp 
2022-05-16 16:23:05.457 DEBUG [org.apache.jasper.servlet.JspServlet@http-nio-8080-exec-3] ServletPath: /WEB-INF/views/master/page.jsp 
2022-05-16 16:23:05.457 DEBUG [org.apache.jasper.servlet.JspServlet@http-nio-8080-exec-3] PathInfo: null 
2022-05-16 16:23:05.458 DEBUG [org.apache.jasper.servlet.JspServlet@http-nio-8080-exec-3] RealPath: C:\Users\alvar\Desktop\Universidad\DP 2\Workspace-22.0\Projects\Acme-One\target\classes\WEB-INF\views\master\page.jsp 
2022-05-16 16:23:05.459 DEBUG [org.apache.jasper.servlet.JspServlet@http-nio-8080-exec-3] RequestURI: /acme-one-3.0/WEB-INF/views/master/page.jsp 
2022-05-16 16:23:05.460 DEBUG [org.apache.jasper.servlet.JspServlet@http-nio-8080-exec-3] QueryString: null 
2022-05-16 16:23:06.045 DEBUG [org.apache.jasper.servlet.JspServlet@http-nio-8080-exec-3] JspEngine --> /WEB-INF/views/inventor/item/list.jsp 
2022-05-16 16:23:06.046 DEBUG [org.apache.jasper.servlet.JspServlet@http-nio-8080-exec-3] ServletPath: /WEB-INF/views/master/page.jsp 
2022-05-16 16:23:06.047 DEBUG [org.apache.jasper.servlet.JspServlet@http-nio-8080-exec-3] PathInfo: null 
2022-05-16 16:23:06.050 DEBUG [org.apache.jasper.servlet.JspServlet@http-nio-8080-exec-3] RealPath: C:\Users\alvar\Desktop\Universidad\DP 2\Workspace-22.0\Projects\Acme-One\target\classes\WEB-INF\views\inventor\item\list.jsp 
2022-05-16 16:23:06.052 DEBUG [org.apache.jasper.servlet.JspServlet@http-nio-8080-exec-3] RequestURI: /acme-one-3.0/WEB-INF/views/master/page.jsp 
2022-05-16 16:23:06.052 DEBUG [org.apache.jasper.servlet.JspServlet@http-nio-8080-exec-3] QueryString: null 
2022-05-16 16:23:13.590 DEBUG [acme.framework.controllers.AbstractController@http-nio-8080-exec-5] DISPATCHING GET /acme-one-3.0/inventor/item/show 
2022-05-16 16:23:13.591 DEBUG [acme.framework.controllers.AbstractController@http-nio-8080-exec-5] Command: show 
2022-05-16 16:23:13.591 DEBUG [acme.framework.controllers.AbstractController@http-nio-8080-exec-5] Model:   {id=39} 
2022-05-16 16:23:13.591 DEBUG [acme.framework.controllers.AbstractController@http-nio-8080-exec-5] Locale:  en 
2022-05-16 16:23:13.605 DEBUG [org.hibernate.SQL@http-nio-8080-exec-5] select item0_.id as id1_0_, item0_.version as version2_0_, item0_.code as code1_10_, item0_.description as descript2_10_, item0_.inventor_id as invento10_10_, item0_.link as link3_10_, item0_.name as name4_10_, item0_.published as publishe5_10_, item0_.retail_price_amount as retail_p6_10_, item0_.retail_price_currency as retail_p7_10_, item0_.technology as technolo8_10_, item0_.type as type9_10_ from item item0_ where item0_.id=? 
2022-05-16 16:23:13.606 TRACE [org.hibernate.type.descriptor.sql.BasicBinder@http-nio-8080-exec-5] binding parameter [1] as [INTEGER] - [39] 
2022-05-16 16:23:13.608 DEBUG [org.hibernate.SQL@http-nio-8080-exec-5] select inventor0_.id as id1_0_0_, inventor0_.version as version2_0_0_, inventor0_.user_account_id as user_acc1_19_0_, inventor0_.company as company1_9_0_, inventor0_.link as link2_9_0_, inventor0_.statement as statemen3_9_0_, useraccoun1_.id as id1_0_1_, useraccoun1_.version as version2_0_1_, useraccoun1_.enabled as enabled1_18_1_, useraccoun1_.identity as identity2_18_1_, useraccoun1_.password as password3_18_1_, useraccoun1_.username as username4_18_1_ from inventor inventor0_ inner join user_account useraccoun1_ on inventor0_.user_account_id=useraccoun1_.id where inventor0_.id=? 
2022-05-16 16:23:13.609 TRACE [org.hibernate.type.descriptor.sql.BasicBinder@http-nio-8080-exec-5] binding parameter [1] as [INTEGER] - [20] 
2022-05-16 16:23:13.619 DEBUG [acme.framework.controllers.AbstractController@http-nio-8080-exec-5] SERVING GET /acme-one-3.0/inventor/item/show 
2022-05-16 16:23:13.620 DEBUG [acme.framework.controllers.AbstractController@http-nio-8080-exec-5] Result: ModelAndView [view="inventor/item/form"; model={code=DSC-455-H, name=Discord, link=https://discord.com/, description=A tool to bring easier communication among parners!, technology=discord, id=39, type=TOOL, retailPrice=<<GBP 5.00>>, version=0, command=show, principal=acme.framework.entities.Principal@5a8c799b}] 
2022-05-16 16:23:13.621 DEBUG [acme.framework.components.tiles.DynamicTilesView@http-nio-8080-exec-5] View name 'inventor/item/form', model {code=DSC-455-H, name=Discord, link=https://discord.com/, description=A tool to bring easier communication among parners!, technology=discord, id=39, type=TOOL, retailPrice=<<GBP 5.00>>, version=0, command=show, principal=acme.framework.entities.Principal@5a8c799b, org.springframework.validation.BindingResult.retailPrice=org.springframework.validation.BeanPropertyBindingResult: 0 errors, org.springframework.validation.BindingResult.principal=org.springframework.validation.BeanPropertyBindingResult: 0 errors} 
2022-05-16 16:23:13.623 DEBUG [org.apache.jasper.servlet.JspServlet@http-nio-8080-exec-5] JspEngine --> /WEB-INF/views/master/page.jsp 
2022-05-16 16:23:13.623 DEBUG [org.apache.jasper.servlet.JspServlet@http-nio-8080-exec-5] ServletPath: /WEB-INF/views/master/page.jsp 
2022-05-16 16:23:13.624 DEBUG [org.apache.jasper.servlet.JspServlet@http-nio-8080-exec-5] PathInfo: null 
2022-05-16 16:23:13.627 DEBUG [org.apache.jasper.servlet.JspServlet@http-nio-8080-exec-5] RealPath: C:\Users\alvar\Desktop\Universidad\DP 2\Workspace-22.0\Projects\Acme-One\target\classes\WEB-INF\views\master\page.jsp 
2022-05-16 16:23:13.628 DEBUG [org.apache.jasper.servlet.JspServlet@http-nio-8080-exec-5] RequestURI: /acme-one-3.0/WEB-INF/views/master/page.jsp 
2022-05-16 16:23:13.629 DEBUG [org.apache.jasper.servlet.JspServlet@http-nio-8080-exec-5] QueryString: id=39 
2022-05-16 16:23:14.253 DEBUG [org.apache.jasper.servlet.JspServlet@http-nio-8080-exec-5] JspEngine --> /WEB-INF/views/inventor/item/form.jsp 
2022-05-16 16:23:14.253 DEBUG [org.apache.jasper.servlet.JspServlet@http-nio-8080-exec-5] ServletPath: /WEB-INF/views/master/page.jsp 
2022-05-16 16:23:14.256 DEBUG [org.apache.jasper.servlet.JspServlet@http-nio-8080-exec-5] PathInfo: null 
2022-05-16 16:23:14.257 DEBUG [org.apache.jasper.servlet.JspServlet@http-nio-8080-exec-5] RealPath: C:\Users\alvar\Desktop\Universidad\DP 2\Workspace-22.0\Projects\Acme-One\target\classes\WEB-INF\views\inventor\item\form.jsp 
2022-05-16 16:23:14.257 DEBUG [org.apache.jasper.servlet.JspServlet@http-nio-8080-exec-5] RequestURI: /acme-one-3.0/WEB-INF/views/master/page.jsp 
2022-05-16 16:23:14.257 DEBUG [org.apache.jasper.servlet.JspServlet@http-nio-8080-exec-5] QueryString: id=39 
2022-05-16 16:23:19.680 DEBUG [acme.framework.controllers.AbstractController@http-nio-8080-exec-5] DISPATCHING GET /acme-one-3.0/inventor/item/list-my-tools 
2022-05-16 16:23:19.681 DEBUG [acme.framework.controllers.AbstractController@http-nio-8080-exec-5] Command: list-my-tools 
2022-05-16 16:23:19.681 DEBUG [acme.framework.controllers.AbstractController@http-nio-8080-exec-5] Model:   {} 
2022-05-16 16:23:19.681 DEBUG [acme.framework.controllers.AbstractController@http-nio-8080-exec-5] Locale:  en 
2022-05-16 16:23:19.684 DEBUG [org.hibernate.SQL@http-nio-8080-exec-5] select item0_.id as id1_0_, item0_.version as version2_0_, item0_.code as code1_10_, item0_.description as descript2_10_, item0_.inventor_id as invento10_10_, item0_.link as link3_10_, item0_.name as name4_10_, item0_.published as publishe5_10_, item0_.retail_price_amount as retail_p6_10_, item0_.retail_price_currency as retail_p7_10_, item0_.technology as technolo8_10_, item0_.type as type9_10_ from item item0_ where item0_.inventor_id=? and item0_.type=0 
2022-05-16 16:23:19.685 TRACE [org.hibernate.type.descriptor.sql.BasicBinder@http-nio-8080-exec-5] binding parameter [1] as [INTEGER] - [20] 
2022-05-16 16:23:19.687 DEBUG [org.hibernate.SQL@http-nio-8080-exec-5] select inventor0_.id as id1_0_0_, inventor0_.version as version2_0_0_, inventor0_.user_account_id as user_acc1_19_0_, inventor0_.company as company1_9_0_, inventor0_.link as link2_9_0_, inventor0_.statement as statemen3_9_0_, useraccoun1_.id as id1_0_1_, useraccoun1_.version as version2_0_1_, useraccoun1_.enabled as enabled1_18_1_, useraccoun1_.identity as identity2_18_1_, useraccoun1_.password as password3_18_1_, useraccoun1_.username as username4_18_1_ from inventor inventor0_ inner join user_account useraccoun1_ on inventor0_.user_account_id=useraccoun1_.id where inventor0_.id=? 
2022-05-16 16:23:19.687 TRACE [org.hibernate.type.descriptor.sql.BasicBinder@http-nio-8080-exec-5] binding parameter [1] as [INTEGER] - [20] 
2022-05-16 16:23:19.695 DEBUG [acme.framework.controllers.AbstractController@http-nio-8080-exec-5] SERVING GET /acme-one-3.0/inventor/item/list-my-tools 
2022-05-16 16:23:19.696 DEBUG [acme.framework.controllers.AbstractController@http-nio-8080-exec-5] Result: ModelAndView [view="inventor/item/list"; model={published[0]=false, type[0]=TOOL, version[0]=0, id[0]=39, list$size=1, name[0]=Discord, retailPrice[0]=<<GBP 5.00>>, command=list-my-tools, principal=acme.framework.entities.Principal@5a8c799b}] 
2022-05-16 16:23:19.697 DEBUG [acme.framework.components.tiles.DynamicTilesView@http-nio-8080-exec-5] View name 'inventor/item/list', model {published[0]=false, type[0]=TOOL, version[0]=0, id[0]=39, list$size=1, name[0]=Discord, retailPrice[0]=<<GBP 5.00>>, command=list-my-tools, principal=acme.framework.entities.Principal@5a8c799b, org.springframework.validation.BindingResult.retailPrice[0]=org.springframework.validation.BeanPropertyBindingResult: 0 errors, org.springframework.validation.BindingResult.principal=org.springframework.validation.BeanPropertyBindingResult: 0 errors} 
2022-05-16 16:23:19.699 DEBUG [org.apache.jasper.servlet.JspServlet@http-nio-8080-exec-5] JspEngine --> /WEB-INF/views/master/page.jsp 
2022-05-16 16:23:19.700 DEBUG [org.apache.jasper.servlet.JspServlet@http-nio-8080-exec-5] ServletPath: /WEB-INF/views/master/page.jsp 
2022-05-16 16:23:19.701 DEBUG [org.apache.jasper.servlet.JspServlet@http-nio-8080-exec-5] PathInfo: null 
2022-05-16 16:23:19.704 DEBUG [org.apache.jasper.servlet.JspServlet@http-nio-8080-exec-5] RealPath: C:\Users\alvar\Desktop\Universidad\DP 2\Workspace-22.0\Projects\Acme-One\target\classes\WEB-INF\views\master\page.jsp 
2022-05-16 16:23:19.705 DEBUG [org.apache.jasper.servlet.JspServlet@http-nio-8080-exec-5] RequestURI: /acme-one-3.0/WEB-INF/views/master/page.jsp 
2022-05-16 16:23:19.706 DEBUG [org.apache.jasper.servlet.JspServlet@http-nio-8080-exec-5] QueryString: null 
2022-05-16 16:23:20.317 DEBUG [org.apache.jasper.servlet.JspServlet@http-nio-8080-exec-5] JspEngine --> /WEB-INF/views/inventor/item/list.jsp 
2022-05-16 16:23:20.318 DEBUG [org.apache.jasper.servlet.JspServlet@http-nio-8080-exec-5] ServletPath: /WEB-INF/views/master/page.jsp 
2022-05-16 16:23:20.318 DEBUG [org.apache.jasper.servlet.JspServlet@http-nio-8080-exec-5] PathInfo: null 
2022-05-16 16:23:20.321 DEBUG [org.apache.jasper.servlet.JspServlet@http-nio-8080-exec-5] RealPath: C:\Users\alvar\Desktop\Universidad\DP 2\Workspace-22.0\Projects\Acme-One\target\classes\WEB-INF\views\inventor\item\list.jsp 
2022-05-16 16:23:20.322 DEBUG [org.apache.jasper.servlet.JspServlet@http-nio-8080-exec-5] RequestURI: /acme-one-3.0/WEB-INF/views/master/page.jsp 
2022-05-16 16:23:20.322 DEBUG [org.apache.jasper.servlet.JspServlet@http-nio-8080-exec-5] QueryString: null 
2022-05-16 16:23:23.173 DEBUG [acme.framework.controllers.AbstractController@http-nio-8080-exec-4] DISPATCHING GET /acme-one-3.0/inventor/item/create 
2022-05-16 16:23:23.173 DEBUG [acme.framework.controllers.AbstractController@http-nio-8080-exec-4] Command: create 
2022-05-16 16:23:23.173 DEBUG [acme.framework.controllers.AbstractController@http-nio-8080-exec-4] Model:   {} 
2022-05-16 16:23:23.173 DEBUG [acme.framework.controllers.AbstractController@http-nio-8080-exec-4] Locale:  en 
2022-05-16 16:23:23.184 DEBUG [org.hibernate.SQL@http-nio-8080-exec-4] select inventor0_.id as id1_0_, inventor0_.version as version2_0_, inventor0_.user_account_id as user_acc1_19_, inventor0_.company as company1_9_, inventor0_.link as link2_9_, inventor0_.statement as statemen3_9_ from inventor inventor0_ where inventor0_.id=? 
2022-05-16 16:23:23.185 TRACE [org.hibernate.type.descriptor.sql.BasicBinder@http-nio-8080-exec-4] binding parameter [1] as [INTEGER] - [20] 
2022-05-16 16:23:23.187 DEBUG [org.hibernate.SQL@http-nio-8080-exec-4] select useraccoun0_.id as id1_0_0_, useraccoun0_.version as version2_0_0_, useraccoun0_.enabled as enabled1_18_0_, useraccoun0_.identity as identity2_18_0_, useraccoun0_.password as password3_18_0_, useraccoun0_.username as username4_18_0_ from user_account useraccoun0_ where useraccoun0_.id=? 
2022-05-16 16:23:23.188 TRACE [org.hibernate.type.descriptor.sql.BasicBinder@http-nio-8080-exec-4] binding parameter [1] as [INTEGER] - [5] 
2022-05-16 16:23:23.220 DEBUG [acme.framework.controllers.AbstractController@http-nio-8080-exec-4] SERVING GET /acme-one-3.0/inventor/item/create 
2022-05-16 16:23:23.220 DEBUG [acme.framework.controllers.AbstractController@http-nio-8080-exec-4] Result: ModelAndView [view="inventor/item/form"; model={code=null, name=null, link=null, description=null, technology=null, published=false, id=0, type=null, retailPrice=null, version=0, command=create, principal=acme.framework.entities.Principal@5a8c799b}] 
2022-05-16 16:23:23.221 DEBUG [acme.framework.components.tiles.DynamicTilesView@http-nio-8080-exec-4] View name 'inventor/item/form', model {code=null, name=null, link=null, description=null, technology=null, published=false, id=0, type=null, retailPrice=null, version=0, command=create, principal=acme.framework.entities.Principal@5a8c799b, org.springframework.validation.BindingResult.principal=org.springframework.validation.BeanPropertyBindingResult: 0 errors} 
2022-05-16 16:23:23.223 DEBUG [org.apache.jasper.servlet.JspServlet@http-nio-8080-exec-4] JspEngine --> /WEB-INF/views/master/page.jsp 
2022-05-16 16:23:23.223 DEBUG [org.apache.jasper.servlet.JspServlet@http-nio-8080-exec-4] ServletPath: /WEB-INF/views/master/page.jsp 
2022-05-16 16:23:23.224 DEBUG [org.apache.jasper.servlet.JspServlet@http-nio-8080-exec-4] PathInfo: null 
2022-05-16 16:23:23.225 DEBUG [org.apache.jasper.servlet.JspServlet@http-nio-8080-exec-4] RealPath: C:\Users\alvar\Desktop\Universidad\DP 2\Workspace-22.0\Projects\Acme-One\target\classes\WEB-INF\views\master\page.jsp 
2022-05-16 16:23:23.226 DEBUG [org.apache.jasper.servlet.JspServlet@http-nio-8080-exec-4] RequestURI: /acme-one-3.0/WEB-INF/views/master/page.jsp 
2022-05-16 16:23:23.227 DEBUG [org.apache.jasper.servlet.JspServlet@http-nio-8080-exec-4] QueryString: null 
2022-05-16 16:23:23.776 DEBUG [org.apache.jasper.servlet.JspServlet@http-nio-8080-exec-4] JspEngine --> /WEB-INF/views/inventor/item/form.jsp 
2022-05-16 16:23:23.777 DEBUG [org.apache.jasper.servlet.JspServlet@http-nio-8080-exec-4] ServletPath: /WEB-INF/views/master/page.jsp 
2022-05-16 16:23:23.777 DEBUG [org.apache.jasper.servlet.JspServlet@http-nio-8080-exec-4] PathInfo: null 
2022-05-16 16:23:23.780 DEBUG [org.apache.jasper.servlet.JspServlet@http-nio-8080-exec-4] RealPath: C:\Users\alvar\Desktop\Universidad\DP 2\Workspace-22.0\Projects\Acme-One\target\classes\WEB-INF\views\inventor\item\form.jsp 
2022-05-16 16:23:23.781 DEBUG [org.apache.jasper.servlet.JspServlet@http-nio-8080-exec-4] RequestURI: /acme-one-3.0/WEB-INF/views/master/page.jsp 
2022-05-16 16:23:23.782 DEBUG [org.apache.jasper.servlet.JspServlet@http-nio-8080-exec-4] QueryString: null 
