2022-05-21 20:16:07.977 INFO  [acme.Launcher@main] Starting Launcher using Java 1.8.0_281 on PORTATIL_ANITA with PID 14340 (C:\Users\Anita\Desktop\Javier\Workspace-22.0\Frameworks\Acme-Framework-22.5\target\classes started by Anita in C:\Users\Anita\Desktop\Javier\Workspace-22.0\Projects\Acme-One) 
2022-05-21 20:16:07.979 DEBUG [acme.Launcher@main] Running with Spring Boot v2.4.2, Spring v5.3.3 
2022-05-21 20:16:07.980 INFO  [acme.Launcher@main] The following profiles are active: development,default 
2022-05-21 20:16:10.296 DEBUG [org.apache.jasper.servlet.JasperInitializer@main] Initializing Jasper for context [application] 
2022-05-21 20:16:18.497 DEBUG [org.apache.jasper.servlet.JspServlet@main] Scratch dir for the JSP engine is: [C:\Users\Anita\AppData\Local\Temp\tomcat.8080.4501784431069587610\work\Tomcat\localhost\acme-one-3.0] 
2022-05-21 20:16:18.498 DEBUG [org.apache.jasper.servlet.JspServlet@main] IMPORTANT: Do not modify the generated servlets 
2022-05-21 20:16:18.522 INFO  [acme.Launcher@main] Started Launcher in 11.097 seconds (JVM running for 11.581) 
2022-05-21 20:16:18.529 DEBUG [acme.Launcher@main] Found classpath entry '/C:/Users/Anita/Desktop/Javier/Workspace-22.0/Projects/Acme-One/target/test-classes/' 
2022-05-21 20:16:18.530 DEBUG [acme.Launcher@main] Found classpath entry '/C:/Users/Anita/Desktop/Javier/Workspace-22.0/Projects/Acme-One/target/classes/' 
2022-05-21 20:16:18.530 DEBUG [acme.Launcher@main] Found classpath entry '/C:/Users/Anita/Desktop/Javier/Workspace-22.0/Frameworks/Acme-Framework-22.5/target/classes/' 
2022-05-21 20:16:18.530 DEBUG [acme.Launcher@main] Found classpath entry '/C:/Users/Anita/Desktop/Javier/Workspace-22.0/Frameworks/Acme-Framework-22.5/target/test-classes/' 
2022-05-21 20:16:18.530 DEBUG [acme.Launcher@main] Found classpath entry '/C:/Users/Anita/.m2/repository/org/springframework/boot/spring-boot-starter-tomcat/2.4.2/spring-boot-starter-tomcat-2.4.2.jar' 
2022-05-21 20:16:18.531 DEBUG [acme.Launcher@main] Found classpath entry '/C:/Users/Anita/.m2/repository/jakarta/annotation/jakarta.annotation-api/1.3.5/jakarta.annotation-api-1.3.5.jar' 
2022-05-21 20:16:18.531 DEBUG [acme.Launcher@main] Found classpath entry '/C:/Users/Anita/.m2/repository/org/apache/tomcat/embed/tomcat-embed-core/9.0.41/tomcat-embed-core-9.0.41.jar' 
2022-05-21 20:16:18.531 DEBUG [acme.Launcher@main] Found classpath entry '/C:/Users/Anita/.m2/repository/org/glassfish/jakarta.el/3.0.3/jakarta.el-3.0.3.jar' 
2022-05-21 20:16:18.531 DEBUG [acme.Launcher@main] Found classpath entry '/C:/Users/Anita/.m2/repository/org/apache/tomcat/embed/tomcat-embed-websocket/9.0.41/tomcat-embed-websocket-9.0.41.jar' 
2022-05-21 20:16:18.532 DEBUG [acme.Launcher@main] Found classpath entry '/C:/Users/Anita/.m2/repository/org/apache/tomcat/embed/tomcat-embed-jasper/9.0.41/tomcat-embed-jasper-9.0.41.jar' 
2022-05-21 20:16:18.532 DEBUG [acme.Launcher@main] Found classpath entry '/C:/Users/Anita/.m2/repository/org/apache/tomcat/embed/tomcat-embed-el/9.0.41/tomcat-embed-el-9.0.41.jar' 
2022-05-21 20:16:18.532 DEBUG [acme.Launcher@main] Found classpath entry '/C:/Users/Anita/.m2/repository/org/eclipse/jdt/ecj/3.18.0/ecj-3.18.0.jar' 
2022-05-21 20:16:18.533 DEBUG [acme.Launcher@main] Found classpath entry '/C:/Users/Anita/.m2/repository/javax/servlet/jstl/1.2/jstl-1.2.jar' 
2022-05-21 20:16:18.533 DEBUG [acme.Launcher@main] Found classpath entry '/C:/Users/Anita/.m2/repository/org/springframework/boot/spring-boot-starter-test/2.4.2/spring-boot-starter-test-2.4.2.jar' 
2022-05-21 20:16:18.533 DEBUG [acme.Launcher@main] Found classpath entry '/C:/Users/Anita/.m2/repository/org/springframework/boot/spring-boot-starter/2.4.2/spring-boot-starter-2.4.2.jar' 
2022-05-21 20:16:18.533 DEBUG [acme.Launcher@main] Found classpath entry '/C:/Users/Anita/.m2/repository/org/springframework/boot/spring-boot/2.4.2/spring-boot-2.4.2.jar' 
2022-05-21 20:16:18.534 DEBUG [acme.Launcher@main] Found classpath entry '/C:/Users/Anita/.m2/repository/org/springframework/boot/spring-boot-autoconfigure/2.4.2/spring-boot-autoconfigure-2.4.2.jar' 
2022-05-21 20:16:18.534 DEBUG [acme.Launcher@main] Found classpath entry '/C:/Users/Anita/.m2/repository/org/springframework/boot/spring-boot-starter-logging/2.4.2/spring-boot-starter-logging-2.4.2.jar' 
2022-05-21 20:16:18.534 DEBUG [acme.Launcher@main] Found classpath entry '/C:/Users/Anita/.m2/repository/ch/qos/logback/logback-classic/1.2.3/logback-classic-1.2.3.jar' 
2022-05-21 20:16:18.534 DEBUG [acme.Launcher@main] Found classpath entry '/C:/Users/Anita/.m2/repository/ch/qos/logback/logback-core/1.2.3/logback-core-1.2.3.jar' 
2022-05-21 20:16:18.534 DEBUG [acme.Launcher@main] Found classpath entry '/C:/Users/Anita/.m2/repository/org/apache/logging/log4j/log4j-to-slf4j/2.13.3/log4j-to-slf4j-2.13.3.jar' 
2022-05-21 20:16:18.534 DEBUG [acme.Launcher@main] Found classpath entry '/C:/Users/Anita/.m2/repository/org/apache/logging/log4j/log4j-api/2.13.3/log4j-api-2.13.3.jar' 
2022-05-21 20:16:18.535 DEBUG [acme.Launcher@main] Found classpath entry '/C:/Users/Anita/.m2/repository/org/slf4j/jul-to-slf4j/1.7.30/jul-to-slf4j-1.7.30.jar' 
2022-05-21 20:16:18.535 DEBUG [acme.Launcher@main] Found classpath entry '/C:/Users/Anita/.m2/repository/org/yaml/snakeyaml/1.27/snakeyaml-1.27.jar' 
2022-05-21 20:16:18.536 DEBUG [acme.Launcher@main] Found classpath entry '/C:/Users/Anita/.m2/repository/org/springframework/boot/spring-boot-test/2.4.2/spring-boot-test-2.4.2.jar' 
2022-05-21 20:16:18.536 DEBUG [acme.Launcher@main] Found classpath entry '/C:/Users/Anita/.m2/repository/org/springframework/boot/spring-boot-test-autoconfigure/2.4.2/spring-boot-test-autoconfigure-2.4.2.jar' 
2022-05-21 20:16:18.536 DEBUG [acme.Launcher@main] Found classpath entry '/C:/Users/Anita/.m2/repository/com/jayway/jsonpath/json-path/2.4.0/json-path-2.4.0.jar' 
2022-05-21 20:16:18.536 DEBUG [acme.Launcher@main] Found classpath entry '/C:/Users/Anita/.m2/repository/net/minidev/json-smart/2.3/json-smart-2.3.jar' 
2022-05-21 20:16:18.536 DEBUG [acme.Launcher@main] Found classpath entry '/C:/Users/Anita/.m2/repository/net/minidev/accessors-smart/1.2/accessors-smart-1.2.jar' 
2022-05-21 20:16:18.536 DEBUG [acme.Launcher@main] Found classpath entry '/C:/Users/Anita/.m2/repository/org/ow2/asm/asm/5.0.4/asm-5.0.4.jar' 
2022-05-21 20:16:18.537 DEBUG [acme.Launcher@main] Found classpath entry '/C:/Users/Anita/.m2/repository/jakarta/xml/bind/jakarta.xml.bind-api/2.3.3/jakarta.xml.bind-api-2.3.3.jar' 
2022-05-21 20:16:18.537 DEBUG [acme.Launcher@main] Found classpath entry '/C:/Users/Anita/.m2/repository/jakarta/activation/jakarta.activation-api/1.2.2/jakarta.activation-api-1.2.2.jar' 
2022-05-21 20:16:18.537 DEBUG [acme.Launcher@main] Found classpath entry '/C:/Users/Anita/.m2/repository/org/assertj/assertj-core/3.18.1/assertj-core-3.18.1.jar' 
2022-05-21 20:16:18.537 DEBUG [acme.Launcher@main] Found classpath entry '/C:/Users/Anita/.m2/repository/org/hamcrest/hamcrest/2.2/hamcrest-2.2.jar' 
2022-05-21 20:16:18.537 DEBUG [acme.Launcher@main] Found classpath entry '/C:/Users/Anita/.m2/repository/org/junit/jupiter/junit-jupiter/5.7.0/junit-jupiter-5.7.0.jar' 
2022-05-21 20:16:18.538 DEBUG [acme.Launcher@main] Found classpath entry '/C:/Users/Anita/.m2/repository/org/mockito/mockito-core/3.6.28/mockito-core-3.6.28.jar' 
2022-05-21 20:16:18.538 DEBUG [acme.Launcher@main] Found classpath entry '/C:/Users/Anita/.m2/repository/net/bytebuddy/byte-buddy-agent/1.10.19/byte-buddy-agent-1.10.19.jar' 
2022-05-21 20:16:18.538 DEBUG [acme.Launcher@main] Found classpath entry '/C:/Users/Anita/.m2/repository/org/objenesis/objenesis/3.1/objenesis-3.1.jar' 
2022-05-21 20:16:18.538 DEBUG [acme.Launcher@main] Found classpath entry '/C:/Users/Anita/.m2/repository/org/mockito/mockito-junit-jupiter/3.6.28/mockito-junit-jupiter-3.6.28.jar' 
2022-05-21 20:16:18.538 DEBUG [acme.Launcher@main] Found classpath entry '/C:/Users/Anita/.m2/repository/org/skyscreamer/jsonassert/1.5.0/jsonassert-1.5.0.jar' 
2022-05-21 20:16:18.539 DEBUG [acme.Launcher@main] Found classpath entry '/C:/Users/Anita/.m2/repository/com/vaadin/external/google/android-json/0.0.20131108.vaadin1/android-json-0.0.20131108.vaadin1.jar' 
2022-05-21 20:16:18.539 DEBUG [acme.Launcher@main] Found classpath entry '/C:/Users/Anita/.m2/repository/org/springframework/spring-core/5.3.3/spring-core-5.3.3.jar' 
2022-05-21 20:16:18.539 DEBUG [acme.Launcher@main] Found classpath entry '/C:/Users/Anita/.m2/repository/org/springframework/spring-jcl/5.3.3/spring-jcl-5.3.3.jar' 
2022-05-21 20:16:18.539 DEBUG [acme.Launcher@main] Found classpath entry '/C:/Users/Anita/.m2/repository/org/springframework/spring-test/5.3.3/spring-test-5.3.3.jar' 
2022-05-21 20:16:18.540 DEBUG [acme.Launcher@main] Found classpath entry '/C:/Users/Anita/.m2/repository/org/xmlunit/xmlunit-core/2.7.0/xmlunit-core-2.7.0.jar' 
2022-05-21 20:16:18.540 DEBUG [acme.Launcher@main] Found classpath entry '/C:/Users/Anita/.m2/repository/org/springframework/boot/spring-boot-starter-security/2.4.2/spring-boot-starter-security-2.4.2.jar' 
2022-05-21 20:16:18.540 DEBUG [acme.Launcher@main] Found classpath entry '/C:/Users/Anita/.m2/repository/org/springframework/spring-aop/5.3.3/spring-aop-5.3.3.jar' 
2022-05-21 20:16:18.540 DEBUG [acme.Launcher@main] Found classpath entry '/C:/Users/Anita/.m2/repository/org/springframework/security/spring-security-web/5.4.2/spring-security-web-5.4.2.jar' 
2022-05-21 20:16:18.540 DEBUG [acme.Launcher@main] Found classpath entry '/C:/Users/Anita/.m2/repository/org/springframework/security/spring-security-core/5.4.2/spring-security-core-5.4.2.jar' 
2022-05-21 20:16:18.541 DEBUG [acme.Launcher@main] Found classpath entry '/C:/Users/Anita/.m2/repository/org/springframework/spring-beans/5.3.3/spring-beans-5.3.3.jar' 
2022-05-21 20:16:18.541 DEBUG [acme.Launcher@main] Found classpath entry '/C:/Users/Anita/.m2/repository/org/springframework/spring-context/5.3.3/spring-context-5.3.3.jar' 
2022-05-21 20:16:18.541 DEBUG [acme.Launcher@main] Found classpath entry '/C:/Users/Anita/.m2/repository/org/springframework/spring-expression/5.3.3/spring-expression-5.3.3.jar' 
2022-05-21 20:16:18.541 DEBUG [acme.Launcher@main] Found classpath entry '/C:/Users/Anita/.m2/repository/org/springframework/spring-web/5.3.3/spring-web-5.3.3.jar' 
2022-05-21 20:16:18.542 DEBUG [acme.Launcher@main] Found classpath entry '/C:/Users/Anita/.m2/repository/org/springframework/security/spring-security-config/5.4.2/spring-security-config-5.4.2.jar' 
2022-05-21 20:16:18.542 DEBUG [acme.Launcher@main] Found classpath entry '/C:/Users/Anita/.m2/repository/org/springframework/security/spring-security-taglibs/5.4.2/spring-security-taglibs-5.4.2.jar' 
2022-05-21 20:16:18.542 DEBUG [acme.Launcher@main] Found classpath entry '/C:/Users/Anita/.m2/repository/org/springframework/security/spring-security-acl/5.4.2/spring-security-acl-5.4.2.jar' 
2022-05-21 20:16:18.542 DEBUG [acme.Launcher@main] Found classpath entry '/C:/Users/Anita/.m2/repository/org/springframework/spring-jdbc/5.3.3/spring-jdbc-5.3.3.jar' 
2022-05-21 20:16:18.543 DEBUG [acme.Launcher@main] Found classpath entry '/C:/Users/Anita/.m2/repository/org/springframework/spring-tx/5.3.3/spring-tx-5.3.3.jar' 
2022-05-21 20:16:18.543 DEBUG [acme.Launcher@main] Found classpath entry '/C:/Users/Anita/.m2/repository/org/springframework/boot/spring-boot-starter-web/2.4.2/spring-boot-starter-web-2.4.2.jar' 
2022-05-21 20:16:18.543 DEBUG [acme.Launcher@main] Found classpath entry '/C:/Users/Anita/.m2/repository/org/springframework/boot/spring-boot-starter-json/2.4.2/spring-boot-starter-json-2.4.2.jar' 
2022-05-21 20:16:18.543 DEBUG [acme.Launcher@main] Found classpath entry '/C:/Users/Anita/.m2/repository/com/fasterxml/jackson/core/jackson-databind/2.11.4/jackson-databind-2.11.4.jar' 
2022-05-21 20:16:18.544 DEBUG [acme.Launcher@main] Found classpath entry '/C:/Users/Anita/.m2/repository/com/fasterxml/jackson/core/jackson-annotations/2.11.4/jackson-annotations-2.11.4.jar' 
2022-05-21 20:16:18.544 DEBUG [acme.Launcher@main] Found classpath entry '/C:/Users/Anita/.m2/repository/com/fasterxml/jackson/core/jackson-core/2.11.4/jackson-core-2.11.4.jar' 
2022-05-21 20:16:18.544 DEBUG [acme.Launcher@main] Found classpath entry '/C:/Users/Anita/.m2/repository/com/fasterxml/jackson/datatype/jackson-datatype-jdk8/2.11.4/jackson-datatype-jdk8-2.11.4.jar' 
2022-05-21 20:16:18.545 DEBUG [acme.Launcher@main] Found classpath entry '/C:/Users/Anita/.m2/repository/com/fasterxml/jackson/datatype/jackson-datatype-jsr310/2.11.4/jackson-datatype-jsr310-2.11.4.jar' 
2022-05-21 20:16:18.545 DEBUG [acme.Launcher@main] Found classpath entry '/C:/Users/Anita/.m2/repository/com/fasterxml/jackson/module/jackson-module-parameter-names/2.11.4/jackson-module-parameter-names-2.11.4.jar' 
2022-05-21 20:16:18.545 DEBUG [acme.Launcher@main] Found classpath entry '/C:/Users/Anita/.m2/repository/org/springframework/spring-webmvc/5.3.3/spring-webmvc-5.3.3.jar' 
2022-05-21 20:16:18.545 DEBUG [acme.Launcher@main] Found classpath entry '/C:/Users/Anita/.m2/repository/org/apache/tiles/tiles-jsp/3.0.8/tiles-jsp-3.0.8.jar' 
2022-05-21 20:16:18.546 DEBUG [acme.Launcher@main] Found classpath entry '/C:/Users/Anita/.m2/repository/org/apache/tiles/tiles-servlet/3.0.8/tiles-servlet-3.0.8.jar' 
2022-05-21 20:16:18.546 DEBUG [acme.Launcher@main] Found classpath entry '/C:/Users/Anita/.m2/repository/org/apache/tiles/tiles-core/3.0.8/tiles-core-3.0.8.jar' 
2022-05-21 20:16:18.546 DEBUG [acme.Launcher@main] Found classpath entry '/C:/Users/Anita/.m2/repository/commons-digester/commons-digester/2.0/commons-digester-2.0.jar' 
2022-05-21 20:16:18.546 DEBUG [acme.Launcher@main] Found classpath entry '/C:/Users/Anita/.m2/repository/org/slf4j/jcl-over-slf4j/1.7.30/jcl-over-slf4j-1.7.30.jar' 
2022-05-21 20:16:18.546 DEBUG [acme.Launcher@main] Found classpath entry '/C:/Users/Anita/.m2/repository/org/apache/tiles/tiles-request-servlet/1.0.7/tiles-request-servlet-1.0.7.jar' 
2022-05-21 20:16:18.547 DEBUG [acme.Launcher@main] Found classpath entry '/C:/Users/Anita/.m2/repository/org/apache/tiles/tiles-template/3.0.8/tiles-template-3.0.8.jar' 
2022-05-21 20:16:18.547 DEBUG [acme.Launcher@main] Found classpath entry '/C:/Users/Anita/.m2/repository/org/apache/tiles/tiles-api/3.0.8/tiles-api-3.0.8.jar' 
2022-05-21 20:16:18.547 DEBUG [acme.Launcher@main] Found classpath entry '/C:/Users/Anita/.m2/repository/org/apache/tiles/tiles-autotag-core-runtime/1.2/tiles-autotag-core-runtime-1.2.jar' 
2022-05-21 20:16:18.547 DEBUG [acme.Launcher@main] Found classpath entry '/C:/Users/Anita/.m2/repository/org/slf4j/slf4j-api/1.7.30/slf4j-api-1.7.30.jar' 
2022-05-21 20:16:18.548 DEBUG [acme.Launcher@main] Found classpath entry '/C:/Users/Anita/.m2/repository/org/apache/tiles/tiles-request-jsp/1.0.7/tiles-request-jsp-1.0.7.jar' 
2022-05-21 20:16:18.548 DEBUG [acme.Launcher@main] Found classpath entry '/C:/Users/Anita/.m2/repository/org/apache/tiles/tiles-request-api/1.0.7/tiles-request-api-1.0.7.jar' 
2022-05-21 20:16:18.548 DEBUG [acme.Launcher@main] Found classpath entry '/C:/Users/Anita/.m2/repository/org/springframework/boot/spring-boot-starter-data-jpa/2.4.2/spring-boot-starter-data-jpa-2.4.2.jar' 
2022-05-21 20:16:18.548 DEBUG [acme.Launcher@main] Found classpath entry '/C:/Users/Anita/.m2/repository/org/springframework/boot/spring-boot-starter-aop/2.4.2/spring-boot-starter-aop-2.4.2.jar' 
2022-05-21 20:16:18.549 DEBUG [acme.Launcher@main] Found classpath entry '/C:/Users/Anita/.m2/repository/org/aspectj/aspectjweaver/1.9.6/aspectjweaver-1.9.6.jar' 
2022-05-21 20:16:18.549 DEBUG [acme.Launcher@main] Found classpath entry '/C:/Users/Anita/.m2/repository/org/springframework/boot/spring-boot-starter-jdbc/2.4.2/spring-boot-starter-jdbc-2.4.2.jar' 
2022-05-21 20:16:18.549 DEBUG [acme.Launcher@main] Found classpath entry '/C:/Users/Anita/.m2/repository/jakarta/transaction/jakarta.transaction-api/1.3.3/jakarta.transaction-api-1.3.3.jar' 
2022-05-21 20:16:18.549 DEBUG [acme.Launcher@main] Found classpath entry '/C:/Users/Anita/.m2/repository/jakarta/persistence/jakarta.persistence-api/2.2.3/jakarta.persistence-api-2.2.3.jar' 
2022-05-21 20:16:18.549 DEBUG [acme.Launcher@main] Found classpath entry '/C:/Users/Anita/.m2/repository/org/hibernate/hibernate-core/5.4.27.Final/hibernate-core-5.4.27.Final.jar' 
2022-05-21 20:16:18.550 DEBUG [acme.Launcher@main] Found classpath entry '/C:/Users/Anita/.m2/repository/org/jboss/logging/jboss-logging/3.4.1.Final/jboss-logging-3.4.1.Final.jar' 
2022-05-21 20:16:18.550 DEBUG [acme.Launcher@main] Found classpath entry '/C:/Users/Anita/.m2/repository/org/javassist/javassist/3.27.0-GA/javassist-3.27.0-GA.jar' 
2022-05-21 20:16:18.550 DEBUG [acme.Launcher@main] Found classpath entry '/C:/Users/Anita/.m2/repository/antlr/antlr/2.7.7/antlr-2.7.7.jar' 
2022-05-21 20:16:18.551 DEBUG [acme.Launcher@main] Found classpath entry '/C:/Users/Anita/.m2/repository/org/jboss/jandex/2.1.3.Final/jandex-2.1.3.Final.jar' 
2022-05-21 20:16:18.551 DEBUG [acme.Launcher@main] Found classpath entry '/C:/Users/Anita/.m2/repository/com/fasterxml/classmate/1.5.1/classmate-1.5.1.jar' 
2022-05-21 20:16:18.552 DEBUG [acme.Launcher@main] Found classpath entry '/C:/Users/Anita/.m2/repository/org/dom4j/dom4j/2.1.3/dom4j-2.1.3.jar' 
2022-05-21 20:16:18.552 DEBUG [acme.Launcher@main] Found classpath entry '/C:/Users/Anita/.m2/repository/org/hibernate/common/hibernate-commons-annotations/5.1.2.Final/hibernate-commons-annotations-5.1.2.Final.jar' 
2022-05-21 20:16:18.552 DEBUG [acme.Launcher@main] Found classpath entry '/C:/Users/Anita/.m2/repository/org/glassfish/jaxb/jaxb-runtime/2.3.3/jaxb-runtime-2.3.3.jar' 
2022-05-21 20:16:18.552 DEBUG [acme.Launcher@main] Found classpath entry '/C:/Users/Anita/.m2/repository/org/glassfish/jaxb/txw2/2.3.3/txw2-2.3.3.jar' 
2022-05-21 20:16:18.552 DEBUG [acme.Launcher@main] Found classpath entry '/C:/Users/Anita/.m2/repository/com/sun/istack/istack-commons-runtime/3.0.11/istack-commons-runtime-3.0.11.jar' 
2022-05-21 20:16:18.553 DEBUG [acme.Launcher@main] Found classpath entry '/C:/Users/Anita/.m2/repository/com/sun/activation/jakarta.activation/1.2.2/jakarta.activation-1.2.2.jar' 
2022-05-21 20:16:18.553 DEBUG [acme.Launcher@main] Found classpath entry '/C:/Users/Anita/.m2/repository/org/springframework/data/spring-data-jpa/2.4.3/spring-data-jpa-2.4.3.jar' 
2022-05-21 20:16:18.553 DEBUG [acme.Launcher@main] Found classpath entry '/C:/Users/Anita/.m2/repository/org/springframework/data/spring-data-commons/2.4.3/spring-data-commons-2.4.3.jar' 
2022-05-21 20:16:18.553 DEBUG [acme.Launcher@main] Found classpath entry '/C:/Users/Anita/.m2/repository/org/springframework/spring-orm/5.3.3/spring-orm-5.3.3.jar' 
2022-05-21 20:16:18.553 DEBUG [acme.Launcher@main] Found classpath entry '/C:/Users/Anita/.m2/repository/org/springframework/spring-aspects/5.3.3/spring-aspects-5.3.3.jar' 
2022-05-21 20:16:18.553 DEBUG [acme.Launcher@main] Found classpath entry '/C:/Users/Anita/.m2/repository/org/springframework/boot/spring-boot-starter-validation/2.4.2/spring-boot-starter-validation-2.4.2.jar' 
2022-05-21 20:16:18.553 DEBUG [acme.Launcher@main] Found classpath entry '/C:/Users/Anita/.m2/repository/org/hibernate/validator/hibernate-validator/6.1.7.Final/hibernate-validator-6.1.7.Final.jar' 
2022-05-21 20:16:18.554 DEBUG [acme.Launcher@main] Found classpath entry '/C:/Users/Anita/.m2/repository/jakarta/validation/jakarta.validation-api/2.0.2/jakarta.validation-api-2.0.2.jar' 
2022-05-21 20:16:18.554 DEBUG [acme.Launcher@main] Found classpath entry '/C:/Users/Anita/.m2/repository/mysql/mysql-connector-java/8.0.22/mysql-connector-java-8.0.22.jar' 
2022-05-21 20:16:18.554 DEBUG [acme.Launcher@main] Found classpath entry '/C:/Users/Anita/.m2/repository/com/zaxxer/HikariCP/3.4.5/HikariCP-3.4.5.jar' 
2022-05-21 20:16:18.554 DEBUG [acme.Launcher@main] Found classpath entry '/C:/Users/Anita/.m2/repository/org/junit/jupiter/junit-jupiter-engine/5.7.0/junit-jupiter-engine-5.7.0.jar' 
2022-05-21 20:16:18.554 DEBUG [acme.Launcher@main] Found classpath entry '/C:/Users/Anita/.m2/repository/org/apiguardian/apiguardian-api/1.1.0/apiguardian-api-1.1.0.jar' 
2022-05-21 20:16:18.554 DEBUG [acme.Launcher@main] Found classpath entry '/C:/Users/Anita/.m2/repository/org/junit/platform/junit-platform-engine/1.7.0/junit-platform-engine-1.7.0.jar' 
2022-05-21 20:16:18.555 DEBUG [acme.Launcher@main] Found classpath entry '/C:/Users/Anita/.m2/repository/org/junit/jupiter/junit-jupiter-api/5.7.0/junit-jupiter-api-5.7.0.jar' 
2022-05-21 20:16:18.555 DEBUG [acme.Launcher@main] Found classpath entry '/C:/Users/Anita/.m2/repository/org/opentest4j/opentest4j/1.2.0/opentest4j-1.2.0.jar' 
2022-05-21 20:16:18.555 DEBUG [acme.Launcher@main] Found classpath entry '/C:/Users/Anita/.m2/repository/org/junit/platform/junit-platform-commons/1.7.0/junit-platform-commons-1.7.0.jar' 
2022-05-21 20:16:18.555 DEBUG [acme.Launcher@main] Found classpath entry '/C:/Users/Anita/.m2/repository/org/junit/jupiter/junit-jupiter-params/5.7.0/junit-jupiter-params-5.7.0.jar' 
2022-05-21 20:16:18.555 DEBUG [acme.Launcher@main] Found classpath entry '/C:/Users/Anita/.m2/repository/org/junit/platform/junit-platform-launcher/1.7.0/junit-platform-launcher-1.7.0.jar' 
2022-05-21 20:16:18.556 DEBUG [acme.Launcher@main] Found classpath entry '/C:/Users/Anita/.m2/repository/org/seleniumhq/selenium/selenium-java/3.141.59/selenium-java-3.141.59.jar' 
2022-05-21 20:16:18.556 DEBUG [acme.Launcher@main] Found classpath entry '/C:/Users/Anita/.m2/repository/org/seleniumhq/selenium/selenium-api/3.141.59/selenium-api-3.141.59.jar' 
2022-05-21 20:16:18.556 DEBUG [acme.Launcher@main] Found classpath entry '/C:/Users/Anita/.m2/repository/org/seleniumhq/selenium/selenium-chrome-driver/3.141.59/selenium-chrome-driver-3.141.59.jar' 
2022-05-21 20:16:18.556 DEBUG [acme.Launcher@main] Found classpath entry '/C:/Users/Anita/.m2/repository/org/seleniumhq/selenium/selenium-edge-driver/3.141.59/selenium-edge-driver-3.141.59.jar' 
2022-05-21 20:16:18.556 DEBUG [acme.Launcher@main] Found classpath entry '/C:/Users/Anita/.m2/repository/org/seleniumhq/selenium/selenium-firefox-driver/3.141.59/selenium-firefox-driver-3.141.59.jar' 
2022-05-21 20:16:18.556 DEBUG [acme.Launcher@main] Found classpath entry '/C:/Users/Anita/.m2/repository/org/seleniumhq/selenium/selenium-ie-driver/3.141.59/selenium-ie-driver-3.141.59.jar' 
2022-05-21 20:16:18.557 DEBUG [acme.Launcher@main] Found classpath entry '/C:/Users/Anita/.m2/repository/org/seleniumhq/selenium/selenium-opera-driver/3.141.59/selenium-opera-driver-3.141.59.jar' 
2022-05-21 20:16:18.557 DEBUG [acme.Launcher@main] Found classpath entry '/C:/Users/Anita/.m2/repository/org/seleniumhq/selenium/selenium-remote-driver/3.141.59/selenium-remote-driver-3.141.59.jar' 
2022-05-21 20:16:18.557 DEBUG [acme.Launcher@main] Found classpath entry '/C:/Users/Anita/.m2/repository/org/seleniumhq/selenium/selenium-safari-driver/3.141.59/selenium-safari-driver-3.141.59.jar' 
2022-05-21 20:16:18.557 DEBUG [acme.Launcher@main] Found classpath entry '/C:/Users/Anita/.m2/repository/org/seleniumhq/selenium/selenium-support/3.141.59/selenium-support-3.141.59.jar' 
2022-05-21 20:16:18.557 DEBUG [acme.Launcher@main] Found classpath entry '/C:/Users/Anita/.m2/repository/net/bytebuddy/byte-buddy/1.10.19/byte-buddy-1.10.19.jar' 
2022-05-21 20:16:18.557 DEBUG [acme.Launcher@main] Found classpath entry '/C:/Users/Anita/.m2/repository/org/apache/commons/commons-exec/1.3/commons-exec-1.3.jar' 
2022-05-21 20:16:18.558 DEBUG [acme.Launcher@main] Found classpath entry '/C:/Users/Anita/.m2/repository/com/google/guava/guava/25.0-jre/guava-25.0-jre.jar' 
2022-05-21 20:16:18.558 DEBUG [acme.Launcher@main] Found classpath entry '/C:/Users/Anita/.m2/repository/com/google/code/findbugs/jsr305/1.3.9/jsr305-1.3.9.jar' 
2022-05-21 20:16:18.558 DEBUG [acme.Launcher@main] Found classpath entry '/C:/Users/Anita/.m2/repository/org/checkerframework/checker-compat-qual/2.0.0/checker-compat-qual-2.0.0.jar' 
2022-05-21 20:16:18.558 DEBUG [acme.Launcher@main] Found classpath entry '/C:/Users/Anita/.m2/repository/com/google/errorprone/error_prone_annotations/2.1.3/error_prone_annotations-2.1.3.jar' 
2022-05-21 20:16:18.558 DEBUG [acme.Launcher@main] Found classpath entry '/C:/Users/Anita/.m2/repository/com/google/j2objc/j2objc-annotations/1.1/j2objc-annotations-1.1.jar' 
2022-05-21 20:16:18.558 DEBUG [acme.Launcher@main] Found classpath entry '/C:/Users/Anita/.m2/repository/org/codehaus/mojo/animal-sniffer-annotations/1.14/animal-sniffer-annotations-1.14.jar' 
2022-05-21 20:16:18.559 DEBUG [acme.Launcher@main] Found classpath entry '/C:/Users/Anita/.m2/repository/com/squareup/okhttp3/okhttp/3.14.9/okhttp-3.14.9.jar' 
2022-05-21 20:16:18.559 DEBUG [acme.Launcher@main] Found classpath entry '/C:/Users/Anita/.m2/repository/com/squareup/okio/okio/1.14.0/okio-1.14.0.jar' 
2022-05-21 20:16:18.559 DEBUG [acme.Launcher@main] Found classpath entry '/C:/Users/Anita/.m2/repository/org/apache/commons/commons-lang3/3.11/commons-lang3-3.11.jar' 
2022-05-21 20:16:18.559 DEBUG [acme.Launcher@main] Found classpath entry '/C:/Users/Anita/.m2/repository/org/apache/commons/commons-text/1.8/commons-text-1.8.jar' 
2022-05-21 20:16:18.559 DEBUG [acme.Launcher@main] Found classpath entry '/C:/Users/Anita/.m2/repository/commons-io/commons-io/2.6/commons-io-2.6.jar' 
2022-05-21 20:16:18.559 DEBUG [acme.Launcher@main] Found classpath entry '/C:/Users/Anita/.m2/repository/commons-cli/commons-cli/1.4/commons-cli-1.4.jar' 
2022-05-21 20:16:18.560 DEBUG [acme.Launcher@main] Found classpath entry '/C:/Users/Anita/.m2/repository/org/projectlombok/lombok/1.18.16/lombok-1.18.16.jar' 
2022-05-21 20:16:18.560 DEBUG [acme.Launcher@main] Found classpath entry '/C:/Users/Anita/.m2/repository/com/opencsv/opencsv/5.4/opencsv-5.4.jar' 
2022-05-21 20:16:18.560 DEBUG [acme.Launcher@main] Found classpath entry '/C:/Users/Anita/.m2/repository/commons-beanutils/commons-beanutils/1.9.4/commons-beanutils-1.9.4.jar' 
2022-05-21 20:16:18.560 DEBUG [acme.Launcher@main] Found classpath entry '/C:/Users/Anita/.m2/repository/commons-logging/commons-logging/1.2/commons-logging-1.2.jar' 
2022-05-21 20:16:18.560 DEBUG [acme.Launcher@main] Found classpath entry '/C:/Users/Anita/.m2/repository/commons-collections/commons-collections/3.2.2/commons-collections-3.2.2.jar' 
2022-05-21 20:16:18.560 DEBUG [acme.Launcher@main] Found classpath entry '/C:/Users/Anita/.m2/repository/org/apache/commons/commons-collections4/4.4/commons-collections4-4.4.jar' 
2022-05-21 20:16:18.685 DEBUG [acme.Launcher@main] Found entity class 'acme.entities.Announcement 
2022-05-21 20:16:18.685 DEBUG [acme.Launcher@main] Found entity class 'acme.entities.Chirp 
2022-05-21 20:16:18.686 DEBUG [acme.Launcher@main] Found entity class 'acme.entities.Currency 
2022-05-21 20:16:18.686 DEBUG [acme.Launcher@main] Found entity class 'acme.entities.Item 
2022-05-21 20:16:18.686 DEBUG [acme.Launcher@main] Found entity class 'acme.entities.Patronage 
2022-05-21 20:16:18.686 DEBUG [acme.Launcher@main] Found entity class 'acme.entities.PatronageReport 
2022-05-21 20:16:18.686 DEBUG [acme.Launcher@main] Found entity class 'acme.entities.Quantity 
2022-05-21 20:16:18.686 DEBUG [acme.Launcher@main] Found entity class 'acme.entities.Spam 
2022-05-21 20:16:18.688 DEBUG [acme.Launcher@main] Found entity class 'acme.entities.Toolkit 
2022-05-21 20:16:18.688 DEBUG [acme.Launcher@main] Found entity class 'acme.roles.Consumer 
2022-05-21 20:16:18.688 DEBUG [acme.Launcher@main] Found entity class 'acme.roles.Inventor 
2022-05-21 20:16:18.689 DEBUG [acme.Launcher@main] Found entity class 'acme.roles.Patron 
2022-05-21 20:16:18.689 DEBUG [acme.Launcher@main] Found entity class 'acme.roles.Provider 
2022-05-21 20:16:18.689 DEBUG [acme.Launcher@main] Found entity class 'acme.framework.entities.UserAccount 
2022-05-21 20:16:18.690 DEBUG [acme.Launcher@main] Found entity class 'acme.framework.roles.Administrator 
2022-05-21 20:16:18.690 DEBUG [acme.Launcher@main] Found entity class 'acme.framework.roles.Anonymous 
2022-05-21 20:16:18.692 DEBUG [acme.Launcher@main] Found entity class 'acme.framework.roles.Any 
2022-05-21 20:16:18.692 DEBUG [acme.Launcher@main] Found entity class 'acme.framework.roles.Authenticated 
2022-05-21 20:16:18.702 INFO  [acme.Launcher@main] Running application (Standalone) 
2022-05-21 20:16:26.232 DEBUG [acme.framework.components.tiles.DynamicTilesView@http-nio-8080-exec-4] View name 'fragments/welcome', model {} 
2022-05-21 20:16:26.248 DEBUG [org.apache.tiles.definition.dao.BaseLocaleUrlDefinitionDAO@http-nio-8080-exec-4] File Resource file:/C:/Users/Anita/Desktop/Javier/Workspace-22.0/Projects/Acme-One/target/classes/WEB-INF/views/master/tiles_en.xml at file:/C:/Users/Anita/Desktop/Javier/Workspace-22.0/Projects/Acme-One/target/classes/WEB-INF/views/master/tiles_en.xml not found, continue 
2022-05-21 20:16:26.256 DEBUG [org.apache.jasper.servlet.JspServlet@http-nio-8080-exec-4] JspEngine --> /WEB-INF/views/master/page.jsp 
2022-05-21 20:16:26.256 DEBUG [org.apache.jasper.servlet.JspServlet@http-nio-8080-exec-4] ServletPath: /WEB-INF/views/master/page.jsp 
2022-05-21 20:16:26.256 DEBUG [org.apache.jasper.servlet.JspServlet@http-nio-8080-exec-4] PathInfo: null 
2022-05-21 20:16:26.260 DEBUG [org.apache.jasper.servlet.JspServlet@http-nio-8080-exec-4] RealPath: C:\Users\Anita\Desktop\Javier\Workspace-22.0\Projects\Acme-One\target\classes\WEB-INF\views\master\page.jsp 
2022-05-21 20:16:26.260 DEBUG [org.apache.jasper.servlet.JspServlet@http-nio-8080-exec-4] RequestURI: /acme-one-3.0/WEB-INF/views/master/page.jsp 
2022-05-21 20:16:26.260 DEBUG [org.apache.jasper.servlet.JspServlet@http-nio-8080-exec-4] QueryString: null 
2022-05-21 20:16:29.464 DEBUG [acme.framework.configuration.ExtendedMessageSource@http-nio-8080-exec-4] Loading properties [C:\Users\Anita\Desktop\Javier\Workspace-22.0\Projects\Acme-One\target\classes\WEB-INF\views\administrator\announcement\messsages-en.i18n] with encoding 'utf-8' 
2022-05-21 20:16:29.464 DEBUG [acme.framework.configuration.ExtendedMessageSource@http-nio-8080-exec-4] Loading properties [C:\Users\Anita\Desktop\Javier\Workspace-22.0\Projects\Acme-One\target\classes\WEB-INF\views\administrator\dashboard\messsages-en.i18n] with encoding 'utf-8' 
2022-05-21 20:16:29.468 DEBUG [acme.framework.configuration.ExtendedMessageSource@http-nio-8080-exec-4] Loading properties [C:\Users\Anita\Desktop\Javier\Workspace-22.0\Projects\Acme-One\target\classes\WEB-INF\views\administrator\system-configuration\messsages-en.i18n] with encoding 'utf-8' 
2022-05-21 20:16:29.468 DEBUG [acme.framework.configuration.ExtendedMessageSource@http-nio-8080-exec-4] Loading properties [C:\Users\Anita\Desktop\Javier\Workspace-22.0\Projects\Acme-One\target\classes\WEB-INF\views\administrator\user-account\messages-en.i18n] with encoding 'utf-8' 
2022-05-21 20:16:29.468 DEBUG [acme.framework.configuration.ExtendedMessageSource@http-nio-8080-exec-4] Loading properties [C:\Users\Anita\Desktop\Javier\Workspace-22.0\Projects\Acme-One\target\classes\WEB-INF\views\anonymous\user-account\mesagges-en.i18n] with encoding 'utf-8' 
2022-05-21 20:16:29.468 DEBUG [acme.framework.configuration.ExtendedMessageSource@http-nio-8080-exec-4] Loading properties [C:\Users\Anita\Desktop\Javier\Workspace-22.0\Projects\Acme-One\target\classes\WEB-INF\views\any\chirp\mesagges-en.i18n] with encoding 'utf-8' 
2022-05-21 20:16:29.468 DEBUG [acme.framework.configuration.ExtendedMessageSource@http-nio-8080-exec-4] Loading properties [C:\Users\Anita\Desktop\Javier\Workspace-22.0\Projects\Acme-One\target\classes\WEB-INF\views\any\item\mesagges-en.i18n] with encoding 'utf-8' 
2022-05-21 20:16:29.468 DEBUG [acme.framework.configuration.ExtendedMessageSource@http-nio-8080-exec-4] Loading properties [C:\Users\Anita\Desktop\Javier\Workspace-22.0\Projects\Acme-One\target\classes\WEB-INF\views\any\toolkit\mesagges-en.i18n] with encoding 'utf-8' 
2022-05-21 20:16:29.468 DEBUG [acme.framework.configuration.ExtendedMessageSource@http-nio-8080-exec-4] Loading properties [C:\Users\Anita\Desktop\Javier\Workspace-22.0\Projects\Acme-One\target\classes\WEB-INF\views\any\user-account\mesagges-en.i18n] with encoding 'utf-8' 
2022-05-21 20:16:29.468 DEBUG [acme.framework.configuration.ExtendedMessageSource@http-nio-8080-exec-4] Loading properties [C:\Users\Anita\Desktop\Javier\Workspace-22.0\Projects\Acme-One\target\classes\WEB-INF\views\authenticated\announcement\messsages-en.i18n] with encoding 'utf-8' 
2022-05-21 20:16:29.472 DEBUG [acme.framework.configuration.ExtendedMessageSource@http-nio-8080-exec-4] Loading properties [C:\Users\Anita\Desktop\Javier\Workspace-22.0\Projects\Acme-One\target\classes\WEB-INF\views\authenticated\consumer\messsages-en.i18n] with encoding 'utf-8' 
2022-05-21 20:16:29.472 DEBUG [acme.framework.configuration.ExtendedMessageSource@http-nio-8080-exec-4] Loading properties [C:\Users\Anita\Desktop\Javier\Workspace-22.0\Projects\Acme-One\target\classes\WEB-INF\views\authenticated\currency\messsages-en.i18n] with encoding 'utf-8' 
2022-05-21 20:16:29.472 DEBUG [acme.framework.configuration.ExtendedMessageSource@http-nio-8080-exec-4] Loading properties [C:\Users\Anita\Desktop\Javier\Workspace-22.0\Projects\Acme-One\target\classes\WEB-INF\views\authenticated\inventor\messsages-en.i18n] with encoding 'utf-8' 
2022-05-21 20:16:29.472 DEBUG [acme.framework.configuration.ExtendedMessageSource@http-nio-8080-exec-4] Loading properties [C:\Users\Anita\Desktop\Javier\Workspace-22.0\Projects\Acme-One\target\classes\WEB-INF\views\authenticated\patron\messsages-en.i18n] with encoding 'utf-8' 
2022-05-21 20:16:29.472 DEBUG [acme.framework.configuration.ExtendedMessageSource@http-nio-8080-exec-4] Loading properties [C:\Users\Anita\Desktop\Javier\Workspace-22.0\Projects\Acme-One\target\classes\WEB-INF\views\authenticated\provider\messsages-en.i18n] with encoding 'utf-8' 
2022-05-21 20:16:29.472 DEBUG [acme.framework.configuration.ExtendedMessageSource@http-nio-8080-exec-4] Loading properties [C:\Users\Anita\Desktop\Javier\Workspace-22.0\Projects\Acme-One\target\classes\WEB-INF\views\authenticated\spam\messsages-en.i18n] with encoding 'utf-8' 
2022-05-21 20:16:29.472 DEBUG [acme.framework.configuration.ExtendedMessageSource@http-nio-8080-exec-4] Loading properties [C:\Users\Anita\Desktop\Javier\Workspace-22.0\Projects\Acme-One\target\classes\WEB-INF\views\fragments\banner-en.i18n] with encoding 'utf-8' 
2022-05-21 20:16:29.472 DEBUG [acme.framework.configuration.ExtendedMessageSource@http-nio-8080-exec-4] Loading properties [C:\Users\Anita\Desktop\Javier\Workspace-22.0\Projects\Acme-One\target\classes\WEB-INF\views\fragments\company-en.i18n] with encoding 'utf-8' 
2022-05-21 20:16:29.472 DEBUG [acme.framework.configuration.ExtendedMessageSource@http-nio-8080-exec-4] Loading properties [C:\Users\Anita\Desktop\Javier\Workspace-22.0\Projects\Acme-One\target\classes\WEB-INF\views\fragments\footer-en.i18n] with encoding 'utf-8' 
2022-05-21 20:16:29.472 DEBUG [acme.framework.configuration.ExtendedMessageSource@http-nio-8080-exec-4] Loading properties [C:\Users\Anita\Desktop\Javier\Workspace-22.0\Projects\Acme-One\target\classes\WEB-INF\views\fragments\license-en.i18n] with encoding 'utf-8' 
2022-05-21 20:16:29.476 DEBUG [acme.framework.configuration.ExtendedMessageSource@http-nio-8080-exec-4] Loading properties [C:\Users\Anita\Desktop\Javier\Workspace-22.0\Projects\Acme-One\target\classes\WEB-INF\views\fragments\menu-en.i18n] with encoding 'utf-8' 
2022-05-21 20:16:29.476 DEBUG [acme.framework.configuration.ExtendedMessageSource@http-nio-8080-exec-4] Loading properties [C:\Users\Anita\Desktop\Javier\Workspace-22.0\Projects\Acme-One\target\classes\WEB-INF\views\fragments\messsages-en.i18n] with encoding 'utf-8' 
2022-05-21 20:16:29.476 DEBUG [acme.framework.configuration.ExtendedMessageSource@http-nio-8080-exec-4] Loading properties [C:\Users\Anita\Desktop\Javier\Workspace-22.0\Projects\Acme-One\target\classes\WEB-INF\views\fragments\title-en.i18n] with encoding 'utf-8' 
2022-05-21 20:16:29.476 DEBUG [acme.framework.configuration.ExtendedMessageSource@http-nio-8080-exec-4] Loading properties [C:\Users\Anita\Desktop\Javier\Workspace-22.0\Projects\Acme-One\target\classes\WEB-INF\views\fragments\welcome-en.i18n] with encoding 'utf-8' 
2022-05-21 20:16:29.476 DEBUG [acme.framework.configuration.ExtendedMessageSource@http-nio-8080-exec-4] Loading properties [C:\Users\Anita\Desktop\Javier\Workspace-22.0\Projects\Acme-One\target\classes\WEB-INF\views\inventor\item\messagges-en.i18n] with encoding 'utf-8' 
2022-05-21 20:16:29.476 DEBUG [acme.framework.configuration.ExtendedMessageSource@http-nio-8080-exec-4] Loading properties [C:\Users\Anita\Desktop\Javier\Workspace-22.0\Projects\Acme-One\target\classes\WEB-INF\views\inventor\patronage\messsages-en.i18n] with encoding 'utf-8' 
2022-05-21 20:16:29.476 DEBUG [acme.framework.configuration.ExtendedMessageSource@http-nio-8080-exec-4] Loading properties [C:\Users\Anita\Desktop\Javier\Workspace-22.0\Projects\Acme-One\target\classes\WEB-INF\views\inventor\patronage-report\messsages-en.i18n] with encoding 'utf-8' 
2022-05-21 20:16:29.480 DEBUG [acme.framework.configuration.ExtendedMessageSource@http-nio-8080-exec-4] Loading properties [C:\Users\Anita\Desktop\Javier\Workspace-22.0\Projects\Acme-One\target\classes\WEB-INF\views\inventor\toolkit\messsages-en.i18n] with encoding 'utf-8' 
2022-05-21 20:16:29.480 DEBUG [acme.framework.configuration.ExtendedMessageSource@http-nio-8080-exec-4] Loading properties [C:\Users\Anita\Desktop\Javier\Workspace-22.0\Projects\Acme-One\target\classes\WEB-INF\views\master\defaults-en.i18n] with encoding 'utf-8' 
2022-05-21 20:16:29.480 DEBUG [acme.framework.configuration.ExtendedMessageSource@http-nio-8080-exec-4] Loading properties [C:\Users\Anita\Desktop\Javier\Workspace-22.0\Projects\Acme-One\target\classes\WEB-INF\views\master\master-en.i18n] with encoding 'utf-8' 
2022-05-21 20:16:29.480 DEBUG [acme.framework.configuration.ExtendedMessageSource@http-nio-8080-exec-4] Loading properties [C:\Users\Anita\Desktop\Javier\Workspace-22.0\Projects\Acme-One\target\classes\WEB-INF\views\master\throwables-en.i18n] with encoding 'utf-8' 
2022-05-21 20:16:29.480 DEBUG [acme.framework.configuration.ExtendedMessageSource@http-nio-8080-exec-4] Loading properties [C:\Users\Anita\Desktop\Javier\Workspace-22.0\Projects\Acme-One\target\classes\WEB-INF\views\master\validation-en.i18n] with encoding 'utf-8' 
2022-05-21 20:16:29.480 DEBUG [acme.framework.configuration.ExtendedMessageSource@http-nio-8080-exec-4] Loading properties [C:\Users\Anita\Desktop\Javier\Workspace-22.0\Projects\Acme-One\target\classes\WEB-INF\views\patron\dashboard\messsages-en.i18n] with encoding 'utf-8' 
2022-05-21 20:16:29.484 DEBUG [acme.framework.configuration.ExtendedMessageSource@http-nio-8080-exec-4] Loading properties [C:\Users\Anita\Desktop\Javier\Workspace-22.0\Projects\Acme-One\target\classes\WEB-INF\views\patron\inventor\messsages-en.i18n] with encoding 'utf-8' 
2022-05-21 20:16:29.484 DEBUG [acme.framework.configuration.ExtendedMessageSource@http-nio-8080-exec-4] Loading properties [C:\Users\Anita\Desktop\Javier\Workspace-22.0\Projects\Acme-One\target\classes\WEB-INF\views\patron\patronage\messsages-en.i18n] with encoding 'utf-8' 
2022-05-21 20:16:29.484 DEBUG [acme.framework.configuration.ExtendedMessageSource@http-nio-8080-exec-4] Loading properties [C:\Users\Anita\Desktop\Javier\Workspace-22.0\Projects\Acme-One\target\classes\WEB-INF\views\patron\patronage-report\messsages-en.i18n] with encoding 'utf-8' 
2022-05-21 20:16:29.636 DEBUG [org.apache.jasper.servlet.JspServlet@http-nio-8080-exec-4] JspEngine --> /WEB-INF/views/fragments/welcome.jsp 
2022-05-21 20:16:29.636 DEBUG [org.apache.jasper.servlet.JspServlet@http-nio-8080-exec-4] ServletPath: /WEB-INF/views/master/page.jsp 
2022-05-21 20:16:29.636 DEBUG [org.apache.jasper.servlet.JspServlet@http-nio-8080-exec-4] PathInfo: null 
2022-05-21 20:16:29.636 DEBUG [org.apache.jasper.servlet.JspServlet@http-nio-8080-exec-4] RealPath: C:\Users\Anita\Desktop\Javier\Workspace-22.0\Projects\Acme-One\target\classes\WEB-INF\views\fragments\welcome.jsp 
2022-05-21 20:16:29.636 DEBUG [org.apache.jasper.servlet.JspServlet@http-nio-8080-exec-4] RequestURI: /acme-one-3.0/WEB-INF/views/master/page.jsp 
2022-05-21 20:16:29.636 DEBUG [org.apache.jasper.servlet.JspServlet@http-nio-8080-exec-4] QueryString: null 
2022-05-21 20:16:29.890 DEBUG [org.hibernate.SQL@http-nio-8080-exec-4] select useraccoun0_.id as id1_0_, useraccoun0_.version as version2_0_, useraccoun0_.enabled as enabled1_18_, useraccoun0_.identity as identity2_18_, useraccoun0_.password as password3_18_, useraccoun0_.username as username4_18_ from user_account useraccoun0_ where useraccoun0_.username=? 
2022-05-21 20:16:29.910 TRACE [org.hibernate.type.descriptor.sql.BasicBinder@http-nio-8080-exec-4] binding parameter [1] as [VARCHAR] - [anonymous] 
2022-05-21 20:16:29.970 DEBUG [org.hibernate.SQL@http-nio-8080-exec-4] select roles0_.user_account_id as user_acc1_19_0_, roles0_.id as id1_19_0_, roles0_.id as id1_0_1_, roles0_.version as version2_0_1_, roles0_.user_account_id as user_acc1_19_1_, roles0_.company as company1_7_1_, roles0_.sector as sector2_7_1_, roles0_.company as company1_9_1_, roles0_.link as link2_9_1_, roles0_.statement as statemen3_9_1_, roles0_.company as company1_11_1_, roles0_.link as link2_11_1_, roles0_.statement as statemen3_11_1_, roles0_.company as company1_14_1_, roles0_.sector as sector2_14_1_, roles0_.clazz_ as clazz_1_ from ( select id, version, user_account_id, company, sector, null as link, null as statement, 11 as clazz_ from consumer union all select id, version, user_account_id, company, null as sector, link, statement, 12 as clazz_ from inventor union all select id, version, user_account_id, company, null as sector, link, statement, 13 as clazz_ from patron union all select id, version, user_account_id, company, sector, null as link, null as statement, 14 as clazz_ from provider union all select id, version, user_account_id, null as company, null as sector, null as link, null as statement, 16 as clazz_ from administrator union all select id, version, user_account_id, null as company, null as sector, null as link, null as statement, 17 as clazz_ from anonymous union all select id, version, user_account_id, null as company, null as sector, null as link, null as statement, 18 as clazz_ from any union all select id, version, user_account_id, null as company, null as sector, null as link, null as statement, 19 as clazz_ from authenticated ) roles0_ where roles0_.user_account_id=? 
2022-05-21 20:16:29.970 TRACE [org.hibernate.type.descriptor.sql.BasicBinder@http-nio-8080-exec-4] binding parameter [1] as [INTEGER] - [1] 
2022-05-21 20:16:31.831 DEBUG [acme.framework.components.tiles.DynamicTilesView@http-nio-8080-exec-6] View name 'master/sign-in', model {username=, password=, remember=false} 
2022-05-21 20:16:31.836 DEBUG [org.apache.jasper.servlet.JspServlet@http-nio-8080-exec-6] JspEngine --> /WEB-INF/views/master/page.jsp 
2022-05-21 20:16:31.836 DEBUG [org.apache.jasper.servlet.JspServlet@http-nio-8080-exec-6] ServletPath: /WEB-INF/views/master/page.jsp 
2022-05-21 20:16:31.836 DEBUG [org.apache.jasper.servlet.JspServlet@http-nio-8080-exec-6] PathInfo: null 
2022-05-21 20:16:31.836 DEBUG [org.apache.jasper.servlet.JspServlet@http-nio-8080-exec-6] RealPath: C:\Users\Anita\Desktop\Javier\Workspace-22.0\Projects\Acme-One\target\classes\WEB-INF\views\master\page.jsp 
2022-05-21 20:16:31.840 DEBUG [org.apache.jasper.servlet.JspServlet@http-nio-8080-exec-6] RequestURI: /acme-one-3.0/WEB-INF/views/master/page.jsp 
2022-05-21 20:16:31.840 DEBUG [org.apache.jasper.servlet.JspServlet@http-nio-8080-exec-6] QueryString: null 
2022-05-21 20:16:31.948 DEBUG [org.apache.jasper.servlet.JspServlet@http-nio-8080-exec-6] JspEngine --> /WEB-INF/views/master/sign-in.jsp 
2022-05-21 20:16:31.948 DEBUG [org.apache.jasper.servlet.JspServlet@http-nio-8080-exec-6] ServletPath: /WEB-INF/views/master/page.jsp 
2022-05-21 20:16:31.948 DEBUG [org.apache.jasper.servlet.JspServlet@http-nio-8080-exec-6] PathInfo: null 
2022-05-21 20:16:31.952 DEBUG [org.apache.jasper.servlet.JspServlet@http-nio-8080-exec-6] RealPath: C:\Users\Anita\Desktop\Javier\Workspace-22.0\Projects\Acme-One\target\classes\WEB-INF\views\master\sign-in.jsp 
2022-05-21 20:16:31.952 DEBUG [org.apache.jasper.servlet.JspServlet@http-nio-8080-exec-6] RequestURI: /acme-one-3.0/WEB-INF/views/master/page.jsp 
2022-05-21 20:16:31.952 DEBUG [org.apache.jasper.servlet.JspServlet@http-nio-8080-exec-6] QueryString: null 
2022-05-21 20:16:33.345 DEBUG [org.hibernate.SQL@http-nio-8080-exec-6] select useraccoun0_.id as id1_0_, useraccoun0_.version as version2_0_, useraccoun0_.enabled as enabled1_18_, useraccoun0_.identity as identity2_18_, useraccoun0_.password as password3_18_, useraccoun0_.username as username4_18_ from user_account useraccoun0_ where useraccoun0_.username=? 
2022-05-21 20:16:33.345 TRACE [org.hibernate.type.descriptor.sql.BasicBinder@http-nio-8080-exec-6] binding parameter [1] as [VARCHAR] - [anonymous] 
2022-05-21 20:16:33.349 DEBUG [org.hibernate.SQL@http-nio-8080-exec-6] select roles0_.user_account_id as user_acc1_19_0_, roles0_.id as id1_19_0_, roles0_.id as id1_0_1_, roles0_.version as version2_0_1_, roles0_.user_account_id as user_acc1_19_1_, roles0_.company as company1_7_1_, roles0_.sector as sector2_7_1_, roles0_.company as company1_9_1_, roles0_.link as link2_9_1_, roles0_.statement as statemen3_9_1_, roles0_.company as company1_11_1_, roles0_.link as link2_11_1_, roles0_.statement as statemen3_11_1_, roles0_.company as company1_14_1_, roles0_.sector as sector2_14_1_, roles0_.clazz_ as clazz_1_ from ( select id, version, user_account_id, company, sector, null as link, null as statement, 11 as clazz_ from consumer union all select id, version, user_account_id, company, null as sector, link, statement, 12 as clazz_ from inventor union all select id, version, user_account_id, company, null as sector, link, statement, 13 as clazz_ from patron union all select id, version, user_account_id, company, sector, null as link, null as statement, 14 as clazz_ from provider union all select id, version, user_account_id, null as company, null as sector, null as link, null as statement, 16 as clazz_ from administrator union all select id, version, user_account_id, null as company, null as sector, null as link, null as statement, 17 as clazz_ from anonymous union all select id, version, user_account_id, null as company, null as sector, null as link, null as statement, 18 as clazz_ from any union all select id, version, user_account_id, null as company, null as sector, null as link, null as statement, 19 as clazz_ from authenticated ) roles0_ where roles0_.user_account_id=? 
2022-05-21 20:16:33.349 TRACE [org.hibernate.type.descriptor.sql.BasicBinder@http-nio-8080-exec-6] binding parameter [1] as [INTEGER] - [1] 
2022-05-21 20:16:40.351 DEBUG [org.hibernate.SQL@http-nio-8080-exec-8] select useraccoun0_.id as id1_0_, useraccoun0_.version as version2_0_, useraccoun0_.enabled as enabled1_18_, useraccoun0_.identity as identity2_18_, useraccoun0_.password as password3_18_, useraccoun0_.username as username4_18_ from user_account useraccoun0_ where useraccoun0_.username=? 
2022-05-21 20:16:40.355 TRACE [org.hibernate.type.descriptor.sql.BasicBinder@http-nio-8080-exec-8] binding parameter [1] as [VARCHAR] - [patron2] 
2022-05-21 20:16:40.359 DEBUG [org.hibernate.SQL@http-nio-8080-exec-8] select roles0_.user_account_id as user_acc1_19_0_, roles0_.id as id1_19_0_, roles0_.id as id1_0_1_, roles0_.version as version2_0_1_, roles0_.user_account_id as user_acc1_19_1_, roles0_.company as company1_7_1_, roles0_.sector as sector2_7_1_, roles0_.company as company1_9_1_, roles0_.link as link2_9_1_, roles0_.statement as statemen3_9_1_, roles0_.company as company1_11_1_, roles0_.link as link2_11_1_, roles0_.statement as statemen3_11_1_, roles0_.company as company1_14_1_, roles0_.sector as sector2_14_1_, roles0_.clazz_ as clazz_1_ from ( select id, version, user_account_id, company, sector, null as link, null as statement, 11 as clazz_ from consumer union all select id, version, user_account_id, company, null as sector, link, statement, 12 as clazz_ from inventor union all select id, version, user_account_id, company, null as sector, link, statement, 13 as clazz_ from patron union all select id, version, user_account_id, company, sector, null as link, null as statement, 14 as clazz_ from provider union all select id, version, user_account_id, null as company, null as sector, null as link, null as statement, 16 as clazz_ from administrator union all select id, version, user_account_id, null as company, null as sector, null as link, null as statement, 17 as clazz_ from anonymous union all select id, version, user_account_id, null as company, null as sector, null as link, null as statement, 18 as clazz_ from any union all select id, version, user_account_id, null as company, null as sector, null as link, null as statement, 19 as clazz_ from authenticated ) roles0_ where roles0_.user_account_id=? 
2022-05-21 20:16:40.359 TRACE [org.hibernate.type.descriptor.sql.BasicBinder@http-nio-8080-exec-8] binding parameter [1] as [INTEGER] - [13] 
2022-05-21 20:16:40.399 DEBUG [acme.framework.components.tiles.DynamicTilesView@http-nio-8080-exec-9] View name 'fragments/welcome', model {} 
2022-05-21 20:16:40.399 DEBUG [org.apache.jasper.servlet.JspServlet@http-nio-8080-exec-9] JspEngine --> /WEB-INF/views/master/page.jsp 
2022-05-21 20:16:40.399 DEBUG [org.apache.jasper.servlet.JspServlet@http-nio-8080-exec-9] ServletPath: /WEB-INF/views/master/page.jsp 
2022-05-21 20:16:40.403 DEBUG [org.apache.jasper.servlet.JspServlet@http-nio-8080-exec-9] PathInfo: null 
2022-05-21 20:16:40.403 DEBUG [org.apache.jasper.servlet.JspServlet@http-nio-8080-exec-9] RealPath: C:\Users\Anita\Desktop\Javier\Workspace-22.0\Projects\Acme-One\target\classes\WEB-INF\views\master\page.jsp 
2022-05-21 20:16:40.407 DEBUG [org.apache.jasper.servlet.JspServlet@http-nio-8080-exec-9] RequestURI: /acme-one-3.0/WEB-INF/views/master/page.jsp 
2022-05-21 20:16:40.407 DEBUG [org.apache.jasper.servlet.JspServlet@http-nio-8080-exec-9] QueryString: null 
2022-05-21 20:16:40.551 DEBUG [org.apache.jasper.servlet.JspServlet@http-nio-8080-exec-9] JspEngine --> /WEB-INF/views/fragments/welcome.jsp 
2022-05-21 20:16:40.551 DEBUG [org.apache.jasper.servlet.JspServlet@http-nio-8080-exec-9] ServletPath: /WEB-INF/views/master/page.jsp 
2022-05-21 20:16:40.555 DEBUG [org.apache.jasper.servlet.JspServlet@http-nio-8080-exec-9] PathInfo: null 
2022-05-21 20:16:40.555 DEBUG [org.apache.jasper.servlet.JspServlet@http-nio-8080-exec-9] RealPath: C:\Users\Anita\Desktop\Javier\Workspace-22.0\Projects\Acme-One\target\classes\WEB-INF\views\fragments\welcome.jsp 
2022-05-21 20:16:40.555 DEBUG [org.apache.jasper.servlet.JspServlet@http-nio-8080-exec-9] RequestURI: /acme-one-3.0/WEB-INF/views/master/page.jsp 
2022-05-21 20:16:40.555 DEBUG [org.apache.jasper.servlet.JspServlet@http-nio-8080-exec-9] QueryString: null 
2022-05-21 20:16:42.967 DEBUG [acme.framework.controllers.AbstractController@http-nio-8080-exec-6] DISPATCHING GET /acme-one-3.0/patron/patronage/list 
2022-05-21 20:16:42.967 DEBUG [acme.framework.controllers.AbstractController@http-nio-8080-exec-6] Command: list 
2022-05-21 20:16:42.967 DEBUG [acme.framework.controllers.AbstractController@http-nio-8080-exec-6] Model:   {} 
2022-05-21 20:16:42.967 DEBUG [acme.framework.controllers.AbstractController@http-nio-8080-exec-6] Locale:  en 
2022-05-21 20:16:42.995 DEBUG [org.hibernate.SQL@http-nio-8080-exec-6] select patronage0_.id as id1_0_, patronage0_.version as version2_0_, patronage0_.budget_amount as budget_a1_12_, patronage0_.budget_currency as budget_c2_12_, patronage0_.code as code3_12_, patronage0_.finishing_date as finishin4_12_, patronage0_.inventor_id as invento11_12_, patronage0_.legal_stuff as legal_st5_12_, patronage0_.link as link6_12_, patronage0_.patron_id as patron_12_12_, patronage0_.published as publishe7_12_, patronage0_.starting_date as starting8_12_, patronage0_.status as status9_12_, patronage0_.time_lapse as time_la10_12_ from patronage patronage0_ where patronage0_.patron_id=? 
2022-05-21 20:16:42.995 TRACE [org.hibernate.type.descriptor.sql.BasicBinder@http-nio-8080-exec-6] binding parameter [1] as [INTEGER] - [19] 
2022-05-21 20:16:43.001 DEBUG [org.hibernate.SQL@http-nio-8080-exec-6] select inventor0_.id as id1_0_0_, inventor0_.version as version2_0_0_, inventor0_.user_account_id as user_acc1_19_0_, inventor0_.company as company1_9_0_, inventor0_.link as link2_9_0_, inventor0_.statement as statemen3_9_0_, useraccoun1_.id as id1_0_1_, useraccoun1_.version as version2_0_1_, useraccoun1_.enabled as enabled1_18_1_, useraccoun1_.identity as identity2_18_1_, useraccoun1_.password as password3_18_1_, useraccoun1_.username as username4_18_1_ from inventor inventor0_ inner join user_account useraccoun1_ on inventor0_.user_account_id=useraccoun1_.id where inventor0_.id=? 
2022-05-21 20:16:43.001 TRACE [org.hibernate.type.descriptor.sql.BasicBinder@http-nio-8080-exec-6] binding parameter [1] as [INTEGER] - [25] 
2022-05-21 20:16:43.003 DEBUG [org.hibernate.SQL@http-nio-8080-exec-6] select patron0_.id as id1_0_0_, patron0_.version as version2_0_0_, patron0_.user_account_id as user_acc1_19_0_, patron0_.company as company1_11_0_, patron0_.link as link2_11_0_, patron0_.statement as statemen3_11_0_, useraccoun1_.id as id1_0_1_, useraccoun1_.version as version2_0_1_, useraccoun1_.enabled as enabled1_18_1_, useraccoun1_.identity as identity2_18_1_, useraccoun1_.password as password3_18_1_, useraccoun1_.username as username4_18_1_ from patron patron0_ inner join user_account useraccoun1_ on patron0_.user_account_id=useraccoun1_.id where patron0_.id=? 
2022-05-21 20:16:43.003 TRACE [org.hibernate.type.descriptor.sql.BasicBinder@http-nio-8080-exec-6] binding parameter [1] as [INTEGER] - [19] 
2022-05-21 20:16:43.024 DEBUG [acme.framework.controllers.AbstractController@http-nio-8080-exec-6] SERVING GET /acme-one-3.0/patron/patronage/list 
2022-05-21 20:16:43.024 DEBUG [acme.framework.controllers.AbstractController@http-nio-8080-exec-6] Result: ModelAndView [view="patron/patronage/list"; model={budget[0]=<<EUR 110.00>>, legalStuff[0]=Totally illegal, link[0]=https://www.twitter.com, inventor[0]=UserRole(userAccount=UserAccount(username=inventor1)), finishingDate[0]=2022-11-16 17:45:00.0, patron[0]=UserRole(userAccount=UserAccount(username=patron2)), code[0]=HJJ-712-P, startingDate[0]=2022-08-06 17:45:00.0, version[0]=2, id[0]=27, status[0]=PROPOSED, list$size=1, command=list, principal=acme.framework.entities.Principal@5c3317dc}] 
2022-05-21 20:16:43.028 DEBUG [acme.framework.components.tiles.DynamicTilesView@http-nio-8080-exec-6] View name 'patron/patronage/list', model {budget[0]=<<EUR 110.00>>, legalStuff[0]=Totally illegal, link[0]=https://www.twitter.com, inventor[0]=UserRole(userAccount=UserAccount(username=inventor1)), finishingDate[0]=2022-11-16 17:45:00.0, patron[0]=UserRole(userAccount=UserAccount(username=patron2)), code[0]=HJJ-712-P, startingDate[0]=2022-08-06 17:45:00.0, version[0]=2, id[0]=27, status[0]=PROPOSED, list$size=1, command=list, principal=acme.framework.entities.Principal@5c3317dc, org.springframework.validation.BindingResult.budget[0]=org.springframework.validation.BeanPropertyBindingResult: 0 errors, org.springframework.validation.BindingResult.inventor[0]=org.springframework.validation.BeanPropertyBindingResult: 0 errors, org.springframework.validation.BindingResult.patron[0]=org.springframework.validation.BeanPropertyBindingResult: 0 errors, org.springframework.validation.BindingResult.principal=org.springframework.validation.BeanPropertyBindingResult: 0 errors} 
2022-05-21 20:16:43.028 DEBUG [org.apache.jasper.servlet.JspServlet@http-nio-8080-exec-6] JspEngine --> /WEB-INF/views/master/page.jsp 
2022-05-21 20:16:43.032 DEBUG [org.apache.jasper.servlet.JspServlet@http-nio-8080-exec-6] ServletPath: /WEB-INF/views/master/page.jsp 
2022-05-21 20:16:43.032 DEBUG [org.apache.jasper.servlet.JspServlet@http-nio-8080-exec-6] PathInfo: null 
2022-05-21 20:16:43.032 DEBUG [org.apache.jasper.servlet.JspServlet@http-nio-8080-exec-6] RealPath: C:\Users\Anita\Desktop\Javier\Workspace-22.0\Projects\Acme-One\target\classes\WEB-INF\views\master\page.jsp 
2022-05-21 20:16:43.032 DEBUG [org.apache.jasper.servlet.JspServlet@http-nio-8080-exec-6] RequestURI: /acme-one-3.0/WEB-INF/views/master/page.jsp 
2022-05-21 20:16:43.032 DEBUG [org.apache.jasper.servlet.JspServlet@http-nio-8080-exec-6] QueryString: null 
2022-05-21 20:16:43.125 DEBUG [org.apache.jasper.servlet.JspServlet@http-nio-8080-exec-6] JspEngine --> /WEB-INF/views/patron/patronage/list.jsp 
2022-05-21 20:16:43.125 DEBUG [org.apache.jasper.servlet.JspServlet@http-nio-8080-exec-6] ServletPath: /WEB-INF/views/master/page.jsp 
2022-05-21 20:16:43.125 DEBUG [org.apache.jasper.servlet.JspServlet@http-nio-8080-exec-6] PathInfo: null 
2022-05-21 20:16:43.129 DEBUG [org.apache.jasper.servlet.JspServlet@http-nio-8080-exec-6] RealPath: C:\Users\Anita\Desktop\Javier\Workspace-22.0\Projects\Acme-One\target\classes\WEB-INF\views\patron\patronage\list.jsp 
2022-05-21 20:16:43.129 DEBUG [org.apache.jasper.servlet.JspServlet@http-nio-8080-exec-6] RequestURI: /acme-one-3.0/WEB-INF/views/master/page.jsp 
2022-05-21 20:16:43.129 DEBUG [org.apache.jasper.servlet.JspServlet@http-nio-8080-exec-6] QueryString: null 
2022-05-21 20:16:45.107 DEBUG [acme.framework.controllers.AbstractController@http-nio-8080-exec-2] DISPATCHING GET /acme-one-3.0/patron/patronage/show 
2022-05-21 20:16:45.107 DEBUG [acme.framework.controllers.AbstractController@http-nio-8080-exec-2] Command: show 
2022-05-21 20:16:45.107 DEBUG [acme.framework.controllers.AbstractController@http-nio-8080-exec-2] Model:   {id=27} 
2022-05-21 20:16:45.107 DEBUG [acme.framework.controllers.AbstractController@http-nio-8080-exec-2] Locale:  en 
2022-05-21 20:16:45.117 DEBUG [org.hibernate.SQL@http-nio-8080-exec-2] select patronage0_.id as id1_0_, patronage0_.version as version2_0_, patronage0_.budget_amount as budget_a1_12_, patronage0_.budget_currency as budget_c2_12_, patronage0_.code as code3_12_, patronage0_.finishing_date as finishin4_12_, patronage0_.inventor_id as invento11_12_, patronage0_.legal_stuff as legal_st5_12_, patronage0_.link as link6_12_, patronage0_.patron_id as patron_12_12_, patronage0_.published as publishe7_12_, patronage0_.starting_date as starting8_12_, patronage0_.status as status9_12_, patronage0_.time_lapse as time_la10_12_ from patronage patronage0_ where patronage0_.id=? 
2022-05-21 20:16:45.118 TRACE [org.hibernate.type.descriptor.sql.BasicBinder@http-nio-8080-exec-2] binding parameter [1] as [INTEGER] - [27] 
2022-05-21 20:16:45.120 DEBUG [org.hibernate.SQL@http-nio-8080-exec-2] select inventor0_.id as id1_0_0_, inventor0_.version as version2_0_0_, inventor0_.user_account_id as user_acc1_19_0_, inventor0_.company as company1_9_0_, inventor0_.link as link2_9_0_, inventor0_.statement as statemen3_9_0_, useraccoun1_.id as id1_0_1_, useraccoun1_.version as version2_0_1_, useraccoun1_.enabled as enabled1_18_1_, useraccoun1_.identity as identity2_18_1_, useraccoun1_.password as password3_18_1_, useraccoun1_.username as username4_18_1_ from inventor inventor0_ inner join user_account useraccoun1_ on inventor0_.user_account_id=useraccoun1_.id where inventor0_.id=? 
2022-05-21 20:16:45.121 TRACE [org.hibernate.type.descriptor.sql.BasicBinder@http-nio-8080-exec-2] binding parameter [1] as [INTEGER] - [25] 
2022-05-21 20:16:45.123 DEBUG [org.hibernate.SQL@http-nio-8080-exec-2] select patron0_.id as id1_0_0_, patron0_.version as version2_0_0_, patron0_.user_account_id as user_acc1_19_0_, patron0_.company as company1_11_0_, patron0_.link as link2_11_0_, patron0_.statement as statemen3_11_0_, useraccoun1_.id as id1_0_1_, useraccoun1_.version as version2_0_1_, useraccoun1_.enabled as enabled1_18_1_, useraccoun1_.identity as identity2_18_1_, useraccoun1_.password as password3_18_1_, useraccoun1_.username as username4_18_1_ from patron patron0_ inner join user_account useraccoun1_ on patron0_.user_account_id=useraccoun1_.id where patron0_.id=? 
2022-05-21 20:16:45.123 TRACE [org.hibernate.type.descriptor.sql.BasicBinder@http-nio-8080-exec-2] binding parameter [1] as [INTEGER] - [19] 
2022-05-21 20:16:45.127 DEBUG [org.hibernate.SQL@http-nio-8080-exec-2] select inventor0_.id as id1_0_, inventor0_.version as version2_0_, inventor0_.user_account_id as user_acc1_19_, inventor0_.company as company1_9_, inventor0_.link as link2_9_, inventor0_.statement as statemen3_9_ from inventor inventor0_ 
2022-05-21 20:16:45.127 DEBUG [org.hibernate.SQL@http-nio-8080-exec-2] select useraccoun0_.id as id1_0_0_, useraccoun0_.version as version2_0_0_, useraccoun0_.enabled as enabled1_18_0_, useraccoun0_.identity as identity2_18_0_, useraccoun0_.password as password3_18_0_, useraccoun0_.username as username4_18_0_ from user_account useraccoun0_ where useraccoun0_.id=? 
2022-05-21 20:16:45.127 TRACE [org.hibernate.type.descriptor.sql.BasicBinder@http-nio-8080-exec-2] binding parameter [1] as [INTEGER] - [4] 
2022-05-21 20:16:45.131 DEBUG [org.hibernate.SQL@http-nio-8080-exec-2] select useraccoun0_.id as id1_0_0_, useraccoun0_.version as version2_0_0_, useraccoun0_.enabled as enabled1_18_0_, useraccoun0_.identity as identity2_18_0_, useraccoun0_.password as password3_18_0_, useraccoun0_.username as username4_18_0_ from user_account useraccoun0_ where useraccoun0_.id=? 
2022-05-21 20:16:45.131 TRACE [org.hibernate.type.descriptor.sql.BasicBinder@http-nio-8080-exec-2] binding parameter [1] as [INTEGER] - [3] 
2022-05-21 20:16:45.135 DEBUG [org.hibernate.SQL@http-nio-8080-exec-2] select useraccoun0_.id as id1_0_0_, useraccoun0_.version as version2_0_0_, useraccoun0_.enabled as enabled1_18_0_, useraccoun0_.identity as identity2_18_0_, useraccoun0_.password as password3_18_0_, useraccoun0_.username as username4_18_0_ from user_account useraccoun0_ where useraccoun0_.id=? 
2022-05-21 20:16:45.135 TRACE [org.hibernate.type.descriptor.sql.BasicBinder@http-nio-8080-exec-2] binding parameter [1] as [INTEGER] - [2] 
2022-05-21 20:16:45.139 DEBUG [org.hibernate.SQL@http-nio-8080-exec-2] select useraccoun0_.id as id1_0_0_, useraccoun0_.version as version2_0_0_, useraccoun0_.enabled as enabled1_18_0_, useraccoun0_.identity as identity2_18_0_, useraccoun0_.password as password3_18_0_, useraccoun0_.username as username4_18_0_ from user_account useraccoun0_ where useraccoun0_.id=? 
2022-05-21 20:16:45.139 TRACE [org.hibernate.type.descriptor.sql.BasicBinder@http-nio-8080-exec-2] binding parameter [1] as [INTEGER] - [14] 
2022-05-21 20:16:45.167 DEBUG [acme.framework.controllers.AbstractController@http-nio-8080-exec-2] SERVING GET /acme-one-3.0/patron/patronage/show 
2022-05-21 20:16:45.167 DEBUG [acme.framework.controllers.AbstractController@http-nio-8080-exec-2] Result: ModelAndView [view="patron/patronage/form"; model={inventor.company=Acme-One, finishingDate=2022-11-16 17:45:00.0, patron=UserRole(userAccount=UserAccount(username=patron2)), code=HJJ-712-P, inventors=[UserRole(userAccount=UserAccount(username=inventor4)), UserRole(userAccount=UserAccount(username=inventor2)), UserRole(userAccount=UserAccount(username=inventor3)), UserRole(userAccount=UserAccount(username=inventor1))], link=https://www.twitter.com, published=false, inventorId=25, inventor.statement=1, version=2, inventor=UserRole(userAccount=UserAccount(username=inventor1)), id=27, startingDate=2022-08-06 17:45:00.0, status=PROPOSED, legalStuff=Totally illegal, budget=<<EUR 110.00>>, command=show, principal=acme.framework.entities.Principal@5c3317dc}] 
2022-05-21 20:16:45.167 DEBUG [acme.framework.components.tiles.DynamicTilesView@http-nio-8080-exec-2] View name 'patron/patronage/form', model {inventor.company=Acme-One, finishingDate=2022-11-16 17:45:00.0, patron=UserRole(userAccount=UserAccount(username=patron2)), code=HJJ-712-P, inventors=[UserRole(userAccount=UserAccount(username=inventor4)), UserRole(userAccount=UserAccount(username=inventor2)), UserRole(userAccount=UserAccount(username=inventor3)), UserRole(userAccount=UserAccount(username=inventor1))], link=https://www.twitter.com, published=false, inventorId=25, inventor.statement=1, version=2, inventor=UserRole(userAccount=UserAccount(username=inventor1)), id=27, startingDate=2022-08-06 17:45:00.0, status=PROPOSED, legalStuff=Totally illegal, budget=<<EUR 110.00>>, command=show, principal=acme.framework.entities.Principal@5c3317dc, org.springframework.validation.BindingResult.patron=org.springframework.validation.BeanPropertyBindingResult: 0 errors, org.springframework.validation.BindingResult.inventor=org.springframework.validation.BeanPropertyBindingResult: 0 errors, org.springframework.validation.BindingResult.budget=org.springframework.validation.BeanPropertyBindingResult: 0 errors, org.springframework.validation.BindingResult.principal=org.springframework.validation.BeanPropertyBindingResult: 0 errors} 
2022-05-21 20:16:45.167 DEBUG [org.apache.jasper.servlet.JspServlet@http-nio-8080-exec-2] JspEngine --> /WEB-INF/views/master/page.jsp 
2022-05-21 20:16:45.167 DEBUG [org.apache.jasper.servlet.JspServlet@http-nio-8080-exec-2] ServletPath: /WEB-INF/views/master/page.jsp 
2022-05-21 20:16:45.167 DEBUG [org.apache.jasper.servlet.JspServlet@http-nio-8080-exec-2] PathInfo: null 
2022-05-21 20:16:45.167 DEBUG [org.apache.jasper.servlet.JspServlet@http-nio-8080-exec-2] RealPath: C:\Users\Anita\Desktop\Javier\Workspace-22.0\Projects\Acme-One\target\classes\WEB-INF\views\master\page.jsp 
2022-05-21 20:16:45.171 DEBUG [org.apache.jasper.servlet.JspServlet@http-nio-8080-exec-2] RequestURI: /acme-one-3.0/WEB-INF/views/master/page.jsp 
2022-05-21 20:16:45.171 DEBUG [org.apache.jasper.servlet.JspServlet@http-nio-8080-exec-2] QueryString: id=27 
2022-05-21 20:16:45.307 DEBUG [org.apache.jasper.servlet.JspServlet@http-nio-8080-exec-2] JspEngine --> /WEB-INF/views/patron/patronage/form.jsp 
2022-05-21 20:16:45.307 DEBUG [org.apache.jasper.servlet.JspServlet@http-nio-8080-exec-2] ServletPath: /WEB-INF/views/master/page.jsp 
2022-05-21 20:16:45.307 DEBUG [org.apache.jasper.servlet.JspServlet@http-nio-8080-exec-2] PathInfo: null 
2022-05-21 20:16:45.307 DEBUG [org.apache.jasper.servlet.JspServlet@http-nio-8080-exec-2] RealPath: C:\Users\Anita\Desktop\Javier\Workspace-22.0\Projects\Acme-One\target\classes\WEB-INF\views\patron\patronage\form.jsp 
2022-05-21 20:16:45.311 DEBUG [org.apache.jasper.servlet.JspServlet@http-nio-8080-exec-2] RequestURI: /acme-one-3.0/WEB-INF/views/master/page.jsp 
2022-05-21 20:16:45.311 DEBUG [org.apache.jasper.servlet.JspServlet@http-nio-8080-exec-2] QueryString: id=27 
2022-05-21 20:16:47.922 DEBUG [acme.framework.controllers.AbstractController@http-nio-8080-exec-6] DISPATCHING POST /acme-one-3.0/patron/patronage/delete 
2022-05-21 20:16:47.922 DEBUG [acme.framework.controllers.AbstractController@http-nio-8080-exec-6] Command: delete 
2022-05-21 20:16:47.922 DEBUG [acme.framework.controllers.AbstractController@http-nio-8080-exec-6] Model:   {id=27, version=2, _csrf=e90d898e-8c96-4104-a710-fde408da6b62, status=PROPOSED, code=HJJ-712-P, legalStuff=Totally illegal, budget=EUR 110.00, startingDate=2022/08/06 17:45, finishingDate=2022/11/16 17:45, link=https://www.twitter.com, inventor=inventor1} 
2022-05-21 20:16:47.923 DEBUG [acme.framework.controllers.AbstractController@http-nio-8080-exec-6] Locale:  en 
2022-05-21 20:16:47.934 DEBUG [org.hibernate.SQL@http-nio-8080-exec-6] select patronage0_.id as id1_0_, patronage0_.version as version2_0_, patronage0_.budget_amount as budget_a1_12_, patronage0_.budget_currency as budget_c2_12_, patronage0_.code as code3_12_, patronage0_.finishing_date as finishin4_12_, patronage0_.inventor_id as invento11_12_, patronage0_.legal_stuff as legal_st5_12_, patronage0_.link as link6_12_, patronage0_.patron_id as patron_12_12_, patronage0_.published as publishe7_12_, patronage0_.starting_date as starting8_12_, patronage0_.status as status9_12_, patronage0_.time_lapse as time_la10_12_ from patronage patronage0_ where patronage0_.id=? 
2022-05-21 20:16:47.935 TRACE [org.hibernate.type.descriptor.sql.BasicBinder@http-nio-8080-exec-6] binding parameter [1] as [INTEGER] - [27] 
2022-05-21 20:16:47.938 DEBUG [org.hibernate.SQL@http-nio-8080-exec-6] select inventor0_.id as id1_0_0_, inventor0_.version as version2_0_0_, inventor0_.user_account_id as user_acc1_19_0_, inventor0_.company as company1_9_0_, inventor0_.link as link2_9_0_, inventor0_.statement as statemen3_9_0_, useraccoun1_.id as id1_0_1_, useraccoun1_.version as version2_0_1_, useraccoun1_.enabled as enabled1_18_1_, useraccoun1_.identity as identity2_18_1_, useraccoun1_.password as password3_18_1_, useraccoun1_.username as username4_18_1_ from inventor inventor0_ inner join user_account useraccoun1_ on inventor0_.user_account_id=useraccoun1_.id where inventor0_.id=? 
2022-05-21 20:16:47.939 TRACE [org.hibernate.type.descriptor.sql.BasicBinder@http-nio-8080-exec-6] binding parameter [1] as [INTEGER] - [25] 
2022-05-21 20:16:47.944 DEBUG [org.hibernate.SQL@http-nio-8080-exec-6] select patron0_.id as id1_0_0_, patron0_.version as version2_0_0_, patron0_.user_account_id as user_acc1_19_0_, patron0_.company as company1_11_0_, patron0_.link as link2_11_0_, patron0_.statement as statemen3_11_0_, useraccoun1_.id as id1_0_1_, useraccoun1_.version as version2_0_1_, useraccoun1_.enabled as enabled1_18_1_, useraccoun1_.identity as identity2_18_1_, useraccoun1_.password as password3_18_1_, useraccoun1_.username as username4_18_1_ from patron patron0_ inner join user_account useraccoun1_ on patron0_.user_account_id=useraccoun1_.id where patron0_.id=? 
2022-05-21 20:16:47.945 TRACE [org.hibernate.type.descriptor.sql.BasicBinder@http-nio-8080-exec-6] binding parameter [1] as [INTEGER] - [19] 
2022-05-21 20:16:47.954 DEBUG [org.hibernate.SQL@http-nio-8080-exec-6] select patronage0_.id as id1_0_, patronage0_.version as version2_0_, patronage0_.budget_amount as budget_a1_12_, patronage0_.budget_currency as budget_c2_12_, patronage0_.code as code3_12_, patronage0_.finishing_date as finishin4_12_, patronage0_.inventor_id as invento11_12_, patronage0_.legal_stuff as legal_st5_12_, patronage0_.link as link6_12_, patronage0_.patron_id as patron_12_12_, patronage0_.published as publishe7_12_, patronage0_.starting_date as starting8_12_, patronage0_.status as status9_12_, patronage0_.time_lapse as time_la10_12_ from patronage patronage0_ where patronage0_.id=? 
2022-05-21 20:16:47.954 TRACE [org.hibernate.type.descriptor.sql.BasicBinder@http-nio-8080-exec-6] binding parameter [1] as [INTEGER] - [27] 
2022-05-21 20:16:47.958 DEBUG [org.hibernate.SQL@http-nio-8080-exec-6] select patronager0_.id as id1_0_, patronager0_.version as version2_0_, patronager0_.automatic_seq_num as automati1_13_, patronager0_.creation_moment as creation2_13_, patronager0_.inventor_id as inventor5_13_, patronager0_.link as link3_13_, patronager0_.memorandum as memorand4_13_, patronager0_.patronage_id as patronag6_13_ from patronage_report patronager0_ where patronager0_.patronage_id=? 
2022-05-21 20:16:47.958 TRACE [org.hibernate.type.descriptor.sql.BasicBinder@http-nio-8080-exec-6] binding parameter [1] as [INTEGER] - [27] 
2022-05-21 20:16:47.962 DEBUG [org.hibernate.SQL@http-nio-8080-exec-6] select inventor0_.id as id1_0_0_, inventor0_.version as version2_0_0_, inventor0_.user_account_id as user_acc1_19_0_, inventor0_.company as company1_9_0_, inventor0_.link as link2_9_0_, inventor0_.statement as statemen3_9_0_, useraccoun1_.id as id1_0_1_, useraccoun1_.version as version2_0_1_, useraccoun1_.enabled as enabled1_18_1_, useraccoun1_.identity as identity2_18_1_, useraccoun1_.password as password3_18_1_, useraccoun1_.username as username4_18_1_ from inventor inventor0_ inner join user_account useraccoun1_ on inventor0_.user_account_id=useraccoun1_.id where inventor0_.id=? 
2022-05-21 20:16:47.962 TRACE [org.hibernate.type.descriptor.sql.BasicBinder@http-nio-8080-exec-6] binding parameter [1] as [INTEGER] - [23] 
2022-05-21 20:16:47.966 DEBUG [org.hibernate.SQL@http-nio-8080-exec-6] select patronage0_.id as id1_0_0_, patronage0_.version as version2_0_0_, patronage0_.budget_amount as budget_a1_12_0_, patronage0_.budget_currency as budget_c2_12_0_, patronage0_.code as code3_12_0_, patronage0_.finishing_date as finishin4_12_0_, patronage0_.inventor_id as invento11_12_0_, patronage0_.legal_stuff as legal_st5_12_0_, patronage0_.link as link6_12_0_, patronage0_.patron_id as patron_12_12_0_, patronage0_.published as publishe7_12_0_, patronage0_.starting_date as starting8_12_0_, patronage0_.status as status9_12_0_, patronage0_.time_lapse as time_la10_12_0_, inventor1_.id as id1_0_1_, inventor1_.version as version2_0_1_, inventor1_.user_account_id as user_acc1_19_1_, inventor1_.company as company1_9_1_, inventor1_.link as link2_9_1_, inventor1_.statement as statemen3_9_1_, useraccoun2_.id as id1_0_2_, useraccoun2_.version as version2_0_2_, useraccoun2_.enabled as enabled1_18_2_, useraccoun2_.identity as identity2_18_2_, useraccoun2_.password as password3_18_2_, useraccoun2_.username as username4_18_2_, patron3_.id as id1_0_3_, patron3_.version as version2_0_3_, patron3_.user_account_id as user_acc1_19_3_, patron3_.company as company1_11_3_, patron3_.link as link2_11_3_, patron3_.statement as statemen3_11_3_, useraccoun4_.id as id1_0_4_, useraccoun4_.version as version2_0_4_, useraccoun4_.enabled as enabled1_18_4_, useraccoun4_.identity as identity2_18_4_, useraccoun4_.password as password3_18_4_, useraccoun4_.username as username4_18_4_ from patronage patronage0_ inner join inventor inventor1_ on patronage0_.inventor_id=inventor1_.id inner join user_account useraccoun2_ on inventor1_.user_account_id=useraccoun2_.id inner join patron patron3_ on patronage0_.patron_id=patron3_.id inner join user_account useraccoun4_ on patron3_.user_account_id=useraccoun4_.id where patronage0_.id=? 
2022-05-21 20:16:47.970 TRACE [org.hibernate.type.descriptor.sql.BasicBinder@http-nio-8080-exec-6] binding parameter [1] as [INTEGER] - [27] 
2022-05-21 20:16:48.018 DEBUG [org.hibernate.SQL@http-nio-8080-exec-6] delete from patronage_report where id=? and version=? 
2022-05-21 20:16:48.022 TRACE [org.hibernate.type.descriptor.sql.BasicBinder@http-nio-8080-exec-6] binding parameter [1] as [INTEGER] - [29] 
2022-05-21 20:16:48.022 TRACE [org.hibernate.type.descriptor.sql.BasicBinder@http-nio-8080-exec-6] binding parameter [2] as [INTEGER] - [0] 
2022-05-21 20:16:48.022 DEBUG [org.hibernate.SQL@http-nio-8080-exec-6] delete from patronage where id=? and version=? 
2022-05-21 20:16:48.022 TRACE [org.hibernate.type.descriptor.sql.BasicBinder@http-nio-8080-exec-6] binding parameter [1] as [INTEGER] - [27] 
2022-05-21 20:16:48.022 TRACE [org.hibernate.type.descriptor.sql.BasicBinder@http-nio-8080-exec-6] binding parameter [2] as [INTEGER] - [2] 
2022-05-21 20:16:48.026 DEBUG [acme.framework.controllers.AbstractController@http-nio-8080-exec-6] SERVING POST /acme-one-3.0/patron/patronage/delete 
2022-05-21 20:16:48.026 DEBUG [acme.framework.controllers.AbstractController@http-nio-8080-exec-6] Result: ModelAndView [view="redirect:/master/referrer"; model={command=delete, principal=acme.framework.entities.Principal@5c3317dc}] 
2022-05-21 20:16:48.034 DEBUG [acme.framework.components.tiles.DynamicTilesView@http-nio-8080-exec-2] View name 'master/referrer', model {} 
2022-05-21 20:16:48.034 DEBUG [org.apache.jasper.servlet.JspServlet@http-nio-8080-exec-2] JspEngine --> /WEB-INF/views/master/page.jsp 
2022-05-21 20:16:48.034 DEBUG [org.apache.jasper.servlet.JspServlet@http-nio-8080-exec-2] ServletPath: /WEB-INF/views/master/page.jsp 
2022-05-21 20:16:48.034 DEBUG [org.apache.jasper.servlet.JspServlet@http-nio-8080-exec-2] PathInfo: null 
2022-05-21 20:16:48.034 DEBUG [org.apache.jasper.servlet.JspServlet@http-nio-8080-exec-2] RealPath: C:\Users\Anita\Desktop\Javier\Workspace-22.0\Projects\Acme-One\target\classes\WEB-INF\views\master\page.jsp 
2022-05-21 20:16:48.034 DEBUG [org.apache.jasper.servlet.JspServlet@http-nio-8080-exec-2] RequestURI: /acme-one-3.0/WEB-INF/views/master/page.jsp 
2022-05-21 20:16:48.038 DEBUG [org.apache.jasper.servlet.JspServlet@http-nio-8080-exec-2] QueryString: command=delete 
2022-05-21 20:16:48.130 DEBUG [org.apache.jasper.servlet.JspServlet@http-nio-8080-exec-2] JspEngine --> /WEB-INF/views/master/referrer.jsp 
2022-05-21 20:16:48.130 DEBUG [org.apache.jasper.servlet.JspServlet@http-nio-8080-exec-2] ServletPath: /WEB-INF/views/master/page.jsp 
2022-05-21 20:16:48.130 DEBUG [org.apache.jasper.servlet.JspServlet@http-nio-8080-exec-2] PathInfo: null 
2022-05-21 20:16:48.134 DEBUG [org.apache.jasper.servlet.JspServlet@http-nio-8080-exec-2] RealPath: C:\Users\Anita\Desktop\Javier\Workspace-22.0\Projects\Acme-One\target\classes\WEB-INF\views\master\referrer.jsp 
2022-05-21 20:16:48.134 DEBUG [org.apache.jasper.servlet.JspServlet@http-nio-8080-exec-2] RequestURI: /acme-one-3.0/WEB-INF/views/master/page.jsp 
2022-05-21 20:16:48.134 DEBUG [org.apache.jasper.servlet.JspServlet@http-nio-8080-exec-2] QueryString: command=delete 
2022-05-21 20:16:48.326 DEBUG [acme.framework.controllers.AbstractController@http-nio-8080-exec-8] DISPATCHING GET /acme-one-3.0/patron/patronage/list 
2022-05-21 20:16:48.326 DEBUG [acme.framework.controllers.AbstractController@http-nio-8080-exec-8] Command: list 
2022-05-21 20:16:48.326 DEBUG [acme.framework.controllers.AbstractController@http-nio-8080-exec-8] Model:   {} 
2022-05-21 20:16:48.326 DEBUG [acme.framework.controllers.AbstractController@http-nio-8080-exec-8] Locale:  en 
2022-05-21 20:16:48.326 DEBUG [org.hibernate.SQL@http-nio-8080-exec-8] select patronage0_.id as id1_0_, patronage0_.version as version2_0_, patronage0_.budget_amount as budget_a1_12_, patronage0_.budget_currency as budget_c2_12_, patronage0_.code as code3_12_, patronage0_.finishing_date as finishin4_12_, patronage0_.inventor_id as invento11_12_, patronage0_.legal_stuff as legal_st5_12_, patronage0_.link as link6_12_, patronage0_.patron_id as patron_12_12_, patronage0_.published as publishe7_12_, patronage0_.starting_date as starting8_12_, patronage0_.status as status9_12_, patronage0_.time_lapse as time_la10_12_ from patronage patronage0_ where patronage0_.patron_id=? 
2022-05-21 20:16:48.326 TRACE [org.hibernate.type.descriptor.sql.BasicBinder@http-nio-8080-exec-8] binding parameter [1] as [INTEGER] - [19] 
2022-05-21 20:16:48.330 DEBUG [acme.framework.controllers.AbstractController@http-nio-8080-exec-8] SERVING GET /acme-one-3.0/patron/patronage/list 
2022-05-21 20:16:48.330 DEBUG [acme.framework.controllers.AbstractController@http-nio-8080-exec-8] Result: ModelAndView [view="patron/patronage/list"; model={list$size=0, command=list, principal=acme.framework.entities.Principal@5c3317dc}] 
2022-05-21 20:16:48.334 DEBUG [acme.framework.components.tiles.DynamicTilesView@http-nio-8080-exec-8] View name 'patron/patronage/list', model {list$size=0, command=list, principal=acme.framework.entities.Principal@5c3317dc, org.springframework.validation.BindingResult.principal=org.springframework.validation.BeanPropertyBindingResult: 0 errors} 
2022-05-21 20:16:48.334 DEBUG [org.apache.jasper.servlet.JspServlet@http-nio-8080-exec-8] JspEngine --> /WEB-INF/views/master/page.jsp 
2022-05-21 20:16:48.334 DEBUG [org.apache.jasper.servlet.JspServlet@http-nio-8080-exec-8] ServletPath: /WEB-INF/views/master/page.jsp 
2022-05-21 20:16:48.334 DEBUG [org.apache.jasper.servlet.JspServlet@http-nio-8080-exec-8] PathInfo: null 
2022-05-21 20:16:48.338 DEBUG [org.apache.jasper.servlet.JspServlet@http-nio-8080-exec-8] RealPath: C:\Users\Anita\Desktop\Javier\Workspace-22.0\Projects\Acme-One\target\classes\WEB-INF\views\master\page.jsp 
2022-05-21 20:16:48.338 DEBUG [org.apache.jasper.servlet.JspServlet@http-nio-8080-exec-8] RequestURI: /acme-one-3.0/WEB-INF/views/master/page.jsp 
2022-05-21 20:16:48.338 DEBUG [org.apache.jasper.servlet.JspServlet@http-nio-8080-exec-8] QueryString: null 
2022-05-21 20:16:48.488 DEBUG [org.apache.jasper.servlet.JspServlet@http-nio-8080-exec-8] JspEngine --> /WEB-INF/views/patron/patronage/list.jsp 
2022-05-21 20:16:48.488 DEBUG [org.apache.jasper.servlet.JspServlet@http-nio-8080-exec-8] ServletPath: /WEB-INF/views/master/page.jsp 
2022-05-21 20:16:48.492 DEBUG [org.apache.jasper.servlet.JspServlet@http-nio-8080-exec-8] PathInfo: null 
2022-05-21 20:16:48.492 DEBUG [org.apache.jasper.servlet.JspServlet@http-nio-8080-exec-8] RealPath: C:\Users\Anita\Desktop\Javier\Workspace-22.0\Projects\Acme-One\target\classes\WEB-INF\views\patron\patronage\list.jsp 
2022-05-21 20:16:48.492 DEBUG [org.apache.jasper.servlet.JspServlet@http-nio-8080-exec-8] RequestURI: /acme-one-3.0/WEB-INF/views/master/page.jsp 
2022-05-21 20:16:48.492 DEBUG [org.apache.jasper.servlet.JspServlet@http-nio-8080-exec-8] QueryString: null 
