2022-04-20 14:25:08.283 INFO  [acme.Launcher@main] Starting Launcher using Java 1.8.0_281 on PORTATIL_ANITA with PID 6560 (C:\Users\Anita\Desktop\Javier\Workspace-22.0\Frameworks\Acme-Framework-22.3\target\classes started by Anita in C:\Users\Anita\Desktop\Javier\Workspace-22.0\Projects\Acme-One) 
2022-04-20 14:25:08.283 DEBUG [acme.Launcher@main] Running with Spring Boot v2.4.2, Spring v5.3.3 
2022-04-20 14:25:08.284 INFO  [acme.Launcher@main] The following profiles are active: development,default 
2022-04-20 14:25:10.604 DEBUG [org.apache.jasper.servlet.JasperInitializer@main] Initializing Jasper for context [application] 
2022-04-20 14:25:14.821 DEBUG [org.apache.jasper.servlet.JspServlet@main] Scratch dir for the JSP engine is: [C:\Users\Anita\AppData\Local\Temp\tomcat.8080.6793908522724315858\work\Tomcat\localhost\acme-one-2.0] 
2022-04-20 14:25:14.821 DEBUG [org.apache.jasper.servlet.JspServlet@main] IMPORTANT: Do not modify the generated servlets 
2022-04-20 14:25:14.837 INFO  [acme.Launcher@main] Started Launcher in 7.146 seconds (JVM running for 7.723) 
2022-04-20 14:25:14.843 DEBUG [acme.Launcher@main] Found classpath entry '/C:/Users/Anita/Desktop/Javier/Workspace-22.0/Projects/Acme-One/target/test-classes/' 
2022-04-20 14:25:14.843 DEBUG [acme.Launcher@main] Found classpath entry '/C:/Users/Anita/Desktop/Javier/Workspace-22.0/Projects/Acme-One/target/classes/' 
2022-04-20 14:25:14.843 DEBUG [acme.Launcher@main] Found classpath entry '/C:/Users/Anita/Desktop/Javier/Workspace-22.0/Frameworks/Acme-Framework-22.3/target/classes/' 
2022-04-20 14:25:14.843 DEBUG [acme.Launcher@main] Found classpath entry '/C:/Users/Anita/Desktop/Javier/Workspace-22.0/Frameworks/Acme-Framework-22.3/target/test-classes/' 
2022-04-20 14:25:14.844 DEBUG [acme.Launcher@main] Found classpath entry '/C:/Users/Anita/.m2/repository/org/springframework/boot/spring-boot-starter-tomcat/2.4.2/spring-boot-starter-tomcat-2.4.2.jar' 
2022-04-20 14:25:14.844 DEBUG [acme.Launcher@main] Found classpath entry '/C:/Users/Anita/.m2/repository/jakarta/annotation/jakarta.annotation-api/1.3.5/jakarta.annotation-api-1.3.5.jar' 
2022-04-20 14:25:14.844 DEBUG [acme.Launcher@main] Found classpath entry '/C:/Users/Anita/.m2/repository/org/apache/tomcat/embed/tomcat-embed-core/9.0.41/tomcat-embed-core-9.0.41.jar' 
2022-04-20 14:25:14.844 DEBUG [acme.Launcher@main] Found classpath entry '/C:/Users/Anita/.m2/repository/org/glassfish/jakarta.el/3.0.3/jakarta.el-3.0.3.jar' 
2022-04-20 14:25:14.844 DEBUG [acme.Launcher@main] Found classpath entry '/C:/Users/Anita/.m2/repository/org/apache/tomcat/embed/tomcat-embed-websocket/9.0.41/tomcat-embed-websocket-9.0.41.jar' 
2022-04-20 14:25:14.845 DEBUG [acme.Launcher@main] Found classpath entry '/C:/Users/Anita/.m2/repository/org/apache/tomcat/embed/tomcat-embed-jasper/9.0.41/tomcat-embed-jasper-9.0.41.jar' 
2022-04-20 14:25:14.845 DEBUG [acme.Launcher@main] Found classpath entry '/C:/Users/Anita/.m2/repository/org/apache/tomcat/embed/tomcat-embed-el/9.0.41/tomcat-embed-el-9.0.41.jar' 
2022-04-20 14:25:14.845 DEBUG [acme.Launcher@main] Found classpath entry '/C:/Users/Anita/.m2/repository/org/eclipse/jdt/ecj/3.18.0/ecj-3.18.0.jar' 
2022-04-20 14:25:14.845 DEBUG [acme.Launcher@main] Found classpath entry '/C:/Users/Anita/.m2/repository/javax/servlet/jstl/1.2/jstl-1.2.jar' 
2022-04-20 14:25:14.845 DEBUG [acme.Launcher@main] Found classpath entry '/C:/Users/Anita/.m2/repository/org/springframework/boot/spring-boot-starter-test/2.4.2/spring-boot-starter-test-2.4.2.jar' 
2022-04-20 14:25:14.846 DEBUG [acme.Launcher@main] Found classpath entry '/C:/Users/Anita/.m2/repository/org/springframework/boot/spring-boot-starter/2.4.2/spring-boot-starter-2.4.2.jar' 
2022-04-20 14:25:14.846 DEBUG [acme.Launcher@main] Found classpath entry '/C:/Users/Anita/.m2/repository/org/springframework/boot/spring-boot/2.4.2/spring-boot-2.4.2.jar' 
2022-04-20 14:25:14.846 DEBUG [acme.Launcher@main] Found classpath entry '/C:/Users/Anita/.m2/repository/org/springframework/boot/spring-boot-autoconfigure/2.4.2/spring-boot-autoconfigure-2.4.2.jar' 
2022-04-20 14:25:14.846 DEBUG [acme.Launcher@main] Found classpath entry '/C:/Users/Anita/.m2/repository/org/springframework/boot/spring-boot-starter-logging/2.4.2/spring-boot-starter-logging-2.4.2.jar' 
2022-04-20 14:25:14.847 DEBUG [acme.Launcher@main] Found classpath entry '/C:/Users/Anita/.m2/repository/ch/qos/logback/logback-classic/1.2.3/logback-classic-1.2.3.jar' 
2022-04-20 14:25:14.847 DEBUG [acme.Launcher@main] Found classpath entry '/C:/Users/Anita/.m2/repository/ch/qos/logback/logback-core/1.2.3/logback-core-1.2.3.jar' 
2022-04-20 14:25:14.847 DEBUG [acme.Launcher@main] Found classpath entry '/C:/Users/Anita/.m2/repository/org/apache/logging/log4j/log4j-to-slf4j/2.13.3/log4j-to-slf4j-2.13.3.jar' 
2022-04-20 14:25:14.847 DEBUG [acme.Launcher@main] Found classpath entry '/C:/Users/Anita/.m2/repository/org/apache/logging/log4j/log4j-api/2.13.3/log4j-api-2.13.3.jar' 
2022-04-20 14:25:14.847 DEBUG [acme.Launcher@main] Found classpath entry '/C:/Users/Anita/.m2/repository/org/slf4j/jul-to-slf4j/1.7.30/jul-to-slf4j-1.7.30.jar' 
2022-04-20 14:25:14.847 DEBUG [acme.Launcher@main] Found classpath entry '/C:/Users/Anita/.m2/repository/org/yaml/snakeyaml/1.27/snakeyaml-1.27.jar' 
2022-04-20 14:25:14.847 DEBUG [acme.Launcher@main] Found classpath entry '/C:/Users/Anita/.m2/repository/org/springframework/boot/spring-boot-test/2.4.2/spring-boot-test-2.4.2.jar' 
2022-04-20 14:25:14.848 DEBUG [acme.Launcher@main] Found classpath entry '/C:/Users/Anita/.m2/repository/org/springframework/boot/spring-boot-test-autoconfigure/2.4.2/spring-boot-test-autoconfigure-2.4.2.jar' 
2022-04-20 14:25:14.848 DEBUG [acme.Launcher@main] Found classpath entry '/C:/Users/Anita/.m2/repository/com/jayway/jsonpath/json-path/2.4.0/json-path-2.4.0.jar' 
2022-04-20 14:25:14.848 DEBUG [acme.Launcher@main] Found classpath entry '/C:/Users/Anita/.m2/repository/net/minidev/json-smart/2.3/json-smart-2.3.jar' 
2022-04-20 14:25:14.848 DEBUG [acme.Launcher@main] Found classpath entry '/C:/Users/Anita/.m2/repository/net/minidev/accessors-smart/1.2/accessors-smart-1.2.jar' 
2022-04-20 14:25:14.848 DEBUG [acme.Launcher@main] Found classpath entry '/C:/Users/Anita/.m2/repository/org/ow2/asm/asm/5.0.4/asm-5.0.4.jar' 
2022-04-20 14:25:14.848 DEBUG [acme.Launcher@main] Found classpath entry '/C:/Users/Anita/.m2/repository/jakarta/xml/bind/jakarta.xml.bind-api/2.3.3/jakarta.xml.bind-api-2.3.3.jar' 
2022-04-20 14:25:14.848 DEBUG [acme.Launcher@main] Found classpath entry '/C:/Users/Anita/.m2/repository/jakarta/activation/jakarta.activation-api/1.2.2/jakarta.activation-api-1.2.2.jar' 
2022-04-20 14:25:14.849 DEBUG [acme.Launcher@main] Found classpath entry '/C:/Users/Anita/.m2/repository/org/assertj/assertj-core/3.18.1/assertj-core-3.18.1.jar' 
2022-04-20 14:25:14.849 DEBUG [acme.Launcher@main] Found classpath entry '/C:/Users/Anita/.m2/repository/org/hamcrest/hamcrest/2.2/hamcrest-2.2.jar' 
2022-04-20 14:25:14.849 DEBUG [acme.Launcher@main] Found classpath entry '/C:/Users/Anita/.m2/repository/org/junit/jupiter/junit-jupiter/5.7.0/junit-jupiter-5.7.0.jar' 
2022-04-20 14:25:14.849 DEBUG [acme.Launcher@main] Found classpath entry '/C:/Users/Anita/.m2/repository/org/mockito/mockito-core/3.6.28/mockito-core-3.6.28.jar' 
2022-04-20 14:25:14.849 DEBUG [acme.Launcher@main] Found classpath entry '/C:/Users/Anita/.m2/repository/net/bytebuddy/byte-buddy-agent/1.10.19/byte-buddy-agent-1.10.19.jar' 
2022-04-20 14:25:14.849 DEBUG [acme.Launcher@main] Found classpath entry '/C:/Users/Anita/.m2/repository/org/objenesis/objenesis/3.1/objenesis-3.1.jar' 
2022-04-20 14:25:14.849 DEBUG [acme.Launcher@main] Found classpath entry '/C:/Users/Anita/.m2/repository/org/mockito/mockito-junit-jupiter/3.6.28/mockito-junit-jupiter-3.6.28.jar' 
2022-04-20 14:25:14.850 DEBUG [acme.Launcher@main] Found classpath entry '/C:/Users/Anita/.m2/repository/org/skyscreamer/jsonassert/1.5.0/jsonassert-1.5.0.jar' 
2022-04-20 14:25:14.850 DEBUG [acme.Launcher@main] Found classpath entry '/C:/Users/Anita/.m2/repository/com/vaadin/external/google/android-json/0.0.20131108.vaadin1/android-json-0.0.20131108.vaadin1.jar' 
2022-04-20 14:25:14.850 DEBUG [acme.Launcher@main] Found classpath entry '/C:/Users/Anita/.m2/repository/org/springframework/spring-core/5.3.3/spring-core-5.3.3.jar' 
2022-04-20 14:25:14.850 DEBUG [acme.Launcher@main] Found classpath entry '/C:/Users/Anita/.m2/repository/org/springframework/spring-jcl/5.3.3/spring-jcl-5.3.3.jar' 
2022-04-20 14:25:14.850 DEBUG [acme.Launcher@main] Found classpath entry '/C:/Users/Anita/.m2/repository/org/springframework/spring-test/5.3.3/spring-test-5.3.3.jar' 
2022-04-20 14:25:14.850 DEBUG [acme.Launcher@main] Found classpath entry '/C:/Users/Anita/.m2/repository/org/xmlunit/xmlunit-core/2.7.0/xmlunit-core-2.7.0.jar' 
2022-04-20 14:25:14.850 DEBUG [acme.Launcher@main] Found classpath entry '/C:/Users/Anita/.m2/repository/org/springframework/boot/spring-boot-starter-security/2.4.2/spring-boot-starter-security-2.4.2.jar' 
2022-04-20 14:25:14.850 DEBUG [acme.Launcher@main] Found classpath entry '/C:/Users/Anita/.m2/repository/org/springframework/spring-aop/5.3.3/spring-aop-5.3.3.jar' 
2022-04-20 14:25:14.851 DEBUG [acme.Launcher@main] Found classpath entry '/C:/Users/Anita/.m2/repository/org/springframework/security/spring-security-web/5.4.2/spring-security-web-5.4.2.jar' 
2022-04-20 14:25:14.851 DEBUG [acme.Launcher@main] Found classpath entry '/C:/Users/Anita/.m2/repository/org/springframework/security/spring-security-core/5.4.2/spring-security-core-5.4.2.jar' 
2022-04-20 14:25:14.851 DEBUG [acme.Launcher@main] Found classpath entry '/C:/Users/Anita/.m2/repository/org/springframework/spring-beans/5.3.3/spring-beans-5.3.3.jar' 
2022-04-20 14:25:14.851 DEBUG [acme.Launcher@main] Found classpath entry '/C:/Users/Anita/.m2/repository/org/springframework/spring-context/5.3.3/spring-context-5.3.3.jar' 
2022-04-20 14:25:14.851 DEBUG [acme.Launcher@main] Found classpath entry '/C:/Users/Anita/.m2/repository/org/springframework/spring-expression/5.3.3/spring-expression-5.3.3.jar' 
2022-04-20 14:25:14.851 DEBUG [acme.Launcher@main] Found classpath entry '/C:/Users/Anita/.m2/repository/org/springframework/spring-web/5.3.3/spring-web-5.3.3.jar' 
2022-04-20 14:25:14.851 DEBUG [acme.Launcher@main] Found classpath entry '/C:/Users/Anita/.m2/repository/org/springframework/security/spring-security-config/5.4.2/spring-security-config-5.4.2.jar' 
2022-04-20 14:25:14.851 DEBUG [acme.Launcher@main] Found classpath entry '/C:/Users/Anita/.m2/repository/org/springframework/security/spring-security-taglibs/5.4.2/spring-security-taglibs-5.4.2.jar' 
2022-04-20 14:25:14.852 DEBUG [acme.Launcher@main] Found classpath entry '/C:/Users/Anita/.m2/repository/org/springframework/security/spring-security-acl/5.4.2/spring-security-acl-5.4.2.jar' 
2022-04-20 14:25:14.852 DEBUG [acme.Launcher@main] Found classpath entry '/C:/Users/Anita/.m2/repository/org/springframework/spring-jdbc/5.3.3/spring-jdbc-5.3.3.jar' 
2022-04-20 14:25:14.852 DEBUG [acme.Launcher@main] Found classpath entry '/C:/Users/Anita/.m2/repository/org/springframework/spring-tx/5.3.3/spring-tx-5.3.3.jar' 
2022-04-20 14:25:14.852 DEBUG [acme.Launcher@main] Found classpath entry '/C:/Users/Anita/.m2/repository/org/springframework/boot/spring-boot-starter-web/2.4.2/spring-boot-starter-web-2.4.2.jar' 
2022-04-20 14:25:14.852 DEBUG [acme.Launcher@main] Found classpath entry '/C:/Users/Anita/.m2/repository/org/springframework/boot/spring-boot-starter-json/2.4.2/spring-boot-starter-json-2.4.2.jar' 
2022-04-20 14:25:14.852 DEBUG [acme.Launcher@main] Found classpath entry '/C:/Users/Anita/.m2/repository/com/fasterxml/jackson/core/jackson-databind/2.11.4/jackson-databind-2.11.4.jar' 
2022-04-20 14:25:14.852 DEBUG [acme.Launcher@main] Found classpath entry '/C:/Users/Anita/.m2/repository/com/fasterxml/jackson/core/jackson-annotations/2.11.4/jackson-annotations-2.11.4.jar' 
2022-04-20 14:25:14.853 DEBUG [acme.Launcher@main] Found classpath entry '/C:/Users/Anita/.m2/repository/com/fasterxml/jackson/core/jackson-core/2.11.4/jackson-core-2.11.4.jar' 
2022-04-20 14:25:14.853 DEBUG [acme.Launcher@main] Found classpath entry '/C:/Users/Anita/.m2/repository/com/fasterxml/jackson/datatype/jackson-datatype-jdk8/2.11.4/jackson-datatype-jdk8-2.11.4.jar' 
2022-04-20 14:25:14.853 DEBUG [acme.Launcher@main] Found classpath entry '/C:/Users/Anita/.m2/repository/com/fasterxml/jackson/datatype/jackson-datatype-jsr310/2.11.4/jackson-datatype-jsr310-2.11.4.jar' 
2022-04-20 14:25:14.853 DEBUG [acme.Launcher@main] Found classpath entry '/C:/Users/Anita/.m2/repository/com/fasterxml/jackson/module/jackson-module-parameter-names/2.11.4/jackson-module-parameter-names-2.11.4.jar' 
2022-04-20 14:25:14.853 DEBUG [acme.Launcher@main] Found classpath entry '/C:/Users/Anita/.m2/repository/org/springframework/spring-webmvc/5.3.3/spring-webmvc-5.3.3.jar' 
2022-04-20 14:25:14.853 DEBUG [acme.Launcher@main] Found classpath entry '/C:/Users/Anita/.m2/repository/org/apache/tiles/tiles-jsp/3.0.8/tiles-jsp-3.0.8.jar' 
2022-04-20 14:25:14.853 DEBUG [acme.Launcher@main] Found classpath entry '/C:/Users/Anita/.m2/repository/org/apache/tiles/tiles-servlet/3.0.8/tiles-servlet-3.0.8.jar' 
2022-04-20 14:25:14.853 DEBUG [acme.Launcher@main] Found classpath entry '/C:/Users/Anita/.m2/repository/org/apache/tiles/tiles-core/3.0.8/tiles-core-3.0.8.jar' 
2022-04-20 14:25:14.854 DEBUG [acme.Launcher@main] Found classpath entry '/C:/Users/Anita/.m2/repository/commons-digester/commons-digester/2.0/commons-digester-2.0.jar' 
2022-04-20 14:25:14.854 DEBUG [acme.Launcher@main] Found classpath entry '/C:/Users/Anita/.m2/repository/org/slf4j/jcl-over-slf4j/1.7.30/jcl-over-slf4j-1.7.30.jar' 
2022-04-20 14:25:14.854 DEBUG [acme.Launcher@main] Found classpath entry '/C:/Users/Anita/.m2/repository/org/apache/tiles/tiles-request-servlet/1.0.7/tiles-request-servlet-1.0.7.jar' 
2022-04-20 14:25:14.854 DEBUG [acme.Launcher@main] Found classpath entry '/C:/Users/Anita/.m2/repository/org/apache/tiles/tiles-template/3.0.8/tiles-template-3.0.8.jar' 
2022-04-20 14:25:14.854 DEBUG [acme.Launcher@main] Found classpath entry '/C:/Users/Anita/.m2/repository/org/apache/tiles/tiles-api/3.0.8/tiles-api-3.0.8.jar' 
2022-04-20 14:25:14.854 DEBUG [acme.Launcher@main] Found classpath entry '/C:/Users/Anita/.m2/repository/org/apache/tiles/tiles-autotag-core-runtime/1.2/tiles-autotag-core-runtime-1.2.jar' 
2022-04-20 14:25:14.854 DEBUG [acme.Launcher@main] Found classpath entry '/C:/Users/Anita/.m2/repository/org/slf4j/slf4j-api/1.7.30/slf4j-api-1.7.30.jar' 
2022-04-20 14:25:14.854 DEBUG [acme.Launcher@main] Found classpath entry '/C:/Users/Anita/.m2/repository/org/apache/tiles/tiles-request-jsp/1.0.7/tiles-request-jsp-1.0.7.jar' 
2022-04-20 14:25:14.855 DEBUG [acme.Launcher@main] Found classpath entry '/C:/Users/Anita/.m2/repository/org/apache/tiles/tiles-request-api/1.0.7/tiles-request-api-1.0.7.jar' 
2022-04-20 14:25:14.855 DEBUG [acme.Launcher@main] Found classpath entry '/C:/Users/Anita/.m2/repository/org/springframework/boot/spring-boot-starter-data-jpa/2.4.2/spring-boot-starter-data-jpa-2.4.2.jar' 
2022-04-20 14:25:14.855 DEBUG [acme.Launcher@main] Found classpath entry '/C:/Users/Anita/.m2/repository/org/springframework/boot/spring-boot-starter-aop/2.4.2/spring-boot-starter-aop-2.4.2.jar' 
2022-04-20 14:25:14.855 DEBUG [acme.Launcher@main] Found classpath entry '/C:/Users/Anita/.m2/repository/org/aspectj/aspectjweaver/1.9.6/aspectjweaver-1.9.6.jar' 
2022-04-20 14:25:14.855 DEBUG [acme.Launcher@main] Found classpath entry '/C:/Users/Anita/.m2/repository/org/springframework/boot/spring-boot-starter-jdbc/2.4.2/spring-boot-starter-jdbc-2.4.2.jar' 
2022-04-20 14:25:14.855 DEBUG [acme.Launcher@main] Found classpath entry '/C:/Users/Anita/.m2/repository/jakarta/transaction/jakarta.transaction-api/1.3.3/jakarta.transaction-api-1.3.3.jar' 
2022-04-20 14:25:14.855 DEBUG [acme.Launcher@main] Found classpath entry '/C:/Users/Anita/.m2/repository/jakarta/persistence/jakarta.persistence-api/2.2.3/jakarta.persistence-api-2.2.3.jar' 
2022-04-20 14:25:14.855 DEBUG [acme.Launcher@main] Found classpath entry '/C:/Users/Anita/.m2/repository/org/hibernate/hibernate-core/5.4.27.Final/hibernate-core-5.4.27.Final.jar' 
2022-04-20 14:25:14.856 DEBUG [acme.Launcher@main] Found classpath entry '/C:/Users/Anita/.m2/repository/org/jboss/logging/jboss-logging/3.4.1.Final/jboss-logging-3.4.1.Final.jar' 
2022-04-20 14:25:14.856 DEBUG [acme.Launcher@main] Found classpath entry '/C:/Users/Anita/.m2/repository/org/javassist/javassist/3.27.0-GA/javassist-3.27.0-GA.jar' 
2022-04-20 14:25:14.856 DEBUG [acme.Launcher@main] Found classpath entry '/C:/Users/Anita/.m2/repository/antlr/antlr/2.7.7/antlr-2.7.7.jar' 
2022-04-20 14:25:14.856 DEBUG [acme.Launcher@main] Found classpath entry '/C:/Users/Anita/.m2/repository/org/jboss/jandex/2.1.3.Final/jandex-2.1.3.Final.jar' 
2022-04-20 14:25:14.856 DEBUG [acme.Launcher@main] Found classpath entry '/C:/Users/Anita/.m2/repository/com/fasterxml/classmate/1.5.1/classmate-1.5.1.jar' 
2022-04-20 14:25:14.856 DEBUG [acme.Launcher@main] Found classpath entry '/C:/Users/Anita/.m2/repository/org/dom4j/dom4j/2.1.3/dom4j-2.1.3.jar' 
2022-04-20 14:25:14.856 DEBUG [acme.Launcher@main] Found classpath entry '/C:/Users/Anita/.m2/repository/org/hibernate/common/hibernate-commons-annotations/5.1.2.Final/hibernate-commons-annotations-5.1.2.Final.jar' 
2022-04-20 14:25:14.856 DEBUG [acme.Launcher@main] Found classpath entry '/C:/Users/Anita/.m2/repository/org/glassfish/jaxb/jaxb-runtime/2.3.3/jaxb-runtime-2.3.3.jar' 
2022-04-20 14:25:14.857 DEBUG [acme.Launcher@main] Found classpath entry '/C:/Users/Anita/.m2/repository/org/glassfish/jaxb/txw2/2.3.3/txw2-2.3.3.jar' 
2022-04-20 14:25:14.857 DEBUG [acme.Launcher@main] Found classpath entry '/C:/Users/Anita/.m2/repository/com/sun/istack/istack-commons-runtime/3.0.11/istack-commons-runtime-3.0.11.jar' 
2022-04-20 14:25:14.857 DEBUG [acme.Launcher@main] Found classpath entry '/C:/Users/Anita/.m2/repository/com/sun/activation/jakarta.activation/1.2.2/jakarta.activation-1.2.2.jar' 
2022-04-20 14:25:14.857 DEBUG [acme.Launcher@main] Found classpath entry '/C:/Users/Anita/.m2/repository/org/springframework/data/spring-data-jpa/2.4.3/spring-data-jpa-2.4.3.jar' 
2022-04-20 14:25:14.857 DEBUG [acme.Launcher@main] Found classpath entry '/C:/Users/Anita/.m2/repository/org/springframework/data/spring-data-commons/2.4.3/spring-data-commons-2.4.3.jar' 
2022-04-20 14:25:14.857 DEBUG [acme.Launcher@main] Found classpath entry '/C:/Users/Anita/.m2/repository/org/springframework/spring-orm/5.3.3/spring-orm-5.3.3.jar' 
2022-04-20 14:25:14.857 DEBUG [acme.Launcher@main] Found classpath entry '/C:/Users/Anita/.m2/repository/org/springframework/spring-aspects/5.3.3/spring-aspects-5.3.3.jar' 
2022-04-20 14:25:14.857 DEBUG [acme.Launcher@main] Found classpath entry '/C:/Users/Anita/.m2/repository/org/springframework/boot/spring-boot-starter-validation/2.4.2/spring-boot-starter-validation-2.4.2.jar' 
2022-04-20 14:25:14.858 DEBUG [acme.Launcher@main] Found classpath entry '/C:/Users/Anita/.m2/repository/org/hibernate/validator/hibernate-validator/6.1.7.Final/hibernate-validator-6.1.7.Final.jar' 
2022-04-20 14:25:14.858 DEBUG [acme.Launcher@main] Found classpath entry '/C:/Users/Anita/.m2/repository/jakarta/validation/jakarta.validation-api/2.0.2/jakarta.validation-api-2.0.2.jar' 
2022-04-20 14:25:14.858 DEBUG [acme.Launcher@main] Found classpath entry '/C:/Users/Anita/.m2/repository/mysql/mysql-connector-java/8.0.22/mysql-connector-java-8.0.22.jar' 
2022-04-20 14:25:14.858 DEBUG [acme.Launcher@main] Found classpath entry '/C:/Users/Anita/.m2/repository/com/zaxxer/HikariCP/3.4.5/HikariCP-3.4.5.jar' 
2022-04-20 14:25:14.858 DEBUG [acme.Launcher@main] Found classpath entry '/C:/Users/Anita/.m2/repository/org/junit/jupiter/junit-jupiter-engine/5.7.0/junit-jupiter-engine-5.7.0.jar' 
2022-04-20 14:25:14.858 DEBUG [acme.Launcher@main] Found classpath entry '/C:/Users/Anita/.m2/repository/org/apiguardian/apiguardian-api/1.1.0/apiguardian-api-1.1.0.jar' 
2022-04-20 14:25:14.858 DEBUG [acme.Launcher@main] Found classpath entry '/C:/Users/Anita/.m2/repository/org/junit/platform/junit-platform-engine/1.7.0/junit-platform-engine-1.7.0.jar' 
2022-04-20 14:25:14.858 DEBUG [acme.Launcher@main] Found classpath entry '/C:/Users/Anita/.m2/repository/org/junit/jupiter/junit-jupiter-api/5.7.0/junit-jupiter-api-5.7.0.jar' 
2022-04-20 14:25:14.858 DEBUG [acme.Launcher@main] Found classpath entry '/C:/Users/Anita/.m2/repository/org/opentest4j/opentest4j/1.2.0/opentest4j-1.2.0.jar' 
2022-04-20 14:25:14.859 DEBUG [acme.Launcher@main] Found classpath entry '/C:/Users/Anita/.m2/repository/org/junit/platform/junit-platform-commons/1.7.0/junit-platform-commons-1.7.0.jar' 
2022-04-20 14:25:14.859 DEBUG [acme.Launcher@main] Found classpath entry '/C:/Users/Anita/.m2/repository/org/junit/jupiter/junit-jupiter-params/5.7.0/junit-jupiter-params-5.7.0.jar' 
2022-04-20 14:25:14.859 DEBUG [acme.Launcher@main] Found classpath entry '/C:/Users/Anita/.m2/repository/org/junit/platform/junit-platform-launcher/1.7.0/junit-platform-launcher-1.7.0.jar' 
2022-04-20 14:25:14.859 DEBUG [acme.Launcher@main] Found classpath entry '/C:/Users/Anita/.m2/repository/org/seleniumhq/selenium/selenium-java/3.141.59/selenium-java-3.141.59.jar' 
2022-04-20 14:25:14.859 DEBUG [acme.Launcher@main] Found classpath entry '/C:/Users/Anita/.m2/repository/org/seleniumhq/selenium/selenium-api/3.141.59/selenium-api-3.141.59.jar' 
2022-04-20 14:25:14.859 DEBUG [acme.Launcher@main] Found classpath entry '/C:/Users/Anita/.m2/repository/org/seleniumhq/selenium/selenium-chrome-driver/3.141.59/selenium-chrome-driver-3.141.59.jar' 
2022-04-20 14:25:14.859 DEBUG [acme.Launcher@main] Found classpath entry '/C:/Users/Anita/.m2/repository/org/seleniumhq/selenium/selenium-edge-driver/3.141.59/selenium-edge-driver-3.141.59.jar' 
2022-04-20 14:25:14.860 DEBUG [acme.Launcher@main] Found classpath entry '/C:/Users/Anita/.m2/repository/org/seleniumhq/selenium/selenium-firefox-driver/3.141.59/selenium-firefox-driver-3.141.59.jar' 
2022-04-20 14:25:14.860 DEBUG [acme.Launcher@main] Found classpath entry '/C:/Users/Anita/.m2/repository/org/seleniumhq/selenium/selenium-ie-driver/3.141.59/selenium-ie-driver-3.141.59.jar' 
2022-04-20 14:25:14.860 DEBUG [acme.Launcher@main] Found classpath entry '/C:/Users/Anita/.m2/repository/org/seleniumhq/selenium/selenium-opera-driver/3.141.59/selenium-opera-driver-3.141.59.jar' 
2022-04-20 14:25:14.860 DEBUG [acme.Launcher@main] Found classpath entry '/C:/Users/Anita/.m2/repository/org/seleniumhq/selenium/selenium-remote-driver/3.141.59/selenium-remote-driver-3.141.59.jar' 
2022-04-20 14:25:14.860 DEBUG [acme.Launcher@main] Found classpath entry '/C:/Users/Anita/.m2/repository/org/seleniumhq/selenium/selenium-safari-driver/3.141.59/selenium-safari-driver-3.141.59.jar' 
2022-04-20 14:25:14.860 DEBUG [acme.Launcher@main] Found classpath entry '/C:/Users/Anita/.m2/repository/org/seleniumhq/selenium/selenium-support/3.141.59/selenium-support-3.141.59.jar' 
2022-04-20 14:25:14.860 DEBUG [acme.Launcher@main] Found classpath entry '/C:/Users/Anita/.m2/repository/net/bytebuddy/byte-buddy/1.10.19/byte-buddy-1.10.19.jar' 
2022-04-20 14:25:14.860 DEBUG [acme.Launcher@main] Found classpath entry '/C:/Users/Anita/.m2/repository/org/apache/commons/commons-exec/1.3/commons-exec-1.3.jar' 
2022-04-20 14:25:14.860 DEBUG [acme.Launcher@main] Found classpath entry '/C:/Users/Anita/.m2/repository/com/google/guava/guava/25.0-jre/guava-25.0-jre.jar' 
2022-04-20 14:25:14.861 DEBUG [acme.Launcher@main] Found classpath entry '/C:/Users/Anita/.m2/repository/com/google/code/findbugs/jsr305/1.3.9/jsr305-1.3.9.jar' 
2022-04-20 14:25:14.861 DEBUG [acme.Launcher@main] Found classpath entry '/C:/Users/Anita/.m2/repository/org/checkerframework/checker-compat-qual/2.0.0/checker-compat-qual-2.0.0.jar' 
2022-04-20 14:25:14.861 DEBUG [acme.Launcher@main] Found classpath entry '/C:/Users/Anita/.m2/repository/com/google/errorprone/error_prone_annotations/2.1.3/error_prone_annotations-2.1.3.jar' 
2022-04-20 14:25:14.861 DEBUG [acme.Launcher@main] Found classpath entry '/C:/Users/Anita/.m2/repository/com/google/j2objc/j2objc-annotations/1.1/j2objc-annotations-1.1.jar' 
2022-04-20 14:25:14.861 DEBUG [acme.Launcher@main] Found classpath entry '/C:/Users/Anita/.m2/repository/org/codehaus/mojo/animal-sniffer-annotations/1.14/animal-sniffer-annotations-1.14.jar' 
2022-04-20 14:25:14.861 DEBUG [acme.Launcher@main] Found classpath entry '/C:/Users/Anita/.m2/repository/com/squareup/okhttp3/okhttp/3.14.9/okhttp-3.14.9.jar' 
2022-04-20 14:25:14.861 DEBUG [acme.Launcher@main] Found classpath entry '/C:/Users/Anita/.m2/repository/com/squareup/okio/okio/1.14.0/okio-1.14.0.jar' 
2022-04-20 14:25:14.861 DEBUG [acme.Launcher@main] Found classpath entry '/C:/Users/Anita/.m2/repository/org/apache/commons/commons-lang3/3.11/commons-lang3-3.11.jar' 
2022-04-20 14:25:14.861 DEBUG [acme.Launcher@main] Found classpath entry '/C:/Users/Anita/.m2/repository/org/apache/commons/commons-text/1.8/commons-text-1.8.jar' 
2022-04-20 14:25:14.862 DEBUG [acme.Launcher@main] Found classpath entry '/C:/Users/Anita/.m2/repository/commons-io/commons-io/2.6/commons-io-2.6.jar' 
2022-04-20 14:25:14.862 DEBUG [acme.Launcher@main] Found classpath entry '/C:/Users/Anita/.m2/repository/commons-cli/commons-cli/1.4/commons-cli-1.4.jar' 
2022-04-20 14:25:14.862 DEBUG [acme.Launcher@main] Found classpath entry '/C:/Users/Anita/.m2/repository/org/projectlombok/lombok/1.18.16/lombok-1.18.16.jar' 
2022-04-20 14:25:14.862 DEBUG [acme.Launcher@main] Found classpath entry '/C:/Users/Anita/.m2/repository/com/opencsv/opencsv/5.4/opencsv-5.4.jar' 
2022-04-20 14:25:14.862 DEBUG [acme.Launcher@main] Found classpath entry '/C:/Users/Anita/.m2/repository/commons-beanutils/commons-beanutils/1.9.4/commons-beanutils-1.9.4.jar' 
2022-04-20 14:25:14.862 DEBUG [acme.Launcher@main] Found classpath entry '/C:/Users/Anita/.m2/repository/commons-logging/commons-logging/1.2/commons-logging-1.2.jar' 
2022-04-20 14:25:14.862 DEBUG [acme.Launcher@main] Found classpath entry '/C:/Users/Anita/.m2/repository/commons-collections/commons-collections/3.2.2/commons-collections-3.2.2.jar' 
2022-04-20 14:25:14.862 DEBUG [acme.Launcher@main] Found classpath entry '/C:/Users/Anita/.m2/repository/org/apache/commons/commons-collections4/4.4/commons-collections4-4.4.jar' 
2022-04-20 14:25:14.957 DEBUG [acme.Launcher@main] Found entity class 'acme.entities.Announcement 
2022-04-20 14:25:14.957 DEBUG [acme.Launcher@main] Found entity class 'acme.entities.Chirp 
2022-04-20 14:25:14.957 DEBUG [acme.Launcher@main] Found entity class 'acme.entities.Item 
2022-04-20 14:25:14.957 DEBUG [acme.Launcher@main] Found entity class 'acme.entities.Patronage 
2022-04-20 14:25:14.958 DEBUG [acme.Launcher@main] Found entity class 'acme.entities.PatronageReport 
2022-04-20 14:25:14.958 DEBUG [acme.Launcher@main] Found entity class 'acme.entities.Quantity 
2022-04-20 14:25:14.958 DEBUG [acme.Launcher@main] Found entity class 'acme.entities.Toolkit 
2022-04-20 14:25:14.958 DEBUG [acme.Launcher@main] Found entity class 'acme.roles.Consumer 
2022-04-20 14:25:14.958 DEBUG [acme.Launcher@main] Found entity class 'acme.roles.Inventor 
2022-04-20 14:25:14.958 DEBUG [acme.Launcher@main] Found entity class 'acme.roles.Patron 
2022-04-20 14:25:14.958 DEBUG [acme.Launcher@main] Found entity class 'acme.roles.Provider 
2022-04-20 14:25:14.958 DEBUG [acme.Launcher@main] Found entity class 'acme.framework.entities.UserAccount 
2022-04-20 14:25:14.959 DEBUG [acme.Launcher@main] Found entity class 'acme.framework.roles.Administrator 
2022-04-20 14:25:14.959 DEBUG [acme.Launcher@main] Found entity class 'acme.framework.roles.Anonymous 
2022-04-20 14:25:14.959 DEBUG [acme.Launcher@main] Found entity class 'acme.framework.roles.Any 
2022-04-20 14:25:14.959 DEBUG [acme.Launcher@main] Found entity class 'acme.framework.roles.Authenticated 
2022-04-20 14:25:14.963 INFO  [acme.Launcher@main] Running application (Standalone) 
2022-04-20 14:26:08.175 DEBUG [acme.framework.components.tiles.DynamicTilesView@http-nio-8080-exec-1] View name 'fragments/welcome', model {} 
2022-04-20 14:26:08.193 DEBUG [org.apache.tiles.definition.dao.BaseLocaleUrlDefinitionDAO@http-nio-8080-exec-1] File Resource file:/C:/Users/Anita/Desktop/Javier/Workspace-22.0/Projects/Acme-One/target/classes/WEB-INF/views/master/tiles_en.xml at file:/C:/Users/Anita/Desktop/Javier/Workspace-22.0/Projects/Acme-One/target/classes/WEB-INF/views/master/tiles_en.xml not found, continue 
2022-04-20 14:26:08.201 DEBUG [org.apache.jasper.servlet.JspServlet@http-nio-8080-exec-1] JspEngine --> /WEB-INF/views/master/page.jsp 
2022-04-20 14:26:08.202 DEBUG [org.apache.jasper.servlet.JspServlet@http-nio-8080-exec-1] ServletPath: /WEB-INF/views/master/page.jsp 
2022-04-20 14:26:08.202 DEBUG [org.apache.jasper.servlet.JspServlet@http-nio-8080-exec-1] PathInfo: null 
2022-04-20 14:26:08.204 DEBUG [org.apache.jasper.servlet.JspServlet@http-nio-8080-exec-1] RealPath: C:\Users\Anita\Desktop\Javier\Workspace-22.0\Projects\Acme-One\target\classes\WEB-INF\views\master\page.jsp 
2022-04-20 14:26:08.205 DEBUG [org.apache.jasper.servlet.JspServlet@http-nio-8080-exec-1] RequestURI: /acme-one-2.0/WEB-INF/views/master/page.jsp 
2022-04-20 14:26:08.206 DEBUG [org.apache.jasper.servlet.JspServlet@http-nio-8080-exec-1] QueryString: null 
2022-04-20 14:26:11.945 DEBUG [acme.framework.configuration.ExtendedMessageSource@http-nio-8080-exec-1] Loading properties [C:\Users\Anita\Desktop\Javier\Workspace-22.0\Projects\Acme-One\target\classes\WEB-INF\views\administrator\user-account\messages-en.i18n] with encoding 'utf-8' 
2022-04-20 14:26:11.947 DEBUG [acme.framework.configuration.ExtendedMessageSource@http-nio-8080-exec-1] Loading properties [C:\Users\Anita\Desktop\Javier\Workspace-22.0\Projects\Acme-One\target\classes\WEB-INF\views\authenticated\consumer\messsages-en.i18n] with encoding 'utf-8' 
2022-04-20 14:26:11.948 DEBUG [acme.framework.configuration.ExtendedMessageSource@http-nio-8080-exec-1] Loading properties [C:\Users\Anita\Desktop\Javier\Workspace-22.0\Projects\Acme-One\target\classes\WEB-INF\views\authenticated\provider\messsages-en.i18n] with encoding 'utf-8' 
2022-04-20 14:26:11.949 DEBUG [acme.framework.configuration.ExtendedMessageSource@http-nio-8080-exec-1] Loading properties [C:\Users\Anita\Desktop\Javier\Workspace-22.0\Projects\Acme-One\target\classes\WEB-INF\views\fragments\banner-en.i18n] with encoding 'utf-8' 
2022-04-20 14:26:11.951 DEBUG [acme.framework.configuration.ExtendedMessageSource@http-nio-8080-exec-1] Loading properties [C:\Users\Anita\Desktop\Javier\Workspace-22.0\Projects\Acme-One\target\classes\WEB-INF\views\fragments\company-en.i18n] with encoding 'utf-8' 
2022-04-20 14:26:11.952 DEBUG [acme.framework.configuration.ExtendedMessageSource@http-nio-8080-exec-1] Loading properties [C:\Users\Anita\Desktop\Javier\Workspace-22.0\Projects\Acme-One\target\classes\WEB-INF\views\fragments\footer-en.i18n] with encoding 'utf-8' 
2022-04-20 14:26:11.953 DEBUG [acme.framework.configuration.ExtendedMessageSource@http-nio-8080-exec-1] Loading properties [C:\Users\Anita\Desktop\Javier\Workspace-22.0\Projects\Acme-One\target\classes\WEB-INF\views\fragments\license-en.i18n] with encoding 'utf-8' 
2022-04-20 14:26:11.953 DEBUG [acme.framework.configuration.ExtendedMessageSource@http-nio-8080-exec-1] Loading properties [C:\Users\Anita\Desktop\Javier\Workspace-22.0\Projects\Acme-One\target\classes\WEB-INF\views\fragments\menu-en.i18n] with encoding 'utf-8' 
2022-04-20 14:26:11.955 DEBUG [acme.framework.configuration.ExtendedMessageSource@http-nio-8080-exec-1] Loading properties [C:\Users\Anita\Desktop\Javier\Workspace-22.0\Projects\Acme-One\target\classes\WEB-INF\views\fragments\messsages-en.i18n] with encoding 'utf-8' 
2022-04-20 14:26:11.956 DEBUG [acme.framework.configuration.ExtendedMessageSource@http-nio-8080-exec-1] Loading properties [C:\Users\Anita\Desktop\Javier\Workspace-22.0\Projects\Acme-One\target\classes\WEB-INF\views\fragments\title-en.i18n] with encoding 'utf-8' 
2022-04-20 14:26:11.957 DEBUG [acme.framework.configuration.ExtendedMessageSource@http-nio-8080-exec-1] Loading properties [C:\Users\Anita\Desktop\Javier\Workspace-22.0\Projects\Acme-One\target\classes\WEB-INF\views\fragments\welcome-en.i18n] with encoding 'utf-8' 
2022-04-20 14:26:11.958 DEBUG [acme.framework.configuration.ExtendedMessageSource@http-nio-8080-exec-1] Loading properties [C:\Users\Anita\Desktop\Javier\Workspace-22.0\Projects\Acme-One\target\classes\WEB-INF\views\inventor\item\messsages-en.i18n] with encoding 'utf-8' 
2022-04-20 14:26:11.958 DEBUG [acme.framework.configuration.ExtendedMessageSource@http-nio-8080-exec-1] Loading properties [C:\Users\Anita\Desktop\Javier\Workspace-22.0\Projects\Acme-One\target\classes\WEB-INF\views\inventor\patronage\messsages-en.i18n] with encoding 'utf-8' 
2022-04-20 14:26:11.960 DEBUG [acme.framework.configuration.ExtendedMessageSource@http-nio-8080-exec-1] Loading properties [C:\Users\Anita\Desktop\Javier\Workspace-22.0\Projects\Acme-One\target\classes\WEB-INF\views\inventor\toolkit\messsages-en.i18n] with encoding 'utf-8' 
2022-04-20 14:26:11.961 DEBUG [acme.framework.configuration.ExtendedMessageSource@http-nio-8080-exec-1] Loading properties [C:\Users\Anita\Desktop\Javier\Workspace-22.0\Projects\Acme-One\target\classes\WEB-INF\views\master\defaults-en.i18n] with encoding 'utf-8' 
2022-04-20 14:26:11.962 DEBUG [acme.framework.configuration.ExtendedMessageSource@http-nio-8080-exec-1] Loading properties [C:\Users\Anita\Desktop\Javier\Workspace-22.0\Projects\Acme-One\target\classes\WEB-INF\views\master\master-en.i18n] with encoding 'utf-8' 
2022-04-20 14:26:11.963 DEBUG [acme.framework.configuration.ExtendedMessageSource@http-nio-8080-exec-1] Loading properties [C:\Users\Anita\Desktop\Javier\Workspace-22.0\Projects\Acme-One\target\classes\WEB-INF\views\master\throwables-en.i18n] with encoding 'utf-8' 
2022-04-20 14:26:11.964 DEBUG [acme.framework.configuration.ExtendedMessageSource@http-nio-8080-exec-1] Loading properties [C:\Users\Anita\Desktop\Javier\Workspace-22.0\Projects\Acme-One\target\classes\WEB-INF\views\master\validation-en.i18n] with encoding 'utf-8' 
2022-04-20 14:26:11.965 DEBUG [acme.framework.configuration.ExtendedMessageSource@http-nio-8080-exec-1] Loading properties [C:\Users\Anita\Desktop\Javier\Workspace-22.0\Projects\Acme-One\target\classes\WEB-INF\views\patron\inventor\messsages-en.i18n] with encoding 'utf-8' 
2022-04-20 14:26:11.967 DEBUG [acme.framework.configuration.ExtendedMessageSource@http-nio-8080-exec-1] Loading properties [C:\Users\Anita\Desktop\Javier\Workspace-22.0\Projects\Acme-One\target\classes\WEB-INF\views\patron\patronage\messsages-en.i18n] with encoding 'utf-8' 
2022-04-20 14:26:12.114 DEBUG [org.apache.jasper.servlet.JspServlet@http-nio-8080-exec-1] JspEngine --> /WEB-INF/views/fragments/welcome.jsp 
2022-04-20 14:26:12.115 DEBUG [org.apache.jasper.servlet.JspServlet@http-nio-8080-exec-1] ServletPath: /WEB-INF/views/master/page.jsp 
2022-04-20 14:26:12.116 DEBUG [org.apache.jasper.servlet.JspServlet@http-nio-8080-exec-1] PathInfo: null 
2022-04-20 14:26:12.118 DEBUG [org.apache.jasper.servlet.JspServlet@http-nio-8080-exec-1] RealPath: C:\Users\Anita\Desktop\Javier\Workspace-22.0\Projects\Acme-One\target\classes\WEB-INF\views\fragments\welcome.jsp 
2022-04-20 14:26:12.119 DEBUG [org.apache.jasper.servlet.JspServlet@http-nio-8080-exec-1] RequestURI: /acme-one-2.0/WEB-INF/views/master/page.jsp 
2022-04-20 14:26:12.120 DEBUG [org.apache.jasper.servlet.JspServlet@http-nio-8080-exec-1] QueryString: null 
2022-04-20 14:26:12.459 DEBUG [org.hibernate.SQL@http-nio-8080-exec-1] select useraccoun0_.id as id1_0_, useraccoun0_.version as version2_0_, useraccoun0_.enabled as enabled1_16_, useraccoun0_.identity as identity2_16_, useraccoun0_.password as password3_16_, useraccoun0_.username as username4_16_ from user_account useraccoun0_ where useraccoun0_.username=? 
2022-04-20 14:26:12.480 TRACE [org.hibernate.type.descriptor.sql.BasicBinder@http-nio-8080-exec-1] binding parameter [1] as [VARCHAR] - [anonymous] 
2022-04-20 14:26:12.527 DEBUG [org.hibernate.SQL@http-nio-8080-exec-1] select roles0_.user_account_id as user_acc1_17_0_, roles0_.id as id1_17_0_, roles0_.id as id1_0_1_, roles0_.version as version2_0_1_, roles0_.user_account_id as user_acc1_17_1_, roles0_.company as company1_7_1_, roles0_.sector as sector2_7_1_, roles0_.company as company1_8_1_, roles0_.link as link2_8_1_, roles0_.statement as statemen3_8_1_, roles0_.company as company1_10_1_, roles0_.link as link2_10_1_, roles0_.statement as statemen3_10_1_, roles0_.company as company1_13_1_, roles0_.sector as sector2_13_1_, roles0_.clazz_ as clazz_1_ from ( select id, version, user_account_id, company, sector, null as link, null as statement, 9 as clazz_ from consumer union all select id, version, user_account_id, company, null as sector, link, statement, 10 as clazz_ from inventor union all select id, version, user_account_id, company, null as sector, link, statement, 11 as clazz_ from patron union all select id, version, user_account_id, company, sector, null as link, null as statement, 12 as clazz_ from provider union all select id, version, user_account_id, null as company, null as sector, null as link, null as statement, 14 as clazz_ from administrator union all select id, version, user_account_id, null as company, null as sector, null as link, null as statement, 15 as clazz_ from anonymous union all select id, version, user_account_id, null as company, null as sector, null as link, null as statement, 16 as clazz_ from any union all select id, version, user_account_id, null as company, null as sector, null as link, null as statement, 17 as clazz_ from authenticated ) roles0_ where roles0_.user_account_id=? 
2022-04-20 14:26:12.528 TRACE [org.hibernate.type.descriptor.sql.BasicBinder@http-nio-8080-exec-1] binding parameter [1] as [INTEGER] - [1] 
2022-04-20 14:26:15.608 DEBUG [acme.framework.components.tiles.DynamicTilesView@http-nio-8080-exec-3] View name 'master/sign-in', model {username=, password=, remember=false} 
2022-04-20 14:26:15.610 DEBUG [org.apache.jasper.servlet.JspServlet@http-nio-8080-exec-3] JspEngine --> /WEB-INF/views/master/page.jsp 
2022-04-20 14:26:15.610 DEBUG [org.apache.jasper.servlet.JspServlet@http-nio-8080-exec-3] ServletPath: /WEB-INF/views/master/page.jsp 
2022-04-20 14:26:15.611 DEBUG [org.apache.jasper.servlet.JspServlet@http-nio-8080-exec-3] PathInfo: null 
2022-04-20 14:26:15.614 DEBUG [org.apache.jasper.servlet.JspServlet@http-nio-8080-exec-3] RealPath: C:\Users\Anita\Desktop\Javier\Workspace-22.0\Projects\Acme-One\target\classes\WEB-INF\views\master\page.jsp 
2022-04-20 14:26:15.615 DEBUG [org.apache.jasper.servlet.JspServlet@http-nio-8080-exec-3] RequestURI: /acme-one-2.0/WEB-INF/views/master/page.jsp 
2022-04-20 14:26:15.616 DEBUG [org.apache.jasper.servlet.JspServlet@http-nio-8080-exec-3] QueryString: null 
2022-04-20 14:26:15.739 DEBUG [org.apache.jasper.servlet.JspServlet@http-nio-8080-exec-3] JspEngine --> /WEB-INF/views/master/sign-in.jsp 
2022-04-20 14:26:15.739 DEBUG [org.apache.jasper.servlet.JspServlet@http-nio-8080-exec-3] ServletPath: /WEB-INF/views/master/page.jsp 
2022-04-20 14:26:15.740 DEBUG [org.apache.jasper.servlet.JspServlet@http-nio-8080-exec-3] PathInfo: null 
2022-04-20 14:26:15.740 DEBUG [org.apache.jasper.servlet.JspServlet@http-nio-8080-exec-3] RealPath: C:\Users\Anita\Desktop\Javier\Workspace-22.0\Projects\Acme-One\target\classes\WEB-INF\views\master\sign-in.jsp 
2022-04-20 14:26:15.741 DEBUG [org.apache.jasper.servlet.JspServlet@http-nio-8080-exec-3] RequestURI: /acme-one-2.0/WEB-INF/views/master/page.jsp 
2022-04-20 14:26:15.741 DEBUG [org.apache.jasper.servlet.JspServlet@http-nio-8080-exec-3] QueryString: null 
2022-04-20 14:26:17.419 DEBUG [org.hibernate.SQL@http-nio-8080-exec-3] select useraccoun0_.id as id1_0_, useraccoun0_.version as version2_0_, useraccoun0_.enabled as enabled1_16_, useraccoun0_.identity as identity2_16_, useraccoun0_.password as password3_16_, useraccoun0_.username as username4_16_ from user_account useraccoun0_ where useraccoun0_.username=? 
2022-04-20 14:26:17.420 TRACE [org.hibernate.type.descriptor.sql.BasicBinder@http-nio-8080-exec-3] binding parameter [1] as [VARCHAR] - [anonymous] 
2022-04-20 14:26:17.422 DEBUG [org.hibernate.SQL@http-nio-8080-exec-3] select roles0_.user_account_id as user_acc1_17_0_, roles0_.id as id1_17_0_, roles0_.id as id1_0_1_, roles0_.version as version2_0_1_, roles0_.user_account_id as user_acc1_17_1_, roles0_.company as company1_7_1_, roles0_.sector as sector2_7_1_, roles0_.company as company1_8_1_, roles0_.link as link2_8_1_, roles0_.statement as statemen3_8_1_, roles0_.company as company1_10_1_, roles0_.link as link2_10_1_, roles0_.statement as statemen3_10_1_, roles0_.company as company1_13_1_, roles0_.sector as sector2_13_1_, roles0_.clazz_ as clazz_1_ from ( select id, version, user_account_id, company, sector, null as link, null as statement, 9 as clazz_ from consumer union all select id, version, user_account_id, company, null as sector, link, statement, 10 as clazz_ from inventor union all select id, version, user_account_id, company, null as sector, link, statement, 11 as clazz_ from patron union all select id, version, user_account_id, company, sector, null as link, null as statement, 12 as clazz_ from provider union all select id, version, user_account_id, null as company, null as sector, null as link, null as statement, 14 as clazz_ from administrator union all select id, version, user_account_id, null as company, null as sector, null as link, null as statement, 15 as clazz_ from anonymous union all select id, version, user_account_id, null as company, null as sector, null as link, null as statement, 16 as clazz_ from any union all select id, version, user_account_id, null as company, null as sector, null as link, null as statement, 17 as clazz_ from authenticated ) roles0_ where roles0_.user_account_id=? 
2022-04-20 14:26:17.422 TRACE [org.hibernate.type.descriptor.sql.BasicBinder@http-nio-8080-exec-3] binding parameter [1] as [INTEGER] - [1] 
2022-04-20 14:26:22.275 DEBUG [org.hibernate.SQL@http-nio-8080-exec-1] select useraccoun0_.id as id1_0_, useraccoun0_.version as version2_0_, useraccoun0_.enabled as enabled1_16_, useraccoun0_.identity as identity2_16_, useraccoun0_.password as password3_16_, useraccoun0_.username as username4_16_ from user_account useraccoun0_ where useraccoun0_.username=? 
2022-04-20 14:26:22.277 TRACE [org.hibernate.type.descriptor.sql.BasicBinder@http-nio-8080-exec-1] binding parameter [1] as [VARCHAR] - [inventor1] 
2022-04-20 14:26:22.281 DEBUG [org.hibernate.SQL@http-nio-8080-exec-1] select roles0_.user_account_id as user_acc1_17_0_, roles0_.id as id1_17_0_, roles0_.id as id1_0_1_, roles0_.version as version2_0_1_, roles0_.user_account_id as user_acc1_17_1_, roles0_.company as company1_7_1_, roles0_.sector as sector2_7_1_, roles0_.company as company1_8_1_, roles0_.link as link2_8_1_, roles0_.statement as statemen3_8_1_, roles0_.company as company1_10_1_, roles0_.link as link2_10_1_, roles0_.statement as statemen3_10_1_, roles0_.company as company1_13_1_, roles0_.sector as sector2_13_1_, roles0_.clazz_ as clazz_1_ from ( select id, version, user_account_id, company, sector, null as link, null as statement, 9 as clazz_ from consumer union all select id, version, user_account_id, company, null as sector, link, statement, 10 as clazz_ from inventor union all select id, version, user_account_id, company, null as sector, link, statement, 11 as clazz_ from patron union all select id, version, user_account_id, company, sector, null as link, null as statement, 12 as clazz_ from provider union all select id, version, user_account_id, null as company, null as sector, null as link, null as statement, 14 as clazz_ from administrator union all select id, version, user_account_id, null as company, null as sector, null as link, null as statement, 15 as clazz_ from anonymous union all select id, version, user_account_id, null as company, null as sector, null as link, null as statement, 16 as clazz_ from any union all select id, version, user_account_id, null as company, null as sector, null as link, null as statement, 17 as clazz_ from authenticated ) roles0_ where roles0_.user_account_id=? 
2022-04-20 14:26:22.283 TRACE [org.hibernate.type.descriptor.sql.BasicBinder@http-nio-8080-exec-1] binding parameter [1] as [INTEGER] - [9] 
2022-04-20 14:26:22.338 DEBUG [acme.framework.components.tiles.DynamicTilesView@http-nio-8080-exec-4] View name 'fragments/welcome', model {} 
2022-04-20 14:26:22.341 DEBUG [org.apache.jasper.servlet.JspServlet@http-nio-8080-exec-4] JspEngine --> /WEB-INF/views/master/page.jsp 
2022-04-20 14:26:22.341 DEBUG [org.apache.jasper.servlet.JspServlet@http-nio-8080-exec-4] ServletPath: /WEB-INF/views/master/page.jsp 
2022-04-20 14:26:22.342 DEBUG [org.apache.jasper.servlet.JspServlet@http-nio-8080-exec-4] PathInfo: null 
2022-04-20 14:26:22.345 DEBUG [org.apache.jasper.servlet.JspServlet@http-nio-8080-exec-4] RealPath: C:\Users\Anita\Desktop\Javier\Workspace-22.0\Projects\Acme-One\target\classes\WEB-INF\views\master\page.jsp 
2022-04-20 14:26:22.346 DEBUG [org.apache.jasper.servlet.JspServlet@http-nio-8080-exec-4] RequestURI: /acme-one-2.0/WEB-INF/views/master/page.jsp 
2022-04-20 14:26:22.347 DEBUG [org.apache.jasper.servlet.JspServlet@http-nio-8080-exec-4] QueryString: null 
2022-04-20 14:26:22.425 DEBUG [org.apache.jasper.servlet.JspServlet@http-nio-8080-exec-4] JspEngine --> /WEB-INF/views/fragments/welcome.jsp 
2022-04-20 14:26:22.425 DEBUG [org.apache.jasper.servlet.JspServlet@http-nio-8080-exec-4] ServletPath: /WEB-INF/views/master/page.jsp 
2022-04-20 14:26:22.425 DEBUG [org.apache.jasper.servlet.JspServlet@http-nio-8080-exec-4] PathInfo: null 
2022-04-20 14:26:22.426 DEBUG [org.apache.jasper.servlet.JspServlet@http-nio-8080-exec-4] RealPath: C:\Users\Anita\Desktop\Javier\Workspace-22.0\Projects\Acme-One\target\classes\WEB-INF\views\fragments\welcome.jsp 
2022-04-20 14:26:22.426 DEBUG [org.apache.jasper.servlet.JspServlet@http-nio-8080-exec-4] RequestURI: /acme-one-2.0/WEB-INF/views/master/page.jsp 
2022-04-20 14:26:22.427 DEBUG [org.apache.jasper.servlet.JspServlet@http-nio-8080-exec-4] QueryString: null 
2022-04-20 14:26:25.678 DEBUG [acme.framework.controllers.AbstractController@http-nio-8080-exec-3] DISPATCHING GET /acme-one-2.0/inventor/patronage/list 
2022-04-20 14:26:25.678 DEBUG [acme.framework.controllers.AbstractController@http-nio-8080-exec-3] Command: list 
2022-04-20 14:26:25.678 DEBUG [acme.framework.controllers.AbstractController@http-nio-8080-exec-3] Model:   {} 
2022-04-20 14:26:25.678 DEBUG [acme.framework.controllers.AbstractController@http-nio-8080-exec-3] Locale:  en 
2022-04-20 14:26:25.713 DEBUG [org.hibernate.SQL@http-nio-8080-exec-3] select patronage0_.id as id1_0_, patronage0_.version as version2_0_, patronage0_.budget_amount as budget_a1_11_, patronage0_.budget_currency as budget_c2_11_, patronage0_.code as code3_11_, patronage0_.finishing_date as finishin4_11_, patronage0_.inventor_id as inventor9_11_, patronage0_.legal_stuff as legal_st5_11_, patronage0_.link as link6_11_, patronage0_.patron_id as patron_10_11_, patronage0_.starting_date as starting7_11_, patronage0_.status as status8_11_ from patronage patronage0_ where patronage0_.inventor_id=? 
2022-04-20 14:26:25.714 TRACE [org.hibernate.type.descriptor.sql.BasicBinder@http-nio-8080-exec-3] binding parameter [1] as [INTEGER] - [14] 
2022-04-20 14:26:25.720 DEBUG [org.hibernate.SQL@http-nio-8080-exec-3] select inventor0_.id as id1_0_0_, inventor0_.version as version2_0_0_, inventor0_.user_account_id as user_acc1_17_0_, inventor0_.company as company1_8_0_, inventor0_.link as link2_8_0_, inventor0_.statement as statemen3_8_0_, useraccoun1_.id as id1_0_1_, useraccoun1_.version as version2_0_1_, useraccoun1_.enabled as enabled1_16_1_, useraccoun1_.identity as identity2_16_1_, useraccoun1_.password as password3_16_1_, useraccoun1_.username as username4_16_1_ from inventor inventor0_ inner join user_account useraccoun1_ on inventor0_.user_account_id=useraccoun1_.id where inventor0_.id=? 
2022-04-20 14:26:25.721 TRACE [org.hibernate.type.descriptor.sql.BasicBinder@http-nio-8080-exec-3] binding parameter [1] as [INTEGER] - [14] 
2022-04-20 14:26:25.724 DEBUG [org.hibernate.SQL@http-nio-8080-exec-3] select patron0_.id as id1_0_0_, patron0_.version as version2_0_0_, patron0_.user_account_id as user_acc1_17_0_, patron0_.company as company1_10_0_, patron0_.link as link2_10_0_, patron0_.statement as statemen3_10_0_, useraccoun1_.id as id1_0_1_, useraccoun1_.version as version2_0_1_, useraccoun1_.enabled as enabled1_16_1_, useraccoun1_.identity as identity2_16_1_, useraccoun1_.password as password3_16_1_, useraccoun1_.username as username4_16_1_ from patron patron0_ inner join user_account useraccoun1_ on patron0_.user_account_id=useraccoun1_.id where patron0_.id=? 
2022-04-20 14:26:25.724 TRACE [org.hibernate.type.descriptor.sql.BasicBinder@http-nio-8080-exec-3] binding parameter [1] as [INTEGER] - [15] 
2022-04-20 14:26:25.727 DEBUG [org.hibernate.SQL@http-nio-8080-exec-3] select patron0_.id as id1_0_0_, patron0_.version as version2_0_0_, patron0_.user_account_id as user_acc1_17_0_, patron0_.company as company1_10_0_, patron0_.link as link2_10_0_, patron0_.statement as statemen3_10_0_, useraccoun1_.id as id1_0_1_, useraccoun1_.version as version2_0_1_, useraccoun1_.enabled as enabled1_16_1_, useraccoun1_.identity as identity2_16_1_, useraccoun1_.password as password3_16_1_, useraccoun1_.username as username4_16_1_ from patron patron0_ inner join user_account useraccoun1_ on patron0_.user_account_id=useraccoun1_.id where patron0_.id=? 
2022-04-20 14:26:25.727 TRACE [org.hibernate.type.descriptor.sql.BasicBinder@http-nio-8080-exec-3] binding parameter [1] as [INTEGER] - [16] 
2022-04-20 14:26:25.761 DEBUG [acme.framework.controllers.AbstractController@http-nio-8080-exec-3] SERVING GET /acme-one-2.0/inventor/patronage/list 
2022-04-20 14:26:25.762 DEBUG [acme.framework.controllers.AbstractController@http-nio-8080-exec-3] Result: ModelAndView [view="inventor/patronage/list"; model={link[1]=https://www.plum.com, link[0]=https://www.starjam.com, version[1]=0, startingDate[0]=2022-03-14 13:00:00.0, startingDate[1]=2021-06-06 17:45:00.0, status[0]=ACCEPTED, list$size=2, status[1]=DENIED, budget[0]=<<EUR 450.00>>, legalStuff[1]=Totally illegal, legalStuff[0]=Absolutely legal, budget[1]=<<EUR 150.00>>, code[0]=KIL-788-A, version[0]=0, code[1]=HJJ-711-P, id[1]=19, id[0]=18, command=list, principal=acme.framework.entities.Principal@4b36ae4e}] 
2022-04-20 14:26:25.769 DEBUG [acme.framework.components.tiles.DynamicTilesView@http-nio-8080-exec-3] View name 'inventor/patronage/list', model {link[1]=https://www.plum.com, link[0]=https://www.starjam.com, version[1]=0, startingDate[0]=2022-03-14 13:00:00.0, startingDate[1]=2021-06-06 17:45:00.0, status[0]=ACCEPTED, list$size=2, status[1]=DENIED, budget[0]=<<EUR 450.00>>, legalStuff[1]=Totally illegal, legalStuff[0]=Absolutely legal, budget[1]=<<EUR 150.00>>, code[0]=KIL-788-A, version[0]=0, code[1]=HJJ-711-P, id[1]=19, id[0]=18, command=list, principal=acme.framework.entities.Principal@4b36ae4e, org.springframework.validation.BindingResult.budget[0]=org.springframework.validation.BeanPropertyBindingResult: 0 errors, org.springframework.validation.BindingResult.budget[1]=org.springframework.validation.BeanPropertyBindingResult: 0 errors, org.springframework.validation.BindingResult.principal=org.springframework.validation.BeanPropertyBindingResult: 0 errors} 
2022-04-20 14:26:25.770 DEBUG [org.apache.jasper.servlet.JspServlet@http-nio-8080-exec-3] JspEngine --> /WEB-INF/views/master/page.jsp 
2022-04-20 14:26:25.771 DEBUG [org.apache.jasper.servlet.JspServlet@http-nio-8080-exec-3] ServletPath: /WEB-INF/views/master/page.jsp 
2022-04-20 14:26:25.771 DEBUG [org.apache.jasper.servlet.JspServlet@http-nio-8080-exec-3] PathInfo: null 
2022-04-20 14:26:25.771 DEBUG [org.apache.jasper.servlet.JspServlet@http-nio-8080-exec-3] RealPath: C:\Users\Anita\Desktop\Javier\Workspace-22.0\Projects\Acme-One\target\classes\WEB-INF\views\master\page.jsp 
2022-04-20 14:26:25.772 DEBUG [org.apache.jasper.servlet.JspServlet@http-nio-8080-exec-3] RequestURI: /acme-one-2.0/WEB-INF/views/master/page.jsp 
2022-04-20 14:26:25.772 DEBUG [org.apache.jasper.servlet.JspServlet@http-nio-8080-exec-3] QueryString: null 
2022-04-20 14:26:25.825 DEBUG [org.apache.jasper.servlet.JspServlet@http-nio-8080-exec-3] JspEngine --> /WEB-INF/views/inventor/patronage/list.jsp 
2022-04-20 14:26:25.825 DEBUG [org.apache.jasper.servlet.JspServlet@http-nio-8080-exec-3] ServletPath: /WEB-INF/views/master/page.jsp 
2022-04-20 14:26:25.825 DEBUG [org.apache.jasper.servlet.JspServlet@http-nio-8080-exec-3] PathInfo: null 
2022-04-20 14:26:25.826 DEBUG [org.apache.jasper.servlet.JspServlet@http-nio-8080-exec-3] RealPath: C:\Users\Anita\Desktop\Javier\Workspace-22.0\Projects\Acme-One\target\classes\WEB-INF\views\inventor\patronage\list.jsp 
2022-04-20 14:26:25.827 DEBUG [org.apache.jasper.servlet.JspServlet@http-nio-8080-exec-3] RequestURI: /acme-one-2.0/WEB-INF/views/master/page.jsp 
2022-04-20 14:26:25.827 DEBUG [org.apache.jasper.servlet.JspServlet@http-nio-8080-exec-3] QueryString: null 
2022-04-20 14:26:29.446 DEBUG [acme.framework.controllers.AbstractController@http-nio-8080-exec-3] DISPATCHING GET /acme-one-2.0/inventor/patronage/show 
2022-04-20 14:26:29.447 DEBUG [acme.framework.controllers.AbstractController@http-nio-8080-exec-3] Command: show 
2022-04-20 14:26:29.447 DEBUG [acme.framework.controllers.AbstractController@http-nio-8080-exec-3] Model:   {id=18} 
2022-04-20 14:26:29.447 DEBUG [acme.framework.controllers.AbstractController@http-nio-8080-exec-3] Locale:  en 
2022-04-20 14:26:29.459 DEBUG [org.hibernate.SQL@http-nio-8080-exec-3] select patronage0_.id as id1_0_, patronage0_.version as version2_0_, patronage0_.budget_amount as budget_a1_11_, patronage0_.budget_currency as budget_c2_11_, patronage0_.code as code3_11_, patronage0_.finishing_date as finishin4_11_, patronage0_.inventor_id as inventor9_11_, patronage0_.legal_stuff as legal_st5_11_, patronage0_.link as link6_11_, patronage0_.patron_id as patron_10_11_, patronage0_.starting_date as starting7_11_, patronage0_.status as status8_11_ from patronage patronage0_ where patronage0_.id=? 
2022-04-20 14:26:29.459 TRACE [org.hibernate.type.descriptor.sql.BasicBinder@http-nio-8080-exec-3] binding parameter [1] as [INTEGER] - [18] 
2022-04-20 14:26:29.461 DEBUG [org.hibernate.SQL@http-nio-8080-exec-3] select inventor0_.id as id1_0_0_, inventor0_.version as version2_0_0_, inventor0_.user_account_id as user_acc1_17_0_, inventor0_.company as company1_8_0_, inventor0_.link as link2_8_0_, inventor0_.statement as statemen3_8_0_, useraccoun1_.id as id1_0_1_, useraccoun1_.version as version2_0_1_, useraccoun1_.enabled as enabled1_16_1_, useraccoun1_.identity as identity2_16_1_, useraccoun1_.password as password3_16_1_, useraccoun1_.username as username4_16_1_ from inventor inventor0_ inner join user_account useraccoun1_ on inventor0_.user_account_id=useraccoun1_.id where inventor0_.id=? 
2022-04-20 14:26:29.461 TRACE [org.hibernate.type.descriptor.sql.BasicBinder@http-nio-8080-exec-3] binding parameter [1] as [INTEGER] - [14] 
2022-04-20 14:26:29.464 DEBUG [org.hibernate.SQL@http-nio-8080-exec-3] select patron0_.id as id1_0_0_, patron0_.version as version2_0_0_, patron0_.user_account_id as user_acc1_17_0_, patron0_.company as company1_10_0_, patron0_.link as link2_10_0_, patron0_.statement as statemen3_10_0_, useraccoun1_.id as id1_0_1_, useraccoun1_.version as version2_0_1_, useraccoun1_.enabled as enabled1_16_1_, useraccoun1_.identity as identity2_16_1_, useraccoun1_.password as password3_16_1_, useraccoun1_.username as username4_16_1_ from patron patron0_ inner join user_account useraccoun1_ on patron0_.user_account_id=useraccoun1_.id where patron0_.id=? 
2022-04-20 14:26:29.465 TRACE [org.hibernate.type.descriptor.sql.BasicBinder@http-nio-8080-exec-3] binding parameter [1] as [INTEGER] - [15] 
2022-04-20 14:26:29.479 DEBUG [acme.framework.controllers.AbstractController@http-nio-8080-exec-3] SERVING GET /acme-one-2.0/inventor/patronage/show 
2022-04-20 14:26:29.479 DEBUG [acme.framework.controllers.AbstractController@http-nio-8080-exec-3] Result: ModelAndView [view="inventor/patronage/form"; model={finishingDate=2022-03-24 13:00:00.0, code=KIL-788-A, patron.name=null, link=https://www.starjam.com, version=0, patron.statement=1, patron.link=http://www.twitter.com, id=18, patron.company=Acme-One, startingDate=2022-03-14 13:00:00.0, status=ACCEPTED, legalStuff=Absolutely legal, budget=<<EUR 450.00>>, command=show, principal=acme.framework.entities.Principal@4b36ae4e}] 
2022-04-20 14:26:29.480 DEBUG [acme.framework.components.tiles.DynamicTilesView@http-nio-8080-exec-3] View name 'inventor/patronage/form', model {finishingDate=2022-03-24 13:00:00.0, code=KIL-788-A, patron.name=null, link=https://www.starjam.com, version=0, patron.statement=1, patron.link=http://www.twitter.com, id=18, patron.company=Acme-One, startingDate=2022-03-14 13:00:00.0, status=ACCEPTED, legalStuff=Absolutely legal, budget=<<EUR 450.00>>, command=show, principal=acme.framework.entities.Principal@4b36ae4e, org.springframework.validation.BindingResult.budget=org.springframework.validation.BeanPropertyBindingResult: 0 errors, org.springframework.validation.BindingResult.principal=org.springframework.validation.BeanPropertyBindingResult: 0 errors} 
2022-04-20 14:26:29.481 DEBUG [org.apache.jasper.servlet.JspServlet@http-nio-8080-exec-3] JspEngine --> /WEB-INF/views/master/page.jsp 
2022-04-20 14:26:29.481 DEBUG [org.apache.jasper.servlet.JspServlet@http-nio-8080-exec-3] ServletPath: /WEB-INF/views/master/page.jsp 
2022-04-20 14:26:29.481 DEBUG [org.apache.jasper.servlet.JspServlet@http-nio-8080-exec-3] PathInfo: null 
2022-04-20 14:26:29.482 DEBUG [org.apache.jasper.servlet.JspServlet@http-nio-8080-exec-3] RealPath: C:\Users\Anita\Desktop\Javier\Workspace-22.0\Projects\Acme-One\target\classes\WEB-INF\views\master\page.jsp 
2022-04-20 14:26:29.483 DEBUG [org.apache.jasper.servlet.JspServlet@http-nio-8080-exec-3] RequestURI: /acme-one-2.0/WEB-INF/views/master/page.jsp 
2022-04-20 14:26:29.483 DEBUG [org.apache.jasper.servlet.JspServlet@http-nio-8080-exec-3] QueryString: id=18 
2022-04-20 14:26:29.542 DEBUG [org.apache.jasper.servlet.JspServlet@http-nio-8080-exec-3] JspEngine --> /WEB-INF/views/inventor/patronage/form.jsp 
2022-04-20 14:26:29.542 DEBUG [org.apache.jasper.servlet.JspServlet@http-nio-8080-exec-3] ServletPath: /WEB-INF/views/master/page.jsp 
2022-04-20 14:26:29.542 DEBUG [org.apache.jasper.servlet.JspServlet@http-nio-8080-exec-3] PathInfo: null 
2022-04-20 14:26:29.543 DEBUG [org.apache.jasper.servlet.JspServlet@http-nio-8080-exec-3] RealPath: C:\Users\Anita\Desktop\Javier\Workspace-22.0\Projects\Acme-One\target\classes\WEB-INF\views\inventor\patronage\form.jsp 
2022-04-20 14:26:29.543 DEBUG [org.apache.jasper.servlet.JspServlet@http-nio-8080-exec-3] RequestURI: /acme-one-2.0/WEB-INF/views/master/page.jsp 
2022-04-20 14:26:29.544 DEBUG [org.apache.jasper.servlet.JspServlet@http-nio-8080-exec-3] QueryString: id=18 
2022-04-20 14:26:36.277 DEBUG [acme.framework.controllers.AbstractController@http-nio-8080-exec-1] DISPATCHING GET /acme-one-2.0/inventor/patronage/list 
2022-04-20 14:26:36.277 DEBUG [acme.framework.controllers.AbstractController@http-nio-8080-exec-1] Command: list 
2022-04-20 14:26:36.277 DEBUG [acme.framework.controllers.AbstractController@http-nio-8080-exec-1] Model:   {} 
2022-04-20 14:26:36.278 DEBUG [acme.framework.controllers.AbstractController@http-nio-8080-exec-1] Locale:  en 
2022-04-20 14:26:36.280 DEBUG [org.hibernate.SQL@http-nio-8080-exec-1] select patronage0_.id as id1_0_, patronage0_.version as version2_0_, patronage0_.budget_amount as budget_a1_11_, patronage0_.budget_currency as budget_c2_11_, patronage0_.code as code3_11_, patronage0_.finishing_date as finishin4_11_, patronage0_.inventor_id as inventor9_11_, patronage0_.legal_stuff as legal_st5_11_, patronage0_.link as link6_11_, patronage0_.patron_id as patron_10_11_, patronage0_.starting_date as starting7_11_, patronage0_.status as status8_11_ from patronage patronage0_ where patronage0_.inventor_id=? 
2022-04-20 14:26:36.281 TRACE [org.hibernate.type.descriptor.sql.BasicBinder@http-nio-8080-exec-1] binding parameter [1] as [INTEGER] - [14] 
2022-04-20 14:26:36.286 DEBUG [org.hibernate.SQL@http-nio-8080-exec-1] select inventor0_.id as id1_0_0_, inventor0_.version as version2_0_0_, inventor0_.user_account_id as user_acc1_17_0_, inventor0_.company as company1_8_0_, inventor0_.link as link2_8_0_, inventor0_.statement as statemen3_8_0_, useraccoun1_.id as id1_0_1_, useraccoun1_.version as version2_0_1_, useraccoun1_.enabled as enabled1_16_1_, useraccoun1_.identity as identity2_16_1_, useraccoun1_.password as password3_16_1_, useraccoun1_.username as username4_16_1_ from inventor inventor0_ inner join user_account useraccoun1_ on inventor0_.user_account_id=useraccoun1_.id where inventor0_.id=? 
2022-04-20 14:26:36.288 TRACE [org.hibernate.type.descriptor.sql.BasicBinder@http-nio-8080-exec-1] binding parameter [1] as [INTEGER] - [14] 
2022-04-20 14:26:36.292 DEBUG [org.hibernate.SQL@http-nio-8080-exec-1] select patron0_.id as id1_0_0_, patron0_.version as version2_0_0_, patron0_.user_account_id as user_acc1_17_0_, patron0_.company as company1_10_0_, patron0_.link as link2_10_0_, patron0_.statement as statemen3_10_0_, useraccoun1_.id as id1_0_1_, useraccoun1_.version as version2_0_1_, useraccoun1_.enabled as enabled1_16_1_, useraccoun1_.identity as identity2_16_1_, useraccoun1_.password as password3_16_1_, useraccoun1_.username as username4_16_1_ from patron patron0_ inner join user_account useraccoun1_ on patron0_.user_account_id=useraccoun1_.id where patron0_.id=? 
2022-04-20 14:26:36.293 TRACE [org.hibernate.type.descriptor.sql.BasicBinder@http-nio-8080-exec-1] binding parameter [1] as [INTEGER] - [15] 
2022-04-20 14:26:36.297 DEBUG [org.hibernate.SQL@http-nio-8080-exec-1] select patron0_.id as id1_0_0_, patron0_.version as version2_0_0_, patron0_.user_account_id as user_acc1_17_0_, patron0_.company as company1_10_0_, patron0_.link as link2_10_0_, patron0_.statement as statemen3_10_0_, useraccoun1_.id as id1_0_1_, useraccoun1_.version as version2_0_1_, useraccoun1_.enabled as enabled1_16_1_, useraccoun1_.identity as identity2_16_1_, useraccoun1_.password as password3_16_1_, useraccoun1_.username as username4_16_1_ from patron patron0_ inner join user_account useraccoun1_ on patron0_.user_account_id=useraccoun1_.id where patron0_.id=? 
2022-04-20 14:26:36.297 TRACE [org.hibernate.type.descriptor.sql.BasicBinder@http-nio-8080-exec-1] binding parameter [1] as [INTEGER] - [16] 
2022-04-20 14:26:36.306 DEBUG [acme.framework.controllers.AbstractController@http-nio-8080-exec-1] SERVING GET /acme-one-2.0/inventor/patronage/list 
2022-04-20 14:26:36.306 DEBUG [acme.framework.controllers.AbstractController@http-nio-8080-exec-1] Result: ModelAndView [view="inventor/patronage/list"; model={link[1]=https://www.plum.com, link[0]=https://www.starjam.com, version[1]=0, startingDate[0]=2022-03-14 13:00:00.0, startingDate[1]=2021-06-06 17:45:00.0, status[0]=ACCEPTED, list$size=2, status[1]=DENIED, budget[0]=<<EUR 450.00>>, legalStuff[1]=Totally illegal, legalStuff[0]=Absolutely legal, budget[1]=<<EUR 150.00>>, code[0]=KIL-788-A, version[0]=0, code[1]=HJJ-711-P, id[1]=19, id[0]=18, command=list, principal=acme.framework.entities.Principal@4b36ae4e}] 
2022-04-20 14:26:36.307 DEBUG [acme.framework.components.tiles.DynamicTilesView@http-nio-8080-exec-1] View name 'inventor/patronage/list', model {link[1]=https://www.plum.com, link[0]=https://www.starjam.com, version[1]=0, startingDate[0]=2022-03-14 13:00:00.0, startingDate[1]=2021-06-06 17:45:00.0, status[0]=ACCEPTED, list$size=2, status[1]=DENIED, budget[0]=<<EUR 450.00>>, legalStuff[1]=Totally illegal, legalStuff[0]=Absolutely legal, budget[1]=<<EUR 150.00>>, code[0]=KIL-788-A, version[0]=0, code[1]=HJJ-711-P, id[1]=19, id[0]=18, command=list, principal=acme.framework.entities.Principal@4b36ae4e, org.springframework.validation.BindingResult.budget[0]=org.springframework.validation.BeanPropertyBindingResult: 0 errors, org.springframework.validation.BindingResult.budget[1]=org.springframework.validation.BeanPropertyBindingResult: 0 errors, org.springframework.validation.BindingResult.principal=org.springframework.validation.BeanPropertyBindingResult: 0 errors} 
2022-04-20 14:26:36.309 DEBUG [org.apache.jasper.servlet.JspServlet@http-nio-8080-exec-1] JspEngine --> /WEB-INF/views/master/page.jsp 
2022-04-20 14:26:36.310 DEBUG [org.apache.jasper.servlet.JspServlet@http-nio-8080-exec-1] ServletPath: /WEB-INF/views/master/page.jsp 
2022-04-20 14:26:36.310 DEBUG [org.apache.jasper.servlet.JspServlet@http-nio-8080-exec-1] PathInfo: null 
2022-04-20 14:26:36.312 DEBUG [org.apache.jasper.servlet.JspServlet@http-nio-8080-exec-1] RealPath: C:\Users\Anita\Desktop\Javier\Workspace-22.0\Projects\Acme-One\target\classes\WEB-INF\views\master\page.jsp 
2022-04-20 14:26:36.313 DEBUG [org.apache.jasper.servlet.JspServlet@http-nio-8080-exec-1] RequestURI: /acme-one-2.0/WEB-INF/views/master/page.jsp 
2022-04-20 14:26:36.313 DEBUG [org.apache.jasper.servlet.JspServlet@http-nio-8080-exec-1] QueryString: null 
2022-04-20 14:26:36.414 DEBUG [org.apache.jasper.servlet.JspServlet@http-nio-8080-exec-1] JspEngine --> /WEB-INF/views/inventor/patronage/list.jsp 
2022-04-20 14:26:36.414 DEBUG [org.apache.jasper.servlet.JspServlet@http-nio-8080-exec-1] ServletPath: /WEB-INF/views/master/page.jsp 
2022-04-20 14:26:36.415 DEBUG [org.apache.jasper.servlet.JspServlet@http-nio-8080-exec-1] PathInfo: null 
2022-04-20 14:26:36.417 DEBUG [org.apache.jasper.servlet.JspServlet@http-nio-8080-exec-1] RealPath: C:\Users\Anita\Desktop\Javier\Workspace-22.0\Projects\Acme-One\target\classes\WEB-INF\views\inventor\patronage\list.jsp 
2022-04-20 14:26:36.417 DEBUG [org.apache.jasper.servlet.JspServlet@http-nio-8080-exec-1] RequestURI: /acme-one-2.0/WEB-INF/views/master/page.jsp 
2022-04-20 14:26:36.418 DEBUG [org.apache.jasper.servlet.JspServlet@http-nio-8080-exec-1] QueryString: null 
