2022-05-16 10:08:04.098 INFO  [acme.Launcher@main] Starting Launcher using Java 1.8.0_281 on LAPTOP-I3TOCOSF with PID 19392 (C:\Users\alvar\Desktop\Universidad\DP 2\Workspace-22.0\Frameworks\Acme-Framework-22.5\target\classes started by alvar in C:\Users\alvar\Desktop\Universidad\DP 2\Workspace-22.0\Projects\Acme-One) 
2022-05-16 10:08:04.100 DEBUG [acme.Launcher@main] Running with Spring Boot v2.4.2, Spring v5.3.3 
2022-05-16 10:08:04.102 INFO  [acme.Launcher@main] The following profiles are active: development,default 
2022-05-16 10:08:09.677 DEBUG [org.apache.jasper.servlet.JasperInitializer@main] Initializing Jasper for context [application] 
2022-05-16 10:08:19.426 DEBUG [org.apache.jasper.servlet.JspServlet@main] Scratch dir for the JSP engine is: [C:\Users\alvar\AppData\Local\Temp\tomcat.8080.7161288435396318180\work\Tomcat\localhost\acme-one-3.0] 
2022-05-16 10:08:19.427 DEBUG [org.apache.jasper.servlet.JspServlet@main] IMPORTANT: Do not modify the generated servlets 
2022-05-16 10:08:19.450 INFO  [acme.Launcher@main] Started Launcher in 16.694 seconds (JVM running for 18.31) 
2022-05-16 10:08:19.462 DEBUG [acme.Launcher@main] Found classpath entry '/C:/Users/alvar/Desktop/Universidad/DP%202/Workspace-22.0/Projects/Acme-One/target/classes/' 
2022-05-16 10:08:19.463 DEBUG [acme.Launcher@main] Found classpath entry '/C:/Users/alvar/Desktop/Universidad/DP%202/Workspace-22.0/Projects/Acme-One/target/test-classes/' 
2022-05-16 10:08:19.463 DEBUG [acme.Launcher@main] Found classpath entry '/C:/Users/alvar/.m2/repository/org/springframework/boot/spring-boot-starter-tomcat/2.4.2/spring-boot-starter-tomcat-2.4.2.jar' 
2022-05-16 10:08:19.463 DEBUG [acme.Launcher@main] Found classpath entry '/C:/Users/alvar/.m2/repository/jakarta/annotation/jakarta.annotation-api/1.3.5/jakarta.annotation-api-1.3.5.jar' 
2022-05-16 10:08:19.464 DEBUG [acme.Launcher@main] Found classpath entry '/C:/Users/alvar/.m2/repository/org/apache/tomcat/embed/tomcat-embed-core/9.0.41/tomcat-embed-core-9.0.41.jar' 
2022-05-16 10:08:19.464 DEBUG [acme.Launcher@main] Found classpath entry '/C:/Users/alvar/.m2/repository/org/glassfish/jakarta.el/3.0.3/jakarta.el-3.0.3.jar' 
2022-05-16 10:08:19.464 DEBUG [acme.Launcher@main] Found classpath entry '/C:/Users/alvar/.m2/repository/org/apache/tomcat/embed/tomcat-embed-websocket/9.0.41/tomcat-embed-websocket-9.0.41.jar' 
2022-05-16 10:08:19.464 DEBUG [acme.Launcher@main] Found classpath entry '/C:/Users/alvar/.m2/repository/org/apache/tomcat/embed/tomcat-embed-jasper/9.0.41/tomcat-embed-jasper-9.0.41.jar' 
2022-05-16 10:08:19.465 DEBUG [acme.Launcher@main] Found classpath entry '/C:/Users/alvar/.m2/repository/org/apache/tomcat/embed/tomcat-embed-el/9.0.41/tomcat-embed-el-9.0.41.jar' 
2022-05-16 10:08:19.465 DEBUG [acme.Launcher@main] Found classpath entry '/C:/Users/alvar/.m2/repository/org/eclipse/jdt/ecj/3.18.0/ecj-3.18.0.jar' 
2022-05-16 10:08:19.465 DEBUG [acme.Launcher@main] Found classpath entry '/C:/Users/alvar/.m2/repository/javax/servlet/jstl/1.2/jstl-1.2.jar' 
2022-05-16 10:08:19.465 DEBUG [acme.Launcher@main] Found classpath entry '/C:/Users/alvar/.m2/repository/org/springframework/boot/spring-boot-starter-test/2.4.2/spring-boot-starter-test-2.4.2.jar' 
2022-05-16 10:08:19.466 DEBUG [acme.Launcher@main] Found classpath entry '/C:/Users/alvar/.m2/repository/org/springframework/boot/spring-boot-starter/2.4.2/spring-boot-starter-2.4.2.jar' 
2022-05-16 10:08:19.466 DEBUG [acme.Launcher@main] Found classpath entry '/C:/Users/alvar/.m2/repository/org/springframework/boot/spring-boot/2.4.2/spring-boot-2.4.2.jar' 
2022-05-16 10:08:19.466 DEBUG [acme.Launcher@main] Found classpath entry '/C:/Users/alvar/.m2/repository/org/springframework/boot/spring-boot-autoconfigure/2.4.2/spring-boot-autoconfigure-2.4.2.jar' 
2022-05-16 10:08:19.466 DEBUG [acme.Launcher@main] Found classpath entry '/C:/Users/alvar/.m2/repository/org/springframework/boot/spring-boot-starter-logging/2.4.2/spring-boot-starter-logging-2.4.2.jar' 
2022-05-16 10:08:19.467 DEBUG [acme.Launcher@main] Found classpath entry '/C:/Users/alvar/.m2/repository/ch/qos/logback/logback-classic/1.2.3/logback-classic-1.2.3.jar' 
2022-05-16 10:08:19.467 DEBUG [acme.Launcher@main] Found classpath entry '/C:/Users/alvar/.m2/repository/ch/qos/logback/logback-core/1.2.3/logback-core-1.2.3.jar' 
2022-05-16 10:08:19.467 DEBUG [acme.Launcher@main] Found classpath entry '/C:/Users/alvar/.m2/repository/org/apache/logging/log4j/log4j-to-slf4j/2.13.3/log4j-to-slf4j-2.13.3.jar' 
2022-05-16 10:08:19.467 DEBUG [acme.Launcher@main] Found classpath entry '/C:/Users/alvar/.m2/repository/org/apache/logging/log4j/log4j-api/2.13.3/log4j-api-2.13.3.jar' 
2022-05-16 10:08:19.468 DEBUG [acme.Launcher@main] Found classpath entry '/C:/Users/alvar/.m2/repository/org/slf4j/jul-to-slf4j/1.7.30/jul-to-slf4j-1.7.30.jar' 
2022-05-16 10:08:19.468 DEBUG [acme.Launcher@main] Found classpath entry '/C:/Users/alvar/.m2/repository/org/yaml/snakeyaml/1.27/snakeyaml-1.27.jar' 
2022-05-16 10:08:19.468 DEBUG [acme.Launcher@main] Found classpath entry '/C:/Users/alvar/.m2/repository/org/springframework/boot/spring-boot-test/2.4.2/spring-boot-test-2.4.2.jar' 
2022-05-16 10:08:19.468 DEBUG [acme.Launcher@main] Found classpath entry '/C:/Users/alvar/.m2/repository/org/springframework/boot/spring-boot-test-autoconfigure/2.4.2/spring-boot-test-autoconfigure-2.4.2.jar' 
2022-05-16 10:08:19.469 DEBUG [acme.Launcher@main] Found classpath entry '/C:/Users/alvar/.m2/repository/com/jayway/jsonpath/json-path/2.4.0/json-path-2.4.0.jar' 
2022-05-16 10:08:19.469 DEBUG [acme.Launcher@main] Found classpath entry '/C:/Users/alvar/.m2/repository/net/minidev/json-smart/2.3/json-smart-2.3.jar' 
2022-05-16 10:08:19.469 DEBUG [acme.Launcher@main] Found classpath entry '/C:/Users/alvar/.m2/repository/net/minidev/accessors-smart/1.2/accessors-smart-1.2.jar' 
2022-05-16 10:08:19.469 DEBUG [acme.Launcher@main] Found classpath entry '/C:/Users/alvar/.m2/repository/org/ow2/asm/asm/5.0.4/asm-5.0.4.jar' 
2022-05-16 10:08:19.470 DEBUG [acme.Launcher@main] Found classpath entry '/C:/Users/alvar/.m2/repository/jakarta/xml/bind/jakarta.xml.bind-api/2.3.3/jakarta.xml.bind-api-2.3.3.jar' 
2022-05-16 10:08:19.470 DEBUG [acme.Launcher@main] Found classpath entry '/C:/Users/alvar/.m2/repository/jakarta/activation/jakarta.activation-api/1.2.2/jakarta.activation-api-1.2.2.jar' 
2022-05-16 10:08:19.470 DEBUG [acme.Launcher@main] Found classpath entry '/C:/Users/alvar/.m2/repository/org/assertj/assertj-core/3.18.1/assertj-core-3.18.1.jar' 
2022-05-16 10:08:19.470 DEBUG [acme.Launcher@main] Found classpath entry '/C:/Users/alvar/.m2/repository/org/hamcrest/hamcrest/2.2/hamcrest-2.2.jar' 
2022-05-16 10:08:19.471 DEBUG [acme.Launcher@main] Found classpath entry '/C:/Users/alvar/.m2/repository/org/junit/jupiter/junit-jupiter/5.7.0/junit-jupiter-5.7.0.jar' 
2022-05-16 10:08:19.471 DEBUG [acme.Launcher@main] Found classpath entry '/C:/Users/alvar/.m2/repository/org/mockito/mockito-core/3.6.28/mockito-core-3.6.28.jar' 
2022-05-16 10:08:19.471 DEBUG [acme.Launcher@main] Found classpath entry '/C:/Users/alvar/.m2/repository/net/bytebuddy/byte-buddy-agent/1.10.19/byte-buddy-agent-1.10.19.jar' 
2022-05-16 10:08:19.471 DEBUG [acme.Launcher@main] Found classpath entry '/C:/Users/alvar/.m2/repository/org/objenesis/objenesis/3.1/objenesis-3.1.jar' 
2022-05-16 10:08:19.471 DEBUG [acme.Launcher@main] Found classpath entry '/C:/Users/alvar/.m2/repository/org/mockito/mockito-junit-jupiter/3.6.28/mockito-junit-jupiter-3.6.28.jar' 
2022-05-16 10:08:19.472 DEBUG [acme.Launcher@main] Found classpath entry '/C:/Users/alvar/.m2/repository/org/skyscreamer/jsonassert/1.5.0/jsonassert-1.5.0.jar' 
2022-05-16 10:08:19.472 DEBUG [acme.Launcher@main] Found classpath entry '/C:/Users/alvar/.m2/repository/com/vaadin/external/google/android-json/0.0.20131108.vaadin1/android-json-0.0.20131108.vaadin1.jar' 
2022-05-16 10:08:19.472 DEBUG [acme.Launcher@main] Found classpath entry '/C:/Users/alvar/.m2/repository/org/springframework/spring-core/5.3.3/spring-core-5.3.3.jar' 
2022-05-16 10:08:19.472 DEBUG [acme.Launcher@main] Found classpath entry '/C:/Users/alvar/.m2/repository/org/springframework/spring-jcl/5.3.3/spring-jcl-5.3.3.jar' 
2022-05-16 10:08:19.473 DEBUG [acme.Launcher@main] Found classpath entry '/C:/Users/alvar/.m2/repository/org/springframework/spring-test/5.3.3/spring-test-5.3.3.jar' 
2022-05-16 10:08:19.473 DEBUG [acme.Launcher@main] Found classpath entry '/C:/Users/alvar/.m2/repository/org/xmlunit/xmlunit-core/2.7.0/xmlunit-core-2.7.0.jar' 
2022-05-16 10:08:19.473 DEBUG [acme.Launcher@main] Found classpath entry '/C:/Users/alvar/.m2/repository/org/springframework/boot/spring-boot-starter-security/2.4.2/spring-boot-starter-security-2.4.2.jar' 
2022-05-16 10:08:19.474 DEBUG [acme.Launcher@main] Found classpath entry '/C:/Users/alvar/.m2/repository/org/springframework/spring-aop/5.3.3/spring-aop-5.3.3.jar' 
2022-05-16 10:08:19.474 DEBUG [acme.Launcher@main] Found classpath entry '/C:/Users/alvar/.m2/repository/org/springframework/security/spring-security-web/5.4.2/spring-security-web-5.4.2.jar' 
2022-05-16 10:08:19.475 DEBUG [acme.Launcher@main] Found classpath entry '/C:/Users/alvar/.m2/repository/org/springframework/security/spring-security-core/5.4.2/spring-security-core-5.4.2.jar' 
2022-05-16 10:08:19.475 DEBUG [acme.Launcher@main] Found classpath entry '/C:/Users/alvar/.m2/repository/org/springframework/spring-beans/5.3.3/spring-beans-5.3.3.jar' 
2022-05-16 10:08:19.476 DEBUG [acme.Launcher@main] Found classpath entry '/C:/Users/alvar/.m2/repository/org/springframework/spring-context/5.3.3/spring-context-5.3.3.jar' 
2022-05-16 10:08:19.477 DEBUG [acme.Launcher@main] Found classpath entry '/C:/Users/alvar/.m2/repository/org/springframework/spring-expression/5.3.3/spring-expression-5.3.3.jar' 
2022-05-16 10:08:19.477 DEBUG [acme.Launcher@main] Found classpath entry '/C:/Users/alvar/.m2/repository/org/springframework/spring-web/5.3.3/spring-web-5.3.3.jar' 
2022-05-16 10:08:19.478 DEBUG [acme.Launcher@main] Found classpath entry '/C:/Users/alvar/.m2/repository/org/springframework/security/spring-security-config/5.4.2/spring-security-config-5.4.2.jar' 
2022-05-16 10:08:19.480 DEBUG [acme.Launcher@main] Found classpath entry '/C:/Users/alvar/.m2/repository/org/springframework/security/spring-security-taglibs/5.4.2/spring-security-taglibs-5.4.2.jar' 
2022-05-16 10:08:19.480 DEBUG [acme.Launcher@main] Found classpath entry '/C:/Users/alvar/.m2/repository/org/springframework/security/spring-security-acl/5.4.2/spring-security-acl-5.4.2.jar' 
2022-05-16 10:08:19.481 DEBUG [acme.Launcher@main] Found classpath entry '/C:/Users/alvar/.m2/repository/org/springframework/spring-jdbc/5.3.3/spring-jdbc-5.3.3.jar' 
2022-05-16 10:08:19.482 DEBUG [acme.Launcher@main] Found classpath entry '/C:/Users/alvar/.m2/repository/org/springframework/spring-tx/5.3.3/spring-tx-5.3.3.jar' 
2022-05-16 10:08:19.482 DEBUG [acme.Launcher@main] Found classpath entry '/C:/Users/alvar/.m2/repository/org/springframework/boot/spring-boot-starter-web/2.4.2/spring-boot-starter-web-2.4.2.jar' 
2022-05-16 10:08:19.482 DEBUG [acme.Launcher@main] Found classpath entry '/C:/Users/alvar/.m2/repository/org/springframework/boot/spring-boot-starter-json/2.4.2/spring-boot-starter-json-2.4.2.jar' 
2022-05-16 10:08:19.482 DEBUG [acme.Launcher@main] Found classpath entry '/C:/Users/alvar/.m2/repository/com/fasterxml/jackson/core/jackson-databind/2.11.4/jackson-databind-2.11.4.jar' 
2022-05-16 10:08:19.482 DEBUG [acme.Launcher@main] Found classpath entry '/C:/Users/alvar/.m2/repository/com/fasterxml/jackson/core/jackson-annotations/2.11.4/jackson-annotations-2.11.4.jar' 
2022-05-16 10:08:19.483 DEBUG [acme.Launcher@main] Found classpath entry '/C:/Users/alvar/.m2/repository/com/fasterxml/jackson/core/jackson-core/2.11.4/jackson-core-2.11.4.jar' 
2022-05-16 10:08:19.483 DEBUG [acme.Launcher@main] Found classpath entry '/C:/Users/alvar/.m2/repository/com/fasterxml/jackson/datatype/jackson-datatype-jdk8/2.11.4/jackson-datatype-jdk8-2.11.4.jar' 
2022-05-16 10:08:19.483 DEBUG [acme.Launcher@main] Found classpath entry '/C:/Users/alvar/.m2/repository/com/fasterxml/jackson/datatype/jackson-datatype-jsr310/2.11.4/jackson-datatype-jsr310-2.11.4.jar' 
2022-05-16 10:08:19.483 DEBUG [acme.Launcher@main] Found classpath entry '/C:/Users/alvar/.m2/repository/com/fasterxml/jackson/module/jackson-module-parameter-names/2.11.4/jackson-module-parameter-names-2.11.4.jar' 
2022-05-16 10:08:19.484 DEBUG [acme.Launcher@main] Found classpath entry '/C:/Users/alvar/.m2/repository/org/springframework/spring-webmvc/5.3.3/spring-webmvc-5.3.3.jar' 
2022-05-16 10:08:19.484 DEBUG [acme.Launcher@main] Found classpath entry '/C:/Users/alvar/.m2/repository/org/apache/tiles/tiles-jsp/3.0.8/tiles-jsp-3.0.8.jar' 
2022-05-16 10:08:19.484 DEBUG [acme.Launcher@main] Found classpath entry '/C:/Users/alvar/.m2/repository/org/apache/tiles/tiles-servlet/3.0.8/tiles-servlet-3.0.8.jar' 
2022-05-16 10:08:19.484 DEBUG [acme.Launcher@main] Found classpath entry '/C:/Users/alvar/.m2/repository/org/apache/tiles/tiles-core/3.0.8/tiles-core-3.0.8.jar' 
2022-05-16 10:08:19.484 DEBUG [acme.Launcher@main] Found classpath entry '/C:/Users/alvar/.m2/repository/commons-digester/commons-digester/2.0/commons-digester-2.0.jar' 
2022-05-16 10:08:19.485 DEBUG [acme.Launcher@main] Found classpath entry '/C:/Users/alvar/.m2/repository/org/slf4j/jcl-over-slf4j/1.7.30/jcl-over-slf4j-1.7.30.jar' 
2022-05-16 10:08:19.485 DEBUG [acme.Launcher@main] Found classpath entry '/C:/Users/alvar/.m2/repository/org/apache/tiles/tiles-request-servlet/1.0.7/tiles-request-servlet-1.0.7.jar' 
2022-05-16 10:08:19.485 DEBUG [acme.Launcher@main] Found classpath entry '/C:/Users/alvar/.m2/repository/org/apache/tiles/tiles-template/3.0.8/tiles-template-3.0.8.jar' 
2022-05-16 10:08:19.485 DEBUG [acme.Launcher@main] Found classpath entry '/C:/Users/alvar/.m2/repository/org/apache/tiles/tiles-api/3.0.8/tiles-api-3.0.8.jar' 
2022-05-16 10:08:19.485 DEBUG [acme.Launcher@main] Found classpath entry '/C:/Users/alvar/.m2/repository/org/apache/tiles/tiles-autotag-core-runtime/1.2/tiles-autotag-core-runtime-1.2.jar' 
2022-05-16 10:08:19.486 DEBUG [acme.Launcher@main] Found classpath entry '/C:/Users/alvar/.m2/repository/org/slf4j/slf4j-api/1.7.30/slf4j-api-1.7.30.jar' 
2022-05-16 10:08:19.486 DEBUG [acme.Launcher@main] Found classpath entry '/C:/Users/alvar/.m2/repository/org/apache/tiles/tiles-request-jsp/1.0.7/tiles-request-jsp-1.0.7.jar' 
2022-05-16 10:08:19.486 DEBUG [acme.Launcher@main] Found classpath entry '/C:/Users/alvar/.m2/repository/org/apache/tiles/tiles-request-api/1.0.7/tiles-request-api-1.0.7.jar' 
2022-05-16 10:08:19.486 DEBUG [acme.Launcher@main] Found classpath entry '/C:/Users/alvar/.m2/repository/org/springframework/boot/spring-boot-starter-data-jpa/2.4.2/spring-boot-starter-data-jpa-2.4.2.jar' 
2022-05-16 10:08:19.487 DEBUG [acme.Launcher@main] Found classpath entry '/C:/Users/alvar/.m2/repository/org/springframework/boot/spring-boot-starter-aop/2.4.2/spring-boot-starter-aop-2.4.2.jar' 
2022-05-16 10:08:19.487 DEBUG [acme.Launcher@main] Found classpath entry '/C:/Users/alvar/.m2/repository/org/aspectj/aspectjweaver/1.9.6/aspectjweaver-1.9.6.jar' 
2022-05-16 10:08:19.487 DEBUG [acme.Launcher@main] Found classpath entry '/C:/Users/alvar/.m2/repository/org/springframework/boot/spring-boot-starter-jdbc/2.4.2/spring-boot-starter-jdbc-2.4.2.jar' 
2022-05-16 10:08:19.487 DEBUG [acme.Launcher@main] Found classpath entry '/C:/Users/alvar/.m2/repository/jakarta/transaction/jakarta.transaction-api/1.3.3/jakarta.transaction-api-1.3.3.jar' 
2022-05-16 10:08:19.488 DEBUG [acme.Launcher@main] Found classpath entry '/C:/Users/alvar/.m2/repository/jakarta/persistence/jakarta.persistence-api/2.2.3/jakarta.persistence-api-2.2.3.jar' 
2022-05-16 10:08:19.488 DEBUG [acme.Launcher@main] Found classpath entry '/C:/Users/alvar/.m2/repository/org/hibernate/hibernate-core/5.4.27.Final/hibernate-core-5.4.27.Final.jar' 
2022-05-16 10:08:19.488 DEBUG [acme.Launcher@main] Found classpath entry '/C:/Users/alvar/.m2/repository/org/jboss/logging/jboss-logging/3.4.1.Final/jboss-logging-3.4.1.Final.jar' 
2022-05-16 10:08:19.488 DEBUG [acme.Launcher@main] Found classpath entry '/C:/Users/alvar/.m2/repository/org/javassist/javassist/3.27.0-GA/javassist-3.27.0-GA.jar' 
2022-05-16 10:08:19.489 DEBUG [acme.Launcher@main] Found classpath entry '/C:/Users/alvar/.m2/repository/antlr/antlr/2.7.7/antlr-2.7.7.jar' 
2022-05-16 10:08:19.489 DEBUG [acme.Launcher@main] Found classpath entry '/C:/Users/alvar/.m2/repository/org/jboss/jandex/2.1.3.Final/jandex-2.1.3.Final.jar' 
2022-05-16 10:08:19.489 DEBUG [acme.Launcher@main] Found classpath entry '/C:/Users/alvar/.m2/repository/com/fasterxml/classmate/1.5.1/classmate-1.5.1.jar' 
2022-05-16 10:08:19.489 DEBUG [acme.Launcher@main] Found classpath entry '/C:/Users/alvar/.m2/repository/org/dom4j/dom4j/2.1.3/dom4j-2.1.3.jar' 
2022-05-16 10:08:19.489 DEBUG [acme.Launcher@main] Found classpath entry '/C:/Users/alvar/.m2/repository/org/hibernate/common/hibernate-commons-annotations/5.1.2.Final/hibernate-commons-annotations-5.1.2.Final.jar' 
2022-05-16 10:08:19.490 DEBUG [acme.Launcher@main] Found classpath entry '/C:/Users/alvar/.m2/repository/org/glassfish/jaxb/jaxb-runtime/2.3.3/jaxb-runtime-2.3.3.jar' 
2022-05-16 10:08:19.490 DEBUG [acme.Launcher@main] Found classpath entry '/C:/Users/alvar/.m2/repository/org/glassfish/jaxb/txw2/2.3.3/txw2-2.3.3.jar' 
2022-05-16 10:08:19.490 DEBUG [acme.Launcher@main] Found classpath entry '/C:/Users/alvar/.m2/repository/com/sun/istack/istack-commons-runtime/3.0.11/istack-commons-runtime-3.0.11.jar' 
2022-05-16 10:08:19.490 DEBUG [acme.Launcher@main] Found classpath entry '/C:/Users/alvar/.m2/repository/com/sun/activation/jakarta.activation/1.2.2/jakarta.activation-1.2.2.jar' 
2022-05-16 10:08:19.490 DEBUG [acme.Launcher@main] Found classpath entry '/C:/Users/alvar/.m2/repository/org/springframework/data/spring-data-jpa/2.4.3/spring-data-jpa-2.4.3.jar' 
2022-05-16 10:08:19.491 DEBUG [acme.Launcher@main] Found classpath entry '/C:/Users/alvar/.m2/repository/org/springframework/data/spring-data-commons/2.4.3/spring-data-commons-2.4.3.jar' 
2022-05-16 10:08:19.491 DEBUG [acme.Launcher@main] Found classpath entry '/C:/Users/alvar/.m2/repository/org/springframework/spring-orm/5.3.3/spring-orm-5.3.3.jar' 
2022-05-16 10:08:19.491 DEBUG [acme.Launcher@main] Found classpath entry '/C:/Users/alvar/.m2/repository/org/springframework/spring-aspects/5.3.3/spring-aspects-5.3.3.jar' 
2022-05-16 10:08:19.491 DEBUG [acme.Launcher@main] Found classpath entry '/C:/Users/alvar/.m2/repository/org/springframework/boot/spring-boot-starter-validation/2.4.2/spring-boot-starter-validation-2.4.2.jar' 
2022-05-16 10:08:19.492 DEBUG [acme.Launcher@main] Found classpath entry '/C:/Users/alvar/.m2/repository/org/hibernate/validator/hibernate-validator/6.1.7.Final/hibernate-validator-6.1.7.Final.jar' 
2022-05-16 10:08:19.492 DEBUG [acme.Launcher@main] Found classpath entry '/C:/Users/alvar/.m2/repository/jakarta/validation/jakarta.validation-api/2.0.2/jakarta.validation-api-2.0.2.jar' 
2022-05-16 10:08:19.492 DEBUG [acme.Launcher@main] Found classpath entry '/C:/Users/alvar/.m2/repository/mysql/mysql-connector-java/8.0.22/mysql-connector-java-8.0.22.jar' 
2022-05-16 10:08:19.492 DEBUG [acme.Launcher@main] Found classpath entry '/C:/Users/alvar/.m2/repository/com/zaxxer/HikariCP/3.4.5/HikariCP-3.4.5.jar' 
2022-05-16 10:08:19.492 DEBUG [acme.Launcher@main] Found classpath entry '/C:/Users/alvar/.m2/repository/org/junit/jupiter/junit-jupiter-engine/5.7.0/junit-jupiter-engine-5.7.0.jar' 
2022-05-16 10:08:19.493 DEBUG [acme.Launcher@main] Found classpath entry '/C:/Users/alvar/.m2/repository/org/apiguardian/apiguardian-api/1.1.0/apiguardian-api-1.1.0.jar' 
2022-05-16 10:08:19.493 DEBUG [acme.Launcher@main] Found classpath entry '/C:/Users/alvar/.m2/repository/org/junit/platform/junit-platform-engine/1.7.0/junit-platform-engine-1.7.0.jar' 
2022-05-16 10:08:19.493 DEBUG [acme.Launcher@main] Found classpath entry '/C:/Users/alvar/.m2/repository/org/junit/jupiter/junit-jupiter-api/5.7.0/junit-jupiter-api-5.7.0.jar' 
2022-05-16 10:08:19.493 DEBUG [acme.Launcher@main] Found classpath entry '/C:/Users/alvar/.m2/repository/org/opentest4j/opentest4j/1.2.0/opentest4j-1.2.0.jar' 
2022-05-16 10:08:19.493 DEBUG [acme.Launcher@main] Found classpath entry '/C:/Users/alvar/.m2/repository/org/junit/platform/junit-platform-commons/1.7.0/junit-platform-commons-1.7.0.jar' 
2022-05-16 10:08:19.494 DEBUG [acme.Launcher@main] Found classpath entry '/C:/Users/alvar/.m2/repository/org/junit/jupiter/junit-jupiter-params/5.7.0/junit-jupiter-params-5.7.0.jar' 
2022-05-16 10:08:19.494 DEBUG [acme.Launcher@main] Found classpath entry '/C:/Users/alvar/.m2/repository/org/junit/platform/junit-platform-launcher/1.7.0/junit-platform-launcher-1.7.0.jar' 
2022-05-16 10:08:19.494 DEBUG [acme.Launcher@main] Found classpath entry '/C:/Users/alvar/.m2/repository/org/seleniumhq/selenium/selenium-java/3.141.59/selenium-java-3.141.59.jar' 
2022-05-16 10:08:19.494 DEBUG [acme.Launcher@main] Found classpath entry '/C:/Users/alvar/.m2/repository/org/seleniumhq/selenium/selenium-api/3.141.59/selenium-api-3.141.59.jar' 
2022-05-16 10:08:19.495 DEBUG [acme.Launcher@main] Found classpath entry '/C:/Users/alvar/.m2/repository/org/seleniumhq/selenium/selenium-chrome-driver/3.141.59/selenium-chrome-driver-3.141.59.jar' 
2022-05-16 10:08:19.495 DEBUG [acme.Launcher@main] Found classpath entry '/C:/Users/alvar/.m2/repository/org/seleniumhq/selenium/selenium-edge-driver/3.141.59/selenium-edge-driver-3.141.59.jar' 
2022-05-16 10:08:19.495 DEBUG [acme.Launcher@main] Found classpath entry '/C:/Users/alvar/.m2/repository/org/seleniumhq/selenium/selenium-firefox-driver/3.141.59/selenium-firefox-driver-3.141.59.jar' 
2022-05-16 10:08:19.495 DEBUG [acme.Launcher@main] Found classpath entry '/C:/Users/alvar/.m2/repository/org/seleniumhq/selenium/selenium-ie-driver/3.141.59/selenium-ie-driver-3.141.59.jar' 
2022-05-16 10:08:19.495 DEBUG [acme.Launcher@main] Found classpath entry '/C:/Users/alvar/.m2/repository/org/seleniumhq/selenium/selenium-opera-driver/3.141.59/selenium-opera-driver-3.141.59.jar' 
2022-05-16 10:08:19.496 DEBUG [acme.Launcher@main] Found classpath entry '/C:/Users/alvar/.m2/repository/org/seleniumhq/selenium/selenium-remote-driver/3.141.59/selenium-remote-driver-3.141.59.jar' 
2022-05-16 10:08:19.496 DEBUG [acme.Launcher@main] Found classpath entry '/C:/Users/alvar/.m2/repository/org/seleniumhq/selenium/selenium-safari-driver/3.141.59/selenium-safari-driver-3.141.59.jar' 
2022-05-16 10:08:19.497 DEBUG [acme.Launcher@main] Found classpath entry '/C:/Users/alvar/.m2/repository/org/seleniumhq/selenium/selenium-support/3.141.59/selenium-support-3.141.59.jar' 
2022-05-16 10:08:19.497 DEBUG [acme.Launcher@main] Found classpath entry '/C:/Users/alvar/.m2/repository/net/bytebuddy/byte-buddy/1.10.19/byte-buddy-1.10.19.jar' 
2022-05-16 10:08:19.497 DEBUG [acme.Launcher@main] Found classpath entry '/C:/Users/alvar/.m2/repository/org/apache/commons/commons-exec/1.3/commons-exec-1.3.jar' 
2022-05-16 10:08:19.498 DEBUG [acme.Launcher@main] Found classpath entry '/C:/Users/alvar/.m2/repository/com/google/guava/guava/25.0-jre/guava-25.0-jre.jar' 
2022-05-16 10:08:19.498 DEBUG [acme.Launcher@main] Found classpath entry '/C:/Users/alvar/.m2/repository/com/google/code/findbugs/jsr305/1.3.9/jsr305-1.3.9.jar' 
2022-05-16 10:08:19.498 DEBUG [acme.Launcher@main] Found classpath entry '/C:/Users/alvar/.m2/repository/org/checkerframework/checker-compat-qual/2.0.0/checker-compat-qual-2.0.0.jar' 
2022-05-16 10:08:19.499 DEBUG [acme.Launcher@main] Found classpath entry '/C:/Users/alvar/.m2/repository/com/google/errorprone/error_prone_annotations/2.1.3/error_prone_annotations-2.1.3.jar' 
2022-05-16 10:08:19.499 DEBUG [acme.Launcher@main] Found classpath entry '/C:/Users/alvar/.m2/repository/com/google/j2objc/j2objc-annotations/1.1/j2objc-annotations-1.1.jar' 
2022-05-16 10:08:19.499 DEBUG [acme.Launcher@main] Found classpath entry '/C:/Users/alvar/.m2/repository/org/codehaus/mojo/animal-sniffer-annotations/1.14/animal-sniffer-annotations-1.14.jar' 
2022-05-16 10:08:19.500 DEBUG [acme.Launcher@main] Found classpath entry '/C:/Users/alvar/.m2/repository/com/squareup/okhttp3/okhttp/3.14.9/okhttp-3.14.9.jar' 
2022-05-16 10:08:19.500 DEBUG [acme.Launcher@main] Found classpath entry '/C:/Users/alvar/.m2/repository/com/squareup/okio/okio/1.14.0/okio-1.14.0.jar' 
2022-05-16 10:08:19.500 DEBUG [acme.Launcher@main] Found classpath entry '/C:/Users/alvar/.m2/repository/org/apache/commons/commons-lang3/3.11/commons-lang3-3.11.jar' 
2022-05-16 10:08:19.501 DEBUG [acme.Launcher@main] Found classpath entry '/C:/Users/alvar/.m2/repository/org/apache/commons/commons-text/1.8/commons-text-1.8.jar' 
2022-05-16 10:08:19.501 DEBUG [acme.Launcher@main] Found classpath entry '/C:/Users/alvar/.m2/repository/commons-io/commons-io/2.6/commons-io-2.6.jar' 
2022-05-16 10:08:19.501 DEBUG [acme.Launcher@main] Found classpath entry '/C:/Users/alvar/.m2/repository/commons-cli/commons-cli/1.4/commons-cli-1.4.jar' 
2022-05-16 10:08:19.502 DEBUG [acme.Launcher@main] Found classpath entry '/C:/Users/alvar/.m2/repository/org/projectlombok/lombok/1.18.16/lombok-1.18.16.jar' 
2022-05-16 10:08:19.502 DEBUG [acme.Launcher@main] Found classpath entry '/C:/Users/alvar/.m2/repository/com/opencsv/opencsv/5.4/opencsv-5.4.jar' 
2022-05-16 10:08:19.502 DEBUG [acme.Launcher@main] Found classpath entry '/C:/Users/alvar/.m2/repository/commons-beanutils/commons-beanutils/1.9.4/commons-beanutils-1.9.4.jar' 
2022-05-16 10:08:19.503 DEBUG [acme.Launcher@main] Found classpath entry '/C:/Users/alvar/.m2/repository/commons-logging/commons-logging/1.2/commons-logging-1.2.jar' 
2022-05-16 10:08:19.503 DEBUG [acme.Launcher@main] Found classpath entry '/C:/Users/alvar/.m2/repository/commons-collections/commons-collections/3.2.2/commons-collections-3.2.2.jar' 
2022-05-16 10:08:19.503 DEBUG [acme.Launcher@main] Found classpath entry '/C:/Users/alvar/.m2/repository/org/apache/commons/commons-collections4/4.4/commons-collections4-4.4.jar' 
2022-05-16 10:08:19.504 DEBUG [acme.Launcher@main] Found classpath entry '/C:/Users/alvar/Desktop/Universidad/DP%202/Workspace-22.0/Frameworks/Acme-Framework-22.5/target/classes/' 
2022-05-16 10:08:19.504 DEBUG [acme.Launcher@main] Found classpath entry '/C:/Users/alvar/Desktop/Universidad/DP%202/Workspace-22.0/Frameworks/Acme-Framework-22.5/target/test-classes/' 
2022-05-16 10:08:19.504 DEBUG [acme.Launcher@main] Found classpath entry '/C:/Users/alvar/Desktop/Universidad/DP%202/Workspace-22.0/Tools/IDEs/eclipse-jee-2021-12-R/configuration/org.eclipse.osgi/418/0/.cp/lib/javaagent-shaded.jar' 
2022-05-16 10:08:19.663 DEBUG [acme.Launcher@main] Found entity class 'acme.entities.Announcement 
2022-05-16 10:08:19.664 DEBUG [acme.Launcher@main] Found entity class 'acme.entities.Chirp 
2022-05-16 10:08:19.664 DEBUG [acme.Launcher@main] Found entity class 'acme.entities.Currency 
2022-05-16 10:08:19.664 DEBUG [acme.Launcher@main] Found entity class 'acme.entities.Item 
2022-05-16 10:08:19.664 DEBUG [acme.Launcher@main] Found entity class 'acme.entities.Patronage 
2022-05-16 10:08:19.665 DEBUG [acme.Launcher@main] Found entity class 'acme.entities.PatronageReport 
2022-05-16 10:08:19.665 DEBUG [acme.Launcher@main] Found entity class 'acme.entities.Quantity 
2022-05-16 10:08:19.665 DEBUG [acme.Launcher@main] Found entity class 'acme.entities.Spam 
2022-05-16 10:08:19.665 DEBUG [acme.Launcher@main] Found entity class 'acme.entities.Toolkit 
2022-05-16 10:08:19.666 DEBUG [acme.Launcher@main] Found entity class 'acme.roles.Consumer 
2022-05-16 10:08:19.666 DEBUG [acme.Launcher@main] Found entity class 'acme.roles.Inventor 
2022-05-16 10:08:19.666 DEBUG [acme.Launcher@main] Found entity class 'acme.roles.Patron 
2022-05-16 10:08:19.666 DEBUG [acme.Launcher@main] Found entity class 'acme.roles.Provider 
2022-05-16 10:08:19.667 DEBUG [acme.Launcher@main] Found entity class 'acme.framework.entities.UserAccount 
2022-05-16 10:08:19.667 DEBUG [acme.Launcher@main] Found entity class 'acme.framework.roles.Administrator 
2022-05-16 10:08:19.667 DEBUG [acme.Launcher@main] Found entity class 'acme.framework.roles.Anonymous 
2022-05-16 10:08:19.668 DEBUG [acme.Launcher@main] Found entity class 'acme.framework.roles.Any 
2022-05-16 10:08:19.668 DEBUG [acme.Launcher@main] Found entity class 'acme.framework.roles.Authenticated 
2022-05-16 10:08:19.676 INFO  [acme.Launcher@main] Running application (Standalone) 
2022-05-16 10:09:36.537 DEBUG [acme.framework.controllers.AbstractController@http-nio-8080-exec-1] DISPATCHING GET /acme-one-3.0/inventor/item/createadfqwefqwer 
2022-05-16 10:09:36.538 DEBUG [acme.framework.controllers.AbstractController@http-nio-8080-exec-1] Command: createadfqwefqwer 
2022-05-16 10:09:36.538 DEBUG [acme.framework.controllers.AbstractController@http-nio-8080-exec-1] Model:   {} 
2022-05-16 10:09:36.538 DEBUG [acme.framework.controllers.AbstractController@http-nio-8080-exec-1] Locale:  en 
2022-05-16 10:09:36.596 DEBUG [acme.framework.configuration.ExtendedMessageSource@http-nio-8080-exec-1] Loading properties [C:\Users\alvar\Desktop\Universidad\DP 2\Workspace-22.0\Projects\Acme-One\target\classes\WEB-INF\views\administrator\announcement\messsages-en.i18n] with encoding 'utf-8' 
2022-05-16 10:09:36.598 DEBUG [acme.framework.configuration.ExtendedMessageSource@http-nio-8080-exec-1] Loading properties [C:\Users\alvar\Desktop\Universidad\DP 2\Workspace-22.0\Projects\Acme-One\target\classes\WEB-INF\views\administrator\dashboard\messsages-en.i18n] with encoding 'utf-8' 
2022-05-16 10:09:36.600 DEBUG [acme.framework.configuration.ExtendedMessageSource@http-nio-8080-exec-1] Loading properties [C:\Users\alvar\Desktop\Universidad\DP 2\Workspace-22.0\Projects\Acme-One\target\classes\WEB-INF\views\administrator\system-configuration\messsages-en.i18n] with encoding 'utf-8' 
2022-05-16 10:09:36.602 DEBUG [acme.framework.configuration.ExtendedMessageSource@http-nio-8080-exec-1] Loading properties [C:\Users\alvar\Desktop\Universidad\DP 2\Workspace-22.0\Projects\Acme-One\target\classes\WEB-INF\views\administrator\user-account\messages-en.i18n] with encoding 'utf-8' 
2022-05-16 10:09:36.604 DEBUG [acme.framework.configuration.ExtendedMessageSource@http-nio-8080-exec-1] Loading properties [C:\Users\alvar\Desktop\Universidad\DP 2\Workspace-22.0\Projects\Acme-One\target\classes\WEB-INF\views\anonymous\user-account\mesagges-en.i18n] with encoding 'utf-8' 
2022-05-16 10:09:36.606 DEBUG [acme.framework.configuration.ExtendedMessageSource@http-nio-8080-exec-1] Loading properties [C:\Users\alvar\Desktop\Universidad\DP 2\Workspace-22.0\Projects\Acme-One\target\classes\WEB-INF\views\any\chirp\mesagges-en.i18n] with encoding 'utf-8' 
2022-05-16 10:09:36.607 DEBUG [acme.framework.configuration.ExtendedMessageSource@http-nio-8080-exec-1] Loading properties [C:\Users\alvar\Desktop\Universidad\DP 2\Workspace-22.0\Projects\Acme-One\target\classes\WEB-INF\views\any\item\mesagges-en.i18n] with encoding 'utf-8' 
2022-05-16 10:09:36.609 DEBUG [acme.framework.configuration.ExtendedMessageSource@http-nio-8080-exec-1] Loading properties [C:\Users\alvar\Desktop\Universidad\DP 2\Workspace-22.0\Projects\Acme-One\target\classes\WEB-INF\views\any\toolkit\mesagges-en.i18n] with encoding 'utf-8' 
2022-05-16 10:09:36.611 DEBUG [acme.framework.configuration.ExtendedMessageSource@http-nio-8080-exec-1] Loading properties [C:\Users\alvar\Desktop\Universidad\DP 2\Workspace-22.0\Projects\Acme-One\target\classes\WEB-INF\views\any\user-account\mesagges-en.i18n] with encoding 'utf-8' 
2022-05-16 10:09:36.613 DEBUG [acme.framework.configuration.ExtendedMessageSource@http-nio-8080-exec-1] Loading properties [C:\Users\alvar\Desktop\Universidad\DP 2\Workspace-22.0\Projects\Acme-One\target\classes\WEB-INF\views\authenticated\announcement\messsages-en.i18n] with encoding 'utf-8' 
2022-05-16 10:09:36.615 DEBUG [acme.framework.configuration.ExtendedMessageSource@http-nio-8080-exec-1] Loading properties [C:\Users\alvar\Desktop\Universidad\DP 2\Workspace-22.0\Projects\Acme-One\target\classes\WEB-INF\views\authenticated\consumer\messsages-en.i18n] with encoding 'utf-8' 
2022-05-16 10:09:36.617 DEBUG [acme.framework.configuration.ExtendedMessageSource@http-nio-8080-exec-1] Loading properties [C:\Users\alvar\Desktop\Universidad\DP 2\Workspace-22.0\Projects\Acme-One\target\classes\WEB-INF\views\authenticated\currency\messsages-en.i18n] with encoding 'utf-8' 
2022-05-16 10:09:36.618 DEBUG [acme.framework.configuration.ExtendedMessageSource@http-nio-8080-exec-1] Loading properties [C:\Users\alvar\Desktop\Universidad\DP 2\Workspace-22.0\Projects\Acme-One\target\classes\WEB-INF\views\authenticated\inventor\messsages-en.i18n] with encoding 'utf-8' 
2022-05-16 10:09:36.620 DEBUG [acme.framework.configuration.ExtendedMessageSource@http-nio-8080-exec-1] Loading properties [C:\Users\alvar\Desktop\Universidad\DP 2\Workspace-22.0\Projects\Acme-One\target\classes\WEB-INF\views\authenticated\patron\messsages-en.i18n] with encoding 'utf-8' 
2022-05-16 10:09:36.621 DEBUG [acme.framework.configuration.ExtendedMessageSource@http-nio-8080-exec-1] Loading properties [C:\Users\alvar\Desktop\Universidad\DP 2\Workspace-22.0\Projects\Acme-One\target\classes\WEB-INF\views\authenticated\provider\messsages-en.i18n] with encoding 'utf-8' 
2022-05-16 10:09:36.622 DEBUG [acme.framework.configuration.ExtendedMessageSource@http-nio-8080-exec-1] Loading properties [C:\Users\alvar\Desktop\Universidad\DP 2\Workspace-22.0\Projects\Acme-One\target\classes\WEB-INF\views\authenticated\spam\messsages-en.i18n] with encoding 'utf-8' 
2022-05-16 10:09:36.623 DEBUG [acme.framework.configuration.ExtendedMessageSource@http-nio-8080-exec-1] Loading properties [C:\Users\alvar\Desktop\Universidad\DP 2\Workspace-22.0\Projects\Acme-One\target\classes\WEB-INF\views\fragments\banner-en.i18n] with encoding 'utf-8' 
2022-05-16 10:09:36.625 DEBUG [acme.framework.configuration.ExtendedMessageSource@http-nio-8080-exec-1] Loading properties [C:\Users\alvar\Desktop\Universidad\DP 2\Workspace-22.0\Projects\Acme-One\target\classes\WEB-INF\views\fragments\company-en.i18n] with encoding 'utf-8' 
2022-05-16 10:09:36.627 DEBUG [acme.framework.configuration.ExtendedMessageSource@http-nio-8080-exec-1] Loading properties [C:\Users\alvar\Desktop\Universidad\DP 2\Workspace-22.0\Projects\Acme-One\target\classes\WEB-INF\views\fragments\footer-en.i18n] with encoding 'utf-8' 
2022-05-16 10:09:36.629 DEBUG [acme.framework.configuration.ExtendedMessageSource@http-nio-8080-exec-1] Loading properties [C:\Users\alvar\Desktop\Universidad\DP 2\Workspace-22.0\Projects\Acme-One\target\classes\WEB-INF\views\fragments\license-en.i18n] with encoding 'utf-8' 
2022-05-16 10:09:36.631 DEBUG [acme.framework.configuration.ExtendedMessageSource@http-nio-8080-exec-1] Loading properties [C:\Users\alvar\Desktop\Universidad\DP 2\Workspace-22.0\Projects\Acme-One\target\classes\WEB-INF\views\fragments\menu-en.i18n] with encoding 'utf-8' 
2022-05-16 10:09:36.633 DEBUG [acme.framework.configuration.ExtendedMessageSource@http-nio-8080-exec-1] Loading properties [C:\Users\alvar\Desktop\Universidad\DP 2\Workspace-22.0\Projects\Acme-One\target\classes\WEB-INF\views\fragments\messsages-en.i18n] with encoding 'utf-8' 
2022-05-16 10:09:36.635 DEBUG [acme.framework.configuration.ExtendedMessageSource@http-nio-8080-exec-1] Loading properties [C:\Users\alvar\Desktop\Universidad\DP 2\Workspace-22.0\Projects\Acme-One\target\classes\WEB-INF\views\fragments\title-en.i18n] with encoding 'utf-8' 
2022-05-16 10:09:36.636 DEBUG [acme.framework.configuration.ExtendedMessageSource@http-nio-8080-exec-1] Loading properties [C:\Users\alvar\Desktop\Universidad\DP 2\Workspace-22.0\Projects\Acme-One\target\classes\WEB-INF\views\fragments\welcome-en.i18n] with encoding 'utf-8' 
2022-05-16 10:09:36.637 DEBUG [acme.framework.configuration.ExtendedMessageSource@http-nio-8080-exec-1] Loading properties [C:\Users\alvar\Desktop\Universidad\DP 2\Workspace-22.0\Projects\Acme-One\target\classes\WEB-INF\views\inventor\item\messagges-en.i18n] with encoding 'utf-8' 
2022-05-16 10:09:36.639 DEBUG [acme.framework.configuration.ExtendedMessageSource@http-nio-8080-exec-1] Loading properties [C:\Users\alvar\Desktop\Universidad\DP 2\Workspace-22.0\Projects\Acme-One\target\classes\WEB-INF\views\inventor\patronage\messsages-en.i18n] with encoding 'utf-8' 
2022-05-16 10:09:36.641 DEBUG [acme.framework.configuration.ExtendedMessageSource@http-nio-8080-exec-1] Loading properties [C:\Users\alvar\Desktop\Universidad\DP 2\Workspace-22.0\Projects\Acme-One\target\classes\WEB-INF\views\inventor\patronage-report\messsages-en.i18n] with encoding 'utf-8' 
2022-05-16 10:09:36.642 DEBUG [acme.framework.configuration.ExtendedMessageSource@http-nio-8080-exec-1] Loading properties [C:\Users\alvar\Desktop\Universidad\DP 2\Workspace-22.0\Projects\Acme-One\target\classes\WEB-INF\views\inventor\toolkit\messsages-en.i18n] with encoding 'utf-8' 
2022-05-16 10:09:36.644 DEBUG [acme.framework.configuration.ExtendedMessageSource@http-nio-8080-exec-1] Loading properties [C:\Users\alvar\Desktop\Universidad\DP 2\Workspace-22.0\Projects\Acme-One\target\classes\WEB-INF\views\master\defaults-en.i18n] with encoding 'utf-8' 
2022-05-16 10:09:36.646 DEBUG [acme.framework.configuration.ExtendedMessageSource@http-nio-8080-exec-1] Loading properties [C:\Users\alvar\Desktop\Universidad\DP 2\Workspace-22.0\Projects\Acme-One\target\classes\WEB-INF\views\master\master-en.i18n] with encoding 'utf-8' 
2022-05-16 10:09:36.647 DEBUG [acme.framework.configuration.ExtendedMessageSource@http-nio-8080-exec-1] Loading properties [C:\Users\alvar\Desktop\Universidad\DP 2\Workspace-22.0\Projects\Acme-One\target\classes\WEB-INF\views\master\throwables-en.i18n] with encoding 'utf-8' 
2022-05-16 10:09:36.648 DEBUG [acme.framework.configuration.ExtendedMessageSource@http-nio-8080-exec-1] Loading properties [C:\Users\alvar\Desktop\Universidad\DP 2\Workspace-22.0\Projects\Acme-One\target\classes\WEB-INF\views\master\validation-en.i18n] with encoding 'utf-8' 
2022-05-16 10:09:36.649 DEBUG [acme.framework.configuration.ExtendedMessageSource@http-nio-8080-exec-1] Loading properties [C:\Users\alvar\Desktop\Universidad\DP 2\Workspace-22.0\Projects\Acme-One\target\classes\WEB-INF\views\patron\dashboard\messsages-en.i18n] with encoding 'utf-8' 
2022-05-16 10:09:36.650 DEBUG [acme.framework.configuration.ExtendedMessageSource@http-nio-8080-exec-1] Loading properties [C:\Users\alvar\Desktop\Universidad\DP 2\Workspace-22.0\Projects\Acme-One\target\classes\WEB-INF\views\patron\inventor\messsages-en.i18n] with encoding 'utf-8' 
2022-05-16 10:09:36.651 DEBUG [acme.framework.configuration.ExtendedMessageSource@http-nio-8080-exec-1] Loading properties [C:\Users\alvar\Desktop\Universidad\DP 2\Workspace-22.0\Projects\Acme-One\target\classes\WEB-INF\views\patron\patronage\messsages-en.i18n] with encoding 'utf-8' 
2022-05-16 10:09:36.652 DEBUG [acme.framework.configuration.ExtendedMessageSource@http-nio-8080-exec-1] Loading properties [C:\Users\alvar\Desktop\Universidad\DP 2\Workspace-22.0\Projects\Acme-One\target\classes\WEB-INF\views\patron\patronage-report\messsages-en.i18n] with encoding 'utf-8' 
2022-05-16 10:09:36.662 DEBUG [acme.framework.controllers.AbstractController@http-nio-8080-exec-1] SERVING GET /acme-one-3.0/inventor/item/createadfqwefqwer 
2022-05-16 10:09:36.663 DEBUG [acme.framework.controllers.AbstractController@http-nio-8080-exec-1] Result: ModelAndView [view="master/panic"; model={oops=java.lang.IllegalStateException: End-point not available}] 
2022-05-16 10:09:36.704 DEBUG [acme.framework.components.tiles.DynamicTilesView@http-nio-8080-exec-1] View name 'master/panic', model {oops=java.lang.IllegalStateException: End-point not available, org.springframework.validation.BindingResult.oops=org.springframework.validation.BeanPropertyBindingResult: 0 errors} 
2022-05-16 10:09:36.738 DEBUG [org.apache.tiles.definition.dao.BaseLocaleUrlDefinitionDAO@http-nio-8080-exec-1] File Resource file:/C:/Users/alvar/Desktop/Universidad/DP%202/Workspace-22.0/Projects/Acme-One/target/classes/WEB-INF/views/master/tiles_en.xml at file:/C:/Users/alvar/Desktop/Universidad/DP%202/Workspace-22.0/Projects/Acme-One/target/classes/WEB-INF/views/master/tiles_en.xml not found, continue 
2022-05-16 10:09:36.754 DEBUG [org.apache.jasper.servlet.JspServlet@http-nio-8080-exec-1] JspEngine --> /WEB-INF/views/master/page.jsp 
2022-05-16 10:09:36.755 DEBUG [org.apache.jasper.servlet.JspServlet@http-nio-8080-exec-1] ServletPath: /WEB-INF/views/master/page.jsp 
2022-05-16 10:09:36.756 DEBUG [org.apache.jasper.servlet.JspServlet@http-nio-8080-exec-1] PathInfo: null 
2022-05-16 10:09:36.759 DEBUG [org.apache.jasper.servlet.JspServlet@http-nio-8080-exec-1] RealPath: C:\Users\alvar\Desktop\Universidad\DP 2\Workspace-22.0\Projects\Acme-One\target\classes\WEB-INF\views\master\page.jsp 
2022-05-16 10:09:36.760 DEBUG [org.apache.jasper.servlet.JspServlet@http-nio-8080-exec-1] RequestURI: /acme-one-3.0/WEB-INF/views/master/page.jsp 
2022-05-16 10:09:36.761 DEBUG [org.apache.jasper.servlet.JspServlet@http-nio-8080-exec-1] QueryString: null 
2022-05-16 10:09:42.120 DEBUG [acme.framework.components.tiles.DynamicTilesView@http-nio-8080-exec-4] View name 'fragments/welcome', model {} 
2022-05-16 10:09:42.122 DEBUG [org.apache.jasper.servlet.JspServlet@http-nio-8080-exec-4] JspEngine --> /WEB-INF/views/master/page.jsp 
2022-05-16 10:09:42.123 DEBUG [org.apache.jasper.servlet.JspServlet@http-nio-8080-exec-4] ServletPath: /WEB-INF/views/master/page.jsp 
2022-05-16 10:09:42.124 DEBUG [org.apache.jasper.servlet.JspServlet@http-nio-8080-exec-4] PathInfo: null 
2022-05-16 10:09:42.128 DEBUG [org.apache.jasper.servlet.JspServlet@http-nio-8080-exec-4] RealPath: C:\Users\alvar\Desktop\Universidad\DP 2\Workspace-22.0\Projects\Acme-One\target\classes\WEB-INF\views\master\page.jsp 
2022-05-16 10:09:42.129 DEBUG [org.apache.jasper.servlet.JspServlet@http-nio-8080-exec-4] RequestURI: /acme-one-3.0/WEB-INF/views/master/page.jsp 
2022-05-16 10:09:42.130 DEBUG [org.apache.jasper.servlet.JspServlet@http-nio-8080-exec-4] QueryString: null 
2022-05-16 10:09:45.123 DEBUG [org.apache.jasper.servlet.JspServlet@http-nio-8080-exec-1] JspEngine --> /WEB-INF/views/master/panic.jsp 
2022-05-16 10:09:45.123 DEBUG [org.apache.jasper.servlet.JspServlet@http-nio-8080-exec-4] JspEngine --> /WEB-INF/views/fragments/welcome.jsp 
2022-05-16 10:09:45.124 DEBUG [org.apache.jasper.servlet.JspServlet@http-nio-8080-exec-1] ServletPath: /WEB-INF/views/master/page.jsp 
2022-05-16 10:09:45.124 DEBUG [org.apache.jasper.servlet.JspServlet@http-nio-8080-exec-4] ServletPath: /WEB-INF/views/master/page.jsp 
2022-05-16 10:09:45.125 DEBUG [org.apache.jasper.servlet.JspServlet@http-nio-8080-exec-4] PathInfo: null 
2022-05-16 10:09:45.125 DEBUG [org.apache.jasper.servlet.JspServlet@http-nio-8080-exec-1] PathInfo: null 
2022-05-16 10:09:45.129 DEBUG [org.apache.jasper.servlet.JspServlet@http-nio-8080-exec-4] RealPath: C:\Users\alvar\Desktop\Universidad\DP 2\Workspace-22.0\Projects\Acme-One\target\classes\WEB-INF\views\fragments\welcome.jsp 
2022-05-16 10:09:45.129 DEBUG [org.apache.jasper.servlet.JspServlet@http-nio-8080-exec-1] RealPath: C:\Users\alvar\Desktop\Universidad\DP 2\Workspace-22.0\Projects\Acme-One\target\classes\WEB-INF\views\master\panic.jsp 
2022-05-16 10:09:45.130 DEBUG [org.apache.jasper.servlet.JspServlet@http-nio-8080-exec-4] RequestURI: /acme-one-3.0/WEB-INF/views/master/page.jsp 
2022-05-16 10:09:45.131 DEBUG [org.apache.jasper.servlet.JspServlet@http-nio-8080-exec-1] RequestURI: /acme-one-3.0/WEB-INF/views/master/page.jsp 
2022-05-16 10:09:45.131 DEBUG [org.apache.jasper.servlet.JspServlet@http-nio-8080-exec-4] QueryString: null 
2022-05-16 10:09:45.132 DEBUG [org.apache.jasper.servlet.JspServlet@http-nio-8080-exec-1] QueryString: null 
2022-05-16 10:09:45.543 ERROR [org.apache.jsp.WEB_002dINF.views.master.panic_jsp@http-nio-8080-exec-1] HTTP GET /acme-one-3.0/WEB-INF/views/master/page.jsp HTTP/1.1 
2022-05-16 10:09:45.545 ERROR [org.apache.jsp.WEB_002dINF.views.master.panic_jsp@http-nio-8080-exec-1] Status: 500 
2022-05-16 10:09:45.547 ERROR [org.apache.jsp.WEB_002dINF.views.master.panic_jsp@http-nio-8080-exec-1] Exception: acme.framework.helpers.Assert.state(Assert.java:45): End-point not available 
2022-05-16 10:09:45.889 DEBUG [org.hibernate.SQL@http-nio-8080-exec-1] select useraccoun0_.id as id1_0_, useraccoun0_.version as version2_0_, useraccoun0_.enabled as enabled1_18_, useraccoun0_.identity as identity2_18_, useraccoun0_.password as password3_18_, useraccoun0_.username as username4_18_ from user_account useraccoun0_ where useraccoun0_.username=? 
2022-05-16 10:09:45.889 DEBUG [org.hibernate.SQL@http-nio-8080-exec-4] select useraccoun0_.id as id1_0_, useraccoun0_.version as version2_0_, useraccoun0_.enabled as enabled1_18_, useraccoun0_.identity as identity2_18_, useraccoun0_.password as password3_18_, useraccoun0_.username as username4_18_ from user_account useraccoun0_ where useraccoun0_.username=? 
2022-05-16 10:09:45.935 TRACE [org.hibernate.type.descriptor.sql.BasicBinder@http-nio-8080-exec-4] binding parameter [1] as [VARCHAR] - [anonymous] 
2022-05-16 10:09:45.935 TRACE [org.hibernate.type.descriptor.sql.BasicBinder@http-nio-8080-exec-1] binding parameter [1] as [VARCHAR] - [anonymous] 
2022-05-16 10:09:46.047 DEBUG [org.hibernate.SQL@http-nio-8080-exec-4] select roles0_.user_account_id as user_acc1_19_0_, roles0_.id as id1_19_0_, roles0_.id as id1_0_1_, roles0_.version as version2_0_1_, roles0_.user_account_id as user_acc1_19_1_, roles0_.company as company1_7_1_, roles0_.sector as sector2_7_1_, roles0_.company as company1_9_1_, roles0_.link as link2_9_1_, roles0_.statement as statemen3_9_1_, roles0_.company as company1_11_1_, roles0_.link as link2_11_1_, roles0_.statement as statemen3_11_1_, roles0_.company as company1_14_1_, roles0_.sector as sector2_14_1_, roles0_.clazz_ as clazz_1_ from ( select id, version, user_account_id, company, sector, null as link, null as statement, 11 as clazz_ from consumer union all select id, version, user_account_id, company, null as sector, link, statement, 12 as clazz_ from inventor union all select id, version, user_account_id, company, null as sector, link, statement, 13 as clazz_ from patron union all select id, version, user_account_id, company, sector, null as link, null as statement, 14 as clazz_ from provider union all select id, version, user_account_id, null as company, null as sector, null as link, null as statement, 16 as clazz_ from administrator union all select id, version, user_account_id, null as company, null as sector, null as link, null as statement, 17 as clazz_ from anonymous union all select id, version, user_account_id, null as company, null as sector, null as link, null as statement, 18 as clazz_ from any union all select id, version, user_account_id, null as company, null as sector, null as link, null as statement, 19 as clazz_ from authenticated ) roles0_ where roles0_.user_account_id=? 
2022-05-16 10:09:46.047 DEBUG [org.hibernate.SQL@http-nio-8080-exec-1] select roles0_.user_account_id as user_acc1_19_0_, roles0_.id as id1_19_0_, roles0_.id as id1_0_1_, roles0_.version as version2_0_1_, roles0_.user_account_id as user_acc1_19_1_, roles0_.company as company1_7_1_, roles0_.sector as sector2_7_1_, roles0_.company as company1_9_1_, roles0_.link as link2_9_1_, roles0_.statement as statemen3_9_1_, roles0_.company as company1_11_1_, roles0_.link as link2_11_1_, roles0_.statement as statemen3_11_1_, roles0_.company as company1_14_1_, roles0_.sector as sector2_14_1_, roles0_.clazz_ as clazz_1_ from ( select id, version, user_account_id, company, sector, null as link, null as statement, 11 as clazz_ from consumer union all select id, version, user_account_id, company, null as sector, link, statement, 12 as clazz_ from inventor union all select id, version, user_account_id, company, null as sector, link, statement, 13 as clazz_ from patron union all select id, version, user_account_id, company, sector, null as link, null as statement, 14 as clazz_ from provider union all select id, version, user_account_id, null as company, null as sector, null as link, null as statement, 16 as clazz_ from administrator union all select id, version, user_account_id, null as company, null as sector, null as link, null as statement, 17 as clazz_ from anonymous union all select id, version, user_account_id, null as company, null as sector, null as link, null as statement, 18 as clazz_ from any union all select id, version, user_account_id, null as company, null as sector, null as link, null as statement, 19 as clazz_ from authenticated ) roles0_ where roles0_.user_account_id=? 
2022-05-16 10:09:46.050 TRACE [org.hibernate.type.descriptor.sql.BasicBinder@http-nio-8080-exec-4] binding parameter [1] as [INTEGER] - [1] 
2022-05-16 10:09:46.050 TRACE [org.hibernate.type.descriptor.sql.BasicBinder@http-nio-8080-exec-1] binding parameter [1] as [INTEGER] - [1] 
2022-05-16 10:09:48.719 DEBUG [acme.framework.components.tiles.DynamicTilesView@http-nio-8080-exec-7] View name 'master/sign-in', model {username=, password=, remember=false} 
2022-05-16 10:09:48.721 DEBUG [org.apache.jasper.servlet.JspServlet@http-nio-8080-exec-7] JspEngine --> /WEB-INF/views/master/page.jsp 
2022-05-16 10:09:48.721 DEBUG [org.apache.jasper.servlet.JspServlet@http-nio-8080-exec-7] ServletPath: /WEB-INF/views/master/page.jsp 
2022-05-16 10:09:48.722 DEBUG [org.apache.jasper.servlet.JspServlet@http-nio-8080-exec-7] PathInfo: null 
2022-05-16 10:09:48.725 DEBUG [org.apache.jasper.servlet.JspServlet@http-nio-8080-exec-7] RealPath: C:\Users\alvar\Desktop\Universidad\DP 2\Workspace-22.0\Projects\Acme-One\target\classes\WEB-INF\views\master\page.jsp 
2022-05-16 10:09:48.726 DEBUG [org.apache.jasper.servlet.JspServlet@http-nio-8080-exec-7] RequestURI: /acme-one-3.0/WEB-INF/views/master/page.jsp 
2022-05-16 10:09:48.727 DEBUG [org.apache.jasper.servlet.JspServlet@http-nio-8080-exec-7] QueryString: null 
2022-05-16 10:09:49.213 DEBUG [org.apache.jasper.servlet.JspServlet@http-nio-8080-exec-7] JspEngine --> /WEB-INF/views/master/sign-in.jsp 
2022-05-16 10:09:49.214 DEBUG [org.apache.jasper.servlet.JspServlet@http-nio-8080-exec-7] ServletPath: /WEB-INF/views/master/page.jsp 
2022-05-16 10:09:49.215 DEBUG [org.apache.jasper.servlet.JspServlet@http-nio-8080-exec-7] PathInfo: null 
2022-05-16 10:09:49.216 DEBUG [org.apache.jasper.servlet.JspServlet@http-nio-8080-exec-7] RealPath: C:\Users\alvar\Desktop\Universidad\DP 2\Workspace-22.0\Projects\Acme-One\target\classes\WEB-INF\views\master\sign-in.jsp 
2022-05-16 10:09:49.217 DEBUG [org.apache.jasper.servlet.JspServlet@http-nio-8080-exec-7] RequestURI: /acme-one-3.0/WEB-INF/views/master/page.jsp 
2022-05-16 10:09:49.217 DEBUG [org.apache.jasper.servlet.JspServlet@http-nio-8080-exec-7] QueryString: null 
2022-05-16 10:09:52.142 DEBUG [org.hibernate.SQL@http-nio-8080-exec-7] select useraccoun0_.id as id1_0_, useraccoun0_.version as version2_0_, useraccoun0_.enabled as enabled1_18_, useraccoun0_.identity as identity2_18_, useraccoun0_.password as password3_18_, useraccoun0_.username as username4_18_ from user_account useraccoun0_ where useraccoun0_.username=? 
2022-05-16 10:09:52.144 TRACE [org.hibernate.type.descriptor.sql.BasicBinder@http-nio-8080-exec-7] binding parameter [1] as [VARCHAR] - [anonymous] 
2022-05-16 10:09:52.147 DEBUG [org.hibernate.SQL@http-nio-8080-exec-7] select roles0_.user_account_id as user_acc1_19_0_, roles0_.id as id1_19_0_, roles0_.id as id1_0_1_, roles0_.version as version2_0_1_, roles0_.user_account_id as user_acc1_19_1_, roles0_.company as company1_7_1_, roles0_.sector as sector2_7_1_, roles0_.company as company1_9_1_, roles0_.link as link2_9_1_, roles0_.statement as statemen3_9_1_, roles0_.company as company1_11_1_, roles0_.link as link2_11_1_, roles0_.statement as statemen3_11_1_, roles0_.company as company1_14_1_, roles0_.sector as sector2_14_1_, roles0_.clazz_ as clazz_1_ from ( select id, version, user_account_id, company, sector, null as link, null as statement, 11 as clazz_ from consumer union all select id, version, user_account_id, company, null as sector, link, statement, 12 as clazz_ from inventor union all select id, version, user_account_id, company, null as sector, link, statement, 13 as clazz_ from patron union all select id, version, user_account_id, company, sector, null as link, null as statement, 14 as clazz_ from provider union all select id, version, user_account_id, null as company, null as sector, null as link, null as statement, 16 as clazz_ from administrator union all select id, version, user_account_id, null as company, null as sector, null as link, null as statement, 17 as clazz_ from anonymous union all select id, version, user_account_id, null as company, null as sector, null as link, null as statement, 18 as clazz_ from any union all select id, version, user_account_id, null as company, null as sector, null as link, null as statement, 19 as clazz_ from authenticated ) roles0_ where roles0_.user_account_id=? 
2022-05-16 10:09:52.148 TRACE [org.hibernate.type.descriptor.sql.BasicBinder@http-nio-8080-exec-7] binding parameter [1] as [INTEGER] - [1] 
2022-05-16 10:10:02.030 DEBUG [org.hibernate.SQL@http-nio-8080-exec-7] select useraccoun0_.id as id1_0_, useraccoun0_.version as version2_0_, useraccoun0_.enabled as enabled1_18_, useraccoun0_.identity as identity2_18_, useraccoun0_.password as password3_18_, useraccoun0_.username as username4_18_ from user_account useraccoun0_ where useraccoun0_.username=? 
2022-05-16 10:10:02.032 TRACE [org.hibernate.type.descriptor.sql.BasicBinder@http-nio-8080-exec-7] binding parameter [1] as [VARCHAR] - [inventor2] 
2022-05-16 10:10:02.035 DEBUG [org.hibernate.SQL@http-nio-8080-exec-7] select roles0_.user_account_id as user_acc1_19_0_, roles0_.id as id1_19_0_, roles0_.id as id1_0_1_, roles0_.version as version2_0_1_, roles0_.user_account_id as user_acc1_19_1_, roles0_.company as company1_7_1_, roles0_.sector as sector2_7_1_, roles0_.company as company1_9_1_, roles0_.link as link2_9_1_, roles0_.statement as statemen3_9_1_, roles0_.company as company1_11_1_, roles0_.link as link2_11_1_, roles0_.statement as statemen3_11_1_, roles0_.company as company1_14_1_, roles0_.sector as sector2_14_1_, roles0_.clazz_ as clazz_1_ from ( select id, version, user_account_id, company, sector, null as link, null as statement, 11 as clazz_ from consumer union all select id, version, user_account_id, company, null as sector, link, statement, 12 as clazz_ from inventor union all select id, version, user_account_id, company, null as sector, link, statement, 13 as clazz_ from patron union all select id, version, user_account_id, company, sector, null as link, null as statement, 14 as clazz_ from provider union all select id, version, user_account_id, null as company, null as sector, null as link, null as statement, 16 as clazz_ from administrator union all select id, version, user_account_id, null as company, null as sector, null as link, null as statement, 17 as clazz_ from anonymous union all select id, version, user_account_id, null as company, null as sector, null as link, null as statement, 18 as clazz_ from any union all select id, version, user_account_id, null as company, null as sector, null as link, null as statement, 19 as clazz_ from authenticated ) roles0_ where roles0_.user_account_id=? 
2022-05-16 10:10:02.036 TRACE [org.hibernate.type.descriptor.sql.BasicBinder@http-nio-8080-exec-7] binding parameter [1] as [INTEGER] - [3] 
2022-05-16 10:10:02.072 DEBUG [acme.framework.components.tiles.DynamicTilesView@http-nio-8080-exec-9] View name 'fragments/welcome', model {} 
2022-05-16 10:10:02.075 DEBUG [org.apache.jasper.servlet.JspServlet@http-nio-8080-exec-9] JspEngine --> /WEB-INF/views/master/page.jsp 
2022-05-16 10:10:02.075 DEBUG [org.apache.jasper.servlet.JspServlet@http-nio-8080-exec-9] ServletPath: /WEB-INF/views/master/page.jsp 
2022-05-16 10:10:02.076 DEBUG [org.apache.jasper.servlet.JspServlet@http-nio-8080-exec-9] PathInfo: null 
2022-05-16 10:10:02.079 DEBUG [org.apache.jasper.servlet.JspServlet@http-nio-8080-exec-9] RealPath: C:\Users\alvar\Desktop\Universidad\DP 2\Workspace-22.0\Projects\Acme-One\target\classes\WEB-INF\views\master\page.jsp 
2022-05-16 10:10:02.080 DEBUG [org.apache.jasper.servlet.JspServlet@http-nio-8080-exec-9] RequestURI: /acme-one-3.0/WEB-INF/views/master/page.jsp 
2022-05-16 10:10:02.081 DEBUG [org.apache.jasper.servlet.JspServlet@http-nio-8080-exec-9] QueryString: null 
2022-05-16 10:10:02.553 DEBUG [org.apache.jasper.servlet.JspServlet@http-nio-8080-exec-9] JspEngine --> /WEB-INF/views/fragments/welcome.jsp 
2022-05-16 10:10:02.554 DEBUG [org.apache.jasper.servlet.JspServlet@http-nio-8080-exec-9] ServletPath: /WEB-INF/views/master/page.jsp 
2022-05-16 10:10:02.554 DEBUG [org.apache.jasper.servlet.JspServlet@http-nio-8080-exec-9] PathInfo: null 
2022-05-16 10:10:02.557 DEBUG [org.apache.jasper.servlet.JspServlet@http-nio-8080-exec-9] RealPath: C:\Users\alvar\Desktop\Universidad\DP 2\Workspace-22.0\Projects\Acme-One\target\classes\WEB-INF\views\fragments\welcome.jsp 
2022-05-16 10:10:02.558 DEBUG [org.apache.jasper.servlet.JspServlet@http-nio-8080-exec-9] RequestURI: /acme-one-3.0/WEB-INF/views/master/page.jsp 
2022-05-16 10:10:02.558 DEBUG [org.apache.jasper.servlet.JspServlet@http-nio-8080-exec-9] QueryString: null 
2022-05-16 10:10:07.203 DEBUG [acme.framework.controllers.AbstractController@http-nio-8080-exec-10] DISPATCHING GET /acme-one-3.0/inventor/item/list-my-tools 
2022-05-16 10:10:07.203 DEBUG [acme.framework.controllers.AbstractController@http-nio-8080-exec-10] Command: list-my-tools 
2022-05-16 10:10:07.203 DEBUG [acme.framework.controllers.AbstractController@http-nio-8080-exec-10] Model:   {} 
2022-05-16 10:10:07.203 DEBUG [acme.framework.controllers.AbstractController@http-nio-8080-exec-10] Locale:  en 
2022-05-16 10:10:07.230 DEBUG [org.hibernate.SQL@http-nio-8080-exec-10] select item0_.id as id1_0_, item0_.version as version2_0_, item0_.code as code1_10_, item0_.description as descript2_10_, item0_.inventor_id as invento10_10_, item0_.link as link3_10_, item0_.name as name4_10_, item0_.published as publishe5_10_, item0_.retail_price_amount as retail_p6_10_, item0_.retail_price_currency as retail_p7_10_, item0_.technology as technolo8_10_, item0_.type as type9_10_ from item item0_ where item0_.inventor_id=? and item0_.type=0 
2022-05-16 10:10:07.231 TRACE [org.hibernate.type.descriptor.sql.BasicBinder@http-nio-8080-exec-10] binding parameter [1] as [INTEGER] - [21] 
2022-05-16 10:10:07.235 DEBUG [org.hibernate.SQL@http-nio-8080-exec-10] select inventor0_.id as id1_0_0_, inventor0_.version as version2_0_0_, inventor0_.user_account_id as user_acc1_19_0_, inventor0_.company as company1_9_0_, inventor0_.link as link2_9_0_, inventor0_.statement as statemen3_9_0_, useraccoun1_.id as id1_0_1_, useraccoun1_.version as version2_0_1_, useraccoun1_.enabled as enabled1_18_1_, useraccoun1_.identity as identity2_18_1_, useraccoun1_.password as password3_18_1_, useraccoun1_.username as username4_18_1_ from inventor inventor0_ inner join user_account useraccoun1_ on inventor0_.user_account_id=useraccoun1_.id where inventor0_.id=? 
2022-05-16 10:10:07.235 TRACE [org.hibernate.type.descriptor.sql.BasicBinder@http-nio-8080-exec-10] binding parameter [1] as [INTEGER] - [21] 
2022-05-16 10:10:07.291 DEBUG [acme.framework.controllers.AbstractController@http-nio-8080-exec-10] SERVING GET /acme-one-3.0/inventor/item/list-my-tools 
2022-05-16 10:10:07.293 DEBUG [acme.framework.controllers.AbstractController@http-nio-8080-exec-10] Result: ModelAndView [view="inventor/item/list"; model={type[0]=TOOL, version[0]=0, id[0]=41, list$size=1, name[0]=Discord, retailPrice[0]=<<GBP 5.00>>, command=list-my-tools, principal=acme.framework.entities.Principal@c178744}] 
2022-05-16 10:10:07.294 DEBUG [acme.framework.components.tiles.DynamicTilesView@http-nio-8080-exec-10] View name 'inventor/item/list', model {type[0]=TOOL, version[0]=0, id[0]=41, list$size=1, name[0]=Discord, retailPrice[0]=<<GBP 5.00>>, command=list-my-tools, principal=acme.framework.entities.Principal@c178744, org.springframework.validation.BindingResult.retailPrice[0]=org.springframework.validation.BeanPropertyBindingResult: 0 errors, org.springframework.validation.BindingResult.principal=org.springframework.validation.BeanPropertyBindingResult: 0 errors} 
2022-05-16 10:10:07.296 DEBUG [org.apache.jasper.servlet.JspServlet@http-nio-8080-exec-10] JspEngine --> /WEB-INF/views/master/page.jsp 
2022-05-16 10:10:07.297 DEBUG [org.apache.jasper.servlet.JspServlet@http-nio-8080-exec-10] ServletPath: /WEB-INF/views/master/page.jsp 
2022-05-16 10:10:07.297 DEBUG [org.apache.jasper.servlet.JspServlet@http-nio-8080-exec-10] PathInfo: null 
2022-05-16 10:10:07.298 DEBUG [org.apache.jasper.servlet.JspServlet@http-nio-8080-exec-10] RealPath: C:\Users\alvar\Desktop\Universidad\DP 2\Workspace-22.0\Projects\Acme-One\target\classes\WEB-INF\views\master\page.jsp 
2022-05-16 10:10:07.299 DEBUG [org.apache.jasper.servlet.JspServlet@http-nio-8080-exec-10] RequestURI: /acme-one-3.0/WEB-INF/views/master/page.jsp 
2022-05-16 10:10:07.300 DEBUG [org.apache.jasper.servlet.JspServlet@http-nio-8080-exec-10] QueryString: null 
2022-05-16 10:10:07.746 DEBUG [org.apache.jasper.servlet.JspServlet@http-nio-8080-exec-10] JspEngine --> /WEB-INF/views/inventor/item/list.jsp 
2022-05-16 10:10:07.747 DEBUG [org.apache.jasper.servlet.JspServlet@http-nio-8080-exec-10] ServletPath: /WEB-INF/views/master/page.jsp 
2022-05-16 10:10:07.747 DEBUG [org.apache.jasper.servlet.JspServlet@http-nio-8080-exec-10] PathInfo: null 
2022-05-16 10:10:07.750 DEBUG [org.apache.jasper.servlet.JspServlet@http-nio-8080-exec-10] RealPath: C:\Users\alvar\Desktop\Universidad\DP 2\Workspace-22.0\Projects\Acme-One\target\classes\WEB-INF\views\inventor\item\list.jsp 
2022-05-16 10:10:07.750 DEBUG [org.apache.jasper.servlet.JspServlet@http-nio-8080-exec-10] RequestURI: /acme-one-3.0/WEB-INF/views/master/page.jsp 
2022-05-16 10:10:07.751 DEBUG [org.apache.jasper.servlet.JspServlet@http-nio-8080-exec-10] QueryString: null 
2022-05-16 10:10:12.320 DEBUG [acme.framework.controllers.AbstractController@http-nio-8080-exec-3] DISPATCHING GET /acme-one-3.0/inventor/item/list-my-components 
2022-05-16 10:10:12.320 DEBUG [acme.framework.controllers.AbstractController@http-nio-8080-exec-3] Command: list-my-components 
2022-05-16 10:10:12.320 DEBUG [acme.framework.controllers.AbstractController@http-nio-8080-exec-3] Model:   {} 
2022-05-16 10:10:12.321 DEBUG [acme.framework.controllers.AbstractController@http-nio-8080-exec-3] Locale:  en 
2022-05-16 10:10:12.330 DEBUG [org.hibernate.SQL@http-nio-8080-exec-3] select item0_.id as id1_0_, item0_.version as version2_0_, item0_.code as code1_10_, item0_.description as descript2_10_, item0_.inventor_id as invento10_10_, item0_.link as link3_10_, item0_.name as name4_10_, item0_.published as publishe5_10_, item0_.retail_price_amount as retail_p6_10_, item0_.retail_price_currency as retail_p7_10_, item0_.technology as technolo8_10_, item0_.type as type9_10_ from item item0_ where item0_.inventor_id=? and item0_.type=1 
2022-05-16 10:10:12.332 TRACE [org.hibernate.type.descriptor.sql.BasicBinder@http-nio-8080-exec-3] binding parameter [1] as [INTEGER] - [21] 
2022-05-16 10:10:12.337 DEBUG [acme.framework.controllers.AbstractController@http-nio-8080-exec-3] SERVING GET /acme-one-3.0/inventor/item/list-my-components 
2022-05-16 10:10:12.337 DEBUG [acme.framework.controllers.AbstractController@http-nio-8080-exec-3] Result: ModelAndView [view="inventor/item/list"; model={list$size=0, command=list-my-components, principal=acme.framework.entities.Principal@c178744}] 
2022-05-16 10:10:12.337 DEBUG [acme.framework.components.tiles.DynamicTilesView@http-nio-8080-exec-3] View name 'inventor/item/list', model {list$size=0, command=list-my-components, principal=acme.framework.entities.Principal@c178744, org.springframework.validation.BindingResult.principal=org.springframework.validation.BeanPropertyBindingResult: 0 errors} 
2022-05-16 10:10:12.339 DEBUG [org.apache.jasper.servlet.JspServlet@http-nio-8080-exec-3] JspEngine --> /WEB-INF/views/master/page.jsp 
2022-05-16 10:10:12.339 DEBUG [org.apache.jasper.servlet.JspServlet@http-nio-8080-exec-3] ServletPath: /WEB-INF/views/master/page.jsp 
2022-05-16 10:10:12.341 DEBUG [org.apache.jasper.servlet.JspServlet@http-nio-8080-exec-3] PathInfo: null 
2022-05-16 10:10:12.344 DEBUG [org.apache.jasper.servlet.JspServlet@http-nio-8080-exec-3] RealPath: C:\Users\alvar\Desktop\Universidad\DP 2\Workspace-22.0\Projects\Acme-One\target\classes\WEB-INF\views\master\page.jsp 
2022-05-16 10:10:12.344 DEBUG [org.apache.jasper.servlet.JspServlet@http-nio-8080-exec-3] RequestURI: /acme-one-3.0/WEB-INF/views/master/page.jsp 
2022-05-16 10:10:12.345 DEBUG [org.apache.jasper.servlet.JspServlet@http-nio-8080-exec-3] QueryString: null 
2022-05-16 10:10:12.837 DEBUG [org.apache.jasper.servlet.JspServlet@http-nio-8080-exec-3] JspEngine --> /WEB-INF/views/inventor/item/list.jsp 
2022-05-16 10:10:12.838 DEBUG [org.apache.jasper.servlet.JspServlet@http-nio-8080-exec-3] ServletPath: /WEB-INF/views/master/page.jsp 
2022-05-16 10:10:12.839 DEBUG [org.apache.jasper.servlet.JspServlet@http-nio-8080-exec-3] PathInfo: null 
2022-05-16 10:10:12.841 DEBUG [org.apache.jasper.servlet.JspServlet@http-nio-8080-exec-3] RealPath: C:\Users\alvar\Desktop\Universidad\DP 2\Workspace-22.0\Projects\Acme-One\target\classes\WEB-INF\views\inventor\item\list.jsp 
2022-05-16 10:10:12.842 DEBUG [org.apache.jasper.servlet.JspServlet@http-nio-8080-exec-3] RequestURI: /acme-one-3.0/WEB-INF/views/master/page.jsp 
2022-05-16 10:10:12.843 DEBUG [org.apache.jasper.servlet.JspServlet@http-nio-8080-exec-3] QueryString: null 
2022-05-16 10:10:18.196 DEBUG [acme.framework.controllers.AbstractController@http-nio-8080-exec-2] DISPATCHING GET /acme-one-3.0/inventor/item/list-my-tools 
2022-05-16 10:10:18.197 DEBUG [acme.framework.controllers.AbstractController@http-nio-8080-exec-2] Command: list-my-tools 
2022-05-16 10:10:18.197 DEBUG [acme.framework.controllers.AbstractController@http-nio-8080-exec-2] Model:   {} 
2022-05-16 10:10:18.197 DEBUG [acme.framework.controllers.AbstractController@http-nio-8080-exec-2] Locale:  en 
2022-05-16 10:10:18.199 DEBUG [org.hibernate.SQL@http-nio-8080-exec-2] select item0_.id as id1_0_, item0_.version as version2_0_, item0_.code as code1_10_, item0_.description as descript2_10_, item0_.inventor_id as invento10_10_, item0_.link as link3_10_, item0_.name as name4_10_, item0_.published as publishe5_10_, item0_.retail_price_amount as retail_p6_10_, item0_.retail_price_currency as retail_p7_10_, item0_.technology as technolo8_10_, item0_.type as type9_10_ from item item0_ where item0_.inventor_id=? and item0_.type=0 
2022-05-16 10:10:18.199 TRACE [org.hibernate.type.descriptor.sql.BasicBinder@http-nio-8080-exec-2] binding parameter [1] as [INTEGER] - [21] 
2022-05-16 10:10:18.201 DEBUG [org.hibernate.SQL@http-nio-8080-exec-2] select inventor0_.id as id1_0_0_, inventor0_.version as version2_0_0_, inventor0_.user_account_id as user_acc1_19_0_, inventor0_.company as company1_9_0_, inventor0_.link as link2_9_0_, inventor0_.statement as statemen3_9_0_, useraccoun1_.id as id1_0_1_, useraccoun1_.version as version2_0_1_, useraccoun1_.enabled as enabled1_18_1_, useraccoun1_.identity as identity2_18_1_, useraccoun1_.password as password3_18_1_, useraccoun1_.username as username4_18_1_ from inventor inventor0_ inner join user_account useraccoun1_ on inventor0_.user_account_id=useraccoun1_.id where inventor0_.id=? 
2022-05-16 10:10:18.202 TRACE [org.hibernate.type.descriptor.sql.BasicBinder@http-nio-8080-exec-2] binding parameter [1] as [INTEGER] - [21] 
2022-05-16 10:10:18.229 DEBUG [acme.framework.controllers.AbstractController@http-nio-8080-exec-2] SERVING GET /acme-one-3.0/inventor/item/list-my-tools 
2022-05-16 10:10:18.230 DEBUG [acme.framework.controllers.AbstractController@http-nio-8080-exec-2] Result: ModelAndView [view="inventor/item/list"; model={type[0]=TOOL, version[0]=0, id[0]=41, list$size=1, name[0]=Discord, retailPrice[0]=<<GBP 5.00>>, command=list-my-tools, principal=acme.framework.entities.Principal@c178744}] 
2022-05-16 10:10:18.230 DEBUG [acme.framework.components.tiles.DynamicTilesView@http-nio-8080-exec-2] View name 'inventor/item/list', model {type[0]=TOOL, version[0]=0, id[0]=41, list$size=1, name[0]=Discord, retailPrice[0]=<<GBP 5.00>>, command=list-my-tools, principal=acme.framework.entities.Principal@c178744, org.springframework.validation.BindingResult.retailPrice[0]=org.springframework.validation.BeanPropertyBindingResult: 0 errors, org.springframework.validation.BindingResult.principal=org.springframework.validation.BeanPropertyBindingResult: 0 errors} 
2022-05-16 10:10:18.232 DEBUG [org.apache.jasper.servlet.JspServlet@http-nio-8080-exec-2] JspEngine --> /WEB-INF/views/master/page.jsp 
2022-05-16 10:10:18.232 DEBUG [org.apache.jasper.servlet.JspServlet@http-nio-8080-exec-2] ServletPath: /WEB-INF/views/master/page.jsp 
2022-05-16 10:10:18.233 DEBUG [org.apache.jasper.servlet.JspServlet@http-nio-8080-exec-2] PathInfo: null 
2022-05-16 10:10:18.234 DEBUG [org.apache.jasper.servlet.JspServlet@http-nio-8080-exec-2] RealPath: C:\Users\alvar\Desktop\Universidad\DP 2\Workspace-22.0\Projects\Acme-One\target\classes\WEB-INF\views\master\page.jsp 
2022-05-16 10:10:18.235 DEBUG [org.apache.jasper.servlet.JspServlet@http-nio-8080-exec-2] RequestURI: /acme-one-3.0/WEB-INF/views/master/page.jsp 
2022-05-16 10:10:18.235 DEBUG [org.apache.jasper.servlet.JspServlet@http-nio-8080-exec-2] QueryString: null 
2022-05-16 10:10:18.661 DEBUG [org.apache.jasper.servlet.JspServlet@http-nio-8080-exec-2] JspEngine --> /WEB-INF/views/inventor/item/list.jsp 
2022-05-16 10:10:18.662 DEBUG [org.apache.jasper.servlet.JspServlet@http-nio-8080-exec-2] ServletPath: /WEB-INF/views/master/page.jsp 
2022-05-16 10:10:18.662 DEBUG [org.apache.jasper.servlet.JspServlet@http-nio-8080-exec-2] PathInfo: null 
2022-05-16 10:10:18.664 DEBUG [org.apache.jasper.servlet.JspServlet@http-nio-8080-exec-2] RealPath: C:\Users\alvar\Desktop\Universidad\DP 2\Workspace-22.0\Projects\Acme-One\target\classes\WEB-INF\views\inventor\item\list.jsp 
2022-05-16 10:10:18.664 DEBUG [org.apache.jasper.servlet.JspServlet@http-nio-8080-exec-2] RequestURI: /acme-one-3.0/WEB-INF/views/master/page.jsp 
2022-05-16 10:10:18.665 DEBUG [org.apache.jasper.servlet.JspServlet@http-nio-8080-exec-2] QueryString: null 
2022-05-16 10:10:20.166 DEBUG [acme.framework.controllers.AbstractController@http-nio-8080-exec-7] DISPATCHING GET /acme-one-3.0/inventor/item/show 
2022-05-16 10:10:20.166 DEBUG [acme.framework.controllers.AbstractController@http-nio-8080-exec-7] Command: show 
2022-05-16 10:10:20.166 DEBUG [acme.framework.controllers.AbstractController@http-nio-8080-exec-7] Model:   {id=41} 
2022-05-16 10:10:20.166 DEBUG [acme.framework.controllers.AbstractController@http-nio-8080-exec-7] Locale:  en 
2022-05-16 10:10:20.176 DEBUG [org.hibernate.SQL@http-nio-8080-exec-7] select item0_.id as id1_0_, item0_.version as version2_0_, item0_.code as code1_10_, item0_.description as descript2_10_, item0_.inventor_id as invento10_10_, item0_.link as link3_10_, item0_.name as name4_10_, item0_.published as publishe5_10_, item0_.retail_price_amount as retail_p6_10_, item0_.retail_price_currency as retail_p7_10_, item0_.technology as technolo8_10_, item0_.type as type9_10_ from item item0_ where item0_.id=? 
2022-05-16 10:10:20.178 TRACE [org.hibernate.type.descriptor.sql.BasicBinder@http-nio-8080-exec-7] binding parameter [1] as [INTEGER] - [41] 
2022-05-16 10:10:20.179 DEBUG [org.hibernate.SQL@http-nio-8080-exec-7] select inventor0_.id as id1_0_0_, inventor0_.version as version2_0_0_, inventor0_.user_account_id as user_acc1_19_0_, inventor0_.company as company1_9_0_, inventor0_.link as link2_9_0_, inventor0_.statement as statemen3_9_0_, useraccoun1_.id as id1_0_1_, useraccoun1_.version as version2_0_1_, useraccoun1_.enabled as enabled1_18_1_, useraccoun1_.identity as identity2_18_1_, useraccoun1_.password as password3_18_1_, useraccoun1_.username as username4_18_1_ from inventor inventor0_ inner join user_account useraccoun1_ on inventor0_.user_account_id=useraccoun1_.id where inventor0_.id=? 
2022-05-16 10:10:20.179 TRACE [org.hibernate.type.descriptor.sql.BasicBinder@http-nio-8080-exec-7] binding parameter [1] as [INTEGER] - [21] 
2022-05-16 10:10:20.186 DEBUG [acme.framework.controllers.AbstractController@http-nio-8080-exec-7] SERVING GET /acme-one-3.0/inventor/item/show 
2022-05-16 10:10:20.186 DEBUG [acme.framework.controllers.AbstractController@http-nio-8080-exec-7] Result: ModelAndView [view="inventor/item/form"; model={code=DSC-455-H, name=Discord, link=https://discord.com/, description=A tool to bring easier communication among parners!, technology=discord, id=41, type=TOOL, retailPrice=<<GBP 5.00>>, version=0, command=show, principal=acme.framework.entities.Principal@c178744}] 
2022-05-16 10:10:20.187 DEBUG [acme.framework.components.tiles.DynamicTilesView@http-nio-8080-exec-7] View name 'inventor/item/form', model {code=DSC-455-H, name=Discord, link=https://discord.com/, description=A tool to bring easier communication among parners!, technology=discord, id=41, type=TOOL, retailPrice=<<GBP 5.00>>, version=0, command=show, principal=acme.framework.entities.Principal@c178744, org.springframework.validation.BindingResult.retailPrice=org.springframework.validation.BeanPropertyBindingResult: 0 errors, org.springframework.validation.BindingResult.principal=org.springframework.validation.BeanPropertyBindingResult: 0 errors} 
2022-05-16 10:10:20.189 DEBUG [org.apache.jasper.servlet.JspServlet@http-nio-8080-exec-7] JspEngine --> /WEB-INF/views/master/page.jsp 
2022-05-16 10:10:20.189 DEBUG [org.apache.jasper.servlet.JspServlet@http-nio-8080-exec-7] ServletPath: /WEB-INF/views/master/page.jsp 
2022-05-16 10:10:20.190 DEBUG [org.apache.jasper.servlet.JspServlet@http-nio-8080-exec-7] PathInfo: null 
2022-05-16 10:10:20.191 DEBUG [org.apache.jasper.servlet.JspServlet@http-nio-8080-exec-7] RealPath: C:\Users\alvar\Desktop\Universidad\DP 2\Workspace-22.0\Projects\Acme-One\target\classes\WEB-INF\views\master\page.jsp 
2022-05-16 10:10:20.191 DEBUG [org.apache.jasper.servlet.JspServlet@http-nio-8080-exec-7] RequestURI: /acme-one-3.0/WEB-INF/views/master/page.jsp 
2022-05-16 10:10:20.192 DEBUG [org.apache.jasper.servlet.JspServlet@http-nio-8080-exec-7] QueryString: id=41 
2022-05-16 10:10:20.680 DEBUG [org.apache.jasper.servlet.JspServlet@http-nio-8080-exec-7] JspEngine --> /WEB-INF/views/inventor/item/form.jsp 
2022-05-16 10:10:20.681 DEBUG [org.apache.jasper.servlet.JspServlet@http-nio-8080-exec-7] ServletPath: /WEB-INF/views/master/page.jsp 
2022-05-16 10:10:20.682 DEBUG [org.apache.jasper.servlet.JspServlet@http-nio-8080-exec-7] PathInfo: null 
2022-05-16 10:10:20.683 DEBUG [org.apache.jasper.servlet.JspServlet@http-nio-8080-exec-7] RealPath: C:\Users\alvar\Desktop\Universidad\DP 2\Workspace-22.0\Projects\Acme-One\target\classes\WEB-INF\views\inventor\item\form.jsp 
2022-05-16 10:10:20.683 DEBUG [org.apache.jasper.servlet.JspServlet@http-nio-8080-exec-7] RequestURI: /acme-one-3.0/WEB-INF/views/master/page.jsp 
2022-05-16 10:10:20.684 DEBUG [org.apache.jasper.servlet.JspServlet@http-nio-8080-exec-7] QueryString: id=41 
2022-05-16 10:10:21.705 DEBUG [acme.framework.controllers.AbstractController@http-nio-8080-exec-6] DISPATCHING GET /acme-one-3.0/inventor/item/show 
2022-05-16 10:10:21.705 DEBUG [acme.framework.controllers.AbstractController@http-nio-8080-exec-6] Command: show 
2022-05-16 10:10:21.706 DEBUG [acme.framework.controllers.AbstractController@http-nio-8080-exec-6] Model:   {id=41} 
2022-05-16 10:10:21.706 DEBUG [acme.framework.controllers.AbstractController@http-nio-8080-exec-6] Locale:  en 
2022-05-16 10:10:21.713 DEBUG [org.hibernate.SQL@http-nio-8080-exec-6] select item0_.id as id1_0_, item0_.version as version2_0_, item0_.code as code1_10_, item0_.description as descript2_10_, item0_.inventor_id as invento10_10_, item0_.link as link3_10_, item0_.name as name4_10_, item0_.published as publishe5_10_, item0_.retail_price_amount as retail_p6_10_, item0_.retail_price_currency as retail_p7_10_, item0_.technology as technolo8_10_, item0_.type as type9_10_ from item item0_ where item0_.id=? 
2022-05-16 10:10:21.714 TRACE [org.hibernate.type.descriptor.sql.BasicBinder@http-nio-8080-exec-6] binding parameter [1] as [INTEGER] - [41] 
2022-05-16 10:10:21.717 DEBUG [org.hibernate.SQL@http-nio-8080-exec-6] select inventor0_.id as id1_0_0_, inventor0_.version as version2_0_0_, inventor0_.user_account_id as user_acc1_19_0_, inventor0_.company as company1_9_0_, inventor0_.link as link2_9_0_, inventor0_.statement as statemen3_9_0_, useraccoun1_.id as id1_0_1_, useraccoun1_.version as version2_0_1_, useraccoun1_.enabled as enabled1_18_1_, useraccoun1_.identity as identity2_18_1_, useraccoun1_.password as password3_18_1_, useraccoun1_.username as username4_18_1_ from inventor inventor0_ inner join user_account useraccoun1_ on inventor0_.user_account_id=useraccoun1_.id where inventor0_.id=? 
2022-05-16 10:10:21.718 TRACE [org.hibernate.type.descriptor.sql.BasicBinder@http-nio-8080-exec-6] binding parameter [1] as [INTEGER] - [21] 
2022-05-16 10:10:21.729 DEBUG [acme.framework.controllers.AbstractController@http-nio-8080-exec-6] SERVING GET /acme-one-3.0/inventor/item/show 
2022-05-16 10:10:21.730 DEBUG [acme.framework.controllers.AbstractController@http-nio-8080-exec-6] Result: ModelAndView [view="inventor/item/form"; model={code=DSC-455-H, name=Discord, link=https://discord.com/, description=A tool to bring easier communication among parners!, technology=discord, id=41, type=TOOL, retailPrice=<<GBP 5.00>>, version=0, command=show, principal=acme.framework.entities.Principal@c178744}] 
2022-05-16 10:10:21.730 DEBUG [acme.framework.components.tiles.DynamicTilesView@http-nio-8080-exec-6] View name 'inventor/item/form', model {code=DSC-455-H, name=Discord, link=https://discord.com/, description=A tool to bring easier communication among parners!, technology=discord, id=41, type=TOOL, retailPrice=<<GBP 5.00>>, version=0, command=show, principal=acme.framework.entities.Principal@c178744, org.springframework.validation.BindingResult.retailPrice=org.springframework.validation.BeanPropertyBindingResult: 0 errors, org.springframework.validation.BindingResult.principal=org.springframework.validation.BeanPropertyBindingResult: 0 errors} 
2022-05-16 10:10:21.732 DEBUG [org.apache.jasper.servlet.JspServlet@http-nio-8080-exec-6] JspEngine --> /WEB-INF/views/master/page.jsp 
2022-05-16 10:10:21.733 DEBUG [org.apache.jasper.servlet.JspServlet@http-nio-8080-exec-6] ServletPath: /WEB-INF/views/master/page.jsp 
2022-05-16 10:10:21.734 DEBUG [org.apache.jasper.servlet.JspServlet@http-nio-8080-exec-6] PathInfo: null 
2022-05-16 10:10:21.737 DEBUG [org.apache.jasper.servlet.JspServlet@http-nio-8080-exec-6] RealPath: C:\Users\alvar\Desktop\Universidad\DP 2\Workspace-22.0\Projects\Acme-One\target\classes\WEB-INF\views\master\page.jsp 
2022-05-16 10:10:21.738 DEBUG [org.apache.jasper.servlet.JspServlet@http-nio-8080-exec-6] RequestURI: /acme-one-3.0/WEB-INF/views/master/page.jsp 
2022-05-16 10:10:21.738 DEBUG [org.apache.jasper.servlet.JspServlet@http-nio-8080-exec-6] QueryString: id=41 
2022-05-16 10:10:22.472 DEBUG [org.apache.jasper.servlet.JspServlet@http-nio-8080-exec-6] JspEngine --> /WEB-INF/views/inventor/item/form.jsp 
2022-05-16 10:10:22.473 DEBUG [org.apache.jasper.servlet.JspServlet@http-nio-8080-exec-6] ServletPath: /WEB-INF/views/master/page.jsp 
2022-05-16 10:10:22.474 DEBUG [org.apache.jasper.servlet.JspServlet@http-nio-8080-exec-6] PathInfo: null 
2022-05-16 10:10:22.477 DEBUG [org.apache.jasper.servlet.JspServlet@http-nio-8080-exec-6] RealPath: C:\Users\alvar\Desktop\Universidad\DP 2\Workspace-22.0\Projects\Acme-One\target\classes\WEB-INF\views\inventor\item\form.jsp 
2022-05-16 10:10:22.478 DEBUG [org.apache.jasper.servlet.JspServlet@http-nio-8080-exec-6] RequestURI: /acme-one-3.0/WEB-INF/views/master/page.jsp 
2022-05-16 10:10:22.478 DEBUG [org.apache.jasper.servlet.JspServlet@http-nio-8080-exec-6] QueryString: id=41 
2022-05-16 10:11:01.213 DEBUG [acme.framework.controllers.AbstractController@http-nio-8080-exec-8] DISPATCHING GET /acme-one-3.0/inventor/item/create 
2022-05-16 10:11:01.213 DEBUG [acme.framework.controllers.AbstractController@http-nio-8080-exec-8] Command: create 
2022-05-16 10:11:01.213 DEBUG [acme.framework.controllers.AbstractController@http-nio-8080-exec-8] Model:   {} 
2022-05-16 10:11:01.213 DEBUG [acme.framework.controllers.AbstractController@http-nio-8080-exec-8] Locale:  en 
2022-05-16 10:11:01.225 DEBUG [org.hibernate.SQL@http-nio-8080-exec-8] select inventor0_.id as id1_0_, inventor0_.version as version2_0_, inventor0_.user_account_id as user_acc1_19_, inventor0_.company as company1_9_, inventor0_.link as link2_9_, inventor0_.statement as statemen3_9_ from inventor inventor0_ where inventor0_.id=? 
2022-05-16 10:11:01.226 TRACE [org.hibernate.type.descriptor.sql.BasicBinder@http-nio-8080-exec-8] binding parameter [1] as [INTEGER] - [21] 
2022-05-16 10:11:01.228 DEBUG [org.hibernate.SQL@http-nio-8080-exec-8] select useraccoun0_.id as id1_0_0_, useraccoun0_.version as version2_0_0_, useraccoun0_.enabled as enabled1_18_0_, useraccoun0_.identity as identity2_18_0_, useraccoun0_.password as password3_18_0_, useraccoun0_.username as username4_18_0_ from user_account useraccoun0_ where useraccoun0_.id=? 
2022-05-16 10:11:01.228 TRACE [org.hibernate.type.descriptor.sql.BasicBinder@http-nio-8080-exec-8] binding parameter [1] as [INTEGER] - [3] 
2022-05-16 10:11:01.257 DEBUG [acme.framework.controllers.AbstractController@http-nio-8080-exec-8] SERVING GET /acme-one-3.0/inventor/item/create 
2022-05-16 10:11:01.258 DEBUG [acme.framework.controllers.AbstractController@http-nio-8080-exec-8] Result: ModelAndView [view="inventor/item/form"; model={code=null, name=null, link=null, description=null, technology=null, published=false, id=0, type=null, retailPrice=null, version=0, command=create, principal=acme.framework.entities.Principal@c178744}] 
2022-05-16 10:11:01.258 DEBUG [acme.framework.components.tiles.DynamicTilesView@http-nio-8080-exec-8] View name 'inventor/item/form', model {code=null, name=null, link=null, description=null, technology=null, published=false, id=0, type=null, retailPrice=null, version=0, command=create, principal=acme.framework.entities.Principal@c178744, org.springframework.validation.BindingResult.principal=org.springframework.validation.BeanPropertyBindingResult: 0 errors} 
2022-05-16 10:11:01.260 DEBUG [org.apache.jasper.servlet.JspServlet@http-nio-8080-exec-8] JspEngine --> /WEB-INF/views/master/page.jsp 
2022-05-16 10:11:01.260 DEBUG [org.apache.jasper.servlet.JspServlet@http-nio-8080-exec-8] ServletPath: /WEB-INF/views/master/page.jsp 
2022-05-16 10:11:01.261 DEBUG [org.apache.jasper.servlet.JspServlet@http-nio-8080-exec-8] PathInfo: null 
2022-05-16 10:11:01.263 DEBUG [org.apache.jasper.servlet.JspServlet@http-nio-8080-exec-8] RealPath: C:\Users\alvar\Desktop\Universidad\DP 2\Workspace-22.0\Projects\Acme-One\target\classes\WEB-INF\views\master\page.jsp 
2022-05-16 10:11:01.263 DEBUG [org.apache.jasper.servlet.JspServlet@http-nio-8080-exec-8] RequestURI: /acme-one-3.0/WEB-INF/views/master/page.jsp 
2022-05-16 10:11:01.264 DEBUG [org.apache.jasper.servlet.JspServlet@http-nio-8080-exec-8] QueryString: null 
2022-05-16 10:11:01.714 DEBUG [org.apache.jasper.servlet.JspServlet@http-nio-8080-exec-8] JspEngine --> /WEB-INF/views/inventor/item/form.jsp 
2022-05-16 10:11:01.715 DEBUG [org.apache.jasper.servlet.JspServlet@http-nio-8080-exec-8] ServletPath: /WEB-INF/views/master/page.jsp 
2022-05-16 10:11:01.715 DEBUG [org.apache.jasper.servlet.JspServlet@http-nio-8080-exec-8] PathInfo: null 
2022-05-16 10:11:01.718 DEBUG [org.apache.jasper.servlet.JspServlet@http-nio-8080-exec-8] RealPath: C:\Users\alvar\Desktop\Universidad\DP 2\Workspace-22.0\Projects\Acme-One\target\classes\WEB-INF\views\inventor\item\form.jsp 
2022-05-16 10:11:01.719 DEBUG [org.apache.jasper.servlet.JspServlet@http-nio-8080-exec-8] RequestURI: /acme-one-3.0/WEB-INF/views/master/page.jsp 
2022-05-16 10:11:01.719 DEBUG [org.apache.jasper.servlet.JspServlet@http-nio-8080-exec-8] QueryString: null 
2022-05-16 10:11:19.121 DEBUG [acme.framework.controllers.AbstractController@http-nio-8080-exec-5] DISPATCHING POST /acme-one-3.0/inventor/item/create 
2022-05-16 10:11:19.122 DEBUG [acme.framework.controllers.AbstractController@http-nio-8080-exec-5] Command: create 
2022-05-16 10:11:19.122 DEBUG [acme.framework.controllers.AbstractController@http-nio-8080-exec-5] Model:   {id=0, version=0, _csrf=4ee75e33-9fcd-43ae-8ba3-d15b9eb1169e, name=asdfasdf, itemType=TOOL, code=asdfasdf, technology=sdfasdf, description=asdfasdf, retailPrice=123, optionalLink=asdfdf} 
2022-05-16 10:11:19.123 DEBUG [acme.framework.controllers.AbstractController@http-nio-8080-exec-5] Locale:  en 
2022-05-16 10:11:19.125 DEBUG [org.hibernate.SQL@http-nio-8080-exec-5] select inventor0_.id as id1_0_, inventor0_.version as version2_0_, inventor0_.user_account_id as user_acc1_19_, inventor0_.company as company1_9_, inventor0_.link as link2_9_, inventor0_.statement as statemen3_9_ from inventor inventor0_ where inventor0_.id=? 
2022-05-16 10:11:19.126 TRACE [org.hibernate.type.descriptor.sql.BasicBinder@http-nio-8080-exec-5] binding parameter [1] as [INTEGER] - [21] 
2022-05-16 10:11:19.129 DEBUG [org.hibernate.SQL@http-nio-8080-exec-5] select useraccoun0_.id as id1_0_0_, useraccoun0_.version as version2_0_0_, useraccoun0_.enabled as enabled1_18_0_, useraccoun0_.identity as identity2_18_0_, useraccoun0_.password as password3_18_0_, useraccoun0_.username as username4_18_0_ from user_account useraccoun0_ where useraccoun0_.id=? 
2022-05-16 10:11:19.129 TRACE [org.hibernate.type.descriptor.sql.BasicBinder@http-nio-8080-exec-5] binding parameter [1] as [INTEGER] - [3] 
2022-05-16 10:11:19.149 DEBUG [acme.framework.controllers.AbstractController@http-nio-8080-exec-5] SERVING POST /acme-one-3.0/inventor/item/create 
2022-05-16 10:11:19.149 DEBUG [acme.framework.controllers.AbstractController@http-nio-8080-exec-5] Result: ModelAndView [view="master/panic"; model={oops=java.lang.AssertionError: Attribute 'type' is missing in your model}] 
2022-05-16 10:11:19.150 DEBUG [acme.framework.components.tiles.DynamicTilesView@http-nio-8080-exec-5] View name 'master/panic', model {oops=java.lang.AssertionError: Attribute 'type' is missing in your model, org.springframework.validation.BindingResult.oops=org.springframework.validation.BeanPropertyBindingResult: 0 errors} 
2022-05-16 10:11:19.151 DEBUG [org.apache.jasper.servlet.JspServlet@http-nio-8080-exec-5] JspEngine --> /WEB-INF/views/master/page.jsp 
2022-05-16 10:11:19.151 DEBUG [org.apache.jasper.servlet.JspServlet@http-nio-8080-exec-5] ServletPath: /WEB-INF/views/master/page.jsp 
2022-05-16 10:11:19.152 DEBUG [org.apache.jasper.servlet.JspServlet@http-nio-8080-exec-5] PathInfo: null 
2022-05-16 10:11:19.153 DEBUG [org.apache.jasper.servlet.JspServlet@http-nio-8080-exec-5] RealPath: C:\Users\alvar\Desktop\Universidad\DP 2\Workspace-22.0\Projects\Acme-One\target\classes\WEB-INF\views\master\page.jsp 
2022-05-16 10:11:19.154 DEBUG [org.apache.jasper.servlet.JspServlet@http-nio-8080-exec-5] RequestURI: /acme-one-3.0/WEB-INF/views/master/page.jsp 
2022-05-16 10:11:19.154 DEBUG [org.apache.jasper.servlet.JspServlet@http-nio-8080-exec-5] QueryString: null 
2022-05-16 10:11:19.658 DEBUG [org.apache.jasper.servlet.JspServlet@http-nio-8080-exec-5] JspEngine --> /WEB-INF/views/master/panic.jsp 
2022-05-16 10:11:19.659 DEBUG [org.apache.jasper.servlet.JspServlet@http-nio-8080-exec-5] ServletPath: /WEB-INF/views/master/page.jsp 
2022-05-16 10:11:19.660 DEBUG [org.apache.jasper.servlet.JspServlet@http-nio-8080-exec-5] PathInfo: null 
2022-05-16 10:11:19.661 DEBUG [org.apache.jasper.servlet.JspServlet@http-nio-8080-exec-5] RealPath: C:\Users\alvar\Desktop\Universidad\DP 2\Workspace-22.0\Projects\Acme-One\target\classes\WEB-INF\views\master\panic.jsp 
2022-05-16 10:11:19.662 DEBUG [org.apache.jasper.servlet.JspServlet@http-nio-8080-exec-5] RequestURI: /acme-one-3.0/WEB-INF/views/master/page.jsp 
2022-05-16 10:11:19.662 DEBUG [org.apache.jasper.servlet.JspServlet@http-nio-8080-exec-5] QueryString: null 
2022-05-16 10:11:19.663 ERROR [org.apache.jsp.WEB_002dINF.views.master.panic_jsp@http-nio-8080-exec-5] HTTP POST /acme-one-3.0/WEB-INF/views/master/page.jsp HTTP/1.1 
2022-05-16 10:11:19.664 ERROR [org.apache.jsp.WEB_002dINF.views.master.panic_jsp@http-nio-8080-exec-5] Status: 500 
2022-05-16 10:11:19.665 ERROR [org.apache.jsp.WEB_002dINF.views.master.panic_jsp@http-nio-8080-exec-5] Exception: acme.framework.components.models.Model.getAttribute(Model.java:135): Attribute 'type' is missing in your model 
2022-05-16 10:11:24.871 DEBUG [acme.framework.controllers.AbstractController@http-nio-8080-exec-7] DISPATCHING GET /acme-one-3.0/inventor/item/create 
2022-05-16 10:11:24.872 DEBUG [acme.framework.controllers.AbstractController@http-nio-8080-exec-7] Command: create 
2022-05-16 10:11:24.872 DEBUG [acme.framework.controllers.AbstractController@http-nio-8080-exec-7] Model:   {} 
2022-05-16 10:11:24.872 DEBUG [acme.framework.controllers.AbstractController@http-nio-8080-exec-7] Locale:  en 
2022-05-16 10:11:24.875 DEBUG [org.hibernate.SQL@http-nio-8080-exec-7] select inventor0_.id as id1_0_, inventor0_.version as version2_0_, inventor0_.user_account_id as user_acc1_19_, inventor0_.company as company1_9_, inventor0_.link as link2_9_, inventor0_.statement as statemen3_9_ from inventor inventor0_ where inventor0_.id=? 
2022-05-16 10:11:24.876 TRACE [org.hibernate.type.descriptor.sql.BasicBinder@http-nio-8080-exec-7] binding parameter [1] as [INTEGER] - [21] 
2022-05-16 10:11:24.878 DEBUG [org.hibernate.SQL@http-nio-8080-exec-7] select useraccoun0_.id as id1_0_0_, useraccoun0_.version as version2_0_0_, useraccoun0_.enabled as enabled1_18_0_, useraccoun0_.identity as identity2_18_0_, useraccoun0_.password as password3_18_0_, useraccoun0_.username as username4_18_0_ from user_account useraccoun0_ where useraccoun0_.id=? 
2022-05-16 10:11:24.879 TRACE [org.hibernate.type.descriptor.sql.BasicBinder@http-nio-8080-exec-7] binding parameter [1] as [INTEGER] - [3] 
2022-05-16 10:11:24.886 DEBUG [acme.framework.controllers.AbstractController@http-nio-8080-exec-7] SERVING GET /acme-one-3.0/inventor/item/create 
2022-05-16 10:11:24.887 DEBUG [acme.framework.controllers.AbstractController@http-nio-8080-exec-7] Result: ModelAndView [view="inventor/item/form"; model={code=null, name=null, link=null, description=null, technology=null, published=false, id=0, type=null, retailPrice=null, version=0, command=create, principal=acme.framework.entities.Principal@c178744}] 
2022-05-16 10:11:24.887 DEBUG [acme.framework.components.tiles.DynamicTilesView@http-nio-8080-exec-7] View name 'inventor/item/form', model {code=null, name=null, link=null, description=null, technology=null, published=false, id=0, type=null, retailPrice=null, version=0, command=create, principal=acme.framework.entities.Principal@c178744, org.springframework.validation.BindingResult.principal=org.springframework.validation.BeanPropertyBindingResult: 0 errors} 
2022-05-16 10:11:24.889 DEBUG [org.apache.jasper.servlet.JspServlet@http-nio-8080-exec-7] JspEngine --> /WEB-INF/views/master/page.jsp 
2022-05-16 10:11:24.890 DEBUG [org.apache.jasper.servlet.JspServlet@http-nio-8080-exec-7] ServletPath: /WEB-INF/views/master/page.jsp 
2022-05-16 10:11:24.890 DEBUG [org.apache.jasper.servlet.JspServlet@http-nio-8080-exec-7] PathInfo: null 
2022-05-16 10:11:24.891 DEBUG [org.apache.jasper.servlet.JspServlet@http-nio-8080-exec-7] RealPath: C:\Users\alvar\Desktop\Universidad\DP 2\Workspace-22.0\Projects\Acme-One\target\classes\WEB-INF\views\master\page.jsp 
2022-05-16 10:11:24.892 DEBUG [org.apache.jasper.servlet.JspServlet@http-nio-8080-exec-7] RequestURI: /acme-one-3.0/WEB-INF/views/master/page.jsp 
2022-05-16 10:11:24.893 DEBUG [org.apache.jasper.servlet.JspServlet@http-nio-8080-exec-7] QueryString: null 
2022-05-16 10:11:25.470 DEBUG [org.apache.jasper.servlet.JspServlet@http-nio-8080-exec-7] JspEngine --> /WEB-INF/views/inventor/item/form.jsp 
2022-05-16 10:11:25.471 DEBUG [org.apache.jasper.servlet.JspServlet@http-nio-8080-exec-7] ServletPath: /WEB-INF/views/master/page.jsp 
2022-05-16 10:11:25.472 DEBUG [org.apache.jasper.servlet.JspServlet@http-nio-8080-exec-7] PathInfo: null 
2022-05-16 10:11:25.473 DEBUG [org.apache.jasper.servlet.JspServlet@http-nio-8080-exec-7] RealPath: C:\Users\alvar\Desktop\Universidad\DP 2\Workspace-22.0\Projects\Acme-One\target\classes\WEB-INF\views\inventor\item\form.jsp 
2022-05-16 10:11:25.474 DEBUG [org.apache.jasper.servlet.JspServlet@http-nio-8080-exec-7] RequestURI: /acme-one-3.0/WEB-INF/views/master/page.jsp 
2022-05-16 10:11:25.474 DEBUG [org.apache.jasper.servlet.JspServlet@http-nio-8080-exec-7] QueryString: null 
