1653063750332	geckodriver	INFO	Listening on 127.0.0.1:40031
console.warn: SearchSettings: "get: No settings file exists, new profile?" (new NotFoundError("Could not open the file at C:\\Users\\LVARO~1\\AppData\\Local\\Temp\\rust_mozprofileQp5Ipv\\search.json.mozlz4", (void 0)))
console.warn: LoginRecipes: "getRecipes: falling back to a synchronous message for:" "http://localhost:8081"
console.warn: LoginRecipJavaScript error: resource:es: "getRecipes: falling back to a synchronous message for:" "http://localhost:8081"
//gre/modules/LoginManagerParent.jsm, line 136: TypeError: gRecipeManager is null
console.warn: LoginRecipes: "getRecipes: falling back to a synchronous message for:" "http://localhost:8081"
JavaScript error: resource://gre/modules/LoginManagerParent.jsm, line 136: TypeError: gRecipeManager is null
console.warn: LoginRecipes: "getRecipes: falling back to a synchronous message for:" "http://localhost:8081"
JavaScript error: resource://gre/modules/LoginManagerParent.jsm, line 136: TypeError: gRecipeManager is null
console.warn: LoginRecipes: "getRecipes: falling back toJavaScript error: resource://gre/modu a synchronous message fles/LoginManagerParent.or:" "http://localhost:8081"
jsm, line 136: TypeError: gRecipeManager is null
console.warn: LoginRecipes: "getRecipes: falling back to a synchronous meJavaScript error: resource://gre/modules/LoginManagerParent.jsm, line 136ssage for:" "htt:p://localhost:8081"
 TypeError: gRecipeManager is null
console.warn: LoginRecipes: "getRecipes: falling back to a synchronous message for:" "http://localhost:8081"
JavaScript error: resource://gre/modules/LoginManagerParent.jsm, line 136: TypeError: gRecipeManager is null
console.warn: LoginRecipes: "getRecipes: falling back to a synchronous mesJsage for:" "http://localhost:8081"
avaScript error: resource://gre/modules/LoginManagerParent.jsm, line 136: TypeError: gRecipeManager is null
console.warn: LoginRecipes: "getRecipes: falling back to a synchronous message for:" "http://localhost:8081"
JavaScript error: resource://gre/modules/LoginManagerParent.jsm, line 136: TypeError: gRecipeManager is null
console.warn: LoginRecipes: "getRecipes: falling back to a synchronous message for:" "JavaScript error: resourhttp://localhost:8081"
ce://gre/modules/LoginManagerParent.jsm, line 136: TypeError: gRecipeManager is null
console.warn: LoginRecipes: "getRecipes: falling back to a synchronous message for:" "http://localhostJavaScript error: resource://gre/:modules/LoginManagerParent.jsm, line 136: TypeError: gRecipeManager is null
8081"
console.warn: LoginRecipes: "getRecipes: falling back to a synchronouJavaScript error: resource://gre/modules/LoginManagerParent.jsm, line 136: TypeError: gRecipeManager is null
s message for:" "http://localhost:8081"
console.warn: LoginRecipes: "getRecipes: falling back to a synchronous message for:" "http://localhost:8081"
JavaScript error: resource://gre/modules/LoginManagerParent.jsm, line 136: TypeError: gRecipeManager is null
console.warn: LoginRecipes: "getRecJavaScriipt error: resource://gre/modules/LoginManagerParent.jsm, line 136: TypeError: gRecipeManager is null
pes: falling back to a synchronous message for:" "http://localhost:8081"
console.warn: LoginRecipes: "getRecipes: falling back to a JavaScript error: resource://gres/modules/LoginManagerParentynchr.jsm, line 136: oTnypeError: gRecipeManager is nullous message for:" "http://localhost:8081"

console.warn: LoginRecipes: "getRecipes: JavaScript error: resource://gre/modules/LoginManagerParent.jsm, line 136: TypeError: gRecipeManager is null
falling back to a synchronous message for:" "http://localhost:8081"
console.warn: LoginRecipes: "getRecipes: falling back to a synchrJavaScript error: resource://gre/modules/LoginManagerParenotnou.jsm, line 136: TypeError: gRecipeManager is null
s message for:" "http://localhost:8081"
console.warn: LoginRecipes: "getRecipes: falling back to a synchronous message for:" "http://localhost:8081"
JavaScript error: resource://gre/modules/LoginManagerParent.jsm, line 136: TypeError: gRecipeManager is null
