1650902378236	geckodriver	INFO	Listening on 127.0.0.1:38641
console.warn: SearchSettings: "get: No settings file exists, new profile?" (new NotFoundError("Could not open the file at C:\\Users\\34657\\AppData\\Local\\Temp\\rust_mozprofileiNTeSh\\search.json.mozlz4", (void 0)))
console.warn: LoginRecipes: "getRecipes: falling back to a synchronous message for:" "http://localhost:8081"
console.warn: LoginRecipes: "getRecipes: falling back to a synchronous messageJavaScript error: resource://gre/modules/Logi for:" "http://localhost:8081"
nManagerParent.jsm, line 136: TypeError: gRecipeManager is null
console.warn: LoginRecipJavaScript error: resource://gre/meoduls: "getRecipes: falling back to a synchronous message for:" "http://locealhost:8081"
s/LoginManagerPareconsole.warn: LoginRecipes: nt.j"gesm, tReciline pes136:: fa TypeError:lling  back to a synchronous message for:" gReci"httpeMap://lnager is nuoll
JavaScripct error: resource://gre/modulealhost:8081"s/LoginManagerParent.jsm
, line 136: TypeError: gRecipeManager is null
console.warn: LoginRecipes: "getRecipes: falling back tJavaSo a synchroncript eous rror:message res for:" ourc"htte://gp://localhore/modust:8081"
les/LoginManagerParent.jsm, line 136: TypeError: gRecipeManager is null
console.warn: LoginRecipes: "getRecipes: falling back to a synchronJavaScriptou error: ressour mesce://gre/modules/Logisage nManagerfor:" Pa"httpr:e/n/tl.ocalhojsstm:8081", line 136: Typ
eError: gRecipeManager is null
console.warn: LoginRecipes: "getRecipes: falling back to a synchronous message for:" "httJapv:aScript/ error: resource://gr/e/mloduocalhost:8081les/Login"ManagerParent.jsm,
 line 136: TypeError: gRecipeManager is null
console.warn: LoginRecipes: "getRecipJavaesS:cript  efrarlolri:ng ba crke stoou rac es:y/n/cghrreo/nmooudsu lmessage for:" "http://els/LoocginManagerParent.jsm, line 1a36: TypeError: gRecipeManagelrh oist:8081"
s null
console.warn: LoginRecipes: "getRecipes: falling back to a synchronous message for:" "http://localhost:8081"
JavaScript error: resource://gre/modules/LoginManagerParent.jsm, line 136: TypeError: gRecipeManager is null
console.warn: LoginRecipes: "getRecipes: fallinJavaScgr back to a isynchropt error: resonous messagurce:/e f/ogr:" "rhttep://localhost:80/modules/Login81"
ManagerParent.jsm, line 136: TypeError: gRecipeManager is null
console.warn: LoginRecipes: "getRecipes: falling back to a synchronous messagJea vfaoScript rerror:: "reso u"rhce://gre/modules/Lotgtipn:ManagerPare/n/localhost:808t.jsm, line1 "1
36: TypeError: gRecipeManager is null
console.warn: LoginRecipes: "getRecipes: falling back to a synchronous message for:" "http:/JavaScr/ilocalhost:8081"
pt error: resource://gre/modules/LoginManagerParent.jsm, line 136: TypeError: gRecipeManager is null
console.warn: LoginRecipes: "getRecipes: falling back toJ aav asSycnrchroinpoust mess aegreror: re fosr:" "ohttp://localhost:8081"
urce://gre/modules/LoginManagerParent.jsm, line 136: TypeError: gRecipeManager is null
console.warn: LoginRecipes: "getRecipesJavaS:crip tf aelrlror:ing  brack to a synchronous messagee fsor:" "http://locaoluhrocset:8081"
://gre/modules/LoginManagerParent.jsm, line 136: TypeError: gRecipeManager is null
console.warn: LoginRecipes: "getRecipes: falling back to a sJyncavaScript erhronous message fror: resourceor:" "http://loca:l/h/ogre/st:8modules/Log0inManagerParen8t1.jsm, line 136: Ty"peError: gRecipeManager is null

console.warn: LoginRecipes: "getRecipes: falling back to a syncJavahronous meScript errorssage for:" ": reshotturcep::///lo/calghroste:8081"
/modules/LoginManagerParent.jsm, line 136: TypeError: gRecipeManager is null
console.warn: LoginRecipes: "getRecipes: JavaSfalling bacript error: rck to aesou synchrrce://gre/moduloes/LoginManagenousrP messaarege for:" nt."http://localhost:808j1"
sm, line 136: TypeError: gRecipeManager is null
console.warn: LoginRecipes: "getRecipes: falling back to a synchronous message foJavaScript er:" rror: resource://g"http://localhost:8re/m081"
odules/LoginManagerParent.jsm, line 136: TypeError: gRecipeManager is null
console.warn: LoginRecipes: "getRecipes: falling back to a synchronous message for:" "http://locJavaScrialhopt erst:80ror: 81"
resource://gre/modules/LoginManagerParent.jsm, line 136: TypeError: gRecipeManager is null
console.warn: LoginRecipes: "getRecipes: falliJavaSng back to a synchronoucript error:s me resource://gre/modulessagse/ foLoginManagre:rParent.jsm, line " "http://lo1calhos3t6::8 0T8ypeE1"
rror: gRecipeManager is null
console.warn: LoginRecipes: "getRecipes: falling back to a synchronJavaScript error: resource://gre/modules/LoginMaonus amesgsagee for:" "rhPtatrpe:n/t/local.jsmh,o sline 13t6: :T8y0peErr8o1r"
: gRecipeManager is null
console.warn: LoginRecipes: "getRecipes: falling back to a synchronous messaJavaScrigpt errore for:" "http://loc:a lrheossoturce://gre/modules/LoginMan:8081"
agerParent.jsm, line 136: TypeError: gRecipeManager is null
console.warn: LoginRecipes: "getRecipes: falling back to a synchronous message for:" "http://localhost:8081"
JavaScript error: resource://gre/modules/LoginManagerParent.jsm, line 136: TypeError: gRecipeManager is null
console.warn: LoginRecipes: "getRecipes: falling back to a synchronous message for:" "http://localhost:8081"
JavaScript error: resource://gre/modules/LoginManagerParent.jsm, line 136: TypeError: gRecipeManager is null
console.warn: LoginRecipes: "getRecipes: falling back to a syJavaScript error: resounchronous message frce://gre/modules/LoginMoanagerParr:" "http://lent.ocalhost:80jsm,81" line
 136: TypeError: gRecipeManager is null
console.warn: LoginRecipes: "getRecipes: falling back to a synchronous message for:" "http://lJavaocalhostScr:ipt er8r0o8r1: r"esou
rce://gre/modules/LoginManagerParent.jsm, line 136: TypeError: gRecipeManager is null
console.warn: LoginRecipes: "getRecipes: falling back toJavaScript err a synchronor: roesous messuargcee for:" "http://gre/modul:e/s//locaLogilhostnManagerParent.jsm, line 136: TypeError: gRec:8081"
ipeManager is null
console.warn: LoginRecipes: "getRecipesJavaScript error: resource:/: falling ba/gre/ck moduleto as/Lo ginsMynchronous meassagnagerParent.e for:" j"sm, line 136: TypeError: gRecipheManattp://localghoste:80r81"
 is null
console.warn: LoginRecipes: "getRecipes: falling back to a synchronous message for:" "http://localhost:8081"
JavaScript error: resource://gre/modules/LoginManagerParent.jsm, line 136: TypeError: gRecipeManager is null
console.warn: LoginRecipes: "getRecipes: falling back to a synchronous message for:" "httJp://locaavlaShcorsitp:t8081"
 error: resource://gre/modules/LoginManagerParent.jsm, line 136: TypeError: gRecipeManager is null
console.warn: LoginRecipes: "getRecipes: falling back to a synchronous message for:" "http://localhost:8081"
JavaScript error: resource://gre/modules/LoginManagerParent.jsm, line 136: TypeError: gRecipeManager is null
console.warn: LoginRecipes: "getRecipes: falling back to a sJyavaSncricphtronous message for:" "http://loca lehost:rror: resource://gre/modules/LoginManagerParent.jsm8,0 8l1i"ne
 136: TypeError: gRecipeManager is null
console.warn: LoginRecipes: "getRecipes: falling back to a synchronous message for:" "httJavaScrpipt: err/o/r: rleocalhost:8081"
source://gre/modules/LoginManagerParent.jsm, line 136: TypeError: gRecipeManager is null
console.warn: LoginRecipes: "getRecipes: falling back to a synchronous message JavaScript for:" "http:err//loorcalhost:8081":
 resource://gre/modules/LoginManagerParent.jsm, line 136: TypeError: gRecipeManager is null
console.warn: LoginRecipes: "getRecipes: falling back to a synchronous JavaScript errmor: resouressagcee fo:/r:" "/gre/http://locamlhoodules/LoginManagst:8erPa081"rent.
jsm, line 136: TypeError: gRecipeManager is null
console.warn: LoginRecipes: "getRecipes: faJavaSlling back to a scripynchrt eronousror: mess resage ourcefor:://g" "hre/modules/LoginManttp://locaagerParelhost:8081"
nt.jsm, line 136: TypeError: gRecipeManager is null
console.warn: LoginRecipes: "getRecipes: falling back to a synchronous message for:" "http://localhost:8JavaScript e081"rror: 
resource://gre/modules/LoginManagerParent.jsm, line 136: TypeError: gRecipeManager is null
console.warn: LoginRecipes: "getRecipes: falling back JavaScto aript  syncherrorronou: res msoeusrsagce fore://gre:" "http://localhost/:8081"
modules/LoginManagerParent.jsm, line 136: TypeError: gRecipeManager is null
console.warn: LoginRecipes: "getRecipes: falling back to a synchronous meJavaScript error:ssag resource:/e for:" "http:/gre/modules/Lo//localginManahost:808g1erP"
arent.jsm, line 136: TypeError: gRecipeManager is null
console.warn: LoginRecipes: "getRecipes: falling back tJavaScript error:o a  resource://grsynchrone/modules/Logous meinMassagnageerPa for:ren" "http://localhost:8081"
t.jsm, line 136: TypeError: gRecipeManager is null
console.warn: LoginRecipes: "getRecipes: falling back to a synchronous message for:" "http://localhostJavaSc:8081"
ript error: resource://gre/modules/LoginManagerParent.jsm, line 136: TypeError: gRecipeManager is null
console.warn: LoginRecipes: "getRecipes: falling back to aJ asvyanScchrriopnto us message for:" "ehrtrtp:/o/r: relocalhost:8081"
source://gre/modules/LoginManagerParent.jsm, line 136: TypeError: gRecipeManager is null
console.warn: LoginRecipes: "getRecipeJs: faalvlaiSncgr ibpatc ke rtroo ra syn: resource:/c/hgrroe/modules/nLogoinManagerParent.jus smme,s slaigne 136:e  Tfyor:" "http://pleoEcrarlohrost:: gRe8c0i8peManager is1"
 null
console.warn: LoginRecipes: "getRecipes: falling back to a synchronous message for:" "http://localhost:8081"
JavaScript error: resource://gre/modules/LoginManagerParent.jsm, line 136: TypeError: gRecipeManager is null
console.warn: LoginRecipes: "getRecipes: falling back to a synchronous message for:" "http://localhost:8081"
JavaScript error: resource://gre/modules/LoginManagerParent.jsm, line 136: TypeError: gRecipeManager is null
console.warn: LoginRecipes: "getRecipes: falling back to a synchronous message for:" "http://localhost:8081"
JavaScript error: resource://gre/modules/LoginManagerParent.jsm, line 136: TypeError: gRecipeManager is null
console.warn: LoginRecipes: "getRecipes: falling back to a synchrJavaSonous cripmesst erroager: r fore:" "http://localhostsource://gr:8081"
e/modules/LoginManagerParent.jsm, line 136: TypeError: gRecipeManager is null
console.warn: LoginRecipes: "getRecipJavaScript erres: fallinor:g back re sto ao synucrhronous message for:"c "hte://tp:g//localhostre/mo:808d1ules/LoginManagerParent.jsm"
, line 136: TypeError: gRecipeManager is null
console.warn: LoginRecipes: "getRecipes: falling back to a synchronous message for:" "http://localhost:8081"
JavaScript error: resource://gre/modules/LoginManagerParent.jsm, line 136: TypeError: gRecipeManager is null
console.warn: LoginRecipes: "getRecipes: falling back JavaSto a synchrocripnous message for:" "http://locat errlhosor: rt:8081"
esource://gre/modules/LoginManagerParent.jsm, line 136: TypeError: gRecipeManager is null
console.warn: LoginRecipes: "getRecipes: falling back to a synchronous messaJavaScge for:" "hripttt ep://rlocalhost:8081"r
or: resource://gre/modules/LoginManagerParent.jsm, line 136: TypeError: gRecipeManager is null
console.warn: LoginRecipes: "getRecipes: falling back to a synchrJavaScript erroonour: s resmesourcsage for:e:/" /gre"h/modttp://localhost:8081"
ules/LoginManagerParent.jsm, line 136: TypeError: gRecipeManager is null
console.warn: LoginRecipes: "getRecipes: falling back to a synchronous message for:" "http://localhost:8081"
JavaScript error: resource://gre/modules/LoginManagerParent.jsm, line 136: TypeError: gRecipeManager is null
console.warn: LoginRecipes: "getRecipes: falling baJavcaScript errko to a synchrronous message for:" "http://:localhos t:808r1esource://gre/"
modules/LoginManagerParent.jsm, line 136: TypeError: gRecipeManager is null
console.warn: LoginRecipes: "getRecipes: falling back to a synchronous message foJavra:" "Shttcp://localhost:8081ri"
pt error: resource://gre/modules/LoginManagerParent.jsm, line 136: TypeError: gRecipeManager is null
console.warn: LoginRecipes: "getRecipes: fallingJ abacvk to a synchronous message for:"a Scr"ihttp://localhost:8081"
pt error: resource://gre/modules/LoginManagerParent.jsm, line 136: TypeError: gRecipeManager is null
console.warn: LoginRecipes: "getRecipes: falling back to a synchronous message for:" "http://localhost:8081"JavaScript 
error: resource://gre/modules/LoginManagerParent.jsm, line 136: TypeError: gRecipeManager is null
console.warn: LoginRecipes: "getRecipes: falling back to a synchronous message for:" "httpJavaScript error://l: ocaresoulhorcest::8/08/1g"r
e/modules/LoginManagerParent.jsm, line 136: TypeError: gRecipeManager is null
console.warn: LoginRecipes: "getRecipes: falling back toJ aav asSycnrchronouis messpatge for: "error: resource "http://localho://gre/modules/LoginManagest:8081"
rParent.jsm, line 136: TypeError: gRecipeManager is null
console.warn: LoginRecipes: "getRecipes: falling back to a synchronous messagJavaeS for:" "httpc://rlipt oerror: craesource:l//gre/modules/LoginManagerParent.jsm, line 136: TypeError: gRechosipt:8081eMana"ger 
is null
console.warn: LoginRecipes: "getRecipes: falling back to a synchronous message for:" "http://localhost:8081"
JavaScript error: resource://gre/modules/LoginManagerParent.jsm, line 136: TypeError: gRecipeManager is null
console.warn: LoginRecipes: "getRecipes: falling back to a synchronous message for:" "http://localhost:8081"
JavaScript error: resource://gre/modules/LoginManagerParent.jsm, line 136: TypeError: gRecipeManager is null
console.warn: LoginRecipes: "getRecipes: falling back to a synchronous message for:" "hJavaScript error: resottp://lurcoce:alhost://80gre/81"
modules/LoginManagerParent.jsm, line 136: TypeError: gRecipeManager is null
console.warn: LoginRecipes: "getRecipes: falling back tJavao a Scrsynchronoipus t emerrossagr:e fo rers:" o"http://localhost:8081"
urce://gre/modules/LoginManagerParent.jsm, line 136: TypeError: gRecipeManager is null
console.warn: LoginRecipes: "getRecipes: falling back to a synchronous message for:" "http://localhost:8081"
JavaScript error: resource://gre/modules/LoginManagerParent.jsm, line 136: TypeError: gRecipeManager is null
console.warn: LoginRecipes: "getRecipes: falling back to a synchronous message for:"Jav aScript er"httrop:/r: resource://gre/modules/Lo/locginalMahost:8081nag"erPa
rent.jsm, line 136: TypeError: gRecipeManager is null
console.warn: LoginRecipes: "getRecipes: falling back to a synchronous message for:" "http://localhost:8081"JavaScript err
or: resource://gre/modules/LoginManagerParent.jsm, line 136: TypeError: gRecipeManager is null
console.warn: LoginRecipes: "getRecipes: falling back to a synchronous message for:" "http://localhost:8081"
JavaScript error: resource://gre/modules/LoginManagerParent.jsm, line 136: TypeError: gRecipeManager is null
console.warn: LoginRecipes: "getRecipes: falling back to a synchronous message for:" "http://localhost:8081"
JavaScript error: resource://gre/modules/LoginManagerParent.jsm, line 136: TypeError: gRecipeManager is null
console.warn: LoginRecipes: "getRecipes: falling back to a synchronous message for:" "http://localhost:8081"
JavaScript error: resource://gre/modules/LoginManagerParent.jsm, line 136: TypeError: gRecipeManager is null
console.warn: LoginRecipes: "getRecipes: falling back to a synchronous message for:" "http://localhost:8081"
JavaScript error: resource://gre/modules/LoginManagerParent.jsm, line 136: TypeError: gRecipeManager is null
console.warn: LoginRecipes: "getRecipes: falling back to a synchronous messJaavaScript error: resource://gre/modulege s/LoginManagfor:erP"aren "httpt.jsm, ://localine 136:lhost:8081" Ty
peError: gRecipeManager is null
console.warn: LoginRecipes: "getRecipes: falling back to a synchronous message for:" "http://localhost:8081"
JavaScript error: resource://gre/modules/LoginManagerParent.jsm, line 136: TypeError: gRecipeManager is null
console.warn: LoginRecipes: "getRecipeJavaScrisp:t erro falling r: resobaurce:ck to a synchro/n/ogurse/modu message for:l"e s"/hLtotp://localhost:8081"
ginManagerParent.jsm, line 136: TypeError: gRecipeManager is null
console.warn: LoginRecipes: "getRecipes: falling back to a synchronous message for:" "http://localhost:80Ja8vaScript error:1 resource://gre/modules/LoginManagerParent.jsm, line 13"6: TypeError: gR
ecipeManager is null
console.warn: LoginRecipes: "getRecipes: falling back to a synchronous message for:" "http://locaJavaScript elhost:8081"
rror: resource://gre/modules/LoginManagerParent.jsm, line 136: TypeError: gRecipeManager is null
console.warn: LoginRecipes: "getRecipes: fJaalvaScript error: resource://gre/modules/Lloignign backM to a synchanagerrParent.jsm,o line 136: TypeError: gRenous cmessage for:" "http://localhost:8081"
ipeManager is null
console.warn: LoginRecipes: "getRecipes: falling back to a synchronous message for:" "http://localhost:8081"JavaScript erro
r: resource://gre/modules/LoginManagerParent.jsm, line 136: TypeError: gRecipeManager is null
console.warn: LoginRecipes: "getRecipes: falling back to a synchronous message for:" "http://localhost:8081"
JavaScript error: resource://gre/modules/LoginManagerParent.jsm, line 136: TypeError: gRecipeManager is null
console.warn: LoginRecipes: "getRecipes: falling backJa vaScript errort: resource://gre/modules/LoginManagerPaor ean ts.jsm,y nlcihnreo n1o3u6: sTyp emEreror: gRecipeManagssage for:" "http://localhost:8081"
er is null
console.warn: LoginRecipes: "getRecipes: falling back to a synchronous message Jfor:" "httapv:a/S/localhost:808c1r"ip
t error: resource://gre/modules/LoginManagerParent.jsm, line 136: TypeError: gRecipeManager is null
console.warn: LoginRecipes: "getReciJpes: falling back to a synchronoauvaScripts  emrrore:ssa ge for:" "http://locresource:a/lhost:808/1g"re
/modules/LoginManagerParent.jsm, line 136: TypeError: gRecipeManager is null
console.warn: LoginRecipes: "getRecipes: falling back to a synchronous message for:" "httJpa:v/a/Slcriptocalhost:8081"
 error: resource://gre/modules/LoginManagerParent.jsm, line 136: TypeError: gRecipeManager is null
console.warn: LoginRecipes: "getRecipes: falling back to a synchronous messaJavaScrgipt eer for:" "http://localhost:8081"
ror: resource://gre/modules/LoginManagerParent.jsm, line 136: TypeError: gRecipeManager is null
console.warn: LoginRecipes: "geJavaScript teRrroreci:pes: falling back to a synchronous messag er for:" "http://localhost:8081e"source://gre/modules/LoginManagerPa
rent.jsm, line 136: TypeError: gRecipeManager is null
console.warn: LoginRecipes: "getRecJavaScript erroipes: falr: resource:/ling /gbackre to /ma soduynles/chLoronous message for:" "http://localhost:8081ginMan"
agerParent.jsm, line 136: TypeError: gRecipeManager is null
console.warn: LoginRecipes: "getRecipes: falling back to a synchronouJavaScript errs message for:" "or: rehttsourp:ce:////greloc/moalhosdut:8les/08Logi1"
nManagerParent.jsm, line 136: TypeError: gRecipeManager is null
console.warn: LoginRecipes: "getRecipes: falling back to a synchronous mesJavaScript ersage fror: resource://gre/modor:" "http://localhost:8081"
ules/LoginManagerParent.jsm, line 136: TypeError: gRecipeManager is null
console.warn: LoginRecipes: "getRecipes: falling back to a synchronous message for:" "http://localhost:8081"
JavaScript error: resource://gre/modules/LoginManagerParent.jsm, line 136: TypeError: gRecipeManager is null
console.warn: LoginRecipes: "getRecipes: falling back to a synchronous message for:" "http://localhost:8081"
JavaScript error: resource://gre/modules/LoginManagerParent.jsm, line 136: TypeError: gRecipeManager is null
console.warn: LoginRecipes: "getRecipes: falling back to a synchronous message for:" "htJavaScritp://lopt errcor: resouralhost:8081ce://gre/modules/"
LoginManagerParent.jsm, line 136: TypeError: gRecipeManager is null
console.warn: LoginRecipes: "getRecipes: falling back to a synJavaScript error: chronoresouusrce://gre/m messaoduleges/LoginManagerPare for:"nt. "http://lojsm, line 13calh6: TypeErrost:8081or: gRecipeM"
anager is null
[Parent 20516, IPC I/O Parent] WARNING: file /builds/worker/checkouts/gecko/ipc/chromium/src/base/process_util_win.cc:167
[Parent 20516, IPC I/O Parent] WARNING: file /builds/worker/checkouts/gecko/ipc/chromium/src/base/process_util_win.cc:167
[Parent 20516, IPC I/O Parent] WARNING: file /builds/worker/checkouts/gecko/ipc/chromium/src/base/process_util_win.cc:167
[Parent 20516, IPC I/O Parent] WARNING: file /builds/worker/checkouts/gecko/ipc/chromium/src/base/process_util_win.cc:167
