1652862349594	geckodriver	INFO	Listening on 127.0.0.1:32771
console.warn: SearchSettings: "get: No settings file exists, new profile?" (new NotFoundError("Could not open the file at C:\\Users\\alvar\\AppData\\Local\\Temp\\rust_mozprofilego88J7\\search.json.mozlz4", (void 0)))
console.warn: LoginRecipes: "getRecipes: falling back to a synchronous message for:" "http://localhost:8081"
console.waJavaScript errror: resource://gre/modules/LoginManagerParent.jsnm,: line 136: TypeError: gRecipeManager is null
 LoginRecipes: "getRecipes: falling back to a synchronous message for:" "http://localhost:8081"
console.warn: LoginRecipes: "getRecipes: falling baJck to a synchronous message for:" "http://localhost:8081"
avaScript error: resource://gre/modules/LoginManagerParent.jsm, line 136: TypeError: gRecipeManager is null
console.warn: LoginRecipes: "getRecipes: falling back to a synchronous message for:" "http://localhost:8081"
JavaScript error: resource://gre/modules/LoginManagerParent.jsm, line 136: TypeError: gRecipeManager is null
console.warn: LoginRecipes: "getRecipes: falling back to a synchronous message for:" "http://JavaScrilpt error: oresource:/calh/ogst:808r1e"/
modules/LoginManagerParent.jsm, line 136: TypeError: gRecipeManager is null
console.warn: LoginRecipes: "getRecipes: falling back to a synchronous message for:" "http://localhost:8081"
JavaScript error: resource://gre/modules/LoginManagerParent.jsm, line 136: TypeError: gRecipeManager is null
console.warn: LoginRecipes: "getRecipes: falling back to a synchronous message for:" "http://localhost:8081"
JavaScript error: resource://gre/modules/LoginManagerParent.jsm, line 136: TypeError: gRecipeManager is null
console.warn: LoginRecipes: "getRecipes: falling back to a synchronous message for:" "JhttpavaScr:ipt//lo errocr: resaource:/l/gre/moduhloes/LoginManagerParest:8nt.js0m, l8ine 1361"
: TypeError: gRecipeManager is null
console.warn: LoginRecipes: "JgetRecipes: falling baack tovaScrip t erra soynchronous messrage for:" "http://localhost:8:081" reso
urce://gre/modules/LoginManagerParent.jsm, line 136: TypeError: gRecipeManager is null
console.warn: LoginRecipes: "getJavaScRecipes: falling back rto aipt err synochronorus message for:" "http: ://localhrost:80esource://gre/mo8d1"
ules/LoginManagerParent.jsm, line 136: TypeError: gRecipeManager is null
console.warn: LoginRecipes: "getReJavaScript errorc: resource:i//gre/modulpes/LoginManagerPareent.jsm, lsine 136: TypeError: gRecipeManager is null
: falling back to a synchronous message for:" "http://localhost:8081"
console.warn: LoginRecipes: "getRecipes: falling back to a synchronoJavaScript eurror: ressource :m//gressagee/modul es/LoginMafnor:" "http://lagerParent.jsm, oline 136: TycpeErroralho: gRecsipeMat:808nager is 1null
"
console.warn: LoginRecipes: "getRecJavaScriipes: pt errofalling back to a synchronorus :message fo rresource://gre/modules/LoginManagerParent.jsm, line 136: TypeError: gRecipeManager is null
:" "http://localhost:8081"
console.warn: LoginRecipes: "getRecipes: falJling baacvaScrk to ai pt synchronous message for:" "http://localhost:8081"
error: resource://gre/modules/LoginManagerParent.jsm, line 136: TypeError: gRecipeManager is null
console.warn: LoginRecipes: "getRecipes: fJalling back to a synchroanovaScript errorus message fo:r reso:" "http://localhost:80urce://gre/modules/L8o1"
ginManagerParent.jsm, line 136: TypeError: gRecipeManager is null
console.warn: LoginRecipes: "getRecipes: falling Jbaack to a synchronous message for:" "http:/vaScript /errlocalhosor: tresource::/8081"/gre/modules/L
oginManagerParent.jsm, line 136: TypeError: gRecipeManager is null
