1653063379295	geckodriver	INFO	Listening on 127.0.0.1:24282
console.warn: SearchSettings: "get: No settings file exists, new profile?" (new NotFoundError("Could not open the file at C:\\Users\\LVARO~1\\AppData\\Local\\Temp\\rust_mozprofileCKgkq7\\search.json.mozlz4", (void 0)))
console.warn: LoginRecipes: "getRecipes: falling back to a synchronous message for:" "http://localhost:8081"
console.warn: LoginRecipes: "getRecipes: falling back to a synchronJoavaScript error: resource://gre/modules/LoginManagerParent.jsm, line 136: TypeError: gRecipeManager is null
us message for:" "http://localhost:8081"
console.warn: LoginRecipes: "getRecipes: falling back to a syncJhronous message for:" "http://localhost:8081"
avaScripct error: resource://gre/modules/LoginManagerParent.jsm, line 136: TypeError: gRecipeManager is null
oJavaScript error: resource://gre/modnules/LoginMasnagerPole.warn: LoginRecipes: "getRecipes: falling back to a synchronous message for:" "http://localhost:8081a"rent.jsm, line 136: TypeError: gRecipeManager is null

console.warn: LoginRecipes: "getRecipes: falling back to a JavaScript errosynchronous messr: rage fesor:" "httource:p://local//host:80gre/modules/LoginManag81"
erParent.jsm, line 136: TypeError: gRecipeManager is null
console.warn: LoginRecipes: "getRecipes: falling back Jto a synchronous message faor:" "http://localhvost:8081"
aScript error: resource://gre/modules/LoginManagerParent.jsm, line 136: TypeError: gRecipeManager is null
console.warn: LoginRecipes: "getRecipes: falling back to a synchronous message for:" "http:JavaScript error: resource://gre/modules/LoginManagerParent.jsm, line 136: TypeError: gRecipeManager is null
//localhost:8081"
console.warn: LoginRecipes: "getRecipes: falling back to a synchroJnous message for:" "http://localhost:8081"
avaScript error: resource://gre/modules/LoginManagerParent.jsm, line 136: TypeError: gRecipeManager is null
console.warn: LoginRecipes: "getRecipes: falling back to a synchronous messJavaScript error: resaouge for:" "http://locrce://gre/modules/LoginManagerParent.jsm, line 136: TypeError: gRecipeManager is null
alhost:8081"
console.warn: LoginRecipes: "getRecipes: falling back to a synchronoJus message for:" "http://localhost:8081"
avaScript error: resource://gre/modules/LoginManagerParent.jsm, line 136: TypeError: gRecipeManager is null
console.warn: LoginRecipes: "getRecipes: falling back to a synchronous message for:" "http://localhost:8081"
JavaScript error: resource://gre/modules/LoginManagerParent.jsm, line 136: TypeError: gRecipeManager is null
console.warn: LoginRecipes: "getRecipes: faJavaScript error: resource://gre/modules/LoginManagerPallinrent.jsm, line 136: TypeErrog back to a synchronous message for:" "http://localhost:8081"
r: gRecipeManager is null
console.warn: LoginRecipes: "getRecipes: falling back to a synchronous meJavaScript error: resource://gre/modules/LoginManagerParent.jsm, line 136: TypeError: gRecipeManager is null
ssage for:" "http://localhost:8081"
console.warn: LoginRecipes: "getRecipes: falling back to a synchronous message for:" "http://localhost:8081"
JavaScript error: resource://gre/modules/LoginManagerParent.jsm, line 136: TypeError: gRecipeManager is null
console.warn: LoginRecipes: "getRecipes: falling back to a synchronous message foJr:" "http://localhost:8081"
avaScript error: resource://gre/modules/LoginManagerParent.jsm, line 136: TypeError: gRecipeManager is null
console.warn: LoginRecipes: "getRecipes: falJling back to a synchronous message for:" "http://localhost:8081"
avaScript error: resource://gre/modules/LoginManagerParent.jsm, line 136: TypeError: gRecipeManager is null
console.warn: LoginRecipes: "getRecipes: falling back to a synchronous mJavaScript error: resource://gre/modules/LoginManagerParent.jsm, line 136: TypeError: gRecipeManager is null
essage for:" "http://localhost:8081"
console.warn: LoginRecipes: "getRecipes: falling back to aJ syncavaScript error: resource://gre/modules/LoginManagerParenthronous message .for:" "http://localjhossm, line 136: TypeError:t:8081"
 gRecipeManager is null
console.warn: LoginRecipes: "getRecipes: falling back to a synchronous message for:" "http://localhost:8081"
JavaScript error: resource://gre/modules/LoginManagerParent.jsm, line 136: TypeError: gRecipeManager is null
console.warn: LoginRecipes: "getRecipes: falling back to a synchronous message for:" "http://localhost:8081"
JavaScript error: resource://gre/modules/LoginManagerParent.jsm, line 136: TypeError: gRecipeManager is null
console.warn: LoginRecipes: "getRecipes: falling back to a synchroJavaScript error: resource://gre/modules/LoginManagerParent.jsm, line 136: TypeError: gRecipeManager is null
nous message for:" "http://localhost:8081"
console.warn: LoginRecipes: "getRecipes: falling back to a synchronoJavaScript error: resource://gre/modules/LoginManagerParent.jsm, line 136: TypeError: gRecipeManager is null
us message for:" "http://localhost:8081"
console.warn: LoginRecipes: "getRecipes: falling back to a synchronous message foJavaScript error: resource://rgre/modules/LoginManagerParent.jsm, line 136: TypeError: gRecipeManager is null
:" "http://localhost:8081"
console.warn: LoginRecipes: "getRecipes: falling back to a synchronous message for:" "http://localhost:8081"J
avaScript error: resource://gre/modules/LoginManagerParent.jsm, line 136: TypeError: gRecipeManager is null
console.warn: LoginRecipes: "getRecipes: falling back toJavaScript error: a synchronous message resource://gre/ for:" "http://localhost:8081"
modules/LoginManagerParent.jsm, line 136: TypeError: gRecipeManager is null
console.warn: LoginRecipes: "getRecipes: falliJavaScript error: resource:/ng back to a synchronous message for:" /gre/modules/LoginManagerParent.jsm, line 136: TypeError: gRecipeManager is null
"http://localhost:8081"
console.warn: LoginRecipes: "getRecipes: falling back to a synchronous message for:" "http://localhost:80JavaScript error: resource://gre/modules/LoginManagerParent.jsm, line 136: TypeError: gRecipeManager is null
81"
console.warn: LoginRecipes: "getRecipes: falling back to a synchronous JavaScript error: resource://gre/modules/LoginManagerParent.jsm, line 136: TypeError: gRecipeManager is null
message for:" "http://localhost:8081"

###!!! [Parent][PGPUParent] Error: RunMessage(msgname=PGPU::Msg_ShutdownVR) Channel closing: too late to send/recv, messages will be lost

