2022-05-06 00:09:39.084 INFO  [acme.Launcher@main] Starting Launcher using Java 1.8.0_221 on LAPTOP-3FUPSK0H with PID 21008 (C:\Users\34657\Desktop\Workspace-22.0\Frameworks\Acme-Framework-22.5\target\classes started by 34657 in C:\Users\34657\Desktop\Workspace-22.0\Starters\Acme-One) 
2022-05-06 00:09:39.086 DEBUG [acme.Launcher@main] Running with Spring Boot v2.4.2, Spring v5.3.3 
2022-05-06 00:09:39.087 INFO  [acme.Launcher@main] The following profiles are active: development,populator 
2022-05-06 00:09:42.764 DEBUG [org.apache.jasper.servlet.JasperInitializer@main] Initializing Jasper for context [application] 
2022-05-06 00:09:48.988 DEBUG [org.apache.jasper.servlet.JspServlet@main] Scratch dir for the JSP engine is: [C:\Users\34657\AppData\Local\Temp\tomcat.8083.6180476280432376962\work\Tomcat\localhost\acme-one-2.0] 
2022-05-06 00:09:48.989 DEBUG [org.apache.jasper.servlet.JspServlet@main] IMPORTANT: Do not modify the generated servlets 
2022-05-06 00:09:49.005 INFO  [acme.Launcher@main] Started Launcher in 10.785 seconds (JVM running for 11.731) 
2022-05-06 00:09:49.013 DEBUG [acme.Launcher@main] Found classpath entry '/C:/Users/34657/Desktop/Workspace-22.0/Starters/Acme-One/target/test-classes/' 
2022-05-06 00:09:49.013 DEBUG [acme.Launcher@main] Found classpath entry '/C:/Users/34657/Desktop/Workspace-22.0/Starters/Acme-One/target/classes/' 
2022-05-06 00:09:49.014 DEBUG [acme.Launcher@main] Found classpath entry '/C:/Users/34657/Desktop/Workspace-22.0/Frameworks/Acme-Framework-22.5/target/classes/' 
2022-05-06 00:09:49.014 DEBUG [acme.Launcher@main] Found classpath entry '/C:/Users/34657/Desktop/Workspace-22.0/Frameworks/Acme-Framework-22.5/target/test-classes/' 
2022-05-06 00:09:49.014 DEBUG [acme.Launcher@main] Found classpath entry '/C:/Users/34657/.m2/repository/org/springframework/boot/spring-boot-starter-tomcat/2.4.2/spring-boot-starter-tomcat-2.4.2.jar' 
2022-05-06 00:09:49.014 DEBUG [acme.Launcher@main] Found classpath entry '/C:/Users/34657/.m2/repository/jakarta/annotation/jakarta.annotation-api/1.3.5/jakarta.annotation-api-1.3.5.jar' 
2022-05-06 00:09:49.014 DEBUG [acme.Launcher@main] Found classpath entry '/C:/Users/34657/.m2/repository/org/apache/tomcat/embed/tomcat-embed-core/9.0.41/tomcat-embed-core-9.0.41.jar' 
2022-05-06 00:09:49.015 DEBUG [acme.Launcher@main] Found classpath entry '/C:/Users/34657/.m2/repository/org/glassfish/jakarta.el/3.0.3/jakarta.el-3.0.3.jar' 
2022-05-06 00:09:49.015 DEBUG [acme.Launcher@main] Found classpath entry '/C:/Users/34657/.m2/repository/org/apache/tomcat/embed/tomcat-embed-websocket/9.0.41/tomcat-embed-websocket-9.0.41.jar' 
2022-05-06 00:09:49.015 DEBUG [acme.Launcher@main] Found classpath entry '/C:/Users/34657/.m2/repository/org/apache/tomcat/embed/tomcat-embed-jasper/9.0.41/tomcat-embed-jasper-9.0.41.jar' 
2022-05-06 00:09:49.015 DEBUG [acme.Launcher@main] Found classpath entry '/C:/Users/34657/.m2/repository/org/apache/tomcat/embed/tomcat-embed-el/9.0.41/tomcat-embed-el-9.0.41.jar' 
2022-05-06 00:09:49.015 DEBUG [acme.Launcher@main] Found classpath entry '/C:/Users/34657/.m2/repository/org/eclipse/jdt/ecj/3.18.0/ecj-3.18.0.jar' 
2022-05-06 00:09:49.016 DEBUG [acme.Launcher@main] Found classpath entry '/C:/Users/34657/.m2/repository/javax/servlet/jstl/1.2/jstl-1.2.jar' 
2022-05-06 00:09:49.016 DEBUG [acme.Launcher@main] Found classpath entry '/C:/Users/34657/.m2/repository/org/springframework/boot/spring-boot-starter-test/2.4.2/spring-boot-starter-test-2.4.2.jar' 
2022-05-06 00:09:49.016 DEBUG [acme.Launcher@main] Found classpath entry '/C:/Users/34657/.m2/repository/org/springframework/boot/spring-boot-starter/2.4.2/spring-boot-starter-2.4.2.jar' 
2022-05-06 00:09:49.020 DEBUG [acme.Launcher@main] Found classpath entry '/C:/Users/34657/.m2/repository/org/springframework/boot/spring-boot/2.4.2/spring-boot-2.4.2.jar' 
2022-05-06 00:09:49.020 DEBUG [acme.Launcher@main] Found classpath entry '/C:/Users/34657/.m2/repository/org/springframework/boot/spring-boot-autoconfigure/2.4.2/spring-boot-autoconfigure-2.4.2.jar' 
2022-05-06 00:09:49.020 DEBUG [acme.Launcher@main] Found classpath entry '/C:/Users/34657/.m2/repository/org/springframework/boot/spring-boot-starter-logging/2.4.2/spring-boot-starter-logging-2.4.2.jar' 
2022-05-06 00:09:49.020 DEBUG [acme.Launcher@main] Found classpath entry '/C:/Users/34657/.m2/repository/ch/qos/logback/logback-classic/1.2.3/logback-classic-1.2.3.jar' 
2022-05-06 00:09:49.021 DEBUG [acme.Launcher@main] Found classpath entry '/C:/Users/34657/.m2/repository/ch/qos/logback/logback-core/1.2.3/logback-core-1.2.3.jar' 
2022-05-06 00:09:49.021 DEBUG [acme.Launcher@main] Found classpath entry '/C:/Users/34657/.m2/repository/org/apache/logging/log4j/log4j-to-slf4j/2.13.3/log4j-to-slf4j-2.13.3.jar' 
2022-05-06 00:09:49.021 DEBUG [acme.Launcher@main] Found classpath entry '/C:/Users/34657/.m2/repository/org/apache/logging/log4j/log4j-api/2.13.3/log4j-api-2.13.3.jar' 
2022-05-06 00:09:49.021 DEBUG [acme.Launcher@main] Found classpath entry '/C:/Users/34657/.m2/repository/org/slf4j/jul-to-slf4j/1.7.30/jul-to-slf4j-1.7.30.jar' 
2022-05-06 00:09:49.021 DEBUG [acme.Launcher@main] Found classpath entry '/C:/Users/34657/.m2/repository/org/yaml/snakeyaml/1.27/snakeyaml-1.27.jar' 
2022-05-06 00:09:49.021 DEBUG [acme.Launcher@main] Found classpath entry '/C:/Users/34657/.m2/repository/org/springframework/boot/spring-boot-test/2.4.2/spring-boot-test-2.4.2.jar' 
2022-05-06 00:09:49.021 DEBUG [acme.Launcher@main] Found classpath entry '/C:/Users/34657/.m2/repository/org/springframework/boot/spring-boot-test-autoconfigure/2.4.2/spring-boot-test-autoconfigure-2.4.2.jar' 
2022-05-06 00:09:49.022 DEBUG [acme.Launcher@main] Found classpath entry '/C:/Users/34657/.m2/repository/com/jayway/jsonpath/json-path/2.4.0/json-path-2.4.0.jar' 
2022-05-06 00:09:49.022 DEBUG [acme.Launcher@main] Found classpath entry '/C:/Users/34657/.m2/repository/net/minidev/json-smart/2.3/json-smart-2.3.jar' 
2022-05-06 00:09:49.022 DEBUG [acme.Launcher@main] Found classpath entry '/C:/Users/34657/.m2/repository/net/minidev/accessors-smart/1.2/accessors-smart-1.2.jar' 
2022-05-06 00:09:49.022 DEBUG [acme.Launcher@main] Found classpath entry '/C:/Users/34657/.m2/repository/org/ow2/asm/asm/5.0.4/asm-5.0.4.jar' 
2022-05-06 00:09:49.022 DEBUG [acme.Launcher@main] Found classpath entry '/C:/Users/34657/.m2/repository/jakarta/xml/bind/jakarta.xml.bind-api/2.3.3/jakarta.xml.bind-api-2.3.3.jar' 
2022-05-06 00:09:49.022 DEBUG [acme.Launcher@main] Found classpath entry '/C:/Users/34657/.m2/repository/jakarta/activation/jakarta.activation-api/1.2.2/jakarta.activation-api-1.2.2.jar' 
2022-05-06 00:09:49.023 DEBUG [acme.Launcher@main] Found classpath entry '/C:/Users/34657/.m2/repository/org/assertj/assertj-core/3.18.1/assertj-core-3.18.1.jar' 
2022-05-06 00:09:49.023 DEBUG [acme.Launcher@main] Found classpath entry '/C:/Users/34657/.m2/repository/org/hamcrest/hamcrest/2.2/hamcrest-2.2.jar' 
2022-05-06 00:09:49.023 DEBUG [acme.Launcher@main] Found classpath entry '/C:/Users/34657/.m2/repository/org/junit/jupiter/junit-jupiter/5.7.0/junit-jupiter-5.7.0.jar' 
2022-05-06 00:09:49.023 DEBUG [acme.Launcher@main] Found classpath entry '/C:/Users/34657/.m2/repository/org/mockito/mockito-core/3.6.28/mockito-core-3.6.28.jar' 
2022-05-06 00:09:49.023 DEBUG [acme.Launcher@main] Found classpath entry '/C:/Users/34657/.m2/repository/net/bytebuddy/byte-buddy-agent/1.10.19/byte-buddy-agent-1.10.19.jar' 
2022-05-06 00:09:49.023 DEBUG [acme.Launcher@main] Found classpath entry '/C:/Users/34657/.m2/repository/org/objenesis/objenesis/3.1/objenesis-3.1.jar' 
2022-05-06 00:09:49.024 DEBUG [acme.Launcher@main] Found classpath entry '/C:/Users/34657/.m2/repository/org/mockito/mockito-junit-jupiter/3.6.28/mockito-junit-jupiter-3.6.28.jar' 
2022-05-06 00:09:49.024 DEBUG [acme.Launcher@main] Found classpath entry '/C:/Users/34657/.m2/repository/org/skyscreamer/jsonassert/1.5.0/jsonassert-1.5.0.jar' 
2022-05-06 00:09:49.024 DEBUG [acme.Launcher@main] Found classpath entry '/C:/Users/34657/.m2/repository/com/vaadin/external/google/android-json/0.0.20131108.vaadin1/android-json-0.0.20131108.vaadin1.jar' 
2022-05-06 00:09:49.024 DEBUG [acme.Launcher@main] Found classpath entry '/C:/Users/34657/.m2/repository/org/springframework/spring-core/5.3.3/spring-core-5.3.3.jar' 
2022-05-06 00:09:49.024 DEBUG [acme.Launcher@main] Found classpath entry '/C:/Users/34657/.m2/repository/org/springframework/spring-jcl/5.3.3/spring-jcl-5.3.3.jar' 
2022-05-06 00:09:49.025 DEBUG [acme.Launcher@main] Found classpath entry '/C:/Users/34657/.m2/repository/org/springframework/spring-test/5.3.3/spring-test-5.3.3.jar' 
2022-05-06 00:09:49.025 DEBUG [acme.Launcher@main] Found classpath entry '/C:/Users/34657/.m2/repository/org/xmlunit/xmlunit-core/2.7.0/xmlunit-core-2.7.0.jar' 
2022-05-06 00:09:49.025 DEBUG [acme.Launcher@main] Found classpath entry '/C:/Users/34657/.m2/repository/org/springframework/boot/spring-boot-starter-security/2.4.2/spring-boot-starter-security-2.4.2.jar' 
2022-05-06 00:09:49.026 DEBUG [acme.Launcher@main] Found classpath entry '/C:/Users/34657/.m2/repository/org/springframework/spring-aop/5.3.3/spring-aop-5.3.3.jar' 
2022-05-06 00:09:49.026 DEBUG [acme.Launcher@main] Found classpath entry '/C:/Users/34657/.m2/repository/org/springframework/security/spring-security-web/5.4.2/spring-security-web-5.4.2.jar' 
2022-05-06 00:09:49.026 DEBUG [acme.Launcher@main] Found classpath entry '/C:/Users/34657/.m2/repository/org/springframework/security/spring-security-core/5.4.2/spring-security-core-5.4.2.jar' 
2022-05-06 00:09:49.026 DEBUG [acme.Launcher@main] Found classpath entry '/C:/Users/34657/.m2/repository/org/springframework/spring-beans/5.3.3/spring-beans-5.3.3.jar' 
2022-05-06 00:09:49.027 DEBUG [acme.Launcher@main] Found classpath entry '/C:/Users/34657/.m2/repository/org/springframework/spring-context/5.3.3/spring-context-5.3.3.jar' 
2022-05-06 00:09:49.027 DEBUG [acme.Launcher@main] Found classpath entry '/C:/Users/34657/.m2/repository/org/springframework/spring-expression/5.3.3/spring-expression-5.3.3.jar' 
2022-05-06 00:09:49.027 DEBUG [acme.Launcher@main] Found classpath entry '/C:/Users/34657/.m2/repository/org/springframework/spring-web/5.3.3/spring-web-5.3.3.jar' 
2022-05-06 00:09:49.027 DEBUG [acme.Launcher@main] Found classpath entry '/C:/Users/34657/.m2/repository/org/springframework/security/spring-security-config/5.4.2/spring-security-config-5.4.2.jar' 
2022-05-06 00:09:49.027 DEBUG [acme.Launcher@main] Found classpath entry '/C:/Users/34657/.m2/repository/org/springframework/security/spring-security-taglibs/5.4.2/spring-security-taglibs-5.4.2.jar' 
2022-05-06 00:09:49.028 DEBUG [acme.Launcher@main] Found classpath entry '/C:/Users/34657/.m2/repository/org/springframework/security/spring-security-acl/5.4.2/spring-security-acl-5.4.2.jar' 
2022-05-06 00:09:49.028 DEBUG [acme.Launcher@main] Found classpath entry '/C:/Users/34657/.m2/repository/org/springframework/spring-jdbc/5.3.3/spring-jdbc-5.3.3.jar' 
2022-05-06 00:09:49.028 DEBUG [acme.Launcher@main] Found classpath entry '/C:/Users/34657/.m2/repository/org/springframework/spring-tx/5.3.3/spring-tx-5.3.3.jar' 
2022-05-06 00:09:49.028 DEBUG [acme.Launcher@main] Found classpath entry '/C:/Users/34657/.m2/repository/org/springframework/boot/spring-boot-starter-web/2.4.2/spring-boot-starter-web-2.4.2.jar' 
2022-05-06 00:09:49.028 DEBUG [acme.Launcher@main] Found classpath entry '/C:/Users/34657/.m2/repository/org/springframework/boot/spring-boot-starter-json/2.4.2/spring-boot-starter-json-2.4.2.jar' 
2022-05-06 00:09:49.028 DEBUG [acme.Launcher@main] Found classpath entry '/C:/Users/34657/.m2/repository/com/fasterxml/jackson/core/jackson-databind/2.11.4/jackson-databind-2.11.4.jar' 
2022-05-06 00:09:49.029 DEBUG [acme.Launcher@main] Found classpath entry '/C:/Users/34657/.m2/repository/com/fasterxml/jackson/core/jackson-annotations/2.11.4/jackson-annotations-2.11.4.jar' 
2022-05-06 00:09:49.029 DEBUG [acme.Launcher@main] Found classpath entry '/C:/Users/34657/.m2/repository/com/fasterxml/jackson/core/jackson-core/2.11.4/jackson-core-2.11.4.jar' 
2022-05-06 00:09:49.029 DEBUG [acme.Launcher@main] Found classpath entry '/C:/Users/34657/.m2/repository/com/fasterxml/jackson/datatype/jackson-datatype-jdk8/2.11.4/jackson-datatype-jdk8-2.11.4.jar' 
2022-05-06 00:09:49.029 DEBUG [acme.Launcher@main] Found classpath entry '/C:/Users/34657/.m2/repository/com/fasterxml/jackson/datatype/jackson-datatype-jsr310/2.11.4/jackson-datatype-jsr310-2.11.4.jar' 
2022-05-06 00:09:49.029 DEBUG [acme.Launcher@main] Found classpath entry '/C:/Users/34657/.m2/repository/com/fasterxml/jackson/module/jackson-module-parameter-names/2.11.4/jackson-module-parameter-names-2.11.4.jar' 
2022-05-06 00:09:49.029 DEBUG [acme.Launcher@main] Found classpath entry '/C:/Users/34657/.m2/repository/org/springframework/spring-webmvc/5.3.3/spring-webmvc-5.3.3.jar' 
2022-05-06 00:09:49.030 DEBUG [acme.Launcher@main] Found classpath entry '/C:/Users/34657/.m2/repository/org/apache/tiles/tiles-jsp/3.0.8/tiles-jsp-3.0.8.jar' 
2022-05-06 00:09:49.030 DEBUG [acme.Launcher@main] Found classpath entry '/C:/Users/34657/.m2/repository/org/apache/tiles/tiles-servlet/3.0.8/tiles-servlet-3.0.8.jar' 
2022-05-06 00:09:49.030 DEBUG [acme.Launcher@main] Found classpath entry '/C:/Users/34657/.m2/repository/org/apache/tiles/tiles-core/3.0.8/tiles-core-3.0.8.jar' 
2022-05-06 00:09:49.030 DEBUG [acme.Launcher@main] Found classpath entry '/C:/Users/34657/.m2/repository/commons-digester/commons-digester/2.0/commons-digester-2.0.jar' 
2022-05-06 00:09:49.031 DEBUG [acme.Launcher@main] Found classpath entry '/C:/Users/34657/.m2/repository/org/slf4j/jcl-over-slf4j/1.7.30/jcl-over-slf4j-1.7.30.jar' 
2022-05-06 00:09:49.031 DEBUG [acme.Launcher@main] Found classpath entry '/C:/Users/34657/.m2/repository/org/apache/tiles/tiles-request-servlet/1.0.7/tiles-request-servlet-1.0.7.jar' 
2022-05-06 00:09:49.031 DEBUG [acme.Launcher@main] Found classpath entry '/C:/Users/34657/.m2/repository/org/apache/tiles/tiles-template/3.0.8/tiles-template-3.0.8.jar' 
2022-05-06 00:09:49.031 DEBUG [acme.Launcher@main] Found classpath entry '/C:/Users/34657/.m2/repository/org/apache/tiles/tiles-api/3.0.8/tiles-api-3.0.8.jar' 
2022-05-06 00:09:49.031 DEBUG [acme.Launcher@main] Found classpath entry '/C:/Users/34657/.m2/repository/org/apache/tiles/tiles-autotag-core-runtime/1.2/tiles-autotag-core-runtime-1.2.jar' 
2022-05-06 00:09:49.031 DEBUG [acme.Launcher@main] Found classpath entry '/C:/Users/34657/.m2/repository/org/slf4j/slf4j-api/1.7.30/slf4j-api-1.7.30.jar' 
2022-05-06 00:09:49.032 DEBUG [acme.Launcher@main] Found classpath entry '/C:/Users/34657/.m2/repository/org/apache/tiles/tiles-request-jsp/1.0.7/tiles-request-jsp-1.0.7.jar' 
2022-05-06 00:09:49.032 DEBUG [acme.Launcher@main] Found classpath entry '/C:/Users/34657/.m2/repository/org/apache/tiles/tiles-request-api/1.0.7/tiles-request-api-1.0.7.jar' 
2022-05-06 00:09:49.032 DEBUG [acme.Launcher@main] Found classpath entry '/C:/Users/34657/.m2/repository/org/springframework/boot/spring-boot-starter-data-jpa/2.4.2/spring-boot-starter-data-jpa-2.4.2.jar' 
2022-05-06 00:09:49.032 DEBUG [acme.Launcher@main] Found classpath entry '/C:/Users/34657/.m2/repository/org/springframework/boot/spring-boot-starter-aop/2.4.2/spring-boot-starter-aop-2.4.2.jar' 
2022-05-06 00:09:49.032 DEBUG [acme.Launcher@main] Found classpath entry '/C:/Users/34657/.m2/repository/org/aspectj/aspectjweaver/1.9.6/aspectjweaver-1.9.6.jar' 
2022-05-06 00:09:49.032 DEBUG [acme.Launcher@main] Found classpath entry '/C:/Users/34657/.m2/repository/org/springframework/boot/spring-boot-starter-jdbc/2.4.2/spring-boot-starter-jdbc-2.4.2.jar' 
2022-05-06 00:09:49.033 DEBUG [acme.Launcher@main] Found classpath entry '/C:/Users/34657/.m2/repository/jakarta/transaction/jakarta.transaction-api/1.3.3/jakarta.transaction-api-1.3.3.jar' 
2022-05-06 00:09:49.033 DEBUG [acme.Launcher@main] Found classpath entry '/C:/Users/34657/.m2/repository/jakarta/persistence/jakarta.persistence-api/2.2.3/jakarta.persistence-api-2.2.3.jar' 
2022-05-06 00:09:49.033 DEBUG [acme.Launcher@main] Found classpath entry '/C:/Users/34657/.m2/repository/org/hibernate/hibernate-core/5.4.27.Final/hibernate-core-5.4.27.Final.jar' 
2022-05-06 00:09:49.033 DEBUG [acme.Launcher@main] Found classpath entry '/C:/Users/34657/.m2/repository/org/jboss/logging/jboss-logging/3.4.1.Final/jboss-logging-3.4.1.Final.jar' 
2022-05-06 00:09:49.033 DEBUG [acme.Launcher@main] Found classpath entry '/C:/Users/34657/.m2/repository/org/javassist/javassist/3.27.0-GA/javassist-3.27.0-GA.jar' 
2022-05-06 00:09:49.033 DEBUG [acme.Launcher@main] Found classpath entry '/C:/Users/34657/.m2/repository/antlr/antlr/2.7.7/antlr-2.7.7.jar' 
2022-05-06 00:09:49.033 DEBUG [acme.Launcher@main] Found classpath entry '/C:/Users/34657/.m2/repository/org/jboss/jandex/2.1.3.Final/jandex-2.1.3.Final.jar' 
2022-05-06 00:09:49.033 DEBUG [acme.Launcher@main] Found classpath entry '/C:/Users/34657/.m2/repository/com/fasterxml/classmate/1.5.1/classmate-1.5.1.jar' 
2022-05-06 00:09:49.034 DEBUG [acme.Launcher@main] Found classpath entry '/C:/Users/34657/.m2/repository/org/dom4j/dom4j/2.1.3/dom4j-2.1.3.jar' 
2022-05-06 00:09:49.034 DEBUG [acme.Launcher@main] Found classpath entry '/C:/Users/34657/.m2/repository/org/hibernate/common/hibernate-commons-annotations/5.1.2.Final/hibernate-commons-annotations-5.1.2.Final.jar' 
2022-05-06 00:09:49.034 DEBUG [acme.Launcher@main] Found classpath entry '/C:/Users/34657/.m2/repository/org/glassfish/jaxb/jaxb-runtime/2.3.3/jaxb-runtime-2.3.3.jar' 
2022-05-06 00:09:49.034 DEBUG [acme.Launcher@main] Found classpath entry '/C:/Users/34657/.m2/repository/org/glassfish/jaxb/txw2/2.3.3/txw2-2.3.3.jar' 
2022-05-06 00:09:49.034 DEBUG [acme.Launcher@main] Found classpath entry '/C:/Users/34657/.m2/repository/com/sun/istack/istack-commons-runtime/3.0.11/istack-commons-runtime-3.0.11.jar' 
2022-05-06 00:09:49.034 DEBUG [acme.Launcher@main] Found classpath entry '/C:/Users/34657/.m2/repository/com/sun/activation/jakarta.activation/1.2.2/jakarta.activation-1.2.2.jar' 
2022-05-06 00:09:49.034 DEBUG [acme.Launcher@main] Found classpath entry '/C:/Users/34657/.m2/repository/org/springframework/data/spring-data-jpa/2.4.3/spring-data-jpa-2.4.3.jar' 
2022-05-06 00:09:49.035 DEBUG [acme.Launcher@main] Found classpath entry '/C:/Users/34657/.m2/repository/org/springframework/data/spring-data-commons/2.4.3/spring-data-commons-2.4.3.jar' 
2022-05-06 00:09:49.035 DEBUG [acme.Launcher@main] Found classpath entry '/C:/Users/34657/.m2/repository/org/springframework/spring-orm/5.3.3/spring-orm-5.3.3.jar' 
2022-05-06 00:09:49.035 DEBUG [acme.Launcher@main] Found classpath entry '/C:/Users/34657/.m2/repository/org/springframework/spring-aspects/5.3.3/spring-aspects-5.3.3.jar' 
2022-05-06 00:09:49.035 DEBUG [acme.Launcher@main] Found classpath entry '/C:/Users/34657/.m2/repository/org/springframework/boot/spring-boot-starter-validation/2.4.2/spring-boot-starter-validation-2.4.2.jar' 
2022-05-06 00:09:49.035 DEBUG [acme.Launcher@main] Found classpath entry '/C:/Users/34657/.m2/repository/org/hibernate/validator/hibernate-validator/6.1.7.Final/hibernate-validator-6.1.7.Final.jar' 
2022-05-06 00:09:49.035 DEBUG [acme.Launcher@main] Found classpath entry '/C:/Users/34657/.m2/repository/jakarta/validation/jakarta.validation-api/2.0.2/jakarta.validation-api-2.0.2.jar' 
2022-05-06 00:09:49.036 DEBUG [acme.Launcher@main] Found classpath entry '/C:/Users/34657/.m2/repository/mysql/mysql-connector-java/8.0.22/mysql-connector-java-8.0.22.jar' 
2022-05-06 00:09:49.036 DEBUG [acme.Launcher@main] Found classpath entry '/C:/Users/34657/.m2/repository/com/zaxxer/HikariCP/3.4.5/HikariCP-3.4.5.jar' 
2022-05-06 00:09:49.036 DEBUG [acme.Launcher@main] Found classpath entry '/C:/Users/34657/.m2/repository/org/junit/jupiter/junit-jupiter-engine/5.7.0/junit-jupiter-engine-5.7.0.jar' 
2022-05-06 00:09:49.036 DEBUG [acme.Launcher@main] Found classpath entry '/C:/Users/34657/.m2/repository/org/apiguardian/apiguardian-api/1.1.0/apiguardian-api-1.1.0.jar' 
2022-05-06 00:09:49.036 DEBUG [acme.Launcher@main] Found classpath entry '/C:/Users/34657/.m2/repository/org/junit/platform/junit-platform-engine/1.7.0/junit-platform-engine-1.7.0.jar' 
2022-05-06 00:09:49.036 DEBUG [acme.Launcher@main] Found classpath entry '/C:/Users/34657/.m2/repository/org/junit/jupiter/junit-jupiter-api/5.7.0/junit-jupiter-api-5.7.0.jar' 
2022-05-06 00:09:49.036 DEBUG [acme.Launcher@main] Found classpath entry '/C:/Users/34657/.m2/repository/org/opentest4j/opentest4j/1.2.0/opentest4j-1.2.0.jar' 
2022-05-06 00:09:49.036 DEBUG [acme.Launcher@main] Found classpath entry '/C:/Users/34657/.m2/repository/org/junit/platform/junit-platform-commons/1.7.0/junit-platform-commons-1.7.0.jar' 
2022-05-06 00:09:49.037 DEBUG [acme.Launcher@main] Found classpath entry '/C:/Users/34657/.m2/repository/org/junit/jupiter/junit-jupiter-params/5.7.0/junit-jupiter-params-5.7.0.jar' 
2022-05-06 00:09:49.037 DEBUG [acme.Launcher@main] Found classpath entry '/C:/Users/34657/.m2/repository/org/junit/platform/junit-platform-launcher/1.7.0/junit-platform-launcher-1.7.0.jar' 
2022-05-06 00:09:49.037 DEBUG [acme.Launcher@main] Found classpath entry '/C:/Users/34657/.m2/repository/org/seleniumhq/selenium/selenium-java/3.141.59/selenium-java-3.141.59.jar' 
2022-05-06 00:09:49.037 DEBUG [acme.Launcher@main] Found classpath entry '/C:/Users/34657/.m2/repository/org/seleniumhq/selenium/selenium-api/3.141.59/selenium-api-3.141.59.jar' 
2022-05-06 00:09:49.037 DEBUG [acme.Launcher@main] Found classpath entry '/C:/Users/34657/.m2/repository/org/seleniumhq/selenium/selenium-chrome-driver/3.141.59/selenium-chrome-driver-3.141.59.jar' 
2022-05-06 00:09:49.038 DEBUG [acme.Launcher@main] Found classpath entry '/C:/Users/34657/.m2/repository/org/seleniumhq/selenium/selenium-edge-driver/3.141.59/selenium-edge-driver-3.141.59.jar' 
2022-05-06 00:09:49.038 DEBUG [acme.Launcher@main] Found classpath entry '/C:/Users/34657/.m2/repository/org/seleniumhq/selenium/selenium-firefox-driver/3.141.59/selenium-firefox-driver-3.141.59.jar' 
2022-05-06 00:09:49.038 DEBUG [acme.Launcher@main] Found classpath entry '/C:/Users/34657/.m2/repository/org/seleniumhq/selenium/selenium-ie-driver/3.141.59/selenium-ie-driver-3.141.59.jar' 
2022-05-06 00:09:49.038 DEBUG [acme.Launcher@main] Found classpath entry '/C:/Users/34657/.m2/repository/org/seleniumhq/selenium/selenium-opera-driver/3.141.59/selenium-opera-driver-3.141.59.jar' 
2022-05-06 00:09:49.038 DEBUG [acme.Launcher@main] Found classpath entry '/C:/Users/34657/.m2/repository/org/seleniumhq/selenium/selenium-remote-driver/3.141.59/selenium-remote-driver-3.141.59.jar' 
2022-05-06 00:09:49.038 DEBUG [acme.Launcher@main] Found classpath entry '/C:/Users/34657/.m2/repository/org/seleniumhq/selenium/selenium-safari-driver/3.141.59/selenium-safari-driver-3.141.59.jar' 
2022-05-06 00:09:49.038 DEBUG [acme.Launcher@main] Found classpath entry '/C:/Users/34657/.m2/repository/org/seleniumhq/selenium/selenium-support/3.141.59/selenium-support-3.141.59.jar' 
2022-05-06 00:09:49.038 DEBUG [acme.Launcher@main] Found classpath entry '/C:/Users/34657/.m2/repository/net/bytebuddy/byte-buddy/1.10.19/byte-buddy-1.10.19.jar' 
2022-05-06 00:09:49.038 DEBUG [acme.Launcher@main] Found classpath entry '/C:/Users/34657/.m2/repository/org/apache/commons/commons-exec/1.3/commons-exec-1.3.jar' 
2022-05-06 00:09:49.038 DEBUG [acme.Launcher@main] Found classpath entry '/C:/Users/34657/.m2/repository/com/google/guava/guava/25.0-jre/guava-25.0-jre.jar' 
2022-05-06 00:09:49.039 DEBUG [acme.Launcher@main] Found classpath entry '/C:/Users/34657/.m2/repository/com/google/code/findbugs/jsr305/1.3.9/jsr305-1.3.9.jar' 
2022-05-06 00:09:49.039 DEBUG [acme.Launcher@main] Found classpath entry '/C:/Users/34657/.m2/repository/org/checkerframework/checker-compat-qual/2.0.0/checker-compat-qual-2.0.0.jar' 
2022-05-06 00:09:49.039 DEBUG [acme.Launcher@main] Found classpath entry '/C:/Users/34657/.m2/repository/com/google/errorprone/error_prone_annotations/2.1.3/error_prone_annotations-2.1.3.jar' 
2022-05-06 00:09:49.039 DEBUG [acme.Launcher@main] Found classpath entry '/C:/Users/34657/.m2/repository/com/google/j2objc/j2objc-annotations/1.1/j2objc-annotations-1.1.jar' 
2022-05-06 00:09:49.039 DEBUG [acme.Launcher@main] Found classpath entry '/C:/Users/34657/.m2/repository/org/codehaus/mojo/animal-sniffer-annotations/1.14/animal-sniffer-annotations-1.14.jar' 
2022-05-06 00:09:49.039 DEBUG [acme.Launcher@main] Found classpath entry '/C:/Users/34657/.m2/repository/com/squareup/okhttp3/okhttp/3.14.9/okhttp-3.14.9.jar' 
2022-05-06 00:09:49.039 DEBUG [acme.Launcher@main] Found classpath entry '/C:/Users/34657/.m2/repository/com/squareup/okio/okio/1.14.0/okio-1.14.0.jar' 
2022-05-06 00:09:49.039 DEBUG [acme.Launcher@main] Found classpath entry '/C:/Users/34657/.m2/repository/org/apache/commons/commons-lang3/3.11/commons-lang3-3.11.jar' 
2022-05-06 00:09:49.039 DEBUG [acme.Launcher@main] Found classpath entry '/C:/Users/34657/.m2/repository/org/apache/commons/commons-text/1.8/commons-text-1.8.jar' 
2022-05-06 00:09:49.040 DEBUG [acme.Launcher@main] Found classpath entry '/C:/Users/34657/.m2/repository/commons-io/commons-io/2.6/commons-io-2.6.jar' 
2022-05-06 00:09:49.040 DEBUG [acme.Launcher@main] Found classpath entry '/C:/Users/34657/.m2/repository/commons-cli/commons-cli/1.4/commons-cli-1.4.jar' 
2022-05-06 00:09:49.040 DEBUG [acme.Launcher@main] Found classpath entry '/C:/Users/34657/.m2/repository/org/projectlombok/lombok/1.18.16/lombok-1.18.16.jar' 
2022-05-06 00:09:49.040 DEBUG [acme.Launcher@main] Found classpath entry '/C:/Users/34657/.m2/repository/com/opencsv/opencsv/5.4/opencsv-5.4.jar' 
2022-05-06 00:09:49.040 DEBUG [acme.Launcher@main] Found classpath entry '/C:/Users/34657/.m2/repository/commons-beanutils/commons-beanutils/1.9.4/commons-beanutils-1.9.4.jar' 
2022-05-06 00:09:49.040 DEBUG [acme.Launcher@main] Found classpath entry '/C:/Users/34657/.m2/repository/commons-logging/commons-logging/1.2/commons-logging-1.2.jar' 
2022-05-06 00:09:49.040 DEBUG [acme.Launcher@main] Found classpath entry '/C:/Users/34657/.m2/repository/commons-collections/commons-collections/3.2.2/commons-collections-3.2.2.jar' 
2022-05-06 00:09:49.040 DEBUG [acme.Launcher@main] Found classpath entry '/C:/Users/34657/.m2/repository/org/apache/commons/commons-collections4/4.4/commons-collections4-4.4.jar' 
2022-05-06 00:09:49.040 DEBUG [acme.Launcher@main] Found classpath entry '/C:/Users/34657/Desktop/Workspace-22.0/Tools/IDEs/eclipse-jee-2021-12-R/configuration/org.eclipse.osgi/418/0/.cp/lib/javaagent-shaded.jar' 
2022-05-06 00:09:49.218 DEBUG [acme.Launcher@main] Found entity class 'acme.entities.Announcement 
2022-05-06 00:09:49.218 DEBUG [acme.Launcher@main] Found entity class 'acme.entities.Chirp 
2022-05-06 00:09:49.219 DEBUG [acme.Launcher@main] Found entity class 'acme.entities.Currency 
2022-05-06 00:09:49.219 DEBUG [acme.Launcher@main] Found entity class 'acme.entities.Item 
2022-05-06 00:09:49.219 DEBUG [acme.Launcher@main] Found entity class 'acme.entities.Patronage 
2022-05-06 00:09:49.219 DEBUG [acme.Launcher@main] Found entity class 'acme.entities.PatronageReport 
2022-05-06 00:09:49.219 DEBUG [acme.Launcher@main] Found entity class 'acme.entities.Quantity 
2022-05-06 00:09:49.219 DEBUG [acme.Launcher@main] Found entity class 'acme.entities.Spam 
2022-05-06 00:09:49.219 DEBUG [acme.Launcher@main] Found entity class 'acme.entities.Toolkit 
2022-05-06 00:09:49.219 DEBUG [acme.Launcher@main] Found entity class 'acme.roles.Consumer 
2022-05-06 00:09:49.220 DEBUG [acme.Launcher@main] Found entity class 'acme.roles.Inventor 
2022-05-06 00:09:49.220 DEBUG [acme.Launcher@main] Found entity class 'acme.roles.Patron 
2022-05-06 00:09:49.220 DEBUG [acme.Launcher@main] Found entity class 'acme.roles.Provider 
2022-05-06 00:09:49.220 DEBUG [acme.Launcher@main] Found entity class 'acme.framework.entities.UserAccount 
2022-05-06 00:09:49.220 DEBUG [acme.Launcher@main] Found entity class 'acme.framework.roles.Administrator 
2022-05-06 00:09:49.221 DEBUG [acme.Launcher@main] Found entity class 'acme.framework.roles.Anonymous 
2022-05-06 00:09:49.221 DEBUG [acme.Launcher@main] Found entity class 'acme.framework.roles.Any 
2022-05-06 00:09:49.221 DEBUG [acme.Launcher@main] Found entity class 'acme.framework.roles.Authenticated 
2022-05-06 00:09:49.226 INFO  [acme.Launcher@main] Populating (sample data) 
2022-05-06 00:09:49.228 INFO  [acme.framework.components.database.DatabasePopulator@main] Building database schema 
2022-05-06 00:09:49.299 DEBUG [acme.framework.components.database.DatabaseUtil@main] Starting new transaction. 
2022-05-06 00:09:49.311 DEBUG [acme.framework.components.database.DatabaseUtil@main] Executing command 'set transaction isolation level read uncommitted;'. 
2022-05-06 00:09:49.333 DEBUG [acme.framework.components.database.DatabaseUtil@main] Starting transaction '2109094401'. 
2022-05-06 00:09:49.333 DEBUG [acme.framework.components.database.DatabaseUtil@main] Creating command batch. 
2022-05-06 00:09:49.334 DEBUG [acme.framework.components.database.DatabaseUtil@main] Adding command 'set foreign_key_checks=0' to batch. 
2022-05-06 00:09:49.334 DEBUG [acme.framework.components.database.DatabaseUtil@main] Adding command 'drop table if exists administrator' to batch. 
2022-05-06 00:09:49.334 DEBUG [acme.framework.components.database.DatabaseUtil@main] Adding command 'drop table if exists announcement' to batch. 
2022-05-06 00:09:49.334 DEBUG [acme.framework.components.database.DatabaseUtil@main] Adding command 'drop table if exists anonymous' to batch. 
2022-05-06 00:09:49.334 DEBUG [acme.framework.components.database.DatabaseUtil@main] Adding command 'drop table if exists any' to batch. 
2022-05-06 00:09:49.334 DEBUG [acme.framework.components.database.DatabaseUtil@main] Adding command 'drop table if exists authenticated' to batch. 
2022-05-06 00:09:49.334 DEBUG [acme.framework.components.database.DatabaseUtil@main] Adding command 'drop table if exists chirp' to batch. 
2022-05-06 00:09:49.334 DEBUG [acme.framework.components.database.DatabaseUtil@main] Adding command 'drop table if exists consumer' to batch. 
2022-05-06 00:09:49.334 DEBUG [acme.framework.components.database.DatabaseUtil@main] Adding command 'drop table if exists currency' to batch. 
2022-05-06 00:09:49.334 DEBUG [acme.framework.components.database.DatabaseUtil@main] Adding command 'drop table if exists hibernate_sequence' to batch. 
2022-05-06 00:09:49.335 DEBUG [acme.framework.components.database.DatabaseUtil@main] Adding command 'drop table if exists inventor' to batch. 
2022-05-06 00:09:49.335 DEBUG [acme.framework.components.database.DatabaseUtil@main] Adding command 'drop table if exists item' to batch. 
2022-05-06 00:09:49.335 DEBUG [acme.framework.components.database.DatabaseUtil@main] Adding command 'drop table if exists patron' to batch. 
2022-05-06 00:09:49.335 DEBUG [acme.framework.components.database.DatabaseUtil@main] Adding command 'drop table if exists patronage' to batch. 
2022-05-06 00:09:49.335 DEBUG [acme.framework.components.database.DatabaseUtil@main] Adding command 'drop table if exists patronage_report' to batch. 
2022-05-06 00:09:49.335 DEBUG [acme.framework.components.database.DatabaseUtil@main] Adding command 'drop table if exists provider' to batch. 
2022-05-06 00:09:49.335 DEBUG [acme.framework.components.database.DatabaseUtil@main] Adding command 'drop table if exists quantity' to batch. 
2022-05-06 00:09:49.335 DEBUG [acme.framework.components.database.DatabaseUtil@main] Adding command 'drop table if exists spam' to batch. 
2022-05-06 00:09:49.335 DEBUG [acme.framework.components.database.DatabaseUtil@main] Adding command 'drop table if exists toolkit' to batch. 
2022-05-06 00:09:49.336 DEBUG [acme.framework.components.database.DatabaseUtil@main] Adding command 'drop table if exists user_account' to batch. 
2022-05-06 00:09:49.336 DEBUG [acme.framework.components.database.DatabaseUtil@main] Adding command 'set foreign_key_checks=1' to batch. 
2022-05-06 00:09:49.336 DEBUG [acme.framework.components.database.DatabaseUtil@main] Submitting batch for execution. 
2022-05-06 00:09:49.644 DEBUG [acme.framework.components.database.DatabaseUtil@main] Committing transaction '2109094401'. 
2022-05-06 00:09:49.677 DEBUG [acme.framework.components.database.DatabaseUtil@main] Starting new transaction. 
2022-05-06 00:09:49.678 DEBUG [acme.framework.components.database.DatabaseUtil@main] Executing command 'set transaction isolation level read uncommitted;'. 
2022-05-06 00:09:49.679 DEBUG [acme.framework.components.database.DatabaseUtil@main] Starting transaction '888329126'. 
2022-05-06 00:09:49.679 DEBUG [acme.framework.components.database.DatabaseUtil@main] Creating command batch. 
2022-05-06 00:09:49.680 DEBUG [acme.framework.components.database.DatabaseUtil@main] Adding command 'set foreign_key_checks=0' to batch. 
2022-05-06 00:09:49.680 DEBUG [acme.framework.components.database.DatabaseUtil@main] Adding command 'create table administrator (id integer not null, version integer not null, user_account_id integer, primary key (id)) engine=InnoDB' to batch. 
2022-05-06 00:09:49.680 DEBUG [acme.framework.components.database.DatabaseUtil@main] Adding command 'create table announcement (id integer not null, version integer not null, body varchar(255), creation_moment datetime, critical bit not null, link varchar(255), title varchar(255), primary key (id)) engine=InnoDB' to batch. 
2022-05-06 00:09:49.681 DEBUG [acme.framework.components.database.DatabaseUtil@main] Adding command 'create table anonymous (id integer not null, version integer not null, user_account_id integer, primary key (id)) engine=InnoDB' to batch. 
2022-05-06 00:09:49.681 DEBUG [acme.framework.components.database.DatabaseUtil@main] Adding command 'create table any (id integer not null, version integer not null, user_account_id integer, primary key (id)) engine=InnoDB' to batch. 
2022-05-06 00:09:49.681 DEBUG [acme.framework.components.database.DatabaseUtil@main] Adding command 'create table authenticated (id integer not null, version integer not null, user_account_id integer, primary key (id)) engine=InnoDB' to batch. 
2022-05-06 00:09:49.681 DEBUG [acme.framework.components.database.DatabaseUtil@main] Adding command 'create table chirp (id integer not null, version integer not null, author varchar(255), body varchar(255), email varchar(255), moment datetime, title varchar(255), primary key (id)) engine=InnoDB' to batch. 
2022-05-06 00:09:49.682 DEBUG [acme.framework.components.database.DatabaseUtil@main] Adding command 'create table consumer (id integer not null, version integer not null, user_account_id integer, company varchar(255), sector varchar(255), primary key (id)) engine=InnoDB' to batch. 
2022-05-06 00:09:49.682 DEBUG [acme.framework.components.database.DatabaseUtil@main] Adding command 'create table currency (id integer not null, version integer not null, is_accepted bit, is_default bit, name varchar(255), primary key (id)) engine=InnoDB' to batch. 
2022-05-06 00:09:49.682 DEBUG [acme.framework.components.database.DatabaseUtil@main] Adding command 'create table hibernate_sequence (next_val bigint) engine=InnoDB' to batch. 
2022-05-06 00:09:49.682 DEBUG [acme.framework.components.database.DatabaseUtil@main] Adding command 'insert into hibernate_sequence values ( 1 )' to batch. 
2022-05-06 00:09:49.682 DEBUG [acme.framework.components.database.DatabaseUtil@main] Adding command 'create table inventor (id integer not null, version integer not null, user_account_id integer, company varchar(255), link varchar(255), statement varchar(255), primary key (id)) engine=InnoDB' to batch. 
2022-05-06 00:09:49.683 DEBUG [acme.framework.components.database.DatabaseUtil@main] Adding command 'create table item (id integer not null, version integer not null, code varchar(255), description varchar(255), link varchar(255), name varchar(255), retail_price_amount double precision, retail_price_currency varchar(255), technology varchar(255), type integer, inventor_id integer not null, primary key (id)) engine=InnoDB' to batch. 
2022-05-06 00:09:49.683 DEBUG [acme.framework.components.database.DatabaseUtil@main] Adding command 'create table patron (id integer not null, version integer not null, user_account_id integer, company varchar(255), link varchar(255), statement varchar(255), primary key (id)) engine=InnoDB' to batch. 
2022-05-06 00:09:49.683 DEBUG [acme.framework.components.database.DatabaseUtil@main] Adding command 'create table patronage (id integer not null, version integer not null, budget_amount double precision, budget_currency varchar(255), code varchar(255), finishing_date datetime, legal_stuff varchar(255), link varchar(255), starting_date datetime, status integer, inventor_id integer not null, patron_id integer not null, primary key (id)) engine=InnoDB' to batch. 
2022-05-06 00:09:49.684 DEBUG [acme.framework.components.database.DatabaseUtil@main] Adding command 'create table patronage_report (id integer not null, version integer not null, automatic_seq_num varchar(255), creation_moment datetime, link varchar(255), memorandum varchar(255), inventor_id integer not null, patronage_id integer not null, primary key (id)) engine=InnoDB' to batch. 
2022-05-06 00:09:49.684 DEBUG [acme.framework.components.database.DatabaseUtil@main] Adding command 'create table provider (id integer not null, version integer not null, user_account_id integer, company varchar(255), sector varchar(255), primary key (id)) engine=InnoDB' to batch. 
2022-05-06 00:09:49.684 DEBUG [acme.framework.components.database.DatabaseUtil@main] Adding command 'create table quantity (id integer not null, version integer not null, amount integer, item_id integer, toolkit_id integer not null, primary key (id)) engine=InnoDB' to batch. 
2022-05-06 00:09:49.684 DEBUG [acme.framework.components.database.DatabaseUtil@main] Adding command 'create table spam (id integer not null, version integer not null, is_strong bit, spam_term varchar(255), threshold integer, primary key (id)) engine=InnoDB' to batch. 
2022-05-06 00:09:49.685 DEBUG [acme.framework.components.database.DatabaseUtil@main] Adding command 'create table toolkit (id integer not null, version integer not null, assembly_notes varchar(255), code varchar(255), description varchar(255), link varchar(255), publish bit, title varchar(255), item_id integer not null, primary key (id)) engine=InnoDB' to batch. 
2022-05-06 00:09:49.685 DEBUG [acme.framework.components.database.DatabaseUtil@main] Adding command 'create table user_account (id integer not null, version integer not null, enabled bit not null, identity blob, password varchar(255), username varchar(255), primary key (id)) engine=InnoDB' to batch. 
2022-05-06 00:09:49.685 DEBUG [acme.framework.components.database.DatabaseUtil@main] Adding command 'alter table item add constraint UK_6cgogdarkq48dlg1lbnv4q1oq unique (code)' to batch. 
2022-05-06 00:09:49.685 DEBUG [acme.framework.components.database.DatabaseUtil@main] Adding command 'alter table patronage add constraint UK_7s289l63ihnn85qwyna5cqbfh unique (code)' to batch. 
2022-05-06 00:09:49.686 DEBUG [acme.framework.components.database.DatabaseUtil@main] Adding command 'alter table toolkit add constraint UK_qvml9bbjdvicrw1wt0e1bej3c unique (code)' to batch. 
2022-05-06 00:09:49.686 DEBUG [acme.framework.components.database.DatabaseUtil@main] Adding command 'alter table user_account add constraint UK_castjbvpeeus0r8lbpehiu0e4 unique (username)' to batch. 
2022-05-06 00:09:49.686 DEBUG [acme.framework.components.database.DatabaseUtil@main] Adding command 'alter table administrator add constraint FK_2a5vcjo3stlfcwadosjfq49l1 foreign key (user_account_id) references user_account (id)' to batch. 
2022-05-06 00:09:49.686 DEBUG [acme.framework.components.database.DatabaseUtil@main] Adding command 'alter table anonymous add constraint FK_6lnbc6fo3om54vugoh8icg78m foreign key (user_account_id) references user_account (id)' to batch. 
2022-05-06 00:09:49.686 DEBUG [acme.framework.components.database.DatabaseUtil@main] Adding command 'alter table any add constraint FK_26yflnlk4xrrxtkiwkag1l7lf foreign key (user_account_id) references user_account (id)' to batch. 
2022-05-06 00:09:49.687 DEBUG [acme.framework.components.database.DatabaseUtil@main] Adding command 'alter table authenticated add constraint FK_h52w0f3wjoi68b63wv9vwon57 foreign key (user_account_id) references user_account (id)' to batch. 
2022-05-06 00:09:49.687 DEBUG [acme.framework.components.database.DatabaseUtil@main] Adding command 'alter table consumer add constraint FK_6cyha9f1wpj0dpbxrrjddrqed foreign key (user_account_id) references user_account (id)' to batch. 
2022-05-06 00:09:49.687 DEBUG [acme.framework.components.database.DatabaseUtil@main] Adding command 'alter table inventor add constraint FK_2upmsx50p5pou2l4uy8trxor6 foreign key (user_account_id) references user_account (id)' to batch. 
2022-05-06 00:09:49.687 DEBUG [acme.framework.components.database.DatabaseUtil@main] Adding command 'alter table item add constraint FKaq1a05jpovg1rv6q65awp7ho1 foreign key (inventor_id) references inventor (id)' to batch. 
2022-05-06 00:09:49.687 DEBUG [acme.framework.components.database.DatabaseUtil@main] Adding command 'alter table patron add constraint FK_8xx5nujhuio3advxc2freyu65 foreign key (user_account_id) references user_account (id)' to batch. 
2022-05-06 00:09:49.687 DEBUG [acme.framework.components.database.DatabaseUtil@main] Adding command 'alter table patronage add constraint FKgkbt6mel1m6joiypsbc2ko6mi foreign key (inventor_id) references inventor (id)' to batch. 
2022-05-06 00:09:49.688 DEBUG [acme.framework.components.database.DatabaseUtil@main] Adding command 'alter table patronage add constraint FK7d5o2dlu1d9orplkn5g91lsgc foreign key (patron_id) references patron (id)' to batch. 
2022-05-06 00:09:49.688 DEBUG [acme.framework.components.database.DatabaseUtil@main] Adding command 'alter table patronage_report add constraint FK1xh66osfnqv3tgmen2s08di6c foreign key (inventor_id) references inventor (id)' to batch. 
2022-05-06 00:09:49.688 DEBUG [acme.framework.components.database.DatabaseUtil@main] Adding command 'alter table patronage_report add constraint FKli7rh2qb2q6bjix6b8o2dpt41 foreign key (patronage_id) references patronage (id)' to batch. 
2022-05-06 00:09:49.689 DEBUG [acme.framework.components.database.DatabaseUtil@main] Adding command 'alter table provider add constraint FK_b1gwnjqm6ggy9yuiqm0o4rlmd foreign key (user_account_id) references user_account (id)' to batch. 
2022-05-06 00:09:49.689 DEBUG [acme.framework.components.database.DatabaseUtil@main] Adding command 'alter table quantity add constraint FK6v7ckbce1j36j4b7mubnk66bx foreign key (item_id) references item (id)' to batch. 
2022-05-06 00:09:49.689 DEBUG [acme.framework.components.database.DatabaseUtil@main] Adding command 'alter table quantity add constraint FKr1l7hfxuemn7o9d0qi4kawlmg foreign key (toolkit_id) references toolkit (id)' to batch. 
2022-05-06 00:09:49.689 DEBUG [acme.framework.components.database.DatabaseUtil@main] Adding command 'alter table toolkit add constraint FK6pj93yoje97rrjbn16go1cdrs foreign key (item_id) references item (id)' to batch. 
2022-05-06 00:09:49.689 DEBUG [acme.framework.components.database.DatabaseUtil@main] Adding command 'set foreign_key_checks=1' to batch. 
2022-05-06 00:09:49.689 DEBUG [acme.framework.components.database.DatabaseUtil@main] Submitting batch for execution. 
2022-05-06 00:09:50.550 DEBUG [acme.framework.components.database.DatabaseUtil@main] Committing transaction '888329126'. 
2022-05-06 00:09:50.552 INFO  [acme.framework.components.database.DatabasePopulator@main] Reading entities from 'classpath:/WEB-INF/resources/initial-data' 
2022-05-06 00:09:50.558 DEBUG [acme.framework.components.database.Dataset@main] Reading dataset from 'C:\Users\34657\Desktop\Workspace-22.0\Starters\Acme-One\target\classes\WEB-INF\resources\initial-data\administrator.csv' 
2022-05-06 00:09:50.751 DEBUG [acme.framework.components.database.Dataset@main] Reading mapping '{key:user-account=user-account-administrator-01, key=administrator-01}' from 'C:\Users\34657\Desktop\Workspace-22.0\Starters\Acme-One\target\classes\WEB-INF\resources\initial-data\administrator.csv' 
2022-05-06 00:09:50.754 DEBUG [acme.framework.components.database.Dataset@main] Reading dataset from 'C:\Users\34657\Desktop\Workspace-22.0\Starters\Acme-One\target\classes\WEB-INF\resources\initial-data\anonymous.csv' 
2022-05-06 00:09:50.756 DEBUG [acme.framework.components.database.Dataset@main] Reading mapping '{key:user-account=user-account-anonymous-01, key=anonymous-01}' from 'C:\Users\34657\Desktop\Workspace-22.0\Starters\Acme-One\target\classes\WEB-INF\resources\initial-data\anonymous.csv' 
2022-05-06 00:09:50.757 DEBUG [acme.framework.components.database.Dataset@main] Reading dataset from 'C:\Users\34657\Desktop\Workspace-22.0\Starters\Acme-One\target\classes\WEB-INF\resources\initial-data\currency.csv' 
2022-05-06 00:09:50.758 DEBUG [acme.framework.components.database.Dataset@main] Reading mapping '{name=EUR, is-default=true, is-accepted=true, key=currency-01}' from 'C:\Users\34657\Desktop\Workspace-22.0\Starters\Acme-One\target\classes\WEB-INF\resources\initial-data\currency.csv' 
2022-05-06 00:09:50.758 DEBUG [acme.framework.components.database.Dataset@main] Reading mapping '{name=GBP, is-default=False, is-accepted=true, key=currency-02}' from 'C:\Users\34657\Desktop\Workspace-22.0\Starters\Acme-One\target\classes\WEB-INF\resources\initial-data\currency.csv' 
2022-05-06 00:09:50.758 DEBUG [acme.framework.components.database.Dataset@main] Reading mapping '{name=USD, is-default=False, is-accepted=true, key=currency-03}' from 'C:\Users\34657\Desktop\Workspace-22.0\Starters\Acme-One\target\classes\WEB-INF\resources\initial-data\currency.csv' 
2022-05-06 00:09:50.759 DEBUG [acme.framework.components.database.Dataset@main] Reading dataset from 'C:\Users\34657\Desktop\Workspace-22.0\Starters\Acme-One\target\classes\WEB-INF\resources\initial-data\inventor.csv' 
2022-05-06 00:09:50.760 DEBUG [acme.framework.components.database.Dataset@main] Reading mapping '{key:user-account=user-account-inventor-01, statement=1, link=http://www.twitter.com, company=Acme-One, key=inventor-01}' from 'C:\Users\34657\Desktop\Workspace-22.0\Starters\Acme-One\target\classes\WEB-INF\resources\initial-data\inventor.csv' 
2022-05-06 00:09:50.761 DEBUG [acme.framework.components.database.Dataset@main] Reading mapping '{key:user-account=user-account-inventor-02, statement=2, link=http://www.twitter.com, company=Acme-One, key=inventor-02}' from 'C:\Users\34657\Desktop\Workspace-22.0\Starters\Acme-One\target\classes\WEB-INF\resources\initial-data\inventor.csv' 
2022-05-06 00:09:50.761 DEBUG [acme.framework.components.database.Dataset@main] Reading mapping '{key:user-account=user-account-inventor-03, statement=3, link=http://www.twitter.com, company=Acme-One, key=inventor-03}' from 'C:\Users\34657\Desktop\Workspace-22.0\Starters\Acme-One\target\classes\WEB-INF\resources\initial-data\inventor.csv' 
2022-05-06 00:09:50.761 DEBUG [acme.framework.components.database.Dataset@main] Reading mapping '{key:user-account=user-account-inventor-04, statement=4, link=http://www.twitter.com, company=Acme-One, key=inventor-04}' from 'C:\Users\34657\Desktop\Workspace-22.0\Starters\Acme-One\target\classes\WEB-INF\resources\initial-data\inventor.csv' 
2022-05-06 00:09:50.762 DEBUG [acme.framework.components.database.Dataset@main] Reading dataset from 'C:\Users\34657\Desktop\Workspace-22.0\Starters\Acme-One\target\classes\WEB-INF\resources\initial-data\patron.csv' 
2022-05-06 00:09:50.763 DEBUG [acme.framework.components.database.Dataset@main] Reading mapping '{key:user-account=user-account-patron-01, statement=1, link=http://www.twitter.com, company=Acme-One, key=patron-01}' from 'C:\Users\34657\Desktop\Workspace-22.0\Starters\Acme-One\target\classes\WEB-INF\resources\initial-data\patron.csv' 
2022-05-06 00:09:50.764 DEBUG [acme.framework.components.database.Dataset@main] Reading mapping '{key:user-account=user-account-patron-02, statement=2, link=http://www.twitter.com, company=Acme-One, key=patron-02}' from 'C:\Users\34657\Desktop\Workspace-22.0\Starters\Acme-One\target\classes\WEB-INF\resources\initial-data\patron.csv' 
2022-05-06 00:09:50.764 DEBUG [acme.framework.components.database.Dataset@main] Reading mapping '{key:user-account=user-account-patron-03, statement=3, link=http://www.twitter.com, company=Acme-One, key=patron-03}' from 'C:\Users\34657\Desktop\Workspace-22.0\Starters\Acme-One\target\classes\WEB-INF\resources\initial-data\patron.csv' 
2022-05-06 00:09:50.764 DEBUG [acme.framework.components.database.Dataset@main] Reading mapping '{key:user-account=user-account-patron-04, statement=4, link=http://www.twitter.com, company=Acme-One, key=patron-04}' from 'C:\Users\34657\Desktop\Workspace-22.0\Starters\Acme-One\target\classes\WEB-INF\resources\initial-data\patron.csv' 
2022-05-06 00:09:50.765 DEBUG [acme.framework.components.database.Dataset@main] Reading dataset from 'C:\Users\34657\Desktop\Workspace-22.0\Starters\Acme-One\target\classes\WEB-INF\resources\initial-data\provider.csv' 
2022-05-06 00:09:50.766 DEBUG [acme.framework.components.database.Dataset@main] Reading mapping '{key:user-account=user-account-provider-01, company=Terra Nets, S.A., sector=Internet, key=provider-01}' from 'C:\Users\34657\Desktop\Workspace-22.0\Starters\Acme-One\target\classes\WEB-INF\resources\initial-data\provider.csv' 
2022-05-06 00:09:50.767 DEBUG [acme.framework.components.database.Dataset@main] Reading mapping '{key:user-account=user-account-provider-02, company=GitHub, sector=Internet, key=provider-02}' from 'C:\Users\34657\Desktop\Workspace-22.0\Starters\Acme-One\target\classes\WEB-INF\resources\initial-data\provider.csv' 
2022-05-06 00:09:50.767 DEBUG [acme.framework.components.database.Dataset@main] Reading dataset from 'C:\Users\34657\Desktop\Workspace-22.0\Starters\Acme-One\target\classes\WEB-INF\resources\initial-data\spam.csv' 
2022-05-06 00:09:50.768 DEBUG [acme.framework.components.database.Dataset@main] Reading mapping '{is-strong=true, key=spam-01, spam-term=sex}' from 'C:\Users\34657\Desktop\Workspace-22.0\Starters\Acme-One\target\classes\WEB-INF\resources\initial-data\spam.csv' 
2022-05-06 00:09:50.769 DEBUG [acme.framework.components.database.Dataset@main] Reading mapping '{is-strong=true, key=spam-02, spam-term=sexo}' from 'C:\Users\34657\Desktop\Workspace-22.0\Starters\Acme-One\target\classes\WEB-INF\resources\initial-data\spam.csv' 
2022-05-06 00:09:50.769 DEBUG [acme.framework.components.database.Dataset@main] Reading mapping '{is-strong=true, key=spam-03, spam-term=hardcore}' from 'C:\Users\34657\Desktop\Workspace-22.0\Starters\Acme-One\target\classes\WEB-INF\resources\initial-data\spam.csv' 
2022-05-06 00:09:50.769 DEBUG [acme.framework.components.database.Dataset@main] Reading mapping '{is-strong=true, key=spam-04, spam-term=duro}' from 'C:\Users\34657\Desktop\Workspace-22.0\Starters\Acme-One\target\classes\WEB-INF\resources\initial-data\spam.csv' 
2022-05-06 00:09:50.770 DEBUG [acme.framework.components.database.Dataset@main] Reading mapping '{is-strong=true, key=spam-05, spam-term=viagra}' from 'C:\Users\34657\Desktop\Workspace-22.0\Starters\Acme-One\target\classes\WEB-INF\resources\initial-data\spam.csv' 
2022-05-06 00:09:50.770 DEBUG [acme.framework.components.database.Dataset@main] Reading mapping '{is-strong=true, key=spam-06, spam-term=cialis}' from 'C:\Users\34657\Desktop\Workspace-22.0\Starters\Acme-One\target\classes\WEB-INF\resources\initial-data\spam.csv' 
2022-05-06 00:09:50.770 DEBUG [acme.framework.components.database.Dataset@main] Reading mapping '{is-strong=false, key=spam-07, spam-term=sexy}' from 'C:\Users\34657\Desktop\Workspace-22.0\Starters\Acme-One\target\classes\WEB-INF\resources\initial-data\spam.csv' 
2022-05-06 00:09:50.770 DEBUG [acme.framework.components.database.Dataset@main] Reading mapping '{is-strong=false, key=spam-08, spam-term=sensual}' from 'C:\Users\34657\Desktop\Workspace-22.0\Starters\Acme-One\target\classes\WEB-INF\resources\initial-data\spam.csv' 
2022-05-06 00:09:50.770 DEBUG [acme.framework.components.database.Dataset@main] Reading mapping '{is-strong=false, key=spam-09, spam-term=nigeria}' from 'C:\Users\34657\Desktop\Workspace-22.0\Starters\Acme-One\target\classes\WEB-INF\resources\initial-data\spam.csv' 
2022-05-06 00:09:50.770 DEBUG [acme.framework.components.database.Dataset@main] Reading mapping '{is-strong=false, key=spam-10, spam-term=you've won}' from 'C:\Users\34657\Desktop\Workspace-22.0\Starters\Acme-One\target\classes\WEB-INF\resources\initial-data\spam.csv' 
2022-05-06 00:09:50.771 DEBUG [acme.framework.components.database.Dataset@main] Reading mapping '{is-strong=false, key=spam-11, spam-term=has ganado}' from 'C:\Users\34657\Desktop\Workspace-22.0\Starters\Acme-One\target\classes\WEB-INF\resources\initial-data\spam.csv' 
2022-05-06 00:09:50.771 DEBUG [acme.framework.components.database.Dataset@main] Reading mapping '{is-strong=false, key=spam-12, spam-term=one million}' from 'C:\Users\34657\Desktop\Workspace-22.0\Starters\Acme-One\target\classes\WEB-INF\resources\initial-data\spam.csv' 
2022-05-06 00:09:50.771 DEBUG [acme.framework.components.database.Dataset@main] Reading mapping '{is-strong=false, key=spam-13, spam-term=un milln}' from 'C:\Users\34657\Desktop\Workspace-22.0\Starters\Acme-One\target\classes\WEB-INF\resources\initial-data\spam.csv' 
2022-05-06 00:09:50.772 DEBUG [acme.framework.components.database.Dataset@main] Reading dataset from 'C:\Users\34657\Desktop\Workspace-22.0\Starters\Acme-One\target\classes\WEB-INF\resources\initial-data\user-account.csv' 
2022-05-06 00:09:50.773 DEBUG [acme.framework.components.database.Dataset@main] Reading mapping '{password=HIDDEN-PASSWORD, identity=UserIdentity{name: 'John', surname: 'Doe', email: 'john.doe@acme.com'}, key=user-account-anonymous-01, enabled=false, username=anonymous}' from 'C:\Users\34657\Desktop\Workspace-22.0\Starters\Acme-One\target\classes\WEB-INF\resources\initial-data\user-account.csv' 
2022-05-06 00:09:50.773 DEBUG [acme.framework.components.database.Dataset@main] Reading mapping '{password=administrator, identity=UserIdentity{name: 'Administrator', surname: 'Acme', email: 'administrator@acme.com'}, key=user-account-administrator-01, enabled=true, username=administrator}' from 'C:\Users\34657\Desktop\Workspace-22.0\Starters\Acme-One\target\classes\WEB-INF\resources\initial-data\user-account.csv' 
2022-05-06 00:09:50.774 DEBUG [acme.framework.components.database.Dataset@main] Reading mapping '{password=patron1, identity=UserIdentity{name: 'P1', surname: 'Acme', email: 'p1@acme.com'}, key=user-account-patron-01, enabled=true, username=patron1}' from 'C:\Users\34657\Desktop\Workspace-22.0\Starters\Acme-One\target\classes\WEB-INF\resources\initial-data\user-account.csv' 
2022-05-06 00:09:50.774 DEBUG [acme.framework.components.database.Dataset@main] Reading mapping '{password=patron2, identity=UserIdentity{name: 'P2', surname: 'Acme', email: 'p2@acme.com'}, key=user-account-patron-02, enabled=true, username=patron2}' from 'C:\Users\34657\Desktop\Workspace-22.0\Starters\Acme-One\target\classes\WEB-INF\resources\initial-data\user-account.csv' 
2022-05-06 00:09:50.774 DEBUG [acme.framework.components.database.Dataset@main] Reading mapping '{password=patron3, identity=UserIdentity{name: 'P3', surname: 'Acme', email: 'p3@acme.com'}, key=user-account-patron-03, enabled=true, username=patron3}' from 'C:\Users\34657\Desktop\Workspace-22.0\Starters\Acme-One\target\classes\WEB-INF\resources\initial-data\user-account.csv' 
2022-05-06 00:09:50.774 DEBUG [acme.framework.components.database.Dataset@main] Reading mapping '{password=patron4, identity=UserIdentity{name: 'P4', surname: 'Acme', email: 'p4@acme.com'}, key=user-account-patron-04, enabled=true, username=patron4}' from 'C:\Users\34657\Desktop\Workspace-22.0\Starters\Acme-One\target\classes\WEB-INF\resources\initial-data\user-account.csv' 
2022-05-06 00:09:50.774 DEBUG [acme.framework.components.database.Dataset@main] Reading mapping '{password=inventor1, identity=UserIdentity{name: 'I1', surname: 'Acme', email: 'i1@acme.com'}, key=user-account-inventor-01, enabled=true, username=inventor1}' from 'C:\Users\34657\Desktop\Workspace-22.0\Starters\Acme-One\target\classes\WEB-INF\resources\initial-data\user-account.csv' 
2022-05-06 00:09:50.775 DEBUG [acme.framework.components.database.Dataset@main] Reading mapping '{password=inventor2, identity=UserIdentity{name: 'I2', surname: 'Acme', email: 'i2@acme.com'}, key=user-account-inventor-02, enabled=true, username=inventor2}' from 'C:\Users\34657\Desktop\Workspace-22.0\Starters\Acme-One\target\classes\WEB-INF\resources\initial-data\user-account.csv' 
2022-05-06 00:09:50.775 DEBUG [acme.framework.components.database.Dataset@main] Reading mapping '{password=inventor3, identity=UserIdentity{name: 'I3', surname: 'Acme', email: 'i3@acme.com'}, key=user-account-inventor-03, enabled=true, username=inventor3}' from 'C:\Users\34657\Desktop\Workspace-22.0\Starters\Acme-One\target\classes\WEB-INF\resources\initial-data\user-account.csv' 
2022-05-06 00:09:50.775 DEBUG [acme.framework.components.database.Dataset@main] Reading mapping '{password=inventor4, identity=UserIdentity{name: 'I4', surname: 'Acme', email: 'i4@acme.com'}, key=user-account-inventor-04, enabled=true, username=inventor4}' from 'C:\Users\34657\Desktop\Workspace-22.0\Starters\Acme-One\target\classes\WEB-INF\resources\initial-data\user-account.csv' 
2022-05-06 00:09:50.775 DEBUG [acme.framework.components.database.Dataset@main] Reading mapping '{password=consumer1, identity=UserIdentity{name: 'C1', surname: 'Acme', email: 'c1@acme.com'}, key=user-account-consumer-01, enabled=true, username=consumer1}' from 'C:\Users\34657\Desktop\Workspace-22.0\Starters\Acme-One\target\classes\WEB-INF\resources\initial-data\user-account.csv' 
2022-05-06 00:09:50.776 DEBUG [acme.framework.components.database.Dataset@main] Reading mapping '{password=consumer2, identity=UserIdentity{name: 'C2', surname: 'Acme', email: 'c2@acme.com'}, key=user-account-consumer-02, enabled=true, username=consumer2}' from 'C:\Users\34657\Desktop\Workspace-22.0\Starters\Acme-One\target\classes\WEB-INF\resources\initial-data\user-account.csv' 
2022-05-06 00:09:50.776 DEBUG [acme.framework.components.database.Dataset@main] Reading mapping '{password=provider1, identity=UserIdentity{name: 'PR1', surname: 'Acme', email: 'pr1@acme.com'}, key=user-account-provider-01, enabled=true, username=provider1}' from 'C:\Users\34657\Desktop\Workspace-22.0\Starters\Acme-One\target\classes\WEB-INF\resources\initial-data\user-account.csv' 
2022-05-06 00:09:50.776 DEBUG [acme.framework.components.database.Dataset@main] Reading mapping '{password=provider2, identity=UserIdentity{name: 'PR2', surname: 'Acme', email: 'pr2@acme.com'}, key=user-account-provider-02, enabled=true, username=provider2}' from 'C:\Users\34657\Desktop\Workspace-22.0\Starters\Acme-One\target\classes\WEB-INF\resources\initial-data\user-account.csv' 
2022-05-06 00:09:50.776 DEBUG [acme.framework.components.database.EntityWeb@main] Setting attributes of entities of class acme.entities.Currency 
2022-05-06 00:09:50.812 ERROR [acme.Launcher@main] acme.framework.components.database.EntityWeb.computeRegularAttributes(EntityWeb.java:256): C:\Users\34657\Desktop\Workspace-22.0\Starters\Acme-One\target\classes\WEB-INF\resources\initial-data\currency.csv: couldn't assign value 'False' to property 'acme.entities.Currency@currency-02::isDefault' 
2022-05-06 00:09:50.812 INFO  [acme.Launcher@main] The application log provides additional debugging messages! 
2022-05-06 00:09:52.077 INFO  [acme.framework.configuration.ShutdownConfiguration@main] The system is shutting down... 
2022-05-06 00:09:52.107 DEBUG [acme.Launcher@main] Exit code = 0 
