2022-04-07 19:51:24.863 INFO  [acme.Launcher@main] Starting Launcher using Java 1.8.0_221 on LAPTOP-3FUPSK0H with PID 9280 (C:\Users\34657\Desktop\Workspace-22.0\Frameworks\Acme-Framework-22.3\target\classes started by 34657 in C:\Users\34657\Desktop\Workspace-22.0\Starters\Acme-One) 
2022-04-07 19:51:24.864 DEBUG [acme.Launcher@main] Running with Spring Boot v2.4.2, Spring v5.3.3 
2022-04-07 19:51:24.865 INFO  [acme.Launcher@main] The following profiles are active: development,populator 
2022-04-07 19:51:28.994 DEBUG [org.apache.jasper.servlet.JasperInitializer@main] Initializing Jasper for context [application] 
2022-04-07 19:51:34.775 DEBUG [org.apache.jasper.servlet.JspServlet@main] Scratch dir for the JSP engine is: [C:\Users\34657\AppData\Local\Temp\tomcat.8083.4004704778867719517\work\Tomcat\localhost\acme-one-2.0] 
2022-04-07 19:51:34.776 DEBUG [org.apache.jasper.servlet.JspServlet@main] IMPORTANT: Do not modify the generated servlets 
2022-04-07 19:51:34.795 INFO  [acme.Launcher@main] Started Launcher in 10.794 seconds (JVM running for 11.663) 
2022-04-07 19:51:34.803 DEBUG [acme.Launcher@main] Found classpath entry '/C:/Users/34657/Desktop/Workspace-22.0/Starters/Acme-One/target/test-classes/' 
2022-04-07 19:51:34.804 DEBUG [acme.Launcher@main] Found classpath entry '/C:/Users/34657/Desktop/Workspace-22.0/Starters/Acme-One/target/classes/' 
2022-04-07 19:51:34.804 DEBUG [acme.Launcher@main] Found classpath entry '/C:/Users/34657/Desktop/Workspace-22.0/Frameworks/Acme-Framework-22.3/target/classes/' 
2022-04-07 19:51:34.804 DEBUG [acme.Launcher@main] Found classpath entry '/C:/Users/34657/Desktop/Workspace-22.0/Frameworks/Acme-Framework-22.3/target/test-classes/' 
2022-04-07 19:51:34.804 DEBUG [acme.Launcher@main] Found classpath entry '/C:/Users/34657/.m2/repository/org/springframework/boot/spring-boot-starter-tomcat/2.4.2/spring-boot-starter-tomcat-2.4.2.jar' 
2022-04-07 19:51:34.805 DEBUG [acme.Launcher@main] Found classpath entry '/C:/Users/34657/.m2/repository/jakarta/annotation/jakarta.annotation-api/1.3.5/jakarta.annotation-api-1.3.5.jar' 
2022-04-07 19:51:34.805 DEBUG [acme.Launcher@main] Found classpath entry '/C:/Users/34657/.m2/repository/org/apache/tomcat/embed/tomcat-embed-core/9.0.41/tomcat-embed-core-9.0.41.jar' 
2022-04-07 19:51:34.805 DEBUG [acme.Launcher@main] Found classpath entry '/C:/Users/34657/.m2/repository/org/glassfish/jakarta.el/3.0.3/jakarta.el-3.0.3.jar' 
2022-04-07 19:51:34.805 DEBUG [acme.Launcher@main] Found classpath entry '/C:/Users/34657/.m2/repository/org/apache/tomcat/embed/tomcat-embed-websocket/9.0.41/tomcat-embed-websocket-9.0.41.jar' 
2022-04-07 19:51:34.805 DEBUG [acme.Launcher@main] Found classpath entry '/C:/Users/34657/.m2/repository/org/apache/tomcat/embed/tomcat-embed-jasper/9.0.41/tomcat-embed-jasper-9.0.41.jar' 
2022-04-07 19:51:34.806 DEBUG [acme.Launcher@main] Found classpath entry '/C:/Users/34657/.m2/repository/org/apache/tomcat/embed/tomcat-embed-el/9.0.41/tomcat-embed-el-9.0.41.jar' 
2022-04-07 19:51:34.806 DEBUG [acme.Launcher@main] Found classpath entry '/C:/Users/34657/.m2/repository/org/eclipse/jdt/ecj/3.18.0/ecj-3.18.0.jar' 
2022-04-07 19:51:34.806 DEBUG [acme.Launcher@main] Found classpath entry '/C:/Users/34657/.m2/repository/javax/servlet/jstl/1.2/jstl-1.2.jar' 
2022-04-07 19:51:34.806 DEBUG [acme.Launcher@main] Found classpath entry '/C:/Users/34657/.m2/repository/org/springframework/boot/spring-boot-starter-test/2.4.2/spring-boot-starter-test-2.4.2.jar' 
2022-04-07 19:51:34.806 DEBUG [acme.Launcher@main] Found classpath entry '/C:/Users/34657/.m2/repository/org/springframework/boot/spring-boot-starter/2.4.2/spring-boot-starter-2.4.2.jar' 
2022-04-07 19:51:34.807 DEBUG [acme.Launcher@main] Found classpath entry '/C:/Users/34657/.m2/repository/org/springframework/boot/spring-boot/2.4.2/spring-boot-2.4.2.jar' 
2022-04-07 19:51:34.808 DEBUG [acme.Launcher@main] Found classpath entry '/C:/Users/34657/.m2/repository/org/springframework/boot/spring-boot-autoconfigure/2.4.2/spring-boot-autoconfigure-2.4.2.jar' 
2022-04-07 19:51:34.808 DEBUG [acme.Launcher@main] Found classpath entry '/C:/Users/34657/.m2/repository/org/springframework/boot/spring-boot-starter-logging/2.4.2/spring-boot-starter-logging-2.4.2.jar' 
2022-04-07 19:51:34.810 DEBUG [acme.Launcher@main] Found classpath entry '/C:/Users/34657/.m2/repository/ch/qos/logback/logback-classic/1.2.3/logback-classic-1.2.3.jar' 
2022-04-07 19:51:34.812 DEBUG [acme.Launcher@main] Found classpath entry '/C:/Users/34657/.m2/repository/ch/qos/logback/logback-core/1.2.3/logback-core-1.2.3.jar' 
2022-04-07 19:51:34.812 DEBUG [acme.Launcher@main] Found classpath entry '/C:/Users/34657/.m2/repository/org/apache/logging/log4j/log4j-to-slf4j/2.13.3/log4j-to-slf4j-2.13.3.jar' 
2022-04-07 19:51:34.814 DEBUG [acme.Launcher@main] Found classpath entry '/C:/Users/34657/.m2/repository/org/apache/logging/log4j/log4j-api/2.13.3/log4j-api-2.13.3.jar' 
2022-04-07 19:51:34.815 DEBUG [acme.Launcher@main] Found classpath entry '/C:/Users/34657/.m2/repository/org/slf4j/jul-to-slf4j/1.7.30/jul-to-slf4j-1.7.30.jar' 
2022-04-07 19:51:34.815 DEBUG [acme.Launcher@main] Found classpath entry '/C:/Users/34657/.m2/repository/org/yaml/snakeyaml/1.27/snakeyaml-1.27.jar' 
2022-04-07 19:51:34.816 DEBUG [acme.Launcher@main] Found classpath entry '/C:/Users/34657/.m2/repository/org/springframework/boot/spring-boot-test/2.4.2/spring-boot-test-2.4.2.jar' 
2022-04-07 19:51:34.816 DEBUG [acme.Launcher@main] Found classpath entry '/C:/Users/34657/.m2/repository/org/springframework/boot/spring-boot-test-autoconfigure/2.4.2/spring-boot-test-autoconfigure-2.4.2.jar' 
2022-04-07 19:51:34.816 DEBUG [acme.Launcher@main] Found classpath entry '/C:/Users/34657/.m2/repository/com/jayway/jsonpath/json-path/2.4.0/json-path-2.4.0.jar' 
2022-04-07 19:51:34.816 DEBUG [acme.Launcher@main] Found classpath entry '/C:/Users/34657/.m2/repository/net/minidev/json-smart/2.3/json-smart-2.3.jar' 
2022-04-07 19:51:34.817 DEBUG [acme.Launcher@main] Found classpath entry '/C:/Users/34657/.m2/repository/net/minidev/accessors-smart/1.2/accessors-smart-1.2.jar' 
2022-04-07 19:51:34.817 DEBUG [acme.Launcher@main] Found classpath entry '/C:/Users/34657/.m2/repository/org/ow2/asm/asm/5.0.4/asm-5.0.4.jar' 
2022-04-07 19:51:34.817 DEBUG [acme.Launcher@main] Found classpath entry '/C:/Users/34657/.m2/repository/jakarta/xml/bind/jakarta.xml.bind-api/2.3.3/jakarta.xml.bind-api-2.3.3.jar' 
2022-04-07 19:51:34.817 DEBUG [acme.Launcher@main] Found classpath entry '/C:/Users/34657/.m2/repository/jakarta/activation/jakarta.activation-api/1.2.2/jakarta.activation-api-1.2.2.jar' 
2022-04-07 19:51:34.817 DEBUG [acme.Launcher@main] Found classpath entry '/C:/Users/34657/.m2/repository/org/assertj/assertj-core/3.18.1/assertj-core-3.18.1.jar' 
2022-04-07 19:51:34.818 DEBUG [acme.Launcher@main] Found classpath entry '/C:/Users/34657/.m2/repository/org/hamcrest/hamcrest/2.2/hamcrest-2.2.jar' 
2022-04-07 19:51:34.818 DEBUG [acme.Launcher@main] Found classpath entry '/C:/Users/34657/.m2/repository/org/junit/jupiter/junit-jupiter/5.7.0/junit-jupiter-5.7.0.jar' 
2022-04-07 19:51:34.818 DEBUG [acme.Launcher@main] Found classpath entry '/C:/Users/34657/.m2/repository/org/mockito/mockito-core/3.6.28/mockito-core-3.6.28.jar' 
2022-04-07 19:51:34.818 DEBUG [acme.Launcher@main] Found classpath entry '/C:/Users/34657/.m2/repository/net/bytebuddy/byte-buddy-agent/1.10.19/byte-buddy-agent-1.10.19.jar' 
2022-04-07 19:51:34.818 DEBUG [acme.Launcher@main] Found classpath entry '/C:/Users/34657/.m2/repository/org/objenesis/objenesis/3.1/objenesis-3.1.jar' 
2022-04-07 19:51:34.818 DEBUG [acme.Launcher@main] Found classpath entry '/C:/Users/34657/.m2/repository/org/mockito/mockito-junit-jupiter/3.6.28/mockito-junit-jupiter-3.6.28.jar' 
2022-04-07 19:51:34.819 DEBUG [acme.Launcher@main] Found classpath entry '/C:/Users/34657/.m2/repository/org/skyscreamer/jsonassert/1.5.0/jsonassert-1.5.0.jar' 
2022-04-07 19:51:34.819 DEBUG [acme.Launcher@main] Found classpath entry '/C:/Users/34657/.m2/repository/com/vaadin/external/google/android-json/0.0.20131108.vaadin1/android-json-0.0.20131108.vaadin1.jar' 
2022-04-07 19:51:34.820 DEBUG [acme.Launcher@main] Found classpath entry '/C:/Users/34657/.m2/repository/org/springframework/spring-core/5.3.3/spring-core-5.3.3.jar' 
2022-04-07 19:51:34.820 DEBUG [acme.Launcher@main] Found classpath entry '/C:/Users/34657/.m2/repository/org/springframework/spring-jcl/5.3.3/spring-jcl-5.3.3.jar' 
2022-04-07 19:51:34.820 DEBUG [acme.Launcher@main] Found classpath entry '/C:/Users/34657/.m2/repository/org/springframework/spring-test/5.3.3/spring-test-5.3.3.jar' 
2022-04-07 19:51:34.823 DEBUG [acme.Launcher@main] Found classpath entry '/C:/Users/34657/.m2/repository/org/xmlunit/xmlunit-core/2.7.0/xmlunit-core-2.7.0.jar' 
2022-04-07 19:51:34.823 DEBUG [acme.Launcher@main] Found classpath entry '/C:/Users/34657/.m2/repository/org/springframework/boot/spring-boot-starter-security/2.4.2/spring-boot-starter-security-2.4.2.jar' 
2022-04-07 19:51:34.823 DEBUG [acme.Launcher@main] Found classpath entry '/C:/Users/34657/.m2/repository/org/springframework/spring-aop/5.3.3/spring-aop-5.3.3.jar' 
2022-04-07 19:51:34.823 DEBUG [acme.Launcher@main] Found classpath entry '/C:/Users/34657/.m2/repository/org/springframework/security/spring-security-web/5.4.2/spring-security-web-5.4.2.jar' 
2022-04-07 19:51:34.824 DEBUG [acme.Launcher@main] Found classpath entry '/C:/Users/34657/.m2/repository/org/springframework/security/spring-security-core/5.4.2/spring-security-core-5.4.2.jar' 
2022-04-07 19:51:34.824 DEBUG [acme.Launcher@main] Found classpath entry '/C:/Users/34657/.m2/repository/org/springframework/spring-beans/5.3.3/spring-beans-5.3.3.jar' 
2022-04-07 19:51:34.824 DEBUG [acme.Launcher@main] Found classpath entry '/C:/Users/34657/.m2/repository/org/springframework/spring-context/5.3.3/spring-context-5.3.3.jar' 
2022-04-07 19:51:34.824 DEBUG [acme.Launcher@main] Found classpath entry '/C:/Users/34657/.m2/repository/org/springframework/spring-expression/5.3.3/spring-expression-5.3.3.jar' 
2022-04-07 19:51:34.824 DEBUG [acme.Launcher@main] Found classpath entry '/C:/Users/34657/.m2/repository/org/springframework/spring-web/5.3.3/spring-web-5.3.3.jar' 
2022-04-07 19:51:34.825 DEBUG [acme.Launcher@main] Found classpath entry '/C:/Users/34657/.m2/repository/org/springframework/security/spring-security-config/5.4.2/spring-security-config-5.4.2.jar' 
2022-04-07 19:51:34.825 DEBUG [acme.Launcher@main] Found classpath entry '/C:/Users/34657/.m2/repository/org/springframework/security/spring-security-taglibs/5.4.2/spring-security-taglibs-5.4.2.jar' 
2022-04-07 19:51:34.826 DEBUG [acme.Launcher@main] Found classpath entry '/C:/Users/34657/.m2/repository/org/springframework/security/spring-security-acl/5.4.2/spring-security-acl-5.4.2.jar' 
2022-04-07 19:51:34.826 DEBUG [acme.Launcher@main] Found classpath entry '/C:/Users/34657/.m2/repository/org/springframework/spring-jdbc/5.3.3/spring-jdbc-5.3.3.jar' 
2022-04-07 19:51:34.826 DEBUG [acme.Launcher@main] Found classpath entry '/C:/Users/34657/.m2/repository/org/springframework/spring-tx/5.3.3/spring-tx-5.3.3.jar' 
2022-04-07 19:51:34.826 DEBUG [acme.Launcher@main] Found classpath entry '/C:/Users/34657/.m2/repository/org/springframework/boot/spring-boot-starter-web/2.4.2/spring-boot-starter-web-2.4.2.jar' 
2022-04-07 19:51:34.826 DEBUG [acme.Launcher@main] Found classpath entry '/C:/Users/34657/.m2/repository/org/springframework/boot/spring-boot-starter-json/2.4.2/spring-boot-starter-json-2.4.2.jar' 
2022-04-07 19:51:34.827 DEBUG [acme.Launcher@main] Found classpath entry '/C:/Users/34657/.m2/repository/com/fasterxml/jackson/core/jackson-databind/2.11.4/jackson-databind-2.11.4.jar' 
2022-04-07 19:51:34.827 DEBUG [acme.Launcher@main] Found classpath entry '/C:/Users/34657/.m2/repository/com/fasterxml/jackson/core/jackson-annotations/2.11.4/jackson-annotations-2.11.4.jar' 
2022-04-07 19:51:34.827 DEBUG [acme.Launcher@main] Found classpath entry '/C:/Users/34657/.m2/repository/com/fasterxml/jackson/core/jackson-core/2.11.4/jackson-core-2.11.4.jar' 
2022-04-07 19:51:34.827 DEBUG [acme.Launcher@main] Found classpath entry '/C:/Users/34657/.m2/repository/com/fasterxml/jackson/datatype/jackson-datatype-jdk8/2.11.4/jackson-datatype-jdk8-2.11.4.jar' 
2022-04-07 19:51:34.827 DEBUG [acme.Launcher@main] Found classpath entry '/C:/Users/34657/.m2/repository/com/fasterxml/jackson/datatype/jackson-datatype-jsr310/2.11.4/jackson-datatype-jsr310-2.11.4.jar' 
2022-04-07 19:51:34.828 DEBUG [acme.Launcher@main] Found classpath entry '/C:/Users/34657/.m2/repository/com/fasterxml/jackson/module/jackson-module-parameter-names/2.11.4/jackson-module-parameter-names-2.11.4.jar' 
2022-04-07 19:51:34.828 DEBUG [acme.Launcher@main] Found classpath entry '/C:/Users/34657/.m2/repository/org/springframework/spring-webmvc/5.3.3/spring-webmvc-5.3.3.jar' 
2022-04-07 19:51:34.828 DEBUG [acme.Launcher@main] Found classpath entry '/C:/Users/34657/.m2/repository/org/apache/tiles/tiles-jsp/3.0.8/tiles-jsp-3.0.8.jar' 
2022-04-07 19:51:34.828 DEBUG [acme.Launcher@main] Found classpath entry '/C:/Users/34657/.m2/repository/org/apache/tiles/tiles-servlet/3.0.8/tiles-servlet-3.0.8.jar' 
2022-04-07 19:51:34.828 DEBUG [acme.Launcher@main] Found classpath entry '/C:/Users/34657/.m2/repository/org/apache/tiles/tiles-core/3.0.8/tiles-core-3.0.8.jar' 
2022-04-07 19:51:34.828 DEBUG [acme.Launcher@main] Found classpath entry '/C:/Users/34657/.m2/repository/commons-digester/commons-digester/2.0/commons-digester-2.0.jar' 
2022-04-07 19:51:34.828 DEBUG [acme.Launcher@main] Found classpath entry '/C:/Users/34657/.m2/repository/org/slf4j/jcl-over-slf4j/1.7.30/jcl-over-slf4j-1.7.30.jar' 
2022-04-07 19:51:34.829 DEBUG [acme.Launcher@main] Found classpath entry '/C:/Users/34657/.m2/repository/org/apache/tiles/tiles-request-servlet/1.0.7/tiles-request-servlet-1.0.7.jar' 
2022-04-07 19:51:34.829 DEBUG [acme.Launcher@main] Found classpath entry '/C:/Users/34657/.m2/repository/org/apache/tiles/tiles-template/3.0.8/tiles-template-3.0.8.jar' 
2022-04-07 19:51:34.829 DEBUG [acme.Launcher@main] Found classpath entry '/C:/Users/34657/.m2/repository/org/apache/tiles/tiles-api/3.0.8/tiles-api-3.0.8.jar' 
2022-04-07 19:51:34.829 DEBUG [acme.Launcher@main] Found classpath entry '/C:/Users/34657/.m2/repository/org/apache/tiles/tiles-autotag-core-runtime/1.2/tiles-autotag-core-runtime-1.2.jar' 
2022-04-07 19:51:34.829 DEBUG [acme.Launcher@main] Found classpath entry '/C:/Users/34657/.m2/repository/org/slf4j/slf4j-api/1.7.30/slf4j-api-1.7.30.jar' 
2022-04-07 19:51:34.829 DEBUG [acme.Launcher@main] Found classpath entry '/C:/Users/34657/.m2/repository/org/apache/tiles/tiles-request-jsp/1.0.7/tiles-request-jsp-1.0.7.jar' 
2022-04-07 19:51:34.829 DEBUG [acme.Launcher@main] Found classpath entry '/C:/Users/34657/.m2/repository/org/apache/tiles/tiles-request-api/1.0.7/tiles-request-api-1.0.7.jar' 
2022-04-07 19:51:34.829 DEBUG [acme.Launcher@main] Found classpath entry '/C:/Users/34657/.m2/repository/org/springframework/boot/spring-boot-starter-data-jpa/2.4.2/spring-boot-starter-data-jpa-2.4.2.jar' 
2022-04-07 19:51:34.829 DEBUG [acme.Launcher@main] Found classpath entry '/C:/Users/34657/.m2/repository/org/springframework/boot/spring-boot-starter-aop/2.4.2/spring-boot-starter-aop-2.4.2.jar' 
2022-04-07 19:51:34.831 DEBUG [acme.Launcher@main] Found classpath entry '/C:/Users/34657/.m2/repository/org/aspectj/aspectjweaver/1.9.6/aspectjweaver-1.9.6.jar' 
2022-04-07 19:51:34.831 DEBUG [acme.Launcher@main] Found classpath entry '/C:/Users/34657/.m2/repository/org/springframework/boot/spring-boot-starter-jdbc/2.4.2/spring-boot-starter-jdbc-2.4.2.jar' 
2022-04-07 19:51:34.831 DEBUG [acme.Launcher@main] Found classpath entry '/C:/Users/34657/.m2/repository/jakarta/transaction/jakarta.transaction-api/1.3.3/jakarta.transaction-api-1.3.3.jar' 
2022-04-07 19:51:34.831 DEBUG [acme.Launcher@main] Found classpath entry '/C:/Users/34657/.m2/repository/jakarta/persistence/jakarta.persistence-api/2.2.3/jakarta.persistence-api-2.2.3.jar' 
2022-04-07 19:51:34.831 DEBUG [acme.Launcher@main] Found classpath entry '/C:/Users/34657/.m2/repository/org/hibernate/hibernate-core/5.4.27.Final/hibernate-core-5.4.27.Final.jar' 
2022-04-07 19:51:34.831 DEBUG [acme.Launcher@main] Found classpath entry '/C:/Users/34657/.m2/repository/org/jboss/logging/jboss-logging/3.4.1.Final/jboss-logging-3.4.1.Final.jar' 
2022-04-07 19:51:34.831 DEBUG [acme.Launcher@main] Found classpath entry '/C:/Users/34657/.m2/repository/org/javassist/javassist/3.27.0-GA/javassist-3.27.0-GA.jar' 
2022-04-07 19:51:34.831 DEBUG [acme.Launcher@main] Found classpath entry '/C:/Users/34657/.m2/repository/antlr/antlr/2.7.7/antlr-2.7.7.jar' 
2022-04-07 19:51:34.832 DEBUG [acme.Launcher@main] Found classpath entry '/C:/Users/34657/.m2/repository/org/jboss/jandex/2.1.3.Final/jandex-2.1.3.Final.jar' 
2022-04-07 19:51:34.832 DEBUG [acme.Launcher@main] Found classpath entry '/C:/Users/34657/.m2/repository/com/fasterxml/classmate/1.5.1/classmate-1.5.1.jar' 
2022-04-07 19:51:34.833 DEBUG [acme.Launcher@main] Found classpath entry '/C:/Users/34657/.m2/repository/org/dom4j/dom4j/2.1.3/dom4j-2.1.3.jar' 
2022-04-07 19:51:34.833 DEBUG [acme.Launcher@main] Found classpath entry '/C:/Users/34657/.m2/repository/org/hibernate/common/hibernate-commons-annotations/5.1.2.Final/hibernate-commons-annotations-5.1.2.Final.jar' 
2022-04-07 19:51:34.834 DEBUG [acme.Launcher@main] Found classpath entry '/C:/Users/34657/.m2/repository/org/glassfish/jaxb/jaxb-runtime/2.3.3/jaxb-runtime-2.3.3.jar' 
2022-04-07 19:51:34.834 DEBUG [acme.Launcher@main] Found classpath entry '/C:/Users/34657/.m2/repository/org/glassfish/jaxb/txw2/2.3.3/txw2-2.3.3.jar' 
2022-04-07 19:51:34.834 DEBUG [acme.Launcher@main] Found classpath entry '/C:/Users/34657/.m2/repository/com/sun/istack/istack-commons-runtime/3.0.11/istack-commons-runtime-3.0.11.jar' 
2022-04-07 19:51:34.834 DEBUG [acme.Launcher@main] Found classpath entry '/C:/Users/34657/.m2/repository/com/sun/activation/jakarta.activation/1.2.2/jakarta.activation-1.2.2.jar' 
2022-04-07 19:51:34.834 DEBUG [acme.Launcher@main] Found classpath entry '/C:/Users/34657/.m2/repository/org/springframework/data/spring-data-jpa/2.4.3/spring-data-jpa-2.4.3.jar' 
2022-04-07 19:51:34.834 DEBUG [acme.Launcher@main] Found classpath entry '/C:/Users/34657/.m2/repository/org/springframework/data/spring-data-commons/2.4.3/spring-data-commons-2.4.3.jar' 
2022-04-07 19:51:34.834 DEBUG [acme.Launcher@main] Found classpath entry '/C:/Users/34657/.m2/repository/org/springframework/spring-orm/5.3.3/spring-orm-5.3.3.jar' 
2022-04-07 19:51:34.834 DEBUG [acme.Launcher@main] Found classpath entry '/C:/Users/34657/.m2/repository/org/springframework/spring-aspects/5.3.3/spring-aspects-5.3.3.jar' 
2022-04-07 19:51:34.835 DEBUG [acme.Launcher@main] Found classpath entry '/C:/Users/34657/.m2/repository/org/springframework/boot/spring-boot-starter-validation/2.4.2/spring-boot-starter-validation-2.4.2.jar' 
2022-04-07 19:51:34.835 DEBUG [acme.Launcher@main] Found classpath entry '/C:/Users/34657/.m2/repository/org/hibernate/validator/hibernate-validator/6.1.7.Final/hibernate-validator-6.1.7.Final.jar' 
2022-04-07 19:51:34.835 DEBUG [acme.Launcher@main] Found classpath entry '/C:/Users/34657/.m2/repository/jakarta/validation/jakarta.validation-api/2.0.2/jakarta.validation-api-2.0.2.jar' 
2022-04-07 19:51:34.835 DEBUG [acme.Launcher@main] Found classpath entry '/C:/Users/34657/.m2/repository/mysql/mysql-connector-java/8.0.22/mysql-connector-java-8.0.22.jar' 
2022-04-07 19:51:34.835 DEBUG [acme.Launcher@main] Found classpath entry '/C:/Users/34657/.m2/repository/com/zaxxer/HikariCP/3.4.5/HikariCP-3.4.5.jar' 
2022-04-07 19:51:34.835 DEBUG [acme.Launcher@main] Found classpath entry '/C:/Users/34657/.m2/repository/org/junit/jupiter/junit-jupiter-engine/5.7.0/junit-jupiter-engine-5.7.0.jar' 
2022-04-07 19:51:34.835 DEBUG [acme.Launcher@main] Found classpath entry '/C:/Users/34657/.m2/repository/org/apiguardian/apiguardian-api/1.1.0/apiguardian-api-1.1.0.jar' 
2022-04-07 19:51:34.836 DEBUG [acme.Launcher@main] Found classpath entry '/C:/Users/34657/.m2/repository/org/junit/platform/junit-platform-engine/1.7.0/junit-platform-engine-1.7.0.jar' 
2022-04-07 19:51:34.836 DEBUG [acme.Launcher@main] Found classpath entry '/C:/Users/34657/.m2/repository/org/junit/jupiter/junit-jupiter-api/5.7.0/junit-jupiter-api-5.7.0.jar' 
2022-04-07 19:51:34.836 DEBUG [acme.Launcher@main] Found classpath entry '/C:/Users/34657/.m2/repository/org/opentest4j/opentest4j/1.2.0/opentest4j-1.2.0.jar' 
2022-04-07 19:51:34.836 DEBUG [acme.Launcher@main] Found classpath entry '/C:/Users/34657/.m2/repository/org/junit/platform/junit-platform-commons/1.7.0/junit-platform-commons-1.7.0.jar' 
2022-04-07 19:51:34.836 DEBUG [acme.Launcher@main] Found classpath entry '/C:/Users/34657/.m2/repository/org/junit/jupiter/junit-jupiter-params/5.7.0/junit-jupiter-params-5.7.0.jar' 
2022-04-07 19:51:34.836 DEBUG [acme.Launcher@main] Found classpath entry '/C:/Users/34657/.m2/repository/org/junit/platform/junit-platform-launcher/1.7.0/junit-platform-launcher-1.7.0.jar' 
2022-04-07 19:51:34.836 DEBUG [acme.Launcher@main] Found classpath entry '/C:/Users/34657/.m2/repository/org/seleniumhq/selenium/selenium-java/3.141.59/selenium-java-3.141.59.jar' 
2022-04-07 19:51:34.836 DEBUG [acme.Launcher@main] Found classpath entry '/C:/Users/34657/.m2/repository/org/seleniumhq/selenium/selenium-api/3.141.59/selenium-api-3.141.59.jar' 
2022-04-07 19:51:34.836 DEBUG [acme.Launcher@main] Found classpath entry '/C:/Users/34657/.m2/repository/org/seleniumhq/selenium/selenium-chrome-driver/3.141.59/selenium-chrome-driver-3.141.59.jar' 
2022-04-07 19:51:34.836 DEBUG [acme.Launcher@main] Found classpath entry '/C:/Users/34657/.m2/repository/org/seleniumhq/selenium/selenium-edge-driver/3.141.59/selenium-edge-driver-3.141.59.jar' 
2022-04-07 19:51:34.837 DEBUG [acme.Launcher@main] Found classpath entry '/C:/Users/34657/.m2/repository/org/seleniumhq/selenium/selenium-firefox-driver/3.141.59/selenium-firefox-driver-3.141.59.jar' 
2022-04-07 19:51:34.837 DEBUG [acme.Launcher@main] Found classpath entry '/C:/Users/34657/.m2/repository/org/seleniumhq/selenium/selenium-ie-driver/3.141.59/selenium-ie-driver-3.141.59.jar' 
2022-04-07 19:51:34.837 DEBUG [acme.Launcher@main] Found classpath entry '/C:/Users/34657/.m2/repository/org/seleniumhq/selenium/selenium-opera-driver/3.141.59/selenium-opera-driver-3.141.59.jar' 
2022-04-07 19:51:34.837 DEBUG [acme.Launcher@main] Found classpath entry '/C:/Users/34657/.m2/repository/org/seleniumhq/selenium/selenium-remote-driver/3.141.59/selenium-remote-driver-3.141.59.jar' 
2022-04-07 19:51:34.837 DEBUG [acme.Launcher@main] Found classpath entry '/C:/Users/34657/.m2/repository/org/seleniumhq/selenium/selenium-safari-driver/3.141.59/selenium-safari-driver-3.141.59.jar' 
2022-04-07 19:51:34.837 DEBUG [acme.Launcher@main] Found classpath entry '/C:/Users/34657/.m2/repository/org/seleniumhq/selenium/selenium-support/3.141.59/selenium-support-3.141.59.jar' 
2022-04-07 19:51:34.837 DEBUG [acme.Launcher@main] Found classpath entry '/C:/Users/34657/.m2/repository/net/bytebuddy/byte-buddy/1.10.19/byte-buddy-1.10.19.jar' 
2022-04-07 19:51:34.837 DEBUG [acme.Launcher@main] Found classpath entry '/C:/Users/34657/.m2/repository/org/apache/commons/commons-exec/1.3/commons-exec-1.3.jar' 
2022-04-07 19:51:34.837 DEBUG [acme.Launcher@main] Found classpath entry '/C:/Users/34657/.m2/repository/com/google/guava/guava/25.0-jre/guava-25.0-jre.jar' 
2022-04-07 19:51:34.838 DEBUG [acme.Launcher@main] Found classpath entry '/C:/Users/34657/.m2/repository/com/google/code/findbugs/jsr305/1.3.9/jsr305-1.3.9.jar' 
2022-04-07 19:51:34.838 DEBUG [acme.Launcher@main] Found classpath entry '/C:/Users/34657/.m2/repository/org/checkerframework/checker-compat-qual/2.0.0/checker-compat-qual-2.0.0.jar' 
2022-04-07 19:51:34.838 DEBUG [acme.Launcher@main] Found classpath entry '/C:/Users/34657/.m2/repository/com/google/errorprone/error_prone_annotations/2.1.3/error_prone_annotations-2.1.3.jar' 
2022-04-07 19:51:34.838 DEBUG [acme.Launcher@main] Found classpath entry '/C:/Users/34657/.m2/repository/com/google/j2objc/j2objc-annotations/1.1/j2objc-annotations-1.1.jar' 
2022-04-07 19:51:34.838 DEBUG [acme.Launcher@main] Found classpath entry '/C:/Users/34657/.m2/repository/org/codehaus/mojo/animal-sniffer-annotations/1.14/animal-sniffer-annotations-1.14.jar' 
2022-04-07 19:51:34.838 DEBUG [acme.Launcher@main] Found classpath entry '/C:/Users/34657/.m2/repository/com/squareup/okhttp3/okhttp/3.14.9/okhttp-3.14.9.jar' 
2022-04-07 19:51:34.838 DEBUG [acme.Launcher@main] Found classpath entry '/C:/Users/34657/.m2/repository/com/squareup/okio/okio/1.14.0/okio-1.14.0.jar' 
2022-04-07 19:51:34.838 DEBUG [acme.Launcher@main] Found classpath entry '/C:/Users/34657/.m2/repository/org/apache/commons/commons-lang3/3.11/commons-lang3-3.11.jar' 
2022-04-07 19:51:34.838 DEBUG [acme.Launcher@main] Found classpath entry '/C:/Users/34657/.m2/repository/org/apache/commons/commons-text/1.8/commons-text-1.8.jar' 
2022-04-07 19:51:34.839 DEBUG [acme.Launcher@main] Found classpath entry '/C:/Users/34657/.m2/repository/commons-io/commons-io/2.6/commons-io-2.6.jar' 
2022-04-07 19:51:34.839 DEBUG [acme.Launcher@main] Found classpath entry '/C:/Users/34657/.m2/repository/commons-cli/commons-cli/1.4/commons-cli-1.4.jar' 
2022-04-07 19:51:34.839 DEBUG [acme.Launcher@main] Found classpath entry '/C:/Users/34657/.m2/repository/org/projectlombok/lombok/1.18.16/lombok-1.18.16.jar' 
2022-04-07 19:51:34.839 DEBUG [acme.Launcher@main] Found classpath entry '/C:/Users/34657/.m2/repository/com/opencsv/opencsv/5.4/opencsv-5.4.jar' 
2022-04-07 19:51:34.839 DEBUG [acme.Launcher@main] Found classpath entry '/C:/Users/34657/.m2/repository/commons-beanutils/commons-beanutils/1.9.4/commons-beanutils-1.9.4.jar' 
2022-04-07 19:51:34.839 DEBUG [acme.Launcher@main] Found classpath entry '/C:/Users/34657/.m2/repository/commons-logging/commons-logging/1.2/commons-logging-1.2.jar' 
2022-04-07 19:51:34.839 DEBUG [acme.Launcher@main] Found classpath entry '/C:/Users/34657/.m2/repository/commons-collections/commons-collections/3.2.2/commons-collections-3.2.2.jar' 
2022-04-07 19:51:34.840 DEBUG [acme.Launcher@main] Found classpath entry '/C:/Users/34657/.m2/repository/org/apache/commons/commons-collections4/4.4/commons-collections4-4.4.jar' 
2022-04-07 19:51:34.840 DEBUG [acme.Launcher@main] Found classpath entry '/C:/Users/34657/Desktop/Workspace-22.0/Tools/IDEs/eclipse-jee-2021-12-R/configuration/org.eclipse.osgi/418/0/.cp/lib/javaagent-shaded.jar' 
2022-04-07 19:51:34.971 DEBUG [acme.Launcher@main] Found entity class 'acme.entities.Announcement 
2022-04-07 19:51:34.971 DEBUG [acme.Launcher@main] Found entity class 'acme.entities.Chirp 
2022-04-07 19:51:34.971 DEBUG [acme.Launcher@main] Found entity class 'acme.entities.Item 
2022-04-07 19:51:34.971 DEBUG [acme.Launcher@main] Found entity class 'acme.entities.Patronage 
2022-04-07 19:51:34.971 DEBUG [acme.Launcher@main] Found entity class 'acme.entities.PatronageReport 
2022-04-07 19:51:34.971 DEBUG [acme.Launcher@main] Found entity class 'acme.entities.Quantity 
2022-04-07 19:51:34.972 DEBUG [acme.Launcher@main] Found entity class 'acme.entities.Toolkit 
2022-04-07 19:51:34.972 DEBUG [acme.Launcher@main] Found entity class 'acme.roles.Consumer 
2022-04-07 19:51:34.972 DEBUG [acme.Launcher@main] Found entity class 'acme.roles.Inventor 
2022-04-07 19:51:34.972 DEBUG [acme.Launcher@main] Found entity class 'acme.roles.Patron 
2022-04-07 19:51:34.972 DEBUG [acme.Launcher@main] Found entity class 'acme.roles.Provider 
2022-04-07 19:51:34.972 DEBUG [acme.Launcher@main] Found entity class 'acme.framework.entities.UserAccount 
2022-04-07 19:51:34.972 DEBUG [acme.Launcher@main] Found entity class 'acme.framework.roles.Administrator 
2022-04-07 19:51:34.972 DEBUG [acme.Launcher@main] Found entity class 'acme.framework.roles.Anonymous 
2022-04-07 19:51:34.973 DEBUG [acme.Launcher@main] Found entity class 'acme.framework.roles.Any 
2022-04-07 19:51:34.973 DEBUG [acme.Launcher@main] Found entity class 'acme.framework.roles.Authenticated 
2022-04-07 19:51:34.977 INFO  [acme.Launcher@main] Populating (sample data) 
2022-04-07 19:51:34.978 INFO  [acme.framework.components.database.DatabasePopulator@main] Building database schema 
2022-04-07 19:51:35.033 DEBUG [acme.framework.components.database.DatabaseUtil@main] Executing script. 
2022-04-07 19:51:35.033 DEBUG [acme.framework.components.database.DatabaseUtil@main] Starting new transaction. 
2022-04-07 19:51:35.042 DEBUG [acme.framework.components.database.DatabaseUtil@main] Executing command 'set transaction isolation level read uncommitted;'. 
2022-04-07 19:51:35.057 DEBUG [acme.framework.components.database.DatabaseUtil@main] Starting transaction '639313883'. 
2022-04-07 19:51:35.058 DEBUG [acme.framework.components.database.DatabaseUtil@main] Executing script command 'set foreign_key_checks=0'. 
2022-04-07 19:51:35.058 DEBUG [acme.framework.components.database.DatabaseUtil@main] Executing script command 'drop table if exists administrator'. 
2022-04-07 19:51:35.070 DEBUG [acme.framework.components.database.DatabaseUtil@main] Executing script command 'drop table if exists announcement'. 
2022-04-07 19:51:35.084 DEBUG [acme.framework.components.database.DatabaseUtil@main] Executing script command 'drop table if exists anonymous'. 
2022-04-07 19:51:35.098 DEBUG [acme.framework.components.database.DatabaseUtil@main] Executing script command 'drop table if exists any'. 
2022-04-07 19:51:35.110 DEBUG [acme.framework.components.database.DatabaseUtil@main] Executing script command 'drop table if exists authenticated'. 
2022-04-07 19:51:35.121 DEBUG [acme.framework.components.database.DatabaseUtil@main] Executing script command 'drop table if exists chirp'. 
2022-04-07 19:51:35.132 DEBUG [acme.framework.components.database.DatabaseUtil@main] Executing script command 'drop table if exists consumer'. 
2022-04-07 19:51:35.146 DEBUG [acme.framework.components.database.DatabaseUtil@main] Executing script command 'drop table if exists hibernate_sequence'. 
2022-04-07 19:51:35.158 DEBUG [acme.framework.components.database.DatabaseUtil@main] Executing script command 'drop table if exists inventor'. 
2022-04-07 19:51:35.169 DEBUG [acme.framework.components.database.DatabaseUtil@main] Executing script command 'drop table if exists item'. 
2022-04-07 19:51:35.180 DEBUG [acme.framework.components.database.DatabaseUtil@main] Executing script command 'drop table if exists patron'. 
2022-04-07 19:51:35.191 DEBUG [acme.framework.components.database.DatabaseUtil@main] Executing script command 'drop table if exists patronage'. 
2022-04-07 19:51:35.203 DEBUG [acme.framework.components.database.DatabaseUtil@main] Executing script command 'drop table if exists patronage_report'. 
2022-04-07 19:51:35.223 DEBUG [acme.framework.components.database.DatabaseUtil@main] Executing script command 'drop table if exists provider'. 
2022-04-07 19:51:35.236 DEBUG [acme.framework.components.database.DatabaseUtil@main] Executing script command 'drop table if exists quantity'. 
2022-04-07 19:51:35.248 DEBUG [acme.framework.components.database.DatabaseUtil@main] Executing script command 'drop table if exists toolkit'. 
2022-04-07 19:51:35.259 DEBUG [acme.framework.components.database.DatabaseUtil@main] Executing script command 'drop table if exists user_account'. 
2022-04-07 19:51:35.272 DEBUG [acme.framework.components.database.DatabaseUtil@main] Executing script command 'set foreign_key_checks=1'. 
2022-04-07 19:51:35.273 DEBUG [acme.framework.components.database.DatabaseUtil@main] Committing transaction '639313883'. 
2022-04-07 19:51:35.283 DEBUG [acme.framework.components.database.DatabaseUtil@main] Executing script. 
2022-04-07 19:51:35.284 DEBUG [acme.framework.components.database.DatabaseUtil@main] Starting new transaction. 
2022-04-07 19:51:35.284 DEBUG [acme.framework.components.database.DatabaseUtil@main] Executing command 'set transaction isolation level read uncommitted;'. 
2022-04-07 19:51:35.284 DEBUG [acme.framework.components.database.DatabaseUtil@main] Starting transaction '2362977'. 
2022-04-07 19:51:35.285 DEBUG [acme.framework.components.database.DatabaseUtil@main] Executing script command 'set foreign_key_checks=0'. 
2022-04-07 19:51:35.285 DEBUG [acme.framework.components.database.DatabaseUtil@main] Executing script command 'create table administrator (id integer not null, version integer not null, user_account_id integer, primary key (id)) engine=InnoDB'. 
2022-04-07 19:51:35.299 DEBUG [acme.framework.components.database.DatabaseUtil@main] Executing script command 'create table announcement (id integer not null, version integer not null, body varchar(255), creation_moment datetime, critical bit not null, link varchar(255), title varchar(255), primary key (id)) engine=InnoDB'. 
2022-04-07 19:51:35.314 DEBUG [acme.framework.components.database.DatabaseUtil@main] Executing script command 'create table anonymous (id integer not null, version integer not null, user_account_id integer, primary key (id)) engine=InnoDB'. 
2022-04-07 19:51:35.328 DEBUG [acme.framework.components.database.DatabaseUtil@main] Executing script command 'create table any (id integer not null, version integer not null, user_account_id integer, primary key (id)) engine=InnoDB'. 
2022-04-07 19:51:35.342 DEBUG [acme.framework.components.database.DatabaseUtil@main] Executing script command 'create table authenticated (id integer not null, version integer not null, user_account_id integer, primary key (id)) engine=InnoDB'. 
2022-04-07 19:51:35.360 DEBUG [acme.framework.components.database.DatabaseUtil@main] Executing script command 'create table chirp (id integer not null, version integer not null, author varchar(255), body varchar(255), email varchar(255), moment datetime, title varchar(255), primary key (id)) engine=InnoDB'. 
2022-04-07 19:51:35.375 DEBUG [acme.framework.components.database.DatabaseUtil@main] Executing script command 'create table consumer (id integer not null, version integer not null, user_account_id integer, company varchar(255), sector varchar(255), primary key (id)) engine=InnoDB'. 
2022-04-07 19:51:35.388 DEBUG [acme.framework.components.database.DatabaseUtil@main] Executing script command 'create table hibernate_sequence (next_val bigint) engine=InnoDB'. 
2022-04-07 19:51:35.402 DEBUG [acme.framework.components.database.DatabaseUtil@main] Executing script command 'insert into hibernate_sequence values ( 1 )'. 
2022-04-07 19:51:35.407 DEBUG [acme.framework.components.database.DatabaseUtil@main] Executing script command 'create table inventor (id integer not null, version integer not null, user_account_id integer, company varchar(255), link varchar(255), statement varchar(255), primary key (id)) engine=InnoDB'. 
2022-04-07 19:51:35.424 DEBUG [acme.framework.components.database.DatabaseUtil@main] Executing script command 'create table item (id integer not null, version integer not null, code varchar(255), description varchar(255), link varchar(255), name varchar(255), retail_price_amount double precision, retail_price_currency varchar(255), technology varchar(255), type integer, inventor_id integer not null, primary key (id)) engine=InnoDB'. 
2022-04-07 19:51:35.443 DEBUG [acme.framework.components.database.DatabaseUtil@main] Executing script command 'create table patron (id integer not null, version integer not null, user_account_id integer, company varchar(255), link varchar(255), statement varchar(255), primary key (id)) engine=InnoDB'. 
2022-04-07 19:51:35.457 DEBUG [acme.framework.components.database.DatabaseUtil@main] Executing script command 'create table patronage (id integer not null, version integer not null, budget double precision, code varchar(255), finishing_date datetime, legal_stuff varchar(255), link varchar(255), starting_date datetime, status integer, patron_id integer not null, primary key (id)) engine=InnoDB'. 
2022-04-07 19:51:35.472 DEBUG [acme.framework.components.database.DatabaseUtil@main] Executing script command 'create table patronage_report (id integer not null, version integer not null, automatic_seq_num varchar(255), creation_moment datetime, infourl varchar(255), memorandum varchar(255), patronage_id integer not null, primary key (id)) engine=InnoDB'. 
2022-04-07 19:51:35.491 DEBUG [acme.framework.components.database.DatabaseUtil@main] Executing script command 'create table provider (id integer not null, version integer not null, user_account_id integer, company varchar(255), sector varchar(255), primary key (id)) engine=InnoDB'. 
2022-04-07 19:51:35.505 DEBUG [acme.framework.components.database.DatabaseUtil@main] Executing script command 'create table quantity (id integer not null, version integer not null, amount integer, item_id integer, toolkit_id integer not null, primary key (id)) engine=InnoDB'. 
2022-04-07 19:51:35.519 DEBUG [acme.framework.components.database.DatabaseUtil@main] Executing script command 'create table toolkit (id integer not null, version integer not null, assembly_notes varchar(255), code varchar(255), description varchar(255), link varchar(255), publish bit not null, title varchar(255), primary key (id)) engine=InnoDB'. 
2022-04-07 19:51:35.533 DEBUG [acme.framework.components.database.DatabaseUtil@main] Executing script command 'create table user_account (id integer not null, version integer not null, enabled bit not null, identity blob, password varchar(255), username varchar(255), primary key (id)) engine=InnoDB'. 
2022-04-07 19:51:35.548 DEBUG [acme.framework.components.database.DatabaseUtil@main] Executing script command 'alter table item add constraint UK_6cgogdarkq48dlg1lbnv4q1oq unique (code)'. 
2022-04-07 19:51:35.572 DEBUG [acme.framework.components.database.DatabaseUtil@main] Executing script command 'alter table patronage add constraint UK_7s289l63ihnn85qwyna5cqbfh unique (code)'. 
2022-04-07 19:51:35.596 DEBUG [acme.framework.components.database.DatabaseUtil@main] Executing script command 'alter table toolkit add constraint UK_qvml9bbjdvicrw1wt0e1bej3c unique (code)'. 
2022-04-07 19:51:35.619 DEBUG [acme.framework.components.database.DatabaseUtil@main] Executing script command 'alter table user_account add constraint UK_castjbvpeeus0r8lbpehiu0e4 unique (username)'. 
2022-04-07 19:51:35.643 DEBUG [acme.framework.components.database.DatabaseUtil@main] Executing script command 'alter table administrator add constraint FK_2a5vcjo3stlfcwadosjfq49l1 foreign key (user_account_id) references user_account (id)'. 
2022-04-07 19:51:35.666 DEBUG [acme.framework.components.database.DatabaseUtil@main] Executing script command 'alter table anonymous add constraint FK_6lnbc6fo3om54vugoh8icg78m foreign key (user_account_id) references user_account (id)'. 
2022-04-07 19:51:35.689 DEBUG [acme.framework.components.database.DatabaseUtil@main] Executing script command 'alter table any add constraint FK_26yflnlk4xrrxtkiwkag1l7lf foreign key (user_account_id) references user_account (id)'. 
2022-04-07 19:51:35.711 DEBUG [acme.framework.components.database.DatabaseUtil@main] Executing script command 'alter table authenticated add constraint FK_h52w0f3wjoi68b63wv9vwon57 foreign key (user_account_id) references user_account (id)'. 
2022-04-07 19:51:35.734 DEBUG [acme.framework.components.database.DatabaseUtil@main] Executing script command 'alter table consumer add constraint FK_6cyha9f1wpj0dpbxrrjddrqed foreign key (user_account_id) references user_account (id)'. 
2022-04-07 19:51:35.757 DEBUG [acme.framework.components.database.DatabaseUtil@main] Executing script command 'alter table inventor add constraint FK_2upmsx50p5pou2l4uy8trxor6 foreign key (user_account_id) references user_account (id)'. 
2022-04-07 19:51:35.779 DEBUG [acme.framework.components.database.DatabaseUtil@main] Executing script command 'alter table item add constraint FKaq1a05jpovg1rv6q65awp7ho1 foreign key (inventor_id) references inventor (id)'. 
2022-04-07 19:51:35.800 DEBUG [acme.framework.components.database.DatabaseUtil@main] Executing script command 'alter table patron add constraint FK_8xx5nujhuio3advxc2freyu65 foreign key (user_account_id) references user_account (id)'. 
2022-04-07 19:51:35.824 DEBUG [acme.framework.components.database.DatabaseUtil@main] Executing script command 'alter table patronage add constraint FK7d5o2dlu1d9orplkn5g91lsgc foreign key (patron_id) references patron (id)'. 
2022-04-07 19:51:35.849 DEBUG [acme.framework.components.database.DatabaseUtil@main] Executing script command 'alter table patronage_report add constraint FKli7rh2qb2q6bjix6b8o2dpt41 foreign key (patronage_id) references patronage (id)'. 
2022-04-07 19:51:35.876 DEBUG [acme.framework.components.database.DatabaseUtil@main] Executing script command 'alter table provider add constraint FK_b1gwnjqm6ggy9yuiqm0o4rlmd foreign key (user_account_id) references user_account (id)'. 
2022-04-07 19:51:35.899 DEBUG [acme.framework.components.database.DatabaseUtil@main] Executing script command 'alter table quantity add constraint FK6v7ckbce1j36j4b7mubnk66bx foreign key (item_id) references item (id)'. 
2022-04-07 19:51:35.921 DEBUG [acme.framework.components.database.DatabaseUtil@main] Executing script command 'alter table quantity add constraint FKr1l7hfxuemn7o9d0qi4kawlmg foreign key (toolkit_id) references toolkit (id)'. 
2022-04-07 19:51:35.944 DEBUG [acme.framework.components.database.DatabaseUtil@main] Executing script command 'set foreign_key_checks=1'. 
2022-04-07 19:51:35.944 DEBUG [acme.framework.components.database.DatabaseUtil@main] Committing transaction '2362977'. 
2022-04-07 19:51:35.947 INFO  [acme.framework.components.database.DatabasePopulator@main] Reading entities from 'classpath:/WEB-INF/resources/initial-data' 
2022-04-07 19:51:35.952 DEBUG [acme.framework.components.database.Dataset@main] Reading dataset from 'C:\Users\34657\Desktop\Workspace-22.0\Starters\Acme-One\target\classes\WEB-INF\resources\initial-data\administrator.csv' 
2022-04-07 19:51:36.067 DEBUG [acme.framework.components.database.Dataset@main] Reading mapping '{key:user-account=user-account-administrator-01, key=administrator-01}' from 'C:\Users\34657\Desktop\Workspace-22.0\Starters\Acme-One\target\classes\WEB-INF\resources\initial-data\administrator.csv' 
2022-04-07 19:51:36.069 DEBUG [acme.framework.components.database.Dataset@main] Reading dataset from 'C:\Users\34657\Desktop\Workspace-22.0\Starters\Acme-One\target\classes\WEB-INF\resources\initial-data\anonymous.csv' 
2022-04-07 19:51:36.070 DEBUG [acme.framework.components.database.Dataset@main] Reading mapping '{key:user-account=user-account-anonymous-01, key=anonymous-01}' from 'C:\Users\34657\Desktop\Workspace-22.0\Starters\Acme-One\target\classes\WEB-INF\resources\initial-data\anonymous.csv' 
2022-04-07 19:51:36.071 DEBUG [acme.framework.components.database.Dataset@main] Reading dataset from 'C:\Users\34657\Desktop\Workspace-22.0\Starters\Acme-One\target\classes\WEB-INF\resources\initial-data\user-account.csv' 
2022-04-07 19:51:36.072 DEBUG [acme.framework.components.database.Dataset@main] Reading mapping '{password=HIDDEN-PASSWORD, identity=UserIdentity{name: 'John', surname: 'Doe', email: 'john.doe@acme.com'}, key=user-account-anonymous-01, enabled=false, username=anonymous}' from 'C:\Users\34657\Desktop\Workspace-22.0\Starters\Acme-One\target\classes\WEB-INF\resources\initial-data\user-account.csv' 
2022-04-07 19:51:36.073 DEBUG [acme.framework.components.database.Dataset@main] Reading mapping '{password=administrator, identity=UserIdentity{name: 'Administrator', surname: 'Acme', email: 'administrator@acme.com'}, key=user-account-administrator-01, enabled=true, username=administrator}' from 'C:\Users\34657\Desktop\Workspace-22.0\Starters\Acme-One\target\classes\WEB-INF\resources\initial-data\user-account.csv' 
2022-04-07 19:51:36.074 DEBUG [acme.framework.components.database.Dataset@main] Reading mapping '{password=patron1, identity=UserIdentity{name: 'patron', surname: '1', email: 'patron@1.com'}, key=user-account-patron1, enabled=true, username=patron1}' from 'C:\Users\34657\Desktop\Workspace-22.0\Starters\Acme-One\target\classes\WEB-INF\resources\initial-data\user-account.csv' 
2022-04-07 19:51:36.075 DEBUG [acme.framework.components.database.Dataset@main] Reading mapping '{password=patron2, identity=UserIdentity{name: 'patron', surname: '2', email: 'patron@2.com'}, key=user-account-patron2, enabled=true, username=patron2}' from 'C:\Users\34657\Desktop\Workspace-22.0\Starters\Acme-One\target\classes\WEB-INF\resources\initial-data\user-account.csv' 
2022-04-07 19:51:36.075 DEBUG [acme.framework.components.database.Dataset@main] Reading mapping '{password=inventor1, identity=UserIdentity{name: 'inventor', surname: '1', email: 'inventor@1.com'}, key=user-account-inventor1, enabled=true, username=inventor1}' from 'C:\Users\34657\Desktop\Workspace-22.0\Starters\Acme-One\target\classes\WEB-INF\resources\initial-data\user-account.csv' 
2022-04-07 19:51:36.076 DEBUG [acme.framework.components.database.Dataset@main] Reading mapping '{password=inventor2, identity=UserIdentity{name: 'inventor', surname: '2', email: 'inventor@2.com'}, key=user-account-inventor2, enabled=true, username=inventor2}' from 'C:\Users\34657\Desktop\Workspace-22.0\Starters\Acme-One\target\classes\WEB-INF\resources\initial-data\user-account.csv' 
2022-04-07 19:51:36.076 DEBUG [acme.framework.components.database.EntityWeb@main] Setting attributes of entities of class acme.framework.entities.UserAccount 
2022-04-07 19:51:36.317 DEBUG [acme.framework.components.database.EntityWeb@main] Setting attributes of entities of class acme.framework.roles.Anonymous 
2022-04-07 19:51:36.317 DEBUG [acme.framework.components.database.EntityWeb@main] Setting attributes of entities of class acme.framework.roles.Administrator 
2022-04-07 19:51:36.317 DEBUG [acme.framework.components.database.EntityWeb@main] Linking entities of class acme.framework.entities.UserAccount 
2022-04-07 19:51:36.317 DEBUG [acme.framework.components.database.EntityWeb@main] Linking entities of class acme.framework.roles.Anonymous 
2022-04-07 19:51:36.330 DEBUG [acme.framework.components.database.EntityWeb@main] Linking entities of class acme.framework.roles.Administrator 
2022-04-07 19:51:36.345 INFO  [acme.framework.components.database.DatabasePopulator@main] Reading entities from 'classpath:/WEB-INF/resources/sample-data' 
2022-04-07 19:51:36.346 DEBUG [acme.framework.components.database.Dataset@main] Reading dataset from 'C:\Users\34657\Desktop\Workspace-22.0\Starters\Acme-One\target\classes\WEB-INF\resources\sample-data\announcement.csv' 
2022-04-07 19:51:36.348 DEBUG [acme.framework.components.database.Dataset@main] Reading mapping '{critical=true, creationMoment=2020/12/26 00:00, link=http://www.google.com, title=Anuncio 1, body=Anuncio, key=announcement-01}' from 'C:\Users\34657\Desktop\Workspace-22.0\Starters\Acme-One\target\classes\WEB-INF\resources\sample-data\announcement.csv' 
2022-04-07 19:51:36.348 DEBUG [acme.framework.components.database.Dataset@main] Reading mapping '{critical=true, creationMoment=2021/03/01 00:00, link=http://www.google.com, title=Anuncio 2, body=Anuncio, key=announcement-02}' from 'C:\Users\34657\Desktop\Workspace-22.0\Starters\Acme-One\target\classes\WEB-INF\resources\sample-data\announcement.csv' 
2022-04-07 19:51:36.348 DEBUG [acme.framework.components.database.Dataset@main] Reading dataset from 'C:\Users\34657\Desktop\Workspace-22.0\Starters\Acme-One\target\classes\WEB-INF\resources\sample-data\chirp.csv' 
2022-04-07 19:51:36.351 DEBUG [acme.framework.components.database.Dataset@main] Reading mapping '{author=ejemplo, title=ejemplo, body=ejemplo, key=chirp-01, email=ejemplo01@acme.com, moment=2022/03/20 21:00}' from 'C:\Users\34657\Desktop\Workspace-22.0\Starters\Acme-One\target\classes\WEB-INF\resources\sample-data\chirp.csv' 
2022-04-07 19:51:36.352 DEBUG [acme.framework.components.database.Dataset@main] Reading mapping '{author=Don Chirp, title=My Chirp, body=Hola sot un Chirp!, key=chirp-02, email=creadordechirps@email.com, moment=2022/04/05 22:30}' from 'C:\Users\34657\Desktop\Workspace-22.0\Starters\Acme-One\target\classes\WEB-INF\resources\sample-data\chirp.csv' 
2022-04-07 19:51:36.352 DEBUG [acme.framework.components.database.Dataset@main] Reading dataset from 'C:\Users\34657\Desktop\Workspace-22.0\Starters\Acme-One\target\classes\WEB-INF\resources\sample-data\consumer.csv' 
2022-04-07 19:51:36.354 DEBUG [acme.framework.components.database.Dataset@main] Reading mapping '{key:user-account=user-account-consumer-01, company=Acme-One, sector=Agrícola, key=consumer-01}' from 'C:\Users\34657\Desktop\Workspace-22.0\Starters\Acme-One\target\classes\WEB-INF\resources\sample-data\consumer.csv' 
2022-04-07 19:51:36.355 DEBUG [acme.framework.components.database.Dataset@main] Reading mapping '{key:user-account=user-account-consumer-02, company=Acme-One, sector=Educación, key=consumer-02}' from 'C:\Users\34657\Desktop\Workspace-22.0\Starters\Acme-One\target\classes\WEB-INF\resources\sample-data\consumer.csv' 
2022-04-07 19:51:36.356 DEBUG [acme.framework.components.database.Dataset@main] Reading dataset from 'C:\Users\34657\Desktop\Workspace-22.0\Starters\Acme-One\target\classes\WEB-INF\resources\sample-data\inventor.csv' 
2022-04-07 19:51:36.359 DEBUG [acme.framework.components.database.Dataset@main] Reading mapping '{key:user-account=user-account-inventor-01, statement=1, link=http://www.twitter.com, company=Acme-One, key=inventor-01}' from 'C:\Users\34657\Desktop\Workspace-22.0\Starters\Acme-One\target\classes\WEB-INF\resources\sample-data\inventor.csv' 
2022-04-07 19:51:36.360 DEBUG [acme.framework.components.database.Dataset@main] Reading mapping '{key:user-account=user-account-inventor-02, statement=2, link=http://www.twitter.com, company=Acme-One, key=inventor-02}' from 'C:\Users\34657\Desktop\Workspace-22.0\Starters\Acme-One\target\classes\WEB-INF\resources\sample-data\inventor.csv' 
2022-04-07 19:51:36.361 DEBUG [acme.framework.components.database.Dataset@main] Reading dataset from 'C:\Users\34657\Desktop\Workspace-22.0\Starters\Acme-One\target\classes\WEB-INF\resources\sample-data\item.csv' 
2022-04-07 19:51:36.361 DEBUG [acme.framework.components.database.Dataset@main] Reading mapping '{key:inventor=inventor-01, code=DEF-484-C, link=https://www.mi.com/es, description=A tv made from Xiaomi!, technology=Xiaomi, type=COMPONENT, retail-price=EUR 350.0, name=Televition Xiaomi, key=item-01}' from 'C:\Users\34657\Desktop\Workspace-22.0\Starters\Acme-One\target\classes\WEB-INF\resources\sample-data\item.csv' 
2022-04-07 19:51:36.362 DEBUG [acme.framework.components.database.Dataset@main] Reading mapping '{key:inventor=inventor-02, code=DSC-455-H, link=https://discord.com/, description=A tool to bring easier communication among parners!, technology=discord, type=TOOL, retail-price=GBP 5.0, name=Discord, key=item-02}' from 'C:\Users\34657\Desktop\Workspace-22.0\Starters\Acme-One\target\classes\WEB-INF\resources\sample-data\item.csv' 
2022-04-07 19:51:36.362 DEBUG [acme.framework.components.database.Dataset@main] Reading dataset from 'C:\Users\34657\Desktop\Workspace-22.0\Starters\Acme-One\target\classes\WEB-INF\resources\sample-data\patron.csv' 
2022-04-07 19:51:36.364 DEBUG [acme.framework.components.database.Dataset@main] Reading mapping '{key:user-account=user-account-patron-01, statement=1, link=http://www.twitter.com, company=Acme-One, key=patron-01}' from 'C:\Users\34657\Desktop\Workspace-22.0\Starters\Acme-One\target\classes\WEB-INF\resources\sample-data\patron.csv' 
2022-04-07 19:51:36.364 DEBUG [acme.framework.components.database.Dataset@main] Reading mapping '{key:user-account=user-account-patron-02, statement=2, link=http://www.twitter.com, company=Acme-One, key=patron-02}' from 'C:\Users\34657\Desktop\Workspace-22.0\Starters\Acme-One\target\classes\WEB-INF\resources\sample-data\patron.csv' 
2022-04-07 19:51:36.365 DEBUG [acme.framework.components.database.Dataset@main] Reading dataset from 'C:\Users\34657\Desktop\Workspace-22.0\Starters\Acme-One\target\classes\WEB-INF\resources\sample-data\provider.csv' 
2022-04-07 19:51:36.366 DEBUG [acme.framework.components.database.Dataset@main] Reading mapping '{key:user-account=user-account-administrator-01, company=Terra Nets, S.A., sector=Internet, key=provider-01}' from 'C:\Users\34657\Desktop\Workspace-22.0\Starters\Acme-One\target\classes\WEB-INF\resources\sample-data\provider.csv' 
2022-04-07 19:51:36.367 DEBUG [acme.framework.components.database.Dataset@main] Reading dataset from 'C:\Users\34657\Desktop\Workspace-22.0\Starters\Acme-One\target\classes\WEB-INF\resources\sample-data\toolkit.csv' 
2022-04-07 19:51:36.368 DEBUG [acme.framework.components.database.Dataset@main] Reading mapping '{assemblyNotes=ejemplo, code=AAA-000, publish=false, link=http://www.google.com, description=Toolkit 1, title=1, key=toolkit-01}' from 'C:\Users\34657\Desktop\Workspace-22.0\Starters\Acme-One\target\classes\WEB-INF\resources\sample-data\toolkit.csv' 
2022-04-07 19:51:36.369 DEBUG [acme.framework.components.database.Dataset@main] Reading dataset from 'C:\Users\34657\Desktop\Workspace-22.0\Starters\Acme-One\target\classes\WEB-INF\resources\sample-data\user-account.csv' 
2022-04-07 19:51:36.370 DEBUG [acme.framework.components.database.Dataset@main] Reading mapping '{password=patron1, identity=UserIdentity{name: 'P1', surname: 'Acme', email: 'p1@acme.com'}, key=user-account-patron-01, enabled=true, username=patron1}' from 'C:\Users\34657\Desktop\Workspace-22.0\Starters\Acme-One\target\classes\WEB-INF\resources\sample-data\user-account.csv' 
2022-04-07 19:51:36.371 DEBUG [acme.framework.components.database.Dataset@main] Reading mapping '{password=patron2, identity=UserIdentity{name: 'P2', surname: 'Acme', email: 'p2@acme.com'}, key=user-account-patron-02, enabled=true, username=patron2}' from 'C:\Users\34657\Desktop\Workspace-22.0\Starters\Acme-One\target\classes\WEB-INF\resources\sample-data\user-account.csv' 
2022-04-07 19:51:36.371 DEBUG [acme.framework.components.database.Dataset@main] Reading mapping '{password=patron3, identity=UserIdentity{name: 'P3', surname: 'Acme', email: 'p3@acme.com'}, key=user-account-patron-03, enabled=true, username=patron3}' from 'C:\Users\34657\Desktop\Workspace-22.0\Starters\Acme-One\target\classes\WEB-INF\resources\sample-data\user-account.csv' 
2022-04-07 19:51:36.371 DEBUG [acme.framework.components.database.Dataset@main] Reading mapping '{password=patron4, identity=UserIdentity{name: 'P4', surname: 'Acme', email: 'p4@acme.com'}, key=user-account-patron-04, enabled=true, username=patron4}' from 'C:\Users\34657\Desktop\Workspace-22.0\Starters\Acme-One\target\classes\WEB-INF\resources\sample-data\user-account.csv' 
2022-04-07 19:51:36.372 DEBUG [acme.framework.components.database.Dataset@main] Reading mapping '{password=inventor1, identity=UserIdentity{name: 'I1', surname: 'Acme', email: 'i1@acme.com'}, key=user-account-inventor-01, enabled=true, username=inventor1}' from 'C:\Users\34657\Desktop\Workspace-22.0\Starters\Acme-One\target\classes\WEB-INF\resources\sample-data\user-account.csv' 
2022-04-07 19:51:36.372 DEBUG [acme.framework.components.database.Dataset@main] Reading mapping '{password=inventor2, identity=UserIdentity{name: 'I2', surname: 'Acme', email: 'i2@acme.com'}, key=user-account-inventor-02, enabled=true, username=inventor2}' from 'C:\Users\34657\Desktop\Workspace-22.0\Starters\Acme-One\target\classes\WEB-INF\resources\sample-data\user-account.csv' 
2022-04-07 19:51:36.372 DEBUG [acme.framework.components.database.Dataset@main] Reading mapping '{password=inventor3, identity=UserIdentity{name: 'I3', surname: 'Acme', email: 'i3@acme.com'}, key=user-account-inventor-03, enabled=true, username=inventor3}' from 'C:\Users\34657\Desktop\Workspace-22.0\Starters\Acme-One\target\classes\WEB-INF\resources\sample-data\user-account.csv' 
2022-04-07 19:51:36.372 DEBUG [acme.framework.components.database.Dataset@main] Reading mapping '{password=inventor4, identity=UserIdentity{name: 'I4', surname: 'Acme', email: 'i4@acme.com'}, key=user-account-inventor-04, enabled=true, username=inventor4}' from 'C:\Users\34657\Desktop\Workspace-22.0\Starters\Acme-One\target\classes\WEB-INF\resources\sample-data\user-account.csv' 
2022-04-07 19:51:36.372 DEBUG [acme.framework.components.database.Dataset@main] Reading mapping '{password=consumer1, identity=UserIdentity{name: 'C1', surname: 'Acme', email: 'c1@acme.com'}, key=user-account-consumer-01, enabled=true, username=consumer1}' from 'C:\Users\34657\Desktop\Workspace-22.0\Starters\Acme-One\target\classes\WEB-INF\resources\sample-data\user-account.csv' 
2022-04-07 19:51:36.372 DEBUG [acme.framework.components.database.Dataset@main] Reading mapping '{password=consumer2, identity=UserIdentity{name: 'C2', surname: 'Acme', email: 'c2@acme.com'}, key=user-account-consumer-02, enabled=true, username=consumer2}' from 'C:\Users\34657\Desktop\Workspace-22.0\Starters\Acme-One\target\classes\WEB-INF\resources\sample-data\user-account.csv' 
2022-04-07 19:51:36.372 DEBUG [acme.framework.components.database.EntityWeb@main] Setting attributes of entities of class acme.entities.Item 
2022-04-07 19:51:36.383 DEBUG [acme.framework.components.database.EntityWeb@main] Setting attributes of entities of class acme.framework.entities.UserAccount 
2022-04-07 19:51:36.436 DEBUG [acme.framework.components.database.EntityWeb@main] Setting attributes of entities of class acme.roles.Consumer 
2022-04-07 19:51:36.442 DEBUG [acme.framework.components.database.EntityWeb@main] Setting attributes of entities of class acme.roles.Inventor 
2022-04-07 19:51:36.450 DEBUG [acme.framework.components.database.EntityWeb@main] Setting attributes of entities of class acme.entities.Announcement 
2022-04-07 19:51:36.462 DEBUG [acme.framework.configuration.ExtendedMessageSource@main] Loading properties [C:\Users\34657\Desktop\Workspace-22.0\Starters\Acme-One\target\classes\WEB-INF\views\administrator\user-account\messages-en.i18n] with encoding 'utf-8' 
2022-04-07 19:51:36.463 DEBUG [acme.framework.configuration.ExtendedMessageSource@main] Loading properties [C:\Users\34657\Desktop\Workspace-22.0\Starters\Acme-One\target\classes\WEB-INF\views\any\chirp\mesagges-en.i18n] with encoding 'utf-8' 
2022-04-07 19:51:36.464 DEBUG [acme.framework.configuration.ExtendedMessageSource@main] Loading properties [C:\Users\34657\Desktop\Workspace-22.0\Starters\Acme-One\target\classes\WEB-INF\views\authenticated\consumer\messsages-en.i18n] with encoding 'utf-8' 
2022-04-07 19:51:36.465 DEBUG [acme.framework.configuration.ExtendedMessageSource@main] Loading properties [C:\Users\34657\Desktop\Workspace-22.0\Starters\Acme-One\target\classes\WEB-INF\views\authenticated\provider\messsages-en.i18n] with encoding 'utf-8' 
2022-04-07 19:51:36.467 DEBUG [acme.framework.configuration.ExtendedMessageSource@main] Loading properties [C:\Users\34657\Desktop\Workspace-22.0\Starters\Acme-One\target\classes\WEB-INF\views\fragments\banner-en.i18n] with encoding 'utf-8' 
2022-04-07 19:51:36.468 DEBUG [acme.framework.configuration.ExtendedMessageSource@main] Loading properties [C:\Users\34657\Desktop\Workspace-22.0\Starters\Acme-One\target\classes\WEB-INF\views\fragments\company-en.i18n] with encoding 'utf-8' 
2022-04-07 19:51:36.469 DEBUG [acme.framework.configuration.ExtendedMessageSource@main] Loading properties [C:\Users\34657\Desktop\Workspace-22.0\Starters\Acme-One\target\classes\WEB-INF\views\fragments\footer-en.i18n] with encoding 'utf-8' 
2022-04-07 19:51:36.470 DEBUG [acme.framework.configuration.ExtendedMessageSource@main] Loading properties [C:\Users\34657\Desktop\Workspace-22.0\Starters\Acme-One\target\classes\WEB-INF\views\fragments\license-en.i18n] with encoding 'utf-8' 
2022-04-07 19:51:36.471 DEBUG [acme.framework.configuration.ExtendedMessageSource@main] Loading properties [C:\Users\34657\Desktop\Workspace-22.0\Starters\Acme-One\target\classes\WEB-INF\views\fragments\menu-en.i18n] with encoding 'utf-8' 
2022-04-07 19:51:36.473 DEBUG [acme.framework.configuration.ExtendedMessageSource@main] Loading properties [C:\Users\34657\Desktop\Workspace-22.0\Starters\Acme-One\target\classes\WEB-INF\views\fragments\messsages-en.i18n] with encoding 'utf-8' 
2022-04-07 19:51:36.476 DEBUG [acme.framework.configuration.ExtendedMessageSource@main] Loading properties [C:\Users\34657\Desktop\Workspace-22.0\Starters\Acme-One\target\classes\WEB-INF\views\fragments\title-en.i18n] with encoding 'utf-8' 
2022-04-07 19:51:36.479 DEBUG [acme.framework.configuration.ExtendedMessageSource@main] Loading properties [C:\Users\34657\Desktop\Workspace-22.0\Starters\Acme-One\target\classes\WEB-INF\views\fragments\welcome-en.i18n] with encoding 'utf-8' 
2022-04-07 19:51:36.480 DEBUG [acme.framework.configuration.ExtendedMessageSource@main] Loading properties [C:\Users\34657\Desktop\Workspace-22.0\Starters\Acme-One\target\classes\WEB-INF\views\inventor\item\messagges-en.i18n] with encoding 'utf-8' 
2022-04-07 19:51:36.481 DEBUG [acme.framework.configuration.ExtendedMessageSource@main] Loading properties [C:\Users\34657\Desktop\Workspace-22.0\Starters\Acme-One\target\classes\WEB-INF\views\master\defaults-en.i18n] with encoding 'utf-8' 
2022-04-07 19:51:36.482 DEBUG [acme.framework.configuration.ExtendedMessageSource@main] Loading properties [C:\Users\34657\Desktop\Workspace-22.0\Starters\Acme-One\target\classes\WEB-INF\views\master\master-en.i18n] with encoding 'utf-8' 
2022-04-07 19:51:36.483 DEBUG [acme.framework.configuration.ExtendedMessageSource@main] Loading properties [C:\Users\34657\Desktop\Workspace-22.0\Starters\Acme-One\target\classes\WEB-INF\views\master\throwables-en.i18n] with encoding 'utf-8' 
2022-04-07 19:51:36.484 DEBUG [acme.framework.configuration.ExtendedMessageSource@main] Loading properties [C:\Users\34657\Desktop\Workspace-22.0\Starters\Acme-One\target\classes\WEB-INF\views\master\validation-en.i18n] with encoding 'utf-8' 
2022-04-07 19:51:36.487 DEBUG [acme.framework.components.database.EntityWeb@main] Setting attributes of entities of class acme.entities.Toolkit 
2022-04-07 19:51:36.492 DEBUG [acme.framework.components.database.EntityWeb@main] Setting attributes of entities of class acme.roles.Patron 
2022-04-07 19:51:36.499 DEBUG [acme.framework.components.database.EntityWeb@main] Setting attributes of entities of class acme.entities.Chirp 
2022-04-07 19:51:36.504 DEBUG [acme.framework.components.database.EntityWeb@main] Setting attributes of entities of class acme.roles.Provider 
2022-04-07 19:51:36.506 DEBUG [acme.framework.components.database.EntityWeb@main] Linking entities of class acme.entities.Item 
2022-04-07 19:51:36.507 DEBUG [acme.framework.components.database.EntityWeb@main] Linking entities of class acme.framework.entities.UserAccount 
2022-04-07 19:51:36.507 DEBUG [acme.framework.components.database.EntityWeb@main] Linking entities of class acme.roles.Consumer 
2022-04-07 19:51:36.507 DEBUG [acme.framework.components.database.EntityWeb@main] Linking entities of class acme.roles.Inventor 
2022-04-07 19:51:36.507 DEBUG [acme.framework.components.database.EntityWeb@main] Linking entities of class acme.entities.Announcement 
2022-04-07 19:51:36.507 DEBUG [acme.framework.components.database.EntityWeb@main] Linking entities of class acme.entities.Toolkit 
2022-04-07 19:51:36.507 DEBUG [acme.framework.components.database.EntityWeb@main] Linking entities of class acme.roles.Patron 
2022-04-07 19:51:36.507 DEBUG [acme.framework.components.database.EntityWeb@main] Linking entities of class acme.entities.Chirp 
2022-04-07 19:51:36.507 DEBUG [acme.framework.components.database.EntityWeb@main] Linking entities of class acme.roles.Provider 
2022-04-07 19:51:36.507 INFO  [acme.framework.components.database.DatabasePopulator@main] Validating your entities 
2022-04-07 19:51:36.558 DEBUG [acme.framework.components.database.DatabasePopulator@main] Validating 'acme.entities.Announcement@announcement-02' ... PASS 
2022-04-07 19:51:36.582 DEBUG [acme.framework.components.database.DatabasePopulator@main] Validating 'acme.framework.entities.UserAccount@user-account-administrator-01' ... PASS 
2022-04-07 19:51:36.590 DEBUG [acme.framework.components.database.DatabasePopulator@main] Validating 'acme.roles.Patron@patron-01' ... PASS 
2022-04-07 19:51:36.591 DEBUG [acme.framework.components.database.DatabasePopulator@main] Validating 'acme.roles.Patron@patron-02' ... PASS 
2022-04-07 19:51:36.595 DEBUG [acme.framework.components.database.DatabasePopulator@main] Validating 'acme.roles.Provider@provider-01' ... PASS 
2022-04-07 19:51:36.596 DEBUG [acme.framework.components.database.DatabasePopulator@main] Validating 'acme.entities.Announcement@announcement-01' ... PASS 
2022-04-07 19:51:36.600 DEBUG [acme.framework.components.database.DatabasePopulator@main] Validating 'acme.entities.Chirp@chirp-02' ... PASS 
2022-04-07 19:51:36.603 DEBUG [acme.framework.components.database.DatabasePopulator@main] Validating 'acme.framework.roles.Administrator@administrator-01' ... PASS 
2022-04-07 19:51:36.605 DEBUG [acme.framework.components.database.DatabasePopulator@main] Validating 'acme.entities.Chirp@chirp-01' ... PASS 
2022-04-07 19:51:36.607 DEBUG [acme.framework.components.database.DatabasePopulator@main] Validating 'acme.framework.entities.UserAccount@user-account-patron-01' ... PASS 
2022-04-07 19:51:36.611 DEBUG [acme.framework.components.database.DatabasePopulator@main] Validating 'acme.framework.entities.UserAccount@user-account-patron-02' ... PASS 
2022-04-07 19:51:36.625 DEBUG [acme.framework.components.database.DatabasePopulator@main] Validating 'acme.entities.Item@item-01' ... PASS 
2022-04-07 19:51:36.629 DEBUG [acme.framework.components.database.DatabasePopulator@main] Validating 'acme.entities.Item@item-02' ... PASS 
2022-04-07 19:51:36.630 DEBUG [acme.framework.components.database.DatabasePopulator@main] Validating 'acme.framework.entities.UserAccount@user-account-anonymous-01' ... PASS 
2022-04-07 19:51:36.631 DEBUG [acme.framework.components.database.DatabasePopulator@main] Validating 'acme.framework.entities.UserAccount@user-account-inventor-03' ... PASS 
2022-04-07 19:51:36.632 DEBUG [acme.framework.components.database.DatabasePopulator@main] Validating 'acme.framework.entities.UserAccount@user-account-inventor-02' ... PASS 
2022-04-07 19:51:36.632 DEBUG [acme.framework.components.database.DatabasePopulator@main] Validating 'acme.framework.entities.UserAccount@user-account-inventor-04' ... PASS 
2022-04-07 19:51:36.633 DEBUG [acme.framework.components.database.DatabasePopulator@main] Validating 'acme.framework.entities.UserAccount@user-account-patron-03' ... PASS 
2022-04-07 19:51:36.634 DEBUG [acme.framework.components.database.DatabasePopulator@main] Validating 'acme.framework.entities.UserAccount@user-account-consumer-01' ... PASS 
2022-04-07 19:51:36.635 DEBUG [acme.framework.components.database.DatabasePopulator@main] Validating 'acme.framework.entities.UserAccount@user-account-patron-04' ... PASS 
2022-04-07 19:51:36.636 DEBUG [acme.framework.components.database.DatabasePopulator@main] Validating 'acme.framework.entities.UserAccount@user-account-consumer-02' ... PASS 
2022-04-07 19:51:36.639 DEBUG [acme.framework.components.database.DatabasePopulator@main] Validating 'acme.roles.Consumer@consumer-02' ... PASS 
2022-04-07 19:51:36.640 DEBUG [acme.framework.components.database.DatabasePopulator@main] Validating 'acme.roles.Consumer@consumer-01' ... PASS 
2022-04-07 19:51:36.641 DEBUG [acme.framework.components.database.DatabasePopulator@main] Validating 'acme.framework.entities.UserAccount@user-account-patron2' ... PASS 
2022-04-07 19:51:36.642 DEBUG [acme.framework.components.database.DatabasePopulator@main] Validating 'acme.framework.entities.UserAccount@user-account-patron1' ... PASS 
2022-04-07 19:51:36.644 DEBUG [acme.framework.components.database.DatabasePopulator@main] Validating 'acme.framework.roles.Anonymous@anonymous-01' ... PASS 
2022-04-07 19:51:36.645 DEBUG [acme.framework.components.database.DatabasePopulator@main] Validating 'acme.framework.entities.UserAccount@user-account-inventor-01' ... PASS 
2022-04-07 19:51:36.647 DEBUG [acme.framework.components.database.DatabasePopulator@main] Validating 'acme.entities.Toolkit@toolkit-01' ... PASS 
2022-04-07 19:51:36.648 DEBUG [acme.framework.components.database.DatabasePopulator@main] Validating 'acme.roles.Inventor@inventor-02' ... PASS 
2022-04-07 19:51:36.649 DEBUG [acme.framework.components.database.DatabasePopulator@main] Validating 'acme.framework.entities.UserAccount@user-account-inventor2' ... PASS 
2022-04-07 19:51:36.650 DEBUG [acme.framework.components.database.DatabasePopulator@main] Validating 'acme.framework.entities.UserAccount@user-account-inventor1' ... PASS 
2022-04-07 19:51:36.651 DEBUG [acme.framework.components.database.DatabasePopulator@main] Validating 'acme.roles.Inventor@inventor-01' ... PASS 
2022-04-07 19:51:36.651 INFO  [acme.framework.components.database.DatabasePopulator@main] Sorting your entity classes 
2022-04-07 19:51:36.652 DEBUG [acme.framework.components.database.DatabasePopulator@main] Best topological order for your entity clazzes: 
2022-04-07 19:51:36.652 DEBUG [acme.framework.components.database.DatabasePopulator@main] - acme.framework.entities.UserAccount 
2022-04-07 19:51:36.652 DEBUG [acme.framework.components.database.DatabasePopulator@main] - acme.roles.Inventor 
2022-04-07 19:51:36.652 DEBUG [acme.framework.components.database.DatabasePopulator@main] - acme.entities.Item 
2022-04-07 19:51:36.652 DEBUG [acme.framework.components.database.DatabasePopulator@main] - acme.roles.Consumer 
2022-04-07 19:51:36.652 DEBUG [acme.framework.components.database.DatabasePopulator@main] - acme.entities.Announcement 
2022-04-07 19:51:36.652 DEBUG [acme.framework.components.database.DatabasePopulator@main] - acme.entities.Toolkit 
2022-04-07 19:51:36.652 DEBUG [acme.framework.components.database.DatabasePopulator@main] - acme.framework.roles.Anonymous 
2022-04-07 19:51:36.652 DEBUG [acme.framework.components.database.DatabasePopulator@main] - acme.roles.Patron 
2022-04-07 19:51:36.652 DEBUG [acme.framework.components.database.DatabasePopulator@main] - acme.entities.Chirp 
2022-04-07 19:51:36.652 DEBUG [acme.framework.components.database.DatabasePopulator@main] - acme.framework.roles.Administrator 
2022-04-07 19:51:36.653 DEBUG [acme.framework.components.database.DatabasePopulator@main] - acme.roles.Provider 
2022-04-07 19:51:36.653 INFO  [acme.framework.components.database.DatabasePopulator@main] Persisting your entities 
2022-04-07 19:51:36.653 DEBUG [acme.framework.components.database.DatabaseUtil@main] Starting new transaction. 
2022-04-07 19:51:36.654 DEBUG [acme.framework.components.database.DatabaseUtil@main] Executing command 'set transaction isolation level read uncommitted;'. 
2022-04-07 19:51:36.655 DEBUG [acme.framework.components.database.DatabaseUtil@main] Starting transaction '1337906940'. 
2022-04-07 19:51:36.655 DEBUG [acme.framework.components.database.DatabasePopulator@main] Persising entities of clazz 'acme.framework.entities.UserAccount' 
2022-04-07 19:51:36.671 DEBUG [org.hibernate.SQL@main] select next_val as id_val from hibernate_sequence for update 
2022-04-07 19:51:36.697 DEBUG [org.hibernate.SQL@main] update hibernate_sequence set next_val= ? where next_val=? 
2022-04-07 19:51:36.734 DEBUG [acme.framework.components.database.DatabaseUtil@main] Persisting entity UserAccount(username=anonymous) 
2022-04-07 19:51:36.734 DEBUG [org.hibernate.SQL@main] select next_val as id_val from hibernate_sequence for update 
2022-04-07 19:51:36.735 DEBUG [org.hibernate.SQL@main] update hibernate_sequence set next_val= ? where next_val=? 
2022-04-07 19:51:36.738 DEBUG [acme.framework.components.database.DatabaseUtil@main] Persisting entity UserAccount(username=patron2) 
2022-04-07 19:51:36.738 DEBUG [org.hibernate.SQL@main] select next_val as id_val from hibernate_sequence for update 
2022-04-07 19:51:36.739 DEBUG [org.hibernate.SQL@main] update hibernate_sequence set next_val= ? where next_val=? 
2022-04-07 19:51:36.744 DEBUG [acme.framework.components.database.DatabaseUtil@main] Persisting entity UserAccount(username=patron1) 
2022-04-07 19:51:36.745 DEBUG [org.hibernate.SQL@main] select next_val as id_val from hibernate_sequence for update 
2022-04-07 19:51:36.746 DEBUG [org.hibernate.SQL@main] update hibernate_sequence set next_val= ? where next_val=? 
2022-04-07 19:51:36.750 DEBUG [acme.framework.components.database.DatabaseUtil@main] Persisting entity UserAccount(username=administrator) 
2022-04-07 19:51:36.752 DEBUG [org.hibernate.SQL@main] select next_val as id_val from hibernate_sequence for update 
2022-04-07 19:51:36.753 DEBUG [org.hibernate.SQL@main] update hibernate_sequence set next_val= ? where next_val=? 
2022-04-07 19:51:36.757 DEBUG [acme.framework.components.database.DatabaseUtil@main] Persisting entity UserAccount(username=inventor2) 
2022-04-07 19:51:36.758 DEBUG [org.hibernate.SQL@main] select next_val as id_val from hibernate_sequence for update 
2022-04-07 19:51:36.759 DEBUG [org.hibernate.SQL@main] update hibernate_sequence set next_val= ? where next_val=? 
2022-04-07 19:51:36.764 DEBUG [acme.framework.components.database.DatabaseUtil@main] Persisting entity UserAccount(username=inventor1) 
2022-04-07 19:51:36.765 DEBUG [org.hibernate.SQL@main] select next_val as id_val from hibernate_sequence for update 
2022-04-07 19:51:36.766 DEBUG [org.hibernate.SQL@main] update hibernate_sequence set next_val= ? where next_val=? 
2022-04-07 19:51:36.770 DEBUG [acme.framework.components.database.DatabaseUtil@main] Persisting entity UserAccount(username=patron1) 
2022-04-07 19:51:36.771 DEBUG [org.hibernate.SQL@main] select next_val as id_val from hibernate_sequence for update 
2022-04-07 19:51:36.783 DEBUG [org.hibernate.SQL@main] update hibernate_sequence set next_val= ? where next_val=? 
2022-04-07 19:51:36.786 DEBUG [acme.framework.components.database.DatabaseUtil@main] Persisting entity UserAccount(username=inventor3) 
2022-04-07 19:51:36.786 DEBUG [org.hibernate.SQL@main] select next_val as id_val from hibernate_sequence for update 
2022-04-07 19:51:36.788 DEBUG [org.hibernate.SQL@main] update hibernate_sequence set next_val= ? where next_val=? 
2022-04-07 19:51:36.790 DEBUG [acme.framework.components.database.DatabaseUtil@main] Persisting entity UserAccount(username=patron2) 
2022-04-07 19:51:36.791 DEBUG [org.hibernate.SQL@main] select next_val as id_val from hibernate_sequence for update 
2022-04-07 19:51:36.792 DEBUG [org.hibernate.SQL@main] update hibernate_sequence set next_val= ? where next_val=? 
2022-04-07 19:51:36.795 DEBUG [acme.framework.components.database.DatabaseUtil@main] Persisting entity UserAccount(username=inventor2) 
2022-04-07 19:51:36.795 DEBUG [org.hibernate.SQL@main] select next_val as id_val from hibernate_sequence for update 
2022-04-07 19:51:36.796 DEBUG [org.hibernate.SQL@main] update hibernate_sequence set next_val= ? where next_val=? 
2022-04-07 19:51:36.799 DEBUG [acme.framework.components.database.DatabaseUtil@main] Persisting entity UserAccount(username=inventor4) 
2022-04-07 19:51:36.800 DEBUG [org.hibernate.SQL@main] select next_val as id_val from hibernate_sequence for update 
2022-04-07 19:51:36.800 DEBUG [org.hibernate.SQL@main] update hibernate_sequence set next_val= ? where next_val=? 
2022-04-07 19:51:36.804 DEBUG [acme.framework.components.database.DatabaseUtil@main] Persisting entity UserAccount(username=patron3) 
2022-04-07 19:51:36.804 DEBUG [org.hibernate.SQL@main] select next_val as id_val from hibernate_sequence for update 
2022-04-07 19:51:36.805 DEBUG [org.hibernate.SQL@main] update hibernate_sequence set next_val= ? where next_val=? 
2022-04-07 19:51:36.812 DEBUG [acme.framework.components.database.DatabaseUtil@main] Persisting entity UserAccount(username=inventor1) 
2022-04-07 19:51:36.812 DEBUG [org.hibernate.SQL@main] select next_val as id_val from hibernate_sequence for update 
2022-04-07 19:51:36.813 DEBUG [org.hibernate.SQL@main] update hibernate_sequence set next_val= ? where next_val=? 
2022-04-07 19:51:36.817 DEBUG [acme.framework.components.database.DatabaseUtil@main] Persisting entity UserAccount(username=consumer1) 
2022-04-07 19:51:36.818 DEBUG [org.hibernate.SQL@main] select next_val as id_val from hibernate_sequence for update 
2022-04-07 19:51:36.819 DEBUG [org.hibernate.SQL@main] update hibernate_sequence set next_val= ? where next_val=? 
2022-04-07 19:51:36.822 DEBUG [acme.framework.components.database.DatabaseUtil@main] Persisting entity UserAccount(username=patron4) 
2022-04-07 19:51:36.824 DEBUG [org.hibernate.SQL@main] select next_val as id_val from hibernate_sequence for update 
2022-04-07 19:51:36.825 DEBUG [org.hibernate.SQL@main] update hibernate_sequence set next_val= ? where next_val=? 
2022-04-07 19:51:36.828 DEBUG [acme.framework.components.database.DatabaseUtil@main] Persisting entity UserAccount(username=consumer2) 
2022-04-07 19:51:36.829 DEBUG [acme.framework.components.database.DatabasePopulator@main] Persising entities of clazz 'acme.roles.Inventor' 
2022-04-07 19:51:36.829 DEBUG [org.hibernate.SQL@main] select next_val as id_val from hibernate_sequence for update 
2022-04-07 19:51:36.830 DEBUG [org.hibernate.SQL@main] update hibernate_sequence set next_val= ? where next_val=? 
2022-04-07 19:51:36.833 DEBUG [acme.framework.components.database.DatabaseUtil@main] Persisting entity UserRole(userAccount=UserAccount(username=inventor2)) 
2022-04-07 19:51:36.833 DEBUG [org.hibernate.SQL@main] select next_val as id_val from hibernate_sequence for update 
2022-04-07 19:51:36.834 DEBUG [org.hibernate.SQL@main] update hibernate_sequence set next_val= ? where next_val=? 
2022-04-07 19:51:36.836 DEBUG [acme.framework.components.database.DatabaseUtil@main] Persisting entity UserRole(userAccount=UserAccount(username=inventor1)) 
2022-04-07 19:51:36.836 DEBUG [acme.framework.components.database.DatabasePopulator@main] Persising entities of clazz 'acme.entities.Item' 
2022-04-07 19:51:36.836 DEBUG [org.hibernate.SQL@main] select next_val as id_val from hibernate_sequence for update 
2022-04-07 19:51:36.837 DEBUG [org.hibernate.SQL@main] update hibernate_sequence set next_val= ? where next_val=? 
2022-04-07 19:51:36.839 DEBUG [acme.framework.components.database.DatabaseUtil@main] Persisting entity acme.entities.Item{id=19, version=0} 
2022-04-07 19:51:36.840 DEBUG [org.hibernate.SQL@main] select next_val as id_val from hibernate_sequence for update 
2022-04-07 19:51:36.841 DEBUG [org.hibernate.SQL@main] update hibernate_sequence set next_val= ? where next_val=? 
2022-04-07 19:51:36.844 DEBUG [acme.framework.components.database.DatabaseUtil@main] Persisting entity acme.entities.Item{id=20, version=0} 
2022-04-07 19:51:36.844 DEBUG [acme.framework.components.database.DatabasePopulator@main] Persising entities of clazz 'acme.roles.Consumer' 
2022-04-07 19:51:36.844 DEBUG [org.hibernate.SQL@main] select next_val as id_val from hibernate_sequence for update 
2022-04-07 19:51:36.845 DEBUG [org.hibernate.SQL@main] update hibernate_sequence set next_val= ? where next_val=? 
2022-04-07 19:51:36.847 DEBUG [acme.framework.components.database.DatabaseUtil@main] Persisting entity UserRole(userAccount=UserAccount(username=consumer2)) 
2022-04-07 19:51:36.848 DEBUG [org.hibernate.SQL@main] select next_val as id_val from hibernate_sequence for update 
2022-04-07 19:51:36.848 DEBUG [org.hibernate.SQL@main] update hibernate_sequence set next_val= ? where next_val=? 
2022-04-07 19:51:36.851 DEBUG [acme.framework.components.database.DatabaseUtil@main] Persisting entity UserRole(userAccount=UserAccount(username=consumer1)) 
2022-04-07 19:51:36.851 DEBUG [acme.framework.components.database.DatabasePopulator@main] Persising entities of clazz 'acme.entities.Announcement' 
2022-04-07 19:51:36.851 DEBUG [org.hibernate.SQL@main] select next_val as id_val from hibernate_sequence for update 
2022-04-07 19:51:36.852 DEBUG [org.hibernate.SQL@main] update hibernate_sequence set next_val= ? where next_val=? 
2022-04-07 19:51:36.854 DEBUG [acme.framework.components.database.DatabaseUtil@main] Persisting entity acme.entities.Announcement{id=23, version=0} 
2022-04-07 19:51:36.854 DEBUG [org.hibernate.SQL@main] select next_val as id_val from hibernate_sequence for update 
2022-04-07 19:51:36.855 DEBUG [org.hibernate.SQL@main] update hibernate_sequence set next_val= ? where next_val=? 
2022-04-07 19:51:36.857 DEBUG [acme.framework.components.database.DatabaseUtil@main] Persisting entity acme.entities.Announcement{id=24, version=0} 
2022-04-07 19:51:36.857 DEBUG [acme.framework.components.database.DatabasePopulator@main] Persising entities of clazz 'acme.entities.Toolkit' 
2022-04-07 19:51:36.858 DEBUG [org.hibernate.SQL@main] select next_val as id_val from hibernate_sequence for update 
2022-04-07 19:51:36.858 DEBUG [org.hibernate.SQL@main] update hibernate_sequence set next_val= ? where next_val=? 
2022-04-07 19:51:36.860 DEBUG [acme.framework.components.database.DatabaseUtil@main] Persisting entity acme.entities.Toolkit{id=25, version=0} 
2022-04-07 19:51:36.860 DEBUG [acme.framework.components.database.DatabasePopulator@main] Persising entities of clazz 'acme.framework.roles.Anonymous' 
2022-04-07 19:51:36.860 DEBUG [org.hibernate.SQL@main] select next_val as id_val from hibernate_sequence for update 
2022-04-07 19:51:36.861 DEBUG [org.hibernate.SQL@main] update hibernate_sequence set next_val= ? where next_val=? 
2022-04-07 19:51:36.863 DEBUG [acme.framework.components.database.DatabaseUtil@main] Persisting entity UserRole(userAccount=UserAccount(username=anonymous)) 
2022-04-07 19:51:36.863 DEBUG [acme.framework.components.database.DatabasePopulator@main] Persising entities of clazz 'acme.roles.Patron' 
2022-04-07 19:51:36.863 DEBUG [org.hibernate.SQL@main] select next_val as id_val from hibernate_sequence for update 
2022-04-07 19:51:36.863 DEBUG [org.hibernate.SQL@main] update hibernate_sequence set next_val= ? where next_val=? 
2022-04-07 19:51:36.865 DEBUG [acme.framework.components.database.DatabaseUtil@main] Persisting entity UserRole(userAccount=UserAccount(username=patron1)) 
2022-04-07 19:51:36.866 DEBUG [org.hibernate.SQL@main] select next_val as id_val from hibernate_sequence for update 
2022-04-07 19:51:36.866 DEBUG [org.hibernate.SQL@main] update hibernate_sequence set next_val= ? where next_val=? 
2022-04-07 19:51:36.872 DEBUG [acme.framework.components.database.DatabaseUtil@main] Persisting entity UserRole(userAccount=UserAccount(username=patron2)) 
2022-04-07 19:51:36.872 DEBUG [acme.framework.components.database.DatabasePopulator@main] Persising entities of clazz 'acme.entities.Chirp' 
2022-04-07 19:51:36.873 DEBUG [org.hibernate.SQL@main] select next_val as id_val from hibernate_sequence for update 
2022-04-07 19:51:36.874 DEBUG [org.hibernate.SQL@main] update hibernate_sequence set next_val= ? where next_val=? 
2022-04-07 19:51:36.879 DEBUG [acme.framework.components.database.DatabaseUtil@main] Persisting entity acme.entities.Chirp{id=29, version=0} 
2022-04-07 19:51:36.880 DEBUG [org.hibernate.SQL@main] select next_val as id_val from hibernate_sequence for update 
2022-04-07 19:51:36.881 DEBUG [org.hibernate.SQL@main] update hibernate_sequence set next_val= ? where next_val=? 
2022-04-07 19:51:36.884 DEBUG [acme.framework.components.database.DatabaseUtil@main] Persisting entity acme.entities.Chirp{id=30, version=0} 
2022-04-07 19:51:36.884 DEBUG [acme.framework.components.database.DatabasePopulator@main] Persising entities of clazz 'acme.framework.roles.Administrator' 
2022-04-07 19:51:36.885 DEBUG [org.hibernate.SQL@main] select next_val as id_val from hibernate_sequence for update 
2022-04-07 19:51:36.886 DEBUG [org.hibernate.SQL@main] update hibernate_sequence set next_val= ? where next_val=? 
2022-04-07 19:51:36.888 DEBUG [acme.framework.components.database.DatabaseUtil@main] Persisting entity UserRole(userAccount=UserAccount(username=administrator)) 
2022-04-07 19:51:36.889 DEBUG [acme.framework.components.database.DatabasePopulator@main] Persising entities of clazz 'acme.roles.Provider' 
2022-04-07 19:51:36.889 DEBUG [org.hibernate.SQL@main] select next_val as id_val from hibernate_sequence for update 
2022-04-07 19:51:36.890 DEBUG [org.hibernate.SQL@main] update hibernate_sequence set next_val= ? where next_val=? 
2022-04-07 19:51:36.892 DEBUG [acme.framework.components.database.DatabaseUtil@main] Persisting entity UserRole(userAccount=UserAccount(username=administrator)) 
2022-04-07 19:51:36.893 DEBUG [acme.framework.components.database.DatabaseUtil@main] Committing transaction '1337906940'. 
2022-04-07 19:51:36.925 DEBUG [org.hibernate.SQL@main] insert into user_account (version, enabled, identity, password, username, id) values (?, ?, ?, ?, ?, ?) 
2022-04-07 19:51:36.927 TRACE [org.hibernate.type.descriptor.sql.BasicBinder@main] binding parameter [1] as [INTEGER] - [0] 
2022-04-07 19:51:36.928 TRACE [org.hibernate.type.descriptor.sql.BasicBinder@main] binding parameter [2] as [BOOLEAN] - [false] 
2022-04-07 19:51:36.929 TRACE [org.hibernate.type.descriptor.sql.BasicBinder@main] binding parameter [3] as [BLOB] - [DefaultUserIdentity(name=John, surname=Doe, email=john.doe@acme.com)] 
2022-04-07 19:51:36.932 TRACE [org.hibernate.type.descriptor.sql.BasicBinder@main] binding parameter [4] as [VARCHAR] - [$2a$05$2sP5QiXdRRLUUdHKivOOJOURuRs5m8iace7cpf25bUTaW3iX0O2Nu] 
2022-04-07 19:51:36.932 TRACE [org.hibernate.type.descriptor.sql.BasicBinder@main] binding parameter [5] as [VARCHAR] - [anonymous] 
2022-04-07 19:51:36.932 TRACE [org.hibernate.type.descriptor.sql.BasicBinder@main] binding parameter [6] as [INTEGER] - [1] 
2022-04-07 19:51:36.938 DEBUG [org.hibernate.SQL@main] insert into user_account (version, enabled, identity, password, username, id) values (?, ?, ?, ?, ?, ?) 
2022-04-07 19:51:36.938 TRACE [org.hibernate.type.descriptor.sql.BasicBinder@main] binding parameter [1] as [INTEGER] - [0] 
2022-04-07 19:51:36.939 TRACE [org.hibernate.type.descriptor.sql.BasicBinder@main] binding parameter [2] as [BOOLEAN] - [true] 
2022-04-07 19:51:36.939 TRACE [org.hibernate.type.descriptor.sql.BasicBinder@main] binding parameter [3] as [BLOB] - [DefaultUserIdentity(name=patron, surname=2, email=patron@2.com)] 
2022-04-07 19:51:36.939 TRACE [org.hibernate.type.descriptor.sql.BasicBinder@main] binding parameter [4] as [VARCHAR] - [$2a$05$uVrI6EblbpBTrosOFmolWeEaG0mIWbIw6opSdhD2s/OsaUNKTOiIK] 
2022-04-07 19:51:36.939 TRACE [org.hibernate.type.descriptor.sql.BasicBinder@main] binding parameter [5] as [VARCHAR] - [patron2] 
2022-04-07 19:51:36.939 TRACE [org.hibernate.type.descriptor.sql.BasicBinder@main] binding parameter [6] as [INTEGER] - [2] 
2022-04-07 19:51:36.942 DEBUG [org.hibernate.SQL@main] insert into user_account (version, enabled, identity, password, username, id) values (?, ?, ?, ?, ?, ?) 
2022-04-07 19:51:36.943 TRACE [org.hibernate.type.descriptor.sql.BasicBinder@main] binding parameter [1] as [INTEGER] - [0] 
2022-04-07 19:51:36.943 TRACE [org.hibernate.type.descriptor.sql.BasicBinder@main] binding parameter [2] as [BOOLEAN] - [true] 
2022-04-07 19:51:36.943 TRACE [org.hibernate.type.descriptor.sql.BasicBinder@main] binding parameter [3] as [BLOB] - [DefaultUserIdentity(name=patron, surname=1, email=patron@1.com)] 
2022-04-07 19:51:36.944 TRACE [org.hibernate.type.descriptor.sql.BasicBinder@main] binding parameter [4] as [VARCHAR] - [$2a$05$sL72RBcdZo4fNj6Dya/EieVP1Rg5d54eLgVJyrpKjGD.nT0fWBkve] 
2022-04-07 19:51:36.944 TRACE [org.hibernate.type.descriptor.sql.BasicBinder@main] binding parameter [5] as [VARCHAR] - [patron1] 
2022-04-07 19:51:36.944 TRACE [org.hibernate.type.descriptor.sql.BasicBinder@main] binding parameter [6] as [INTEGER] - [3] 
2022-04-07 19:51:36.945 DEBUG [org.hibernate.SQL@main] insert into user_account (version, enabled, identity, password, username, id) values (?, ?, ?, ?, ?, ?) 
2022-04-07 19:51:36.946 TRACE [org.hibernate.type.descriptor.sql.BasicBinder@main] binding parameter [1] as [INTEGER] - [0] 
2022-04-07 19:51:36.946 TRACE [org.hibernate.type.descriptor.sql.BasicBinder@main] binding parameter [2] as [BOOLEAN] - [true] 
2022-04-07 19:51:36.946 TRACE [org.hibernate.type.descriptor.sql.BasicBinder@main] binding parameter [3] as [BLOB] - [DefaultUserIdentity(name=Administrator, surname=Acme, email=administrator@acme.com)] 
2022-04-07 19:51:36.946 TRACE [org.hibernate.type.descriptor.sql.BasicBinder@main] binding parameter [4] as [VARCHAR] - [$2a$05$pZQAzDokJVj8sEEsJbLCw.R33IcQVmyLBNmVV8bcaRqeW/UtEi4bi] 
2022-04-07 19:51:36.947 TRACE [org.hibernate.type.descriptor.sql.BasicBinder@main] binding parameter [5] as [VARCHAR] - [administrator] 
2022-04-07 19:51:36.947 TRACE [org.hibernate.type.descriptor.sql.BasicBinder@main] binding parameter [6] as [INTEGER] - [4] 
2022-04-07 19:51:36.949 DEBUG [org.hibernate.SQL@main] insert into user_account (version, enabled, identity, password, username, id) values (?, ?, ?, ?, ?, ?) 
2022-04-07 19:51:36.949 TRACE [org.hibernate.type.descriptor.sql.BasicBinder@main] binding parameter [1] as [INTEGER] - [0] 
2022-04-07 19:51:36.950 TRACE [org.hibernate.type.descriptor.sql.BasicBinder@main] binding parameter [2] as [BOOLEAN] - [true] 
2022-04-07 19:51:36.950 TRACE [org.hibernate.type.descriptor.sql.BasicBinder@main] binding parameter [3] as [BLOB] - [DefaultUserIdentity(name=inventor, surname=2, email=inventor@2.com)] 
2022-04-07 19:51:36.950 TRACE [org.hibernate.type.descriptor.sql.BasicBinder@main] binding parameter [4] as [VARCHAR] - [$2a$05$Z0t7Xbsmen8JfB/1nAAVeOTbx.VruCu3anrNvqTS37aEN/apMQz9m] 
2022-04-07 19:51:36.950 TRACE [org.hibernate.type.descriptor.sql.BasicBinder@main] binding parameter [5] as [VARCHAR] - [inventor2] 
2022-04-07 19:51:36.950 TRACE [org.hibernate.type.descriptor.sql.BasicBinder@main] binding parameter [6] as [INTEGER] - [5] 
2022-04-07 19:51:36.952 DEBUG [org.hibernate.SQL@main] insert into user_account (version, enabled, identity, password, username, id) values (?, ?, ?, ?, ?, ?) 
2022-04-07 19:51:36.952 TRACE [org.hibernate.type.descriptor.sql.BasicBinder@main] binding parameter [1] as [INTEGER] - [0] 
2022-04-07 19:51:36.952 TRACE [org.hibernate.type.descriptor.sql.BasicBinder@main] binding parameter [2] as [BOOLEAN] - [true] 
2022-04-07 19:51:36.952 TRACE [org.hibernate.type.descriptor.sql.BasicBinder@main] binding parameter [3] as [BLOB] - [DefaultUserIdentity(name=inventor, surname=1, email=inventor@1.com)] 
2022-04-07 19:51:36.952 TRACE [org.hibernate.type.descriptor.sql.BasicBinder@main] binding parameter [4] as [VARCHAR] - [$2a$05$eL23OUfumIR3pV5y4mLQ0eNCFpcjXUdp95WRk.JEB5tQAHtWkw31K] 
2022-04-07 19:51:36.953 TRACE [org.hibernate.type.descriptor.sql.BasicBinder@main] binding parameter [5] as [VARCHAR] - [inventor1] 
2022-04-07 19:51:36.953 TRACE [org.hibernate.type.descriptor.sql.BasicBinder@main] binding parameter [6] as [INTEGER] - [6] 
2022-04-07 19:51:36.954 DEBUG [org.hibernate.SQL@main] insert into user_account (version, enabled, identity, password, username, id) values (?, ?, ?, ?, ?, ?) 
2022-04-07 19:51:36.954 TRACE [org.hibernate.type.descriptor.sql.BasicBinder@main] binding parameter [1] as [INTEGER] - [0] 
2022-04-07 19:51:36.955 TRACE [org.hibernate.type.descriptor.sql.BasicBinder@main] binding parameter [2] as [BOOLEAN] - [true] 
2022-04-07 19:51:36.955 TRACE [org.hibernate.type.descriptor.sql.BasicBinder@main] binding parameter [3] as [BLOB] - [DefaultUserIdentity(name=P1, surname=Acme, email=p1@acme.com)] 
2022-04-07 19:51:36.955 TRACE [org.hibernate.type.descriptor.sql.BasicBinder@main] binding parameter [4] as [VARCHAR] - [$2a$05$IctHVwx/iPaTX3BoyYCY8e0qQ0aRlY63..LcU.quaEaEMpXl./SS6] 
2022-04-07 19:51:36.955 TRACE [org.hibernate.type.descriptor.sql.BasicBinder@main] binding parameter [5] as [VARCHAR] - [patron1] 
2022-04-07 19:51:36.955 TRACE [org.hibernate.type.descriptor.sql.BasicBinder@main] binding parameter [6] as [INTEGER] - [7] 
2022-04-07 19:51:36.975 WARN  [org.hibernate.engine.jdbc.spi.SqlExceptionHelper@main] SQL Error: 1062, SQLState: 23000 
2022-04-07 19:51:36.975 ERROR [org.hibernate.engine.jdbc.spi.SqlExceptionHelper@main] Duplicate entry 'patron1' for key 'UK_castjbvpeeus0r8lbpehiu0e4' 
2022-04-07 19:51:36.993 ERROR [acme.Launcher@main] acme.framework.components.database.DatabaseUtil.rollbackTransaction(DatabaseUtil.java:112): java.lang.AssertionError 
2022-04-07 19:51:36.993 INFO  [acme.Launcher@main] The application log provides additional debugging messages! 
2022-04-07 19:51:38.213 INFO  [acme.framework.configuration.ShutdownConfiguration@main] The system is shutting down... 
2022-04-07 19:51:38.234 DEBUG [acme.Launcher@main] Exit code = 0 
